('algorithm', 'FedAVG')
('gpu', 0)
('seed', 13)
('save_dir', './record/')
('rounds2', 450)
('local_ep', 5)
('frac2', 0.1)
('num_users', 100)
('local_bs', 32)
('lr', 0.01)
('model', 'resnet18')
('num_classes', 10)
('level_n_system', 1.0)
('level_n_lowerb', 0.3)
('alpha_dirichlet', 10)
('non_iid_prob_class', 0.9)
('dataset', 'cifar10')
('iid', True)
('LID_k', 20)
('iteration1', 5)
('rounds1', 200)
('frac1', 0.01)
('pretrained', False)
('mixup', False)
('alpha', 1)
('beta', 5)
('relabel_ratio', 0.5)
('confidence_thres', 0.5)
('clean_set_thres', 0.1)
('fine_tuning', True)
('correction', True)
('T_pl', 100)
('lambda_cen', 1.0)
('lambda_e', 0.8)
('num_gradual', 10)
('forget_rate', 0.2)
('lr_decay', 0.1)
('schedule', [])
('momentum', 0.5)
('weight_decay', 0.0001)
('feature_dim', 128)
('plr', 0.01)
('lamda', 15)
('K', 5)
('gamma', 1)
('begin_sel', 10)
('max_beta', 2)
('mu', 0.01)
('device', device(type='cuda', index=0))
Files already downloaded and verified
Files already downloaded and verified
Client 0, noise level: 0.7877 (0.7089), real noise ratio: 0.6940
Client 1, noise level: 0.9742 (0.8768), real noise ratio: 0.8800
Client 2, noise level: 0.4944 (0.4450), real noise ratio: 0.4620
Client 3, noise level: 0.4635 (0.4172), real noise ratio: 0.3680
Client 4, noise level: 0.8920 (0.8028), real noise ratio: 0.8240
Client 5, noise level: 0.4569 (0.4113), real noise ratio: 0.4480
Client 6, noise level: 0.7822 (0.7040), real noise ratio: 0.7080
Client 7, noise level: 0.4074 (0.3667), real noise ratio: 0.3420
Client 8, noise level: 0.4425 (0.3983), real noise ratio: 0.4080
Client 9, noise level: 0.3473 (0.3126), real noise ratio: 0.3160
Client 10, noise level: 0.8246 (0.7422), real noise ratio: 0.7180
Client 11, noise level: 0.4261 (0.3835), real noise ratio: 0.4320
Client 12, noise level: 0.3870 (0.3483), real noise ratio: 0.3280
Client 13, noise level: 0.4574 (0.4116), real noise ratio: 0.4300
Client 14, noise level: 0.4956 (0.4461), real noise ratio: 0.4460
Client 15, noise level: 0.3237 (0.2913), real noise ratio: 0.3140
Client 16, noise level: 0.4781 (0.4303), real noise ratio: 0.4040
Client 17, noise level: 0.7682 (0.6914), real noise ratio: 0.6940
Client 18, noise level: 0.8319 (0.7487), real noise ratio: 0.7400
Client 19, noise level: 0.4582 (0.4124), real noise ratio: 0.3980
Client 20, noise level: 0.7283 (0.6555), real noise ratio: 0.6840
Client 21, noise level: 0.9386 (0.8447), real noise ratio: 0.8720
Client 22, noise level: 0.6791 (0.6112), real noise ratio: 0.6080
Client 23, noise level: 0.5618 (0.5056), real noise ratio: 0.4800
Client 24, noise level: 0.3092 (0.2783), real noise ratio: 0.2900
Client 25, noise level: 0.8805 (0.7925), real noise ratio: 0.8000
Client 26, noise level: 0.8716 (0.7844), real noise ratio: 0.8040
Client 27, noise level: 0.3558 (0.3202), real noise ratio: 0.3220
Client 28, noise level: 0.4202 (0.3782), real noise ratio: 0.3900
Client 29, noise level: 0.8867 (0.7980), real noise ratio: 0.8080
Client 30, noise level: 0.6949 (0.6254), real noise ratio: 0.5960
Client 31, noise level: 0.5448 (0.4904), real noise ratio: 0.4960
Client 32, noise level: 0.4015 (0.3614), real noise ratio: 0.3260
Client 33, noise level: 0.3690 (0.3321), real noise ratio: 0.3780
Client 34, noise level: 0.6921 (0.6229), real noise ratio: 0.6300
Client 35, noise level: 0.7970 (0.7173), real noise ratio: 0.6920
Client 36, noise level: 0.9656 (0.8690), real noise ratio: 0.8780
Client 37, noise level: 0.8236 (0.7413), real noise ratio: 0.7300
Client 38, noise level: 0.5606 (0.5045), real noise ratio: 0.5300
Client 39, noise level: 0.8309 (0.7478), real noise ratio: 0.7600
Client 40, noise level: 0.3498 (0.3148), real noise ratio: 0.3100
Client 41, noise level: 0.7353 (0.6618), real noise ratio: 0.6260
Client 42, noise level: 0.8045 (0.7240), real noise ratio: 0.7380
Client 43, noise level: 0.3293 (0.2963), real noise ratio: 0.3200
Client 44, noise level: 0.5767 (0.5190), real noise ratio: 0.5300
Client 45, noise level: 0.4129 (0.3716), real noise ratio: 0.3660
Client 46, noise level: 0.4933 (0.4439), real noise ratio: 0.4580
Client 47, noise level: 0.4586 (0.4127), real noise ratio: 0.4080
Client 48, noise level: 0.5133 (0.4620), real noise ratio: 0.4240
Client 49, noise level: 0.3954 (0.3558), real noise ratio: 0.3820
Client 50, noise level: 0.7860 (0.7074), real noise ratio: 0.6780
Client 51, noise level: 0.3370 (0.3033), real noise ratio: 0.3080
Client 52, noise level: 0.7070 (0.6363), real noise ratio: 0.6400
Client 53, noise level: 0.4258 (0.3832), real noise ratio: 0.4180
Client 54, noise level: 0.6547 (0.5892), real noise ratio: 0.6260
Client 55, noise level: 0.4971 (0.4474), real noise ratio: 0.4580
Client 56, noise level: 0.5591 (0.5031), real noise ratio: 0.4660
Client 57, noise level: 0.6532 (0.5879), real noise ratio: 0.5760
Client 58, noise level: 0.3856 (0.3471), real noise ratio: 0.3960
Client 59, noise level: 0.3915 (0.3523), real noise ratio: 0.3400
Client 60, noise level: 0.8911 (0.8020), real noise ratio: 0.7800
Client 61, noise level: 0.5745 (0.5171), real noise ratio: 0.4960
Client 62, noise level: 0.4187 (0.3768), real noise ratio: 0.4040
Client 63, noise level: 0.8608 (0.7747), real noise ratio: 0.7720
Client 64, noise level: 0.9371 (0.8434), real noise ratio: 0.8160
Client 65, noise level: 0.8807 (0.7926), real noise ratio: 0.7720
Client 66, noise level: 0.7998 (0.7199), real noise ratio: 0.7320
Client 67, noise level: 0.3696 (0.3326), real noise ratio: 0.3200
Client 68, noise level: 0.9393 (0.8454), real noise ratio: 0.8620
Client 69, noise level: 0.7046 (0.6341), real noise ratio: 0.6700
Client 70, noise level: 0.9302 (0.8372), real noise ratio: 0.8520
Client 71, noise level: 0.6945 (0.6250), real noise ratio: 0.6360
Client 72, noise level: 0.3069 (0.2762), real noise ratio: 0.2960
Client 73, noise level: 0.9960 (0.8964), real noise ratio: 0.9280
Client 74, noise level: 0.3927 (0.3534), real noise ratio: 0.3880
Client 75, noise level: 0.7848 (0.7064), real noise ratio: 0.6780
Client 76, noise level: 0.5340 (0.4806), real noise ratio: 0.5100
Client 77, noise level: 0.4261 (0.3835), real noise ratio: 0.3820
Client 78, noise level: 0.3984 (0.3586), real noise ratio: 0.3880
Client 79, noise level: 0.7685 (0.6916), real noise ratio: 0.7060
Client 80, noise level: 0.5127 (0.4614), real noise ratio: 0.4480
Client 81, noise level: 0.7296 (0.6566), real noise ratio: 0.6580
Client 82, noise level: 0.9549 (0.8594), real noise ratio: 0.8400
Client 83, noise level: 0.4420 (0.3978), real noise ratio: 0.4140
Client 84, noise level: 0.3837 (0.3454), real noise ratio: 0.3060
Client 85, noise level: 0.5745 (0.5171), real noise ratio: 0.4940
Client 86, noise level: 0.7862 (0.7076), real noise ratio: 0.7280
Client 87, noise level: 0.9615 (0.8653), real noise ratio: 0.8620
Client 88, noise level: 0.4144 (0.3729), real noise ratio: 0.3720
Client 89, noise level: 0.6211 (0.5590), real noise ratio: 0.5340
Client 90, noise level: 0.4952 (0.4457), real noise ratio: 0.4620
Client 91, noise level: 0.4432 (0.3989), real noise ratio: 0.3880
Client 92, noise level: 0.5158 (0.4643), real noise ratio: 0.4780
Client 93, noise level: 0.8569 (0.7712), real noise ratio: 0.7440
Client 94, noise level: 0.3650 (0.3285), real noise ratio: 0.3500
Client 95, noise level: 0.9083 (0.8175), real noise ratio: 0.8220
Client 96, noise level: 0.8836 (0.7952), real noise ratio: 0.8120
Client 97, noise level: 0.7773 (0.6995), real noise ratio: 0.6780
Client 98, noise level: 0.5071 (0.4564), real noise ratio: 0.4200
Client 99, noise level: 0.4163 (0.3747), real noise ratio: 0.4020
Round 0 global test acc  17.8200
Round 1 global test acc  25.1400
Round 2 global test acc  30.0600
Round 3 global test acc  35.6500
Round 4 global test acc  37.0600
Round 5 global test acc  37.2900
Round 6 global test acc  41.5600
Round 7 global test acc  40.0900
Round 8 global test acc  41.3800
Round 9 global test acc  41.4000
Round 10 global test acc  44.6300
Round 11 global test acc  45.3500
Round 12 global test acc  44.5300
Round 13 global test acc  46.0200
Round 14 global test acc  46.5600
Round 15 global test acc  46.6900
Round 16 global test acc  45.4200
Round 17 global test acc  45.0600
Round 18 global test acc  44.8300
Round 19 global test acc  46.6200
Round 20 global test acc  45.7400
Round 21 global test acc  46.4400
Round 22 global test acc  42.6400
Round 23 global test acc  46.3300
Round 24 global test acc  48.5700
Round 25 global test acc  47.0800
Round 26 global test acc  43.1400
Round 27 global test acc  45.7500
Round 28 global test acc  44.8900
Round 29 global test acc  44.8700
Round 30 global test acc  43.1000
Round 31 global test acc  46.5300
Round 32 global test acc  47.1500
Round 33 global test acc  47.1000
Round 34 global test acc  43.1100
Round 35 global test acc  48.1700
Round 36 global test acc  47.6000
Round 37 global test acc  47.4200
Round 38 global test acc  45.5500
Round 39 global test acc  44.1100
Round 40 global test acc  47.2900
Round 41 global test acc  48.4300
Round 42 global test acc  49.9700
Round 43 global test acc  45.7400
Round 44 global test acc  49.2700
Round 45 global test acc  44.1600
Round 46 global test acc  47.0600
Round 47 global test acc  48.5400
Round 48 global test acc  48.6400
Round 49 global test acc  49.5100
Round 50 global test acc  47.7800
Round 51 global test acc  46.5500
Round 52 global test acc  45.9600
Round 53 global test acc  46.1200
Round 54 global test acc  43.4600
Round 55 global test acc  45.5300
Round 56 global test acc  40.9400
Round 57 global test acc  48.1700
Round 58 global test acc  43.7300
Round 59 global test acc  47.9700
Round 60 global test acc  48.7600
Round 61 global test acc  45.6600
Round 62 global test acc  47.4700
Round 63 global test acc  48.5200
Round 64 global test acc  47.0600
Round 65 global test acc  43.0600
Round 66 global test acc  46.5700
Round 67 global test acc  46.5200
Round 68 global test acc  49.5500
Round 69 global test acc  49.0100
Round 70 global test acc  48.8700
Round 71 global test acc  47.2400
Round 72 global test acc  50.4300
Round 73 global test acc  42.8900
Round 74 global test acc  47.2900
Round 75 global test acc  48.3500
Round 76 global test acc  44.8700
Round 77 global test acc  45.9400
Round 78 global test acc  49.1900
Round 79 global test acc  46.4000
Round 80 global test acc  46.8500
Round 81 global test acc  46.4100
Round 82 global test acc  46.2900
Round 83 global test acc  46.9100
Round 84 global test acc  47.9500
Round 85 global test acc  47.9000
Round 86 global test acc  48.7000
Round 87 global test acc  43.9600
Round 88 global test acc  45.4000
Round 89 global test acc  45.1400
Round 90 global test acc  50.0300
Round 91 global test acc  47.8700
Round 92 global test acc  43.6500
Round 93 global test acc  46.1000
Round 94 global test acc  49.4200
Round 95 global test acc  45.2100
Round 96 global test acc  48.3300
Round 97 global test acc  47.5700
Round 98 global test acc  45.6200
Round 99 global test acc  46.8300
Round 100 global test acc  47.5900
Round 101 global test acc  45.4300
Round 102 global test acc  45.0900
Round 103 global test acc  49.6400
Round 104 global test acc  51.3600
Round 105 global test acc  44.6000
Round 106 global test acc  47.6900
Round 107 global test acc  47.0700
Round 108 global test acc  45.7700
Round 109 global test acc  46.9000
Round 110 global test acc  50.2700
Round 111 global test acc  50.6700
Round 112 global test acc  44.7300
Round 113 global test acc  48.8900
Round 114 global test acc  48.8800
Round 115 global test acc  47.3900
Round 116 global test acc  45.6800
Round 117 global test acc  45.5400
Round 118 global test acc  45.1300
Round 119 global test acc  46.0400
Round 120 global test acc  44.9100
Round 121 global test acc  46.9000
Round 122 global test acc  47.6000
Round 123 global test acc  49.4800
Round 124 global test acc  40.0700
Round 125 global test acc  48.2100
Round 126 global test acc  48.0900
Round 127 global test acc  47.5000
Round 128 global test acc  44.9600
Round 129 global test acc  41.8900
Round 130 global test acc  43.6100
Round 131 global test acc  42.7300
Round 132 global test acc  45.3400
Round 133 global test acc  48.1700
Round 134 global test acc  45.5800
Round 135 global test acc  48.5200
Round 136 global test acc  48.5900
Round 137 global test acc  47.2800
Round 138 global test acc  45.5800
Round 139 global test acc  47.5300
Round 140 global test acc  44.9300
Round 141 global test acc  46.7000
Round 142 global test acc  45.8200
Round 143 global test acc  47.9400
Round 144 global test acc  42.7600
Round 145 global test acc  45.4700
Round 146 global test acc  49.2600
Round 147 global test acc  48.1400
Round 148 global test acc  41.7200
Round 149 global test acc  45.8000
Round 150 global test acc  44.0600
Round 151 global test acc  41.6400
Round 152 global test acc  43.4300
Round 153 global test acc  47.4800
Round 154 global test acc  42.7600
Round 155 global test acc  45.5800
Round 156 global test acc  45.1000
Round 157 global test acc  44.4900
Round 158 global test acc  46.9700
Round 159 global test acc  49.5200
Round 160 global test acc  44.3000
Round 161 global test acc  46.4700
Round 162 global test acc  38.4000
Round 163 global test acc  46.3100
Round 164 global test acc  38.0200
Round 165 global test acc  40.9500
Round 166 global test acc  44.2900
Round 167 global test acc  46.2500
Round 168 global test acc  47.2300
Round 169 global test acc  49.5700
Round 170 global test acc  47.0500
Round 171 global test acc  41.7600
Round 172 global test acc  45.3700
Round 173 global test acc  41.5300
Round 174 global test acc  46.4200
Round 175 global test acc  46.6300
Round 176 global test acc  47.3300
Round 177 global test acc  45.9300
Round 178 global test acc  48.0200
Round 179 global test acc  44.6300
Round 180 global test acc  44.8700
Round 181 global test acc  47.7400
Round 182 global test acc  46.6100
Round 183 global test acc  47.5600
Round 184 global test acc  47.7800
Round 185 global test acc  47.8100
Round 186 global test acc  45.8900
Round 187 global test acc  41.7200
Round 188 global test acc  42.1700
Round 189 global test acc  46.2100
Round 190 global test acc  48.8000
Round 191 global test acc  47.6200
Round 192 global test acc  39.7900
Round 193 global test acc  43.2800
Round 194 global test acc  38.4500
Round 195 global test acc  42.0700
Round 196 global test acc  44.8400
Round 197 global test acc  42.3900
Round 198 global test acc  48.8300
Round 199 global test acc  47.5500
Round 200 global test acc  48.8800
Round 201 global test acc  46.7300
Round 202 global test acc  44.9400
Round 203 global test acc  48.1700
Round 204 global test acc  45.8800
Round 205 global test acc  45.5100
Round 206 global test acc  42.8700
Round 207 global test acc  48.4600
Round 208 global test acc  45.1300
Round 209 global test acc  46.7600
Round 210 global test acc  45.4600
Round 211 global test acc  44.5500
Round 212 global test acc  44.8200
Round 213 global test acc  41.8300
Round 214 global test acc  50.7400
Round 215 global test acc  47.7900
Round 216 global test acc  46.6700
Round 217 global test acc  45.9900
Round 218 global test acc  42.7400
Round 219 global test acc  44.4400
Round 220 global test acc  48.9700
Round 221 global test acc  45.0000
Round 222 global test acc  38.7600
Round 223 global test acc  41.1900
Round 224 global test acc  46.1300
Round 225 global test acc  45.4900
Round 226 global test acc  49.6300
Round 227 global test acc  42.9800
Round 228 global test acc  48.3200
Round 229 global test acc  46.4500
Round 230 global test acc  43.2200
Round 231 global test acc  41.7600
Round 232 global test acc  43.1700
Round 233 global test acc  44.0500
Round 234 global test acc  43.9100
Round 235 global test acc  47.4200
Round 236 global test acc  48.4000
Round 237 global test acc  45.2200
Round 238 global test acc  40.9500
Round 239 global test acc  45.1200
Round 240 global test acc  44.4500
Round 241 global test acc  40.2400
Round 242 global test acc  43.9700
Round 243 global test acc  46.9700
Round 244 global test acc  44.7700
Round 245 global test acc  47.9500
Round 246 global test acc  43.0300
Round 247 global test acc  48.1600
Round 248 global test acc  44.3800
Round 249 global test acc  42.6100
Round 250 global test acc  44.2200
Round 251 global test acc  48.6500
Round 252 global test acc  45.1400
Round 253 global test acc  45.1300
Round 254 global test acc  45.5000
Round 255 global test acc  42.4500
Round 256 global test acc  40.7000
Round 257 global test acc  45.5600
Round 258 global test acc  43.9400
Round 259 global test acc  41.8900
Round 260 global test acc  41.0000
Round 261 global test acc  46.2400
Round 262 global test acc  43.5200
Round 263 global test acc  48.7500
Round 264 global test acc  44.6100
Round 265 global test acc  48.9700
Round 266 global test acc  47.6300
Round 267 global test acc  46.5600
Round 268 global test acc  46.2400
Round 269 global test acc  47.5000
Round 270 global test acc  44.7000
Round 271 global test acc  41.7700
Round 272 global test acc  45.4600
Round 273 global test acc  45.7100
Round 274 global test acc  42.6200
Round 275 global test acc  48.3000
Round 276 global test acc  43.2800
Round 277 global test acc  43.6300
Round 278 global test acc  38.9600
Round 279 global test acc  44.1600
Round 280 global test acc  44.4300
Round 281 global test acc  46.8000
Round 282 global test acc  41.7300
Round 283 global test acc  46.3100
Round 284 global test acc  47.6600
Round 285 global test acc  45.4000
Round 286 global test acc  42.4600
Round 287 global test acc  43.9600
Round 288 global test acc  47.5000
Round 289 global test acc  43.9200
Round 290 global test acc  47.4200
Round 291 global test acc  42.8300
Round 292 global test acc  46.1300
Round 293 global test acc  40.6000
Round 294 global test acc  40.8900
Round 295 global test acc  41.8100
Round 296 global test acc  43.2400
Round 297 global test acc  46.0300
Round 298 global test acc  44.8700
Round 299 global test acc  44.6300
Round 300 global test acc  42.0100
Round 301 global test acc  41.2600
Round 302 global test acc  47.4800
Round 303 global test acc  44.9700
Round 304 global test acc  42.4900
Round 305 global test acc  37.9900
Round 306 global test acc  44.1200
Round 307 global test acc  45.6500
Round 308 global test acc  46.4200
Round 309 global test acc  46.7300
Round 310 global test acc  43.3600
Round 311 global test acc  45.5200
Round 312 global test acc  46.7100
Round 313 global test acc  47.7000
Round 314 global test acc  44.2100
Round 315 global test acc  42.4400
Round 316 global test acc  44.1200
Round 317 global test acc  46.5100
Round 318 global test acc  48.1400
Round 319 global test acc  46.8600
Round 320 global test acc  43.6700
Round 321 global test acc  39.4500
Round 322 global test acc  44.9700
Round 323 global test acc  43.4600
Round 324 global test acc  46.6800
Round 325 global test acc  47.0500
Round 326 global test acc  45.8100
Round 327 global test acc  47.1000
Round 328 global test acc  44.2600
Round 329 global test acc  44.3400
Round 330 global test acc  44.7200
Round 331 global test acc  42.3800
Round 332 global test acc  41.2900
Round 333 global test acc  45.6300
Round 334 global test acc  46.9200
Round 335 global test acc  47.1600
Round 336 global test acc  46.0000
Round 337 global test acc  36.9800
Round 338 global test acc  41.5700
Round 339 global test acc  39.7000
Round 340 global test acc  41.8300
Round 341 global test acc  46.9000
Round 342 global test acc  46.7500
Round 343 global test acc  45.3400
Round 344 global test acc  46.9900
Round 345 global test acc  46.0600
Round 346 global test acc  44.9000
Round 347 global test acc  43.2500
Round 348 global test acc  44.3800
Round 349 global test acc  44.9800
Round 350 global test acc  41.8400
Round 351 global test acc  41.5000
Round 352 global test acc  41.5400
Round 353 global test acc  40.4700
Round 354 global test acc  40.8900
Round 355 global test acc  40.4700
Round 356 global test acc  41.2900
Round 357 global test acc  42.3900
Round 358 global test acc  47.2800
Round 359 global test acc  47.0200
Round 360 global test acc  45.8400
Round 361 global test acc  45.8200
Round 362 global test acc  44.0000
Round 363 global test acc  46.5000
Round 364 global test acc  41.3100
Round 365 global test acc  39.5500
Round 366 global test acc  38.0200
Round 367 global test acc  41.1900
Round 368 global test acc  46.4200
Round 369 global test acc  47.0900
Round 370 global test acc  39.8000
Round 371 global test acc  43.2100
Round 372 global test acc  48.2000
Round 373 global test acc  45.6800
Round 374 global test acc  44.8900
Round 375 global test acc  41.6700
Round 376 global test acc  40.5700
Round 377 global test acc  40.6200
Round 378 global test acc  43.7000
Round 379 global test acc  38.0500
Round 380 global test acc  44.0200
Round 381 global test acc  39.8100
Round 382 global test acc  44.0500
Round 383 global test acc  49.1900
Round 384 global test acc  43.6000
Round 385 global test acc  44.8800
Round 386 global test acc  45.9400
Round 387 global test acc  46.2300
Round 388 global test acc  42.1700
Round 389 global test acc  41.8000
Round 390 global test acc  44.3500
Round 391 global test acc  43.4300
Round 392 global test acc  39.2800
Round 393 global test acc  41.2600
Round 394 global test acc  42.5900
Round 395 global test acc  44.5700
Round 396 global test acc  42.5900
Round 397 global test acc  42.1600
Round 398 global test acc  41.6600
Round 399 global test acc  45.9000
Round 400 global test acc  47.2500
Round 401 global test acc  43.5400
Round 402 global test acc  41.5000
Round 403 global test acc  41.7100
Round 404 global test acc  40.1600
Round 405 global test acc  42.5200
Round 406 global test acc  39.0600
Round 407 global test acc  44.8300
Round 408 global test acc  40.1800
Round 409 global test acc  46.2000
Round 410 global test acc  40.8100
Round 411 global test acc  44.1100
Round 412 global test acc  42.2700
Round 413 global test acc  37.1400
Round 414 global test acc  41.8900
Round 415 global test acc  40.7400
Round 416 global test acc  42.3700
Round 417 global test acc  42.3200
Round 418 global test acc  44.4700
Round 419 global test acc  45.9500
Round 420 global test acc  40.1300
Round 421 global test acc  41.7200
Round 422 global test acc  42.0300
Round 423 global test acc  38.9100
Round 424 global test acc  41.2400
Round 425 global test acc  40.9300
Round 426 global test acc  40.0100
Round 427 global test acc  43.2600
Round 428 global test acc  44.7900
Round 429 global test acc  42.2300
Round 430 global test acc  43.4500
Round 431 global test acc  42.9400
Round 432 global test acc  40.2500
Round 433 global test acc  40.8000
Round 434 global test acc  43.2400
Round 435 global test acc  47.2400
Round 436 global test acc  42.6000
Round 437 global test acc  41.0800
Round 438 global test acc  40.2500
Round 439 global test acc  39.3800
Round 440 global test acc  43.2300
Round 441 global test acc  45.8300
Round 442 global test acc  42.6300
Round 443 global test acc  40.8100
Round 444 global test acc  42.5300
Round 445 global test acc  38.9800
Round 446 global test acc  42.2600
Round 447 global test acc  42.3800
Round 448 global test acc  47.5100
Round 449 global test acc  46.7500
time : 11379.421184301376
