('algorithm', 'FedTwin')
('gpu', 3)
('seed', 13)
('save_dir', './record/')
('rounds2', 450)
('local_ep', 5)
('frac2', 0.2)
('num_users', 50)
('local_bs', 32)
('lr', 0.01)
('model', 'resnet34')
('num_classes', 10)
('level_n_system', 1.0)
('level_n_lowerb', 0.5)
('alpha_dirichlet', 10)
('non_iid_prob_class', 0.7)
('dataset', 'cifar100')
('iid', True)
('LID_k', 20)
('iteration1', 5)
('rounds1', 200)
('frac1', 0.01)
('pretrained', False)
('mixup', False)
('alpha', 1)
('beta', 5)
('relabel_ratio', 0.5)
('confidence_thres', 0.5)
('clean_set_thres', 0.1)
('fine_tuning', True)
('correction', True)
('T_pl', 100)
('lambda_cen', 1.0)
('lambda_e', 0.8)
('num_gradual', 10)
('forget_rate', 0.2)
('lr_decay', 0.1)
('schedule', [])
('momentum', 0.5)
('weight_decay', 0.0001)
('feature_dim', 128)
('plr', 0.01)
('lamda', 15)
('K', 5)
('gamma', 1)
('begin_sel', 10)
('max_beta', 2.0)
('mu', 0.01)
('device', device(type='cuda', index=3))
Files already downloaded and verified
Files already downloaded and verified
Client 0, noise level: 0.8430 (0.7587), real noise ratio: 0.8330
Client 1, noise level: 0.7741 (0.6967), real noise ratio: 0.7700
Client 2, noise level: 0.5690 (0.5121), real noise ratio: 0.5770
Client 3, noise level: 0.5494 (0.4944), real noise ratio: 0.5350
Client 4, noise level: 0.6228 (0.5605), real noise ratio: 0.6260
Client 5, noise level: 0.5759 (0.5183), real noise ratio: 0.5840
Client 6, noise level: 0.9630 (0.8667), real noise ratio: 0.9630
Client 7, noise level: 0.8401 (0.7560), real noise ratio: 0.8290
Client 8, noise level: 0.6188 (0.5569), real noise ratio: 0.6120
Client 9, noise level: 0.7844 (0.7060), real noise ratio: 0.7640
Client 10, noise level: 0.7783 (0.7005), real noise ratio: 0.7620
Client 11, noise level: 0.5364 (0.4827), real noise ratio: 0.5430
Client 12, noise level: 0.9199 (0.8279), real noise ratio: 0.9240
Client 13, noise level: 0.7027 (0.6324), real noise ratio: 0.7000
Client 14, noise level: 0.5724 (0.5152), real noise ratio: 0.5570
Client 15, noise level: 0.5955 (0.5359), real noise ratio: 0.5770
Client 16, noise level: 0.7453 (0.6708), real noise ratio: 0.7290
Client 17, noise level: 0.8560 (0.7704), real noise ratio: 0.8480
Client 18, noise level: 0.9925 (0.8932), real noise ratio: 0.9830
Client 19, noise level: 0.9374 (0.8437), real noise ratio: 0.9350
Client 20, noise level: 0.7495 (0.6746), real noise ratio: 0.7250
Client 21, noise level: 0.5534 (0.4981), real noise ratio: 0.5530
Client 22, noise level: 0.9566 (0.8609), real noise ratio: 0.9490
Client 23, noise level: 0.6825 (0.6142), real noise ratio: 0.6600
Client 24, noise level: 0.6133 (0.5520), real noise ratio: 0.6220
Client 25, noise level: 0.9362 (0.8426), real noise ratio: 0.9310
Client 26, noise level: 0.5682 (0.5114), real noise ratio: 0.5290
Client 27, noise level: 0.6182 (0.5564), real noise ratio: 0.6160
Client 28, noise level: 0.7977 (0.7179), real noise ratio: 0.7980
Client 29, noise level: 0.7820 (0.7038), real noise ratio: 0.7620
Client 30, noise level: 0.9795 (0.8815), real noise ratio: 0.9700
Client 31, noise level: 0.7266 (0.6540), real noise ratio: 0.7140
Client 32, noise level: 0.5645 (0.5080), real noise ratio: 0.5640
Client 33, noise level: 0.8803 (0.7923), real noise ratio: 0.8860
Client 34, noise level: 0.6008 (0.5407), real noise ratio: 0.6220
Client 35, noise level: 0.5879 (0.5291), real noise ratio: 0.5410
Client 36, noise level: 0.7186 (0.6467), real noise ratio: 0.7070
Client 37, noise level: 0.6701 (0.6031), real noise ratio: 0.6600
Client 38, noise level: 0.9836 (0.8853), real noise ratio: 0.9780
Client 39, noise level: 0.5715 (0.5144), real noise ratio: 0.5580
Client 40, noise level: 0.9223 (0.8301), real noise ratio: 0.9200
Client 41, noise level: 0.8347 (0.7512), real noise ratio: 0.8180
Client 42, noise level: 0.5547 (0.4992), real noise ratio: 0.5540
Client 43, noise level: 0.5441 (0.4897), real noise ratio: 0.5330
Client 44, noise level: 0.9832 (0.8849), real noise ratio: 0.9730
Client 45, noise level: 0.5971 (0.5374), real noise ratio: 0.5900
Client 46, noise level: 0.5410 (0.4869), real noise ratio: 0.5310
Client 47, noise level: 0.6347 (0.5712), real noise ratio: 0.6270
Client 48, noise level: 0.8251 (0.7426), real noise ratio: 0.8340
Client 49, noise level: 0.7734 (0.6960), real noise ratio: 0.7870

Rounds 0 early training:
Round 0 train loss  3.3771
Round 0 global test acc  0.9400 


Rounds 1 early training:
Round 1 train loss  3.5699
Round 1 global test acc  1.0700 


Rounds 2 early training:
Round 2 train loss  2.9153
Round 2 global test acc  1.7700 


Rounds 3 early training:
Round 3 train loss  0.7926
Round 3 global test acc  1.9000 


Rounds 4 early training:
Round 4 train loss  -1.8765
Round 4 global test acc  1.6400 


Rounds 5 early training:
Round 5 train loss  -5.5295
Round 5 global test acc  1.8900 


Rounds 6 early training:
Round 6 train loss  -9.2014
Round 6 global test acc  2.0400 


Rounds 7 early training:
Round 7 train loss  -11.9998
Round 7 global test acc  4.4400 


Rounds 8 early training:
Round 8 train loss  -14.2884
Round 8 global test acc  6.1000 


Rounds 9 early training:
Round 9 train loss  -19.0434
Round 9 global test acc  5.5500 


Rounds 10 early training:
Round 10 train loss  -22.9815
Round 10 global test acc  4.4100 


Rounds 11 filter noisy data:
Round 11 train loss  -28.5460
Round 11 global test acc  5.3000 


Rounds 12 filter noisy data:
Round 12 train loss  -30.4998
Round 12 global test acc  3.9500 


Rounds 13 filter noisy data:
Round 13 train loss  -30.3720
Round 13 global test acc  5.5000 


Rounds 14 filter noisy data:
Round 14 train loss  -30.4686
Round 14 global test acc  5.6300 


Rounds 15 filter noisy data:
Round 15 train loss  -30.5731
Round 15 global test acc  5.2200 


Rounds 16 filter noisy data:
Round 16 train loss  -30.4357
Round 16 global test acc  6.0500 


Rounds 17 filter noisy data:
Round 17 train loss  -30.6197
Round 17 global test acc  7.0900 


Rounds 18 filter noisy data:
Round 18 train loss  -30.3388
Round 18 global test acc  8.5600 


Rounds 19 filter noisy data:
Round 19 train loss  -30.7209
Round 19 global test acc  6.5600 


Rounds 20 filter noisy data:
Round 20 train loss  -30.8496
Round 20 global test acc  5.3400 


Rounds 21 filter noisy data:
Round 21 train loss  -30.7666
Round 21 global test acc  5.8400 


Rounds 22 filter noisy data:
Round 22 train loss  -30.5458
Round 22 global test acc  8.5800 


Rounds 23 filter noisy data:
Round 23 train loss  -30.7730
Round 23 global test acc  6.7400 


Rounds 24 filter noisy data:
Round 24 train loss  -30.6102
Round 24 global test acc  8.3000 


Rounds 25 filter noisy data:
Round 25 train loss  -30.8767
Round 25 global test acc  5.7000 


Rounds 26 filter noisy data:
Round 26 train loss  -30.7827
Round 26 global test acc  7.2300 


Rounds 27 filter noisy data:
Round 27 train loss  -30.8931
Round 27 global test acc  5.5700 


Rounds 28 filter noisy data:
Round 28 train loss  -30.9078
Round 28 global test acc  6.1100 


Rounds 29 filter noisy data:
Round 29 train loss  -30.8756
Round 29 global test acc  6.9400 


Rounds 30 filter noisy data:
Round 30 train loss  -30.8119
Round 30 global test acc  7.3300 


Rounds 31 filter noisy data:
Round 31 train loss  -31.0017
Round 31 global test acc  7.9600 


Rounds 32 filter noisy data:
Round 32 train loss  -30.8378
Round 32 global test acc  9.4800 


Rounds 33 filter noisy data:
Round 33 train loss  -30.9557
Round 33 global test acc  8.1400 


Rounds 34 filter noisy data:
Round 34 train loss  -31.1839
Round 34 global test acc  5.9800 


Rounds 35 filter noisy data:
Round 35 train loss  -30.8915
Round 35 global test acc  9.0400 


Rounds 36 filter noisy data:
Round 36 train loss  -30.9609
Round 36 global test acc  7.5200 


Rounds 37 filter noisy data:
Round 37 train loss  -30.9443
Round 37 global test acc  8.6200 


Rounds 38 filter noisy data:
Round 38 train loss  -30.9409
Round 38 global test acc  9.1100 


Rounds 39 filter noisy data:
Round 39 train loss  -30.9864
Round 39 global test acc  8.0900 


Rounds 40 filter noisy data:
Round 40 train loss  -31.1209
Round 40 global test acc  8.1400 


Rounds 41 filter noisy data:
Round 41 train loss  -31.2820
Round 41 global test acc  5.8700 


Rounds 42 filter noisy data:
Round 42 train loss  -31.1570
Round 42 global test acc  8.0800 


Rounds 43 filter noisy data:
Round 43 train loss  -31.0398
Round 43 global test acc  8.3200 


Rounds 44 filter noisy data:
Round 44 train loss  -31.2708
Round 44 global test acc  8.1900 


Rounds 45 filter noisy data:
Round 45 train loss  -31.1232
Round 45 global test acc  9.5500 


Rounds 46 filter noisy data:
Round 46 train loss  -31.1754
Round 46 global test acc  9.2200 


Rounds 47 filter noisy data:
Round 47 train loss  -31.1686
Round 47 global test acc  9.9400 


Rounds 48 filter noisy data:
Round 48 train loss  -31.2916
Round 48 global test acc  9.1000 


Rounds 49 filter noisy data:
Round 49 train loss  -31.3273
Round 49 global test acc  8.3800 


Rounds 50 filter noisy data:
Round 50 train loss  -31.2067
Round 50 global test acc  9.9100 


Rounds 51 filter noisy data:
Round 51 train loss  -31.3000
Round 51 global test acc  9.3800 


Rounds 52 filter noisy data:
Round 52 train loss  -31.3680
Round 52 global test acc  8.8300 


Rounds 53 filter noisy data:
Round 53 train loss  -31.2640
Round 53 global test acc  9.8500 


Rounds 54 filter noisy data:
Round 54 train loss  -31.2640
Round 54 global test acc  11.0900 


Rounds 55 filter noisy data:
Round 55 train loss  -31.5469
Round 55 global test acc  7.7200 


Rounds 56 filter noisy data:
Round 56 train loss  -31.5266
Round 56 global test acc  7.9400 


Rounds 57 filter noisy data:
Round 57 train loss  -31.4790
Round 57 global test acc  9.4400 


Rounds 58 filter noisy data:
Round 58 train loss  -31.4439
Round 58 global test acc  10.9400 


Rounds 59 filter noisy data:
Round 59 train loss  -31.7276
Round 59 global test acc  7.9800 


Rounds 60 filter noisy data:
Round 60 train loss  -31.7219
Round 60 global test acc  7.1500 


Rounds 61 filter noisy data:
Round 61 train loss  -31.7764
Round 61 global test acc  7.0800 


Rounds 62 filter noisy data:
Round 62 train loss  -31.7150
Round 62 global test acc  9.5500 


Rounds 63 filter noisy data:
Round 63 train loss  -31.7784
Round 63 global test acc  7.5300 


Rounds 64 filter noisy data:
Round 64 train loss  -31.7387
Round 64 global test acc  8.6400 


Rounds 65 filter noisy data:
Round 65 train loss  -31.7464
Round 65 global test acc  9.9700 


Rounds 66 filter noisy data:
Round 66 train loss  -31.8265
Round 66 global test acc  8.8900 


Rounds 67 filter noisy data:
Round 67 train loss  -31.9993
Round 67 global test acc  6.6000 


Rounds 68 filter noisy data:
Round 68 train loss  -31.8693
Round 68 global test acc  8.6100 


Rounds 69 filter noisy data:
Round 69 train loss  -31.9266
Round 69 global test acc  7.0800 


Rounds 70 filter noisy data:
Round 70 train loss  -31.9306
Round 70 global test acc  7.7600 


Rounds 71 filter noisy data:
Round 71 train loss  -31.9800
Round 71 global test acc  8.4900 


Rounds 72 filter noisy data:
Round 72 train loss  -32.0891
Round 72 global test acc  8.2900 


Rounds 73 filter noisy data:
Round 73 train loss  -32.0168
Round 73 global test acc  7.9800 


Rounds 74 filter noisy data:
Round 74 train loss  -32.0909
Round 74 global test acc  7.2700 


Rounds 75 filter noisy data:
Round 75 train loss  -32.1908
Round 75 global test acc  9.1300 


Rounds 76 filter noisy data:
Round 76 train loss  -32.1224
Round 76 global test acc  8.5900 


Rounds 77 filter noisy data:
Round 77 train loss  -32.2612
Round 77 global test acc  7.4400 


Rounds 78 filter noisy data:
Round 78 train loss  -32.0921
Round 78 global test acc  11.5300 


Rounds 79 filter noisy data:
Round 79 train loss  -32.1007
Round 79 global test acc  11.1000 


Rounds 80 filter noisy data:
Round 80 train loss  -32.1180
Round 80 global test acc  10.3300 


Rounds 81 filter noisy data:
Round 81 train loss  -32.3034
Round 81 global test acc  9.1700 


Rounds 82 filter noisy data:
Round 82 train loss  -32.0673
Round 82 global test acc  10.6800 


Rounds 83 filter noisy data:
Round 83 train loss  -32.4199
Round 83 global test acc  8.7400 


Rounds 84 filter noisy data:
Round 84 train loss  -32.2394
Round 84 global test acc  10.4200 


Rounds 85 filter noisy data:
Round 85 train loss  -32.2829
Round 85 global test acc  11.1200 


Rounds 86 filter noisy data:
Round 86 train loss  -32.4268
Round 86 global test acc  8.4900 


Rounds 87 filter noisy data:
Round 87 train loss  -32.4754
Round 87 global test acc  10.4600 


Rounds 88 filter noisy data:
Round 88 train loss  -32.6402
Round 88 global test acc  8.3700 


Rounds 89 filter noisy data:
Round 89 train loss  -32.4994
Round 89 global test acc  9.8100 


Rounds 90 filter noisy data:
Round 90 train loss  -32.4956
Round 90 global test acc  9.3500 


Rounds 91 filter noisy data:
Round 91 train loss  -32.5149
Round 91 global test acc  8.7300 


Rounds 92 filter noisy data:
Round 92 train loss  -32.6106
Round 92 global test acc  10.4600 


Rounds 93 filter noisy data:
Round 93 train loss  -32.6411
Round 93 global test acc  9.5200 


Rounds 94 filter noisy data:
Round 94 train loss  -32.6144
Round 94 global test acc  8.6800 


Rounds 95 filter noisy data:
Round 95 train loss  -32.9340
Round 95 global test acc  6.4500 


Rounds 96 filter noisy data:
Round 96 train loss  -32.4313
Round 96 global test acc  12.0100 


Rounds 97 filter noisy data:
Round 97 train loss  -32.7120
Round 97 global test acc  8.8600 


Rounds 98 filter noisy data:
Round 98 train loss  -32.8336
Round 98 global test acc  8.6400 


Rounds 99 filter noisy data:
Round 99 train loss  -32.8804
Round 99 global test acc  8.8300 


Rounds 100 filter noisy data:
Round 100 train loss  -33.0631
Round 100 global test acc  10.2300 


Rounds 101 filter noisy data:
Round 101 train loss  -32.9349
Round 101 global test acc  8.5600 


Rounds 102 filter noisy data:
Round 102 train loss  -33.0126
Round 102 global test acc  8.6700 


Rounds 103 filter noisy data:
Round 103 train loss  -32.7850
Round 103 global test acc  10.0100 


Rounds 104 filter noisy data:
Round 104 train loss  -32.7704
Round 104 global test acc  10.5500 


Rounds 105 filter noisy data:
Round 105 train loss  -32.7284
Round 105 global test acc  11.7200 


Rounds 106 filter noisy data:
Round 106 train loss  -32.9672
Round 106 global test acc  11.8100 


Rounds 107 filter noisy data:
Round 107 train loss  -33.1063
Round 107 global test acc  9.3900 


Rounds 108 filter noisy data:
Round 108 train loss  -33.1233
Round 108 global test acc  8.7400 


Rounds 109 filter noisy data:
Round 109 train loss  -33.1117
Round 109 global test acc  11.3800 


Rounds 110 filter noisy data:
Round 110 train loss  -33.0583
Round 110 global test acc  11.7300 


Rounds 111 filter noisy data:
Round 111 train loss  -33.1120
Round 111 global test acc  10.7600 


Rounds 112 filter noisy data:
Round 112 train loss  -33.2836
Round 112 global test acc  10.4700 


Rounds 113 filter noisy data:
Round 113 train loss  -32.9690
Round 113 global test acc  9.5500 


Rounds 114 filter noisy data:
Round 114 train loss  -33.3553
Round 114 global test acc  9.2100 


Rounds 115 filter noisy data:
Round 115 train loss  -33.1299
Round 115 global test acc  9.8600 


Rounds 116 filter noisy data:
Round 116 train loss  -33.5454
Round 116 global test acc  7.7600 


Rounds 117 filter noisy data:
Round 117 train loss  -33.1362
Round 117 global test acc  9.5000 


Rounds 118 filter noisy data:
Round 118 train loss  -33.2393
Round 118 global test acc  11.6400 


Rounds 119 filter noisy data:
Round 119 train loss  -33.3062
Round 119 global test acc  11.0500 


Rounds 120 filter noisy data:
Round 120 train loss  -33.5090
Round 120 global test acc  8.2000 


Rounds 121 filter noisy data:
Round 121 train loss  -33.4334
Round 121 global test acc  8.8500 


Rounds 122 filter noisy data:
Round 122 train loss  -33.3381
Round 122 global test acc  9.2800 


Rounds 123 filter noisy data:
Round 123 train loss  -33.4232
Round 123 global test acc  9.7900 


Rounds 124 filter noisy data:
Round 124 train loss  -33.2793
Round 124 global test acc  10.6600 


Rounds 125 filter noisy data:
Round 125 train loss  -33.6210
Round 125 global test acc  11.7700 


Rounds 126 filter noisy data:
Round 126 train loss  -33.6402
Round 126 global test acc  9.6200 


Rounds 127 filter noisy data:
Round 127 train loss  -33.5616
Round 127 global test acc  9.3000 


Rounds 128 filter noisy data:
Round 128 train loss  -33.5921
Round 128 global test acc  8.6900 


Rounds 129 filter noisy data:
Round 129 train loss  -33.8019
Round 129 global test acc  9.4300 


Rounds 130 filter noisy data:
Round 130 train loss  -33.5879
Round 130 global test acc  11.2000 


Rounds 131 filter noisy data:
Round 131 train loss  -33.6065
Round 131 global test acc  12.4200 


Rounds 132 filter noisy data:
Round 132 train loss  -33.5249
Round 132 global test acc  10.5200 


Rounds 133 filter noisy data:
Round 133 train loss  -33.5945
Round 133 global test acc  8.8400 


Rounds 134 filter noisy data:
Round 134 train loss  -33.7564
Round 134 global test acc  9.7400 


Rounds 135 filter noisy data:
Round 135 train loss  -33.7679
Round 135 global test acc  10.8500 


Rounds 136 filter noisy data:
Round 136 train loss  -33.7222
Round 136 global test acc  9.9300 


Rounds 137 filter noisy data:
Round 137 train loss  -33.5597
Round 137 global test acc  10.2100 


Rounds 138 filter noisy data:
Round 138 train loss  -33.7838
Round 138 global test acc  8.2700 


Rounds 139 filter noisy data:
Round 139 train loss  -33.9686
Round 139 global test acc  10.8600 


Rounds 140 filter noisy data:
Round 140 train loss  -33.8674
Round 140 global test acc  9.5900 


Rounds 141 filter noisy data:
Round 141 train loss  -33.9402
Round 141 global test acc  7.8600 


Rounds 142 filter noisy data:
Round 142 train loss  -33.9658
Round 142 global test acc  8.5900 


Rounds 143 filter noisy data:
Round 143 train loss  -33.8056
Round 143 global test acc  9.8400 


Rounds 144 filter noisy data:
Round 144 train loss  -33.7716
Round 144 global test acc  7.9100 


Rounds 145 filter noisy data:
Round 145 train loss  -33.8323
Round 145 global test acc  7.5000 


Rounds 146 filter noisy data:
Round 146 train loss  -33.9891
Round 146 global test acc  11.3100 


Rounds 147 filter noisy data:
Round 147 train loss  -33.9371
Round 147 global test acc  11.3600 


Rounds 148 filter noisy data:
Round 148 train loss  -33.9346
Round 148 global test acc  8.5000 


Rounds 149 filter noisy data:
Round 149 train loss  -34.1261
Round 149 global test acc  10.9200 


Rounds 150 filter noisy data:
Round 150 train loss  -34.0903
Round 150 global test acc  7.8000 


Rounds 151 filter noisy data:
Round 151 train loss  -34.1789
Round 151 global test acc  8.7000 


Rounds 152 filter noisy data:
Round 152 train loss  -34.1074
Round 152 global test acc  11.0700 


Rounds 153 filter noisy data:
Round 153 train loss  -33.9668
Round 153 global test acc  10.9900 


Rounds 154 filter noisy data:
Round 154 train loss  -34.2591
Round 154 global test acc  6.7100 


Rounds 155 filter noisy data:
Round 155 train loss  -34.0216
Round 155 global test acc  9.1800 


Rounds 156 filter noisy data:
Round 156 train loss  -34.2296
Round 156 global test acc  8.5500 


Rounds 157 filter noisy data:
Round 157 train loss  -34.1078
Round 157 global test acc  10.3300 


Rounds 158 filter noisy data:
Round 158 train loss  -34.1225
Round 158 global test acc  8.8000 


Rounds 159 filter noisy data:
Round 159 train loss  -34.1690
Round 159 global test acc  12.0100 


Rounds 160 filter noisy data:
Round 160 train loss  -34.3246
Round 160 global test acc  8.6200 


Rounds 161 filter noisy data:
Round 161 train loss  -34.2111
Round 161 global test acc  8.8100 


Rounds 162 filter noisy data:
Round 162 train loss  -34.3343
Round 162 global test acc  9.0900 


Rounds 163 filter noisy data:
Round 163 train loss  -34.1791
Round 163 global test acc  8.9800 


Rounds 164 filter noisy data:
Round 164 train loss  -34.3189
Round 164 global test acc  8.2200 


Rounds 165 filter noisy data:
Round 165 train loss  -34.1992
Round 165 global test acc  9.9700 


Rounds 166 filter noisy data:
Round 166 train loss  -34.2255
Round 166 global test acc  10.9500 


Rounds 167 filter noisy data:
Round 167 train loss  -34.2462
Round 167 global test acc  10.0000 


Rounds 168 filter noisy data:
Round 168 train loss  -34.2450
Round 168 global test acc  8.7700 


Rounds 169 filter noisy data:
Round 169 train loss  -34.5149
Round 169 global test acc  8.4300 


Rounds 170 filter noisy data:
Round 170 train loss  -34.3400
Round 170 global test acc  8.0500 


Rounds 171 filter noisy data:
Round 171 train loss  -34.4646
Round 171 global test acc  8.5800 


Rounds 172 filter noisy data:
Round 172 train loss  -34.3825
Round 172 global test acc  9.6700 


Rounds 173 filter noisy data:
Round 173 train loss  -34.3233
Round 173 global test acc  10.7800 


Rounds 174 filter noisy data:
Round 174 train loss  -34.3139
Round 174 global test acc  7.8300 


Rounds 175 filter noisy data:
Round 175 train loss  -34.3719
Round 175 global test acc  9.0800 


Rounds 176 filter noisy data:
Round 176 train loss  -34.4588
Round 176 global test acc  8.7500 


Rounds 177 filter noisy data:
Round 177 train loss  -34.2909
Round 177 global test acc  9.8800 


Rounds 178 filter noisy data:
Round 178 train loss  -34.5562
Round 178 global test acc  8.7300 


Rounds 179 filter noisy data:
Round 179 train loss  -34.4833
Round 179 global test acc  7.6700 


Rounds 180 filter noisy data:
Round 180 train loss  -34.4791
Round 180 global test acc  9.5200 


Rounds 181 filter noisy data:
Round 181 train loss  -34.6180
Round 181 global test acc  8.1000 


Rounds 182 filter noisy data:
Round 182 train loss  -34.5617
Round 182 global test acc  7.4800 


Rounds 183 filter noisy data:
Round 183 train loss  -34.4225
Round 183 global test acc  9.3200 


Rounds 184 filter noisy data:
Round 184 train loss  -34.4621
Round 184 global test acc  8.8200 


Rounds 185 filter noisy data:
Round 185 train loss  -34.5371
Round 185 global test acc  10.2800 


Rounds 186 filter noisy data:
Round 186 train loss  -34.5040
Round 186 global test acc  9.4400 


Rounds 187 filter noisy data:
Round 187 train loss  -34.4216
Round 187 global test acc  10.0600 


Rounds 188 filter noisy data:
Round 188 train loss  -34.5723
Round 188 global test acc  8.8900 


Rounds 189 filter noisy data:
Round 189 train loss  -34.6464
Round 189 global test acc  8.5700 


Rounds 190 filter noisy data:
Round 190 train loss  -34.4679
Round 190 global test acc  9.2000 


Rounds 191 filter noisy data:
Round 191 train loss  -34.7535
Round 191 global test acc  8.5700 


Rounds 192 filter noisy data:
Round 192 train loss  -34.6841
Round 192 global test acc  7.9000 


Rounds 193 filter noisy data:
Round 193 train loss  -34.6454
Round 193 global test acc  6.6300 


Rounds 194 filter noisy data:
Round 194 train loss  -34.6679
Round 194 global test acc  6.8900 


Rounds 195 filter noisy data:
Round 195 train loss  -34.7326
Round 195 global test acc  8.4900 


Rounds 196 filter noisy data:
Round 196 train loss  -34.7423
Round 196 global test acc  8.7100 


Rounds 197 filter noisy data:
Round 197 train loss  -34.7645
Round 197 global test acc  6.7700 


Rounds 198 filter noisy data:
Round 198 train loss  -34.6273
Round 198 global test acc  8.5400 


Rounds 199 filter noisy data:
Round 199 train loss  -34.5428
Round 199 global test acc  8.4900 


Rounds 200 filter noisy data:
Round 200 train loss  -34.7081
Round 200 global test acc  8.0600 


Rounds 201 filter noisy data:
Round 201 train loss  -34.7726
Round 201 global test acc  9.8400 


Rounds 202 filter noisy data:
Round 202 train loss  -34.6102
Round 202 global test acc  8.5700 


Rounds 203 filter noisy data:
Round 203 train loss  -34.7375
Round 203 global test acc  10.1800 


Rounds 204 filter noisy data:
Round 204 train loss  -34.7466
Round 204 global test acc  9.4700 


Rounds 205 filter noisy data:
Round 205 train loss  -34.8425
Round 205 global test acc  8.1500 


Rounds 206 filter noisy data:
Round 206 train loss  -34.7187
Round 206 global test acc  8.0100 


Rounds 207 filter noisy data:
Round 207 train loss  -34.7393
Round 207 global test acc  9.3500 


Rounds 208 filter noisy data:
Round 208 train loss  -34.9944
Round 208 global test acc  8.3400 


Rounds 209 filter noisy data:
Round 209 train loss  -34.8645
Round 209 global test acc  7.6700 


Rounds 210 filter noisy data:
Round 210 train loss  -34.7595
Round 210 global test acc  9.0800 


Rounds 211 filter noisy data:
Round 211 train loss  -34.8666
Round 211 global test acc  8.4800 


Rounds 212 filter noisy data:
Round 212 train loss  -34.8247
Round 212 global test acc  8.7300 


Rounds 213 filter noisy data:
Round 213 train loss  -34.7182
Round 213 global test acc  9.6000 


Rounds 214 filter noisy data:
Round 214 train loss  -34.7675
Round 214 global test acc  6.6500 


Rounds 215 filter noisy data:
Round 215 train loss  -34.7231
Round 215 global test acc  7.9100 


Rounds 216 filter noisy data:
Round 216 train loss  -34.9308
Round 216 global test acc  8.7800 


Rounds 217 filter noisy data:
Round 217 train loss  -34.6322
Round 217 global test acc  10.5900 


Rounds 218 filter noisy data:
Round 218 train loss  -34.7851
Round 218 global test acc  10.6600 


Rounds 219 filter noisy data:
Round 219 train loss  -34.9852
Round 219 global test acc  7.1800 


Rounds 220 filter noisy data:
Round 220 train loss  -34.9665
Round 220 global test acc  8.7400 


Rounds 221 filter noisy data:
Round 221 train loss  -34.7423
Round 221 global test acc  8.2900 


Rounds 222 filter noisy data:
Round 222 train loss  -34.8148
Round 222 global test acc  10.2600 


Rounds 223 filter noisy data:
Round 223 train loss  -35.0222
Round 223 global test acc  9.1600 


Rounds 224 filter noisy data:
Round 224 train loss  -34.9899
Round 224 global test acc  7.3500 


Rounds 225 filter noisy data:
Round 225 train loss  -34.8052
Round 225 global test acc  9.7800 


Rounds 226 filter noisy data:
Round 226 train loss  -34.9939
Round 226 global test acc  8.6600 


Rounds 227 filter noisy data:
Round 227 train loss  -34.9104
Round 227 global test acc  9.4700 


Rounds 228 filter noisy data:
Round 228 train loss  -34.8919
Round 228 global test acc  8.1800 


Rounds 229 filter noisy data:
Round 229 train loss  -34.6599
Round 229 global test acc  10.5100 


Rounds 230 filter noisy data:
Round 230 train loss  -34.9209
Round 230 global test acc  10.5000 


Rounds 231 filter noisy data:
Round 231 train loss  -34.9644
Round 231 global test acc  9.0100 


Rounds 232 filter noisy data:
Round 232 train loss  -34.9540
Round 232 global test acc  8.0500 


Rounds 233 filter noisy data:
Round 233 train loss  -34.7011
Round 233 global test acc  8.9200 


Rounds 234 filter noisy data:
Round 234 train loss  -34.8867
Round 234 global test acc  11.3400 


Rounds 235 filter noisy data:
Round 235 train loss  -35.0180
Round 235 global test acc  8.2700 


Rounds 236 filter noisy data:
Round 236 train loss  -34.9980
Round 236 global test acc  11.1500 


Rounds 237 filter noisy data:
Round 237 train loss  -34.8726
Round 237 global test acc  7.8500 


Rounds 238 filter noisy data:
Round 238 train loss  -35.0213
Round 238 global test acc  9.7000 


Rounds 239 filter noisy data:
Round 239 train loss  -35.0324
Round 239 global test acc  10.0200 


Rounds 240 filter noisy data:
Round 240 train loss  -34.9900
Round 240 global test acc  9.5300 


Rounds 241 filter noisy data:
Round 241 train loss  -35.0070
Round 241 global test acc  7.5600 


Rounds 242 filter noisy data:
Round 242 train loss  -34.9908
Round 242 global test acc  9.3800 


Rounds 243 filter noisy data:
Round 243 train loss  -35.0007
Round 243 global test acc  9.9000 


Rounds 244 filter noisy data:
Round 244 train loss  -34.9919
Round 244 global test acc  8.6500 


Rounds 245 filter noisy data:
Round 245 train loss  -35.1774
Round 245 global test acc  7.3200 


Rounds 246 filter noisy data:
Round 246 train loss  -35.0480
Round 246 global test acc  7.7100 


Rounds 247 filter noisy data:
Round 247 train loss  -34.9544
Round 247 global test acc  9.8600 


Rounds 248 filter noisy data:
Round 248 train loss  -35.1666
Round 248 global test acc  7.3700 


Rounds 249 filter noisy data:
Round 249 train loss  -35.0789
Round 249 global test acc  6.9000 


Rounds 250 filter noisy data:
Round 250 train loss  -35.0449
Round 250 global test acc  6.3800 


Rounds 251 filter noisy data:
Round 251 train loss  -35.2264
Round 251 global test acc  4.7700 


Rounds 252 filter noisy data:
Round 252 train loss  -34.8537
Round 252 global test acc  9.6400 


Rounds 253 filter noisy data:
Round 253 train loss  -34.9511
Round 253 global test acc  10.3900 


Rounds 254 filter noisy data:
Round 254 train loss  -34.9579
Round 254 global test acc  9.1300 


Rounds 255 filter noisy data:
Round 255 train loss  -35.1618
Round 255 global test acc  8.6200 


Rounds 256 filter noisy data:
Round 256 train loss  -35.0701
Round 256 global test acc  8.9000 


Rounds 257 filter noisy data:
Round 257 train loss  -35.0327
Round 257 global test acc  10.4900 


Rounds 258 filter noisy data:
Round 258 train loss  -35.1214
Round 258 global test acc  9.3300 


Rounds 259 filter noisy data:
Round 259 train loss  -35.0384
Round 259 global test acc  8.0300 


Rounds 260 filter noisy data:
Round 260 train loss  -35.2161
Round 260 global test acc  7.8000 


Rounds 261 filter noisy data:
Round 261 train loss  -35.1062
Round 261 global test acc  8.3300 


Rounds 262 filter noisy data:
Round 262 train loss  -35.0505
Round 262 global test acc  10.6600 


Rounds 263 filter noisy data:
Round 263 train loss  -35.2018
Round 263 global test acc  8.9400 


Rounds 264 filter noisy data:
Round 264 train loss  -35.0441
Round 264 global test acc  9.3800 


Rounds 265 filter noisy data:
Round 265 train loss  -35.0475
Round 265 global test acc  9.2800 


Rounds 266 filter noisy data:
Round 266 train loss  -35.1738
Round 266 global test acc  8.1000 


Rounds 267 filter noisy data:
Round 267 train loss  -35.1870
Round 267 global test acc  8.1500 


Rounds 268 filter noisy data:
Round 268 train loss  -35.1972
Round 268 global test acc  8.3600 


Rounds 269 filter noisy data:
Round 269 train loss  -35.0439
Round 269 global test acc  9.8300 


Rounds 270 filter noisy data:
Round 270 train loss  -35.1357
Round 270 global test acc  9.0500 


Rounds 271 filter noisy data:
Round 271 train loss  -35.1967
Round 271 global test acc  9.8600 


Rounds 272 filter noisy data:
Round 272 train loss  -35.2404
Round 272 global test acc  7.0300 


Rounds 273 filter noisy data:
Round 273 train loss  -35.2364
Round 273 global test acc  7.4300 


Rounds 274 filter noisy data:
Round 274 train loss  -35.3652
Round 274 global test acc  7.2900 


Rounds 275 filter noisy data:
Round 275 train loss  -35.1050
Round 275 global test acc  8.8400 


Rounds 276 filter noisy data:
Round 276 train loss  -35.1661
Round 276 global test acc  10.6700 


Rounds 277 filter noisy data:
Round 277 train loss  -35.3284
Round 277 global test acc  7.7400 


Rounds 278 filter noisy data:
Round 278 train loss  -35.2491
Round 278 global test acc  7.5200 


Rounds 279 filter noisy data:
Round 279 train loss  -35.1874
Round 279 global test acc  8.2200 


Rounds 280 filter noisy data:
Round 280 train loss  -35.3121
Round 280 global test acc  8.6300 


Rounds 281 filter noisy data:
Round 281 train loss  -35.1866
Round 281 global test acc  8.0800 


Rounds 282 filter noisy data:
Round 282 train loss  -35.2236
Round 282 global test acc  8.3000 


Rounds 283 filter noisy data:
Round 283 train loss  -35.2051
Round 283 global test acc  7.3700 


Rounds 284 filter noisy data:
Round 284 train loss  -35.2162
Round 284 global test acc  9.1500 


Rounds 285 filter noisy data:
Round 285 train loss  -35.1872
Round 285 global test acc  9.3700 


Rounds 286 filter noisy data:
Round 286 train loss  -35.2092
Round 286 global test acc  8.6300 


Rounds 287 filter noisy data:
Round 287 train loss  -35.2535
Round 287 global test acc  8.2200 


Rounds 288 filter noisy data:
Round 288 train loss  -35.2434
Round 288 global test acc  9.1300 


Rounds 289 filter noisy data:
Round 289 train loss  -35.3189
Round 289 global test acc  7.8600 


Rounds 290 filter noisy data:
Round 290 train loss  -35.3214
Round 290 global test acc  7.3200 


Rounds 291 filter noisy data:
Round 291 train loss  -35.2829
Round 291 global test acc  7.2900 


Rounds 292 filter noisy data:
Round 292 train loss  -35.4445
Round 292 global test acc  8.5500 


Rounds 293 filter noisy data:
Round 293 train loss  -35.1746
Round 293 global test acc  8.0600 


Rounds 294 filter noisy data:
Round 294 train loss  -35.2597
Round 294 global test acc  8.7300 


Rounds 295 filter noisy data:
Round 295 train loss  -35.2957
Round 295 global test acc  8.4700 


Rounds 296 filter noisy data:
Round 296 train loss  -35.2214
Round 296 global test acc  9.6000 


Rounds 297 filter noisy data:
Round 297 train loss  -35.3219
Round 297 global test acc  8.1900 


Rounds 298 filter noisy data:
Round 298 train loss  -35.3872
Round 298 global test acc  7.7500 


Rounds 299 filter noisy data:
Round 299 train loss  -35.2645
Round 299 global test acc  8.0800 


Rounds 300 filter noisy data:
Round 300 train loss  -35.3407
Round 300 global test acc  7.2500 


Rounds 301 filter noisy data:
Round 301 train loss  -35.2379
Round 301 global test acc  9.0500 


Rounds 302 filter noisy data:
Round 302 train loss  -35.2653
Round 302 global test acc  10.8800 


Rounds 303 filter noisy data:
Round 303 train loss  -35.2854
Round 303 global test acc  10.7200 


Rounds 304 filter noisy data:
Round 304 train loss  -35.3522
Round 304 global test acc  7.5300 


Rounds 305 filter noisy data:
Round 305 train loss  -35.3229
Round 305 global test acc  10.6400 


Rounds 306 filter noisy data:
Round 306 train loss  -35.2960
Round 306 global test acc  10.2100 


Rounds 307 filter noisy data:
Round 307 train loss  -35.3377
Round 307 global test acc  7.8700 


Rounds 308 filter noisy data:
Round 308 train loss  -35.3879
Round 308 global test acc  8.8700 


Rounds 309 filter noisy data:
Round 309 train loss  -35.3176
Round 309 global test acc  9.1400 


Rounds 310 filter noisy data:
Round 310 train loss  -35.2720
Round 310 global test acc  6.7400 


Rounds 311 filter noisy data:
Round 311 train loss  -35.4191
Round 311 global test acc  7.7400 


Rounds 312 filter noisy data:
Round 312 train loss  -35.3046
Round 312 global test acc  8.8700 


Rounds 313 filter noisy data:
Round 313 train loss  -35.3854
Round 313 global test acc  9.2200 


Rounds 314 filter noisy data:
Round 314 train loss  -35.3133
Round 314 global test acc  9.9100 


Rounds 315 filter noisy data:
Round 315 train loss  -35.2662
Round 315 global test acc  9.2900 


Rounds 316 filter noisy data:
Round 316 train loss  -35.3593
Round 316 global test acc  9.0200 


Rounds 317 filter noisy data:
Round 317 train loss  -35.3799
Round 317 global test acc  8.8200 


Rounds 318 filter noisy data:
Round 318 train loss  -35.3413
Round 318 global test acc  8.6000 


Rounds 319 filter noisy data:
Round 319 train loss  -35.3230
Round 319 global test acc  9.6000 


Rounds 320 filter noisy data:
Round 320 train loss  -35.3629
Round 320 global test acc  8.6600 


Rounds 321 filter noisy data:
Round 321 train loss  -35.3792
Round 321 global test acc  8.8700 


Rounds 322 filter noisy data:
Round 322 train loss  -35.4693
Round 322 global test acc  8.0000 


Rounds 323 filter noisy data:
Round 323 train loss  -35.3297
Round 323 global test acc  10.0900 


Rounds 324 filter noisy data:
Round 324 train loss  -35.3325
Round 324 global test acc  9.5300 


Rounds 325 filter noisy data:
Round 325 train loss  -35.4282
Round 325 global test acc  7.2300 


Rounds 326 filter noisy data:
Round 326 train loss  -35.3985
Round 326 global test acc  8.3100 


Rounds 327 filter noisy data:
Round 327 train loss  -35.5928
Round 327 global test acc  5.9600 


Rounds 328 filter noisy data:
Round 328 train loss  -35.5234
Round 328 global test acc  7.3900 


Rounds 329 filter noisy data:
Round 329 train loss  -35.4578
Round 329 global test acc  9.0400 


Rounds 330 filter noisy data:
Round 330 train loss  -35.5092
Round 330 global test acc  7.4000 


Rounds 331 filter noisy data:
Round 331 train loss  -35.3652
Round 331 global test acc  8.8800 


Rounds 332 filter noisy data:
Round 332 train loss  -35.3993
Round 332 global test acc  8.1000 


Rounds 333 filter noisy data:
Round 333 train loss  -35.4514
Round 333 global test acc  8.2300 


Rounds 334 filter noisy data:
Round 334 train loss  -35.3947
Round 334 global test acc  7.7300 


Rounds 335 filter noisy data:
Round 335 train loss  -35.4853
Round 335 global test acc  8.5600 


Rounds 336 filter noisy data:
Round 336 train loss  -35.4283
Round 336 global test acc  6.9400 


Rounds 337 filter noisy data:
Round 337 train loss  -35.3515
Round 337 global test acc  8.0200 


Rounds 338 filter noisy data:
Round 338 train loss  -35.4634
Round 338 global test acc  8.6200 


Rounds 339 filter noisy data:
Round 339 train loss  -35.4481
Round 339 global test acc  9.4700 


Rounds 340 filter noisy data:
Round 340 train loss  -35.2707
Round 340 global test acc  10.6900 


Rounds 341 filter noisy data:
Round 341 train loss  -35.4100
Round 341 global test acc  10.7800 


Rounds 342 filter noisy data:
Round 342 train loss  -35.5124
Round 342 global test acc  8.7100 


Rounds 343 filter noisy data:
Round 343 train loss  -35.4605
Round 343 global test acc  9.1000 


Rounds 344 filter noisy data:
Round 344 train loss  -35.5390
Round 344 global test acc  6.5800 


Rounds 345 filter noisy data:
Round 345 train loss  -35.3849
Round 345 global test acc  8.9300 


Rounds 346 filter noisy data:
Round 346 train loss  -35.5119
Round 346 global test acc  9.2800 


Rounds 347 filter noisy data:
Round 347 train loss  -35.4219
Round 347 global test acc  9.5700 


Rounds 348 filter noisy data:
Round 348 train loss  -35.5461
Round 348 global test acc  7.4400 


Rounds 349 filter noisy data:
Round 349 train loss  -35.4622
Round 349 global test acc  10.2500 


Rounds 350 filter noisy data:
Round 350 train loss  -35.3893
Round 350 global test acc  10.5000 


Rounds 351 filter noisy data:
Round 351 train loss  -35.4948
Round 351 global test acc  8.2300 


Rounds 352 filter noisy data:
Round 352 train loss  -35.4330
Round 352 global test acc  9.3700 


Rounds 353 filter noisy data:
Round 353 train loss  -35.5519
Round 353 global test acc  8.7200 


Rounds 354 filter noisy data:
Round 354 train loss  -35.5525
Round 354 global test acc  7.4100 


Rounds 355 filter noisy data:
Round 355 train loss  -35.4852
Round 355 global test acc  8.1700 


Rounds 356 filter noisy data:
Round 356 train loss  -35.5827
Round 356 global test acc  7.8200 


Rounds 357 filter noisy data:
Round 357 train loss  -35.5111
Round 357 global test acc  8.6300 


Rounds 358 filter noisy data:
Round 358 train loss  -35.4607
Round 358 global test acc  8.7300 


Rounds 359 filter noisy data:
Round 359 train loss  -35.4747
Round 359 global test acc  8.7000 


Rounds 360 filter noisy data:
Round 360 train loss  -35.5699
Round 360 global test acc  8.4800 


Rounds 361 filter noisy data:
Round 361 train loss  -35.4809
Round 361 global test acc  7.8100 


Rounds 362 filter noisy data:
Round 362 train loss  -35.4956
Round 362 global test acc  8.0700 


Rounds 363 filter noisy data:
Round 363 train loss  -35.5445
Round 363 global test acc  8.1600 


Rounds 364 filter noisy data:
Round 364 train loss  -35.4591
Round 364 global test acc  7.9500 


Rounds 365 filter noisy data:
Round 365 train loss  -35.4888
Round 365 global test acc  8.0600 


Rounds 366 filter noisy data:
Round 366 train loss  -35.5174
Round 366 global test acc  8.7500 


Rounds 367 filter noisy data:
Round 367 train loss  -35.5874
Round 367 global test acc  7.8600 


Rounds 368 filter noisy data:
Round 368 train loss  -35.5467
Round 368 global test acc  8.9300 


Rounds 369 filter noisy data:
Round 369 train loss  -35.5120
Round 369 global test acc  9.1000 


Rounds 370 filter noisy data:
Round 370 train loss  -35.4948
Round 370 global test acc  9.6000 


Rounds 371 filter noisy data:
Round 371 train loss  -35.5433
Round 371 global test acc  8.8500 


Rounds 372 filter noisy data:
Round 372 train loss  -35.5426
Round 372 global test acc  9.4600 


Rounds 373 filter noisy data:
Round 373 train loss  -35.5663
Round 373 global test acc  8.9700 


Rounds 374 filter noisy data:
Round 374 train loss  -35.5283
Round 374 global test acc  7.3100 


Rounds 375 filter noisy data:
Round 375 train loss  -35.6701
Round 375 global test acc  7.5000 


Rounds 376 filter noisy data:
Round 376 train loss  -35.5901
Round 376 global test acc  7.5700 


Rounds 377 filter noisy data:
Round 377 train loss  -35.5629
Round 377 global test acc  7.3900 


Rounds 378 filter noisy data:
Round 378 train loss  -35.7294
Round 378 global test acc  8.0700 


Rounds 379 filter noisy data:
Round 379 train loss  -35.3602
Round 379 global test acc  10.0800 


Rounds 380 filter noisy data:
Round 380 train loss  -35.5538
Round 380 global test acc  7.5000 


Rounds 381 filter noisy data:
Round 381 train loss  -35.5852
Round 381 global test acc  7.4900 


Rounds 382 filter noisy data:
Round 382 train loss  -35.5858
Round 382 global test acc  8.3700 


Rounds 383 filter noisy data:
Round 383 train loss  -35.4515
Round 383 global test acc  10.2800 


Rounds 384 filter noisy data:
Round 384 train loss  -35.5425
Round 384 global test acc  9.1500 


Rounds 385 filter noisy data:
Round 385 train loss  -35.5943
Round 385 global test acc  9.9700 


Rounds 386 filter noisy data:
Round 386 train loss  -35.4996
Round 386 global test acc  9.2400 


Rounds 387 filter noisy data:
Round 387 train loss  -35.5592
Round 387 global test acc  10.2500 


Rounds 388 filter noisy data:
Round 388 train loss  -35.5778
Round 388 global test acc  9.6600 


Rounds 389 filter noisy data:
Round 389 train loss  -35.4706
Round 389 global test acc  10.3500 


Rounds 390 filter noisy data:
Round 390 train loss  -35.6241
Round 390 global test acc  9.0700 


Rounds 391 filter noisy data:
Round 391 train loss  -35.6319
Round 391 global test acc  8.3900 


Rounds 392 filter noisy data:
Round 392 train loss  -35.7322
Round 392 global test acc  7.2500 


Rounds 393 filter noisy data:
Round 393 train loss  -35.5202
Round 393 global test acc  8.9800 


Rounds 394 filter noisy data:
Round 394 train loss  -35.6055
Round 394 global test acc  8.8100 


Rounds 395 filter noisy data:
Round 395 train loss  -35.7823
Round 395 global test acc  6.5700 


Rounds 396 filter noisy data:
Round 396 train loss  -35.7038
Round 396 global test acc  6.9000 


Rounds 397 filter noisy data:
Round 397 train loss  -35.6020
Round 397 global test acc  8.9800 


Rounds 398 filter noisy data:
Round 398 train loss  -35.6989
Round 398 global test acc  6.6800 


Rounds 399 filter noisy data:
Round 399 train loss  -35.5421
Round 399 global test acc  8.1600 


Rounds 400 filter noisy data:
Round 400 train loss  -35.6670
Round 400 global test acc  7.5000 


Rounds 401 filter noisy data:
Round 401 train loss  -35.6469
Round 401 global test acc  6.6400 


Rounds 402 filter noisy data:
Round 402 train loss  -35.5673
Round 402 global test acc  8.2000 


Rounds 403 filter noisy data:
Round 403 train loss  -35.5526
Round 403 global test acc  8.3700 


Rounds 404 filter noisy data:
Round 404 train loss  -35.5201
Round 404 global test acc  9.8300 


Rounds 405 filter noisy data:
Round 405 train loss  -35.5556
Round 405 global test acc  10.3900 


Rounds 406 filter noisy data:
Round 406 train loss  -35.6451
Round 406 global test acc  8.5700 


Rounds 407 filter noisy data:
Round 407 train loss  -35.6473
Round 407 global test acc  9.6900 


Rounds 408 filter noisy data:
Round 408 train loss  -35.6370
Round 408 global test acc  7.8900 


Rounds 409 filter noisy data:
Round 409 train loss  -35.5634
Round 409 global test acc  7.7300 


Rounds 410 filter noisy data:
Round 410 train loss  -35.6149
Round 410 global test acc  7.4800 


Rounds 411 filter noisy data:
Round 411 train loss  -35.5931
Round 411 global test acc  7.9900 


Rounds 412 filter noisy data:
Round 412 train loss  -35.6036
Round 412 global test acc  8.9700 


Rounds 413 filter noisy data:
Round 413 train loss  -35.6337
Round 413 global test acc  9.4300 


Rounds 414 filter noisy data:
Round 414 train loss  -35.5776
Round 414 global test acc  9.0600 


Rounds 415 filter noisy data:
Round 415 train loss  -35.6086
Round 415 global test acc  8.5500 


Rounds 416 filter noisy data:
Round 416 train loss  -35.7347
Round 416 global test acc  7.9800 


Rounds 417 filter noisy data:
Round 417 train loss  -35.6914
Round 417 global test acc  6.7300 


Rounds 418 filter noisy data:
Round 418 train loss  -35.6935
Round 418 global test acc  7.2900 


Rounds 419 filter noisy data:
Round 419 train loss  -35.6382
Round 419 global test acc  9.8700 


Rounds 420 filter noisy data:
Round 420 train loss  -35.7040
Round 420 global test acc  8.0100 


Rounds 421 filter noisy data:
Round 421 train loss  -35.5880
Round 421 global test acc  9.0400 


Rounds 422 filter noisy data:
Round 422 train loss  -35.7303
Round 422 global test acc  7.8600 


Rounds 423 filter noisy data:
Round 423 train loss  -35.5919
Round 423 global test acc  8.0300 


Rounds 424 filter noisy data:
Round 424 train loss  -35.7077
Round 424 global test acc  8.1200 


Rounds 425 filter noisy data:
Round 425 train loss  -35.6018
Round 425 global test acc  10.3000 


Rounds 426 filter noisy data:
Round 426 train loss  -35.6591
Round 426 global test acc  9.0300 


Rounds 427 filter noisy data:
Round 427 train loss  -35.7502
Round 427 global test acc  7.0200 


Rounds 428 filter noisy data:
Round 428 train loss  -35.7491
Round 428 global test acc  8.4100 


Rounds 429 filter noisy data:
Round 429 train loss  -35.6847
Round 429 global test acc  8.2100 


Rounds 430 filter noisy data:
Round 430 train loss  -35.6954
Round 430 global test acc  9.0700 


Rounds 431 filter noisy data:
Round 431 train loss  -35.7094
Round 431 global test acc  8.3200 


Rounds 432 filter noisy data:
Round 432 train loss  -35.7346
Round 432 global test acc  7.3000 


Rounds 433 filter noisy data:
Round 433 train loss  -35.6966
Round 433 global test acc  9.2100 


Rounds 434 filter noisy data:
Round 434 train loss  -35.5201
Round 434 global test acc  9.9200 


Rounds 435 filter noisy data:
Round 435 train loss  -35.6799
Round 435 global test acc  7.9200 


Rounds 436 filter noisy data:
Round 436 train loss  -35.6696
Round 436 global test acc  8.5000 


Rounds 437 filter noisy data:
Round 437 train loss  -35.7670
Round 437 global test acc  8.7600 


Rounds 438 filter noisy data:
Round 438 train loss  -35.7703
Round 438 global test acc  7.9400 


Rounds 439 filter noisy data:
Round 439 train loss  -35.7155
Round 439 global test acc  7.5100 


Rounds 440 filter noisy data:
Round 440 train loss  -35.5707
Round 440 global test acc  9.2800 


Rounds 441 filter noisy data:
Round 441 train loss  -35.7721
Round 441 global test acc  8.4800 


Rounds 442 filter noisy data:
Round 442 train loss  -35.7087
Round 442 global test acc  8.7500 


Rounds 443 filter noisy data:
Round 443 train loss  -35.7126
Round 443 global test acc  8.5100 


Rounds 444 filter noisy data:
Round 444 train loss  -35.7626
Round 444 global test acc  7.7600 


Rounds 445 filter noisy data:
Round 445 train loss  -35.7613
Round 445 global test acc  7.2600 


Rounds 446 filter noisy data:
Round 446 train loss  -35.7375
Round 446 global test acc  7.8500 


Rounds 447 filter noisy data:
Round 447 train loss  -35.7789
Round 447 global test acc  6.7700 


Rounds 448 filter noisy data:
Round 448 train loss  -35.7123
Round 448 global test acc  7.1700 


Rounds 449 filter noisy data:
Round 449 train loss  -35.7244
Round 449 global test acc  8.1200 

Round 449 Fscore 

[0.14643187820911407, 0.21090908348560333, 0.357963889837265, 0.3619983196258545, 0.31810492277145386, 0.34437084197998047, 0.04129793122410774, 0.14828543365001678, 0.329431414604187, 0.21903054416179657, 0.19692865014076233, 0.3739837408065796, 0.08453410863876343, 0.2765217423439026, 0.35931092500686646, 0.3569078743457794, 0.22500000894069672, 0.14883720874786377, 0.02373887225985527, 0.07507218420505524, 0.2316533923149109, 0.36631232500076294, 0.06969990581274033, 0.3041630983352661, 0.33805161714553833, 0.07514451444149017, 0.38511326909065247, 0.34465622901916504, 0.18346954882144928, 0.23654016852378845, 0.03536345809698105, 0.265625, 0.34465616941452026, 0.11687087267637253, 0.30756163597106934, 0.3853658437728882, 0.24582968652248383, 0.3195963203907013, 0.03162055462598801, 0.37987014651298523, 0.07692307978868484, 0.1707988977432251, 0.37560978531837463, 0.4038308262825012, 0.039292726665735245, 0.31659573316574097, 0.3660130798816681, 0.3252304792404175, 0.16544118523597717, 0.19710670411586761]
time : 199260.64770293236
