('algorithm', 'FedProx')
('gpu', 2)
('seed', 13)
('save_dir', './record/')
('rounds2', 450)
('local_ep', 5)
('frac2', 0.2)
('num_users', 50)
('local_bs', 32)
('lr', 0.01)
('model', 'resnet34')
('num_classes', 10)
('level_n_system', 0.5)
('level_n_lowerb', 0.3)
('alpha_dirichlet', 10)
('non_iid_prob_class', 0.7)
('dataset', 'cifar100')
('iid', False)
('LID_k', 20)
('iteration1', 5)
('rounds1', 200)
('frac1', 0.01)
('pretrained', False)
('mixup', False)
('alpha', 1)
('beta', 5)
('relabel_ratio', 0.5)
('confidence_thres', 0.5)
('clean_set_thres', 0.1)
('fine_tuning', True)
('correction', True)
('T_pl', 100)
('lambda_cen', 1.0)
('lambda_e', 0.8)
('num_gradual', 10)
('forget_rate', 0.2)
('lr_decay', 0.1)
('schedule', [])
('momentum', 0.5)
('weight_decay', 0.0001)
('feature_dim', 128)
('plr', 0.01)
('lamda', 15)
('K', 5)
('gamma', 1)
('begin_sel', 10)
('max_beta', 2)
('mu', 0.01)
('device', device(type='cuda', index=2))
Files already downloaded and verified
Files already downloaded and verified
Client 0, noise level: 0.7803 (0.7022), real noise ratio: 0.7763
Client 2, noise level: 0.3966 (0.3569), real noise ratio: 0.3821
Client 3, noise level: 0.3691 (0.3322), real noise ratio: 0.3473
Client 4, noise level: 0.4719 (0.4247), real noise ratio: 0.4391
Client 6, noise level: 0.9482 (0.8534), real noise ratio: 0.9435
Client 7, noise level: 0.7761 (0.6985), real noise ratio: 0.7680
Client 8, noise level: 0.4664 (0.4197), real noise ratio: 0.4630
Client 9, noise level: 0.6982 (0.6284), real noise ratio: 0.6986
Client 13, noise level: 0.5837 (0.5254), real noise ratio: 0.5850
Client 15, noise level: 0.4336 (0.3903), real noise ratio: 0.4251
Client 20, noise level: 0.6493 (0.5844), real noise ratio: 0.6571
Client 23, noise level: 0.5554 (0.4999), real noise ratio: 0.5444
Client 26, noise level: 0.3955 (0.3559), real noise ratio: 0.3988
Client 27, noise level: 0.4655 (0.4189), real noise ratio: 0.4550
Client 29, noise level: 0.6947 (0.6253), real noise ratio: 0.6917
Client 30, noise level: 0.9713 (0.8741), real noise ratio: 0.9641
Client 32, noise level: 0.3903 (0.3512), real noise ratio: 0.3928
Client 33, noise level: 0.8324 (0.7492), real noise ratio: 0.8311
Client 35, noise level: 0.4230 (0.3807), real noise ratio: 0.4125
Client 38, noise level: 0.9771 (0.8794), real noise ratio: 0.9646
Client 41, noise level: 0.7686 (0.6917), real noise ratio: 0.7551
Client 42, noise level: 0.3765 (0.3389), real noise ratio: 0.3664
Client 47, noise level: 0.4886 (0.4397), real noise ratio: 0.5093
Client 48, noise level: 0.7551 (0.6796), real noise ratio: 0.7664
Round 0 global test acc  1.0000
Round 1 global test acc  1.1700
Round 2 global test acc  4.6000
Round 3 global test acc  6.1400
Round 4 global test acc  10.0800
Round 5 global test acc  12.8500
Round 6 global test acc  16.0100
Round 7 global test acc  17.8400
Round 8 global test acc  15.8900
Round 9 global test acc  20.7000
Round 10 global test acc  21.9700
Round 11 global test acc  22.1600
Round 12 global test acc  25.4500
Round 13 global test acc  25.2700
Round 14 global test acc  25.5000
Round 15 global test acc  26.8200
Round 16 global test acc  27.3200
Round 17 global test acc  24.8800
Round 18 global test acc  30.2500
Round 19 global test acc  30.8500
Round 20 global test acc  31.6100
Round 21 global test acc  31.4400
Round 22 global test acc  32.9000
Round 23 global test acc  34.3000
Round 24 global test acc  33.9600
Round 25 global test acc  34.7300
Round 26 global test acc  36.0100
Round 27 global test acc  36.9600
Round 28 global test acc  36.5900
Round 29 global test acc  37.8100
Round 30 global test acc  38.0100
Round 31 global test acc  38.3500
Round 32 global test acc  36.1900
Round 33 global test acc  39.6600
Round 34 global test acc  41.0300
Round 35 global test acc  40.5600
Round 36 global test acc  39.4600
Round 37 global test acc  40.8400
Round 38 global test acc  42.1100
Round 39 global test acc  42.8600
Round 40 global test acc  43.3900
Round 41 global test acc  43.1500
Round 42 global test acc  39.0400
Round 43 global test acc  41.3900
Round 44 global test acc  43.4600
Round 45 global test acc  44.1200
Round 46 global test acc  40.4700
Round 47 global test acc  43.8800
Round 48 global test acc  44.8000
Round 49 global test acc  44.5000
Round 50 global test acc  43.1500
Round 51 global test acc  45.4600
Round 52 global test acc  46.1200
Round 53 global test acc  43.6100
Round 54 global test acc  43.0900
Round 55 global test acc  45.6800
Round 56 global test acc  43.9200
Round 57 global test acc  46.0500
Round 58 global test acc  43.5200
Round 59 global test acc  42.4500
Round 60 global test acc  42.4000
Round 61 global test acc  42.0600
Round 62 global test acc  46.2000
Round 63 global test acc  47.4100
Round 64 global test acc  46.3700
Round 65 global test acc  47.2600
Round 66 global test acc  47.2500
Round 67 global test acc  45.0600
Round 68 global test acc  47.1900
Round 69 global test acc  47.3800
Round 70 global test acc  47.0000
Round 71 global test acc  48.3000
Round 72 global test acc  48.8200
Round 73 global test acc  47.7400
Round 74 global test acc  46.6500
Round 75 global test acc  48.5100
Round 76 global test acc  48.2000
Round 77 global test acc  48.1000
Round 78 global test acc  47.2400
Round 79 global test acc  49.0700
Round 80 global test acc  49.6200
Round 81 global test acc  49.5600
Round 82 global test acc  47.4800
Round 83 global test acc  48.4200
Round 84 global test acc  49.0700
Round 85 global test acc  49.8600
Round 86 global test acc  46.8800
Round 87 global test acc  49.5700
Round 88 global test acc  49.3800
Round 89 global test acc  49.8900
Round 90 global test acc  48.2900
Round 91 global test acc  48.3000
Round 92 global test acc  49.3700
Round 93 global test acc  45.5800
Round 94 global test acc  49.6500
Round 95 global test acc  49.3100
Round 96 global test acc  46.7700
Round 97 global test acc  49.4200
Round 98 global test acc  47.2400
Round 99 global test acc  48.6300
Round 100 global test acc  46.5900
Round 101 global test acc  49.4600
Round 102 global test acc  51.0700
Round 103 global test acc  48.5900
Round 104 global test acc  47.6900
Round 105 global test acc  49.9900
Round 106 global test acc  49.5800
Round 107 global test acc  50.3000
Round 108 global test acc  51.0300
Round 109 global test acc  51.6300
Round 110 global test acc  49.7500
Round 111 global test acc  50.0200
Round 112 global test acc  50.3900
Round 113 global test acc  48.7500
Round 114 global test acc  51.1700
Round 115 global test acc  48.2700
Round 116 global test acc  51.6500
Round 117 global test acc  50.5400
Round 118 global test acc  47.9700
Round 119 global test acc  49.1200
Round 120 global test acc  51.4200
Round 121 global test acc  47.4800
Round 122 global test acc  49.4700
Round 123 global test acc  48.7800
Round 124 global test acc  51.6800
Round 125 global test acc  52.9100
Round 126 global test acc  51.4300
Round 127 global test acc  51.4400
Round 128 global test acc  44.2400
Round 129 global test acc  49.7100
Round 130 global test acc  52.2200
Round 131 global test acc  52.4200
Round 132 global test acc  51.1700
Round 133 global test acc  50.6300
Round 134 global test acc  46.7000
Round 135 global test acc  47.2200
Round 136 global test acc  46.8600
Round 137 global test acc  49.9100
Round 138 global test acc  51.3800
Round 139 global test acc  50.5100
Round 140 global test acc  50.1400
Round 141 global test acc  50.6700
Round 142 global test acc  36.1400
Round 143 global test acc  44.4300
Round 144 global test acc  49.9500
Round 145 global test acc  49.7200
Round 146 global test acc  50.8200
Round 147 global test acc  52.1400
Round 148 global test acc  52.0300
Round 149 global test acc  50.0000
Round 150 global test acc  50.0800
Round 151 global test acc  48.6700
Round 152 global test acc  50.4900
Round 153 global test acc  51.0900
Round 154 global test acc  51.3900
Round 155 global test acc  51.2600
Round 156 global test acc  50.9800
Round 157 global test acc  49.9400
Round 158 global test acc  50.6500
Round 159 global test acc  51.8700
Round 160 global test acc  52.6000
Round 161 global test acc  49.5400
Round 162 global test acc  52.5800
Round 163 global test acc  51.7200
Round 164 global test acc  51.1200
Round 165 global test acc  48.7700
Round 166 global test acc  47.5100
Round 167 global test acc  53.1100
Round 168 global test acc  52.3700
Round 169 global test acc  51.7900
Round 170 global test acc  51.6400
Round 171 global test acc  50.3000
Round 172 global test acc  52.2700
Round 173 global test acc  52.1200
Round 174 global test acc  51.8500
Round 175 global test acc  52.8800
Round 176 global test acc  48.5100
Round 177 global test acc  48.7000
Round 178 global test acc  51.7000
Round 179 global test acc  40.3600
Round 180 global test acc  50.1100
Round 181 global test acc  50.8400
Round 182 global test acc  52.1300
Round 183 global test acc  52.2000
Round 184 global test acc  52.6600
Round 185 global test acc  51.6800
Round 186 global test acc  50.2200
Round 187 global test acc  51.7000
Round 188 global test acc  52.6500
Round 189 global test acc  52.4500
Round 190 global test acc  52.4200
Round 191 global test acc  53.3200
Round 192 global test acc  49.5600
Round 193 global test acc  51.0500
Round 194 global test acc  53.6200
Round 195 global test acc  50.3900
Round 196 global test acc  53.7300
Round 197 global test acc  51.9500
Round 198 global test acc  52.3600
Round 199 global test acc  52.5600
Round 200 global test acc  52.8700
Round 201 global test acc  53.3900
Round 202 global test acc  48.6200
Round 203 global test acc  51.0700
Round 204 global test acc  54.1100
Round 205 global test acc  49.6000
Round 206 global test acc  54.2900
Round 207 global test acc  51.5900
Round 208 global test acc  52.7100
Round 209 global test acc  51.1500
Round 210 global test acc  51.0400
Round 211 global test acc  51.9100
Round 212 global test acc  52.3200
Round 213 global test acc  49.2800
Round 214 global test acc  53.3100
Round 215 global test acc  52.9200
Round 216 global test acc  53.7400
Round 217 global test acc  49.7200
Round 218 global test acc  52.5800
Round 219 global test acc  52.8900
Round 220 global test acc  52.1000
Round 221 global test acc  50.4100
Round 222 global test acc  53.4000
Round 223 global test acc  50.1700
Round 224 global test acc  51.9900
Round 225 global test acc  45.7400
Round 226 global test acc  53.3500
Round 227 global test acc  53.6000
Round 228 global test acc  53.8700
Round 229 global test acc  54.4300
Round 230 global test acc  53.9400
Round 231 global test acc  53.2000
Round 232 global test acc  53.0700
Round 233 global test acc  52.6300
Round 234 global test acc  52.3500
Round 235 global test acc  53.5700
Round 236 global test acc  53.5100
Round 237 global test acc  54.3300
Round 238 global test acc  48.6800
Round 239 global test acc  51.4500
Round 240 global test acc  53.1200
Round 241 global test acc  53.3100
Round 242 global test acc  54.8700
Round 243 global test acc  49.7400
Round 244 global test acc  53.8200
Round 245 global test acc  53.4400
Round 246 global test acc  47.3500
Round 247 global test acc  53.8700
Round 248 global test acc  53.6700
Round 249 global test acc  52.0500
Round 250 global test acc  52.1400
Round 251 global test acc  49.4200
Round 252 global test acc  52.1800
Round 253 global test acc  48.7700
Round 254 global test acc  53.3000
Round 255 global test acc  52.5200
Round 256 global test acc  54.3800
Round 257 global test acc  53.2800
Round 258 global test acc  53.2900
Round 259 global test acc  53.9600
Round 260 global test acc  51.9000
Round 261 global test acc  51.4200
Round 262 global test acc  50.0300
Round 263 global test acc  50.0200
Round 264 global test acc  52.8700
Round 265 global test acc  50.4300
Round 266 global test acc  51.3800
Round 267 global test acc  49.4600
Round 268 global test acc  48.4800
Round 269 global test acc  49.6600
Round 270 global test acc  51.6700
Round 271 global test acc  54.1300
Round 272 global test acc  53.4800
Round 273 global test acc  54.0300
Round 274 global test acc  53.2500
Round 275 global test acc  50.6800
Round 276 global test acc  53.0000
Round 277 global test acc  53.1100
Round 278 global test acc  53.2700
Round 279 global test acc  54.1500
Round 280 global test acc  54.6800
Round 281 global test acc  48.1500
Round 282 global test acc  51.5500
Round 283 global test acc  54.1800
Round 284 global test acc  52.0000
Round 285 global test acc  45.8400
Round 286 global test acc  52.9300
Round 287 global test acc  54.4000
Round 288 global test acc  52.5400
Round 289 global test acc  53.5600
Round 290 global test acc  53.0400
Round 291 global test acc  55.0200
Round 292 global test acc  53.0900
Round 293 global test acc  51.6900
Round 294 global test acc  53.6200
Round 295 global test acc  49.6800
Round 296 global test acc  50.2700
Round 297 global test acc  52.5400
Round 298 global test acc  53.2300
Round 299 global test acc  54.5700
Round 300 global test acc  54.6200
Round 301 global test acc  52.3000
Round 302 global test acc  51.2100
Round 303 global test acc  52.5800
Round 304 global test acc  52.9400
Round 305 global test acc  55.2100
Round 306 global test acc  52.8000
Round 307 global test acc  49.8900
Round 308 global test acc  53.6000
Round 309 global test acc  47.9700
Round 310 global test acc  52.2300
Round 311 global test acc  49.9100
Round 312 global test acc  53.6600
Round 313 global test acc  51.8000
Round 314 global test acc  54.4100
Round 315 global test acc  50.1600
Round 316 global test acc  51.1800
Round 317 global test acc  54.3100
Round 318 global test acc  49.4400
Round 319 global test acc  52.5300
Round 320 global test acc  53.4600
Round 321 global test acc  54.2900
Round 322 global test acc  49.7100
Round 323 global test acc  54.4900
Round 324 global test acc  52.8300
Round 325 global test acc  50.7700
Round 326 global test acc  53.6100
Round 327 global test acc  53.2500
Round 328 global test acc  48.2800
Round 329 global test acc  55.1600
Round 330 global test acc  52.5800
Round 331 global test acc  53.7300
Round 332 global test acc  51.5400
Round 333 global test acc  53.0300
Round 334 global test acc  52.0900
Round 335 global test acc  51.1900
Round 336 global test acc  53.6900
Round 337 global test acc  50.3700
Round 338 global test acc  54.1200
Round 339 global test acc  48.5400
Round 340 global test acc  51.2900
Round 341 global test acc  51.9900
Round 342 global test acc  53.8100
Round 343 global test acc  53.4600
Round 344 global test acc  52.5400
Round 345 global test acc  50.5200
Round 346 global test acc  50.4000
Round 347 global test acc  48.7800
Round 348 global test acc  53.5300
Round 349 global test acc  53.2700
Round 350 global test acc  54.2400
Round 351 global test acc  54.5800
Round 352 global test acc  54.4700
Round 353 global test acc  55.0200
Round 354 global test acc  52.3300
Round 355 global test acc  53.1300
Round 356 global test acc  52.2000
Round 357 global test acc  52.5200
Round 358 global test acc  54.3900
Round 359 global test acc  52.5300
Round 360 global test acc  53.3900
Round 361 global test acc  52.3800
Round 362 global test acc  54.3000
Round 363 global test acc  51.7600
Round 364 global test acc  50.8700
Round 365 global test acc  52.4600
Round 366 global test acc  53.6400
Round 367 global test acc  53.8500
Round 368 global test acc  52.6700
Round 369 global test acc  49.3000
Round 370 global test acc  53.2100
Round 371 global test acc  49.5000
Round 372 global test acc  52.5700
Round 373 global test acc  50.6200
Round 374 global test acc  52.1900
Round 375 global test acc  52.5100
Round 376 global test acc  53.1200
Round 377 global test acc  50.9100
Round 378 global test acc  54.7800
Round 379 global test acc  53.8200
Round 380 global test acc  52.4100
Round 381 global test acc  50.2200
Round 382 global test acc  49.1300
Round 383 global test acc  54.2100
Round 384 global test acc  47.7700
Round 385 global test acc  54.1000
Round 386 global test acc  52.1600
Round 387 global test acc  51.8100
Round 388 global test acc  52.6500
Round 389 global test acc  52.1600
Round 390 global test acc  54.2600
Round 391 global test acc  51.1100
Round 392 global test acc  53.7200
Round 393 global test acc  53.3500
Round 394 global test acc  54.3800
Round 395 global test acc  53.5500
Round 396 global test acc  53.7300
Round 397 global test acc  49.0600
Round 398 global test acc  54.1600
Round 399 global test acc  52.1300
Round 400 global test acc  49.7200
Round 401 global test acc  50.0400
Round 402 global test acc  49.5900
Round 403 global test acc  53.3700
Round 404 global test acc  48.8600
Round 405 global test acc  51.4500
Round 406 global test acc  54.7400
Round 407 global test acc  51.5500
Round 408 global test acc  54.4000
Round 409 global test acc  53.3400
Round 410 global test acc  45.3900
Round 411 global test acc  53.4700
Round 412 global test acc  47.7000
Round 413 global test acc  49.6300
Round 414 global test acc  48.6600
Round 415 global test acc  50.4500
Round 416 global test acc  51.8100
Round 417 global test acc  52.7700
Round 418 global test acc  45.7200
Round 419 global test acc  47.5800
Round 420 global test acc  49.4500
Round 421 global test acc  52.8000
Round 422 global test acc  51.6500
Round 423 global test acc  48.3600
Round 424 global test acc  48.2800
Round 425 global test acc  51.3400
Round 426 global test acc  52.0200
Round 427 global test acc  54.4500
Round 428 global test acc  51.1600
Round 429 global test acc  50.4600
Round 430 global test acc  53.2300
Round 431 global test acc  49.8900
Round 432 global test acc  49.5400
Round 433 global test acc  48.9000
Round 434 global test acc  53.5500
Round 435 global test acc  52.8700
Round 436 global test acc  53.6700
Round 437 global test acc  53.1300
Round 438 global test acc  53.8900
Round 439 global test acc  54.0100
Round 440 global test acc  51.9300
Round 441 global test acc  50.9200
Round 442 global test acc  53.2900
Round 443 global test acc  52.4900
Round 444 global test acc  51.7200
Round 445 global test acc  53.5800
Round 446 global test acc  53.3100
Round 447 global test acc  49.3900
Round 448 global test acc  53.0300
Round 449 global test acc  51.4400
time : 43405.109287023544
