('algorithm', 'FedTwin')
('gpu', 2)
('seed', 13)
('save_dir', './record/')
('rounds2', 450)
('local_ep', 5)
('frac2', 0.2)
('num_users', 50)
('local_bs', 32)
('lr', 0.01)
('model', 'resnet34')
('num_classes', 10)
('level_n_system', 0.5)
('level_n_lowerb', 0.3)
('alpha_dirichlet', 10)
('non_iid_prob_class', 0.7)
('dataset', 'cifar100')
('iid', False)
('LID_k', 20)
('iteration1', 5)
('rounds1', 200)
('frac1', 0.01)
('pretrained', False)
('mixup', False)
('alpha', 1)
('beta', 5)
('relabel_ratio', 0.5)
('confidence_thres', 0.5)
('clean_set_thres', 0.1)
('fine_tuning', True)
('correction', True)
('T_pl', 100)
('lambda_cen', 1.0)
('lambda_e', 0.8)
('num_gradual', 10)
('forget_rate', 0.2)
('lr_decay', 0.1)
('schedule', [])
('momentum', 0.5)
('weight_decay', 0.0001)
('feature_dim', 128)
('plr', 0.01)
('lamda', 15)
('K', 5)
('gamma', 1)
('begin_sel', 10)
('max_beta', 2.0)
('mu', 0.01)
('device', device(type='cuda', index=2))
Files already downloaded and verified
Files already downloaded and verified
Client 0, noise level: 0.7803 (0.7022), real noise ratio: 0.7763
Client 2, noise level: 0.3966 (0.3569), real noise ratio: 0.3821
Client 3, noise level: 0.3691 (0.3322), real noise ratio: 0.3473
Client 4, noise level: 0.4719 (0.4247), real noise ratio: 0.4391
Client 6, noise level: 0.9482 (0.8534), real noise ratio: 0.9435
Client 7, noise level: 0.7761 (0.6985), real noise ratio: 0.7680
Client 8, noise level: 0.4664 (0.4197), real noise ratio: 0.4630
Client 9, noise level: 0.6982 (0.6284), real noise ratio: 0.6986
Client 13, noise level: 0.5837 (0.5254), real noise ratio: 0.5850
Client 15, noise level: 0.4336 (0.3903), real noise ratio: 0.4251
Client 20, noise level: 0.6493 (0.5844), real noise ratio: 0.6571
Client 23, noise level: 0.5554 (0.4999), real noise ratio: 0.5444
Client 26, noise level: 0.3955 (0.3559), real noise ratio: 0.3988
Client 27, noise level: 0.4655 (0.4189), real noise ratio: 0.4550
Client 29, noise level: 0.6947 (0.6253), real noise ratio: 0.6917
Client 30, noise level: 0.9713 (0.8741), real noise ratio: 0.9641
Client 32, noise level: 0.3903 (0.3512), real noise ratio: 0.3928
Client 33, noise level: 0.8324 (0.7492), real noise ratio: 0.8311
Client 35, noise level: 0.4230 (0.3807), real noise ratio: 0.4125
Client 38, noise level: 0.9771 (0.8794), real noise ratio: 0.9646
Client 41, noise level: 0.7686 (0.6917), real noise ratio: 0.7551
Client 42, noise level: 0.3765 (0.3389), real noise ratio: 0.3664
Client 47, noise level: 0.4886 (0.4397), real noise ratio: 0.5093
Client 48, noise level: 0.7551 (0.6796), real noise ratio: 0.7664

Rounds 0 early training:
Round 0 train loss  3.6060
Round 0 global test acc  1.0100 


Rounds 1 early training:
Round 1 train loss  3.5771
Round 1 global test acc  3.7000 


Rounds 2 early training:
Round 2 train loss  2.9759
Round 2 global test acc  9.0400 


Rounds 3 early training:
Round 3 train loss  0.6470
Round 3 global test acc  5.0300 


Rounds 4 early training:
Round 4 train loss  -1.4605
Round 4 global test acc  9.5600 


Rounds 5 early training:
Round 5 train loss  -4.8339
Round 5 global test acc  14.6300 


Rounds 6 early training:
Round 6 train loss  -7.9910
Round 6 global test acc  17.0900 


Rounds 7 early training:
Round 7 train loss  -11.4882
Round 7 global test acc  19.7700 


Rounds 8 early training:
Round 8 train loss  -15.0767
Round 8 global test acc  20.3800 


Rounds 9 early training:
Round 9 train loss  -17.7846
Round 9 global test acc  23.1400 


Rounds 10 early training:
Round 10 train loss  -21.9009
Round 10 global test acc  23.2100 


Rounds 11 filter noisy data:
Round 11 train loss  -26.6780
Round 11 global test acc  24.1800 


Rounds 12 filter noisy data:
Round 12 train loss  -28.3084
Round 12 global test acc  26.3300 


Rounds 13 filter noisy data:
Round 13 train loss  -28.5421
Round 13 global test acc  27.1800 


Rounds 14 filter noisy data:
Round 14 train loss  -28.8968
Round 14 global test acc  28.0300 


Rounds 15 filter noisy data:
Round 15 train loss  -29.4138
Round 15 global test acc  28.4200 


Rounds 16 filter noisy data:
Round 16 train loss  -29.4091
Round 16 global test acc  28.7000 


Rounds 17 filter noisy data:
Round 17 train loss  -29.7426
Round 17 global test acc  27.3200 


Rounds 18 filter noisy data:
Round 18 train loss  -29.4717
Round 18 global test acc  31.5800 


Rounds 19 filter noisy data:
Round 19 train loss  -29.5569
Round 19 global test acc  31.9800 


Rounds 20 filter noisy data:
Round 20 train loss  -29.6698
Round 20 global test acc  32.0200 


Rounds 21 filter noisy data:
Round 21 train loss  -29.8751
Round 21 global test acc  33.0900 


Rounds 22 filter noisy data:
Round 22 train loss  -30.1596
Round 22 global test acc  33.5800 


Rounds 23 filter noisy data:
Round 23 train loss  -30.2813
Round 23 global test acc  35.1700 


Rounds 24 filter noisy data:
Round 24 train loss  -30.1133
Round 24 global test acc  35.3800 


Rounds 25 filter noisy data:
Round 25 train loss  -30.4422
Round 25 global test acc  35.5000 


Rounds 26 filter noisy data:
Round 26 train loss  -30.8076
Round 26 global test acc  35.7800 


Rounds 27 filter noisy data:
Round 27 train loss  -30.8948
Round 27 global test acc  37.1100 


Rounds 28 filter noisy data:
Round 28 train loss  -30.8051
Round 28 global test acc  37.9800 


Rounds 29 filter noisy data:
Round 29 train loss  -31.4102
Round 29 global test acc  39.1000 


Rounds 30 filter noisy data:
Round 30 train loss  -30.3867
Round 30 global test acc  38.9500 


Rounds 31 filter noisy data:
Round 31 train loss  -31.2002
Round 31 global test acc  39.5000 


Rounds 32 filter noisy data:
Round 32 train loss  -30.7857
Round 32 global test acc  37.9200 


Rounds 33 filter noisy data:
Round 33 train loss  -31.2432
Round 33 global test acc  40.1300 


Rounds 34 filter noisy data:
Round 34 train loss  -31.3037
Round 34 global test acc  40.6900 


Rounds 35 filter noisy data:
Round 35 train loss  -31.3915
Round 35 global test acc  41.1800 


Rounds 36 filter noisy data:
Round 36 train loss  -31.1264
Round 36 global test acc  40.9700 


Rounds 37 filter noisy data:
Round 37 train loss  -31.8425
Round 37 global test acc  41.2200 


Rounds 38 filter noisy data:
Round 38 train loss  -31.9269
Round 38 global test acc  41.7500 


Rounds 39 filter noisy data:
Round 39 train loss  -31.9869
Round 39 global test acc  42.7100 


Rounds 40 filter noisy data:
Round 40 train loss  -31.9447
Round 40 global test acc  43.8900 


Rounds 41 filter noisy data:
Round 41 train loss  -31.8339
Round 41 global test acc  43.5400 


Rounds 42 filter noisy data:
Round 42 train loss  -31.3979
Round 42 global test acc  40.6100 


Rounds 43 filter noisy data:
Round 43 train loss  -31.7801
Round 43 global test acc  42.6500 


Rounds 44 filter noisy data:
Round 44 train loss  -31.9243
Round 44 global test acc  43.8900 


Rounds 45 filter noisy data:
Round 45 train loss  -32.2424
Round 45 global test acc  44.0100 


Rounds 46 filter noisy data:
Round 46 train loss  -31.5279
Round 46 global test acc  42.5300 


Rounds 47 filter noisy data:
Round 47 train loss  -32.4248
Round 47 global test acc  44.6700 


Rounds 48 filter noisy data:
Round 48 train loss  -32.7983
Round 48 global test acc  45.8900 


Rounds 49 filter noisy data:
Round 49 train loss  -32.2024
Round 49 global test acc  44.9400 


Rounds 50 filter noisy data:
Round 50 train loss  -32.1287
Round 50 global test acc  44.8900 


Rounds 51 filter noisy data:
Round 51 train loss  -32.4067
Round 51 global test acc  45.1600 


Rounds 52 filter noisy data:
Round 52 train loss  -32.4899
Round 52 global test acc  46.7100 


Rounds 53 filter noisy data:
Round 53 train loss  -32.1411
Round 53 global test acc  44.7000 


Rounds 54 filter noisy data:
Round 54 train loss  -32.3731
Round 54 global test acc  44.6600 


Rounds 55 filter noisy data:
Round 55 train loss  -32.9983
Round 55 global test acc  47.4600 


Rounds 56 filter noisy data:
Round 56 train loss  -32.3008
Round 56 global test acc  45.2300 


Rounds 57 filter noisy data:
Round 57 train loss  -32.7555
Round 57 global test acc  46.4400 


Rounds 58 filter noisy data:
Round 58 train loss  -32.5998
Round 58 global test acc  44.8700 


Rounds 59 filter noisy data:
Round 59 train loss  -32.3239
Round 59 global test acc  44.8200 


Rounds 60 filter noisy data:
Round 60 train loss  -32.7025
Round 60 global test acc  45.4600 


Rounds 61 filter noisy data:
Round 61 train loss  -32.6072
Round 61 global test acc  44.6800 


Rounds 62 filter noisy data:
Round 62 train loss  -32.8862
Round 62 global test acc  47.0200 


Rounds 63 filter noisy data:
Round 63 train loss  -33.1632
Round 63 global test acc  47.8000 


Rounds 64 filter noisy data:
Round 64 train loss  -32.7907
Round 64 global test acc  48.8200 


Rounds 65 filter noisy data:
Round 65 train loss  -33.0684
Round 65 global test acc  48.6400 


Rounds 66 filter noisy data:
Round 66 train loss  -32.7207
Round 66 global test acc  48.2000 


Rounds 67 filter noisy data:
Round 67 train loss  -32.8919
Round 67 global test acc  47.6100 


Rounds 68 filter noisy data:
Round 68 train loss  -32.8536
Round 68 global test acc  48.2100 


Rounds 69 filter noisy data:
Round 69 train loss  -33.1359
Round 69 global test acc  47.9300 


Rounds 70 filter noisy data:
Round 70 train loss  -33.2553
Round 70 global test acc  48.0000 


Rounds 71 filter noisy data:
Round 71 train loss  -33.2489
Round 71 global test acc  49.1600 


Rounds 72 filter noisy data:
Round 72 train loss  -33.2239
Round 72 global test acc  49.8400 


Rounds 73 filter noisy data:
Round 73 train loss  -32.7797
Round 73 global test acc  49.7400 


Rounds 74 filter noisy data:
Round 74 train loss  -33.1490
Round 74 global test acc  49.4900 


Rounds 75 filter noisy data:
Round 75 train loss  -33.3286
Round 75 global test acc  50.0200 


Rounds 76 filter noisy data:
Round 76 train loss  -33.3828
Round 76 global test acc  49.1900 


Rounds 77 filter noisy data:
Round 77 train loss  -33.1987
Round 77 global test acc  49.8700 


Rounds 78 filter noisy data:
Round 78 train loss  -33.2735
Round 78 global test acc  49.4300 


Rounds 79 filter noisy data:
Round 79 train loss  -33.6654
Round 79 global test acc  51.0700 


Rounds 80 filter noisy data:
Round 80 train loss  -33.5493
Round 80 global test acc  51.2400 


Rounds 81 filter noisy data:
Round 81 train loss  -33.7406
Round 81 global test acc  50.9700 


Rounds 82 filter noisy data:
Round 82 train loss  -33.1254
Round 82 global test acc  49.0900 


Rounds 83 filter noisy data:
Round 83 train loss  -33.5163
Round 83 global test acc  50.0300 


Rounds 84 filter noisy data:
Round 84 train loss  -33.8157
Round 84 global test acc  50.7700 


Rounds 85 filter noisy data:
Round 85 train loss  -33.4899
Round 85 global test acc  51.2800 


Rounds 86 filter noisy data:
Round 86 train loss  -33.6919
Round 86 global test acc  49.7700 


Rounds 87 filter noisy data:
Round 87 train loss  -33.9392
Round 87 global test acc  50.6800 


Rounds 88 filter noisy data:
Round 88 train loss  -33.6658
Round 88 global test acc  50.8000 


Rounds 89 filter noisy data:
Round 89 train loss  -34.0940
Round 89 global test acc  51.0400 


Rounds 90 filter noisy data:
Round 90 train loss  -33.7236
Round 90 global test acc  50.6200 


Rounds 91 filter noisy data:
Round 91 train loss  -33.6996
Round 91 global test acc  50.2100 


Rounds 92 filter noisy data:
Round 92 train loss  -34.1845
Round 92 global test acc  50.1000 


Rounds 93 filter noisy data:
Round 93 train loss  -33.4593
Round 93 global test acc  48.4200 


Rounds 94 filter noisy data:
Round 94 train loss  -33.9618
Round 94 global test acc  51.3900 


Rounds 95 filter noisy data:
Round 95 train loss  -33.8304
Round 95 global test acc  51.2300 


Rounds 96 filter noisy data:
Round 96 train loss  -33.7952
Round 96 global test acc  49.4400 


Rounds 97 filter noisy data:
Round 97 train loss  -33.8363
Round 97 global test acc  50.9300 


Rounds 98 filter noisy data:
Round 98 train loss  -33.7287
Round 98 global test acc  49.7500 


Rounds 99 filter noisy data:
Round 99 train loss  -33.7162
Round 99 global test acc  50.4900 


Rounds 100 filter noisy data:
Round 100 train loss  -33.9227
Round 100 global test acc  49.2400 


Rounds 101 filter noisy data:
Round 101 train loss  -34.2033
Round 101 global test acc  51.3500 


Rounds 102 filter noisy data:
Round 102 train loss  -34.4110
Round 102 global test acc  52.9600 


Rounds 103 filter noisy data:
Round 103 train loss  -33.9097
Round 103 global test acc  51.2200 


Rounds 104 filter noisy data:
Round 104 train loss  -33.9883
Round 104 global test acc  50.8000 


Rounds 105 filter noisy data:
Round 105 train loss  -34.3570
Round 105 global test acc  52.1700 


Rounds 106 filter noisy data:
Round 106 train loss  -34.2674
Round 106 global test acc  51.5400 


Rounds 107 filter noisy data:
Round 107 train loss  -34.0988
Round 107 global test acc  51.2600 


Rounds 108 filter noisy data:
Round 108 train loss  -34.4482
Round 108 global test acc  52.9500 


Rounds 109 filter noisy data:
Round 109 train loss  -34.3582
Round 109 global test acc  53.1800 


Rounds 110 filter noisy data:
Round 110 train loss  -33.8371
Round 110 global test acc  51.6300 


Rounds 111 filter noisy data:
Round 111 train loss  -34.2318
Round 111 global test acc  51.9100 


Rounds 112 filter noisy data:
Round 112 train loss  -34.2257
Round 112 global test acc  52.0500 


Rounds 113 filter noisy data:
Round 113 train loss  -34.4454
Round 113 global test acc  50.9000 


Rounds 114 filter noisy data:
Round 114 train loss  -34.5651
Round 114 global test acc  52.9400 


Rounds 115 filter noisy data:
Round 115 train loss  -33.6538
Round 115 global test acc  51.3800 


Rounds 116 filter noisy data:
Round 116 train loss  -34.3448
Round 116 global test acc  52.9600 


Rounds 117 filter noisy data:
Round 117 train loss  -34.0632
Round 117 global test acc  51.9600 


Rounds 118 filter noisy data:
Round 118 train loss  -34.0547
Round 118 global test acc  49.8600 


Rounds 119 filter noisy data:
Round 119 train loss  -34.4808
Round 119 global test acc  51.6000 


Rounds 120 filter noisy data:
Round 120 train loss  -34.6334
Round 120 global test acc  52.8700 


Rounds 121 filter noisy data:
Round 121 train loss  -34.1272
Round 121 global test acc  50.3600 


Rounds 122 filter noisy data:
Round 122 train loss  -34.1991
Round 122 global test acc  51.5400 


Rounds 123 filter noisy data:
Round 123 train loss  -34.2864
Round 123 global test acc  51.8100 


Rounds 124 filter noisy data:
Round 124 train loss  -34.7189
Round 124 global test acc  52.9500 


Rounds 125 filter noisy data:
Round 125 train loss  -34.5382
Round 125 global test acc  53.9300 


Rounds 126 filter noisy data:
Round 126 train loss  -34.2822
Round 126 global test acc  53.0100 


Rounds 127 filter noisy data:
Round 127 train loss  -34.5386
Round 127 global test acc  52.7000 


Rounds 128 filter noisy data:
Round 128 train loss  -34.3299
Round 128 global test acc  48.2700 


Rounds 129 filter noisy data:
Round 129 train loss  -34.1956
Round 129 global test acc  52.7400 


Rounds 130 filter noisy data:
Round 130 train loss  -34.5877
Round 130 global test acc  54.1300 


Rounds 131 filter noisy data:
Round 131 train loss  -34.5072
Round 131 global test acc  53.2300 


Rounds 132 filter noisy data:
Round 132 train loss  -34.6797
Round 132 global test acc  52.9000 


Rounds 133 filter noisy data:
Round 133 train loss  -34.4381
Round 133 global test acc  52.7200 


Rounds 134 filter noisy data:
Round 134 train loss  -34.2994
Round 134 global test acc  50.7600 


Rounds 135 filter noisy data:
Round 135 train loss  -34.4165
Round 135 global test acc  50.4600 


Rounds 136 filter noisy data:
Round 136 train loss  -34.2668
Round 136 global test acc  50.7300 


Rounds 137 filter noisy data:
Round 137 train loss  -34.4092
Round 137 global test acc  52.3800 


Rounds 138 filter noisy data:
Round 138 train loss  -34.6827
Round 138 global test acc  53.0800 


Rounds 139 filter noisy data:
Round 139 train loss  -34.8247
Round 139 global test acc  52.8000 


Rounds 140 filter noisy data:
Round 140 train loss  -34.5419
Round 140 global test acc  51.7700 


Rounds 141 filter noisy data:
Round 141 train loss  -34.9061
Round 141 global test acc  52.4400 


Rounds 142 filter noisy data:
Round 142 train loss  -34.1884
Round 142 global test acc  41.1600 


Rounds 143 filter noisy data:
Round 143 train loss  -34.6310
Round 143 global test acc  48.2000 


Rounds 144 filter noisy data:
Round 144 train loss  -34.5323
Round 144 global test acc  51.1300 


Rounds 145 filter noisy data:
Round 145 train loss  -34.6859
Round 145 global test acc  52.1600 


Rounds 146 filter noisy data:
Round 146 train loss  -34.7073
Round 146 global test acc  52.5300 


Rounds 147 filter noisy data:
Round 147 train loss  -34.8926
Round 147 global test acc  53.5800 


Rounds 148 filter noisy data:
Round 148 train loss  -34.8767
Round 148 global test acc  53.8800 


Rounds 149 filter noisy data:
Round 149 train loss  -34.5804
Round 149 global test acc  52.0700 


Rounds 150 filter noisy data:
Round 150 train loss  -34.8460
Round 150 global test acc  52.3700 


Rounds 151 filter noisy data:
Round 151 train loss  -34.6407
Round 151 global test acc  52.2600 


Rounds 152 filter noisy data:
Round 152 train loss  -34.9660
Round 152 global test acc  52.9400 


Rounds 153 filter noisy data:
Round 153 train loss  -34.8695
Round 153 global test acc  53.0800 


Rounds 154 filter noisy data:
Round 154 train loss  -34.7062
Round 154 global test acc  52.9200 


Rounds 155 filter noisy data:
Round 155 train loss  -34.8771
Round 155 global test acc  53.4100 


Rounds 156 filter noisy data:
Round 156 train loss  -34.8382
Round 156 global test acc  52.9300 


Rounds 157 filter noisy data:
Round 157 train loss  -34.8717
Round 157 global test acc  52.4500 


Rounds 158 filter noisy data:
Round 158 train loss  -34.8736
Round 158 global test acc  52.6200 


Rounds 159 filter noisy data:
Round 159 train loss  -35.2529
Round 159 global test acc  53.0000 


Rounds 160 filter noisy data:
Round 160 train loss  -34.9500
Round 160 global test acc  53.1700 


Rounds 161 filter noisy data:
Round 161 train loss  -34.7975
Round 161 global test acc  51.6400 


Rounds 162 filter noisy data:
Round 162 train loss  -35.0347
Round 162 global test acc  54.2600 


Rounds 163 filter noisy data:
Round 163 train loss  -35.1749
Round 163 global test acc  53.3000 


Rounds 164 filter noisy data:
Round 164 train loss  -34.9593
Round 164 global test acc  52.8400 


Rounds 165 filter noisy data:
Round 165 train loss  -35.0297
Round 165 global test acc  51.6000 


Rounds 166 filter noisy data:
Round 166 train loss  -34.6933
Round 166 global test acc  50.2500 


Rounds 167 filter noisy data:
Round 167 train loss  -35.2504
Round 167 global test acc  54.5400 


Rounds 168 filter noisy data:
Round 168 train loss  -34.9748
Round 168 global test acc  54.6700 


Rounds 169 filter noisy data:
Round 169 train loss  -34.8588
Round 169 global test acc  53.6500 


Rounds 170 filter noisy data:
Round 170 train loss  -35.0691
Round 170 global test acc  53.2800 


Rounds 171 filter noisy data:
Round 171 train loss  -34.6476
Round 171 global test acc  52.6500 


Rounds 172 filter noisy data:
Round 172 train loss  -35.2293
Round 172 global test acc  53.8900 


Rounds 173 filter noisy data:
Round 173 train loss  -35.0325
Round 173 global test acc  53.3700 


Rounds 174 filter noisy data:
Round 174 train loss  -34.9783
Round 174 global test acc  53.6300 


Rounds 175 filter noisy data:
Round 175 train loss  -35.2114
Round 175 global test acc  55.0200 


Rounds 176 filter noisy data:
Round 176 train loss  -34.8195
Round 176 global test acc  51.8200 


Rounds 177 filter noisy data:
Round 177 train loss  -34.9235
Round 177 global test acc  52.7100 


Rounds 178 filter noisy data:
Round 178 train loss  -35.1129
Round 178 global test acc  54.1500 


Rounds 179 filter noisy data:
Round 179 train loss  -34.6506
Round 179 global test acc  44.6800 


Rounds 180 filter noisy data:
Round 180 train loss  -35.0532
Round 180 global test acc  52.5100 


Rounds 181 filter noisy data:
Round 181 train loss  -35.0328
Round 181 global test acc  52.7600 


Rounds 182 filter noisy data:
Round 182 train loss  -35.1275
Round 182 global test acc  53.9200 


Rounds 183 filter noisy data:
Round 183 train loss  -35.0577
Round 183 global test acc  54.3400 


Rounds 184 filter noisy data:
Round 184 train loss  -35.2149
Round 184 global test acc  54.2900 


Rounds 185 filter noisy data:
Round 185 train loss  -35.2638
Round 185 global test acc  53.8100 


Rounds 186 filter noisy data:
Round 186 train loss  -34.9714
Round 186 global test acc  51.4500 


Rounds 187 filter noisy data:
Round 187 train loss  -35.2533
Round 187 global test acc  53.9700 


Rounds 188 filter noisy data:
Round 188 train loss  -35.2365
Round 188 global test acc  54.4700 


Rounds 189 filter noisy data:
Round 189 train loss  -35.1265
Round 189 global test acc  53.7100 


Rounds 190 filter noisy data:
Round 190 train loss  -35.2706
Round 190 global test acc  54.0600 


Rounds 191 filter noisy data:
Round 191 train loss  -35.2368
Round 191 global test acc  54.7500 


Rounds 192 filter noisy data:
Round 192 train loss  -34.8084
Round 192 global test acc  52.1700 


Rounds 193 filter noisy data:
Round 193 train loss  -35.2013
Round 193 global test acc  53.3500 


Rounds 194 filter noisy data:
Round 194 train loss  -35.3615
Round 194 global test acc  54.7000 


Rounds 195 filter noisy data:
Round 195 train loss  -35.0211
Round 195 global test acc  52.9100 


Rounds 196 filter noisy data:
Round 196 train loss  -35.2874
Round 196 global test acc  55.0500 


Rounds 197 filter noisy data:
Round 197 train loss  -34.9525
Round 197 global test acc  54.9400 


Rounds 198 filter noisy data:
Round 198 train loss  -35.0793
Round 198 global test acc  53.9900 


Rounds 199 filter noisy data:
Round 199 train loss  -35.1231
Round 199 global test acc  53.8100 


Rounds 200 filter noisy data:
Round 200 train loss  -35.1533
Round 200 global test acc  54.0200 


Rounds 201 filter noisy data:
Round 201 train loss  -35.1997
Round 201 global test acc  55.3400 


Rounds 202 filter noisy data:
Round 202 train loss  -35.0380
Round 202 global test acc  51.9800 


Rounds 203 filter noisy data:
Round 203 train loss  -35.2848
Round 203 global test acc  53.2600 


Rounds 204 filter noisy data:
Round 204 train loss  -35.3031
Round 204 global test acc  55.6400 


Rounds 205 filter noisy data:
Round 205 train loss  -34.8312
Round 205 global test acc  51.7200 


Rounds 206 filter noisy data:
Round 206 train loss  -35.4232
Round 206 global test acc  55.3600 


Rounds 207 filter noisy data:
Round 207 train loss  -35.1074
Round 207 global test acc  54.0400 


Rounds 208 filter noisy data:
Round 208 train loss  -35.4745
Round 208 global test acc  54.8800 


Rounds 209 filter noisy data:
Round 209 train loss  -35.3104
Round 209 global test acc  53.5700 


Rounds 210 filter noisy data:
Round 210 train loss  -35.4045
Round 210 global test acc  53.3900 


Rounds 211 filter noisy data:
Round 211 train loss  -35.0938
Round 211 global test acc  54.2300 


Rounds 212 filter noisy data:
Round 212 train loss  -35.1558
Round 212 global test acc  54.2400 


Rounds 213 filter noisy data:
Round 213 train loss  -35.0182
Round 213 global test acc  51.6900 


Rounds 214 filter noisy data:
Round 214 train loss  -35.3496
Round 214 global test acc  54.8400 


Rounds 215 filter noisy data:
Round 215 train loss  -35.2495
Round 215 global test acc  54.8600 


Rounds 216 filter noisy data:
Round 216 train loss  -35.3674
Round 216 global test acc  54.9000 


Rounds 217 filter noisy data:
Round 217 train loss  -35.2089
Round 217 global test acc  52.4100 


Rounds 218 filter noisy data:
Round 218 train loss  -35.1288
Round 218 global test acc  54.4700 


Rounds 219 filter noisy data:
Round 219 train loss  -35.2643
Round 219 global test acc  54.5900 


Rounds 220 filter noisy data:
Round 220 train loss  -35.1783
Round 220 global test acc  53.7800 


Rounds 221 filter noisy data:
Round 221 train loss  -35.2596
Round 221 global test acc  53.0100 


Rounds 222 filter noisy data:
Round 222 train loss  -35.3896
Round 222 global test acc  55.1300 


Rounds 223 filter noisy data:
Round 223 train loss  -35.0312
Round 223 global test acc  51.8200 


Rounds 224 filter noisy data:
Round 224 train loss  -35.2248
Round 224 global test acc  54.4800 


Rounds 225 filter noisy data:
Round 225 train loss  -35.3532
Round 225 global test acc  48.0300 


Rounds 226 filter noisy data:
Round 226 train loss  -35.4810
Round 226 global test acc  55.3700 


Rounds 227 filter noisy data:
Round 227 train loss  -35.5318
Round 227 global test acc  54.8500 


Rounds 228 filter noisy data:
Round 228 train loss  -35.4256
Round 228 global test acc  55.0100 


Rounds 229 filter noisy data:
Round 229 train loss  -35.3894
Round 229 global test acc  55.5600 


Rounds 230 filter noisy data:
Round 230 train loss  -35.3811
Round 230 global test acc  55.6600 


Rounds 231 filter noisy data:
Round 231 train loss  -35.4106
Round 231 global test acc  54.5200 


Rounds 232 filter noisy data:
Round 232 train loss  -35.2718
Round 232 global test acc  54.4500 


Rounds 233 filter noisy data:
Round 233 train loss  -35.5627
Round 233 global test acc  54.9800 


Rounds 234 filter noisy data:
Round 234 train loss  -35.4398
Round 234 global test acc  54.6400 


Rounds 235 filter noisy data:
Round 235 train loss  -35.3817
Round 235 global test acc  55.0100 


Rounds 236 filter noisy data:
Round 236 train loss  -35.5442
Round 236 global test acc  55.4500 


Rounds 237 filter noisy data:
Round 237 train loss  -35.6620
Round 237 global test acc  56.2100 


Rounds 238 filter noisy data:
Round 238 train loss  -35.1799
Round 238 global test acc  51.4500 


Rounds 239 filter noisy data:
Round 239 train loss  -35.3609
Round 239 global test acc  54.5200 


Rounds 240 filter noisy data:
Round 240 train loss  -35.3990
Round 240 global test acc  54.2700 


Rounds 241 filter noisy data:
Round 241 train loss  -35.4309
Round 241 global test acc  54.6900 


Rounds 242 filter noisy data:
Round 242 train loss  -35.6910
Round 242 global test acc  56.0300 


Rounds 243 filter noisy data:
Round 243 train loss  -35.3003
Round 243 global test acc  52.3400 


Rounds 244 filter noisy data:
Round 244 train loss  -35.6619
Round 244 global test acc  55.8300 


Rounds 245 filter noisy data:
Round 245 train loss  -35.2884
Round 245 global test acc  55.5500 


Rounds 246 filter noisy data:
Round 246 train loss  -35.3081
Round 246 global test acc  50.2500 


Rounds 247 filter noisy data:
Round 247 train loss  -35.3126
Round 247 global test acc  55.3000 


Rounds 248 filter noisy data:
Round 248 train loss  -35.6028
Round 248 global test acc  55.3900 


Rounds 249 filter noisy data:
Round 249 train loss  -35.3472
Round 249 global test acc  53.5600 


Rounds 250 filter noisy data:
Round 250 train loss  -35.4689
Round 250 global test acc  54.9400 


Rounds 251 filter noisy data:
Round 251 train loss  -35.1625
Round 251 global test acc  52.8300 


Rounds 252 filter noisy data:
Round 252 train loss  -35.5136
Round 252 global test acc  54.4100 


Rounds 253 filter noisy data:
Round 253 train loss  -35.4826
Round 253 global test acc  51.8500 


Rounds 254 filter noisy data:
Round 254 train loss  -35.5436
Round 254 global test acc  55.1400 


Rounds 255 filter noisy data:
Round 255 train loss  -35.5934
Round 255 global test acc  54.2700 


Rounds 256 filter noisy data:
Round 256 train loss  -35.4688
Round 256 global test acc  55.8300 


Rounds 257 filter noisy data:
Round 257 train loss  -35.5776
Round 257 global test acc  54.8800 


Rounds 258 filter noisy data:
Round 258 train loss  -35.5754
Round 258 global test acc  55.3600 


Rounds 259 filter noisy data:
Round 259 train loss  -35.6324
Round 259 global test acc  55.5400 


Rounds 260 filter noisy data:
Round 260 train loss  -35.4966
Round 260 global test acc  54.2800 


Rounds 261 filter noisy data:
Round 261 train loss  -35.4417
Round 261 global test acc  54.1800 


Rounds 262 filter noisy data:
Round 262 train loss  -35.4576
Round 262 global test acc  52.5100 


Rounds 263 filter noisy data:
Round 263 train loss  -35.4919
Round 263 global test acc  53.3700 


Rounds 264 filter noisy data:
Round 264 train loss  -35.4514
Round 264 global test acc  55.3400 


Rounds 265 filter noisy data:
Round 265 train loss  -35.4517
Round 265 global test acc  52.5400 


Rounds 266 filter noisy data:
Round 266 train loss  -35.3978
Round 266 global test acc  53.2700 


Rounds 267 filter noisy data:
Round 267 train loss  -35.5736
Round 267 global test acc  52.5400 


Rounds 268 filter noisy data:
Round 268 train loss  -35.2531
Round 268 global test acc  51.2800 


Rounds 269 filter noisy data:
Round 269 train loss  -35.5619
Round 269 global test acc  52.9100 


Rounds 270 filter noisy data:
Round 270 train loss  -35.5656
Round 270 global test acc  54.3800 


Rounds 271 filter noisy data:
Round 271 train loss  -35.5213
Round 271 global test acc  55.7800 


Rounds 272 filter noisy data:
Round 272 train loss  -35.4692
Round 272 global test acc  55.1400 


Rounds 273 filter noisy data:
Round 273 train loss  -35.6104
Round 273 global test acc  55.1600 


Rounds 274 filter noisy data:
Round 274 train loss  -35.6554
Round 274 global test acc  55.4600 


Rounds 275 filter noisy data:
Round 275 train loss  -35.5268
Round 275 global test acc  52.7400 


Rounds 276 filter noisy data:
Round 276 train loss  -35.5453
Round 276 global test acc  54.7200 


Rounds 277 filter noisy data:
Round 277 train loss  -35.4855
Round 277 global test acc  55.4600 


Rounds 278 filter noisy data:
Round 278 train loss  -35.6806
Round 278 global test acc  55.4600 


Rounds 279 filter noisy data:
Round 279 train loss  -35.6371
Round 279 global test acc  55.2700 


Rounds 280 filter noisy data:
Round 280 train loss  -35.5671
Round 280 global test acc  55.8700 


Rounds 281 filter noisy data:
Round 281 train loss  -35.4208
Round 281 global test acc  50.9700 


Rounds 282 filter noisy data:
Round 282 train loss  -35.5580
Round 282 global test acc  53.7000 


Rounds 283 filter noisy data:
Round 283 train loss  -35.5855
Round 283 global test acc  56.0600 


Rounds 284 filter noisy data:
Round 284 train loss  -35.5597
Round 284 global test acc  54.2000 


Rounds 285 filter noisy data:
Round 285 train loss  -35.5370
Round 285 global test acc  49.6300 


Rounds 286 filter noisy data:
Round 286 train loss  -35.7211
Round 286 global test acc  54.9400 


Rounds 287 filter noisy data:
Round 287 train loss  -35.5960
Round 287 global test acc  55.4600 


Rounds 288 filter noisy data:
Round 288 train loss  -35.4177
Round 288 global test acc  54.0900 


Rounds 289 filter noisy data:
Round 289 train loss  -35.6354
Round 289 global test acc  55.8300 


Rounds 290 filter noisy data:
Round 290 train loss  -35.5909
Round 290 global test acc  54.9800 


Rounds 291 filter noisy data:
Round 291 train loss  -35.7471
Round 291 global test acc  56.1800 


Rounds 292 filter noisy data:
Round 292 train loss  -35.5862
Round 292 global test acc  54.8900 


Rounds 293 filter noisy data:
Round 293 train loss  -35.5867
Round 293 global test acc  55.2200 


Rounds 294 filter noisy data:
Round 294 train loss  -35.6004
Round 294 global test acc  54.9700 


Rounds 295 filter noisy data:
Round 295 train loss  -35.5904
Round 295 global test acc  51.3400 


Rounds 296 filter noisy data:
Round 296 train loss  -35.5891
Round 296 global test acc  53.2500 


Rounds 297 filter noisy data:
Round 297 train loss  -35.7976
Round 297 global test acc  54.9000 


Rounds 298 filter noisy data:
Round 298 train loss  -35.5907
Round 298 global test acc  54.9700 


Rounds 299 filter noisy data:
Round 299 train loss  -35.8356
Round 299 global test acc  55.9400 


Rounds 300 filter noisy data:
Round 300 train loss  -35.6778
Round 300 global test acc  56.0900 


Rounds 301 filter noisy data:
Round 301 train loss  -35.7297
Round 301 global test acc  54.1100 


Rounds 302 filter noisy data:
Round 302 train loss  -35.6159
Round 302 global test acc  54.0600 


Rounds 303 filter noisy data:
Round 303 train loss  -35.7884
Round 303 global test acc  54.8500 


Rounds 304 filter noisy data:
Round 304 train loss  -35.7242
Round 304 global test acc  55.1300 


Rounds 305 filter noisy data:
Round 305 train loss  -35.6954
Round 305 global test acc  55.8600 


Rounds 306 filter noisy data:
Round 306 train loss  -35.5332
Round 306 global test acc  54.3600 


Rounds 307 filter noisy data:
Round 307 train loss  -35.4307
Round 307 global test acc  52.6300 


Rounds 308 filter noisy data:
Round 308 train loss  -35.7205
Round 308 global test acc  55.7700 


Rounds 309 filter noisy data:
Round 309 train loss  -35.6283
Round 309 global test acc  49.1500 


Rounds 310 filter noisy data:
Round 310 train loss  -35.7167
Round 310 global test acc  54.3700 


Rounds 311 filter noisy data:
Round 311 train loss  -35.7112
Round 311 global test acc  52.3000 


Rounds 312 filter noisy data:
Round 312 train loss  -35.7338
Round 312 global test acc  55.6700 


Rounds 313 filter noisy data:
Round 313 train loss  -35.4848
Round 313 global test acc  53.5600 


Rounds 314 filter noisy data:
Round 314 train loss  -35.7127
Round 314 global test acc  55.9000 


Rounds 315 filter noisy data:
Round 315 train loss  -35.6384
Round 315 global test acc  52.6000 


Rounds 316 filter noisy data:
Round 316 train loss  -35.5402
Round 316 global test acc  53.9800 


Rounds 317 filter noisy data:
Round 317 train loss  -35.6669
Round 317 global test acc  55.4000 


Rounds 318 filter noisy data:
Round 318 train loss  -35.7205
Round 318 global test acc  51.4600 


Rounds 319 filter noisy data:
Round 319 train loss  -35.7493
Round 319 global test acc  54.2700 


Rounds 320 filter noisy data:
Round 320 train loss  -35.8326
Round 320 global test acc  54.8600 


Rounds 321 filter noisy data:
Round 321 train loss  -35.8903
Round 321 global test acc  55.6700 


Rounds 322 filter noisy data:
Round 322 train loss  -35.7085
Round 322 global test acc  51.2500 


Rounds 323 filter noisy data:
Round 323 train loss  -35.9043
Round 323 global test acc  55.9800 


Rounds 324 filter noisy data:
Round 324 train loss  -35.6756
Round 324 global test acc  55.0200 


Rounds 325 filter noisy data:
Round 325 train loss  -35.5181
Round 325 global test acc  52.5600 


Rounds 326 filter noisy data:
Round 326 train loss  -35.6696
Round 326 global test acc  55.1800 


Rounds 327 filter noisy data:
Round 327 train loss  -35.7282
Round 327 global test acc  54.9300 


Rounds 328 filter noisy data:
Round 328 train loss  -35.4919
Round 328 global test acc  51.0100 


Rounds 329 filter noisy data:
Round 329 train loss  -35.7584
Round 329 global test acc  56.2800 


Rounds 330 filter noisy data:
Round 330 train loss  -35.7309
Round 330 global test acc  54.5300 


Rounds 331 filter noisy data:
Round 331 train loss  -35.8293
Round 331 global test acc  54.8700 


Rounds 332 filter noisy data:
Round 332 train loss  -35.6780
Round 332 global test acc  52.7100 


Rounds 333 filter noisy data:
Round 333 train loss  -35.7833
Round 333 global test acc  54.5700 


Rounds 334 filter noisy data:
Round 334 train loss  -35.4727
Round 334 global test acc  53.8200 


Rounds 335 filter noisy data:
Round 335 train loss  -35.7118
Round 335 global test acc  52.8600 


Rounds 336 filter noisy data:
Round 336 train loss  -35.6102
Round 336 global test acc  54.8900 


Rounds 337 filter noisy data:
Round 337 train loss  -35.5605
Round 337 global test acc  52.5700 


Rounds 338 filter noisy data:
Round 338 train loss  -35.8407
Round 338 global test acc  55.1000 


Rounds 339 filter noisy data:
Round 339 train loss  -35.7133
Round 339 global test acc  51.0100 


Rounds 340 filter noisy data:
Round 340 train loss  -35.7180
Round 340 global test acc  53.4000 


Rounds 341 filter noisy data:
Round 341 train loss  -35.5713
Round 341 global test acc  53.6200 


Rounds 342 filter noisy data:
Round 342 train loss  -35.5728
Round 342 global test acc  55.4200 


Rounds 343 filter noisy data:
Round 343 train loss  -35.8063
Round 343 global test acc  54.7500 


Rounds 344 filter noisy data:
Round 344 train loss  -35.6788
Round 344 global test acc  52.9100 


Rounds 345 filter noisy data:
Round 345 train loss  -35.7435
Round 345 global test acc  52.6500 


Rounds 346 filter noisy data:
Round 346 train loss  -35.7608
Round 346 global test acc  52.8400 


Rounds 347 filter noisy data:
Round 347 train loss  -35.6311
Round 347 global test acc  51.6200 


Rounds 348 filter noisy data:
Round 348 train loss  -35.8191
Round 348 global test acc  54.9800 


Rounds 349 filter noisy data:
Round 349 train loss  -35.8209
Round 349 global test acc  55.2200 


Rounds 350 filter noisy data:
Round 350 train loss  -35.7843
Round 350 global test acc  55.2000 


Rounds 351 filter noisy data:
Round 351 train loss  -35.7901
Round 351 global test acc  56.0700 


Rounds 352 filter noisy data:
Round 352 train loss  -35.8466
Round 352 global test acc  55.8300 


Rounds 353 filter noisy data:
Round 353 train loss  -35.8903
Round 353 global test acc  56.4400 


Rounds 354 filter noisy data:
Round 354 train loss  -35.8321
Round 354 global test acc  53.7900 


Rounds 355 filter noisy data:
Round 355 train loss  -35.7289
Round 355 global test acc  54.4300 


Rounds 356 filter noisy data:
Round 356 train loss  -35.8308
Round 356 global test acc  53.4100 


Rounds 357 filter noisy data:
Round 357 train loss  -35.6824
Round 357 global test acc  54.4100 


Rounds 358 filter noisy data:
Round 358 train loss  -35.7552
Round 358 global test acc  56.3800 


Rounds 359 filter noisy data:
Round 359 train loss  -35.6742
Round 359 global test acc  54.1700 


Rounds 360 filter noisy data:
Round 360 train loss  -35.6862
Round 360 global test acc  54.9800 


Rounds 361 filter noisy data:
Round 361 train loss  -35.7477
Round 361 global test acc  53.5000 


Rounds 362 filter noisy data:
Round 362 train loss  -35.9377
Round 362 global test acc  55.1600 


Rounds 363 filter noisy data:
Round 363 train loss  -35.8095
Round 363 global test acc  52.6800 


Rounds 364 filter noisy data:
Round 364 train loss  -35.8311
Round 364 global test acc  52.4700 


Rounds 365 filter noisy data:
Round 365 train loss  -35.9355
Round 365 global test acc  53.9500 


Rounds 366 filter noisy data:
Round 366 train loss  -35.7663
Round 366 global test acc  55.0300 


Rounds 367 filter noisy data:
Round 367 train loss  -35.8633
Round 367 global test acc  54.6800 


Rounds 368 filter noisy data:
Round 368 train loss  -35.9218
Round 368 global test acc  54.7200 


Rounds 369 filter noisy data:
Round 369 train loss  -35.7844
Round 369 global test acc  50.4500 


Rounds 370 filter noisy data:
Round 370 train loss  -35.8944
Round 370 global test acc  55.0100 


Rounds 371 filter noisy data:
Round 371 train loss  -35.6222
Round 371 global test acc  50.1900 


Rounds 372 filter noisy data:
Round 372 train loss  -35.9377
Round 372 global test acc  55.1200 


Rounds 373 filter noisy data:
Round 373 train loss  -35.7391
Round 373 global test acc  52.7300 


Rounds 374 filter noisy data:
Round 374 train loss  -35.8858
Round 374 global test acc  53.8700 


Rounds 375 filter noisy data:
Round 375 train loss  -35.9511
Round 375 global test acc  54.7800 


Rounds 376 filter noisy data:
Round 376 train loss  -35.7838
Round 376 global test acc  55.5200 


Rounds 377 filter noisy data:
Round 377 train loss  -35.7039
Round 377 global test acc  52.9100 


Rounds 378 filter noisy data:
Round 378 train loss  -35.8959
Round 378 global test acc  56.2000 


Rounds 379 filter noisy data:
Round 379 train loss  -35.8187
Round 379 global test acc  55.3600 


Rounds 380 filter noisy data:
Round 380 train loss  -35.6559
Round 380 global test acc  54.2800 


Rounds 381 filter noisy data:
Round 381 train loss  -35.7777
Round 381 global test acc  52.1200 


Rounds 382 filter noisy data:
Round 382 train loss  -35.5813
Round 382 global test acc  50.3500 


Rounds 383 filter noisy data:
Round 383 train loss  -35.8150
Round 383 global test acc  55.5900 


Rounds 384 filter noisy data:
Round 384 train loss  -35.7207
Round 384 global test acc  49.9200 


Rounds 385 filter noisy data:
Round 385 train loss  -35.9279
Round 385 global test acc  54.9300 


Rounds 386 filter noisy data:
Round 386 train loss  -35.8171
Round 386 global test acc  53.6600 


Rounds 387 filter noisy data:
Round 387 train loss  -35.8713
Round 387 global test acc  53.7400 


Rounds 388 filter noisy data:
Round 388 train loss  -35.9122
Round 388 global test acc  54.1600 


Rounds 389 filter noisy data:
Round 389 train loss  -35.7435
Round 389 global test acc  53.9900 


Rounds 390 filter noisy data:
Round 390 train loss  -35.9256
Round 390 global test acc  55.0100 


Rounds 391 filter noisy data:
Round 391 train loss  -35.9260
Round 391 global test acc  53.4100 


Rounds 392 filter noisy data:
Round 392 train loss  -35.8931
Round 392 global test acc  55.0600 


Rounds 393 filter noisy data:
Round 393 train loss  -35.9315
Round 393 global test acc  54.7700 


Rounds 394 filter noisy data:
Round 394 train loss  -35.8056
Round 394 global test acc  56.2300 


Rounds 395 filter noisy data:
Round 395 train loss  -35.9957
Round 395 global test acc  54.8200 


Rounds 396 filter noisy data:
Round 396 train loss  -35.9735
Round 396 global test acc  54.7400 


Rounds 397 filter noisy data:
Round 397 train loss  -35.8425
Round 397 global test acc  50.5200 


Rounds 398 filter noisy data:
Round 398 train loss  -35.9510
Round 398 global test acc  55.0200 


Rounds 399 filter noisy data:
Round 399 train loss  -35.7968
Round 399 global test acc  52.7100 


Rounds 400 filter noisy data:
Round 400 train loss  -35.8702
Round 400 global test acc  51.3400 


Rounds 401 filter noisy data:
Round 401 train loss  -35.7074
Round 401 global test acc  51.8800 


Rounds 402 filter noisy data:
Round 402 train loss  -35.8140
Round 402 global test acc  51.6900 


Rounds 403 filter noisy data:
Round 403 train loss  -36.0206
Round 403 global test acc  54.9900 


Rounds 404 filter noisy data:
Round 404 train loss  -35.8923
Round 404 global test acc  50.8500 


Rounds 405 filter noisy data:
Round 405 train loss  -35.9754
Round 405 global test acc  53.1300 


Rounds 406 filter noisy data:
Round 406 train loss  -35.8875
Round 406 global test acc  55.3400 


Rounds 407 filter noisy data:
Round 407 train loss  -35.7357
Round 407 global test acc  53.3800 


Rounds 408 filter noisy data:
Round 408 train loss  -35.7217
Round 408 global test acc  55.9600 


Rounds 409 filter noisy data:
Round 409 train loss  -35.7838
Round 409 global test acc  54.4000 


Rounds 410 filter noisy data:
Round 410 train loss  -35.7739
Round 410 global test acc  47.9800 


Rounds 411 filter noisy data:
Round 411 train loss  -35.9417
Round 411 global test acc  55.0900 


Rounds 412 filter noisy data:
Round 412 train loss  -35.9450
Round 412 global test acc  49.9700 


Rounds 413 filter noisy data:
Round 413 train loss  -35.7990
Round 413 global test acc  51.0400 


Rounds 414 filter noisy data:
Round 414 train loss  -35.8489
Round 414 global test acc  49.3100 


Rounds 415 filter noisy data:
Round 415 train loss  -35.8294
Round 415 global test acc  52.0600 


Rounds 416 filter noisy data:
Round 416 train loss  -35.8586
Round 416 global test acc  53.9300 


Rounds 417 filter noisy data:
Round 417 train loss  -36.0321
Round 417 global test acc  54.7100 


Rounds 418 filter noisy data:
Round 418 train loss  -35.7006
Round 418 global test acc  46.1300 


Rounds 419 filter noisy data:
Round 419 train loss  -35.9625
Round 419 global test acc  49.6200 


Rounds 420 filter noisy data:
Round 420 train loss  -35.9234
Round 420 global test acc  51.3900 


Rounds 421 filter noisy data:
Round 421 train loss  -35.7790
Round 421 global test acc  53.5100 


Rounds 422 filter noisy data:
Round 422 train loss  -35.8286
Round 422 global test acc  52.9500 


Rounds 423 filter noisy data:
Round 423 train loss  -35.9070
Round 423 global test acc  50.1600 


Rounds 424 filter noisy data:
Round 424 train loss  -35.9065
Round 424 global test acc  51.2600 


Rounds 425 filter noisy data:
Round 425 train loss  -35.8029
Round 425 global test acc  52.7400 


Rounds 426 filter noisy data:
Round 426 train loss  -35.8923
Round 426 global test acc  53.2800 


Rounds 427 filter noisy data:
Round 427 train loss  -36.0184
Round 427 global test acc  56.0800 


Rounds 428 filter noisy data:
Round 428 train loss  -35.9889
Round 428 global test acc  52.2900 


Rounds 429 filter noisy data:
Round 429 train loss  -35.6629
Round 429 global test acc  51.7400 


Rounds 430 filter noisy data:
Round 430 train loss  -36.0591
Round 430 global test acc  53.9400 


Rounds 431 filter noisy data:
Round 431 train loss  -35.9111
Round 431 global test acc  51.1600 


Rounds 432 filter noisy data:
Round 432 train loss  -35.8108
Round 432 global test acc  51.1500 


Rounds 433 filter noisy data:
Round 433 train loss  -35.9090
Round 433 global test acc  50.3800 


Rounds 434 filter noisy data:
Round 434 train loss  -36.0501
Round 434 global test acc  54.9900 


Rounds 435 filter noisy data:
Round 435 train loss  -36.0042
Round 435 global test acc  53.6400 


Rounds 436 filter noisy data:
Round 436 train loss  -36.0306
Round 436 global test acc  54.5500 


Rounds 437 filter noisy data:
Round 437 train loss  -36.0073
Round 437 global test acc  54.1600 


Rounds 438 filter noisy data:
Round 438 train loss  -35.9311
Round 438 global test acc  55.1900 


Rounds 439 filter noisy data:
Round 439 train loss  -36.0753
Round 439 global test acc  54.7000 


Rounds 440 filter noisy data:
Round 440 train loss  -35.9218
Round 440 global test acc  52.5100 


Rounds 441 filter noisy data:
Round 441 train loss  -35.9203
Round 441 global test acc  52.0100 


Rounds 442 filter noisy data:
Round 442 train loss  -35.8590
Round 442 global test acc  53.6100 


Rounds 443 filter noisy data:
Round 443 train loss  -35.9309
Round 443 global test acc  53.9100 


Rounds 444 filter noisy data:
Round 444 train loss  -36.0418
Round 444 global test acc  53.3500 


Rounds 445 filter noisy data:
Round 445 train loss  -36.0192
Round 445 global test acc  54.5400 


Rounds 446 filter noisy data:
Round 446 train loss  -36.1092
Round 446 global test acc  54.4700 


Rounds 447 filter noisy data:
Round 447 train loss  -35.8472
Round 447 global test acc  49.2600 


Rounds 448 filter noisy data:
Round 448 train loss  -35.7847
Round 448 global test acc  54.9300 


Rounds 449 filter noisy data:
Round 449 train loss  -35.8335
Round 449 global test acc  52.0500 

Round 449 Fscore 

[0.37103337049484253, 0.997172474861145, 0.7680703997612, 0.7883565425872803, 0.7200557589530945, 0.9979166388511658, 0.12090163677930832, 0.3888888955116272, 0.6997488141059875, 0.4679054319858551, 0.9975932836532593, 0.9978494644165039, 0.9940944314002991, 0.5937725901603699, 0.9985895752906799, 0.7303665280342102, 0.99716717004776, 0.9969456791877747, 0.9990867972373962, 0.9977748394012451, 0.5084226727485657, 0.9970238208770752, 0.9981024861335754, 0.6327503323554993, 0.9976382255554199, 0.9961894154548645, 0.7514377236366272, 0.7080925107002258, 0.995945930480957, 0.47204166650772095, 0.08877284079790115, 0.9985788464546204, 0.7550097107887268, 0.30162811279296875, 0.9981167912483215, 0.7394179701805115, 0.9989960193634033, 0.9979591965675354, 0.07920792698860168, 0.9952805042266846, 0.9991118907928467, 0.40336135029792786, 0.7777097225189209, 0.9962466955184937, 0.9976041913032532, 0.999079167842865, 0.9988492727279663, 0.6650679707527161, 0.40535372495651245, 0.994769811630249]
time : 198790.6716902256
