('algorithm', 'MR')
('gpu', 2)
('seed', 13)
('save_dir', './record/')
('rounds2', 450)
('local_ep', 5)
('frac2', 0.2)
('num_users', 50)
('local_bs', 32)
('lr', 0.01)
('model', 'resnet34')
('num_classes', 10)
('level_n_system', 0.5)
('level_n_lowerb', 0.3)
('alpha_dirichlet', 10)
('non_iid_prob_class', 0.7)
('dataset', 'cifar100')
('iid', True)
('LID_k', 20)
('iteration1', 5)
('rounds1', 200)
('frac1', 0.01)
('pretrained', False)
('mixup', False)
('alpha', 1)
('beta', 5)
('relabel_ratio', 0.5)
('confidence_thres', 0.5)
('clean_set_thres', 0.1)
('fine_tuning', True)
('correction', True)
('T_pl', 100)
('lambda_cen', 1.0)
('lambda_e', 0.8)
('num_gradual', 10)
('forget_rate', 0.2)
('lr_decay', 0.1)
('schedule', [])
('momentum', 0.5)
('weight_decay', 0.0001)
('feature_dim', 128)
('plr', 0.01)
('lamda', 15)
('K', 5)
('gamma', 1)
('begin_sel', 10)
('max_beta', 20.0)
('mu', 0.01)
('device', device(type='cuda', index=2))
Files already downloaded and verified
Files already downloaded and verified
Client 0, noise level: 0.7803 (0.7022), real noise ratio: 0.7722
Client 2, noise level: 0.3966 (0.3569), real noise ratio: 0.3918
Client 3, noise level: 0.3691 (0.3322), real noise ratio: 0.3536
Client 4, noise level: 0.4719 (0.4247), real noise ratio: 0.4485
Client 6, noise level: 0.9482 (0.8534), real noise ratio: 0.9361
Client 7, noise level: 0.7761 (0.6985), real noise ratio: 0.7505
Client 8, noise level: 0.4664 (0.4197), real noise ratio: 0.4495
Client 9, noise level: 0.6982 (0.6284), real noise ratio: 0.6804
Client 13, noise level: 0.5837 (0.5254), real noise ratio: 0.5701
Client 15, noise level: 0.4336 (0.3903), real noise ratio: 0.4186
Client 20, noise level: 0.6493 (0.5844), real noise ratio: 0.6588
Client 23, noise level: 0.5554 (0.4999), real noise ratio: 0.5722
Client 26, noise level: 0.3955 (0.3559), real noise ratio: 0.3938
Client 27, noise level: 0.4655 (0.4189), real noise ratio: 0.4402
Client 29, noise level: 0.6947 (0.6253), real noise ratio: 0.6887
Client 30, noise level: 0.9713 (0.8741), real noise ratio: 0.9680
Client 32, noise level: 0.3903 (0.3512), real noise ratio: 0.3742
Client 33, noise level: 0.8324 (0.7492), real noise ratio: 0.7959
Client 35, noise level: 0.4230 (0.3807), real noise ratio: 0.4124
Client 38, noise level: 0.9771 (0.8794), real noise ratio: 0.9619
Client 41, noise level: 0.7686 (0.6917), real noise ratio: 0.7505
Client 42, noise level: 0.3765 (0.3389), real noise ratio: 0.3897
Client 47, noise level: 0.4886 (0.4397), real noise ratio: 0.4866
Client 48, noise level: 0.7551 (0.6796), real noise ratio: 0.7814
Round 0 global test acc  1.0206
Round 0 Fscore 

[]
Round 1 global test acc  1.5670
Round 1 Fscore 

[]
Round 2 global test acc  4.7423
Round 2 Fscore 

[]
Round 3 global test acc  6.4124
Round 3 Fscore 

[]
Round 4 global test acc  10.4536
Round 4 Fscore 

[]
Round 5 global test acc  8.5258
Round 5 Fscore 

[]
Round 6 global test acc  13.0928
Round 6 Fscore 

[]
Round 7 global test acc  14.3814
Round 7 Fscore 

[]
Round 8 global test acc  15.7938
Round 8 Fscore 

[]
Round 9 global test acc  15.6289
Round 9 Fscore 

[]
Round 10 global test acc  15.2062
Round 10 Fscore 

[]
Round 11 global test acc  15.2680
Round 11 Fscore 

[]
Round 12 global test acc  13.3093
Round 12 Fscore 

[]
Round 13 global test acc  18.0825
Round 13 Fscore 

[]
Round 14 global test acc  17.4742
Round 14 Fscore 

[]
Round 15 global test acc  17.3918
Round 15 Fscore 

[]
Round 16 global test acc  19.9175
Round 16 Fscore 

[]
Round 17 global test acc  20.0309
Round 17 Fscore 

[]
Round 18 global test acc  16.8247
Round 18 Fscore 

[]
Round 19 global test acc  19.9794
Round 19 Fscore 

[]
Round 20 global test acc  20.9485
Round 20 Fscore 

[]
Round 21 global test acc  21.0825
Round 21 Fscore 

[]
Round 22 global test acc  21.1237
Round 22 Fscore 

[]
Round 23 global test acc  18.8247
Round 23 Fscore 

[]
Round 24 global test acc  18.3918
Round 24 Fscore 

[]
Round 25 global test acc  18.8041
Round 25 Fscore 

[]
Round 26 global test acc  21.3608
Round 26 Fscore 

[]
Round 27 global test acc  21.8351
Round 27 Fscore 

[]
Round 28 global test acc  20.3711
Round 28 Fscore 

[]
Round 29 global test acc  20.3299
Round 29 Fscore 

[]
Round 30 global test acc  22.7216
Round 30 Fscore 

[]
Round 31 global test acc  22.7629
Round 31 Fscore 

[]
Round 32 global test acc  21.5876
Round 32 Fscore 

[]
Round 33 global test acc  22.2887
Round 33 Fscore 

[]
Round 34 global test acc  21.9381
Round 34 Fscore 

[]
Round 35 global test acc  21.6701
Round 35 Fscore 

[]
Round 36 global test acc  23.7423
Round 36 Fscore 

[]
Round 37 global test acc  21.5464
Round 37 Fscore 

[]
Round 38 global test acc  22.8866
Round 38 Fscore 

[]
Round 39 global test acc  22.3505
Round 39 Fscore 

[]
Round 40 global test acc  22.8144
Round 40 Fscore 

[]
Round 41 global test acc  21.0206
Round 41 Fscore 

[]
Round 42 global test acc  22.2474
Round 42 Fscore 

[]
Round 43 global test acc  20.5567
Round 43 Fscore 

[]
Round 44 global test acc  20.7526
Round 44 Fscore 

[]
Round 45 global test acc  21.9072
Round 45 Fscore 

[]
Round 46 global test acc  23.7423
Round 46 Fscore 

[]
Round 47 global test acc  24.1546
Round 47 Fscore 

[]
Round 48 global test acc  22.6804
Round 48 Fscore 

[]
Round 49 global test acc  24.3814
Round 49 Fscore 

[]
Round 50 global test acc  22.8247
Round 50 Fscore 

[]
Round 51 global test acc  24.1753
Round 51 Fscore 

[]
Round 52 global test acc  23.6495
Round 52 Fscore 

[]
Round 53 global test acc  22.1546
Round 53 Fscore 

[]
Round 54 global test acc  22.1753
Round 54 Fscore 

[]
Round 55 global test acc  22.2577
Round 55 Fscore 

[]
Round 56 global test acc  22.8660
Round 56 Fscore 

[]
Round 57 global test acc  20.6082
Round 57 Fscore 

[]
Round 58 global test acc  21.6804
Round 58 Fscore 

[]
Round 59 global test acc  23.4742
Round 59 Fscore 

[]
Round 60 global test acc  22.0206
Round 60 Fscore 

[]
Round 61 global test acc  22.5361
Round 61 Fscore 

[]
Round 62 global test acc  21.5876
Round 62 Fscore 

[]
Round 63 global test acc  22.0825
Round 63 Fscore 

[]
Round 64 global test acc  20.3093
Round 64 Fscore 

[]
Round 65 global test acc  22.6495
Round 65 Fscore 

[]
Round 66 global test acc  19.5773
Round 66 Fscore 

[]
Round 67 global test acc  20.0103
Round 67 Fscore 

[]
Round 68 global test acc  22.1134
Round 68 Fscore 

[]
Round 69 global test acc  21.7938
Round 69 Fscore 

[]
Round 70 global test acc  22.8247
Round 70 Fscore 

[]
Round 71 global test acc  22.5258
Round 71 Fscore 

[]
Round 72 global test acc  20.8866
Round 72 Fscore 

[]
Round 73 global test acc  21.6907
Round 73 Fscore 

[]
Round 74 global test acc  21.8454
Round 74 Fscore 

[]
Round 75 global test acc  20.8247
Round 75 Fscore 

[]
Round 76 global test acc  20.9588
Round 76 Fscore 

[]
Round 77 global test acc  21.9072
Round 77 Fscore 

[]
Round 78 global test acc  22.2371
Round 78 Fscore 

[]
Round 79 global test acc  21.0928
Round 79 Fscore 

[]
Round 80 global test acc  19.8144
Round 80 Fscore 

[]
Round 81 global test acc  21.1546
Round 81 Fscore 

[]
Round 82 global test acc  21.6701
Round 82 Fscore 

[]
Round 83 global test acc  21.2062
Round 83 Fscore 

[]
Round 84 global test acc  20.8557
Round 84 Fscore 

[]
Round 85 global test acc  19.7835
Round 85 Fscore 

[]
Round 86 global test acc  19.7835
Round 86 Fscore 

[]
Round 87 global test acc  20.0928
Round 87 Fscore 

[]
Round 88 global test acc  21.0722
Round 88 Fscore 

[]
Round 89 global test acc  21.7629
Round 89 Fscore 

[]
Round 90 global test acc  20.8763
Round 90 Fscore 

[]
Round 91 global test acc  19.7938
Round 91 Fscore 

[]
Round 92 global test acc  18.6598
Round 92 Fscore 

[]
Round 93 global test acc  20.5876
Round 93 Fscore 

[]
Round 94 global test acc  18.8247
Round 94 Fscore 

[]
Round 95 global test acc  20.2165
Round 95 Fscore 

[]
Round 96 global test acc  19.1237
Round 96 Fscore 

[]
Round 97 global test acc  20.0825
Round 97 Fscore 

[]
Round 98 global test acc  18.4021
Round 98 Fscore 

[]
Round 99 global test acc  20.7113
Round 99 Fscore 

[]
Round 100 global test acc  20.1134
Round 100 Fscore 

[]
Round 101 global test acc  21.0619
Round 101 Fscore 

[]
Round 102 global test acc  20.7216
Round 102 Fscore 

[]
Round 103 global test acc  20.9897
Round 103 Fscore 

[]
Round 104 global test acc  21.2474
Round 104 Fscore 

[]
Round 105 global test acc  19.9897
Round 105 Fscore 

[]
Round 106 global test acc  20.1340
Round 106 Fscore 

[]
Round 107 global test acc  20.4330
Round 107 Fscore 

[]
Round 108 global test acc  19.3711
Round 108 Fscore 

[]
Round 109 global test acc  18.4536
Round 109 Fscore 

[]
Round 110 global test acc  18.4845
Round 110 Fscore 

[]
Round 111 global test acc  17.4330
Round 111 Fscore 

[]
Round 112 global test acc  20.2887
Round 112 Fscore 

[]
Round 113 global test acc  20.4639
Round 113 Fscore 

[]
Round 114 global test acc  18.5773
Round 114 Fscore 

[]
Round 115 global test acc  19.5670
Round 115 Fscore 

[]
Round 116 global test acc  19.5258
Round 116 Fscore 

[]
Round 117 global test acc  19.7216
Round 117 Fscore 

[]
Round 118 global test acc  19.8144
Round 118 Fscore 

[]
Round 119 global test acc  19.4639
Round 119 Fscore 

[]
Round 120 global test acc  19.8557
Round 120 Fscore 

[]
Round 121 global test acc  20.7526
Round 121 Fscore 

[]
Round 122 global test acc  19.2990
Round 122 Fscore 

[]
Round 123 global test acc  20.2887
Round 123 Fscore 

[]
Round 124 global test acc  19.3608
Round 124 Fscore 

[]
Round 125 global test acc  19.6186
Round 125 Fscore 

[]
Round 126 global test acc  18.2784
Round 126 Fscore 

[]
Round 127 global test acc  18.7216
Round 127 Fscore 

[]
Round 128 global test acc  18.5258
Round 128 Fscore 

[]
Round 129 global test acc  19.1340
Round 129 Fscore 

[]
Round 130 global test acc  19.1134
Round 130 Fscore 

[]
Round 131 global test acc  18.4227
Round 131 Fscore 

[]
Round 132 global test acc  20.1959
Round 132 Fscore 

[]
Round 133 global test acc  19.7216
Round 133 Fscore 

[]
Round 134 global test acc  20.1959
Round 134 Fscore 

[]
Round 135 global test acc  18.5567
Round 135 Fscore 

[]
Round 136 global test acc  18.1546
Round 136 Fscore 

[]
Round 137 global test acc  18.2474
Round 137 Fscore 

[]
Round 138 global test acc  19.3608
Round 138 Fscore 

[]
Round 139 global test acc  19.2268
Round 139 Fscore 

[]
Round 140 global test acc  17.9072
Round 140 Fscore 

[]
Round 141 global test acc  17.7113
Round 141 Fscore 

[]
Round 142 global test acc  19.7732
Round 142 Fscore 

[]
Round 143 global test acc  19.4433
Round 143 Fscore 

[]
Round 144 global test acc  18.5258
Round 144 Fscore 

[]
Round 145 global test acc  19.4330
Round 145 Fscore 

[]
Round 146 global test acc  20.3814
Round 146 Fscore 

[]
Round 147 global test acc  18.8144
Round 147 Fscore 

[]
Round 148 global test acc  19.3505
Round 148 Fscore 

[]
Round 149 global test acc  20.7732
Round 149 Fscore 

[]
Round 150 global test acc  20.6082
Round 150 Fscore 

[]
Round 151 global test acc  18.7938
Round 151 Fscore 

[]
Round 152 global test acc  20.0825
Round 152 Fscore 

[]
Round 153 global test acc  21.1753
Round 153 Fscore 

[]
Round 154 global test acc  19.6907
Round 154 Fscore 

[]
Round 155 global test acc  20.1546
Round 155 Fscore 

[]
Round 156 global test acc  18.6701
Round 156 Fscore 

[]
Round 157 global test acc  18.3711
Round 157 Fscore 

[]
Round 158 global test acc  19.9175
Round 158 Fscore 

[]
Round 159 global test acc  19.7010
Round 159 Fscore 

[]
Round 160 global test acc  20.7526
Round 160 Fscore 

[]
Round 161 global test acc  19.4227
Round 161 Fscore 

[]
Round 162 global test acc  19.9897
Round 162 Fscore 

[]
Round 163 global test acc  20.4227
Round 163 Fscore 

[]
Round 164 global test acc  18.6598
Round 164 Fscore 

[]
Round 165 global test acc  18.4536
Round 165 Fscore 

[]
Round 166 global test acc  19.1959
Round 166 Fscore 

[]
Round 167 global test acc  19.6701
Round 167 Fscore 

[]
Round 168 global test acc  19.7320
Round 168 Fscore 

[]
Round 169 global test acc  18.4330
Round 169 Fscore 

[]
Round 170 global test acc  20.5052
Round 170 Fscore 

[]
Round 171 global test acc  20.1443
Round 171 Fscore 

[]
Round 172 global test acc  19.8866
Round 172 Fscore 

[]
Round 173 global test acc  21.3093
Round 173 Fscore 

[]
Round 174 global test acc  20.1031
Round 174 Fscore 

[]
Round 175 global test acc  20.9794
Round 175 Fscore 

[]
Round 176 global test acc  20.1649
Round 176 Fscore 

[]
Round 177 global test acc  19.4948
Round 177 Fscore 

[]
Round 178 global test acc  19.1340
Round 178 Fscore 

[]
Round 179 global test acc  19.0000
Round 179 Fscore 

[]
Round 180 global test acc  18.7320
Round 180 Fscore 

[]
Round 181 global test acc  19.1340
Round 181 Fscore 

[]
Round 182 global test acc  18.5979
Round 182 Fscore 

[]
Round 183 global test acc  19.6289
Round 183 Fscore 

[]
Round 184 global test acc  20.1134
Round 184 Fscore 

[]
Round 185 global test acc  18.3608
Round 185 Fscore 

[]
Round 186 global test acc  18.7629
Round 186 Fscore 

[]
Round 187 global test acc  16.8557
Round 187 Fscore 

[]
Round 188 global test acc  19.1134
Round 188 Fscore 

[]
Round 189 global test acc  19.4742
Round 189 Fscore 

[]
Round 190 global test acc  19.5567
Round 190 Fscore 

[]
Round 191 global test acc  18.3196
Round 191 Fscore 

[]
Round 192 global test acc  18.1031
Round 192 Fscore 

[]
Round 193 global test acc  20.2268
Round 193 Fscore 

[]
Round 194 global test acc  19.4021
Round 194 Fscore 

[]
Round 195 global test acc  19.7835
Round 195 Fscore 

[]
Round 196 global test acc  19.9278
Round 196 Fscore 

[]
Round 197 global test acc  19.8144
Round 197 Fscore 

[]
Round 198 global test acc  18.4330
Round 198 Fscore 

[]
Round 199 global test acc  18.4021
Round 199 Fscore 

[]
Round 200 global test acc  18.9588
Round 200 Fscore 

[]
Round 201 global test acc  20.2062
Round 201 Fscore 

[]
Round 202 global test acc  19.0103
Round 202 Fscore 

[]
Round 203 global test acc  18.1856
Round 203 Fscore 

[]
Round 204 global test acc  19.1237
Round 204 Fscore 

[]
Round 205 global test acc  19.9485
Round 205 Fscore 

[]
Round 206 global test acc  20.1753
Round 206 Fscore 

[]
Round 207 global test acc  19.6907
Round 207 Fscore 

[]
Round 208 global test acc  18.4330
Round 208 Fscore 

[]
Round 209 global test acc  18.5052
Round 209 Fscore 

[]
Round 210 global test acc  18.9381
Round 210 Fscore 

[]
Round 211 global test acc  19.9897
Round 211 Fscore 

[]
Round 212 global test acc  19.4021
Round 212 Fscore 

[]
Round 213 global test acc  19.8247
Round 213 Fscore 

[]
Round 214 global test acc  19.2165
Round 214 Fscore 

[]
Round 215 global test acc  19.4639
Round 215 Fscore 

[]
Round 216 global test acc  18.4021
Round 216 Fscore 

[]
Round 217 global test acc  19.0825
Round 217 Fscore 

[]
Round 218 global test acc  17.5979
Round 218 Fscore 

[]
Round 219 global test acc  17.7526
Round 219 Fscore 

[]
Round 220 global test acc  18.8041
Round 220 Fscore 

[]
Round 221 global test acc  19.9072
Round 221 Fscore 

[]
Round 222 global test acc  19.4845
Round 222 Fscore 

[]
Round 223 global test acc  18.5567
Round 223 Fscore 

[]
Round 224 global test acc  18.6804
Round 224 Fscore 

[]
Round 225 global test acc  19.6289
Round 225 Fscore 

[]
Round 226 global test acc  19.1134
Round 226 Fscore 

[]
Round 227 global test acc  18.9485
Round 227 Fscore 

[]
Round 228 global test acc  19.0412
Round 228 Fscore 

[]
Round 229 global test acc  18.5464
Round 229 Fscore 

[]
Round 230 global test acc  18.2784
Round 230 Fscore 

[]
Round 231 global test acc  18.4536
Round 231 Fscore 

[]
Round 232 global test acc  19.4021
Round 232 Fscore 

[]
Round 233 global test acc  18.1031
Round 233 Fscore 

[]
Round 234 global test acc  17.8969
Round 234 Fscore 

[]
Round 235 global test acc  18.7526
Round 235 Fscore 

[]
Round 236 global test acc  18.9794
Round 236 Fscore 

[]
Round 237 global test acc  18.1649
Round 237 Fscore 

[]
Round 238 global test acc  19.6598
Round 238 Fscore 

[]
Round 239 global test acc  18.8969
Round 239 Fscore 

[]
Round 240 global test acc  19.1546
Round 240 Fscore 

[]
Round 241 global test acc  19.8660
Round 241 Fscore 

[]
Round 242 global test acc  18.9175
Round 242 Fscore 

[]
Round 243 global test acc  18.8351
Round 243 Fscore 

[]
Round 244 global test acc  18.5979
Round 244 Fscore 

[]
Round 245 global test acc  19.9175
Round 245 Fscore 

[]
Round 246 global test acc  19.0928
Round 246 Fscore 

[]
Round 247 global test acc  19.3918
Round 247 Fscore 

[]
Round 248 global test acc  18.8247
Round 248 Fscore 

[]
Round 249 global test acc  18.9278
Round 249 Fscore 

[]
Round 250 global test acc  18.9794
Round 250 Fscore 

[]
Round 251 global test acc  19.4433
Round 251 Fscore 

[]
Round 252 global test acc  18.9588
Round 252 Fscore 

[]
Round 253 global test acc  18.9691
Round 253 Fscore 

[]
Round 254 global test acc  19.5155
Round 254 Fscore 

[]
Round 255 global test acc  19.0206
Round 255 Fscore 

[]
Round 256 global test acc  19.2165
Round 256 Fscore 

[]
Round 257 global test acc  17.5464
Round 257 Fscore 

[]
Round 258 global test acc  18.1237
Round 258 Fscore 

[]
Round 259 global test acc  18.0103
Round 259 Fscore 

[]
Round 260 global test acc  17.9278
Round 260 Fscore 

[]
Round 261 global test acc  18.5464
Round 261 Fscore 

[]
Round 262 global test acc  18.8454
Round 262 Fscore 

[]
Round 263 global test acc  18.5979
Round 263 Fscore 

[]
Round 264 global test acc  19.0206
Round 264 Fscore 

[]
Round 265 global test acc  18.3402
Round 265 Fscore 

[]
Round 266 global test acc  19.4227
Round 266 Fscore 

[]
Round 267 global test acc  19.8144
Round 267 Fscore 

[]
Round 268 global test acc  20.2371
Round 268 Fscore 

[]
Round 269 global test acc  20.2577
Round 269 Fscore 

[]
Round 270 global test acc  19.9278
Round 270 Fscore 

[]
Round 271 global test acc  19.5567
Round 271 Fscore 

[]
Round 272 global test acc  18.3505
Round 272 Fscore 

[]
Round 273 global test acc  18.5052
Round 273 Fscore 

[]
Round 274 global test acc  18.9794
Round 274 Fscore 

[]
Round 275 global test acc  18.8351
Round 275 Fscore 

[]
Round 276 global test acc  19.3711
Round 276 Fscore 

[]
Round 277 global test acc  18.6598
Round 277 Fscore 

[]
Round 278 global test acc  18.5361
Round 278 Fscore 

[]
Round 279 global test acc  19.5567
Round 279 Fscore 

[]
Round 280 global test acc  18.8557
Round 280 Fscore 

[]
Round 281 global test acc  18.9485
Round 281 Fscore 

[]
Round 282 global test acc  19.2165
Round 282 Fscore 

[]
Round 283 global test acc  19.9588
Round 283 Fscore 

[]
Round 284 global test acc  20.0412
Round 284 Fscore 

[]
Round 285 global test acc  18.7010
Round 285 Fscore 

[]
Round 286 global test acc  20.0206
Round 286 Fscore 

[]
Round 287 global test acc  19.7113
Round 287 Fscore 

[]
Round 288 global test acc  18.8351
Round 288 Fscore 

[]
Round 289 global test acc  19.8041
Round 289 Fscore 

[]
Round 290 global test acc  20.0206
Round 290 Fscore 

[]
Round 291 global test acc  19.8660
Round 291 Fscore 

[]
Round 292 global test acc  19.8041
Round 292 Fscore 

[]
Round 293 global test acc  19.9381
Round 293 Fscore 

[]
Round 294 global test acc  20.2268
Round 294 Fscore 

[]
Round 295 global test acc  19.7113
Round 295 Fscore 

[]
Round 296 global test acc  19.4124
Round 296 Fscore 

[]
Round 297 global test acc  19.0412
Round 297 Fscore 

[]
Round 298 global test acc  19.0515
Round 298 Fscore 

[]
Round 299 global test acc  18.8969
Round 299 Fscore 

[]
Round 300 global test acc  18.2268
Round 300 Fscore 

[]
Round 301 global test acc  18.8144
Round 301 Fscore 

[]
Round 302 global test acc  19.0206
Round 302 Fscore 

[]
Round 303 global test acc  18.6701
Round 303 Fscore 

[]
Round 304 global test acc  18.1443
Round 304 Fscore 

[]
Round 305 global test acc  18.3196
Round 305 Fscore 

[]
Round 306 global test acc  18.5670
Round 306 Fscore 

[]
Round 307 global test acc  18.4845
Round 307 Fscore 

[]
Round 308 global test acc  18.4021
Round 308 Fscore 

[]
Round 309 global test acc  19.0515
Round 309 Fscore 

[]
Round 310 global test acc  18.5876
Round 310 Fscore 

[]
Round 311 global test acc  19.5258
Round 311 Fscore 

[]
Round 312 global test acc  19.3402
Round 312 Fscore 

[]
Round 313 global test acc  18.6186
Round 313 Fscore 

[]
Round 314 global test acc  19.6495
Round 314 Fscore 

[]
Round 315 global test acc  19.1443
Round 315 Fscore 

[]
Round 316 global test acc  18.8763
Round 316 Fscore 

[]
Round 317 global test acc  19.6804
Round 317 Fscore 

[]
Round 318 global test acc  19.5464
Round 318 Fscore 

[]
Round 319 global test acc  19.1546
Round 319 Fscore 

[]
Round 320 global test acc  19.1753
Round 320 Fscore 

[]
Round 321 global test acc  18.9691
Round 321 Fscore 

[]
Round 322 global test acc  18.3093
Round 322 Fscore 

[]
Round 323 global test acc  19.0103
Round 323 Fscore 

[]
Round 324 global test acc  19.4536
Round 324 Fscore 

[]
Round 325 global test acc  19.1443
Round 325 Fscore 

[]
Round 326 global test acc  19.2887
Round 326 Fscore 

[]
Round 327 global test acc  19.1856
Round 327 Fscore 

[]
Round 328 global test acc  19.2577
Round 328 Fscore 

[]
Round 329 global test acc  19.1134
Round 329 Fscore 

[]
Round 330 global test acc  19.5567
Round 330 Fscore 

[]
Round 331 global test acc  19.4330
Round 331 Fscore 

[]
Round 332 global test acc  18.7835
Round 332 Fscore 

[]
Round 333 global test acc  19.1959
Round 333 Fscore 

[]
Round 334 global test acc  19.2990
Round 334 Fscore 

[]
Round 335 global test acc  18.8247
Round 335 Fscore 

[]
Round 336 global test acc  19.2062
Round 336 Fscore 

[]
Round 337 global test acc  19.1237
Round 337 Fscore 

[]
Round 338 global test acc  20.4845
Round 338 Fscore 

[]
Round 339 global test acc  19.1959
Round 339 Fscore 

[]
Round 340 global test acc  19.1031
Round 340 Fscore 

[]
Round 341 global test acc  19.5258
Round 341 Fscore 

[]
Round 342 global test acc  18.3814
Round 342 Fscore 

[]
Round 343 global test acc  18.9588
Round 343 Fscore 

[]
Round 344 global test acc  19.0000
Round 344 Fscore 

[]
Round 345 global test acc  19.3093
Round 345 Fscore 

[]
Round 346 global test acc  19.3505
Round 346 Fscore 

[]
Round 347 global test acc  19.4124
Round 347 Fscore 

[]
Round 348 global test acc  19.9691
Round 348 Fscore 

[]
Round 349 global test acc  19.1753
Round 349 Fscore 

[]
Round 350 global test acc  18.8660
Round 350 Fscore 

[]
Round 351 global test acc  19.7113
Round 351 Fscore 

[]
Round 352 global test acc  20.2577
Round 352 Fscore 

[]
Round 353 global test acc  20.4639
Round 353 Fscore 

[]
Round 354 global test acc  19.2268
Round 354 Fscore 

[]
Round 355 global test acc  19.6907
Round 355 Fscore 

[]
Round 356 global test acc  19.8041
Round 356 Fscore 

[]
Round 357 global test acc  19.1546
Round 357 Fscore 

[]
Round 358 global test acc  19.5670
Round 358 Fscore 

[]
Round 359 global test acc  19.4536
Round 359 Fscore 

[]
Round 360 global test acc  19.0825
Round 360 Fscore 

[]
Round 361 global test acc  18.5979
Round 361 Fscore 

[]
Round 362 global test acc  19.1340
Round 362 Fscore 

[]
Round 363 global test acc  19.5670
Round 363 Fscore 

[]
Round 364 global test acc  19.3196
Round 364 Fscore 

[]
Round 365 global test acc  18.8144
Round 365 Fscore 

[]
Round 366 global test acc  18.6907
Round 366 Fscore 

[]
Round 367 global test acc  18.0722
Round 367 Fscore 

[]
Round 368 global test acc  18.8351
Round 368 Fscore 

[]
Round 369 global test acc  19.0928
Round 369 Fscore 

[]
Round 370 global test acc  18.6598
Round 370 Fscore 

[]
Round 371 global test acc  19.6701
Round 371 Fscore 

[]
Round 372 global test acc  19.1134
Round 372 Fscore 

[]
Round 373 global test acc  19.6392
Round 373 Fscore 

[]
Round 374 global test acc  19.7423
Round 374 Fscore 

[]
Round 375 global test acc  19.4227
Round 375 Fscore 

[]
Round 376 global test acc  18.9897
Round 376 Fscore 

[]
Round 377 global test acc  19.1753
Round 377 Fscore 

[]
Round 378 global test acc  18.6804
Round 378 Fscore 

[]
Round 379 global test acc  18.8351
Round 379 Fscore 

[]
Round 380 global test acc  18.0515
Round 380 Fscore 

[]
Round 381 global test acc  17.9691
Round 381 Fscore 

[]
Round 382 global test acc  18.4536
Round 382 Fscore 

[]
Round 383 global test acc  18.3196
Round 383 Fscore 

[]
Round 384 global test acc  18.2371
Round 384 Fscore 

[]
Round 385 global test acc  18.8763
Round 385 Fscore 

[]
Round 386 global test acc  18.9897
Round 386 Fscore 

[]
Round 387 global test acc  19.6907
Round 387 Fscore 

[]
Round 388 global test acc  19.5670
Round 388 Fscore 

[]
Round 389 global test acc  18.9691
Round 389 Fscore 

[]
Round 390 global test acc  19.1649
Round 390 Fscore 

[]
Round 391 global test acc  18.7113
Round 391 Fscore 

[]
Round 392 global test acc  19.1753
Round 392 Fscore 

[]
Round 393 global test acc  18.2268
Round 393 Fscore 

[]
Round 394 global test acc  19.3608
Round 394 Fscore 

[]
Round 395 global test acc  19.2577
Round 395 Fscore 

[]
Round 396 global test acc  18.6804
Round 396 Fscore 

[]
Round 397 global test acc  19.1753
Round 397 Fscore 

[]
Round 398 global test acc  19.0928
Round 398 Fscore 

[]
Round 399 global test acc  19.3299
Round 399 Fscore 

[]
Round 400 global test acc  19.0722
Round 400 Fscore 

[]
Round 401 global test acc  19.8351
Round 401 Fscore 

[]
Round 402 global test acc  18.9278
Round 402 Fscore 

[]
Round 403 global test acc  18.9485
Round 403 Fscore 

[]
Round 404 global test acc  18.2990
Round 404 Fscore 

[]
Round 405 global test acc  18.2680
Round 405 Fscore 

[]
Round 406 global test acc  19.3196
Round 406 Fscore 

[]
Round 407 global test acc  18.9588
Round 407 Fscore 

[]
Round 408 global test acc  19.0103
Round 408 Fscore 

[]
Round 409 global test acc  17.7938
Round 409 Fscore 

[]
Round 410 global test acc  18.6186
Round 410 Fscore 

[]
Round 411 global test acc  18.7835
Round 411 Fscore 

[]
Round 412 global test acc  19.0515
Round 412 Fscore 

[]
Round 413 global test acc  18.4845
Round 413 Fscore 

[]
Round 414 global test acc  18.7010
Round 414 Fscore 

[]
Round 415 global test acc  18.1340
Round 415 Fscore 

[]
Round 416 global test acc  18.2990
Round 416 Fscore 

[]
Round 417 global test acc  18.2474
Round 417 Fscore 

[]
Round 418 global test acc  18.2680
Round 418 Fscore 

[]
Round 419 global test acc  18.7216
Round 419 Fscore 

[]
Round 420 global test acc  18.6289
Round 420 Fscore 

[]
Round 421 global test acc  18.7423
Round 421 Fscore 

[]
Round 422 global test acc  19.2268
Round 422 Fscore 

[]
Round 423 global test acc  19.4536
Round 423 Fscore 

[]
Round 424 global test acc  19.3402
Round 424 Fscore 

[]
Round 425 global test acc  18.4330
Round 425 Fscore 

[]
Round 426 global test acc  18.6289
Round 426 Fscore 

[]
Round 427 global test acc  18.9691
Round 427 Fscore 

[]
Round 428 global test acc  18.4124
Round 428 Fscore 

[]
Round 429 global test acc  18.0515
Round 429 Fscore 

[]
Round 430 global test acc  19.1134
Round 430 Fscore 

[]
Round 431 global test acc  18.9897
Round 431 Fscore 

[]
Round 432 global test acc  18.7423
Round 432 Fscore 

[]
Round 433 global test acc  19.0206
Round 433 Fscore 

[]
Round 434 global test acc  19.5258
Round 434 Fscore 

[]
Round 435 global test acc  19.0309
Round 435 Fscore 

[]
Round 436 global test acc  18.3196
Round 436 Fscore 

[]
Round 437 global test acc  19.2371
Round 437 Fscore 

[]
Round 438 global test acc  19.0515
Round 438 Fscore 

[]
Round 439 global test acc  19.0103
Round 439 Fscore 

[]
Round 440 global test acc  19.1134
Round 440 Fscore 

[]
Round 441 global test acc  19.4433
Round 441 Fscore 

[]
Round 442 global test acc  18.8557
Round 442 Fscore 

[]
Round 443 global test acc  19.7423
Round 443 Fscore 

[]
Round 444 global test acc  18.9588
Round 444 Fscore 

[]
Round 445 global test acc  18.9588
Round 445 Fscore 

[]
Round 446 global test acc  18.8351
Round 446 Fscore 

[]
Round 447 global test acc  19.6598
Round 447 Fscore 

[]
Round 448 global test acc  19.4639
Round 448 Fscore 

[]
Round 449 global test acc  19.0619
Round 449 Fscore 

[0.3689974546432495, 0.9999999403953552, 0.7560975551605225, 0.7849529981613159, 0.7105789184570312, 0.9999999403953552, 0.12015503644943237, 0.3993399441242218, 0.7093333005905151, 0.484375, 1.0, 0.9999999403953552, 0.9999999403953552, 0.6007220149040222, 1.0, 0.7353324890136719, 1.0, 1.0, 0.9999999403953552, 1.0, 0.5080831050872803, 0.9999999403953552, 1.0, 0.5986984968185425, 0.9999999403953552, 1.0, 0.7541826963424683, 0.717779278755188, 1.0, 0.47151899337768555, 0.06193805858492851, 1.0, 0.7695238590240479, 0.3390411138534546, 1.0, 0.7395833134651184, 1.0, 1.0, 0.0734856054186821, 1.0, 1.0, 0.3973509967327118, 0.7576923370361328, 1.0, 1.0, 0.9999999403953552, 1.0, 0.6775956153869629, 0.35762712359428406, 1.0]
time : 48829.32911133766
('algorithm', 'MR')
('gpu', 0)
('seed', 13)
('save_dir', './record/')
('rounds2', 450)
('local_ep', 5)
('frac2', 0.2)
('num_users', 50)
('local_bs', 32)
('lr', 0.01)
('model', 'resnet34')
('num_classes', 10)
('level_n_system', 0.5)
('level_n_lowerb', 0.3)
('alpha_dirichlet', 10)
('non_iid_prob_class', 0.7)
('dataset', 'cifar100')
('iid', True)
('LID_k', 20)
('iteration1', 5)
('rounds1', 200)
('frac1', 0.01)
('pretrained', False)
('mixup', False)
('alpha', 1)
('beta', 5)
('relabel_ratio', 0.5)
('confidence_thres', 0.5)
('clean_set_thres', 0.1)
('fine_tuning', True)
('correction', True)
('T_pl', 100)
('lambda_cen', 1.0)
('lambda_e', 0.8)
('num_gradual', 10)
('forget_rate', 0.2)
('lr_decay', 0.1)
('schedule', [])
('momentum', 0.5)
('weight_decay', 0.0001)
('feature_dim', 128)
('plr', 0.01)
('lamda', 15)
('K', 5)
('gamma', 1)
('begin_sel', 10)
('max_beta', 2)
('mu', 0.01)
('device', device(type='cuda', index=0))
Files already downloaded and verified
Files already downloaded and verified
Client 0, noise level: 0.7803 (0.7022), real noise ratio: 0.7722
Client 2, noise level: 0.3966 (0.3569), real noise ratio: 0.3918
Client 3, noise level: 0.3691 (0.3322), real noise ratio: 0.3536
Client 4, noise level: 0.4719 (0.4247), real noise ratio: 0.4485
Client 6, noise level: 0.9482 (0.8534), real noise ratio: 0.9361
Client 7, noise level: 0.7761 (0.6985), real noise ratio: 0.7505
Client 8, noise level: 0.4664 (0.4197), real noise ratio: 0.4495
Client 9, noise level: 0.6982 (0.6284), real noise ratio: 0.6804
Client 13, noise level: 0.5837 (0.5254), real noise ratio: 0.5701
Client 15, noise level: 0.4336 (0.3903), real noise ratio: 0.4186
Client 20, noise level: 0.6493 (0.5844), real noise ratio: 0.6588
Client 23, noise level: 0.5554 (0.4999), real noise ratio: 0.5722
Client 26, noise level: 0.3955 (0.3559), real noise ratio: 0.3938
Client 27, noise level: 0.4655 (0.4189), real noise ratio: 0.4402
Client 29, noise level: 0.6947 (0.6253), real noise ratio: 0.6887
Client 30, noise level: 0.9713 (0.8741), real noise ratio: 0.9680
Client 32, noise level: 0.3903 (0.3512), real noise ratio: 0.3742
Client 33, noise level: 0.8324 (0.7492), real noise ratio: 0.7959
Client 35, noise level: 0.4230 (0.3807), real noise ratio: 0.4124
Client 38, noise level: 0.9771 (0.8794), real noise ratio: 0.9619
Client 41, noise level: 0.7686 (0.6917), real noise ratio: 0.7505
Client 42, noise level: 0.3765 (0.3389), real noise ratio: 0.3897
Client 47, noise level: 0.4886 (0.4397), real noise ratio: 0.4866
Client 48, noise level: 0.7551 (0.6796), real noise ratio: 0.7814
Round 0 global test acc  0.9897
Round 0 Fscore 

[]
Round 1 global test acc  1.5773
Round 1 Fscore 

[]
Round 2 global test acc  4.3814
Round 2 Fscore 

[]
Round 3 global test acc  7.8247
Round 3 Fscore 

[]
Round 4 global test acc  9.7526
Round 4 Fscore 

[]
Round 5 global test acc  8.4639
Round 5 Fscore 

[]
Round 6 global test acc  13.4433
Round 6 Fscore 

[]
Round 7 global test acc  13.8969
Round 7 Fscore 

[]
Round 8 global test acc  15.6701
Round 8 Fscore 

[]
Round 9 global test acc  15.4742
Round 9 Fscore 

[]
Round 10 global test acc  15.0928
Round 10 Fscore 

[]
Round 11 global test acc  15.0000
Round 11 Fscore 

[]
Round 12 global test acc  12.8660
Round 12 Fscore 

[]
Round 13 global test acc  17.9381
Round 13 Fscore 

[]
Round 14 global test acc  16.9278
Round 14 Fscore 

[]
Round 15 global test acc  17.2990
Round 15 Fscore 

[]
Round 16 global test acc  19.0825
Round 16 Fscore 

[]
Round 17 global test acc  19.4124
Round 17 Fscore 

[]
Round 18 global test acc  16.4124
Round 18 Fscore 

[]
Round 19 global test acc  19.3093
Round 19 Fscore 

[]
Round 20 global test acc  20.9072
Round 20 Fscore 

[]
Round 21 global test acc  20.7113
Round 21 Fscore 

[]
Round 22 global test acc  20.8969
Round 22 Fscore 

[]
Round 23 global test acc  18.7526
Round 23 Fscore 

[]
Round 24 global test acc  18.2062
Round 24 Fscore 

[]
Round 25 global test acc  18.6907
Round 25 Fscore 

[]
Round 26 global test acc  21.5464
Round 26 Fscore 

[]
Round 27 global test acc  21.9794
Round 27 Fscore 

[]
Round 28 global test acc  20.3196
Round 28 Fscore 

[]
Round 29 global test acc  20.2062
Round 29 Fscore 

[]
Round 30 global test acc  22.9588
Round 30 Fscore 

[]
Round 31 global test acc  23.1753
Round 31 Fscore 

[]
Round 32 global test acc  21.7216
Round 32 Fscore 

[]
Round 33 global test acc  22.5464
Round 33 Fscore 

[]
Round 34 global test acc  22.1340
Round 34 Fscore 

[]
Round 35 global test acc  21.9485
Round 35 Fscore 

[]
Round 36 global test acc  23.6495
Round 36 Fscore 

[]
Round 37 global test acc  22.4227
Round 37 Fscore 

[]
Round 38 global test acc  23.2887
Round 38 Fscore 

[]
Round 39 global test acc  22.4124
Round 39 Fscore 

[]
Round 40 global test acc  22.4742
Round 40 Fscore 

[]
Round 41 global test acc  21.1237
Round 41 Fscore 

[]
Round 42 global test acc  22.0000
Round 42 Fscore 

[]
Round 43 global test acc  20.8144
Round 43 Fscore 

[]
Round 44 global test acc  20.4742
Round 44 Fscore 

[]
Round 45 global test acc  21.8866
Round 45 Fscore 

[]
Round 46 global test acc  23.6495
Round 46 Fscore 

[]
Round 47 global test acc  23.6804
Round 47 Fscore 

[]
Round 48 global test acc  22.9691
Round 48 Fscore 

[]
Round 49 global test acc  23.9691
Round 49 Fscore 

[]
Round 50 global test acc  22.7320
Round 50 Fscore 

[]
Round 51 global test acc  24.2165
Round 51 Fscore 

[]
Round 52 global test acc  23.8247
Round 52 Fscore 

[]
Round 53 global test acc  22.3505
Round 53 Fscore 

[]
Round 54 global test acc  22.4227
Round 54 Fscore 

[]
Round 55 global test acc  22.5052
Round 55 Fscore 

[]
Round 56 global test acc  22.9485
Round 56 Fscore 

[]
Round 57 global test acc  20.0206
Round 57 Fscore 

[]
Round 58 global test acc  21.5258
Round 58 Fscore 

[]
Round 59 global test acc  23.5567
Round 59 Fscore 

[]
Round 60 global test acc  22.0825
Round 60 Fscore 

[]
Round 61 global test acc  23.0309
Round 61 Fscore 

[]
Round 62 global test acc  21.4845
Round 62 Fscore 

[]
Round 63 global test acc  21.7216
Round 63 Fscore 

[]
Round 64 global test acc  21.0309
Round 64 Fscore 

[]
Round 65 global test acc  22.6392
Round 65 Fscore 

[]
Round 66 global test acc  19.7113
Round 66 Fscore 

[]
Round 67 global test acc  20.4227
Round 67 Fscore 

[]
Round 68 global test acc  21.6495
Round 68 Fscore 

[]
Round 69 global test acc  22.2474
Round 69 Fscore 

[]
Round 70 global test acc  22.5361
Round 70 Fscore 

[]
Round 71 global test acc  22.0412
Round 71 Fscore 

[]
Round 72 global test acc  21.1443
Round 72 Fscore 

[]
Round 73 global test acc  21.6186
Round 73 Fscore 

[]
Round 74 global test acc  22.2784
Round 74 Fscore 

[]
Round 75 global test acc  20.8454
Round 75 Fscore 

[]
Round 76 global test acc  20.7423
Round 76 Fscore 

[]
Round 77 global test acc  22.1443
Round 77 Fscore 

[]
Round 78 global test acc  22.1443
Round 78 Fscore 

[]
Round 79 global test acc  21.5876
Round 79 Fscore 

[]
Round 80 global test acc  19.8454
Round 80 Fscore 

[]
Round 81 global test acc  21.0103
Round 81 Fscore 

[]
Round 82 global test acc  21.0825
Round 82 Fscore 

[]
Round 83 global test acc  21.1546
Round 83 Fscore 

[]
Round 84 global test acc  21.3093
Round 84 Fscore 

[]
Round 85 global test acc  21.0619
Round 85 Fscore 

[]
Round 86 global test acc  19.1959
Round 86 Fscore 

[]
Round 87 global test acc  20.8969
Round 87 Fscore 

[]
Round 88 global test acc  20.6701
Round 88 Fscore 

[]
Round 89 global test acc  21.5979
Round 89 Fscore 

[]
Round 90 global test acc  21.5670
Round 90 Fscore 

[]
Round 91 global test acc  19.7938
Round 91 Fscore 

[]
Round 92 global test acc  18.3299
Round 92 Fscore 

[]
Round 93 global test acc  20.6804
Round 93 Fscore 

[]
Round 94 global test acc  18.4845
Round 94 Fscore 

[]
Round 95 global test acc  19.3299
Round 95 Fscore 

[]
Round 96 global test acc  19.5567
Round 96 Fscore 

[]
Round 97 global test acc  20.0515
Round 97 Fscore 

[]
Round 98 global test acc  18.1134
Round 98 Fscore 

[]
Round 99 global test acc  19.8351
Round 99 Fscore 

[]
Round 100 global test acc  20.0515
Round 100 Fscore 

[]
Round 101 global test acc  20.2371
Round 101 Fscore 

[]
Round 102 global test acc  21.1031
Round 102 Fscore 

[]
Round 103 global test acc  20.3814
Round 103 Fscore 

[]
Round 104 global test acc  21.4639
Round 104 Fscore 

[]
Round 105 global test acc  19.9381
Round 105 Fscore 

[]
Round 106 global test acc  19.9278
Round 106 Fscore 

[]
Round 107 global test acc  20.2165
Round 107 Fscore 

[]
Round 108 global test acc  19.9072
Round 108 Fscore 

[]
Round 109 global test acc  19.1753
Round 109 Fscore 

[]
Round 110 global test acc  18.5567
Round 110 Fscore 

[]
Round 111 global test acc  17.1237
Round 111 Fscore 

[]
Round 112 global test acc  20.3711
Round 112 Fscore 

[]
Round 113 global test acc  19.9691
Round 113 Fscore 

[]
Round 114 global test acc  18.1649
Round 114 Fscore 

[]
Round 115 global test acc  19.4433
Round 115 Fscore 

[]
Round 116 global test acc  19.3918
Round 116 Fscore 

[]
Round 117 global test acc  19.0309
Round 117 Fscore 

[]
Round 118 global test acc  19.5258
Round 118 Fscore 

[]
Round 119 global test acc  19.3505
Round 119 Fscore 

[]
Round 120 global test acc  19.2887
Round 120 Fscore 

[]
Round 121 global test acc  20.1237
Round 121 Fscore 

[]
Round 122 global test acc  18.3918
Round 122 Fscore 

[]
Round 123 global test acc  20.7113
Round 123 Fscore 

[]
Round 124 global test acc  19.0928
Round 124 Fscore 

[]
Round 125 global test acc  19.5567
Round 125 Fscore 

[]
Round 126 global test acc  18.7423
Round 126 Fscore 

[]
Round 127 global test acc  18.7320
Round 127 Fscore 

[]
Round 128 global test acc  18.0103
Round 128 Fscore 

[]
Round 129 global test acc  18.5876
Round 129 Fscore 

[]
Round 130 global test acc  19.4742
Round 130 Fscore 

[]
Round 131 global test acc  18.8351
Round 131 Fscore 

[]
Round 132 global test acc  20.4639
Round 132 Fscore 

[]
Round 133 global test acc  19.9381
Round 133 Fscore 

[]
Round 134 global test acc  19.1340
Round 134 Fscore 

[]
Round 135 global test acc  18.5258
Round 135 Fscore 

[]
Round 136 global test acc  19.1031
Round 136 Fscore 

[]
Round 137 global test acc  18.8351
Round 137 Fscore 

[]
Round 138 global test acc  19.0928
Round 138 Fscore 

[]
Round 139 global test acc  19.2371
Round 139 Fscore 

[]
Round 140 global test acc  17.5258
Round 140 Fscore 

[]
Round 141 global test acc  16.9278
Round 141 Fscore 

[]
Round 142 global test acc  18.9588
Round 142 Fscore 

[]
Round 143 global test acc  20.4330
Round 143 Fscore 

[]
Round 144 global test acc  17.9381
Round 144 Fscore 

[]
Round 145 global test acc  19.6082
Round 145 Fscore 

[]
Round 146 global test acc  21.2577
Round 146 Fscore 

[]
Round 147 global test acc  18.9794
Round 147 Fscore 

[]
Round 148 global test acc  19.2474
Round 148 Fscore 

[]
Round 149 global test acc  19.8763
Round 149 Fscore 

[]
Round 150 global test acc  20.0000
Round 150 Fscore 

[]
Round 151 global test acc  18.3505
Round 151 Fscore 

[]
Round 152 global test acc  19.3711
Round 152 Fscore 

[]
Round 153 global test acc  20.1649
Round 153 Fscore 

[]
Round 154 global test acc  19.0928
Round 154 Fscore 

[]
Round 155 global test acc  19.5155
Round 155 Fscore 

[]
Round 156 global test acc  18.0103
Round 156 Fscore 

[]
Round 157 global test acc  19.3093
Round 157 Fscore 

[]
Round 158 global test acc  19.9485
Round 158 Fscore 

[]
Round 159 global test acc  19.1134
Round 159 Fscore 

[]
Round 160 global test acc  20.1237
Round 160 Fscore 

[]
Round 161 global test acc  19.1443
Round 161 Fscore 

[]
Round 162 global test acc  19.1237
Round 162 Fscore 

[]
Round 163 global test acc  20.1649
Round 163 Fscore 

[]
Round 164 global test acc  18.8763
Round 164 Fscore 

[]
Round 165 global test acc  18.6082
Round 165 Fscore 

[]
Round 166 global test acc  18.7216
Round 166 Fscore 

[]
Round 167 global test acc  19.3505
Round 167 Fscore 

[]
Round 168 global test acc  19.8660
Round 168 Fscore 

[]
Round 169 global test acc  19.0515
Round 169 Fscore 

[]
Round 170 global test acc  20.1649
Round 170 Fscore 

[]
Round 171 global test acc  20.4330
Round 171 Fscore 

[]
Round 172 global test acc  19.4845
Round 172 Fscore 

[]
Round 173 global test acc  20.8557
Round 173 Fscore 

[]
Round 174 global test acc  20.4021
Round 174 Fscore 

[]
Round 175 global test acc  19.8763
Round 175 Fscore 

[]
Round 176 global test acc  19.7423
Round 176 Fscore 

[]
Round 177 global test acc  19.2680
Round 177 Fscore 

[]
Round 178 global test acc  18.7732
Round 178 Fscore 

[]
Round 179 global test acc  18.4433
Round 179 Fscore 

[]
Round 180 global test acc  19.2577
Round 180 Fscore 

[]
Round 181 global test acc  18.8454
Round 181 Fscore 

[]
Round 182 global test acc  18.8041
Round 182 Fscore 

[]
Round 183 global test acc  19.2680
Round 183 Fscore 

[]
Round 184 global test acc  19.4433
Round 184 Fscore 

[]
Round 185 global test acc  18.8866
Round 185 Fscore 

[]
Round 186 global test acc  19.4021
Round 186 Fscore 

[]
Round 187 global test acc  17.0928
Round 187 Fscore 

[]
Round 188 global test acc  19.3196
Round 188 Fscore 

[]
Round 189 global test acc  18.6701
Round 189 Fscore 

[]
Round 190 global test acc  18.3093
Round 190 Fscore 

[]
Round 191 global test acc  18.8144
Round 191 Fscore 

[]
Round 192 global test acc  18.3299
Round 192 Fscore 

[]
Round 193 global test acc  20.5773
Round 193 Fscore 

[]
Round 194 global test acc  19.5567
Round 194 Fscore 

[]
Round 195 global test acc  19.6082
Round 195 Fscore 

[]
Round 196 global test acc  19.7629
Round 196 Fscore 

[]
Round 197 global test acc  19.0825
Round 197 Fscore 

[]
Round 198 global test acc  18.8763
Round 198 Fscore 

[]
Round 199 global test acc  18.9175
Round 199 Fscore 

[]
Round 200 global test acc  19.0309
Round 200 Fscore 

[]
Round 201 global test acc  20.0412
Round 201 Fscore 

[]
Round 202 global test acc  19.2990
Round 202 Fscore 

[]
Round 203 global test acc  18.1443
Round 203 Fscore 

[]
Round 204 global test acc  19.1753
Round 204 Fscore 

[]
Round 205 global test acc  19.8969
Round 205 Fscore 

[]
Round 206 global test acc  21.4330
Round 206 Fscore 

[]
Round 207 global test acc  19.8247
Round 207 Fscore 

[]
Round 208 global test acc  19.4536
Round 208 Fscore 

[]
Round 209 global test acc  18.2680
Round 209 Fscore 

[]
Round 210 global test acc  18.8247
Round 210 Fscore 

[]
Round 211 global test acc  19.7938
Round 211 Fscore 

[]
Round 212 global test acc  19.4639
Round 212 Fscore 

[]
Round 213 global test acc  19.3093
Round 213 Fscore 

[]
Round 214 global test acc  18.8454
Round 214 Fscore 

[]
Round 215 global test acc  19.4227
Round 215 Fscore 

[]
Round 216 global test acc  19.5464
Round 216 Fscore 

[]
Round 217 global test acc  19.9588
Round 217 Fscore 

[]
Round 218 global test acc  18.5258
Round 218 Fscore 

[]
Round 219 global test acc  18.7216
Round 219 Fscore 

[]
Round 220 global test acc  19.3608
Round 220 Fscore 

[]
Round 221 global test acc  19.9794
Round 221 Fscore 

[]
Round 222 global test acc  19.1959
Round 222 Fscore 

[]
Round 223 global test acc  19.9072
Round 223 Fscore 

[]
Round 224 global test acc  19.4742
Round 224 Fscore 

[]
Round 225 global test acc  19.3505
Round 225 Fscore 

[]
Round 226 global test acc  19.2165
Round 226 Fscore 

[]
Round 227 global test acc  18.4433
Round 227 Fscore 

[]
Round 228 global test acc  19.1134
Round 228 Fscore 

[]
Round 229 global test acc  18.7320
Round 229 Fscore 

[]
Round 230 global test acc  18.8557
Round 230 Fscore 

[]
Round 231 global test acc  18.1959
Round 231 Fscore 

[]
Round 232 global test acc  19.5567
Round 232 Fscore 

[]
Round 233 global test acc  17.6082
Round 233 Fscore 

[]
Round 234 global test acc  17.9485
Round 234 Fscore 

[]
Round 235 global test acc  18.1856
Round 235 Fscore 

[]
Round 236 global test acc  18.5567
Round 236 Fscore 

[]
Round 237 global test acc  18.9175
Round 237 Fscore 

[]
Round 238 global test acc  20.1959
Round 238 Fscore 

[]
Round 239 global test acc  19.4021
Round 239 Fscore 

[]
Round 240 global test acc  19.9278
Round 240 Fscore 

[]
Round 241 global test acc  19.2577
Round 241 Fscore 

[]
Round 242 global test acc  18.1959
Round 242 Fscore 

[]
Round 243 global test acc  19.7526
Round 243 Fscore 

[]
Round 244 global test acc  19.1856
Round 244 Fscore 

[]
Round 245 global test acc  19.8763
Round 245 Fscore 

[]
Round 246 global test acc  19.2371
Round 246 Fscore 

[]
Round 247 global test acc  19.8866
Round 247 Fscore 

[]
Round 248 global test acc  19.6186
Round 248 Fscore 

[]
Round 249 global test acc  19.7629
Round 249 Fscore 

[]
Round 250 global test acc  19.5876
Round 250 Fscore 

[]
Round 251 global test acc  20.3093
Round 251 Fscore 

[]
Round 252 global test acc  19.4433
Round 252 Fscore 

[]
Round 253 global test acc  19.9072
Round 253 Fscore 

[]
Round 254 global test acc  20.0515
Round 254 Fscore 

[]
Round 255 global test acc  20.4021
Round 255 Fscore 

[]
Round 256 global test acc  20.2268
Round 256 Fscore 

[]
Round 257 global test acc  18.2268
Round 257 Fscore 

[]
Round 258 global test acc  18.4845
Round 258 Fscore 

[]
Round 259 global test acc  18.8660
Round 259 Fscore 

[]
Round 260 global test acc  18.5052
Round 260 Fscore 

[]
Round 261 global test acc  19.0000
Round 261 Fscore 

[]
Round 262 global test acc  19.0412
Round 262 Fscore 

[]
Round 263 global test acc  19.5773
Round 263 Fscore 

[]
Round 264 global test acc  18.9072
Round 264 Fscore 

[]
Round 265 global test acc  19.2680
Round 265 Fscore 

[]
Round 266 global test acc  19.8969
Round 266 Fscore 

[]
Round 267 global test acc  19.9794
Round 267 Fscore 

[]
Round 268 global test acc  19.7010
Round 268 Fscore 

[]
Round 269 global test acc  19.1237
Round 269 Fscore 

[]
Round 270 global test acc  19.7320
Round 270 Fscore 

[]
Round 271 global test acc  20.0309
Round 271 Fscore 

[]
Round 272 global test acc  18.5258
Round 272 Fscore 

[]
Round 273 global test acc  18.2268
Round 273 Fscore 

[]
Round 274 global test acc  19.3608
Round 274 Fscore 

[]
Round 275 global test acc  19.5052
Round 275 Fscore 

[]
Round 276 global test acc  19.9072
Round 276 Fscore 

[]
Round 277 global test acc  19.4330
Round 277 Fscore 

[]
Round 278 global test acc  18.9588
Round 278 Fscore 

[]
Round 279 global test acc  19.7938
Round 279 Fscore 

[]
Round 280 global test acc  18.8454
Round 280 Fscore 

[]
Round 281 global test acc  18.9175
Round 281 Fscore 

[]
Round 282 global test acc  19.4330
Round 282 Fscore 

[]
Round 283 global test acc  19.9588
Round 283 Fscore 

[]
Round 284 global test acc  20.4536
Round 284 Fscore 

[]
Round 285 global test acc  18.8660
Round 285 Fscore 

[]
Round 286 global test acc  20.3814
Round 286 Fscore 

[]
Round 287 global test acc  19.8041
Round 287 Fscore 

[]
Round 288 global test acc  19.2990
Round 288 Fscore 

[]
Round 289 global test acc  20.4536
Round 289 Fscore 

[]
Round 290 global test acc  20.2990
Round 290 Fscore 

[]
Round 291 global test acc  19.5361
Round 291 Fscore 

[]
Round 292 global test acc  20.0928
Round 292 Fscore 

[]
Round 293 global test acc  20.3093
Round 293 Fscore 

[]
Round 294 global test acc  20.7320
Round 294 Fscore 

[]
Round 295 global test acc  20.6392
Round 295 Fscore 

[]
Round 296 global test acc  19.3505
Round 296 Fscore 

[]
Round 297 global test acc  19.4124
Round 297 Fscore 

[]
Round 298 global test acc  20.0515
Round 298 Fscore 

[]
Round 299 global test acc  19.6186
Round 299 Fscore 

[]
Round 300 global test acc  19.1134
Round 300 Fscore 

[]
Round 301 global test acc  19.5464
Round 301 Fscore 

[]
Round 302 global test acc  20.0206
Round 302 Fscore 

[]
Round 303 global test acc  19.8969
Round 303 Fscore 

[]
Round 304 global test acc  19.5876
Round 304 Fscore 

[]
Round 305 global test acc  19.0412
Round 305 Fscore 

[]
Round 306 global test acc  19.7010
Round 306 Fscore 

[]
Round 307 global test acc  19.1237
Round 307 Fscore 

[]
Round 308 global test acc  18.9381
Round 308 Fscore 

[]
Round 309 global test acc  19.2990
Round 309 Fscore 

[]
Round 310 global test acc  18.6701
Round 310 Fscore 

[]
Round 311 global test acc  19.1340
Round 311 Fscore 

[]
Round 312 global test acc  19.1856
Round 312 Fscore 

[]
Round 313 global test acc  18.4330
Round 313 Fscore 

[]
Round 314 global test acc  19.2577
Round 314 Fscore 

[]
Round 315 global test acc  18.4330
Round 315 Fscore 

[]
Round 316 global test acc  18.4021
Round 316 Fscore 

[]
Round 317 global test acc  19.9278
Round 317 Fscore 

[]
Round 318 global test acc  19.8660
Round 318 Fscore 

[]
Round 319 global test acc  19.3918
Round 319 Fscore 

[]
Round 320 global test acc  19.0515
Round 320 Fscore 

[]
Round 321 global test acc  19.0722
Round 321 Fscore 

[]
Round 322 global test acc  18.3196
Round 322 Fscore 

[]
Round 323 global test acc  18.9175
Round 323 Fscore 

[]
Round 324 global test acc  18.9278
Round 324 Fscore 

[]
Round 325 global test acc  19.2680
Round 325 Fscore 

[]
Round 326 global test acc  19.7732
Round 326 Fscore 

[]
Round 327 global test acc  19.6082
Round 327 Fscore 

[]
Round 328 global test acc  19.1959
Round 328 Fscore 

[]
Round 329 global test acc  19.9175
Round 329 Fscore 

[]
Round 330 global test acc  20.3093
Round 330 Fscore 

[]
Round 331 global test acc  20.2680
Round 331 Fscore 

[]
Round 332 global test acc  19.2990
Round 332 Fscore 

[]
Round 333 global test acc  18.8454
Round 333 Fscore 

[]
Round 334 global test acc  19.2680
Round 334 Fscore 

[]
Round 335 global test acc  18.8557
Round 335 Fscore 

[]
Round 336 global test acc  19.2680
Round 336 Fscore 

[]
Round 337 global test acc  18.8763
Round 337 Fscore 

[]
Round 338 global test acc  19.3505
Round 338 Fscore 

[]
Round 339 global test acc  18.9175
Round 339 Fscore 

[]
Round 340 global test acc  19.1856
Round 340 Fscore 

[]
Round 341 global test acc  19.2474
Round 341 Fscore 

[]
Round 342 global test acc  18.3711
Round 342 Fscore 

[]
Round 343 global test acc  18.6804
Round 343 Fscore 

[]
Round 344 global test acc  18.8763
Round 344 Fscore 

[]
Round 345 global test acc  19.0928
Round 345 Fscore 

[]
Round 346 global test acc  19.2474
Round 346 Fscore 

[]
Round 347 global test acc  18.9588
Round 347 Fscore 

[]
Round 348 global test acc  19.7320
Round 348 Fscore 

[]
Round 349 global test acc  18.8247
Round 349 Fscore 

[]
Round 350 global test acc  18.5052
Round 350 Fscore 

[]
Round 351 global test acc  19.1443
Round 351 Fscore 

[]
Round 352 global test acc  19.8866
Round 352 Fscore 

[]
Round 353 global test acc  20.2784
Round 353 Fscore 

[]
Round 354 global test acc  18.3814
Round 354 Fscore 

[]
Round 355 global test acc  19.2680
Round 355 Fscore 

[]
Round 356 global test acc  20.4021
Round 356 Fscore 

[]
Round 357 global test acc  20.0206
Round 357 Fscore 

[]
Round 358 global test acc  20.1546
Round 358 Fscore 

[]
Round 359 global test acc  20.1443
Round 359 Fscore 

[]
Round 360 global test acc  19.7732
Round 360 Fscore 

[]
Round 361 global test acc  19.1649
Round 361 Fscore 

[]
Round 362 global test acc  19.3093
Round 362 Fscore 

[]
Round 363 global test acc  19.6598
Round 363 Fscore 

[]
Round 364 global test acc  19.8144
Round 364 Fscore 

[]
Round 365 global test acc  19.4021
Round 365 Fscore 

[]
Round 366 global test acc  18.5155
Round 366 Fscore 

[]
Round 367 global test acc  17.7010
Round 367 Fscore 

[]
Round 368 global test acc  19.2268
Round 368 Fscore 

[]
Round 369 global test acc  19.4124
Round 369 Fscore 

[]
Round 370 global test acc  19.0928
Round 370 Fscore 

[]
Round 371 global test acc  19.3299
Round 371 Fscore 

[]
Round 372 global test acc  18.7423
Round 372 Fscore 

[]
Round 373 global test acc  19.8247
Round 373 Fscore 

[]
Round 374 global test acc  19.7113
Round 374 Fscore 

[]
Round 375 global test acc  19.5876
Round 375 Fscore 

[]
Round 376 global test acc  18.7732
Round 376 Fscore 

[]
Round 377 global test acc  19.6289
Round 377 Fscore 

[]
Round 378 global test acc  19.4742
Round 378 Fscore 

[]
Round 379 global test acc  18.5876
Round 379 Fscore 

[]
Round 380 global test acc  17.8866
Round 380 Fscore 

[]
Round 381 global test acc  17.2474
Round 381 Fscore 

[]
Round 382 global test acc  17.7835
Round 382 Fscore 

[]
Round 383 global test acc  18.1031
Round 383 Fscore 

[]
Round 384 global test acc  17.6495
Round 384 Fscore 

[]
Round 385 global test acc  18.2165
Round 385 Fscore 

[]
Round 386 global test acc  18.6392
Round 386 Fscore 

[]
Round 387 global test acc  19.6495
Round 387 Fscore 

[]
Round 388 global test acc  19.2165
Round 388 Fscore 

[]
Round 389 global test acc  18.9072
Round 389 Fscore 

[]
Round 390 global test acc  18.7938
Round 390 Fscore 

[]
Round 391 global test acc  18.6186
Round 391 Fscore 

[]
Round 392 global test acc  18.5979
Round 392 Fscore 

[]
Round 393 global test acc  18.4021
Round 393 Fscore 

[]
Round 394 global test acc  18.6392
Round 394 Fscore 

[]
Round 395 global test acc  18.2784
Round 395 Fscore 

[]
Round 396 global test acc  18.2680
Round 396 Fscore 

[]
Round 397 global test acc  18.9175
Round 397 Fscore 

[]
Round 398 global test acc  19.1959
Round 398 Fscore 

[]
Round 399 global test acc  18.6804
Round 399 Fscore 

[]
Round 400 global test acc  18.8247
Round 400 Fscore 

[]
Round 401 global test acc  19.0412
Round 401 Fscore 

[]
Round 402 global test acc  19.1649
Round 402 Fscore 

[]
Round 403 global test acc  18.8351
Round 403 Fscore 

[]
Round 404 global test acc  18.3196
Round 404 Fscore 

[]
Round 405 global test acc  18.6598
Round 405 Fscore 

[]
Round 406 global test acc  18.4742
Round 406 Fscore 

[]
Round 407 global test acc  18.8557
Round 407 Fscore 

[]
Round 408 global test acc  18.7216
Round 408 Fscore 

[]
Round 409 global test acc  18.3711
Round 409 Fscore 

[]
Round 410 global test acc  18.6392
Round 410 Fscore 

[]
Round 411 global test acc  18.9588
Round 411 Fscore 

[]
Round 412 global test acc  19.4021
Round 412 Fscore 

[]
Round 413 global test acc  19.2165
Round 413 Fscore 

[]
Round 414 global test acc  18.9485
Round 414 Fscore 

[]
Round 415 global test acc  18.6907
Round 415 Fscore 

[]
Round 416 global test acc  18.4948
Round 416 Fscore 

[]
Round 417 global test acc  18.9175
Round 417 Fscore 

[]
Round 418 global test acc  18.8763
Round 418 Fscore 

[]
Round 419 global test acc  19.0412
Round 419 Fscore 

[]
Round 420 global test acc  19.2887
Round 420 Fscore 

[]
Round 421 global test acc  19.4948
Round 421 Fscore 

[]
Round 422 global test acc  19.5979
Round 422 Fscore 

[]
Round 423 global test acc  19.5464
Round 423 Fscore 

[]
Round 424 global test acc  19.1753
Round 424 Fscore 

[]
Round 425 global test acc  18.4021
Round 425 Fscore 

[]
Round 426 global test acc  18.9175
Round 426 Fscore 

[]
Round 427 global test acc  18.8247
Round 427 Fscore 

[]
Round 428 global test acc  18.1031
Round 428 Fscore 

[]
Round 429 global test acc  17.4124
Round 429 Fscore 

[]
Round 430 global test acc  18.3299
Round 430 Fscore 

[]
Round 431 global test acc  18.6392
Round 431 Fscore 

[]
Round 432 global test acc  18.5052
Round 432 Fscore 

[]
Round 433 global test acc  18.2887
Round 433 Fscore 

[]
Round 434 global test acc  19.0515
Round 434 Fscore 

[]
Round 435 global test acc  19.4742
Round 435 Fscore 

[]
Round 436 global test acc  18.9381
Round 436 Fscore 

[]
Round 437 global test acc  18.8454
Round 437 Fscore 

[]
Round 438 global test acc  19.0722
Round 438 Fscore 

[]
Round 439 global test acc  19.2784
Round 439 Fscore 

[]
Round 440 global test acc  19.4742
Round 440 Fscore 

[]
Round 441 global test acc  19.2784
Round 441 Fscore 

[]
Round 442 global test acc  19.1340
Round 442 Fscore 

[]
Round 443 global test acc  19.6701
Round 443 Fscore 

[]
Round 444 global test acc  18.5567
Round 444 Fscore 

[]
Round 445 global test acc  18.7010
Round 445 Fscore 

[]
Round 446 global test acc  18.2680
Round 446 Fscore 

[]
Round 447 global test acc  19.2990
Round 447 Fscore 

[]
Round 448 global test acc  19.2062
Round 448 Fscore 

[]
Round 449 global test acc  18.8866
Round 449 Fscore 

[0.3711167275905609, 1.0, 0.7557840347290039, 0.7846829295158386, 0.7105789184570312, 1.0, 0.12015503644943237, 0.3983471095561981, 0.7093333005905151, 0.48356810212135315, 1.0, 1.0, 1.0, 0.5995655059814453, 0.9999999403953552, 0.7342931628227234, 1.0, 1.0, 1.0, 1.0, 0.5073245763778687, 0.9999999403953552, 1.0, 0.5981172919273376, 1.0, 1.0, 0.7544987201690674, 0.7170311212539673, 0.9999999403953552, 0.47318610548973083, 0.06193805858492851, 0.9999999403953552, 0.7698161005973816, 0.3390411138534546, 1.0, 0.7389034628868103, 0.9999999403953552, 0.9999999403953552, 0.0734856054186821, 1.0, 1.0, 0.3993399441242218, 0.7580025792121887, 1.0, 1.0, 1.0, 0.9999999403953552, 0.6775956153869629, 0.35762712359428406, 0.9999999403953552]
time : 21738.654384613037

