('algorithm', 'RFL')
('gpu', 0)
('seed', 13)
('save_dir', './record/')
('rounds2', 450)
('local_ep', 5)
('frac2', 0.1)
('num_users', 100)
('local_bs', 32)
('lr', 0.01)
('model', 'resnet18')
('num_classes', 10)
('level_n_system', 0.0)
('level_n_lowerb', 0.0)
('alpha_dirichlet', 10)
('non_iid_prob_class', 0.7)
('dataset', 'cifar10')
('iid', False)
('LID_k', 20)
('iteration1', 5)
('rounds1', 200)
('frac1', 0.01)
('pretrained', False)
('mixup', False)
('alpha', 1)
('beta', 5)
('relabel_ratio', 0.5)
('confidence_thres', 0.5)
('clean_set_thres', 0.1)
('fine_tuning', True)
('correction', True)
('T_pl', 100)
('lambda_cen', 1.0)
('lambda_e', 0.8)
('num_gradual', 10)
('forget_rate', 0.2)
('lr_decay', 0.1)
('schedule', [])
('momentum', 0.5)
('weight_decay', 0.0001)
('feature_dim', 128)
('plr', 0.01)
('lamda', 15)
('K', 1)
('gamma', 1)
('begin_sel', 10)
('max_beta', 2)
('mu', 0.01)
('device', device(type='cuda', index=0))
Files already downloaded and verified
Files already downloaded and verified
ResNet(
  (conv1): Conv2d(3, 64, kernel_size=(3, 3), stride=(1, 1), padding=(1, 1), bias=False)
  (bn1): BatchNorm2d(64, eps=1e-05, momentum=0.1, affine=True, track_running_stats=True)
  (layer1): Sequential(
    (0): BasicBlock(
      (conv1): Conv2d(64, 64, kernel_size=(3, 3), stride=(1, 1), padding=(1, 1), bias=False)
      (bn1): BatchNorm2d(64, eps=1e-05, momentum=0.1, affine=True, track_running_stats=True)
      (conv2): Conv2d(64, 64, kernel_size=(3, 3), stride=(1, 1), padding=(1, 1), bias=False)
      (bn2): BatchNorm2d(64, eps=1e-05, momentum=0.1, affine=True, track_running_stats=True)
      (shortcut): Sequential()
    )
    (1): BasicBlock(
      (conv1): Conv2d(64, 64, kernel_size=(3, 3), stride=(1, 1), padding=(1, 1), bias=False)
      (bn1): BatchNorm2d(64, eps=1e-05, momentum=0.1, affine=True, track_running_stats=True)
      (conv2): Conv2d(64, 64, kernel_size=(3, 3), stride=(1, 1), padding=(1, 1), bias=False)
      (bn2): BatchNorm2d(64, eps=1e-05, momentum=0.1, affine=True, track_running_stats=True)
      (shortcut): Sequential()
    )
  )
  (layer2): Sequential(
    (0): BasicBlock(
      (conv1): Conv2d(64, 128, kernel_size=(3, 3), stride=(2, 2), padding=(1, 1), bias=False)
      (bn1): BatchNorm2d(128, eps=1e-05, momentum=0.1, affine=True, track_running_stats=True)
      (conv2): Conv2d(128, 128, kernel_size=(3, 3), stride=(1, 1), padding=(1, 1), bias=False)
      (bn2): BatchNorm2d(128, eps=1e-05, momentum=0.1, affine=True, track_running_stats=True)
      (shortcut): Sequential(
        (0): Conv2d(64, 128, kernel_size=(1, 1), stride=(2, 2), bias=False)
        (1): BatchNorm2d(128, eps=1e-05, momentum=0.1, affine=True, track_running_stats=True)
      )
    )
    (1): BasicBlock(
      (conv1): Conv2d(128, 128, kernel_size=(3, 3), stride=(1, 1), padding=(1, 1), bias=False)
      (bn1): BatchNorm2d(128, eps=1e-05, momentum=0.1, affine=True, track_running_stats=True)
      (conv2): Conv2d(128, 128, kernel_size=(3, 3), stride=(1, 1), padding=(1, 1), bias=False)
      (bn2): BatchNorm2d(128, eps=1e-05, momentum=0.1, affine=True, track_running_stats=True)
      (shortcut): Sequential()
    )
  )
  (layer3): Sequential(
    (0): BasicBlock(
      (conv1): Conv2d(128, 256, kernel_size=(3, 3), stride=(2, 2), padding=(1, 1), bias=False)
      (bn1): BatchNorm2d(256, eps=1e-05, momentum=0.1, affine=True, track_running_stats=True)
      (conv2): Conv2d(256, 256, kernel_size=(3, 3), stride=(1, 1), padding=(1, 1), bias=False)
      (bn2): BatchNorm2d(256, eps=1e-05, momentum=0.1, affine=True, track_running_stats=True)
      (shortcut): Sequential(
        (0): Conv2d(128, 256, kernel_size=(1, 1), stride=(2, 2), bias=False)
        (1): BatchNorm2d(256, eps=1e-05, momentum=0.1, affine=True, track_running_stats=True)
      )
    )
    (1): BasicBlock(
      (conv1): Conv2d(256, 256, kernel_size=(3, 3), stride=(1, 1), padding=(1, 1), bias=False)
      (bn1): BatchNorm2d(256, eps=1e-05, momentum=0.1, affine=True, track_running_stats=True)
      (conv2): Conv2d(256, 256, kernel_size=(3, 3), stride=(1, 1), padding=(1, 1), bias=False)
      (bn2): BatchNorm2d(256, eps=1e-05, momentum=0.1, affine=True, track_running_stats=True)
      (shortcut): Sequential()
    )
  )
  (layer4): Sequential(
    (0): BasicBlock(
      (conv1): Conv2d(256, 512, kernel_size=(3, 3), stride=(2, 2), padding=(1, 1), bias=False)
      (bn1): BatchNorm2d(512, eps=1e-05, momentum=0.1, affine=True, track_running_stats=True)
      (conv2): Conv2d(512, 512, kernel_size=(3, 3), stride=(1, 1), padding=(1, 1), bias=False)
      (bn2): BatchNorm2d(512, eps=1e-05, momentum=0.1, affine=True, track_running_stats=True)
      (shortcut): Sequential(
        (0): Conv2d(256, 512, kernel_size=(1, 1), stride=(2, 2), bias=False)
        (1): BatchNorm2d(512, eps=1e-05, momentum=0.1, affine=True, track_running_stats=True)
      )
    )
    (1): BasicBlock(
      (conv1): Conv2d(512, 512, kernel_size=(3, 3), stride=(1, 1), padding=(1, 1), bias=False)
      (bn1): BatchNorm2d(512, eps=1e-05, momentum=0.1, affine=True, track_running_stats=True)
      (conv2): Conv2d(512, 512, kernel_size=(3, 3), stride=(1, 1), padding=(1, 1), bias=False)
      (bn2): BatchNorm2d(512, eps=1e-05, momentum=0.1, affine=True, track_running_stats=True)
      (shortcut): Sequential()
    )
  )
  (avgpool): AdaptiveAvgPool2d(output_size=(1, 1))
  (fc1): Linear(in_features=512, out_features=10, bias=True)
)
Round 0 global test acc  23.3300
Round 1 global test acc  30.0000
Round 2 global test acc  38.9300
Round 3 global test acc  40.9100
Round 4 global test acc  43.9600
Round 5 global test acc  49.3500
Round 6 global test acc  46.1800
Round 7 global test acc  50.2900
Round 8 global test acc  52.0500
Round 9 global test acc  53.1500
Round 10 global test acc  52.6400
Round 11 global test acc  57.4300
Round 12 global test acc  56.7100
Round 13 global test acc  57.5800
Round 14 global test acc  56.6100
Round 15 global test acc  61.4600
Round 16 global test acc  59.6500
Round 17 global test acc  59.5400
Round 18 global test acc  59.2500
Round 19 global test acc  63.3100
Round 20 global test acc  63.0700
Round 21 global test acc  64.6900
Round 22 global test acc  62.1500
Round 23 global test acc  65.1400
Round 24 global test acc  66.7600
Round 25 global test acc  65.4400
Round 26 global test acc  66.2000
Round 27 global test acc  66.5200
Round 28 global test acc  64.7900
Round 29 global test acc  68.5100
Round 30 global test acc  68.3400
Round 31 global test acc  67.3100
Round 32 global test acc  68.9300
Round 33 global test acc  65.6500
Round 34 global test acc  66.7500
Round 35 global test acc  68.8300
Round 36 global test acc  69.6600
Round 37 global test acc  69.5500
Round 38 global test acc  66.3900
Round 39 global test acc  70.3000
Round 40 global test acc  66.3000
Round 41 global test acc  68.4000
Round 42 global test acc  68.0900
Round 43 global test acc  69.0000
Round 44 global test acc  71.3400
Round 45 global test acc  69.2100
Round 46 global test acc  68.3200
Round 47 global test acc  69.9200
Round 48 global test acc  71.6900
Round 49 global test acc  70.6300
Round 50 global test acc  72.1300
Round 51 global test acc  72.7000
Round 52 global test acc  70.1200
Round 53 global test acc  73.4000
Round 54 global test acc  71.7000
Round 55 global test acc  74.8000
Round 56 global test acc  73.3300
Round 57 global test acc  67.4400
Round 58 global test acc  73.4900
Round 59 global test acc  74.7300
Round 60 global test acc  72.6700
Round 61 global test acc  74.7400
Round 62 global test acc  74.8100
Round 63 global test acc  75.8500
Round 64 global test acc  76.1300
Round 65 global test acc  74.9600
Round 66 global test acc  74.6300
Round 67 global test acc  76.6600
Round 68 global test acc  73.5600
Round 69 global test acc  77.2300
Round 70 global test acc  73.2200
Round 71 global test acc  76.9700
Round 72 global test acc  75.5700
Round 73 global test acc  74.9900
Round 74 global test acc  76.5000
Round 75 global test acc  75.0200
Round 76 global test acc  77.0300
Round 77 global test acc  74.1000
Round 78 global test acc  76.4100
Round 79 global test acc  77.3600
Round 80 global test acc  78.0200
Round 81 global test acc  77.5600
Round 82 global test acc  77.5900
Round 83 global test acc  78.6300
Round 84 global test acc  77.9600
Round 85 global test acc  76.6100
Round 86 global test acc  73.6200
Round 87 global test acc  77.7300
Round 88 global test acc  76.2700
Round 89 global test acc  75.1500
Round 90 global test acc  77.4300
Round 91 global test acc  72.9700
Round 92 global test acc  77.3200
Round 93 global test acc  79.0300
Round 94 global test acc  78.9800
Round 95 global test acc  78.1800
Round 96 global test acc  78.5100
Round 97 global test acc  80.0000
Round 98 global test acc  79.3800
Round 99 global test acc  77.9100
Round 100 global test acc  79.5100
Round 101 global test acc  78.9200
Round 102 global test acc  77.0700
Round 103 global test acc  78.4700
Round 104 global test acc  78.6000
Round 105 global test acc  79.4500
Round 106 global test acc  79.1400
Round 107 global test acc  79.0000
Round 108 global test acc  79.3200
Round 109 global test acc  78.5200
Round 110 global test acc  79.1500
Round 111 global test acc  79.1300
Round 112 global test acc  78.9000
Round 113 global test acc  78.8600
Round 114 global test acc  79.5200
Round 115 global test acc  79.6500
Round 116 global test acc  79.2600
Round 117 global test acc  78.3800
Round 118 global test acc  79.1800
Round 119 global test acc  77.1400
Round 120 global test acc  78.9400
Round 121 global test acc  78.5100
Round 122 global test acc  79.0300
Round 123 global test acc  79.3000
Round 124 global test acc  79.1400
Round 125 global test acc  73.0900
Round 126 global test acc  77.0600
Round 127 global test acc  79.3900
Round 128 global test acc  79.2500
Round 129 global test acc  78.9900
Round 130 global test acc  79.4500
Round 131 global test acc  79.7200
Round 132 global test acc  78.1000
Round 133 global test acc  79.8600
Round 134 global test acc  80.0400
Round 135 global test acc  80.0700
Round 136 global test acc  78.4800
Round 137 global test acc  79.5800
Round 138 global test acc  79.9400
Round 139 global test acc  80.4100
Round 140 global test acc  80.3400
Round 141 global test acc  80.2800
Round 142 global test acc  80.5000
Round 143 global test acc  78.1800
Round 144 global test acc  80.0300
Round 145 global test acc  80.0000
Round 146 global test acc  79.9300
Round 147 global test acc  80.4600
Round 148 global test acc  80.5200
Round 149 global test acc  79.7800
Round 150 global test acc  78.5500
Round 151 global test acc  79.8300
Round 152 global test acc  80.1000
Round 153 global test acc  80.5100
Round 154 global test acc  80.8500
Round 155 global test acc  80.6600
Round 156 global test acc  80.9400
Round 157 global test acc  79.7500
Round 158 global test acc  80.0300
Round 159 global test acc  79.2800
Round 160 global test acc  79.4200
Round 161 global test acc  80.2100
Round 162 global test acc  80.4100
Round 163 global test acc  80.2100
Round 164 global test acc  80.1500
Round 165 global test acc  80.7700
Round 166 global test acc  81.1200
Round 167 global test acc  81.2100
Round 168 global test acc  80.1300
Round 169 global test acc  80.9500
Round 170 global test acc  81.1500
Round 171 global test acc  80.0000
Round 172 global test acc  79.8500
Round 173 global test acc  79.9000
Round 174 global test acc  80.8800
Round 175 global test acc  81.0400
Round 176 global test acc  81.5400
Round 177 global test acc  81.4300
Round 178 global test acc  81.0000
Round 179 global test acc  81.2900
Round 180 global test acc  81.2200
Round 181 global test acc  81.1600
Round 182 global test acc  81.7000
Round 183 global test acc  81.1800
Round 184 global test acc  80.0800
Round 185 global test acc  81.4800
Round 186 global test acc  81.3300
Round 187 global test acc  81.2800
Round 188 global test acc  81.7400
Round 189 global test acc  81.2200
Round 190 global test acc  81.5600
Round 191 global test acc  81.4000
Round 192 global test acc  81.7400
Round 193 global test acc  81.9600
Round 194 global test acc  82.0400
Round 195 global test acc  81.5900
Round 196 global test acc  81.2400
Round 197 global test acc  80.9200
Round 198 global test acc  81.6000
Round 199 global test acc  81.4200
Round 200 global test acc  81.9100
Round 201 global test acc  82.1800
Round 202 global test acc  82.0700
Round 203 global test acc  82.1900
Round 204 global test acc  81.1900
Round 205 global test acc  82.3700
Round 206 global test acc  82.1900
Round 207 global test acc  82.3400
Round 208 global test acc  81.6600
Round 209 global test acc  81.6700
Round 210 global test acc  81.8200
Round 211 global test acc  82.2700
Round 212 global test acc  81.8400
Round 213 global test acc  81.8700
Round 214 global test acc  82.2300
Round 215 global test acc  82.5200
Round 216 global test acc  81.8300
Round 217 global test acc  82.4900
Round 218 global test acc  82.3500
Round 219 global test acc  82.2200
Round 220 global test acc  82.2800
Round 221 global test acc  81.6800
Round 222 global test acc  82.0300
Round 223 global test acc  79.6000
Round 224 global test acc  81.6200
Round 225 global test acc  82.2900
Round 226 global test acc  81.4100
Round 227 global test acc  81.5300
Round 228 global test acc  81.0600
Round 229 global test acc  82.1000
Round 230 global test acc  82.6300
Round 231 global test acc  81.1400
Round 232 global test acc  82.0400
Round 233 global test acc  81.9800
Round 234 global test acc  82.0900
Round 235 global test acc  82.8200
Round 236 global test acc  82.6700
Round 237 global test acc  82.6200
Round 238 global test acc  82.5700
Round 239 global test acc  82.8500
Round 240 global test acc  81.9400
Round 241 global test acc  82.3100
Round 242 global test acc  82.0100
Round 243 global test acc  83.1400
Round 244 global test acc  82.7700
Round 245 global test acc  83.0800
Round 246 global test acc  82.9800
Round 247 global test acc  83.1700
Round 248 global test acc  82.2900
Round 249 global test acc  81.7100
Round 250 global test acc  82.6000
Round 251 global test acc  82.8200
Round 252 global test acc  82.4800
Round 253 global test acc  82.3600
Round 254 global test acc  82.6100
Round 255 global test acc  82.8900
Round 256 global test acc  82.5200
Round 257 global test acc  83.0900
Round 258 global test acc  83.0600
Round 259 global test acc  83.2500
Round 260 global test acc  82.5500
Round 261 global test acc  83.2400
Round 262 global test acc  83.0000
Round 263 global test acc  83.0300
Round 264 global test acc  82.7000
Round 265 global test acc  82.9600
Round 266 global test acc  82.9400
Round 267 global test acc  83.2700
Round 268 global test acc  80.1900
Round 269 global test acc  82.1600
Round 270 global test acc  81.5600
Round 271 global test acc  82.1700
Round 272 global test acc  82.6000
Round 273 global test acc  83.1900
Round 274 global test acc  82.8400
Round 275 global test acc  83.1500
Round 276 global test acc  83.5500
Round 277 global test acc  83.5700
Round 278 global test acc  83.5500
Round 279 global test acc  82.6200
Round 280 global test acc  82.1200
Round 281 global test acc  82.9000
Round 282 global test acc  83.1400
Round 283 global test acc  82.1700
Round 284 global test acc  82.2600
Round 285 global test acc  82.3500
Round 286 global test acc  82.5700
Round 287 global test acc  83.0400
Round 288 global test acc  83.3100
Round 289 global test acc  81.6500
Round 290 global test acc  79.1500
Round 291 global test acc  82.5300
Round 292 global test acc  82.7700
Round 293 global test acc  82.8100
Round 294 global test acc  82.6700
Round 295 global test acc  82.3100
Round 296 global test acc  82.8700
Round 297 global test acc  82.7800
Round 298 global test acc  83.3600
Round 299 global test acc  83.0000
Round 300 global test acc  83.5800
Round 301 global test acc  83.1300
Round 302 global test acc  82.8600
Round 303 global test acc  83.1300
Round 304 global test acc  83.3000
Round 305 global test acc  83.3800
Round 306 global test acc  83.2800
Round 307 global test acc  83.3900
Round 308 global test acc  82.7100
Round 309 global test acc  82.6400
Round 310 global test acc  82.7800
Round 311 global test acc  82.8300
Round 312 global test acc  81.4700
Round 313 global test acc  82.8200
Round 314 global test acc  83.1400
Round 315 global test acc  83.0700
Round 316 global test acc  83.1500
Round 317 global test acc  83.9000
Round 318 global test acc  83.4100
Round 319 global test acc  83.4500
Round 320 global test acc  83.9700
Round 321 global test acc  84.0800
Round 322 global test acc  84.0600
Round 323 global test acc  84.1700
Round 324 global test acc  84.1400
Round 325 global test acc  83.7600
Round 326 global test acc  82.5000
Round 327 global test acc  83.7600
Round 328 global test acc  83.7100
Round 329 global test acc  83.9900
Round 330 global test acc  83.7600
Round 331 global test acc  84.2900
Round 332 global test acc  84.2000
Round 333 global test acc  84.0900
Round 334 global test acc  83.1500
Round 335 global test acc  83.2700
Round 336 global test acc  83.2600
Round 337 global test acc  83.2400
Round 338 global test acc  83.4900
Round 339 global test acc  83.9300
Round 340 global test acc  83.8700
Round 341 global test acc  83.5400
Round 342 global test acc  83.5500
Round 343 global test acc  81.5000
Round 344 global test acc  82.6700
Round 345 global test acc  82.2600
Round 346 global test acc  82.5900
Round 347 global test acc  83.5700
Round 348 global test acc  83.8100
Round 349 global test acc  83.2300
Round 350 global test acc  83.9600
Round 351 global test acc  83.7000
Round 352 global test acc  83.4700
Round 353 global test acc  81.8600
Round 354 global test acc  82.5400
Round 355 global test acc  83.3500
Round 356 global test acc  83.5800
Round 357 global test acc  83.9200
Round 358 global test acc  82.7900
Round 359 global test acc  83.5500
Round 360 global test acc  79.2000
Round 361 global test acc  82.4400
Round 362 global test acc  83.2200
Round 363 global test acc  83.4500
Round 364 global test acc  83.5700
Round 365 global test acc  80.5900
Round 366 global test acc  81.5500
Round 367 global test acc  83.6400
Round 368 global test acc  83.0600
Round 369 global test acc  83.5700
Round 370 global test acc  83.1200
Round 371 global test acc  83.7300
Round 372 global test acc  80.7900
Round 373 global test acc  83.7100
Round 374 global test acc  83.3200
Round 375 global test acc  84.0200
Round 376 global test acc  84.1700
Round 377 global test acc  80.5400
Round 378 global test acc  82.6000
Round 379 global test acc  77.7300
Round 380 global test acc  77.5800
Round 381 global test acc  82.1800
Round 382 global test acc  82.7900
Round 383 global test acc  79.0900
Round 384 global test acc  81.9300
Round 385 global test acc  82.7900
Round 386 global test acc  83.2400
Round 387 global test acc  82.9600
Round 388 global test acc  83.6100
Round 389 global test acc  83.9500
Round 390 global test acc  84.1300
Round 391 global test acc  84.1300
Round 392 global test acc  83.4100
Round 393 global test acc  84.1300
Round 394 global test acc  84.4600
Round 395 global test acc  82.4900
Round 396 global test acc  83.4900
Round 397 global test acc  83.8000
Round 398 global test acc  84.0200
Round 399 global test acc  84.1400
Round 400 global test acc  83.9900
Round 401 global test acc  82.1300
Round 402 global test acc  84.2600
Round 403 global test acc  84.5700
Round 404 global test acc  83.8700
Round 405 global test acc  84.2300
Round 406 global test acc  84.3500
Round 407 global test acc  83.5800
Round 408 global test acc  84.1300
Round 409 global test acc  84.3800
Round 410 global test acc  84.3900
Round 411 global test acc  84.0500
Round 412 global test acc  83.9900
Round 413 global test acc  84.5200
Round 414 global test acc  83.9000
Round 415 global test acc  83.1800
Round 416 global test acc  83.8400
Round 417 global test acc  80.8200
Round 418 global test acc  81.6200
Round 419 global test acc  82.3300
Round 420 global test acc  83.3700
Round 421 global test acc  82.7500
Round 422 global test acc  83.5100
Round 423 global test acc  83.4600
Round 424 global test acc  83.2700
Round 425 global test acc  83.5500
Round 426 global test acc  83.8000
Round 427 global test acc  83.6500
Round 428 global test acc  84.1200
Round 429 global test acc  84.0800
Round 430 global test acc  84.2500
Round 431 global test acc  84.2500
Round 432 global test acc  84.1500
Round 433 global test acc  82.8200
Round 434 global test acc  84.0300
Round 435 global test acc  83.9100
Round 436 global test acc  83.9200
Round 437 global test acc  83.9300
Round 438 global test acc  83.8500
Round 439 global test acc  83.8800
Round 440 global test acc  84.1500
Round 441 global test acc  84.0000
Round 442 global test acc  83.9700
Round 443 global test acc  84.3300
Round 444 global test acc  84.8800
Round 445 global test acc  84.5800
Round 446 global test acc  84.1600
Round 447 global test acc  84.2500
Round 448 global test acc  83.6800
Round 449 global test acc  83.7200
Traceback (most recent call last):
  File "main.py", line 65, in <module>
    run(args)
  File "main.py", line 53, in run
    eval(args.algorithm)(args)
  File "/home/xinyuan/cifar/FedNoisyLabelLearning/baselines/RFL.py", line 105, in RFL
    for idx in all_idxs_users:
  File "/home/xinyuan/cifar/FedNoisyLabelLearning/metrics.py", line 10, in cal_fscore
    client_y_train = y_train[list(idxs)]
TypeError: 'numpy.int64' object is not iterable
('algorithm', 'RFL')
('gpu', 0)
('seed', 13)
('save_dir', './record/')
('rounds2', 450)
('local_ep', 5)
('frac2', 0.1)
('num_users', 100)
('local_bs', 32)
('lr', 0.01)
('model', 'resnet18')
('num_classes', 10)
('level_n_system', 0.0)
('level_n_lowerb', 0.0)
('alpha_dirichlet', 10)
('non_iid_prob_class', 0.7)
('dataset', 'cifar10')
('iid', False)
('LID_k', 20)
('iteration1', 5)
('rounds1', 200)
('frac1', 0.01)
('pretrained', False)
('mixup', False)
('alpha', 1)
('beta', 5)
('relabel_ratio', 0.5)
('confidence_thres', 0.5)
('clean_set_thres', 0.1)
('fine_tuning', True)
('correction', True)
('T_pl', 100)
('lambda_cen', 1.0)
('lambda_e', 0.8)
('num_gradual', 10)
('forget_rate', 0.2)
('lr_decay', 0.1)
('schedule', [])
('momentum', 0.5)
('weight_decay', 0.0001)
('feature_dim', 128)
('plr', 0.01)
('lamda', 15)
('K', 5)
('gamma', 1)
('begin_sel', 10)
('max_beta', 2)
('mu', 0.01)
('device', device(type='cuda', index=0))
Files already downloaded and verified
Files already downloaded and verified
ResNet(
  (conv1): Conv2d(3, 64, kernel_size=(3, 3), stride=(1, 1), padding=(1, 1), bias=False)
  (bn1): BatchNorm2d(64, eps=1e-05, momentum=0.1, affine=True, track_running_stats=True)
  (layer1): Sequential(
    (0): BasicBlock(
      (conv1): Conv2d(64, 64, kernel_size=(3, 3), stride=(1, 1), padding=(1, 1), bias=False)
      (bn1): BatchNorm2d(64, eps=1e-05, momentum=0.1, affine=True, track_running_stats=True)
      (conv2): Conv2d(64, 64, kernel_size=(3, 3), stride=(1, 1), padding=(1, 1), bias=False)
      (bn2): BatchNorm2d(64, eps=1e-05, momentum=0.1, affine=True, track_running_stats=True)
      (shortcut): Sequential()
    )
    (1): BasicBlock(
      (conv1): Conv2d(64, 64, kernel_size=(3, 3), stride=(1, 1), padding=(1, 1), bias=False)
      (bn1): BatchNorm2d(64, eps=1e-05, momentum=0.1, affine=True, track_running_stats=True)
      (conv2): Conv2d(64, 64, kernel_size=(3, 3), stride=(1, 1), padding=(1, 1), bias=False)
      (bn2): BatchNorm2d(64, eps=1e-05, momentum=0.1, affine=True, track_running_stats=True)
      (shortcut): Sequential()
    )
  )
  (layer2): Sequential(
    (0): BasicBlock(
      (conv1): Conv2d(64, 128, kernel_size=(3, 3), stride=(2, 2), padding=(1, 1), bias=False)
      (bn1): BatchNorm2d(128, eps=1e-05, momentum=0.1, affine=True, track_running_stats=True)
      (conv2): Conv2d(128, 128, kernel_size=(3, 3), stride=(1, 1), padding=(1, 1), bias=False)
      (bn2): BatchNorm2d(128, eps=1e-05, momentum=0.1, affine=True, track_running_stats=True)
      (shortcut): Sequential(
        (0): Conv2d(64, 128, kernel_size=(1, 1), stride=(2, 2), bias=False)
        (1): BatchNorm2d(128, eps=1e-05, momentum=0.1, affine=True, track_running_stats=True)
      )
    )
    (1): BasicBlock(
      (conv1): Conv2d(128, 128, kernel_size=(3, 3), stride=(1, 1), padding=(1, 1), bias=False)
      (bn1): BatchNorm2d(128, eps=1e-05, momentum=0.1, affine=True, track_running_stats=True)
      (conv2): Conv2d(128, 128, kernel_size=(3, 3), stride=(1, 1), padding=(1, 1), bias=False)
      (bn2): BatchNorm2d(128, eps=1e-05, momentum=0.1, affine=True, track_running_stats=True)
      (shortcut): Sequential()
    )
  )
  (layer3): Sequential(
    (0): BasicBlock(
      (conv1): Conv2d(128, 256, kernel_size=(3, 3), stride=(2, 2), padding=(1, 1), bias=False)
      (bn1): BatchNorm2d(256, eps=1e-05, momentum=0.1, affine=True, track_running_stats=True)
      (conv2): Conv2d(256, 256, kernel_size=(3, 3), stride=(1, 1), padding=(1, 1), bias=False)
      (bn2): BatchNorm2d(256, eps=1e-05, momentum=0.1, affine=True, track_running_stats=True)
      (shortcut): Sequential(
        (0): Conv2d(128, 256, kernel_size=(1, 1), stride=(2, 2), bias=False)
        (1): BatchNorm2d(256, eps=1e-05, momentum=0.1, affine=True, track_running_stats=True)
      )
    )
    (1): BasicBlock(
      (conv1): Conv2d(256, 256, kernel_size=(3, 3), stride=(1, 1), padding=(1, 1), bias=False)
      (bn1): BatchNorm2d(256, eps=1e-05, momentum=0.1, affine=True, track_running_stats=True)
      (conv2): Conv2d(256, 256, kernel_size=(3, 3), stride=(1, 1), padding=(1, 1), bias=False)
      (bn2): BatchNorm2d(256, eps=1e-05, momentum=0.1, affine=True, track_running_stats=True)
      (shortcut): Sequential()
    )
  )
  (layer4): Sequential(
    (0): BasicBlock(
      (conv1): Conv2d(256, 512, kernel_size=(3, 3), stride=(2, 2), padding=(1, 1), bias=False)
      (bn1): BatchNorm2d(512, eps=1e-05, momentum=0.1, affine=True, track_running_stats=True)
      (conv2): Conv2d(512, 512, kernel_size=(3, 3), stride=(1, 1), padding=(1, 1), bias=False)
      (bn2): BatchNorm2d(512, eps=1e-05, momentum=0.1, affine=True, track_running_stats=True)
      (shortcut): Sequential(
        (0): Conv2d(256, 512, kernel_size=(1, 1), stride=(2, 2), bias=False)
        (1): BatchNorm2d(512, eps=1e-05, momentum=0.1, affine=True, track_running_stats=True)
      )
    )
    (1): BasicBlock(
      (conv1): Conv2d(512, 512, kernel_size=(3, 3), stride=(1, 1), padding=(1, 1), bias=False)
      (bn1): BatchNorm2d(512, eps=1e-05, momentum=0.1, affine=True, track_running_stats=True)
      (conv2): Conv2d(512, 512, kernel_size=(3, 3), stride=(1, 1), padding=(1, 1), bias=False)
      (bn2): BatchNorm2d(512, eps=1e-05, momentum=0.1, affine=True, track_running_stats=True)
      (shortcut): Sequential()
    )
  )
  (avgpool): AdaptiveAvgPool2d(output_size=(1, 1))
  (fc1): Linear(in_features=512, out_features=10, bias=True)
)
Round 0 global test acc  22.5000
Round 0 Fscore 

[]
Round 1 global test acc  28.7500
Round 1 Fscore 

[]
Round 2 global test acc  38.9300
Round 2 Fscore 

[]
Round 3 global test acc  42.3000
Round 3 Fscore 

[]
Round 4 global test acc  44.1400
Round 4 Fscore 

[]
Round 5 global test acc  49.2700
Round 5 Fscore 

[]
Round 6 global test acc  46.6100
Round 6 Fscore 

[]
Round 7 global test acc  52.3300
Round 7 Fscore 

[]
Round 8 global test acc  51.5100
Round 8 Fscore 

[]
Round 9 global test acc  53.6900
Round 9 Fscore 

[]
Round 10 global test acc  52.7400
Round 10 Fscore 

[]
Round 11 global test acc  56.0700
Round 11 Fscore 

[]
Round 12 global test acc  56.6500
Round 12 Fscore 

[]
Round 13 global test acc  55.0300
Round 13 Fscore 

[]
Round 14 global test acc  56.3300
Round 14 Fscore 

[]
Round 15 global test acc  60.8200
Round 15 Fscore 

[]
Round 16 global test acc  60.8500
Round 16 Fscore 

[]
Round 17 global test acc  60.8300
Round 17 Fscore 

[]
Round 18 global test acc  58.0800
Round 18 Fscore 

[]
Round 19 global test acc  63.3200
Round 19 Fscore 

[]
Round 20 global test acc  59.1400
Round 20 Fscore 

[]
Round 21 global test acc  64.4500
Round 21 Fscore 

[]
Round 22 global test acc  62.5300
Round 22 Fscore 

[]
Round 23 global test acc  65.5300
Round 23 Fscore 

[]
Round 24 global test acc  66.5500
Round 24 Fscore 

[]
Round 25 global test acc  61.6500
Round 25 Fscore 

[]
Round 26 global test acc  65.7000
Round 26 Fscore 

[]
Round 27 global test acc  65.3400
Round 27 Fscore 

[]
Round 28 global test acc  65.6100
Round 28 Fscore 

[]
Round 29 global test acc  68.7100
Round 29 Fscore 

[]
Round 30 global test acc  67.0200
Round 30 Fscore 

[]
Round 31 global test acc  67.0500
Round 31 Fscore 

[]
Round 32 global test acc  69.1200
Round 32 Fscore 

[]
Round 33 global test acc  66.4800
Round 33 Fscore 

[]
Round 34 global test acc  67.3400
Round 34 Fscore 

[]
Round 35 global test acc  69.4000
Round 35 Fscore 

[]
Round 36 global test acc  67.9900
Round 36 Fscore 

[]
Round 37 global test acc  70.0100
Round 37 Fscore 

[]
Round 38 global test acc  69.2200
Round 38 Fscore 

[]
Round 39 global test acc  71.0200
Round 39 Fscore 

[]
Round 40 global test acc  68.1100
Round 40 Fscore 

[]
Round 41 global test acc  70.8600
Round 41 Fscore 

[]
Round 42 global test acc  71.0800
Round 42 Fscore 

[]
Round 43 global test acc  70.1600
Round 43 Fscore 

[]
Round 44 global test acc  71.5800
Round 44 Fscore 

[]
Round 45 global test acc  70.6200
Round 45 Fscore 

[]
Round 46 global test acc  70.1500
Round 46 Fscore 

[]
Round 47 global test acc  69.6700
Round 47 Fscore 

[]
Round 48 global test acc  72.7600
Round 48 Fscore 

[]
Round 49 global test acc  69.2400
Round 49 Fscore 

[]
Round 50 global test acc  71.9500
Round 50 Fscore 

[]
Round 51 global test acc  73.4100
Round 51 Fscore 

[]
Round 52 global test acc  72.6000
Round 52 Fscore 

[]
Round 53 global test acc  73.0800
Round 53 Fscore 

[]
Round 54 global test acc  71.6800
Round 54 Fscore 

[]
Round 55 global test acc  74.4000
Round 55 Fscore 

[]
Round 56 global test acc  74.2300
Round 56 Fscore 

[]
Round 57 global test acc  69.5800
Round 57 Fscore 

[]
Round 58 global test acc  73.9900
Round 58 Fscore 

[]
Round 59 global test acc  75.2500
Round 59 Fscore 

[]
Round 60 global test acc  73.2100
Round 60 Fscore 

[]
Round 61 global test acc  74.7800
Round 61 Fscore 

[]
Round 62 global test acc  74.6700
Round 62 Fscore 

[]
Round 63 global test acc  76.0600
Round 63 Fscore 

[]
Round 64 global test acc  76.8100
Round 64 Fscore 

[]
Round 65 global test acc  75.1700
Round 65 Fscore 

[]
Round 66 global test acc  75.6300
Round 66 Fscore 

[]
Round 67 global test acc  76.8100
Round 67 Fscore 

[]
Round 68 global test acc  74.0400
Round 68 Fscore 

[]
Round 69 global test acc  76.7400
Round 69 Fscore 

[]
Round 70 global test acc  74.6300
Round 70 Fscore 

[]
Round 71 global test acc  75.1900
Round 71 Fscore 

[]
Round 72 global test acc  75.4300
Round 72 Fscore 

[]
Round 73 global test acc  76.5600
Round 73 Fscore 

[]
Round 74 global test acc  77.2500
Round 74 Fscore 

[]
Round 75 global test acc  76.6800
Round 75 Fscore 

[]
Round 76 global test acc  76.4100
Round 76 Fscore 

[]
Round 77 global test acc  77.1700
Round 77 Fscore 

[]
Round 78 global test acc  78.2500
Round 78 Fscore 

[]
Round 79 global test acc  77.8800
Round 79 Fscore 

[]
Round 80 global test acc  78.3600
Round 80 Fscore 

[]
Round 81 global test acc  77.8500
Round 81 Fscore 

[]
Round 82 global test acc  78.0500
Round 82 Fscore 

[]
Round 83 global test acc  77.9000
Round 83 Fscore 

[]
Round 84 global test acc  78.6200
Round 84 Fscore 

[]
Round 85 global test acc  76.8300
Round 85 Fscore 

[]
Round 86 global test acc  79.0300
Round 86 Fscore 

[]
Round 87 global test acc  76.7400
Round 87 Fscore 

[]
Round 88 global test acc  77.2600
Round 88 Fscore 

[]
Round 89 global test acc  75.0400
Round 89 Fscore 

[]
Round 90 global test acc  78.5100
Round 90 Fscore 

[]
Round 91 global test acc  75.3700
Round 91 Fscore 

[]
Round 92 global test acc  77.8000
Round 92 Fscore 

[]
Round 93 global test acc  79.0100
Round 93 Fscore 

[]
Round 94 global test acc  78.7900
Round 94 Fscore 

[]
Round 95 global test acc  77.4800
Round 95 Fscore 

[]
Round 96 global test acc  79.1500
Round 96 Fscore 

[]
Round 97 global test acc  79.5000
Round 97 Fscore 

[]
Round 98 global test acc  80.1200
Round 98 Fscore 

[]
Round 99 global test acc  79.2900
Round 99 Fscore 

[]
Round 100 global test acc  80.0100
Round 100 Fscore 

[]
Round 101 global test acc  78.6000
Round 101 Fscore 

[]
Round 102 global test acc  78.3800
Round 102 Fscore 

[]
Round 103 global test acc  79.3700
Round 103 Fscore 

[]
Round 104 global test acc  78.8900
Round 104 Fscore 

[]
Round 105 global test acc  79.3900
Round 105 Fscore 

[]
Round 106 global test acc  79.5500
Round 106 Fscore 

[]
Round 107 global test acc  78.3700
Round 107 Fscore 

[]
Round 108 global test acc  79.1700
Round 108 Fscore 

[]
Round 109 global test acc  78.8400
Round 109 Fscore 

[]
Round 110 global test acc  79.1700
Round 110 Fscore 

[]
Round 111 global test acc  79.2500
Round 111 Fscore 

[]
Round 112 global test acc  77.9500
Round 112 Fscore 

[]
Round 113 global test acc  77.8300
Round 113 Fscore 

[]
Round 114 global test acc  79.4000
Round 114 Fscore 

[]
Round 115 global test acc  79.1800
Round 115 Fscore 

[]
Round 116 global test acc  78.9900
Round 116 Fscore 

[]
Round 117 global test acc  77.6600
Round 117 Fscore 

[]
Round 118 global test acc  78.6500
Round 118 Fscore 

[]
Round 119 global test acc  78.7100
Round 119 Fscore 

[]
Round 120 global test acc  77.1600
Round 120 Fscore 

[]
Round 121 global test acc  75.4200
Round 121 Fscore 

[]
Round 122 global test acc  78.3200
Round 122 Fscore 

[]
Round 123 global test acc  78.8700
Round 123 Fscore 

[]
Round 124 global test acc  79.1300
Round 124 Fscore 

[]
Round 125 global test acc  78.8000
Round 125 Fscore 

[]
Round 126 global test acc  78.9700
Round 126 Fscore 

[]
Round 127 global test acc  80.3500
Round 127 Fscore 

[]
Round 128 global test acc  79.6900
Round 128 Fscore 

[]
Round 129 global test acc  78.4800
Round 129 Fscore 

[]
Round 130 global test acc  79.6300
Round 130 Fscore 

[]
Round 131 global test acc  79.8500
Round 131 Fscore 

[]
Round 132 global test acc  78.7900
Round 132 Fscore 

[]
Round 133 global test acc  79.8000
Round 133 Fscore 

[]
Round 134 global test acc  79.6700
Round 134 Fscore 

[]
Round 135 global test acc  79.6400
Round 135 Fscore 

[]
Round 136 global test acc  79.8300
Round 136 Fscore 

[]
Round 137 global test acc  79.9000
Round 137 Fscore 

[]
Round 138 global test acc  79.9500
Round 138 Fscore 

[]
Round 139 global test acc  80.1600
Round 139 Fscore 

[]
Round 140 global test acc  80.7000
Round 140 Fscore 

[]
Round 141 global test acc  78.4100
Round 141 Fscore 

[]
Round 142 global test acc  79.3700
Round 142 Fscore 

[]
Round 143 global test acc  79.4000
Round 143 Fscore 

[]
Round 144 global test acc  79.9000
Round 144 Fscore 

[]
Round 145 global test acc  79.7200
Round 145 Fscore 

[]
Round 146 global test acc  79.9200
Round 146 Fscore 

[]
Round 147 global test acc  80.2700
Round 147 Fscore 

[]
Round 148 global test acc  80.3600
Round 148 Fscore 

[]
Round 149 global test acc  80.0100
Round 149 Fscore 

[]
Round 150 global test acc  80.6000
Round 150 Fscore 

[]
Round 151 global test acc  80.8000
Round 151 Fscore 

[]
Round 152 global test acc  80.5300
Round 152 Fscore 

[]
Round 153 global test acc  81.3700
Round 153 Fscore 

[]
Round 154 global test acc  81.4600
Round 154 Fscore 

[]
Round 155 global test acc  80.7500
Round 155 Fscore 

[]
Round 156 global test acc  81.1100
Round 156 Fscore 

[]
Round 157 global test acc  77.8600
Round 157 Fscore 

[]
Round 158 global test acc  79.0400
Round 158 Fscore 

[]
Round 159 global test acc  79.4500
Round 159 Fscore 

[]
Round 160 global test acc  80.5000
Round 160 Fscore 

[]
Round 161 global test acc  80.5500
Round 161 Fscore 

[]
Round 162 global test acc  80.9900
Round 162 Fscore 

[]
Round 163 global test acc  80.8500
Round 163 Fscore 

[]
Round 164 global test acc  81.3700
Round 164 Fscore 

[]
Round 165 global test acc  81.2500
Round 165 Fscore 

[]
Round 166 global test acc  80.9300
Round 166 Fscore 

[]
Round 167 global test acc  81.3500
Round 167 Fscore 

[]
Round 168 global test acc  80.7300
Round 168 Fscore 

[]
Round 169 global test acc  81.1900
Round 169 Fscore 

[]
Round 170 global test acc  80.5400
Round 170 Fscore 

[]
Round 171 global test acc  80.6500
Round 171 Fscore 

[]
Round 172 global test acc  80.3600
Round 172 Fscore 

[]
Round 173 global test acc  79.4500
Round 173 Fscore 

[]
Round 174 global test acc  80.7600
Round 174 Fscore 

[]
Round 175 global test acc  80.6100
Round 175 Fscore 

[]
Round 176 global test acc  81.5800
Round 176 Fscore 

[]
Round 177 global test acc  80.6300
Round 177 Fscore 

[]
Round 178 global test acc  80.9400
Round 178 Fscore 

[]
Round 179 global test acc  81.2600
Round 179 Fscore 

[]
Round 180 global test acc  81.6600
Round 180 Fscore 

[]
Round 181 global test acc  80.8900
Round 181 Fscore 

[]
Round 182 global test acc  81.6200
Round 182 Fscore 

[]
Round 183 global test acc  81.6100
Round 183 Fscore 

[]
Round 184 global test acc  80.0400
Round 184 Fscore 

[]
Round 185 global test acc  81.5800
Round 185 Fscore 

[]
Round 186 global test acc  81.5200
Round 186 Fscore 

[]
Round 187 global test acc  81.8300
Round 187 Fscore 

[]
Round 188 global test acc  81.8600
Round 188 Fscore 

[]
Round 189 global test acc  81.5800
Round 189 Fscore 

[]
Round 190 global test acc  81.6700
Round 190 Fscore 

[]
Round 191 global test acc  80.7700
Round 191 Fscore 

[]
Round 192 global test acc  81.5100
Round 192 Fscore 

[]
Round 193 global test acc  81.6900
Round 193 Fscore 

[]
Round 194 global test acc  82.1700
Round 194 Fscore 

[]
Round 195 global test acc  81.6200
Round 195 Fscore 

[]
Round 196 global test acc  81.9100
Round 196 Fscore 

[]
Round 197 global test acc  82.0900
Round 197 Fscore 

[]
Round 198 global test acc  81.6900
Round 198 Fscore 

[]
Round 199 global test acc  82.3000
Round 199 Fscore 

[]
Round 200 global test acc  81.9100
Round 200 Fscore 

[]
Round 201 global test acc  82.0500
Round 201 Fscore 

[]
Round 202 global test acc  81.7800
Round 202 Fscore 

[]
Round 203 global test acc  81.9000
Round 203 Fscore 

[]
Round 204 global test acc  82.0500
Round 204 Fscore 

[]
Round 205 global test acc  82.3400
Round 205 Fscore 

[]
Round 206 global test acc  82.2500
Round 206 Fscore 

[]
Round 207 global test acc  82.5500
Round 207 Fscore 

[]
Round 208 global test acc  82.0200
Round 208 Fscore 

[]
Round 209 global test acc  81.8900
Round 209 Fscore 

[]
Round 210 global test acc  81.6400
Round 210 Fscore 

[]
Round 211 global test acc  82.5700
Round 211 Fscore 

[]
Round 212 global test acc  82.7200
Round 212 Fscore 

[]
Round 213 global test acc  82.5200
Round 213 Fscore 

[]
Round 214 global test acc  82.9200
Round 214 Fscore 

[]
Round 215 global test acc  82.2500
Round 215 Fscore 

[]
Round 216 global test acc  82.1000
Round 216 Fscore 

[]
Round 217 global test acc  82.5400
Round 217 Fscore 

[]
Round 218 global test acc  82.5500
Round 218 Fscore 

[]
Round 219 global test acc  82.7700
Round 219 Fscore 

[]
Round 220 global test acc  82.6300
Round 220 Fscore 

[]
Round 221 global test acc  80.6900
Round 221 Fscore 

[]
Round 222 global test acc  81.5700
Round 222 Fscore 

[]
Round 223 global test acc  81.7500
Round 223 Fscore 

[]
Round 224 global test acc  81.8900
Round 224 Fscore 

[]
Round 225 global test acc  82.2700
Round 225 Fscore 

[]
Round 226 global test acc  81.4000
Round 226 Fscore 

[]
Round 227 global test acc  81.6000
Round 227 Fscore 

[]
Round 228 global test acc  78.1200
Round 228 Fscore 

[]
Round 229 global test acc  80.8100
Round 229 Fscore 

[]
Round 230 global test acc  81.1900
Round 230 Fscore 

[]
Round 231 global test acc  78.2100
Round 231 Fscore 

[]
Round 232 global test acc  80.7500
Round 232 Fscore 

[]
Round 233 global test acc  81.9400
Round 233 Fscore 

[]
Round 234 global test acc  80.9600
Round 234 Fscore 

[]
Round 235 global test acc  82.1500
Round 235 Fscore 

[]
Round 236 global test acc  81.6800
Round 236 Fscore 

[]
Round 237 global test acc  82.0600
Round 237 Fscore 

[]
Round 238 global test acc  82.6000
Round 238 Fscore 

[]
Round 239 global test acc  82.5900
Round 239 Fscore 

[]
Round 240 global test acc  80.9600
Round 240 Fscore 

[]
Round 241 global test acc  81.8000
Round 241 Fscore 

[]
Round 242 global test acc  82.3400
Round 242 Fscore 

[]
Round 243 global test acc  82.4800
Round 243 Fscore 

[]
Round 244 global test acc  82.7600
Round 244 Fscore 

[]
Round 245 global test acc  82.8800
Round 245 Fscore 

[]
Round 246 global test acc  83.2200
Round 246 Fscore 

[]
Round 247 global test acc  83.1200
Round 247 Fscore 

[]
Round 248 global test acc  81.0300
Round 248 Fscore 

[]
Round 249 global test acc  82.0100
Round 249 Fscore 

[]
Round 250 global test acc  82.1800
Round 250 Fscore 

[]
Round 251 global test acc  83.0500
Round 251 Fscore 

[]
Round 252 global test acc  82.7800
Round 252 Fscore 

[]
Round 253 global test acc  83.1000
Round 253 Fscore 

[]
Round 254 global test acc  82.7700
Round 254 Fscore 

[]
Round 255 global test acc  82.9100
Round 255 Fscore 

[]
Round 256 global test acc  83.2700
Round 256 Fscore 

[]
Round 257 global test acc  83.3200
Round 257 Fscore 

[]
Round 258 global test acc  83.6600
Round 258 Fscore 

[]
Round 259 global test acc  82.9600
Round 259 Fscore 

[]
Round 260 global test acc  83.0800
Round 260 Fscore 

[]
Round 261 global test acc  83.0400
Round 261 Fscore 

[]
Round 262 global test acc  82.9600
Round 262 Fscore 

[]
Round 263 global test acc  83.0600
Round 263 Fscore 

[]
Round 264 global test acc  82.0400
Round 264 Fscore 

[]
Round 265 global test acc  82.2900
Round 265 Fscore 

[]
Round 266 global test acc  82.2600
Round 266 Fscore 

[]
Round 267 global test acc  82.8500
Round 267 Fscore 

[]
Round 268 global test acc  81.6300
Round 268 Fscore 

[]
Round 269 global test acc  82.8700
Round 269 Fscore 

[]
Round 270 global test acc  81.9600
Round 270 Fscore 

[]
Round 271 global test acc  82.3300
Round 271 Fscore 

[]
Round 272 global test acc  82.9600
Round 272 Fscore 

[]
Round 273 global test acc  83.1100
Round 273 Fscore 

[]
Round 274 global test acc  82.4800
Round 274 Fscore 

[]
Round 275 global test acc  82.8400
Round 275 Fscore 

[]
Round 276 global test acc  82.9700
Round 276 Fscore 

[]
Round 277 global test acc  83.3800
Round 277 Fscore 

[]
Round 278 global test acc  83.0000
Round 278 Fscore 

[]
Round 279 global test acc  82.2000
Round 279 Fscore 

[]
Round 280 global test acc  83.0600
Round 280 Fscore 

[]
Round 281 global test acc  83.0400
Round 281 Fscore 

[]
Round 282 global test acc  83.2100
Round 282 Fscore 

[]
Round 283 global test acc  82.1500
Round 283 Fscore 

[]
Round 284 global test acc  81.9300
Round 284 Fscore 

[]
Round 285 global test acc  80.5400
Round 285 Fscore 

[]
Round 286 global test acc  80.7200
Round 286 Fscore 

[]
Round 287 global test acc  82.6200
Round 287 Fscore 

[]
Round 288 global test acc  82.6400
Round 288 Fscore 

[]
Round 289 global test acc  82.5100
Round 289 Fscore 

[]
Round 290 global test acc  78.6100
Round 290 Fscore 

[]
Round 291 global test acc  80.8100
Round 291 Fscore 

[]
Round 292 global test acc  81.9800
Round 292 Fscore 

[]
Round 293 global test acc  82.7000
Round 293 Fscore 

[]
Round 294 global test acc  83.2200
Round 294 Fscore 

[]
Round 295 global test acc  83.2400
Round 295 Fscore 

[]
Round 296 global test acc  83.1400
Round 296 Fscore 

[]
Round 297 global test acc  83.6800
Round 297 Fscore 

[]
Round 298 global test acc  83.5000
Round 298 Fscore 

[]
Round 299 global test acc  83.3700
Round 299 Fscore 

[]
Round 300 global test acc  83.4000
Round 300 Fscore 

[]
Round 301 global test acc  83.0500
Round 301 Fscore 

[]
Round 302 global test acc  82.9100
Round 302 Fscore 

[]
Round 303 global test acc  83.4000
Round 303 Fscore 

[]
Round 304 global test acc  83.7300
Round 304 Fscore 

[]
Round 305 global test acc  83.9000
Round 305 Fscore 

[]
Round 306 global test acc  81.9100
Round 306 Fscore 

[]
Round 307 global test acc  83.4800
Round 307 Fscore 

[]
Round 308 global test acc  82.5200
Round 308 Fscore 

[]
Round 309 global test acc  83.1000
Round 309 Fscore 

[]
Round 310 global test acc  83.2600
Round 310 Fscore 

[]
Round 311 global test acc  83.7900
Round 311 Fscore 

[]
Round 312 global test acc  82.7500
Round 312 Fscore 

[]
Round 313 global test acc  83.4500
Round 313 Fscore 

[]
Round 314 global test acc  83.9700
Round 314 Fscore 

[]
Round 315 global test acc  82.8000
Round 315 Fscore 

[]
Round 316 global test acc  83.2800
Round 316 Fscore 

[]
Round 317 global test acc  83.6900
Round 317 Fscore 

[]
Round 318 global test acc  83.6500
Round 318 Fscore 

[]
Round 319 global test acc  83.4500
Round 319 Fscore 

[]
Round 320 global test acc  83.5000
Round 320 Fscore 

[]
Round 321 global test acc  83.3200
Round 321 Fscore 

[]
Round 322 global test acc  83.8100
Round 322 Fscore 

[]
Round 323 global test acc  83.8500
Round 323 Fscore 

[]
Round 324 global test acc  83.9800
Round 324 Fscore 

[]
Round 325 global test acc  83.4000
Round 325 Fscore 

[]
Round 326 global test acc  83.8600
Round 326 Fscore 

[]
Round 327 global test acc  83.9500
Round 327 Fscore 

[]
Round 328 global test acc  83.8700
Round 328 Fscore 

[]
Round 329 global test acc  84.0800
Round 329 Fscore 

[]
Round 330 global test acc  84.0400
Round 330 Fscore 

[]
Round 331 global test acc  84.1100
Round 331 Fscore 

[]
Round 332 global test acc  83.6900
Round 332 Fscore 

[]
Round 333 global test acc  83.3100
Round 333 Fscore 

[]
Round 334 global test acc  83.8100
Round 334 Fscore 

[]
Round 335 global test acc  83.9700
Round 335 Fscore 

[]
Round 336 global test acc  83.7200
Round 336 Fscore 

[]
Round 337 global test acc  83.3900
Round 337 Fscore 

[]
Round 338 global test acc  84.0500
Round 338 Fscore 

[]
Round 339 global test acc  84.1200
Round 339 Fscore 

[]
Round 340 global test acc  84.1900
Round 340 Fscore 

[]
Round 341 global test acc  84.3000
Round 341 Fscore 

[]
Round 342 global test acc  84.1000
Round 342 Fscore 

[]
Round 343 global test acc  83.7400
Round 343 Fscore 

[]
Round 344 global test acc  83.2900
Round 344 Fscore 

[]
Round 345 global test acc  82.2300
Round 345 Fscore 

[]
Round 346 global test acc  82.9400
Round 346 Fscore 

[]
Round 347 global test acc  83.6300
Round 347 Fscore 

[]
Round 348 global test acc  84.0300
Round 348 Fscore 

[]
Round 349 global test acc  83.7200
Round 349 Fscore 

[]
Round 350 global test acc  83.8600
Round 350 Fscore 

[]
Round 351 global test acc  82.0700
Round 351 Fscore 

[]
Round 352 global test acc  83.3900
Round 352 Fscore 

[]
Round 353 global test acc  82.5800
Round 353 Fscore 

[]
Round 354 global test acc  82.9100
Round 354 Fscore 

[]
Round 355 global test acc  83.8000
Round 355 Fscore 

[]
Round 356 global test acc  83.3100
Round 356 Fscore 

[]
Round 357 global test acc  83.8200
Round 357 Fscore 

[]
Round 358 global test acc  83.5400
Round 358 Fscore 

[]
Round 359 global test acc  83.9000
Round 359 Fscore 

[]
Round 360 global test acc  80.3900
Round 360 Fscore 

[]
Round 361 global test acc  82.8000
Round 361 Fscore 

[]
Round 362 global test acc  83.8500
Round 362 Fscore 

[]
Round 363 global test acc  83.7100
Round 363 Fscore 

[]
Round 364 global test acc  83.2500
Round 364 Fscore 

[]
Round 365 global test acc  84.1100
Round 365 Fscore 

[]
Round 366 global test acc  83.2800
Round 366 Fscore 

[]
Round 367 global test acc  83.9500
Round 367 Fscore 

[]
Round 368 global test acc  83.3300
Round 368 Fscore 

[]
Round 369 global test acc  83.2800
Round 369 Fscore 

[]
Round 370 global test acc  83.3400
Round 370 Fscore 

[]
Round 371 global test acc  83.8000
Round 371 Fscore 

[]
Round 372 global test acc  84.1600
Round 372 Fscore 

[]
Round 373 global test acc  84.1100
Round 373 Fscore 

[]
Round 374 global test acc  83.6100
Round 374 Fscore 

[]
Round 375 global test acc  84.3800
Round 375 Fscore 

[]
Round 376 global test acc  84.2800
Round 376 Fscore 

[]
Round 377 global test acc  80.2000
Round 377 Fscore 

[]
Round 378 global test acc  83.3800
Round 378 Fscore 

[]
Round 379 global test acc  82.8800
Round 379 Fscore 

[]
Round 380 global test acc  82.8000
Round 380 Fscore 

[]
Round 381 global test acc  83.9500
Round 381 Fscore 

[]
Round 382 global test acc  84.0700
Round 382 Fscore 

[]
Round 383 global test acc  83.4300
Round 383 Fscore 

[]
Round 384 global test acc  83.5300
Round 384 Fscore 

[]
Round 385 global test acc  83.8200
Round 385 Fscore 

[]
Round 386 global test acc  84.1400
Round 386 Fscore 

[]
Round 387 global test acc  84.2400
Round 387 Fscore 

[]
Round 388 global test acc  83.2800
Round 388 Fscore 

[]
Round 389 global test acc  83.5300
Round 389 Fscore 

[]
Round 390 global test acc  84.0200
Round 390 Fscore 

[]
Round 391 global test acc  84.4800
Round 391 Fscore 

[]
Round 392 global test acc  84.0900
Round 392 Fscore 

[]
Round 393 global test acc  84.1500
Round 393 Fscore 

[]
Round 394 global test acc  84.3000
Round 394 Fscore 

[]
Round 395 global test acc  82.4000
Round 395 Fscore 

[]
Round 396 global test acc  83.2200
Round 396 Fscore 

[]
Round 397 global test acc  83.7600
Round 397 Fscore 

[]
Round 398 global test acc  84.0500
Round 398 Fscore 

[]
Round 399 global test acc  84.1600
Round 399 Fscore 

[]
Round 400 global test acc  84.0900
Round 400 Fscore 

[]
Round 401 global test acc  84.4300
Round 401 Fscore 

[]
Round 402 global test acc  84.3900
Round 402 Fscore 

[]
Round 403 global test acc  81.6700
Round 403 Fscore 

[]
Round 404 global test acc  83.9800
Round 404 Fscore 

[]
Round 405 global test acc  84.3000
Round 405 Fscore 

[]
Round 406 global test acc  83.6800
Round 406 Fscore 

[]
Round 407 global test acc  83.9700
Round 407 Fscore 

[]
Round 408 global test acc  84.6900
Round 408 Fscore 

[]
Round 409 global test acc  84.6100
Round 409 Fscore 

[]
Round 410 global test acc  84.8700
Round 410 Fscore 

[]
Round 411 global test acc  84.6500
Round 411 Fscore 

[]
Round 412 global test acc  82.2500
Round 412 Fscore 

[]
Round 413 global test acc  83.5800
Round 413 Fscore 

[]
Round 414 global test acc  81.6400
Round 414 Fscore 

[]
Round 415 global test acc  83.3000
Round 415 Fscore 

[]
Round 416 global test acc  83.9300
Round 416 Fscore 

[]
Round 417 global test acc  83.3500
Round 417 Fscore 

[]
Round 418 global test acc  82.4800
Round 418 Fscore 

[]
Round 419 global test acc  81.7700
Round 419 Fscore 

[]
Round 420 global test acc  83.4900
Round 420 Fscore 

[]
Round 421 global test acc  83.4100
Round 421 Fscore 

[]
Round 422 global test acc  83.5000
Round 422 Fscore 

[]
Round 423 global test acc  83.9800
Round 423 Fscore 

[]
Round 424 global test acc  83.0500
Round 424 Fscore 

[]
Round 425 global test acc  83.9600
Round 425 Fscore 

[]
Round 426 global test acc  84.4500
Round 426 Fscore 

[]
Round 427 global test acc  84.5700
Round 427 Fscore 

[]
Round 428 global test acc  84.9700
Round 428 Fscore 

[]
Round 429 global test acc  84.5600
Round 429 Fscore 

[]
Round 430 global test acc  84.4200
Round 430 Fscore 

[]
Round 431 global test acc  84.9600
Round 431 Fscore 

[]
Round 432 global test acc  85.0400
Round 432 Fscore 

[]
Round 433 global test acc  81.6700
Round 433 Fscore 

[]
Round 434 global test acc  84.1500
Round 434 Fscore 

[]
Round 435 global test acc  84.4000
Round 435 Fscore 

[]
Round 436 global test acc  84.7500
Round 436 Fscore 

[]
Round 437 global test acc  84.7800
Round 437 Fscore 

[]
Round 438 global test acc  84.7000
Round 438 Fscore 

[]
Round 439 global test acc  83.9200
Round 439 Fscore 

[]
Round 440 global test acc  82.9900
Round 440 Fscore 

[]
Round 441 global test acc  83.6600
Round 441 Fscore 

[]
Round 442 global test acc  84.2400
Round 442 Fscore 

[]
Round 443 global test acc  84.9100
Round 443 Fscore 

[]
Round 444 global test acc  85.0700
Round 444 Fscore 

[]
Round 445 global test acc  85.1500
Round 445 Fscore 

[]
Round 446 global test acc  85.0500
Round 446 Fscore 

[]
Round 447 global test acc  82.8900
Round 447 Fscore 

[]
Round 448 global test acc  84.4400
Round 448 Fscore 

[]
Round 449 global test acc  83.3000
Round 449 Fscore 

[0.9907833933830261, 0.9814665913581848, 0.9926828742027283, 0.9894958138465881, 0.9852216243743896, 0.9866071343421936, 0.9822784662246704, 0.9938555359840393, 0.9840810298919678, 0.9809221029281616, 0.9836601614952087, 0.9851694703102112, 0.9905163049697876, 0.9863301515579224, 0.9843260645866394, 0.98503577709198, 0.9862475395202637, 0.9786821603775024, 0.9885297417640686, 0.9934065341949463, 0.989595353603363, 0.9843587279319763, 0.9857651591300964, 0.980783998966217, 0.9892473220825195, 0.9928673505783081, 0.9920635223388672, 0.9814814329147339, 0.988644003868103, 0.9883102774620056, 0.9830795526504517, 0.9907833933830261, 0.9832841157913208, 0.9837320446968079, 0.9905955791473389, 0.9818621873855591, 0.9919282793998718, 0.9782359004020691, 0.994854211807251, 0.9819563627243042, 0.9855071902275085, 0.9791492819786072, 0.9811866879463196, 0.9776536226272583, 0.9798657894134521, 0.9899146556854248, 0.9866962432861328, 0.9876203536987305, 0.9894958138465881, 0.9784017205238342, 0.9861259460449219, 0.9835265874862671, 0.9925094246864319, 0.9868578314781189, 0.9855907559394836, 0.9816513061523438, 0.9914320707321167, 0.9786163568496704, 0.9702796936035156, 0.9874213337898254, 0.9852370023727417, 0.9914347529411316, 0.9908496737480164, 0.9821240901947021, 0.9892966151237488, 0.9809402227401733, 0.9857346415519714, 0.9762376546859741, 0.9835782051086426, 0.9880749583244324, 0.9938325881958008, 0.9929906129837036, 0.9847634434700012, 0.982206404209137, 0.9904030561447144, 0.989567756652832, 0.9827882647514343, 0.9915109872817993, 0.9951534867286682, 0.9799426794052124, 0.977990448474884, 0.9917936325073242, 0.9804432392120361, 0.9904153347015381, 0.9894736409187317, 0.9791356325149536, 0.9771986603736877, 0.995488703250885, 0.992548406124115, 0.990622341632843, 0.9894366264343262, 0.9900332093238831, 0.9801443815231323, 0.982810914516449, 0.9899665713310242, 0.981992781162262, 0.9881756901741028, 0.973568320274353, 0.9823529124259949, 0.9896730184555054]
time : 17613.391075611115
('algorithm', 'RFL')
('gpu', 0)
('seed', 13)
('save_dir', './record/')
('rounds2', 450)
('local_ep', 5)
('frac2', 0.1)
('num_users', 100)
('local_bs', 32)
('lr', 0.01)
('model', 'resnet18')
('num_classes', 10)
('level_n_system', 0.0)
('level_n_lowerb', 0.0)
('alpha_dirichlet', 10)
('non_iid_prob_class', 0.7)
('dataset', 'cifar10')
('iid', False)
('LID_k', 20)
('iteration1', 5)
('rounds1', 200)
('frac1', 0.01)
('pretrained', False)
('mixup', False)
('alpha', 1)
('beta', 5)
('relabel_ratio', 0.5)
('confidence_thres', 0.5)
('clean_set_thres', 0.1)
('fine_tuning', True)
('correction', True)
('T_pl', 100)
('lambda_cen', 1.0)
('lambda_e', 0.8)
('num_gradual', 10)
('forget_rate', 0.2)
('lr_decay', 0.1)
('schedule', [])
('momentum', 0.5)
('weight_decay', 0.0001)
('feature_dim', 128)
('plr', 0.01)
('lamda', 15)
('K', 5)
('gamma', 1)
('begin_sel', 10)
('max_beta', 2)
('mu', 0.01)
('device', device(type='cuda', index=0))
Files already downloaded and verified
Files already downloaded and verified
ResNet(
  (conv1): Conv2d(3, 64, kernel_size=(3, 3), stride=(1, 1), padding=(1, 1), bias=False)
  (bn1): BatchNorm2d(64, eps=1e-05, momentum=0.1, affine=True, track_running_stats=True)
  (layer1): Sequential(
    (0): BasicBlock(
      (conv1): Conv2d(64, 64, kernel_size=(3, 3), stride=(1, 1), padding=(1, 1), bias=False)
      (bn1): BatchNorm2d(64, eps=1e-05, momentum=0.1, affine=True, track_running_stats=True)
      (conv2): Conv2d(64, 64, kernel_size=(3, 3), stride=(1, 1), padding=(1, 1), bias=False)
      (bn2): BatchNorm2d(64, eps=1e-05, momentum=0.1, affine=True, track_running_stats=True)
      (shortcut): Sequential()
    )
    (1): BasicBlock(
      (conv1): Conv2d(64, 64, kernel_size=(3, 3), stride=(1, 1), padding=(1, 1), bias=False)
      (bn1): BatchNorm2d(64, eps=1e-05, momentum=0.1, affine=True, track_running_stats=True)
      (conv2): Conv2d(64, 64, kernel_size=(3, 3), stride=(1, 1), padding=(1, 1), bias=False)
      (bn2): BatchNorm2d(64, eps=1e-05, momentum=0.1, affine=True, track_running_stats=True)
      (shortcut): Sequential()
    )
  )
  (layer2): Sequential(
    (0): BasicBlock(
      (conv1): Conv2d(64, 128, kernel_size=(3, 3), stride=(2, 2), padding=(1, 1), bias=False)
      (bn1): BatchNorm2d(128, eps=1e-05, momentum=0.1, affine=True, track_running_stats=True)
      (conv2): Conv2d(128, 128, kernel_size=(3, 3), stride=(1, 1), padding=(1, 1), bias=False)
      (bn2): BatchNorm2d(128, eps=1e-05, momentum=0.1, affine=True, track_running_stats=True)
      (shortcut): Sequential(
        (0): Conv2d(64, 128, kernel_size=(1, 1), stride=(2, 2), bias=False)
        (1): BatchNorm2d(128, eps=1e-05, momentum=0.1, affine=True, track_running_stats=True)
      )
    )
    (1): BasicBlock(
      (conv1): Conv2d(128, 128, kernel_size=(3, 3), stride=(1, 1), padding=(1, 1), bias=False)
      (bn1): BatchNorm2d(128, eps=1e-05, momentum=0.1, affine=True, track_running_stats=True)
      (conv2): Conv2d(128, 128, kernel_size=(3, 3), stride=(1, 1), padding=(1, 1), bias=False)
      (bn2): BatchNorm2d(128, eps=1e-05, momentum=0.1, affine=True, track_running_stats=True)
      (shortcut): Sequential()
    )
  )
  (layer3): Sequential(
    (0): BasicBlock(
      (conv1): Conv2d(128, 256, kernel_size=(3, 3), stride=(2, 2), padding=(1, 1), bias=False)
      (bn1): BatchNorm2d(256, eps=1e-05, momentum=0.1, affine=True, track_running_stats=True)
      (conv2): Conv2d(256, 256, kernel_size=(3, 3), stride=(1, 1), padding=(1, 1), bias=False)
      (bn2): BatchNorm2d(256, eps=1e-05, momentum=0.1, affine=True, track_running_stats=True)
      (shortcut): Sequential(
        (0): Conv2d(128, 256, kernel_size=(1, 1), stride=(2, 2), bias=False)
        (1): BatchNorm2d(256, eps=1e-05, momentum=0.1, affine=True, track_running_stats=True)
      )
    )
    (1): BasicBlock(
      (conv1): Conv2d(256, 256, kernel_size=(3, 3), stride=(1, 1), padding=(1, 1), bias=False)
      (bn1): BatchNorm2d(256, eps=1e-05, momentum=0.1, affine=True, track_running_stats=True)
      (conv2): Conv2d(256, 256, kernel_size=(3, 3), stride=(1, 1), padding=(1, 1), bias=False)
      (bn2): BatchNorm2d(256, eps=1e-05, momentum=0.1, affine=True, track_running_stats=True)
      (shortcut): Sequential()
    )
  )
  (layer4): Sequential(
    (0): BasicBlock(
      (conv1): Conv2d(256, 512, kernel_size=(3, 3), stride=(2, 2), padding=(1, 1), bias=False)
      (bn1): BatchNorm2d(512, eps=1e-05, momentum=0.1, affine=True, track_running_stats=True)
      (conv2): Conv2d(512, 512, kernel_size=(3, 3), stride=(1, 1), padding=(1, 1), bias=False)
      (bn2): BatchNorm2d(512, eps=1e-05, momentum=0.1, affine=True, track_running_stats=True)
      (shortcut): Sequential(
        (0): Conv2d(256, 512, kernel_size=(1, 1), stride=(2, 2), bias=False)
        (1): BatchNorm2d(512, eps=1e-05, momentum=0.1, affine=True, track_running_stats=True)
      )
    )
    (1): BasicBlock(
      (conv1): Conv2d(512, 512, kernel_size=(3, 3), stride=(1, 1), padding=(1, 1), bias=False)
      (bn1): BatchNorm2d(512, eps=1e-05, momentum=0.1, affine=True, track_running_stats=True)
      (conv2): Conv2d(512, 512, kernel_size=(3, 3), stride=(1, 1), padding=(1, 1), bias=False)
      (bn2): BatchNorm2d(512, eps=1e-05, momentum=0.1, affine=True, track_running_stats=True)
      (shortcut): Sequential()
    )
  )
  (avgpool): AdaptiveAvgPool2d(output_size=(1, 1))
  (fc1): Linear(in_features=512, out_features=10, bias=True)
)
Round 0 global test acc  23.1800
Round 0 Fscore 

[]
Round 1 global test acc  32.1400
Round 1 Fscore 

[]
Round 2 global test acc  38.5800
Round 2 Fscore 

[]
Round 3 global test acc  41.8300
Round 3 Fscore 

[]
Round 4 global test acc  45.1900
Round 4 Fscore 

[]
Round 5 global test acc  50.5900
Round 5 Fscore 

[]
Round 6 global test acc  44.9800
Round 6 Fscore 

[]
Round 7 global test acc  51.8100
Round 7 Fscore 

[]
Round 8 global test acc  51.0100
Round 8 Fscore 

[]
Round 9 global test acc  53.0400
Round 9 Fscore 

[]
Round 10 global test acc  54.2600
Round 10 Fscore 

[]
Round 11 global test acc  56.5100
Round 11 Fscore 

[]
Round 12 global test acc  55.6800
Round 12 Fscore 

[]
Round 13 global test acc  56.5400
Round 13 Fscore 

[]
Round 14 global test acc  56.1500
Round 14 Fscore 

[]
Round 15 global test acc  61.4800
Round 15 Fscore 

[]
Round 16 global test acc  61.2000
Round 16 Fscore 

[]
Round 17 global test acc  61.7800
Round 17 Fscore 

[]
Round 18 global test acc  60.6900
Round 18 Fscore 

[]
Round 19 global test acc  64.0800
Round 19 Fscore 

[]
Round 20 global test acc  60.7000
Round 20 Fscore 

[]
Round 21 global test acc  64.9700
Round 21 Fscore 

[]
Round 22 global test acc  60.1500
Round 22 Fscore 

[]
Round 23 global test acc  63.8300
Round 23 Fscore 

[]
Round 24 global test acc  66.1100
Round 24 Fscore 

[]
Round 25 global test acc  65.2400
Round 25 Fscore 

[]
Round 26 global test acc  66.1000
Round 26 Fscore 

[]
Round 27 global test acc  64.9600
Round 27 Fscore 

[]
Round 28 global test acc  66.2600
Round 28 Fscore 

[]
Round 29 global test acc  68.9900
Round 29 Fscore 

[]
Round 30 global test acc  67.0400
Round 30 Fscore 

[]
Round 31 global test acc  68.0500
Round 31 Fscore 

[]
Round 32 global test acc  68.8800
Round 32 Fscore 

[]
Round 33 global test acc  66.2300
Round 33 Fscore 

[]
Round 34 global test acc  67.4000
Round 34 Fscore 

[]
Round 35 global test acc  70.4900
Round 35 Fscore 

[]
Round 36 global test acc  70.5200
Round 36 Fscore 

[]
Round 37 global test acc  70.7600
Round 37 Fscore 

[]
Round 38 global test acc  67.2800
Round 38 Fscore 

[]
Round 39 global test acc  71.0500
Round 39 Fscore 

[]
Round 40 global test acc  68.2500
Round 40 Fscore 

[]
Round 41 global test acc  69.8800
Round 41 Fscore 

[]
Round 42 global test acc  71.0400
Round 42 Fscore 

[]
Round 43 global test acc  69.9100
Round 43 Fscore 

[]
Round 44 global test acc  71.1400
Round 44 Fscore 

[]
Round 45 global test acc  72.6000
Round 45 Fscore 

[]
Round 46 global test acc  70.0300
Round 46 Fscore 

[]
Round 47 global test acc  71.4100
Round 47 Fscore 

[]
Round 48 global test acc  73.6400
Round 48 Fscore 

[]
Round 49 global test acc  71.9500
Round 49 Fscore 

[]
Round 50 global test acc  72.7200
Round 50 Fscore 

[]
Round 51 global test acc  72.9100
Round 51 Fscore 

[]
Round 52 global test acc  72.8700
Round 52 Fscore 

[]
Round 53 global test acc  72.7900
Round 53 Fscore 

[]
Round 54 global test acc  71.9600
Round 54 Fscore 

[]
Round 55 global test acc  74.2400
Round 55 Fscore 

[]
Round 56 global test acc  73.1200
Round 56 Fscore 

[]
Round 57 global test acc  71.9700
Round 57 Fscore 

[]
Round 58 global test acc  73.7100
Round 58 Fscore 

[]
Round 59 global test acc  75.3300
Round 59 Fscore 

[]
Round 60 global test acc  73.1700
Round 60 Fscore 

[]
Round 61 global test acc  76.1700
Round 61 Fscore 

[]
Round 62 global test acc  74.3600
Round 62 Fscore 

[]
Round 63 global test acc  75.9400
Round 63 Fscore 

[]
Round 64 global test acc  76.8400
Round 64 Fscore 

[]
Round 65 global test acc  75.5100
Round 65 Fscore 

[]
Round 66 global test acc  76.2000
Round 66 Fscore 

[]
Round 67 global test acc  77.6000
Round 67 Fscore 

[]
Round 68 global test acc  75.7400
Round 68 Fscore 

[]
Round 69 global test acc  76.3900
Round 69 Fscore 

[]
Round 70 global test acc  73.6600
Round 70 Fscore 

[]
Round 71 global test acc  75.9700
Round 71 Fscore 

[]
Round 72 global test acc  76.8400
Round 72 Fscore 

[]
Round 73 global test acc  75.2900
Round 73 Fscore 

[]
Round 74 global test acc  77.4600
Round 74 Fscore 

[]
Round 75 global test acc  76.5800
Round 75 Fscore 

[]
Round 76 global test acc  76.6100
Round 76 Fscore 

[]
Round 77 global test acc  76.9000
Round 77 Fscore 

[]
Round 78 global test acc  77.6400
Round 78 Fscore 

[]
Round 79 global test acc  77.9300
Round 79 Fscore 

[]
Round 80 global test acc  78.8500
Round 80 Fscore 

[]
Round 81 global test acc  77.4000
Round 81 Fscore 

[]
Round 82 global test acc  78.2500
Round 82 Fscore 

[]
Round 83 global test acc  78.4400
Round 83 Fscore 

[]
Round 84 global test acc  78.5600
Round 84 Fscore 

[]
Round 85 global test acc  78.6300
Round 85 Fscore 

[]
Round 86 global test acc  79.5300
Round 86 Fscore 

[]
Round 87 global test acc  77.6700
Round 87 Fscore 

[]
Round 88 global test acc  79.1000
Round 88 Fscore 

[]
Round 89 global test acc  75.0500
Round 89 Fscore 

[]
Round 90 global test acc  78.4900
Round 90 Fscore 

[]
Round 91 global test acc  77.3900
Round 91 Fscore 

[]
Round 92 global test acc  79.0800
Round 92 Fscore 

[]
Round 93 global test acc  79.3500
Round 93 Fscore 

[]
Round 94 global test acc  78.7800
Round 94 Fscore 

[]
Round 95 global test acc  74.9000
Round 95 Fscore 

[]
Round 96 global test acc  79.4700
Round 96 Fscore 

[]
Round 97 global test acc  79.7000
Round 97 Fscore 

[]
Round 98 global test acc  80.3600
Round 98 Fscore 

[]
Round 99 global test acc  77.7600
Round 99 Fscore 

[]
Round 100 global test acc  79.7000
Round 100 Fscore 

[]
Round 101 global test acc  78.8800
Round 101 Fscore 

[]
Round 102 global test acc  79.7400
Round 102 Fscore 

[]
Round 103 global test acc  79.1200
Round 103 Fscore 

[]
Round 104 global test acc  79.3200
Round 104 Fscore 

[]
Round 105 global test acc  79.3100
Round 105 Fscore 

[]
Round 106 global test acc  79.1700
Round 106 Fscore 

[]
Round 107 global test acc  78.8900
Round 107 Fscore 

[]
Round 108 global test acc  79.5800
Round 108 Fscore 

[]
Round 109 global test acc  77.8700
Round 109 Fscore 

[]
Round 110 global test acc  79.5900
Round 110 Fscore 

[]
Round 111 global test acc  79.3000
Round 111 Fscore 

[]
Round 112 global test acc  79.1400
Round 112 Fscore 

[]
Round 113 global test acc  78.7300
Round 113 Fscore 

[]
Round 114 global test acc  79.4200
Round 114 Fscore 

[]
Round 115 global test acc  80.0900
Round 115 Fscore 

[]
Round 116 global test acc  79.1100
Round 116 Fscore 

[]
Round 117 global test acc  78.7300
Round 117 Fscore 

[]
Round 118 global test acc  78.8000
Round 118 Fscore 

[]
Round 119 global test acc  79.3700
Round 119 Fscore 

[]
Round 120 global test acc  76.9400
Round 120 Fscore 

[]
Round 121 global test acc  72.4500
Round 121 Fscore 

[]
Round 122 global test acc  77.7200
Round 122 Fscore 

[]
Round 123 global test acc  78.9900
Round 123 Fscore 

[]
Round 124 global test acc  79.0100
Round 124 Fscore 

[]
Round 125 global test acc  78.3600
Round 125 Fscore 

[]
Round 126 global test acc  79.2000
Round 126 Fscore 

[]
Round 127 global test acc  79.9700
Round 127 Fscore 

[]
Round 128 global test acc  79.4600
Round 128 Fscore 

[]
Round 129 global test acc  79.5200
Round 129 Fscore 

[]
Round 130 global test acc  79.8600
Round 130 Fscore 

[]
Round 131 global test acc  80.3100
Round 131 Fscore 

[]
Round 132 global test acc  79.0400
Round 132 Fscore 

[]
Round 133 global test acc  79.6900
Round 133 Fscore 

[]
Round 134 global test acc  78.9600
Round 134 Fscore 

[]
Round 135 global test acc  79.8800
Round 135 Fscore 

[]
Round 136 global test acc  76.3200
Round 136 Fscore 

[]
Round 137 global test acc  78.9600
Round 137 Fscore 

[]
Round 138 global test acc  80.1000
Round 138 Fscore 

[]
Round 139 global test acc  80.6300
Round 139 Fscore 

[]
Round 140 global test acc  80.8600
Round 140 Fscore 

[]
Round 141 global test acc  80.4000
Round 141 Fscore 

[]
Round 142 global test acc  80.1200
Round 142 Fscore 

[]
Round 143 global test acc  80.3800
Round 143 Fscore 

[]
Round 144 global test acc  80.3400
Round 144 Fscore 

[]
Round 145 global test acc  80.5000
Round 145 Fscore 

[]
Round 146 global test acc  80.5400
Round 146 Fscore 

[]
Round 147 global test acc  80.8000
Round 147 Fscore 

[]
Round 148 global test acc  80.6600
Round 148 Fscore 

[]
Round 149 global test acc  78.2000
Round 149 Fscore 

[]
Round 150 global test acc  80.3700
Round 150 Fscore 

[]
Round 151 global test acc  80.7000
Round 151 Fscore 

[]
Round 152 global test acc  80.9200
Round 152 Fscore 

[]
Round 153 global test acc  81.1500
Round 153 Fscore 

[]
Round 154 global test acc  81.3500
Round 154 Fscore 

[]
Round 155 global test acc  80.9900
Round 155 Fscore 

[]
Round 156 global test acc  81.1200
Round 156 Fscore 

[]
Round 157 global test acc  80.5800
Round 157 Fscore 

[]
Round 158 global test acc  81.1000
Round 158 Fscore 

[]
Round 159 global test acc  79.3700
Round 159 Fscore 

[]
Round 160 global test acc  80.0300
Round 160 Fscore 

[]
Round 161 global test acc  79.8500
Round 161 Fscore 

[]
Round 162 global test acc  80.4900
Round 162 Fscore 

[]
Round 163 global test acc  80.9500
Round 163 Fscore 

[]
Round 164 global test acc  81.0700
Round 164 Fscore 

[]
Round 165 global test acc  81.2700
Round 165 Fscore 

[]
Round 166 global test acc  81.5100
Round 166 Fscore 

[]
Round 167 global test acc  81.1700
Round 167 Fscore 

[]
Round 168 global test acc  80.5900
Round 168 Fscore 

[]
Round 169 global test acc  81.1700
Round 169 Fscore 

[]
Round 170 global test acc  80.9300
Round 170 Fscore 

[]
Round 171 global test acc  81.0300
Round 171 Fscore 

[]
Round 172 global test acc  81.2800
Round 172 Fscore 

[]
Round 173 global test acc  80.3700
Round 173 Fscore 

[]
Round 174 global test acc  80.7900
Round 174 Fscore 

[]
Round 175 global test acc  81.7900
Round 175 Fscore 

[]
Round 176 global test acc  82.1700
Round 176 Fscore 

[]
Round 177 global test acc  81.1100
Round 177 Fscore 

[]
Round 178 global test acc  80.5500
Round 178 Fscore 

[]
Round 179 global test acc  80.6300
Round 179 Fscore 

[]
Round 180 global test acc  81.4000
Round 180 Fscore 

[]
Round 181 global test acc  81.4600
Round 181 Fscore 

[]
Round 182 global test acc  81.4300
Round 182 Fscore 

[]
Round 183 global test acc  81.2900
Round 183 Fscore 

[]
Round 184 global test acc  81.1200
Round 184 Fscore 

[]
Round 185 global test acc  81.9900
Round 185 Fscore 

[]
Round 186 global test acc  81.5500
Round 186 Fscore 

[]
Round 187 global test acc  81.8400
Round 187 Fscore 

[]
Round 188 global test acc  81.1400
Round 188 Fscore 

[]
Round 189 global test acc  81.5400
Round 189 Fscore 

[]
Round 190 global test acc  81.9400
Round 190 Fscore 

[]
Round 191 global test acc  82.0200
Round 191 Fscore 

[]
Round 192 global test acc  81.1000
Round 192 Fscore 

[]
Round 193 global test acc  81.8100
Round 193 Fscore 

[]
Round 194 global test acc  81.8200
Round 194 Fscore 

[]
Round 195 global test acc  82.1400
Round 195 Fscore 

[]
Round 196 global test acc  81.5400
Round 196 Fscore 

[]
Round 197 global test acc  81.8500
Round 197 Fscore 

[]
Round 198 global test acc  81.8300
Round 198 Fscore 

[]
Round 199 global test acc  82.1300
Round 199 Fscore 

[]
Round 200 global test acc  82.0500
Round 200 Fscore 

[]
Round 201 global test acc  82.2100
Round 201 Fscore 

[]
Round 202 global test acc  81.7100
Round 202 Fscore 

[]
Round 203 global test acc  81.3300
Round 203 Fscore 

[]
Round 204 global test acc  81.2200
Round 204 Fscore 

[]
Round 205 global test acc  82.5600
Round 205 Fscore 

[]
Round 206 global test acc  82.4900
Round 206 Fscore 

[]
Round 207 global test acc  82.7800
Round 207 Fscore 

[]
Round 208 global test acc  82.9100
Round 208 Fscore 

[]
Round 209 global test acc  82.3300
Round 209 Fscore 

[]
Round 210 global test acc  80.8000
Round 210 Fscore 

[]
Round 211 global test acc  82.0800
Round 211 Fscore 

[]
Round 212 global test acc  82.1300
Round 212 Fscore 

[]
Round 213 global test acc  82.2200
Round 213 Fscore 

[]
Round 214 global test acc  82.8500
Round 214 Fscore 

[]
Round 215 global test acc  82.9000
Round 215 Fscore 

[]
Round 216 global test acc  82.1000
Round 216 Fscore 

[]
Round 217 global test acc  82.8200
Round 217 Fscore 

[]
Round 218 global test acc  82.8000
Round 218 Fscore 

[]
Round 219 global test acc  83.1900
Round 219 Fscore 

[]
Round 220 global test acc  82.8600
Round 220 Fscore 

[]
Round 221 global test acc  81.8300
Round 221 Fscore 

[]
Round 222 global test acc  81.5800
Round 222 Fscore 

[]
Round 223 global test acc  81.0100
Round 223 Fscore 

[]
Round 224 global test acc  81.2200
Round 224 Fscore 

[]
Round 225 global test acc  81.8500
Round 225 Fscore 

[]
Round 226 global test acc  81.3000
Round 226 Fscore 

[]
Round 227 global test acc  81.3500
Round 227 Fscore 

[]
Round 228 global test acc  81.3600
Round 228 Fscore 

[]
Round 229 global test acc  82.5800
Round 229 Fscore 

[]
Round 230 global test acc  82.4600
Round 230 Fscore 

[]
Round 231 global test acc  78.9000
Round 231 Fscore 

[]
Round 232 global test acc  81.2200
Round 232 Fscore 

[]
Round 233 global test acc  82.0600
Round 233 Fscore 

[]
Round 234 global test acc  82.2000
Round 234 Fscore 

[]
Round 235 global test acc  81.9700
Round 235 Fscore 

[]
Round 236 global test acc  81.9900
Round 236 Fscore 

[]
Round 237 global test acc  80.7500
Round 237 Fscore 

[]
Round 238 global test acc  82.5700
Round 238 Fscore 

[]
Round 239 global test acc  82.9400
Round 239 Fscore 

[]
Round 240 global test acc  82.8600
Round 240 Fscore 

[]
Round 241 global test acc  82.6100
Round 241 Fscore 

[]
Round 242 global test acc  83.1000
Round 242 Fscore 

[]
Round 243 global test acc  83.0600
Round 243 Fscore 

[]
Round 244 global test acc  83.0300
Round 244 Fscore 

[]
Round 245 global test acc  83.0600
Round 245 Fscore 

[]
Round 246 global test acc  83.1100
Round 246 Fscore 

[]
Round 247 global test acc  82.7000
Round 247 Fscore 

[]
Round 248 global test acc  82.0400
Round 248 Fscore 

[]
Round 249 global test acc  82.0500
Round 249 Fscore 

[]
Round 250 global test acc  82.5300
Round 250 Fscore 

[]
Round 251 global test acc  82.9200
Round 251 Fscore 

[]
Round 252 global test acc  83.1100
Round 252 Fscore 

[]
Round 253 global test acc  83.0800
Round 253 Fscore 

[]
Round 254 global test acc  83.0500
Round 254 Fscore 

[]
Round 255 global test acc  83.0800
Round 255 Fscore 

[]
Round 256 global test acc  83.5700
Round 256 Fscore 

[]
Round 257 global test acc  83.7800
Round 257 Fscore 

[]
Round 258 global test acc  83.6900
Round 258 Fscore 

[]
Round 259 global test acc  83.3700
Round 259 Fscore 

[]
Round 260 global test acc  83.2800
Round 260 Fscore 

[]
Round 261 global test acc  83.2400
Round 261 Fscore 

[]
Round 262 global test acc  83.1800
Round 262 Fscore 

[]
Round 263 global test acc  83.5300
Round 263 Fscore 

[]
Round 264 global test acc  83.2600
Round 264 Fscore 

[]
Round 265 global test acc  82.8200
Round 265 Fscore 

[]
Round 266 global test acc  83.5400
Round 266 Fscore 

[]
Round 267 global test acc  83.4200
Round 267 Fscore 

[]
Round 268 global test acc  80.9100
Round 268 Fscore 

[]
Round 269 global test acc  82.6000
Round 269 Fscore 

[]
Round 270 global test acc  83.2900
Round 270 Fscore 

[]
Round 271 global test acc  80.8600
Round 271 Fscore 

[]
Round 272 global test acc  82.8800
Round 272 Fscore 

[]
Round 273 global test acc  82.8800
Round 273 Fscore 

[]
Round 274 global test acc  82.8500
Round 274 Fscore 

[]
Round 275 global test acc  83.4800
Round 275 Fscore 

[]
Round 276 global test acc  83.5400
Round 276 Fscore 

[]
Round 277 global test acc  83.6900
Round 277 Fscore 

[]
Round 278 global test acc  83.4100
Round 278 Fscore 

[]
Round 279 global test acc  83.7100
Round 279 Fscore 

[]
Round 280 global test acc  83.5300
Round 280 Fscore 

[]
Round 281 global test acc  83.5600
Round 281 Fscore 

[]
Round 282 global test acc  83.6700
Round 282 Fscore 

[]
Round 283 global test acc  82.8500
Round 283 Fscore 

[]
Round 284 global test acc  83.3600
Round 284 Fscore 

[]
Round 285 global test acc  83.1900
Round 285 Fscore 

[]
Round 286 global test acc  83.0500
Round 286 Fscore 

[]
Round 287 global test acc  83.3100
Round 287 Fscore 

[]
Round 288 global test acc  82.8500
Round 288 Fscore 

[]
Round 289 global test acc  80.2000
Round 289 Fscore 

[]
Round 290 global test acc  78.6500
Round 290 Fscore 

[]
Round 291 global test acc  82.1500
Round 291 Fscore 

[]
Round 292 global test acc  82.7700
Round 292 Fscore 

[]
Round 293 global test acc  83.6200
Round 293 Fscore 

[]
Round 294 global test acc  84.1000
Round 294 Fscore 

[]
Round 295 global test acc  83.4400
Round 295 Fscore 

[]
Round 296 global test acc  84.0200
Round 296 Fscore 

[]
Round 297 global test acc  84.0900
Round 297 Fscore 

[]
Round 298 global test acc  83.9300
Round 298 Fscore 

[]
Round 299 global test acc  83.4100
Round 299 Fscore 

[]
Round 300 global test acc  83.9800
Round 300 Fscore 

[]
Round 301 global test acc  83.7700
Round 301 Fscore 

[]
Round 302 global test acc  82.8600
Round 302 Fscore 

[]
Round 303 global test acc  83.5800
Round 303 Fscore 

[]
Round 304 global test acc  83.7500
Round 304 Fscore 

[]
Round 305 global test acc  83.9700
Round 305 Fscore 

[]
Round 306 global test acc  83.5800
Round 306 Fscore 

[]
Round 307 global test acc  83.6300
Round 307 Fscore 

[]
Round 308 global test acc  81.0200
Round 308 Fscore 

[]
Round 309 global test acc  83.0500
Round 309 Fscore 

[]
Round 310 global test acc  83.4600
Round 310 Fscore 

[]
Round 311 global test acc  83.8900
Round 311 Fscore 

[]
Round 312 global test acc  82.4100
Round 312 Fscore 

[]
Round 313 global test acc  83.4000
Round 313 Fscore 

[]
Round 314 global test acc  83.6600
Round 314 Fscore 

[]
Round 315 global test acc  83.0500
Round 315 Fscore 

[]
Round 316 global test acc  83.9500
Round 316 Fscore 

[]
Round 317 global test acc  83.6200
Round 317 Fscore 

[]
Round 318 global test acc  83.5800
Round 318 Fscore 

[]
Round 319 global test acc  83.4000
Round 319 Fscore 

[]
Round 320 global test acc  83.3900
Round 320 Fscore 

[]
Round 321 global test acc  83.5900
Round 321 Fscore 

[]
Round 322 global test acc  83.5300
Round 322 Fscore 

[]
Round 323 global test acc  83.6600
Round 323 Fscore 

[]
Round 324 global test acc  84.0100
Round 324 Fscore 

[]
Round 325 global test acc  83.8600
Round 325 Fscore 

[]
Round 326 global test acc  83.6500
Round 326 Fscore 

[]
Round 327 global test acc  82.5000
Round 327 Fscore 

[]
Round 328 global test acc  83.2800
Round 328 Fscore 

[]
Round 329 global test acc  83.1800
Round 329 Fscore 

[]
Round 330 global test acc  83.3600
Round 330 Fscore 

[]
Round 331 global test acc  84.2200
Round 331 Fscore 

[]
Round 332 global test acc  83.7100
Round 332 Fscore 

[]
Round 333 global test acc  83.9300
Round 333 Fscore 

[]
Round 334 global test acc  81.6200
Round 334 Fscore 

[]
Round 335 global test acc  83.9000
Round 335 Fscore 

[]
Round 336 global test acc  83.9700
Round 336 Fscore 

[]
Round 337 global test acc  82.5500
Round 337 Fscore 

[]
Round 338 global test acc  83.5800
Round 338 Fscore 

[]
Round 339 global test acc  83.7400
Round 339 Fscore 

[]
Round 340 global test acc  84.1800
Round 340 Fscore 

[]
Round 341 global test acc  84.2400
Round 341 Fscore 

[]
Round 342 global test acc  84.0400
Round 342 Fscore 

[]
Round 343 global test acc  83.2500
Round 343 Fscore 

[]
Round 344 global test acc  83.8500
Round 344 Fscore 

[]
Round 345 global test acc  81.3800
Round 345 Fscore 

[]
Round 346 global test acc  83.7200
Round 346 Fscore 

[]
Round 347 global test acc  83.8300
Round 347 Fscore 

[]
Round 348 global test acc  84.3100
Round 348 Fscore 

[]
Round 349 global test acc  84.0700
Round 349 Fscore 

[]
Round 350 global test acc  84.0600
Round 350 Fscore 

[]
Round 351 global test acc  83.7400
Round 351 Fscore 

[]
Round 352 global test acc  83.9300
Round 352 Fscore 

[]
Round 353 global test acc  83.9000
Round 353 Fscore 

[]
Round 354 global test acc  83.9300
Round 354 Fscore 

[]
Round 355 global test acc  84.3400
Round 355 Fscore 

[]
Round 356 global test acc  84.1300
Round 356 Fscore 

[]
Round 357 global test acc  84.3200
Round 357 Fscore 

[]
Round 358 global test acc  84.1200
Round 358 Fscore 

[]
Round 359 global test acc  84.2900
Round 359 Fscore 

[]
Round 360 global test acc  83.8500
Round 360 Fscore 

[]
Round 361 global test acc  83.9400
Round 361 Fscore 

[]
Round 362 global test acc  83.2300
Round 362 Fscore 

[]
Round 363 global test acc  83.6000
Round 363 Fscore 

[]
Round 364 global test acc  83.9700
Round 364 Fscore 

[]
Round 365 global test acc  84.0500
Round 365 Fscore 

[]
Round 366 global test acc  83.5300
Round 366 Fscore 

[]
Round 367 global test acc  84.2500
Round 367 Fscore 

[]
Round 368 global test acc  84.4900
Round 368 Fscore 

[]
Round 369 global test acc  83.9700
Round 369 Fscore 

[]
Round 370 global test acc  84.6000
Round 370 Fscore 

[]
Round 371 global test acc  84.6800
Round 371 Fscore 

[]
Round 372 global test acc  83.2200
Round 372 Fscore 

[]
Round 373 global test acc  83.8700
Round 373 Fscore 

[]
Round 374 global test acc  84.2000
Round 374 Fscore 

[]
Round 375 global test acc  84.5600
Round 375 Fscore 

[]
Round 376 global test acc  84.5300
Round 376 Fscore 

[]
Round 377 global test acc  81.4500
Round 377 Fscore 

[]
Round 378 global test acc  84.0500
Round 378 Fscore 

[]
Round 379 global test acc  83.4900
Round 379 Fscore 

[]
Round 380 global test acc  77.8300
Round 380 Fscore 

[]
Round 381 global test acc  82.0100
Round 381 Fscore 

[]
Round 382 global test acc  83.3200
Round 382 Fscore 

[]
Round 383 global test acc  79.5000
Round 383 Fscore 

[]
Round 384 global test acc  79.6200
Round 384 Fscore 

[]
Round 385 global test acc  82.6200
Round 385 Fscore 

[]
Round 386 global test acc  83.7600
Round 386 Fscore 

[]
Round 387 global test acc  83.9200
Round 387 Fscore 

[]
Round 388 global test acc  83.2200
Round 388 Fscore 

[]
Round 389 global test acc  83.3500
Round 389 Fscore 

[]
Round 390 global test acc  84.0200
Round 390 Fscore 

[]
Round 391 global test acc  84.4100
Round 391 Fscore 

[]
Round 392 global test acc  84.4500
Round 392 Fscore 

[]
Round 393 global test acc  84.5200
Round 393 Fscore 

[]
Round 394 global test acc  84.6400
Round 394 Fscore 

[]
Round 395 global test acc  81.4300
Round 395 Fscore 

[]
Round 396 global test acc  83.6200
Round 396 Fscore 

[]
Round 397 global test acc  83.6800
Round 397 Fscore 

[]
Round 398 global test acc  84.2500
Round 398 Fscore 

[]
Round 399 global test acc  84.4600
Round 399 Fscore 

[]
Round 400 global test acc  84.4400
Round 400 Fscore 

[]
Round 401 global test acc  84.1900
Round 401 Fscore 

[]
Round 402 global test acc  84.1300
Round 402 Fscore 

[]
Round 403 global test acc  84.3400
Round 403 Fscore 

[]
Round 404 global test acc  84.5300
Round 404 Fscore 

[]
Round 405 global test acc  84.5500
Round 405 Fscore 

[]
Round 406 global test acc  84.0400
Round 406 Fscore 

[]
Round 407 global test acc  83.4500
Round 407 Fscore 

[]
Round 408 global test acc  83.7500
Round 408 Fscore 

[]
Round 409 global test acc  84.2700
Round 409 Fscore 

[]
Round 410 global test acc  84.7000
Round 410 Fscore 

[]
Round 411 global test acc  84.2100
Round 411 Fscore 

[]
Round 412 global test acc  82.7900
Round 412 Fscore 

[]
Round 413 global test acc  83.7300
Round 413 Fscore 

[]
Round 414 global test acc  83.4500
Round 414 Fscore 

[]
Round 415 global test acc  83.8500
Round 415 Fscore 

[]
Round 416 global test acc  84.0000
Round 416 Fscore 

[]
Round 417 global test acc  84.0000
Round 417 Fscore 

[]
Round 418 global test acc  83.0700
Round 418 Fscore 

[]
Round 419 global test acc  83.2300
Round 419 Fscore 

[]
Round 420 global test acc  83.6400
Round 420 Fscore 

[]
Round 421 global test acc  83.6900
Round 421 Fscore 

[]
Round 422 global test acc  83.3300
Round 422 Fscore 

[]
Round 423 global test acc  83.0400
Round 423 Fscore 

[]
Round 424 global test acc  83.5100
Round 424 Fscore 

[]
Round 425 global test acc  84.1800
Round 425 Fscore 

[]
Round 426 global test acc  84.0300
Round 426 Fscore 

[]
Round 427 global test acc  83.4200
Round 427 Fscore 

[]
Round 428 global test acc  84.0300
Round 428 Fscore 

[]
Round 429 global test acc  84.2800
Round 429 Fscore 

[]
Round 430 global test acc  84.4800
Round 430 Fscore 

[]
Round 431 global test acc  84.7100
Round 431 Fscore 

[]
Round 432 global test acc  84.5600
Round 432 Fscore 

[]
Round 433 global test acc  81.7900
Round 433 Fscore 

[]
Round 434 global test acc  83.2300
Round 434 Fscore 

[]
Round 435 global test acc  84.0200
Round 435 Fscore 

[]
Round 436 global test acc  84.3100
Round 436 Fscore 

[]
Round 437 global test acc  84.1900
Round 437 Fscore 

[]
Round 438 global test acc  84.4500
Round 438 Fscore 

[]
Round 439 global test acc  84.6000
Round 439 Fscore 

[]
Round 440 global test acc  82.9900
Round 440 Fscore 

[]
Round 441 global test acc  84.2800
Round 441 Fscore 

[]
Round 442 global test acc  83.9000
Round 442 Fscore 

[]
Round 443 global test acc  84.7600
Round 443 Fscore 

[]
Round 444 global test acc  84.8500
Round 444 Fscore 

[]
Round 445 global test acc  84.7400
Round 445 Fscore 

[]
Round 446 global test acc  84.9900
Round 446 Fscore 

[]
Round 447 global test acc  84.1100
Round 447 Fscore 

[]
Round 448 global test acc  84.2200
Round 448 Fscore 

[]
Round 449 global test acc  84.1600
Round 449 Fscore 

[0.9861111044883728, 0.9831054210662842, 0.9926828742027283, 0.9905561804771423, 0.9852216243743896, 0.9896142482757568, 0.9822784662246704, 0.995398759841919, 0.9884726405143738, 0.9857594966888428, 0.9819967150688171, 0.9862433671951294, 0.9926393628120422, 0.989517867565155, 0.9851213097572327, 0.9863547682762146, 0.9941520690917969, 0.9836065173149109, 0.9916839599609375, 0.9911894202232361, 0.989595353603363, 0.9832985401153564, 0.9857651591300964, 0.9854629039764404, 0.9903329610824585, 0.9928673505783081, 0.9933949708938599, 0.979907214641571, 0.9852546453475952, 0.9893842935562134, 0.9847972989082336, 0.9907833933830261, 0.9852796792984009, 0.9866411685943604, 0.9863588213920593, 0.9843184351921082, 0.9937331676483154, 0.9794049859046936, 0.994854211807251, 0.9848484992980957, 0.9855071902275085, 0.9808493256568909, 0.9885057806968689, 0.97907954454422, 0.9847328066825867, 0.9914794564247131, 0.9866962432861328, 0.9903978109359741, 0.9894958138465881, 0.9827956557273865, 0.9850427508354187, 0.9810397624969482, 0.9934518337249756, 0.9868578314781189, 0.990439772605896, 0.9847561120986938, 0.9938949942588806, 0.9786163568496704, 0.973867654800415, 0.9905956387519836, 0.9836575984954834, 0.9914347529411316, 0.9842105507850647, 0.9810526371002197, 0.9861963391304016, 0.9848101139068604, 0.9879003763198853, 0.9832841157913208, 0.9862069487571716, 0.9854825139045715, 0.9929453134536743, 0.9965075254440308, 0.9855769276618958, 0.9870129823684692, 0.9913710355758667, 0.9940652847290039, 0.9854077100753784, 0.9906541705131531, 0.9951534867286682, 0.9755396246910095, 0.9818875193595886, 0.9906103610992432, 0.984415590763092, 0.9882603883743286, 0.990359365940094, 0.9798957705497742, 0.9829959273338318, 0.9939758777618408, 0.992548406124115, 0.990622341632843, 0.9876543283462524, 0.9908714294433594, 0.9838129878044128, 0.9838383793830872, 0.9865771532058716, 0.9807692170143127, 0.9881756901741028, 0.9788166880607605, 0.9843443632125854, 0.9914088845252991]
time : 18947.674076795578
