('algorithm', 'FedAVG')
('gpu', 2)
('seed', 13)
('save_dir', './record/')
('rounds2', 450)
('local_ep', 5)
('frac2', 0.2)
('num_users', 50)
('local_bs', 32)
('lr', 0.01)
('model', 'resnet34')
('num_classes', 10)
('level_n_system', 0.5)
('level_n_lowerb', 0.3)
('alpha_dirichlet', 10)
('non_iid_prob_class', 0.7)
('dataset', 'cifar100')
('iid', False)
('LID_k', 20)
('iteration1', 5)
('rounds1', 200)
('frac1', 0.01)
('pretrained', False)
('mixup', False)
('alpha', 1)
('beta', 5)
('relabel_ratio', 0.5)
('confidence_thres', 0.5)
('clean_set_thres', 0.1)
('fine_tuning', True)
('correction', True)
('T_pl', 100)
('lambda_cen', 1.0)
('lambda_e', 0.8)
('num_gradual', 10)
('forget_rate', 0.2)
('lr_decay', 0.1)
('schedule', [])
('momentum', 0.5)
('weight_decay', 0.0001)
('feature_dim', 128)
('plr', 0.01)
('lamda', 15)
('K', 5)
('gamma', 1)
('begin_sel', 10)
('max_beta', 2)
('mu', 0.01)
('device', device(type='cuda', index=2))
Files already downloaded and verified
Files already downloaded and verified
Client 0, noise level: 0.7803 (0.7022), real noise ratio: 0.7763
Client 2, noise level: 0.3966 (0.3569), real noise ratio: 0.3821
Client 3, noise level: 0.3691 (0.3322), real noise ratio: 0.3473
Client 4, noise level: 0.4719 (0.4247), real noise ratio: 0.4391
Client 6, noise level: 0.9482 (0.8534), real noise ratio: 0.9435
Client 7, noise level: 0.7761 (0.6985), real noise ratio: 0.7680
Client 8, noise level: 0.4664 (0.4197), real noise ratio: 0.4630
Client 9, noise level: 0.6982 (0.6284), real noise ratio: 0.6986
Client 13, noise level: 0.5837 (0.5254), real noise ratio: 0.5850
Client 15, noise level: 0.4336 (0.3903), real noise ratio: 0.4251
Client 20, noise level: 0.6493 (0.5844), real noise ratio: 0.6571
Client 23, noise level: 0.5554 (0.4999), real noise ratio: 0.5444
Client 26, noise level: 0.3955 (0.3559), real noise ratio: 0.3988
Client 27, noise level: 0.4655 (0.4189), real noise ratio: 0.4550
Client 29, noise level: 0.6947 (0.6253), real noise ratio: 0.6917
Client 30, noise level: 0.9713 (0.8741), real noise ratio: 0.9641
Client 32, noise level: 0.3903 (0.3512), real noise ratio: 0.3928
Client 33, noise level: 0.8324 (0.7492), real noise ratio: 0.8311
Client 35, noise level: 0.4230 (0.3807), real noise ratio: 0.4125
Client 38, noise level: 0.9771 (0.8794), real noise ratio: 0.9646
Client 41, noise level: 0.7686 (0.6917), real noise ratio: 0.7551
Client 42, noise level: 0.3765 (0.3389), real noise ratio: 0.3664
Client 47, noise level: 0.4886 (0.4397), real noise ratio: 0.5093
Client 48, noise level: 0.7551 (0.6796), real noise ratio: 0.7664
Round 0 global test acc  1.0000
Round 1 global test acc  1.2000
Round 2 global test acc  5.1400
Round 3 global test acc  5.5900
Round 4 global test acc  9.6800
Round 5 global test acc  13.0900
Round 6 global test acc  15.4800
Round 7 global test acc  17.9200
Round 8 global test acc  15.1100
Round 9 global test acc  20.3100
Round 10 global test acc  22.0100
Round 11 global test acc  22.2000
Round 12 global test acc  25.1700
Round 13 global test acc  25.3100
Round 14 global test acc  26.3100
Round 15 global test acc  27.6200
Round 16 global test acc  27.1000
Round 17 global test acc  25.6400
Round 18 global test acc  30.4600
Round 19 global test acc  30.8700
Round 20 global test acc  31.8100
Round 21 global test acc  31.4800
Round 22 global test acc  33.0100
Round 23 global test acc  34.3900
Round 24 global test acc  34.1400
Round 25 global test acc  34.3900
Round 26 global test acc  35.4400
Round 27 global test acc  36.7500
Round 28 global test acc  37.0200
Round 29 global test acc  38.0300
Round 30 global test acc  38.3100
Round 31 global test acc  38.1100
Round 32 global test acc  35.5800
Round 33 global test acc  38.9600
Round 34 global test acc  40.2400
Round 35 global test acc  39.6400
Round 36 global test acc  38.7400
Round 37 global test acc  40.7900
Round 38 global test acc  41.9100
Round 39 global test acc  42.2300
Round 40 global test acc  42.9300
Round 41 global test acc  42.4700
Round 42 global test acc  37.2100
Round 43 global test acc  40.4800
Round 44 global test acc  42.9300
Round 45 global test acc  43.1700
Round 46 global test acc  39.7500
Round 47 global test acc  43.6300
Round 48 global test acc  44.3500
Round 49 global test acc  43.6800
Round 50 global test acc  42.1000
Round 51 global test acc  44.4900
Round 52 global test acc  45.3400
Round 53 global test acc  42.5800
Round 54 global test acc  42.0800
Round 55 global test acc  45.2000
Round 56 global test acc  42.2400
Round 57 global test acc  44.3700
Round 58 global test acc  42.5900
Round 59 global test acc  41.9500
Round 60 global test acc  41.3800
Round 61 global test acc  41.2500
Round 62 global test acc  45.1400
Round 63 global test acc  46.1700
Round 64 global test acc  46.3800
Round 65 global test acc  45.8000
Round 66 global test acc  45.1100
Round 67 global test acc  44.1600
Round 68 global test acc  46.0500
Round 69 global test acc  45.6500
Round 70 global test acc  45.5300
Round 71 global test acc  46.9000
Round 72 global test acc  47.4600
Round 73 global test acc  46.3500
Round 74 global test acc  45.5800
Round 75 global test acc  46.8500
Round 76 global test acc  46.9000
Round 77 global test acc  46.4600
Round 78 global test acc  46.0500
Round 79 global test acc  47.5500
Round 80 global test acc  47.8100
Round 81 global test acc  47.5200
Round 82 global test acc  46.5100
Round 83 global test acc  46.6900
Round 84 global test acc  47.4100
Round 85 global test acc  47.9100
Round 86 global test acc  44.7700
Round 87 global test acc  48.0700
Round 88 global test acc  47.1500
Round 89 global test acc  47.9400
Round 90 global test acc  46.4500
Round 91 global test acc  46.2500
Round 92 global test acc  48.2900
Round 93 global test acc  43.8200
Round 94 global test acc  47.8100
Round 95 global test acc  47.4100
Round 96 global test acc  44.7500
Round 97 global test acc  46.9700
Round 98 global test acc  45.4600
Round 99 global test acc  46.5800
Round 100 global test acc  44.5000
Round 101 global test acc  47.9200
Round 102 global test acc  49.1500
Round 103 global test acc  47.3200
Round 104 global test acc  45.3900
Round 105 global test acc  48.3400
Round 106 global test acc  48.5800
Round 107 global test acc  48.9200
Round 108 global test acc  48.9500
Round 109 global test acc  49.5700
Round 110 global test acc  47.2600
Round 111 global test acc  48.1000
Round 112 global test acc  47.7800
Round 113 global test acc  46.9700
Round 114 global test acc  48.8700
Round 115 global test acc  46.6400
Round 116 global test acc  49.3400
Round 117 global test acc  47.7000
Round 118 global test acc  45.7100
Round 119 global test acc  46.4500
Round 120 global test acc  49.4400
Round 121 global test acc  45.7800
Round 122 global test acc  47.3400
Round 123 global test acc  47.3100
Round 124 global test acc  49.4500
Round 125 global test acc  50.8800
Round 126 global test acc  49.3700
Round 127 global test acc  48.9000
Round 128 global test acc  42.6300
Round 129 global test acc  48.1600
Round 130 global test acc  50.8300
Round 131 global test acc  49.9300
Round 132 global test acc  49.5500
Round 133 global test acc  48.9700
Round 134 global test acc  43.8300
Round 135 global test acc  45.2200
Round 136 global test acc  46.0100
Round 137 global test acc  48.0200
Round 138 global test acc  49.2300
Round 139 global test acc  49.0900
Round 140 global test acc  47.9700
Round 141 global test acc  48.1400
Round 142 global test acc  33.5000
Round 143 global test acc  43.1000
Round 144 global test acc  47.0100
Round 145 global test acc  47.6500
Round 146 global test acc  48.5800
Round 147 global test acc  49.6600
Round 148 global test acc  49.3600
Round 149 global test acc  47.8700
Round 150 global test acc  47.3300
Round 151 global test acc  46.9500
Round 152 global test acc  48.7600
Round 153 global test acc  48.8700
Round 154 global test acc  49.4300
Round 155 global test acc  49.1700
Round 156 global test acc  48.9500
Round 157 global test acc  47.9700
Round 158 global test acc  48.5900
Round 159 global test acc  48.8700
Round 160 global test acc  50.4400
Round 161 global test acc  47.8800
Round 162 global test acc  50.4900
Round 163 global test acc  49.9600
Round 164 global test acc  48.7400
Round 165 global test acc  46.8500
Round 166 global test acc  45.6100
Round 167 global test acc  50.6500
Round 168 global test acc  50.0000
Round 169 global test acc  49.3500
Round 170 global test acc  49.1300
Round 171 global test acc  47.9000
Round 172 global test acc  49.9600
Round 173 global test acc  49.6200
Round 174 global test acc  49.8800
Round 175 global test acc  50.8000
Round 176 global test acc  46.1900
Round 177 global test acc  46.9300
Round 178 global test acc  49.0400
Round 179 global test acc  37.4200
Round 180 global test acc  47.6600
Round 181 global test acc  48.0900
Round 182 global test acc  49.5700
Round 183 global test acc  49.9100
Round 184 global test acc  50.1500
Round 185 global test acc  49.3000
Round 186 global test acc  46.7900
Round 187 global test acc  49.0400
Round 188 global test acc  49.5500
Round 189 global test acc  49.5300
Round 190 global test acc  49.8300
Round 191 global test acc  51.1600
Round 192 global test acc  46.0100
Round 193 global test acc  48.8400
Round 194 global test acc  51.0600
Round 195 global test acc  47.8000
Round 196 global test acc  50.8400
Round 197 global test acc  49.9300
Round 198 global test acc  49.3900
Round 199 global test acc  49.8100
Round 200 global test acc  49.8600
Round 201 global test acc  50.2400
Round 202 global test acc  45.9900
Round 203 global test acc  47.9600
Round 204 global test acc  51.5000
Round 205 global test acc  46.6500
Round 206 global test acc  50.8000
Round 207 global test acc  48.7900
Round 208 global test acc  49.5100
Round 209 global test acc  48.0100
Round 210 global test acc  47.6200
Round 211 global test acc  48.8200
Round 212 global test acc  49.0800
Round 213 global test acc  46.5300
Round 214 global test acc  50.1700
Round 215 global test acc  49.4900
Round 216 global test acc  49.8600
Round 217 global test acc  45.8600
Round 218 global test acc  48.9800
Round 219 global test acc  50.1400
Round 220 global test acc  49.0200
Round 221 global test acc  46.7700
Round 222 global test acc  49.8500
Round 223 global test acc  46.8100
Round 224 global test acc  49.1200
Round 225 global test acc  42.1200
Round 226 global test acc  50.8700
Round 227 global test acc  50.6000
Round 228 global test acc  50.0800
Round 229 global test acc  50.9100
Round 230 global test acc  51.2200
Round 231 global test acc  50.5300
Round 232 global test acc  50.7300
Round 233 global test acc  49.5500
Round 234 global test acc  49.3700
Round 235 global test acc  50.6400
Round 236 global test acc  50.1700
Round 237 global test acc  50.9200
Round 238 global test acc  44.8800
Round 239 global test acc  48.3000
Round 240 global test acc  50.1700
Round 241 global test acc  49.7900
Round 242 global test acc  51.5000
Round 243 global test acc  47.5900
Round 244 global test acc  50.8200
Round 245 global test acc  50.2200
Round 246 global test acc  43.0600
Round 247 global test acc  50.3500
Round 248 global test acc  50.3100
Round 249 global test acc  48.7900
Round 250 global test acc  49.2600
Round 251 global test acc  45.4700
Round 252 global test acc  48.7600
Round 253 global test acc  45.8100
Round 254 global test acc  49.7600
Round 255 global test acc  48.7900
Round 256 global test acc  50.5400
Round 257 global test acc  49.8500
Round 258 global test acc  50.1600
Round 259 global test acc  50.0900
Round 260 global test acc  48.2400
Round 261 global test acc  48.1700
Round 262 global test acc  46.5300
Round 263 global test acc  46.8300
Round 264 global test acc  49.6400
Round 265 global test acc  46.9800
Round 266 global test acc  48.0700
Round 267 global test acc  46.3200
Round 268 global test acc  44.2300
Round 269 global test acc  46.1000
Round 270 global test acc  48.4500
Round 271 global test acc  50.8200
Round 272 global test acc  49.9300
Round 273 global test acc  50.5000
Round 274 global test acc  50.4200
Round 275 global test acc  47.7500
Round 276 global test acc  49.6100
Round 277 global test acc  49.8600
Round 278 global test acc  49.4700
Round 279 global test acc  50.6800
Round 280 global test acc  51.2600
Round 281 global test acc  44.3100
Round 282 global test acc  48.2100
Round 283 global test acc  51.2600
Round 284 global test acc  48.8200
Round 285 global test acc  41.1500
Round 286 global test acc  50.2800
Round 287 global test acc  51.0900
Round 288 global test acc  49.0600
Round 289 global test acc  50.1500
Round 290 global test acc  49.7100
Round 291 global test acc  51.2000
Round 292 global test acc  49.1000
Round 293 global test acc  48.8500
Round 294 global test acc  50.1700
Round 295 global test acc  46.0800
Round 296 global test acc  46.7800
Round 297 global test acc  49.4300
Round 298 global test acc  49.8800
Round 299 global test acc  50.9500
Round 300 global test acc  50.6500
Round 301 global test acc  47.8400
Round 302 global test acc  47.0000
Round 303 global test acc  48.8900
Round 304 global test acc  48.8700
Round 305 global test acc  51.5600
Round 306 global test acc  49.0400
Round 307 global test acc  46.2700
Round 308 global test acc  49.8300
Round 309 global test acc  43.6100
Round 310 global test acc  49.0300
Round 311 global test acc  46.1200
Round 312 global test acc  50.0900
Round 313 global test acc  48.1800
Round 314 global test acc  50.7200
Round 315 global test acc  46.3200
Round 316 global test acc  47.4000
Round 317 global test acc  50.4600
Round 318 global test acc  45.5400
Round 319 global test acc  48.1200
Round 320 global test acc  49.4500
Round 321 global test acc  51.0300
Round 322 global test acc  45.4700
Round 323 global test acc  50.3000
Round 324 global test acc  49.1100
Round 325 global test acc  46.7800
Round 326 global test acc  49.6200
Round 327 global test acc  49.9600
Round 328 global test acc  44.1600
Round 329 global test acc  50.2100
Round 330 global test acc  48.6300
Round 331 global test acc  49.5800
Round 332 global test acc  46.7400
Round 333 global test acc  48.9000
Round 334 global test acc  47.8100
Round 335 global test acc  47.0200
Round 336 global test acc  49.1300
Round 337 global test acc  45.6600
Round 338 global test acc  49.3000
Round 339 global test acc  44.3000
Round 340 global test acc  46.9900
Round 341 global test acc  47.8000
Round 342 global test acc  50.2700
Round 343 global test acc  48.5500
Round 344 global test acc  47.9600
Round 345 global test acc  46.9500
Round 346 global test acc  46.4700
Round 347 global test acc  45.0600
Round 348 global test acc  49.2400
Round 349 global test acc  49.1800
Round 350 global test acc  49.8800
Round 351 global test acc  50.0500
Round 352 global test acc  50.2900
Round 353 global test acc  51.1300
Round 354 global test acc  47.6400
Round 355 global test acc  48.7000
Round 356 global test acc  47.4000
Round 357 global test acc  48.3100
Round 358 global test acc  49.7300
Round 359 global test acc  48.8900
Round 360 global test acc  49.3600
Round 361 global test acc  47.3600
Round 362 global test acc  50.1800
Round 363 global test acc  47.0400
Round 364 global test acc  46.1000
Round 365 global test acc  48.1200
Round 366 global test acc  49.5700
Round 367 global test acc  49.4200
Round 368 global test acc  48.0300
Round 369 global test acc  44.3900
Round 370 global test acc  48.8700
Round 371 global test acc  45.5300
Round 372 global test acc  48.1700
Round 373 global test acc  46.0200
Round 374 global test acc  47.2100
Round 375 global test acc  48.2100
Round 376 global test acc  48.7100
Round 377 global test acc  46.3600
Round 378 global test acc  50.2800
Round 379 global test acc  49.8800
Round 380 global test acc  48.9500
Round 381 global test acc  46.1900
Round 382 global test acc  44.4600
Round 383 global test acc  50.3300
Round 384 global test acc  43.6900
Round 385 global test acc  49.4200
Round 386 global test acc  47.6100
Round 387 global test acc  46.8400
Round 388 global test acc  47.9900
Round 389 global test acc  47.0700
Round 390 global test acc  50.0700
Round 391 global test acc  46.7300
Round 392 global test acc  49.2700
Round 393 global test acc  48.8700
Round 394 global test acc  49.7300
Round 395 global test acc  49.3400
Round 396 global test acc  49.2500
Round 397 global test acc  44.3500
Round 398 global test acc  49.2500
Round 399 global test acc  47.5300
Round 400 global test acc  45.3400
Round 401 global test acc  44.9500
Round 402 global test acc  45.6900
Round 403 global test acc  48.6400
Round 404 global test acc  44.8500
Round 405 global test acc  46.1100
Round 406 global test acc  49.5600
Round 407 global test acc  47.0000
Round 408 global test acc  49.4800
Round 409 global test acc  48.2100
Round 410 global test acc  39.3500
Round 411 global test acc  49.1400
Round 412 global test acc  43.9300
Round 413 global test acc  45.0800
Round 414 global test acc  43.5400
Round 415 global test acc  45.8200
Round 416 global test acc  47.7700
Round 417 global test acc  48.7700
Round 418 global test acc  40.9500
Round 419 global test acc  43.2200
Round 420 global test acc  46.1000
Round 421 global test acc  48.3200
Round 422 global test acc  46.8400
Round 423 global test acc  44.9100
Round 424 global test acc  44.4300
Round 425 global test acc  47.5100
Round 426 global test acc  47.1600
Round 427 global test acc  50.3600
Round 428 global test acc  46.4200
Round 429 global test acc  45.0200
Round 430 global test acc  49.2800
Round 431 global test acc  46.0400
Round 432 global test acc  45.1500
Round 433 global test acc  43.6800
Round 434 global test acc  48.8400
Round 435 global test acc  48.0100
Round 436 global test acc  48.6200
Round 437 global test acc  48.8500
Round 438 global test acc  49.3100
Round 439 global test acc  49.0200
Round 440 global test acc  47.0200
Round 441 global test acc  46.4800
Round 442 global test acc  48.4000
Round 443 global test acc  47.2200
Round 444 global test acc  47.2100
Round 445 global test acc  49.3600
Round 446 global test acc  49.0300
Round 447 global test acc  43.6200
Round 448 global test acc  48.3100
Round 449 global test acc  46.1800
time : 34772.79630088806
max_beta = 2.0
('algorithm', 'FedAVG')
('gpu', 2)
('seed', 13)
('save_dir', './record/')
('rounds2', 450)
('local_ep', 5)
('frac2', 0.2)
('num_users', 50)
('local_bs', 32)
('lr', 0.01)
('model', 'resnet34')
('num_classes', 10)
('level_n_system', 0.5)
('level_n_lowerb', 0.3)
('alpha_dirichlet', 10)
('non_iid_prob_class', 0.7)
('dataset', 'cifar100')
('iid', False)
('LID_k', 20)
('iteration1', 5)
('rounds1', 200)
('frac1', 0.001)
('pretrained', False)
('mixup', False)
('alpha', 1)
('beta', 5)
('relabel_ratio', 0.5)
('confidence_thres', 0.5)
('clean_set_thres', 0.1)
('fine_tuning', True)
('correction', True)
('T_pl', 100)
('lambda_cen', 1.0)
('lambda_e', 0.8)
('num_gradual', 10)
('forget_rate', 0.2)
('lr_decay', 0.1)
('schedule', [])
('momentum', 0.5)
('weight_decay', 0.0001)
('feature_dim', 128)
('plr', 0.01)
('lamda', 15)
('K', 5)
('gamma', 1)
('begin_sel', 10)
('max_beta', 2.0)
('mu', 0.01)
('device', device(type='cuda', index=2))
Files already downloaded and verified
Files already downloaded and verified
Client 0, noise level: 0.7803 (0.7022), real noise ratio: 0.7763
Client 2, noise level: 0.3966 (0.3569), real noise ratio: 0.3821
Client 3, noise level: 0.3691 (0.3322), real noise ratio: 0.3473
Client 4, noise level: 0.4719 (0.4247), real noise ratio: 0.4391
Client 6, noise level: 0.9482 (0.8534), real noise ratio: 0.9435
Client 7, noise level: 0.7761 (0.6985), real noise ratio: 0.7680
Client 8, noise level: 0.4664 (0.4197), real noise ratio: 0.4630
Client 9, noise level: 0.6982 (0.6284), real noise ratio: 0.6986
Client 13, noise level: 0.5837 (0.5254), real noise ratio: 0.5850
Client 15, noise level: 0.4336 (0.3903), real noise ratio: 0.4251
Client 20, noise level: 0.6493 (0.5844), real noise ratio: 0.6571
Client 23, noise level: 0.5554 (0.4999), real noise ratio: 0.5444
Client 26, noise level: 0.3955 (0.3559), real noise ratio: 0.3988
Client 27, noise level: 0.4655 (0.4189), real noise ratio: 0.4550
Client 29, noise level: 0.6947 (0.6253), real noise ratio: 0.6917
Client 30, noise level: 0.9713 (0.8741), real noise ratio: 0.9641
Client 32, noise level: 0.3903 (0.3512), real noise ratio: 0.3928
Client 33, noise level: 0.8324 (0.7492), real noise ratio: 0.8311
Client 35, noise level: 0.4230 (0.3807), real noise ratio: 0.4125
Client 38, noise level: 0.9771 (0.8794), real noise ratio: 0.9646
Client 41, noise level: 0.7686 (0.6917), real noise ratio: 0.7551
Client 42, noise level: 0.3765 (0.3389), real noise ratio: 0.3664
Client 47, noise level: 0.4886 (0.4397), real noise ratio: 0.5093
Client 48, noise level: 0.7551 (0.6796), real noise ratio: 0.7664
Round 0 global test acc  1.0000
Round 1 global test acc  1.2500
Round 2 global test acc  5.1200
Round 3 global test acc  6.6300
Round 4 global test acc  9.8700
Round 5 global test acc  13.1600
Round 6 global test acc  16.3000
Round 7 global test acc  17.8400
Round 8 global test acc  15.2300
Round 9 global test acc  20.6700
Round 10 global test acc  21.7300
Round 11 global test acc  22.3100
Round 12 global test acc  25.3000
Round 13 global test acc  24.8700
Round 14 global test acc  26.0800
Round 15 global test acc  27.0900
Round 16 global test acc  27.2100
Round 17 global test acc  25.1700
Round 18 global test acc  30.4200
Round 19 global test acc  30.2200
Round 20 global test acc  31.1900
Round 21 global test acc  31.2400
Round 22 global test acc  32.1100
Round 23 global test acc  33.9900
Round 24 global test acc  33.7100
Round 25 global test acc  34.4800
Round 26 global test acc  35.5100
Round 27 global test acc  36.0200
Round 28 global test acc  36.3700
Round 29 global test acc  37.9500
Round 30 global test acc  37.6500
Round 31 global test acc  38.0400
Round 32 global test acc  35.9900
Round 33 global test acc  39.1900
Round 34 global test acc  40.2500
Round 35 global test acc  39.6300
Round 36 global test acc  39.3100
Round 37 global test acc  40.2100
Round 38 global test acc  42.2500
Round 39 global test acc  42.2100
Round 40 global test acc  42.9500
Round 41 global test acc  42.6900
Round 42 global test acc  37.8700
Round 43 global test acc  40.8700
Round 44 global test acc  43.2900
Round 45 global test acc  43.8000
Round 46 global test acc  39.7500
Round 47 global test acc  43.4500
Round 48 global test acc  43.9700
Round 49 global test acc  43.3300
Round 50 global test acc  42.3400
Round 51 global test acc  44.0300
Round 52 global test acc  44.8700
Round 53 global test acc  42.0500
Round 54 global test acc  42.3800
Round 55 global test acc  44.9000
Round 56 global test acc  42.3700
Round 57 global test acc  44.4700
Round 58 global test acc  43.0700
Round 59 global test acc  42.2600
Round 60 global test acc  41.8500
Round 61 global test acc  41.7100
Round 62 global test acc  45.4500
Round 63 global test acc  46.8900
Round 64 global test acc  45.9000
Round 65 global test acc  46.3400
Round 66 global test acc  45.9600
Round 67 global test acc  44.7200
Round 68 global test acc  46.0900
Round 69 global test acc  46.1700
Round 70 global test acc  46.0300
Round 71 global test acc  47.2000
Round 72 global test acc  48.1900
Round 73 global test acc  45.8900
Round 74 global test acc  46.4200
Round 75 global test acc  47.2000
Round 76 global test acc  46.6000
Round 77 global test acc  46.7800
Round 78 global test acc  45.8600
Round 79 global test acc  47.5300
Round 80 global test acc  47.7700
Round 81 global test acc  48.1300
Round 82 global test acc  45.9500
Round 83 global test acc  46.8500
Round 84 global test acc  47.4300
Round 85 global test acc  48.0800
Round 86 global test acc  45.6400
Round 87 global test acc  48.1900
Round 88 global test acc  47.5600
Round 89 global test acc  48.5100
Round 90 global test acc  46.8500
Round 91 global test acc  47.0800
Round 92 global test acc  48.8600
Round 93 global test acc  44.1000
Round 94 global test acc  48.2400
Round 95 global test acc  47.7100
Round 96 global test acc  45.8500
Round 97 global test acc  47.4700
Round 98 global test acc  45.7500
Round 99 global test acc  46.9200
Round 100 global test acc  45.5400
Round 101 global test acc  48.0700
Round 102 global test acc  49.6800
Round 103 global test acc  46.5600
Round 104 global test acc  45.6600
Round 105 global test acc  49.1100
Round 106 global test acc  48.2600
Round 107 global test acc  49.1500
Round 108 global test acc  49.8400
Round 109 global test acc  50.3500
Round 110 global test acc  48.1400
Round 111 global test acc  48.1100
Round 112 global test acc  48.5400
Round 113 global test acc  46.4100
Round 114 global test acc  49.9600
Round 115 global test acc  46.8100
Round 116 global test acc  49.5100
Round 117 global test acc  48.9400
Round 118 global test acc  45.4500
Round 119 global test acc  46.9200
Round 120 global test acc  49.9900
Round 121 global test acc  45.4100
Round 122 global test acc  47.5000
Round 123 global test acc  47.4300
Round 124 global test acc  50.1500
Round 125 global test acc  50.7600
Round 126 global test acc  49.4800
Round 127 global test acc  49.5500
Round 128 global test acc  42.6400
Round 129 global test acc  48.6600
Round 130 global test acc  50.2000
Round 131 global test acc  50.2800
Round 132 global test acc  49.4500
Round 133 global test acc  49.1000
Round 134 global test acc  43.2700
Round 135 global test acc  44.9300
Round 136 global test acc  45.8300
Round 137 global test acc  48.4900
Round 138 global test acc  49.3500
Round 139 global test acc  49.2200
Round 140 global test acc  48.0700
Round 141 global test acc  48.8700
Round 142 global test acc  33.5500
Round 143 global test acc  43.0500
Round 144 global test acc  47.7800
Round 145 global test acc  47.4400
Round 146 global test acc  48.8000
Round 147 global test acc  50.4200
Round 148 global test acc  49.9000
Round 149 global test acc  47.8900
Round 150 global test acc  47.2800
Round 151 global test acc  47.2800
Round 152 global test acc  48.8000
Round 153 global test acc  49.0700
Round 154 global test acc  48.7700
Round 155 global test acc  48.5700
Round 156 global test acc  48.3800
Round 157 global test acc  48.0500
Round 158 global test acc  48.7500
Round 159 global test acc  49.4800
Round 160 global test acc  49.9000
Round 161 global test acc  47.6600
Round 162 global test acc  49.5700
Round 163 global test acc  48.4800
Round 164 global test acc  48.5700
Round 165 global test acc  45.8800
Round 166 global test acc  45.5000
Round 167 global test acc  50.3900
Round 168 global test acc  50.0000
Round 169 global test acc  50.1400
Round 170 global test acc  49.4600
Round 171 global test acc  48.2800
Round 172 global test acc  49.8500
Round 173 global test acc  49.5200
Round 174 global test acc  49.8600
Round 175 global test acc  50.7100
Round 176 global test acc  45.8800
Round 177 global test acc  46.9400
Round 178 global test acc  49.0400
Round 179 global test acc  37.6500
Round 180 global test acc  48.1100
Round 181 global test acc  48.3800
Round 182 global test acc  49.5400
Round 183 global test acc  50.0700
Round 184 global test acc  49.8400
Round 185 global test acc  49.5800
Round 186 global test acc  47.3000
Round 187 global test acc  49.7100
Round 188 global test acc  50.1200
Round 189 global test acc  49.4900
Round 190 global test acc  49.8700
Round 191 global test acc  51.3000
Round 192 global test acc  46.1600
Round 193 global test acc  48.4600
Round 194 global test acc  50.9400
Round 195 global test acc  47.5700
Round 196 global test acc  51.0700
Round 197 global test acc  49.9600
Round 198 global test acc  49.2000
Round 199 global test acc  49.5400
Round 200 global test acc  49.8100
Round 201 global test acc  50.0700
Round 202 global test acc  45.5200
Round 203 global test acc  47.5900
Round 204 global test acc  50.8900
Round 205 global test acc  46.4500
Round 206 global test acc  51.3400
Round 207 global test acc  48.3800
Round 208 global test acc  49.8900
Round 209 global test acc  48.2300
Round 210 global test acc  47.7400
Round 211 global test acc  49.3100
Round 212 global test acc  49.9200
Round 213 global test acc  46.9500
Round 214 global test acc  50.5500
Round 215 global test acc  50.0000
Round 216 global test acc  50.5800
Round 217 global test acc  46.5400
Round 218 global test acc  49.5300
Round 219 global test acc  49.7300
Round 220 global test acc  49.4600
Round 221 global test acc  47.2000
Round 222 global test acc  50.1700
Round 223 global test acc  46.8500
Round 224 global test acc  49.9800
Round 225 global test acc  41.4600
Round 226 global test acc  50.6800
Round 227 global test acc  50.0700
Round 228 global test acc  50.5800
Round 229 global test acc  51.1300
Round 230 global test acc  51.3300
Round 231 global test acc  49.9100
Round 232 global test acc  50.1700
Round 233 global test acc  49.3900
Round 234 global test acc  49.0200
Round 235 global test acc  50.4200
Round 236 global test acc  49.9000
Round 237 global test acc  50.9100
Round 238 global test acc  44.7300
Round 239 global test acc  49.2000
Round 240 global test acc  50.2200
Round 241 global test acc  49.8400
Round 242 global test acc  51.1500
Round 243 global test acc  47.0800
Round 244 global test acc  50.7300
Round 245 global test acc  50.7000
Round 246 global test acc  43.2000
Round 247 global test acc  51.3000
Round 248 global test acc  50.1500
Round 249 global test acc  48.6400
Round 250 global test acc  49.1600
Round 251 global test acc  46.4000
Round 252 global test acc  48.8500
Round 253 global test acc  45.1800
Round 254 global test acc  50.0600
Round 255 global test acc  49.1300
Round 256 global test acc  50.7200
Round 257 global test acc  50.2300
Round 258 global test acc  50.3100
Round 259 global test acc  50.7100
Round 260 global test acc  48.3400
Round 261 global test acc  48.7400
Round 262 global test acc  46.1800
Round 263 global test acc  46.7000
Round 264 global test acc  49.8800
Round 265 global test acc  47.0900
Round 266 global test acc  47.5800
Round 267 global test acc  46.9300
Round 268 global test acc  44.5600
Round 269 global test acc  46.1300
Round 270 global test acc  48.3100
Round 271 global test acc  51.2500
Round 272 global test acc  50.4600
Round 273 global test acc  50.0400
Round 274 global test acc  50.5300
Round 275 global test acc  47.9300
Round 276 global test acc  49.6300
Round 277 global test acc  50.3600
Round 278 global test acc  49.7200
Round 279 global test acc  50.8900
Round 280 global test acc  51.4900
Round 281 global test acc  44.0300
Round 282 global test acc  48.1800
Round 283 global test acc  51.4000
Round 284 global test acc  48.9800
Round 285 global test acc  41.9000
Round 286 global test acc  49.9200
Round 287 global test acc  51.3000
Round 288 global test acc  49.1100
Round 289 global test acc  51.0900
Round 290 global test acc  50.1900
Round 291 global test acc  51.7100
Round 292 global test acc  49.1300
Round 293 global test acc  48.9900
Round 294 global test acc  50.3800
Round 295 global test acc  45.3000
Round 296 global test acc  46.7400
Round 297 global test acc  49.4400
Round 298 global test acc  49.9200
Round 299 global test acc  51.0600
Round 300 global test acc  50.8700
Round 301 global test acc  47.9000
Round 302 global test acc  47.2600
Round 303 global test acc  49.1900
Round 304 global test acc  49.9600
Round 305 global test acc  51.7100
Round 306 global test acc  49.0600
Round 307 global test acc  45.2000
Round 308 global test acc  50.1000
Round 309 global test acc  43.2200
Round 310 global test acc  48.5600
Round 311 global test acc  46.1900
Round 312 global test acc  49.9300
Round 313 global test acc  48.2400
Round 314 global test acc  50.6400
Round 315 global test acc  47.0100
Round 316 global test acc  47.5300
Round 317 global test acc  50.6300
Round 318 global test acc  44.4500
Round 319 global test acc  48.9700
Round 320 global test acc  49.7700
Round 321 global test acc  51.2500
Round 322 global test acc  45.1100
Round 323 global test acc  50.5600
Round 324 global test acc  49.8500
Round 325 global test acc  47.0700
Round 326 global test acc  50.4200
Round 327 global test acc  49.6000
Round 328 global test acc  44.2000
Round 329 global test acc  51.2000
Round 330 global test acc  48.8300
Round 331 global test acc  49.8100
Round 332 global test acc  47.0600
Round 333 global test acc  48.9100
Round 334 global test acc  48.6600
Round 335 global test acc  47.9200
Round 336 global test acc  49.3200
Round 337 global test acc  45.9200
Round 338 global test acc  49.8200
Round 339 global test acc  43.6000
Round 340 global test acc  47.2100
Round 341 global test acc  48.3300
Round 342 global test acc  50.4000
Round 343 global test acc  49.8700
Round 344 global test acc  48.3200
Round 345 global test acc  46.2800
Round 346 global test acc  46.1600
Round 347 global test acc  44.7900
Round 348 global test acc  49.4400
Round 349 global test acc  49.4600
Round 350 global test acc  50.1600
Round 351 global test acc  50.3000
Round 352 global test acc  50.7700
Round 353 global test acc  51.3300
Round 354 global test acc  48.2100
Round 355 global test acc  49.3000
Round 356 global test acc  47.9100
Round 357 global test acc  48.2300
Round 358 global test acc  50.2400
Round 359 global test acc  48.2400
Round 360 global test acc  49.4000
Round 361 global test acc  47.5500
Round 362 global test acc  50.1600
Round 363 global test acc  46.4900
Round 364 global test acc  46.2300
Round 365 global test acc  48.6000
Round 366 global test acc  50.1600
Round 367 global test acc  49.8600
Round 368 global test acc  48.7100
Round 369 global test acc  44.2400
Round 370 global test acc  49.7700
Round 371 global test acc  45.5000
Round 372 global test acc  48.8800
Round 373 global test acc  46.0600
Round 374 global test acc  47.6700
Round 375 global test acc  48.8200
Round 376 global test acc  49.5300
Round 377 global test acc  46.4900
Round 378 global test acc  50.8500
Round 379 global test acc  50.0500
Round 380 global test acc  48.5300
Round 381 global test acc  45.8400
Round 382 global test acc  43.9900
Round 383 global test acc  49.9500
Round 384 global test acc  42.7600
Round 385 global test acc  49.8600
Round 386 global test acc  47.2700
Round 387 global test acc  47.9500
Round 388 global test acc  48.0200
Round 389 global test acc  47.7100
Round 390 global test acc  49.8300
Round 391 global test acc  46.8100
Round 392 global test acc  48.9600
Round 393 global test acc  49.2300
Round 394 global test acc  50.3600
Round 395 global test acc  49.1000
Round 396 global test acc  49.0500
Round 397 global test acc  44.2900
Round 398 global test acc  49.4300
Round 399 global test acc  47.3800
Round 400 global test acc  44.7900
Round 401 global test acc  44.1000
Round 402 global test acc  45.1700
Round 403 global test acc  48.9100
Round 404 global test acc  43.0500
Round 405 global test acc  46.0600
Round 406 global test acc  50.2300
Round 407 global test acc  47.0900
Round 408 global test acc  51.2500
Round 409 global test acc  49.0000
Round 410 global test acc  41.7000
Round 411 global test acc  49.1400
Round 412 global test acc  43.7900
Round 413 global test acc  44.3600
Round 414 global test acc  43.8700
Round 415 global test acc  45.5600
Round 416 global test acc  47.9100
Round 417 global test acc  48.4500
Round 418 global test acc  40.3900
Round 419 global test acc  43.0900
Round 420 global test acc  46.2000
Round 421 global test acc  48.2800
Round 422 global test acc  47.4900
Round 423 global test acc  44.5200
Round 424 global test acc  44.5500
Round 425 global test acc  47.3700
Round 426 global test acc  47.2600
Round 427 global test acc  50.6800
Round 428 global test acc  46.3500
Round 429 global test acc  44.7900
Round 430 global test acc  48.0100
Round 431 global test acc  44.9800
Round 432 global test acc  44.6800
Round 433 global test acc  44.0400
Round 434 global test acc  49.1200
Round 435 global test acc  48.4400
Round 436 global test acc  49.0000
Round 437 global test acc  48.7200
Round 438 global test acc  49.1700
Round 439 global test acc  49.2300
Round 440 global test acc  47.1400
Round 441 global test acc  46.3500
Round 442 global test acc  48.2500
Round 443 global test acc  47.8100
Round 444 global test acc  46.3100
Round 445 global test acc  49.2000
Round 446 global test acc  48.3600
Round 447 global test acc  43.9400
Round 448 global test acc  47.7400
Round 449 global test acc  46.2700
time : 33742.95550894737
