('algorithm', 'RFL')
('gpu', 3)
('seed', 13)
('save_dir', './record/')
('rounds2', 450)
('local_ep', 5)
('frac2', 0.2)
('num_users', 50)
('local_bs', 32)
('lr', 0.01)
('model', 'resnet34')
('num_classes', 10)
('level_n_system', 1.0)
('level_n_lowerb', 0.5)
('alpha_dirichlet', 10)
('non_iid_prob_class', 0.7)
('dataset', 'cifar100')
('iid', True)
('LID_k', 20)
('iteration1', 5)
('rounds1', 200)
('frac1', 0.01)
('pretrained', False)
('mixup', False)
('alpha', 1)
('beta', 5)
('relabel_ratio', 0.5)
('confidence_thres', 0.5)
('clean_set_thres', 0.1)
('fine_tuning', True)
('correction', True)
('T_pl', 100)
('lambda_cen', 1.0)
('lambda_e', 0.8)
('num_gradual', 10)
('forget_rate', 0.2)
('lr_decay', 0.1)
('schedule', [])
('momentum', 0.5)
('weight_decay', 0.0001)
('feature_dim', 128)
('plr', 0.01)
('lamda', 15)
('K', 5)
('gamma', 1)
('begin_sel', 10)
('max_beta', 2)
('mu', 0.01)
('device', device(type='cuda', index=3))
Files already downloaded and verified
Files already downloaded and verified
Client 0, noise level: 0.8430 (0.7587), real noise ratio: 0.8330
Client 1, noise level: 0.7741 (0.6967), real noise ratio: 0.7700
Client 2, noise level: 0.5690 (0.5121), real noise ratio: 0.5770
Client 3, noise level: 0.5494 (0.4944), real noise ratio: 0.5350
Client 4, noise level: 0.6228 (0.5605), real noise ratio: 0.6260
Client 5, noise level: 0.5759 (0.5183), real noise ratio: 0.5840
Client 6, noise level: 0.9630 (0.8667), real noise ratio: 0.9630
Client 7, noise level: 0.8401 (0.7560), real noise ratio: 0.8290
Client 8, noise level: 0.6188 (0.5569), real noise ratio: 0.6120
Client 9, noise level: 0.7844 (0.7060), real noise ratio: 0.7640
Client 10, noise level: 0.7783 (0.7005), real noise ratio: 0.7620
Client 11, noise level: 0.5364 (0.4827), real noise ratio: 0.5430
Client 12, noise level: 0.9199 (0.8279), real noise ratio: 0.9240
Client 13, noise level: 0.7027 (0.6324), real noise ratio: 0.7000
Client 14, noise level: 0.5724 (0.5152), real noise ratio: 0.5570
Client 15, noise level: 0.5955 (0.5359), real noise ratio: 0.5770
Client 16, noise level: 0.7453 (0.6708), real noise ratio: 0.7290
Client 17, noise level: 0.8560 (0.7704), real noise ratio: 0.8480
Client 18, noise level: 0.9925 (0.8932), real noise ratio: 0.9830
Client 19, noise level: 0.9374 (0.8437), real noise ratio: 0.9350
Client 20, noise level: 0.7495 (0.6746), real noise ratio: 0.7250
Client 21, noise level: 0.5534 (0.4981), real noise ratio: 0.5530
Client 22, noise level: 0.9566 (0.8609), real noise ratio: 0.9490
Client 23, noise level: 0.6825 (0.6142), real noise ratio: 0.6600
Client 24, noise level: 0.6133 (0.5520), real noise ratio: 0.6220
Client 25, noise level: 0.9362 (0.8426), real noise ratio: 0.9310
Client 26, noise level: 0.5682 (0.5114), real noise ratio: 0.5290
Client 27, noise level: 0.6182 (0.5564), real noise ratio: 0.6160
Client 28, noise level: 0.7977 (0.7179), real noise ratio: 0.7980
Client 29, noise level: 0.7820 (0.7038), real noise ratio: 0.7620
Client 30, noise level: 0.9795 (0.8815), real noise ratio: 0.9700
Client 31, noise level: 0.7266 (0.6540), real noise ratio: 0.7140
Client 32, noise level: 0.5645 (0.5080), real noise ratio: 0.5640
Client 33, noise level: 0.8803 (0.7923), real noise ratio: 0.8860
Client 34, noise level: 0.6008 (0.5407), real noise ratio: 0.6220
Client 35, noise level: 0.5879 (0.5291), real noise ratio: 0.5410
Client 36, noise level: 0.7186 (0.6467), real noise ratio: 0.7070
Client 37, noise level: 0.6701 (0.6031), real noise ratio: 0.6600
Client 38, noise level: 0.9836 (0.8853), real noise ratio: 0.9780
Client 39, noise level: 0.5715 (0.5144), real noise ratio: 0.5580
Client 40, noise level: 0.9223 (0.8301), real noise ratio: 0.9200
Client 41, noise level: 0.8347 (0.7512), real noise ratio: 0.8180
Client 42, noise level: 0.5547 (0.4992), real noise ratio: 0.5540
Client 43, noise level: 0.5441 (0.4897), real noise ratio: 0.5330
Client 44, noise level: 0.9832 (0.8849), real noise ratio: 0.9730
Client 45, noise level: 0.5971 (0.5374), real noise ratio: 0.5900
Client 46, noise level: 0.5410 (0.4869), real noise ratio: 0.5310
Client 47, noise level: 0.6347 (0.5712), real noise ratio: 0.6270
Client 48, noise level: 0.8251 (0.7426), real noise ratio: 0.8340
Client 49, noise level: 0.7734 (0.6960), real noise ratio: 0.7870
ResNet(
  (conv1): Conv2d(3, 64, kernel_size=(3, 3), stride=(1, 1), padding=(1, 1), bias=False)
  (bn1): BatchNorm2d(64, eps=1e-05, momentum=0.1, affine=True, track_running_stats=True)
  (layer1): Sequential(
    (0): BasicBlock(
      (conv1): Conv2d(64, 64, kernel_size=(3, 3), stride=(1, 1), padding=(1, 1), bias=False)
      (bn1): BatchNorm2d(64, eps=1e-05, momentum=0.1, affine=True, track_running_stats=True)
      (conv2): Conv2d(64, 64, kernel_size=(3, 3), stride=(1, 1), padding=(1, 1), bias=False)
      (bn2): BatchNorm2d(64, eps=1e-05, momentum=0.1, affine=True, track_running_stats=True)
      (shortcut): Sequential()
    )
    (1): BasicBlock(
      (conv1): Conv2d(64, 64, kernel_size=(3, 3), stride=(1, 1), padding=(1, 1), bias=False)
      (bn1): BatchNorm2d(64, eps=1e-05, momentum=0.1, affine=True, track_running_stats=True)
      (conv2): Conv2d(64, 64, kernel_size=(3, 3), stride=(1, 1), padding=(1, 1), bias=False)
      (bn2): BatchNorm2d(64, eps=1e-05, momentum=0.1, affine=True, track_running_stats=True)
      (shortcut): Sequential()
    )
    (2): BasicBlock(
      (conv1): Conv2d(64, 64, kernel_size=(3, 3), stride=(1, 1), padding=(1, 1), bias=False)
      (bn1): BatchNorm2d(64, eps=1e-05, momentum=0.1, affine=True, track_running_stats=True)
      (conv2): Conv2d(64, 64, kernel_size=(3, 3), stride=(1, 1), padding=(1, 1), bias=False)
      (bn2): BatchNorm2d(64, eps=1e-05, momentum=0.1, affine=True, track_running_stats=True)
      (shortcut): Sequential()
    )
  )
  (layer2): Sequential(
    (0): BasicBlock(
      (conv1): Conv2d(64, 128, kernel_size=(3, 3), stride=(2, 2), padding=(1, 1), bias=False)
      (bn1): BatchNorm2d(128, eps=1e-05, momentum=0.1, affine=True, track_running_stats=True)
      (conv2): Conv2d(128, 128, kernel_size=(3, 3), stride=(1, 1), padding=(1, 1), bias=False)
      (bn2): BatchNorm2d(128, eps=1e-05, momentum=0.1, affine=True, track_running_stats=True)
      (shortcut): Sequential(
        (0): Conv2d(64, 128, kernel_size=(1, 1), stride=(2, 2), bias=False)
        (1): BatchNorm2d(128, eps=1e-05, momentum=0.1, affine=True, track_running_stats=True)
      )
    )
    (1): BasicBlock(
      (conv1): Conv2d(128, 128, kernel_size=(3, 3), stride=(1, 1), padding=(1, 1), bias=False)
      (bn1): BatchNorm2d(128, eps=1e-05, momentum=0.1, affine=True, track_running_stats=True)
      (conv2): Conv2d(128, 128, kernel_size=(3, 3), stride=(1, 1), padding=(1, 1), bias=False)
      (bn2): BatchNorm2d(128, eps=1e-05, momentum=0.1, affine=True, track_running_stats=True)
      (shortcut): Sequential()
    )
    (2): BasicBlock(
      (conv1): Conv2d(128, 128, kernel_size=(3, 3), stride=(1, 1), padding=(1, 1), bias=False)
      (bn1): BatchNorm2d(128, eps=1e-05, momentum=0.1, affine=True, track_running_stats=True)
      (conv2): Conv2d(128, 128, kernel_size=(3, 3), stride=(1, 1), padding=(1, 1), bias=False)
      (bn2): BatchNorm2d(128, eps=1e-05, momentum=0.1, affine=True, track_running_stats=True)
      (shortcut): Sequential()
    )
    (3): BasicBlock(
      (conv1): Conv2d(128, 128, kernel_size=(3, 3), stride=(1, 1), padding=(1, 1), bias=False)
      (bn1): BatchNorm2d(128, eps=1e-05, momentum=0.1, affine=True, track_running_stats=True)
      (conv2): Conv2d(128, 128, kernel_size=(3, 3), stride=(1, 1), padding=(1, 1), bias=False)
      (bn2): BatchNorm2d(128, eps=1e-05, momentum=0.1, affine=True, track_running_stats=True)
      (shortcut): Sequential()
    )
  )
  (layer3): Sequential(
    (0): BasicBlock(
      (conv1): Conv2d(128, 256, kernel_size=(3, 3), stride=(2, 2), padding=(1, 1), bias=False)
      (bn1): BatchNorm2d(256, eps=1e-05, momentum=0.1, affine=True, track_running_stats=True)
      (conv2): Conv2d(256, 256, kernel_size=(3, 3), stride=(1, 1), padding=(1, 1), bias=False)
      (bn2): BatchNorm2d(256, eps=1e-05, momentum=0.1, affine=True, track_running_stats=True)
      (shortcut): Sequential(
        (0): Conv2d(128, 256, kernel_size=(1, 1), stride=(2, 2), bias=False)
        (1): BatchNorm2d(256, eps=1e-05, momentum=0.1, affine=True, track_running_stats=True)
      )
    )
    (1): BasicBlock(
      (conv1): Conv2d(256, 256, kernel_size=(3, 3), stride=(1, 1), padding=(1, 1), bias=False)
      (bn1): BatchNorm2d(256, eps=1e-05, momentum=0.1, affine=True, track_running_stats=True)
      (conv2): Conv2d(256, 256, kernel_size=(3, 3), stride=(1, 1), padding=(1, 1), bias=False)
      (bn2): BatchNorm2d(256, eps=1e-05, momentum=0.1, affine=True, track_running_stats=True)
      (shortcut): Sequential()
    )
    (2): BasicBlock(
      (conv1): Conv2d(256, 256, kernel_size=(3, 3), stride=(1, 1), padding=(1, 1), bias=False)
      (bn1): BatchNorm2d(256, eps=1e-05, momentum=0.1, affine=True, track_running_stats=True)
      (conv2): Conv2d(256, 256, kernel_size=(3, 3), stride=(1, 1), padding=(1, 1), bias=False)
      (bn2): BatchNorm2d(256, eps=1e-05, momentum=0.1, affine=True, track_running_stats=True)
      (shortcut): Sequential()
    )
    (3): BasicBlock(
      (conv1): Conv2d(256, 256, kernel_size=(3, 3), stride=(1, 1), padding=(1, 1), bias=False)
      (bn1): BatchNorm2d(256, eps=1e-05, momentum=0.1, affine=True, track_running_stats=True)
      (conv2): Conv2d(256, 256, kernel_size=(3, 3), stride=(1, 1), padding=(1, 1), bias=False)
      (bn2): BatchNorm2d(256, eps=1e-05, momentum=0.1, affine=True, track_running_stats=True)
      (shortcut): Sequential()
    )
    (4): BasicBlock(
      (conv1): Conv2d(256, 256, kernel_size=(3, 3), stride=(1, 1), padding=(1, 1), bias=False)
      (bn1): BatchNorm2d(256, eps=1e-05, momentum=0.1, affine=True, track_running_stats=True)
      (conv2): Conv2d(256, 256, kernel_size=(3, 3), stride=(1, 1), padding=(1, 1), bias=False)
      (bn2): BatchNorm2d(256, eps=1e-05, momentum=0.1, affine=True, track_running_stats=True)
      (shortcut): Sequential()
    )
    (5): BasicBlock(
      (conv1): Conv2d(256, 256, kernel_size=(3, 3), stride=(1, 1), padding=(1, 1), bias=False)
      (bn1): BatchNorm2d(256, eps=1e-05, momentum=0.1, affine=True, track_running_stats=True)
      (conv2): Conv2d(256, 256, kernel_size=(3, 3), stride=(1, 1), padding=(1, 1), bias=False)
      (bn2): BatchNorm2d(256, eps=1e-05, momentum=0.1, affine=True, track_running_stats=True)
      (shortcut): Sequential()
    )
  )
  (layer4): Sequential(
    (0): BasicBlock(
      (conv1): Conv2d(256, 512, kernel_size=(3, 3), stride=(2, 2), padding=(1, 1), bias=False)
      (bn1): BatchNorm2d(512, eps=1e-05, momentum=0.1, affine=True, track_running_stats=True)
      (conv2): Conv2d(512, 512, kernel_size=(3, 3), stride=(1, 1), padding=(1, 1), bias=False)
      (bn2): BatchNorm2d(512, eps=1e-05, momentum=0.1, affine=True, track_running_stats=True)
      (shortcut): Sequential(
        (0): Conv2d(256, 512, kernel_size=(1, 1), stride=(2, 2), bias=False)
        (1): BatchNorm2d(512, eps=1e-05, momentum=0.1, affine=True, track_running_stats=True)
      )
    )
    (1): BasicBlock(
      (conv1): Conv2d(512, 512, kernel_size=(3, 3), stride=(1, 1), padding=(1, 1), bias=False)
      (bn1): BatchNorm2d(512, eps=1e-05, momentum=0.1, affine=True, track_running_stats=True)
      (conv2): Conv2d(512, 512, kernel_size=(3, 3), stride=(1, 1), padding=(1, 1), bias=False)
      (bn2): BatchNorm2d(512, eps=1e-05, momentum=0.1, affine=True, track_running_stats=True)
      (shortcut): Sequential()
    )
    (2): BasicBlock(
      (conv1): Conv2d(512, 512, kernel_size=(3, 3), stride=(1, 1), padding=(1, 1), bias=False)
      (bn1): BatchNorm2d(512, eps=1e-05, momentum=0.1, affine=True, track_running_stats=True)
      (conv2): Conv2d(512, 512, kernel_size=(3, 3), stride=(1, 1), padding=(1, 1), bias=False)
      (bn2): BatchNorm2d(512, eps=1e-05, momentum=0.1, affine=True, track_running_stats=True)
      (shortcut): Sequential()
    )
  )
  (avgpool): AdaptiveAvgPool2d(output_size=(1, 1))
  (fc1): Linear(in_features=512, out_features=100, bias=True)
)
Round 0 global test acc  0.9800
Round 0 Fscore 

[]
Round 1 global test acc  1.0000
Round 1 Fscore 

[]
Round 2 global test acc  1.0000
Round 2 Fscore 

[]
Round 3 global test acc  1.6400
Round 3 Fscore 

[]
Round 4 global test acc  1.1400
Round 4 Fscore 

[]
Round 5 global test acc  1.6500
Round 5 Fscore 

[]
Round 6 global test acc  2.3600
Round 6 Fscore 

[]
Round 7 global test acc  2.4000
Round 7 Fscore 

[]
Round 8 global test acc  5.7000
Round 8 Fscore 

[]
Round 9 global test acc  3.5900
Round 9 Fscore 

[]
Round 10 global test acc  3.0400
Round 10 Fscore 

[]
Round 11 global test acc  5.2300
Round 11 Fscore 

[]
Round 12 global test acc  3.2200
Round 12 Fscore 

[]
Round 13 global test acc  5.5600
Round 13 Fscore 

[]
Round 14 global test acc  5.3800
Round 14 Fscore 

[]
Round 15 global test acc  4.5800
Round 15 Fscore 

[]
Round 16 global test acc  6.0900
Round 16 Fscore 

[]
Round 17 global test acc  5.8100
Round 17 Fscore 

[]
Round 18 global test acc  8.1700
Round 18 Fscore 

[]
Round 19 global test acc  5.5100
Round 19 Fscore 

[]
Round 20 global test acc  4.9900
Round 20 Fscore 

[]
Round 21 global test acc  6.4800
Round 21 Fscore 

[]
Round 22 global test acc  7.8100
Round 22 Fscore 

[]
Round 23 global test acc  5.7000
Round 23 Fscore 

[]
Round 24 global test acc  6.8500
Round 24 Fscore 

[]
Round 25 global test acc  5.4100
Round 25 Fscore 

[]
Round 26 global test acc  6.8200
Round 26 Fscore 

[]
Round 27 global test acc  5.6700
Round 27 Fscore 

[]
Round 28 global test acc  5.9700
Round 28 Fscore 

[]
Round 29 global test acc  7.4700
Round 29 Fscore 

[]
Round 30 global test acc  8.2400
Round 30 Fscore 

[]
Round 31 global test acc  7.8000
Round 31 Fscore 

[]
Round 32 global test acc  10.3000
Round 32 Fscore 

[]
Round 33 global test acc  8.7600
Round 33 Fscore 

[]
Round 34 global test acc  6.1000
Round 34 Fscore 

[]
Round 35 global test acc  10.3800
Round 35 Fscore 

[]
Round 36 global test acc  8.6200
Round 36 Fscore 

[]
Round 37 global test acc  10.0200
Round 37 Fscore 

[]
Round 38 global test acc  9.8000
Round 38 Fscore 

[]
Round 39 global test acc  9.5600
Round 39 Fscore 

[]
Round 40 global test acc  8.8300
Round 40 Fscore 

[]
Round 41 global test acc  7.2400
Round 41 Fscore 

[]
Round 42 global test acc  9.3000
Round 42 Fscore 

[]
Round 43 global test acc  9.4600
Round 43 Fscore 

[]
Round 44 global test acc  8.1200
Round 44 Fscore 

[]
Round 45 global test acc  11.0900
Round 45 Fscore 

[]
Round 46 global test acc  10.6200
Round 46 Fscore 

[]
Round 47 global test acc  11.5800
Round 47 Fscore 

[]
Round 48 global test acc  11.3300
Round 48 Fscore 

[]
Round 49 global test acc  10.5500
Round 49 Fscore 

[]
Round 50 global test acc  11.4200
Round 50 Fscore 

[]
Round 51 global test acc  11.1300
Round 51 Fscore 

[]
Round 52 global test acc  10.8200
Round 52 Fscore 

[]
Round 53 global test acc  11.5500
Round 53 Fscore 

[]
Round 54 global test acc  13.4300
Round 54 Fscore 

[]
Round 55 global test acc  9.3200
Round 55 Fscore 

[]
Round 56 global test acc  10.7400
Round 56 Fscore 

[]
Round 57 global test acc  10.9100
Round 57 Fscore 

[]
Round 58 global test acc  13.4100
Round 58 Fscore 

[]
Round 59 global test acc  9.8500
Round 59 Fscore 

[]
Round 60 global test acc  8.9600
Round 60 Fscore 

[]
Round 61 global test acc  8.8000
Round 61 Fscore 

[]
Round 62 global test acc  11.5400
Round 62 Fscore 

[]
Round 63 global test acc  9.9000
Round 63 Fscore 

[]
Round 64 global test acc  10.7200
Round 64 Fscore 

[]
Round 65 global test acc  11.1800
Round 65 Fscore 

[]
Round 66 global test acc  10.3100
Round 66 Fscore 

[]
Round 67 global test acc  7.9700
Round 67 Fscore 

[]
Round 68 global test acc  11.0700
Round 68 Fscore 

[]
Round 69 global test acc  9.7100
Round 69 Fscore 

[]
Round 70 global test acc  10.2100
Round 70 Fscore 

[]
Round 71 global test acc  10.5800
Round 71 Fscore 

[]
Round 72 global test acc  10.1400
Round 72 Fscore 

[]
Round 73 global test acc  10.5400
Round 73 Fscore 

[]
Round 74 global test acc  9.9000
Round 74 Fscore 

[]
Round 75 global test acc  10.6200
Round 75 Fscore 

[]
Round 76 global test acc  9.6100
Round 76 Fscore 

[]
Round 77 global test acc  8.7900
Round 77 Fscore 

[]
Round 78 global test acc  13.8600
Round 78 Fscore 

[]
Round 79 global test acc  12.9900
Round 79 Fscore 

[]
Round 80 global test acc  12.6800
Round 80 Fscore 

[]
Round 81 global test acc  12.1000
Round 81 Fscore 

[]
Round 82 global test acc  11.9400
Round 82 Fscore 

[]
Round 83 global test acc  9.9800
Round 83 Fscore 

[]
Round 84 global test acc  12.9500
Round 84 Fscore 

[]
Round 85 global test acc  13.6700
Round 85 Fscore 

[]
Round 86 global test acc  9.6800
Round 86 Fscore 

[]
Round 87 global test acc  12.4800
Round 87 Fscore 

[]
Round 88 global test acc  9.7700
Round 88 Fscore 

[]
Round 89 global test acc  11.0200
Round 89 Fscore 

[]
Round 90 global test acc  11.6900
Round 90 Fscore 

[]
Round 91 global test acc  12.0100
Round 91 Fscore 

[]
Round 92 global test acc  12.3000
Round 92 Fscore 

[]
Round 93 global test acc  11.4000
Round 93 Fscore 

[]
Round 94 global test acc  10.3900
Round 94 Fscore 

[]
Round 95 global test acc  7.7300
Round 95 Fscore 

[]
Round 96 global test acc  15.2900
Round 96 Fscore 

[]
Round 97 global test acc  11.7700
Round 97 Fscore 

[]
Round 98 global test acc  10.6000
Round 98 Fscore 

[]
Round 99 global test acc  11.7400
Round 99 Fscore 

[]
Round 100 global test acc  16.1200
Round 100 Fscore 

[]
Round 101 global test acc  16.9100
Round 101 Fscore 

[]
Round 102 global test acc  17.0100
Round 102 Fscore 

[]
Round 103 global test acc  17.5800
Round 103 Fscore 

[]
Round 104 global test acc  17.5600
Round 104 Fscore 

[]
Round 105 global test acc  18.1700
Round 105 Fscore 

[]
Round 106 global test acc  18.4500
Round 106 Fscore 

[]
Round 107 global test acc  18.2100
Round 107 Fscore 

[]
Round 108 global test acc  18.5600
Round 108 Fscore 

[]
Round 109 global test acc  18.8800
Round 109 Fscore 

[]
Round 110 global test acc  18.7500
Round 110 Fscore 

[]
Round 111 global test acc  18.2500
Round 111 Fscore 

[]
Round 112 global test acc  18.2500
Round 112 Fscore 

[]
Round 113 global test acc  18.2600
Round 113 Fscore 

[]
Round 114 global test acc  17.9500
Round 114 Fscore 

[]
Round 115 global test acc  18.1800
Round 115 Fscore 

[]
Round 116 global test acc  18.2700
Round 116 Fscore 

[]
Round 117 global test acc  18.3600
Round 117 Fscore 

[]
Round 118 global test acc  18.8200
Round 118 Fscore 

[]
Round 119 global test acc  18.5800
Round 119 Fscore 

[]
Round 120 global test acc  18.2700
Round 120 Fscore 

[]
Round 121 global test acc  18.4100
Round 121 Fscore 

[]
Round 122 global test acc  18.1300
Round 122 Fscore 

[]
Round 123 global test acc  17.9800
Round 123 Fscore 

[]
Round 124 global test acc  18.4100
Round 124 Fscore 

[]
Round 125 global test acc  17.9600
Round 125 Fscore 

[]
Round 126 global test acc  17.9600
Round 126 Fscore 

[]
Round 127 global test acc  17.9200
Round 127 Fscore 

[]
Round 128 global test acc  17.9500
Round 128 Fscore 

[]
Round 129 global test acc  17.7100
Round 129 Fscore 

[]
Round 130 global test acc  18.0600
Round 130 Fscore 

[]
Round 131 global test acc  18.3300
Round 131 Fscore 

[]
Round 132 global test acc  17.9600
Round 132 Fscore 

[]
Round 133 global test acc  17.7400
Round 133 Fscore 

[]
Round 134 global test acc  17.7700
Round 134 Fscore 

[]
Round 135 global test acc  18.0700
Round 135 Fscore 

[]
Round 136 global test acc  18.0400
Round 136 Fscore 

[]
Round 137 global test acc  18.1200
Round 137 Fscore 

[]
Round 138 global test acc  17.7400
Round 138 Fscore 

[]
Round 139 global test acc  17.8100
Round 139 Fscore 

[]
Round 140 global test acc  17.7600
Round 140 Fscore 

[]
Round 141 global test acc  17.3900
Round 141 Fscore 

[]
Round 142 global test acc  17.6600
Round 142 Fscore 

[]
Round 143 global test acc  17.6500
Round 143 Fscore 

[]
Round 144 global test acc  17.6600
Round 144 Fscore 

[]
Round 145 global test acc  17.5000
Round 145 Fscore 

[]
Round 146 global test acc  17.9200
Round 146 Fscore 

[]
Round 147 global test acc  17.8400
Round 147 Fscore 

[]
Round 148 global test acc  17.9300
Round 148 Fscore 

[]
Round 149 global test acc  17.8100
Round 149 Fscore 

[]
Round 150 global test acc  17.4600
Round 150 Fscore 

[]
Round 151 global test acc  17.7200
Round 151 Fscore 

[]
Round 152 global test acc  17.8600
Round 152 Fscore 

[]
Round 153 global test acc  18.0300
Round 153 Fscore 

[]
Round 154 global test acc  17.9500
Round 154 Fscore 

[]
Round 155 global test acc  18.1500
Round 155 Fscore 

[]
Round 156 global test acc  17.8100
Round 156 Fscore 

[]
Round 157 global test acc  18.2200
Round 157 Fscore 

[]
Round 158 global test acc  17.9400
Round 158 Fscore 

[]
Round 159 global test acc  18.2100
Round 159 Fscore 

[]
Round 160 global test acc  18.1900
Round 160 Fscore 

[]
Round 161 global test acc  17.9400
Round 161 Fscore 

[]
Round 162 global test acc  17.8500
Round 162 Fscore 

[]
Round 163 global test acc  17.7100
Round 163 Fscore 

[]
Round 164 global test acc  17.8900
Round 164 Fscore 

[]
Round 165 global test acc  18.0200
Round 165 Fscore 

[]
Round 166 global test acc  17.9800
Round 166 Fscore 

[]
Round 167 global test acc  18.0100
Round 167 Fscore 

[]
Round 168 global test acc  17.9000
Round 168 Fscore 

[]
Round 169 global test acc  17.9000
Round 169 Fscore 

[]
Round 170 global test acc  18.1400
Round 170 Fscore 

[]
Round 171 global test acc  17.6900
Round 171 Fscore 

[]
Round 172 global test acc  17.9700
Round 172 Fscore 

[]
Round 173 global test acc  18.0600
Round 173 Fscore 

[]
Round 174 global test acc  17.7700
Round 174 Fscore 

[]
Round 175 global test acc  18.0900
Round 175 Fscore 

[]
Round 176 global test acc  18.2500
Round 176 Fscore 

[]
Round 177 global test acc  18.1900
Round 177 Fscore 

[]
Round 178 global test acc  18.4000
Round 178 Fscore 

[]
Round 179 global test acc  18.3500
Round 179 Fscore 

[]
Round 180 global test acc  18.1600
Round 180 Fscore 

[]
Round 181 global test acc  17.8900
Round 181 Fscore 

[]
Round 182 global test acc  18.0700
Round 182 Fscore 

[]
Round 183 global test acc  18.5400
Round 183 Fscore 

[]
Round 184 global test acc  18.4300
Round 184 Fscore 

[]
Round 185 global test acc  18.5600
Round 185 Fscore 

[]
Round 186 global test acc  18.7500
Round 186 Fscore 

[]
Round 187 global test acc  18.7500
Round 187 Fscore 

[]
Round 188 global test acc  18.4200
Round 188 Fscore 

[]
Round 189 global test acc  18.0000
Round 189 Fscore 

[]
Round 190 global test acc  18.3300
Round 190 Fscore 

[]
Round 191 global test acc  18.1400
Round 191 Fscore 

[]
Round 192 global test acc  18.2600
Round 192 Fscore 

[]
Round 193 global test acc  18.1500
Round 193 Fscore 

[]
Round 194 global test acc  18.3300
Round 194 Fscore 

[]
Round 195 global test acc  18.2600
Round 195 Fscore 

[]
Round 196 global test acc  18.1400
Round 196 Fscore 

[]
Round 197 global test acc  18.1100
Round 197 Fscore 

[]
Round 198 global test acc  18.3700
Round 198 Fscore 

[]
Round 199 global test acc  18.5500
Round 199 Fscore 

[]
Round 200 global test acc  18.0900
Round 200 Fscore 

[]
Round 201 global test acc  18.3400
Round 201 Fscore 

[]
Round 202 global test acc  18.6100
Round 202 Fscore 

[]
Round 203 global test acc  18.7300
Round 203 Fscore 

[]
Round 204 global test acc  18.7500
Round 204 Fscore 

[]
Round 205 global test acc  18.3900
Round 205 Fscore 

[]
Round 206 global test acc  18.3800
Round 206 Fscore 

[]
Round 207 global test acc  18.4700
Round 207 Fscore 

[]
Round 208 global test acc  18.5100
Round 208 Fscore 

[]
Round 209 global test acc  18.3200
Round 209 Fscore 

[]
Round 210 global test acc  18.3500
Round 210 Fscore 

[]
Round 211 global test acc  18.2300
Round 211 Fscore 

[]
Round 212 global test acc  18.4900
Round 212 Fscore 

[]
Round 213 global test acc  18.3800
Round 213 Fscore 

[]
Round 214 global test acc  18.2600
Round 214 Fscore 

[]
Round 215 global test acc  18.2900
Round 215 Fscore 

[]
Round 216 global test acc  18.4700
Round 216 Fscore 

[]
Round 217 global test acc  18.8600
Round 217 Fscore 

[]
Round 218 global test acc  18.6900
Round 218 Fscore 

[]
Round 219 global test acc  18.6800
Round 219 Fscore 

[]
Round 220 global test acc  18.7800
Round 220 Fscore 

[]
Round 221 global test acc  18.6500
Round 221 Fscore 

[]
Round 222 global test acc  18.6400
Round 222 Fscore 

[]
Round 223 global test acc  18.7700
Round 223 Fscore 

[]
Round 224 global test acc  18.7000
Round 224 Fscore 

[]
Round 225 global test acc  18.8900
Round 225 Fscore 

[]
Round 226 global test acc  18.8100
Round 226 Fscore 

[]
Round 227 global test acc  18.7900
Round 227 Fscore 

[]
Round 228 global test acc  18.8600
Round 228 Fscore 

[]
Round 229 global test acc  18.7900
Round 229 Fscore 

[]
Round 230 global test acc  18.7000
Round 230 Fscore 

[]
Round 231 global test acc  18.7900
Round 231 Fscore 

[]
Round 232 global test acc  19.1200
Round 232 Fscore 

[]
Round 233 global test acc  18.9600
Round 233 Fscore 

[]
Round 234 global test acc  19.0500
Round 234 Fscore 

[]
Round 235 global test acc  18.8100
Round 235 Fscore 

[]
Round 236 global test acc  19.0400
Round 236 Fscore 

[]
Round 237 global test acc  18.7400
Round 237 Fscore 

[]
Round 238 global test acc  18.7800
Round 238 Fscore 

[]
Round 239 global test acc  18.7700
Round 239 Fscore 

[]
Round 240 global test acc  19.0200
Round 240 Fscore 

[]
Round 241 global test acc  18.8700
Round 241 Fscore 

[]
Round 242 global test acc  19.0700
Round 242 Fscore 

[]
Round 243 global test acc  18.9500
Round 243 Fscore 

[]
Round 244 global test acc  19.1600
Round 244 Fscore 

[]
Round 245 global test acc  19.1200
Round 245 Fscore 

[]
Round 246 global test acc  18.8900
Round 246 Fscore 

[]
Round 247 global test acc  19.0100
Round 247 Fscore 

[]
Round 248 global test acc  18.7700
Round 248 Fscore 

[]
Round 249 global test acc  18.9000
Round 249 Fscore 

[]
Round 250 global test acc  18.9100
Round 250 Fscore 

[]
Round 251 global test acc  18.7700
Round 251 Fscore 

[]
Round 252 global test acc  18.8400
Round 252 Fscore 

[]
Round 253 global test acc  19.4300
Round 253 Fscore 

[]
Round 254 global test acc  19.0500
Round 254 Fscore 

[]
Round 255 global test acc  19.2200
Round 255 Fscore 

[]
Round 256 global test acc  18.8100
Round 256 Fscore 

[]
Round 257 global test acc  19.0200
Round 257 Fscore 

[]
Round 258 global test acc  19.1600
Round 258 Fscore 

[]
Round 259 global test acc  19.1900
Round 259 Fscore 

[]
Round 260 global test acc  19.2100
Round 260 Fscore 

[]
Round 261 global test acc  19.0700
Round 261 Fscore 

[]
Round 262 global test acc  19.0800
Round 262 Fscore 

[]
Round 263 global test acc  19.1500
Round 263 Fscore 

[]
Round 264 global test acc  19.3400
Round 264 Fscore 

[]
Round 265 global test acc  19.2100
Round 265 Fscore 

[]
Round 266 global test acc  18.9100
Round 266 Fscore 

[]
Round 267 global test acc  18.9100
Round 267 Fscore 

[]
Round 268 global test acc  18.9500
Round 268 Fscore 

[]
Round 269 global test acc  19.2700
Round 269 Fscore 

[]
Round 270 global test acc  19.5500
Round 270 Fscore 

[]
Round 271 global test acc  19.3800
Round 271 Fscore 

[]
Round 272 global test acc  19.3000
Round 272 Fscore 

[]
Round 273 global test acc  19.4200
Round 273 Fscore 

[]
Round 274 global test acc  19.2800
Round 274 Fscore 

[]
Round 275 global test acc  19.2000
Round 275 Fscore 

[]
Round 276 global test acc  19.1700
Round 276 Fscore 

[]
Round 277 global test acc  19.2100
Round 277 Fscore 

[]
Round 278 global test acc  19.3600
Round 278 Fscore 

[]
Round 279 global test acc  19.4600
Round 279 Fscore 

[]
Round 280 global test acc  19.3400
Round 280 Fscore 

[]
Round 281 global test acc  19.2100
Round 281 Fscore 

[]
Round 282 global test acc  19.2300
Round 282 Fscore 

[]
Round 283 global test acc  19.2500
Round 283 Fscore 

[]
Round 284 global test acc  19.4500
Round 284 Fscore 

[]
Round 285 global test acc  19.4500
Round 285 Fscore 

[]
Round 286 global test acc  19.5700
Round 286 Fscore 

[]
Round 287 global test acc  19.3400
Round 287 Fscore 

[]
Round 288 global test acc  19.3600
Round 288 Fscore 

[]
Round 289 global test acc  19.5400
Round 289 Fscore 

[]
Round 290 global test acc  19.3200
Round 290 Fscore 

[]
Round 291 global test acc  19.2900
Round 291 Fscore 

[]
Round 292 global test acc  19.4500
Round 292 Fscore 

[]
Round 293 global test acc  19.3800
Round 293 Fscore 

[]
Round 294 global test acc  19.1300
Round 294 Fscore 

[]
Round 295 global test acc  19.0900
Round 295 Fscore 

[]
Round 296 global test acc  19.2700
Round 296 Fscore 

[]
Round 297 global test acc  19.1400
Round 297 Fscore 

[]
Round 298 global test acc  19.3000
Round 298 Fscore 

[]
Round 299 global test acc  19.1300
Round 299 Fscore 

[]
Round 300 global test acc  19.1700
Round 300 Fscore 

[]
Round 301 global test acc  19.1700
Round 301 Fscore 

[]
Round 302 global test acc  19.4700
Round 302 Fscore 

[]
Round 303 global test acc  19.5800
Round 303 Fscore 

[]
Round 304 global test acc  19.5200
Round 304 Fscore 

[]
Round 305 global test acc  19.4900
Round 305 Fscore 

[]
Round 306 global test acc  19.3800
Round 306 Fscore 

[]
Round 307 global test acc  19.3400
Round 307 Fscore 

[]
Round 308 global test acc  19.6100
Round 308 Fscore 

[]
Round 309 global test acc  19.4600
Round 309 Fscore 

[]
Round 310 global test acc  19.3300
Round 310 Fscore 

[]
Round 311 global test acc  19.1200
Round 311 Fscore 

[]
Round 312 global test acc  19.1800
Round 312 Fscore 

[]
Round 313 global test acc  19.3600
Round 313 Fscore 

[]
Round 314 global test acc  19.5600
Round 314 Fscore 

[]
Round 315 global test acc  19.2600
Round 315 Fscore 

[]
Round 316 global test acc  19.2700
Round 316 Fscore 

[]
Round 317 global test acc  18.9800
Round 317 Fscore 

[]
Round 318 global test acc  19.1400
Round 318 Fscore 

[]
Round 319 global test acc  19.4500
Round 319 Fscore 

[]
Round 320 global test acc  19.3500
Round 320 Fscore 

[]
Round 321 global test acc  19.1500
Round 321 Fscore 

[]
Round 322 global test acc  19.2500
Round 322 Fscore 

[]
Round 323 global test acc  19.3500
Round 323 Fscore 

[]
Round 324 global test acc  19.3900
Round 324 Fscore 

[]
Round 325 global test acc  19.3700
Round 325 Fscore 

[]
Round 326 global test acc  19.3200
Round 326 Fscore 

[]
Round 327 global test acc  19.3400
Round 327 Fscore 

[]
Round 328 global test acc  19.2700
Round 328 Fscore 

[]
Round 329 global test acc  19.4400
Round 329 Fscore 

[]
Round 330 global test acc  19.3800
Round 330 Fscore 

[]
Round 331 global test acc  19.1400
Round 331 Fscore 

[]
Round 332 global test acc  19.3100
Round 332 Fscore 

[]
Round 333 global test acc  19.1500
Round 333 Fscore 

[]
Round 334 global test acc  19.2900
Round 334 Fscore 

[]
Round 335 global test acc  19.2200
Round 335 Fscore 

[]
Round 336 global test acc  19.0800
Round 336 Fscore 

[]
Round 337 global test acc  19.0100
Round 337 Fscore 

[]
Round 338 global test acc  19.3500
Round 338 Fscore 

[]
Round 339 global test acc  19.4300
Round 339 Fscore 

[]
Round 340 global test acc  19.5400
Round 340 Fscore 

[]
Round 341 global test acc  19.6500
Round 341 Fscore 

[]
Round 342 global test acc  19.4700
Round 342 Fscore 

[]
Round 343 global test acc  19.5700
Round 343 Fscore 

[]
Round 344 global test acc  19.1500
Round 344 Fscore 

[]
Round 345 global test acc  19.3200
Round 345 Fscore 

[]
Round 346 global test acc  19.3000
Round 346 Fscore 

[]
Round 347 global test acc  19.2300
Round 347 Fscore 

[]
Round 348 global test acc  19.2500
Round 348 Fscore 

[]
Round 349 global test acc  19.4000
Round 349 Fscore 

[]
Round 350 global test acc  19.2900
Round 350 Fscore 

[]
Round 351 global test acc  19.3100
Round 351 Fscore 

[]
Round 352 global test acc  19.4700
Round 352 Fscore 

[]
Round 353 global test acc  19.4800
Round 353 Fscore 

[]
Round 354 global test acc  19.4800
Round 354 Fscore 

[]
Round 355 global test acc  19.5200
Round 355 Fscore 

[]
Round 356 global test acc  19.3400
Round 356 Fscore 

[]
Round 357 global test acc  19.5200
Round 357 Fscore 

[]
Round 358 global test acc  19.4600
Round 358 Fscore 

[]
Round 359 global test acc  19.4200
Round 359 Fscore 

[]
Round 360 global test acc  19.4100
Round 360 Fscore 

[]
Round 361 global test acc  19.5400
Round 361 Fscore 

[]
Round 362 global test acc  19.3800
Round 362 Fscore 

[]
Round 363 global test acc  19.4000
Round 363 Fscore 

[]
Round 364 global test acc  19.2300
Round 364 Fscore 

[]
Round 365 global test acc  19.4800
Round 365 Fscore 

[]
Round 366 global test acc  19.6100
Round 366 Fscore 

[]
Round 367 global test acc  19.5100
Round 367 Fscore 

[]
Round 368 global test acc  19.4800
Round 368 Fscore 

[]
Round 369 global test acc  19.4500
Round 369 Fscore 

[]
Round 370 global test acc  19.6100
Round 370 Fscore 

[]
Round 371 global test acc  19.6700
Round 371 Fscore 

[]
Round 372 global test acc  19.6500
Round 372 Fscore 

[]
Round 373 global test acc  19.6700
Round 373 Fscore 

[]
Round 374 global test acc  19.4800
Round 374 Fscore 

[]
Round 375 global test acc  19.2700
Round 375 Fscore 

[]
Round 376 global test acc  19.6800
Round 376 Fscore 

[]
Round 377 global test acc  19.4800
Round 377 Fscore 

[]
Round 378 global test acc  19.4600
Round 378 Fscore 

[]
Round 379 global test acc  19.5300
Round 379 Fscore 

[]
Round 380 global test acc  19.4200
Round 380 Fscore 

[]
Round 381 global test acc  19.7600
Round 381 Fscore 

[]
Round 382 global test acc  19.7400
Round 382 Fscore 

[]
Round 383 global test acc  19.7600
Round 383 Fscore 

[]
Round 384 global test acc  19.6400
Round 384 Fscore 

[]
Round 385 global test acc  19.4900
Round 385 Fscore 

[]
Round 386 global test acc  19.7300
Round 386 Fscore 

[]
Round 387 global test acc  20.1000
Round 387 Fscore 

[]
Round 388 global test acc  20.1400
Round 388 Fscore 

[]
Round 389 global test acc  19.8300
Round 389 Fscore 

[]
Round 390 global test acc  19.7200
Round 390 Fscore 

[]
Round 391 global test acc  19.7600
Round 391 Fscore 

[]
Round 392 global test acc  19.3500
Round 392 Fscore 

[]
Round 393 global test acc  19.9800
Round 393 Fscore 

[]
Round 394 global test acc  19.8200
Round 394 Fscore 

[]
Round 395 global test acc  19.6000
Round 395 Fscore 

[]
Round 396 global test acc  19.6900
Round 396 Fscore 

[]
Round 397 global test acc  19.9800
Round 397 Fscore 

[]
Round 398 global test acc  19.3500
Round 398 Fscore 

[]
Round 399 global test acc  19.7700
Round 399 Fscore 

[]
Round 400 global test acc  19.5700
Round 400 Fscore 

[]
Round 401 global test acc  19.3000
Round 401 Fscore 

[]
Round 402 global test acc  19.5300
Round 402 Fscore 

[]
Round 403 global test acc  19.3900
Round 403 Fscore 

[]
Round 404 global test acc  19.6800
Round 404 Fscore 

[]
Round 405 global test acc  19.6500
Round 405 Fscore 

[]
Round 406 global test acc  19.6900
Round 406 Fscore 

[]
Round 407 global test acc  19.7400
Round 407 Fscore 

[]
Round 408 global test acc  19.7500
Round 408 Fscore 

[]
Round 409 global test acc  19.8100
Round 409 Fscore 

[]
Round 410 global test acc  19.6300
Round 410 Fscore 

[]
Round 411 global test acc  19.9600
Round 411 Fscore 

[]
Round 412 global test acc  20.0500
Round 412 Fscore 

[]
Round 413 global test acc  20.0900
Round 413 Fscore 

[]
Round 414 global test acc  19.9300
Round 414 Fscore 

[]
Round 415 global test acc  19.8500
Round 415 Fscore 

[]
Round 416 global test acc  19.9500
Round 416 Fscore 

[]
Round 417 global test acc  19.5200
Round 417 Fscore 

[]
Round 418 global test acc  19.7200
Round 418 Fscore 

[]
Round 419 global test acc  19.7000
Round 419 Fscore 

[]
Round 420 global test acc  19.7800
Round 420 Fscore 

[]
Round 421 global test acc  19.7000
Round 421 Fscore 

[]
Round 422 global test acc  19.6000
Round 422 Fscore 

[]
Round 423 global test acc  19.3300
Round 423 Fscore 

[]
Round 424 global test acc  19.7000
Round 424 Fscore 

[]
Round 425 global test acc  19.5900
Round 425 Fscore 

[]
Round 426 global test acc  19.7600
Round 426 Fscore 

[]
Round 427 global test acc  19.5500
Round 427 Fscore 

[]
Round 428 global test acc  19.9400
Round 428 Fscore 

[]
Round 429 global test acc  19.8400
Round 429 Fscore 

[]
Round 430 global test acc  19.7900
Round 430 Fscore 

[]
Round 431 global test acc  19.7100
Round 431 Fscore 

[]
Round 432 global test acc  19.7800
Round 432 Fscore 

[]
Round 433 global test acc  19.9500
Round 433 Fscore 

[]
Round 434 global test acc  19.6700
Round 434 Fscore 

[]
Round 435 global test acc  19.5000
Round 435 Fscore 

[]
Round 436 global test acc  19.7900
Round 436 Fscore 

[]
Round 437 global test acc  19.8100
Round 437 Fscore 

[]
Round 438 global test acc  19.5800
Round 438 Fscore 

[]
Round 439 global test acc  19.6800
Round 439 Fscore 

[]
Round 440 global test acc  19.5700
Round 440 Fscore 

[]
Round 441 global test acc  19.8000
Round 441 Fscore 

[]
Round 442 global test acc  19.8400
Round 442 Fscore 

[]
Round 443 global test acc  19.8700
Round 443 Fscore 

[]
Round 444 global test acc  19.7600
Round 444 Fscore 

[]
Round 445 global test acc  19.8500
Round 445 Fscore 

[]
Round 446 global test acc  20.0600
Round 446 Fscore 

[]
Round 447 global test acc  19.7500
Round 447 Fscore 

[]
Round 448 global test acc  19.7800
Round 448 Fscore 

[]
Round 449 global test acc  19.8900
Round 449 Fscore 

[0.29971182346343994, 0.3775971233844757, 0.5825095772743225, 0.610698401927948, 0.5311004519462585, 0.5627906918525696, 0.08486238121986389, 0.30443158745765686, 0.5398579239845276, 0.38854074478149414, 0.3869801163673401, 0.5964125990867615, 0.15141956508159637, 0.4637436866760254, 0.6130500435829163, 0.5844749212265015, 0.41827768087387085, 0.2667965292930603, 0.036199092864990234, 0.1381579041481018, 0.4269264340400696, 0.5921357274055481, 0.11233480274677277, 0.4914564788341522, 0.5364291667938232, 0.14117646217346191, 0.6200743317604065, 0.5339728593826294, 0.351627916097641, 0.38646483421325684, 0.06711409986019135, 0.43918922543525696, 0.5883244276046753, 0.2151394486427307, 0.5241157412528992, 0.6166542172431946, 0.44974446296691895, 0.506927490234375, 0.0502283088862896, 0.5906344652175903, 0.16424116492271423, 0.3103121817111969, 0.5893939137458801, 0.615384578704834, 0.06129397824406624, 0.5641025900840759, 0.6096653938293457, 0.5410628318786621, 0.2895493805408478, 0.3480663001537323]
time : 88880.313164711
('algorithm', 'RFL')
('gpu', 3)
('seed', 13)
('save_dir', './record/')
('rounds2', 450)
('local_ep', 5)
('frac2', 0.2)
('num_users', 50)
('local_bs', 32)
('lr', 0.01)
('model', 'resnet34')
('num_classes', 10)
('level_n_system', 1.0)
('level_n_lowerb', 0.5)
('alpha_dirichlet', 10)
('non_iid_prob_class', 0.7)
('dataset', 'cifar100')
('iid', True)
('LID_k', 20)
('iteration1', 5)
('rounds1', 200)
('frac1', 0.001)
('pretrained', False)
('mixup', False)
('alpha', 1)
('beta', 5)
('relabel_ratio', 0.5)
('confidence_thres', 0.5)
('clean_set_thres', 0.1)
('fine_tuning', True)
('correction', True)
('T_pl', 100)
('lambda_cen', 1.0)
('lambda_e', 0.8)
('num_gradual', 10)
('forget_rate', 0.2)
('lr_decay', 0.1)
('schedule', [])
('momentum', 0.5)
('weight_decay', 0.0001)
('feature_dim', 128)
('plr', 0.01)
('lamda', 15)
('K', 5)
('gamma', 1)
('begin_sel', 10)
('max_beta', 2.0)
('mu', 0.01)
('device', device(type='cuda', index=3))
Files already downloaded and verified
Files already downloaded and verified
Client 0, noise level: 0.8430 (0.7587), real noise ratio: 0.8330
Client 1, noise level: 0.7741 (0.6967), real noise ratio: 0.7700
Client 2, noise level: 0.5690 (0.5121), real noise ratio: 0.5770
Client 3, noise level: 0.5494 (0.4944), real noise ratio: 0.5350
Client 4, noise level: 0.6228 (0.5605), real noise ratio: 0.6260
Client 5, noise level: 0.5759 (0.5183), real noise ratio: 0.5840
Client 6, noise level: 0.9630 (0.8667), real noise ratio: 0.9630
Client 7, noise level: 0.8401 (0.7560), real noise ratio: 0.8290
Client 8, noise level: 0.6188 (0.5569), real noise ratio: 0.6120
Client 9, noise level: 0.7844 (0.7060), real noise ratio: 0.7640
Client 10, noise level: 0.7783 (0.7005), real noise ratio: 0.7620
Client 11, noise level: 0.5364 (0.4827), real noise ratio: 0.5430
Client 12, noise level: 0.9199 (0.8279), real noise ratio: 0.9240
Client 13, noise level: 0.7027 (0.6324), real noise ratio: 0.7000
Client 14, noise level: 0.5724 (0.5152), real noise ratio: 0.5570
Client 15, noise level: 0.5955 (0.5359), real noise ratio: 0.5770
Client 16, noise level: 0.7453 (0.6708), real noise ratio: 0.7290
Client 17, noise level: 0.8560 (0.7704), real noise ratio: 0.8480
Client 18, noise level: 0.9925 (0.8932), real noise ratio: 0.9830
Client 19, noise level: 0.9374 (0.8437), real noise ratio: 0.9350
Client 20, noise level: 0.7495 (0.6746), real noise ratio: 0.7250
Client 21, noise level: 0.5534 (0.4981), real noise ratio: 0.5530
Client 22, noise level: 0.9566 (0.8609), real noise ratio: 0.9490
Client 23, noise level: 0.6825 (0.6142), real noise ratio: 0.6600
Client 24, noise level: 0.6133 (0.5520), real noise ratio: 0.6220
Client 25, noise level: 0.9362 (0.8426), real noise ratio: 0.9310
Client 26, noise level: 0.5682 (0.5114), real noise ratio: 0.5290
Client 27, noise level: 0.6182 (0.5564), real noise ratio: 0.6160
Client 28, noise level: 0.7977 (0.7179), real noise ratio: 0.7980
Client 29, noise level: 0.7820 (0.7038), real noise ratio: 0.7620
Client 30, noise level: 0.9795 (0.8815), real noise ratio: 0.9700
Client 31, noise level: 0.7266 (0.6540), real noise ratio: 0.7140
Client 32, noise level: 0.5645 (0.5080), real noise ratio: 0.5640
Client 33, noise level: 0.8803 (0.7923), real noise ratio: 0.8860
Client 34, noise level: 0.6008 (0.5407), real noise ratio: 0.6220
Client 35, noise level: 0.5879 (0.5291), real noise ratio: 0.5410
Client 36, noise level: 0.7186 (0.6467), real noise ratio: 0.7070
Client 37, noise level: 0.6701 (0.6031), real noise ratio: 0.6600
Client 38, noise level: 0.9836 (0.8853), real noise ratio: 0.9780
Client 39, noise level: 0.5715 (0.5144), real noise ratio: 0.5580
Client 40, noise level: 0.9223 (0.8301), real noise ratio: 0.9200
Client 41, noise level: 0.8347 (0.7512), real noise ratio: 0.8180
Client 42, noise level: 0.5547 (0.4992), real noise ratio: 0.5540
Client 43, noise level: 0.5441 (0.4897), real noise ratio: 0.5330
Client 44, noise level: 0.9832 (0.8849), real noise ratio: 0.9730
Client 45, noise level: 0.5971 (0.5374), real noise ratio: 0.5900
Client 46, noise level: 0.5410 (0.4869), real noise ratio: 0.5310
Client 47, noise level: 0.6347 (0.5712), real noise ratio: 0.6270
Client 48, noise level: 0.8251 (0.7426), real noise ratio: 0.8340
Client 49, noise level: 0.7734 (0.6960), real noise ratio: 0.7870
ResNet(
  (conv1): Conv2d(3, 64, kernel_size=(3, 3), stride=(1, 1), padding=(1, 1), bias=False)
  (bn1): BatchNorm2d(64, eps=1e-05, momentum=0.1, affine=True, track_running_stats=True)
  (layer1): Sequential(
    (0): BasicBlock(
      (conv1): Conv2d(64, 64, kernel_size=(3, 3), stride=(1, 1), padding=(1, 1), bias=False)
      (bn1): BatchNorm2d(64, eps=1e-05, momentum=0.1, affine=True, track_running_stats=True)
      (conv2): Conv2d(64, 64, kernel_size=(3, 3), stride=(1, 1), padding=(1, 1), bias=False)
      (bn2): BatchNorm2d(64, eps=1e-05, momentum=0.1, affine=True, track_running_stats=True)
      (shortcut): Sequential()
    )
    (1): BasicBlock(
      (conv1): Conv2d(64, 64, kernel_size=(3, 3), stride=(1, 1), padding=(1, 1), bias=False)
      (bn1): BatchNorm2d(64, eps=1e-05, momentum=0.1, affine=True, track_running_stats=True)
      (conv2): Conv2d(64, 64, kernel_size=(3, 3), stride=(1, 1), padding=(1, 1), bias=False)
      (bn2): BatchNorm2d(64, eps=1e-05, momentum=0.1, affine=True, track_running_stats=True)
      (shortcut): Sequential()
    )
    (2): BasicBlock(
      (conv1): Conv2d(64, 64, kernel_size=(3, 3), stride=(1, 1), padding=(1, 1), bias=False)
      (bn1): BatchNorm2d(64, eps=1e-05, momentum=0.1, affine=True, track_running_stats=True)
      (conv2): Conv2d(64, 64, kernel_size=(3, 3), stride=(1, 1), padding=(1, 1), bias=False)
      (bn2): BatchNorm2d(64, eps=1e-05, momentum=0.1, affine=True, track_running_stats=True)
      (shortcut): Sequential()
    )
  )
  (layer2): Sequential(
    (0): BasicBlock(
      (conv1): Conv2d(64, 128, kernel_size=(3, 3), stride=(2, 2), padding=(1, 1), bias=False)
      (bn1): BatchNorm2d(128, eps=1e-05, momentum=0.1, affine=True, track_running_stats=True)
      (conv2): Conv2d(128, 128, kernel_size=(3, 3), stride=(1, 1), padding=(1, 1), bias=False)
      (bn2): BatchNorm2d(128, eps=1e-05, momentum=0.1, affine=True, track_running_stats=True)
      (shortcut): Sequential(
        (0): Conv2d(64, 128, kernel_size=(1, 1), stride=(2, 2), bias=False)
        (1): BatchNorm2d(128, eps=1e-05, momentum=0.1, affine=True, track_running_stats=True)
      )
    )
    (1): BasicBlock(
      (conv1): Conv2d(128, 128, kernel_size=(3, 3), stride=(1, 1), padding=(1, 1), bias=False)
      (bn1): BatchNorm2d(128, eps=1e-05, momentum=0.1, affine=True, track_running_stats=True)
      (conv2): Conv2d(128, 128, kernel_size=(3, 3), stride=(1, 1), padding=(1, 1), bias=False)
      (bn2): BatchNorm2d(128, eps=1e-05, momentum=0.1, affine=True, track_running_stats=True)
      (shortcut): Sequential()
    )
    (2): BasicBlock(
      (conv1): Conv2d(128, 128, kernel_size=(3, 3), stride=(1, 1), padding=(1, 1), bias=False)
      (bn1): BatchNorm2d(128, eps=1e-05, momentum=0.1, affine=True, track_running_stats=True)
      (conv2): Conv2d(128, 128, kernel_size=(3, 3), stride=(1, 1), padding=(1, 1), bias=False)
      (bn2): BatchNorm2d(128, eps=1e-05, momentum=0.1, affine=True, track_running_stats=True)
      (shortcut): Sequential()
    )
    (3): BasicBlock(
      (conv1): Conv2d(128, 128, kernel_size=(3, 3), stride=(1, 1), padding=(1, 1), bias=False)
      (bn1): BatchNorm2d(128, eps=1e-05, momentum=0.1, affine=True, track_running_stats=True)
      (conv2): Conv2d(128, 128, kernel_size=(3, 3), stride=(1, 1), padding=(1, 1), bias=False)
      (bn2): BatchNorm2d(128, eps=1e-05, momentum=0.1, affine=True, track_running_stats=True)
      (shortcut): Sequential()
    )
  )
  (layer3): Sequential(
    (0): BasicBlock(
      (conv1): Conv2d(128, 256, kernel_size=(3, 3), stride=(2, 2), padding=(1, 1), bias=False)
      (bn1): BatchNorm2d(256, eps=1e-05, momentum=0.1, affine=True, track_running_stats=True)
      (conv2): Conv2d(256, 256, kernel_size=(3, 3), stride=(1, 1), padding=(1, 1), bias=False)
      (bn2): BatchNorm2d(256, eps=1e-05, momentum=0.1, affine=True, track_running_stats=True)
      (shortcut): Sequential(
        (0): Conv2d(128, 256, kernel_size=(1, 1), stride=(2, 2), bias=False)
        (1): BatchNorm2d(256, eps=1e-05, momentum=0.1, affine=True, track_running_stats=True)
      )
    )
    (1): BasicBlock(
      (conv1): Conv2d(256, 256, kernel_size=(3, 3), stride=(1, 1), padding=(1, 1), bias=False)
      (bn1): BatchNorm2d(256, eps=1e-05, momentum=0.1, affine=True, track_running_stats=True)
      (conv2): Conv2d(256, 256, kernel_size=(3, 3), stride=(1, 1), padding=(1, 1), bias=False)
      (bn2): BatchNorm2d(256, eps=1e-05, momentum=0.1, affine=True, track_running_stats=True)
      (shortcut): Sequential()
    )
    (2): BasicBlock(
      (conv1): Conv2d(256, 256, kernel_size=(3, 3), stride=(1, 1), padding=(1, 1), bias=False)
      (bn1): BatchNorm2d(256, eps=1e-05, momentum=0.1, affine=True, track_running_stats=True)
      (conv2): Conv2d(256, 256, kernel_size=(3, 3), stride=(1, 1), padding=(1, 1), bias=False)
      (bn2): BatchNorm2d(256, eps=1e-05, momentum=0.1, affine=True, track_running_stats=True)
      (shortcut): Sequential()
    )
    (3): BasicBlock(
      (conv1): Conv2d(256, 256, kernel_size=(3, 3), stride=(1, 1), padding=(1, 1), bias=False)
      (bn1): BatchNorm2d(256, eps=1e-05, momentum=0.1, affine=True, track_running_stats=True)
      (conv2): Conv2d(256, 256, kernel_size=(3, 3), stride=(1, 1), padding=(1, 1), bias=False)
      (bn2): BatchNorm2d(256, eps=1e-05, momentum=0.1, affine=True, track_running_stats=True)
      (shortcut): Sequential()
    )
    (4): BasicBlock(
      (conv1): Conv2d(256, 256, kernel_size=(3, 3), stride=(1, 1), padding=(1, 1), bias=False)
      (bn1): BatchNorm2d(256, eps=1e-05, momentum=0.1, affine=True, track_running_stats=True)
      (conv2): Conv2d(256, 256, kernel_size=(3, 3), stride=(1, 1), padding=(1, 1), bias=False)
      (bn2): BatchNorm2d(256, eps=1e-05, momentum=0.1, affine=True, track_running_stats=True)
      (shortcut): Sequential()
    )
    (5): BasicBlock(
      (conv1): Conv2d(256, 256, kernel_size=(3, 3), stride=(1, 1), padding=(1, 1), bias=False)
      (bn1): BatchNorm2d(256, eps=1e-05, momentum=0.1, affine=True, track_running_stats=True)
      (conv2): Conv2d(256, 256, kernel_size=(3, 3), stride=(1, 1), padding=(1, 1), bias=False)
      (bn2): BatchNorm2d(256, eps=1e-05, momentum=0.1, affine=True, track_running_stats=True)
      (shortcut): Sequential()
    )
  )
  (layer4): Sequential(
    (0): BasicBlock(
      (conv1): Conv2d(256, 512, kernel_size=(3, 3), stride=(2, 2), padding=(1, 1), bias=False)
      (bn1): BatchNorm2d(512, eps=1e-05, momentum=0.1, affine=True, track_running_stats=True)
      (conv2): Conv2d(512, 512, kernel_size=(3, 3), stride=(1, 1), padding=(1, 1), bias=False)
      (bn2): BatchNorm2d(512, eps=1e-05, momentum=0.1, affine=True, track_running_stats=True)
      (shortcut): Sequential(
        (0): Conv2d(256, 512, kernel_size=(1, 1), stride=(2, 2), bias=False)
        (1): BatchNorm2d(512, eps=1e-05, momentum=0.1, affine=True, track_running_stats=True)
      )
    )
    (1): BasicBlock(
      (conv1): Conv2d(512, 512, kernel_size=(3, 3), stride=(1, 1), padding=(1, 1), bias=False)
      (bn1): BatchNorm2d(512, eps=1e-05, momentum=0.1, affine=True, track_running_stats=True)
      (conv2): Conv2d(512, 512, kernel_size=(3, 3), stride=(1, 1), padding=(1, 1), bias=False)
      (bn2): BatchNorm2d(512, eps=1e-05, momentum=0.1, affine=True, track_running_stats=True)
      (shortcut): Sequential()
    )
    (2): BasicBlock(
      (conv1): Conv2d(512, 512, kernel_size=(3, 3), stride=(1, 1), padding=(1, 1), bias=False)
      (bn1): BatchNorm2d(512, eps=1e-05, momentum=0.1, affine=True, track_running_stats=True)
      (conv2): Conv2d(512, 512, kernel_size=(3, 3), stride=(1, 1), padding=(1, 1), bias=False)
      (bn2): BatchNorm2d(512, eps=1e-05, momentum=0.1, affine=True, track_running_stats=True)
      (shortcut): Sequential()
    )
  )
  (avgpool): AdaptiveAvgPool2d(output_size=(1, 1))
  (fc1): Linear(in_features=512, out_features=100, bias=True)
)
Round 0 global test acc  1.0000
Round 0 Fscore 

[]
Round 1 global test acc  1.0000
Round 1 Fscore 

[]
Round 2 global test acc  1.0000
Round 2 Fscore 

[]
Round 3 global test acc  1.4200
Round 3 Fscore 

[]
Round 4 global test acc  1.0200
Round 4 Fscore 

[]
Round 5 global test acc  1.6600
Round 5 Fscore 

[]
Round 6 global test acc  2.0200
Round 6 Fscore 

[]
Round 7 global test acc  2.4200
Round 7 Fscore 

[]
Round 8 global test acc  5.9400
Round 8 Fscore 

[]
Round 9 global test acc  3.6600
Round 9 Fscore 

[]
Round 10 global test acc  2.7400
Round 10 Fscore 

[]
Round 11 global test acc  4.9900
Round 11 Fscore 

[]
Round 12 global test acc  4.0200
Round 12 Fscore 

[]
Round 13 global test acc  5.3700
Round 13 Fscore 

[]
Round 14 global test acc  4.9400
Round 14 Fscore 

[]
Round 15 global test acc  4.6400
Round 15 Fscore 

[]
Round 16 global test acc  5.7000
Round 16 Fscore 

[]
Round 17 global test acc  5.6400
Round 17 Fscore 

[]
Round 18 global test acc  8.0800
Round 18 Fscore 

[]
Round 19 global test acc  5.8200
Round 19 Fscore 

[]
Round 20 global test acc  4.6800
Round 20 Fscore 

[]
Round 21 global test acc  6.2700
Round 21 Fscore 

[]
Round 22 global test acc  7.8000
Round 22 Fscore 

[]
Round 23 global test acc  5.3600
Round 23 Fscore 

[]
Round 24 global test acc  7.7900
Round 24 Fscore 

[]
Round 25 global test acc  5.7100
Round 25 Fscore 

[]
Round 26 global test acc  6.6400
Round 26 Fscore 

[]
Round 27 global test acc  5.2400
Round 27 Fscore 

[]
Round 28 global test acc  6.3400
Round 28 Fscore 

[]
Round 29 global test acc  7.2900
Round 29 Fscore 

[]
Round 30 global test acc  7.7800
Round 30 Fscore 

[]
Round 31 global test acc  7.1700
Round 31 Fscore 

[]
Round 32 global test acc  9.6400
Round 32 Fscore 

[]
Round 33 global test acc  8.7900
Round 33 Fscore 

[]
Round 34 global test acc  5.4800
Round 34 Fscore 

[]
Round 35 global test acc  9.8100
Round 35 Fscore 

[]
Round 36 global test acc  8.5800
Round 36 Fscore 

[]
Round 37 global test acc  9.7400
Round 37 Fscore 

[]
Round 38 global test acc  10.2100
Round 38 Fscore 

[]
Round 39 global test acc  10.1400
Round 39 Fscore 

[]
Round 40 global test acc  8.6200
Round 40 Fscore 

[]
Round 41 global test acc  7.3800
Round 41 Fscore 

[]
Round 42 global test acc  9.2700
Round 42 Fscore 

[]
Round 43 global test acc  9.1400
Round 43 Fscore 

[]
Round 44 global test acc  8.4000
Round 44 Fscore 

[]
Round 45 global test acc  11.0500
Round 45 Fscore 

[]
Round 46 global test acc  10.9500
Round 46 Fscore 

[]
Round 47 global test acc  12.2800
Round 47 Fscore 

[]
Round 48 global test acc  10.8800
Round 48 Fscore 

[]
Round 49 global test acc  10.0900
Round 49 Fscore 

[]
Round 50 global test acc  11.0700
Round 50 Fscore 

[]
Round 51 global test acc  11.6700
Round 51 Fscore 

[]
Round 52 global test acc  10.9400
Round 52 Fscore 

[]
Round 53 global test acc  11.8600
Round 53 Fscore 

[]
Round 54 global test acc  13.2100
Round 54 Fscore 

[]
Round 55 global test acc  9.5000
Round 55 Fscore 

[]
Round 56 global test acc  10.4000
Round 56 Fscore 

[]
Round 57 global test acc  10.6500
Round 57 Fscore 

[]
Round 58 global test acc  13.3900
Round 58 Fscore 

[]
Round 59 global test acc  9.2200
Round 59 Fscore 

[]
Round 60 global test acc  8.7200
Round 60 Fscore 

[]
Round 61 global test acc  8.7500
Round 61 Fscore 

[]
Round 62 global test acc  11.5400
Round 62 Fscore 

[]
Round 63 global test acc  9.3800
Round 63 Fscore 

[]
Round 64 global test acc  10.4500
Round 64 Fscore 

[]
Round 65 global test acc  11.5100
Round 65 Fscore 

[]
Round 66 global test acc  11.5600
Round 66 Fscore 

[]
Round 67 global test acc  8.7200
Round 67 Fscore 

[]
Round 68 global test acc  11.9300
Round 68 Fscore 

[]
Round 69 global test acc  9.6400
Round 69 Fscore 

[]
Round 70 global test acc  9.7200
Round 70 Fscore 

[]
Round 71 global test acc  10.7000
Round 71 Fscore 

[]
Round 72 global test acc  10.3500
Round 72 Fscore 

[]
Round 73 global test acc  11.0800
Round 73 Fscore 

[]
Round 74 global test acc  9.7000
Round 74 Fscore 

[]
Round 75 global test acc  10.4700
Round 75 Fscore 

[]
Round 76 global test acc  10.0600
Round 76 Fscore 

[]
Round 77 global test acc  8.7600
Round 77 Fscore 

[]
Round 78 global test acc  13.5300
Round 78 Fscore 

[]
Round 79 global test acc  13.4900
Round 79 Fscore 

[]
Round 80 global test acc  12.5000
Round 80 Fscore 

[]
Round 81 global test acc  11.6000
Round 81 Fscore 

[]
Round 82 global test acc  11.7700
Round 82 Fscore 

[]
Round 83 global test acc  10.5200
Round 83 Fscore 

[]
Round 84 global test acc  13.1000
Round 84 Fscore 

[]
Round 85 global test acc  13.7000
Round 85 Fscore 

[]
Round 86 global test acc  10.4800
Round 86 Fscore 

[]
Round 87 global test acc  12.7700
Round 87 Fscore 

[]
Round 88 global test acc  10.3700
Round 88 Fscore 

[]
Round 89 global test acc  11.6900
Round 89 Fscore 

[]
Round 90 global test acc  11.4800
Round 90 Fscore 

[]
Round 91 global test acc  11.2800
Round 91 Fscore 

[]
Round 92 global test acc  11.4200
Round 92 Fscore 

[]
Round 93 global test acc  11.1500
Round 93 Fscore 

[]
Round 94 global test acc  10.8700
Round 94 Fscore 

[]
Round 95 global test acc  7.3700
Round 95 Fscore 

[]
Round 96 global test acc  14.8700
Round 96 Fscore 

[]
Round 97 global test acc  11.5700
Round 97 Fscore 

[]
Round 98 global test acc  9.8500
Round 98 Fscore 

[]
Round 99 global test acc  11.5700
Round 99 Fscore 

[]
Round 100 global test acc  15.3000
Round 100 Fscore 

[]
Round 101 global test acc  16.2700
Round 101 Fscore 

[]
Round 102 global test acc  16.3600
Round 102 Fscore 

[]
Round 103 global test acc  16.2500
Round 103 Fscore 

[]
Round 104 global test acc  16.5000
Round 104 Fscore 

[]
Round 105 global test acc  16.8000
Round 105 Fscore 

[]
Round 106 global test acc  17.1100
Round 106 Fscore 

[]
Round 107 global test acc  16.6400
Round 107 Fscore 

[]
Round 108 global test acc  16.2500
Round 108 Fscore 

[]
Round 109 global test acc  16.4000
Round 109 Fscore 

[]
Round 110 global test acc  16.4000
Round 110 Fscore 

[]
Round 111 global test acc  16.7800
Round 111 Fscore 

[]
Round 112 global test acc  16.6900
Round 112 Fscore 

[]
Round 113 global test acc  16.4100
Round 113 Fscore 

[]
Round 114 global test acc  16.8100
Round 114 Fscore 

[]
Round 115 global test acc  16.7500
Round 115 Fscore 

[]
Round 116 global test acc  16.9500
Round 116 Fscore 

[]
Round 117 global test acc  16.6700
Round 117 Fscore 

[]
Round 118 global test acc  16.7700
Round 118 Fscore 

[]
Round 119 global test acc  16.7900
Round 119 Fscore 

[]
Round 120 global test acc  16.7600
Round 120 Fscore 

[]
Round 121 global test acc  16.5500
Round 121 Fscore 

[]
Round 122 global test acc  16.8600
Round 122 Fscore 

[]
Round 123 global test acc  16.6900
Round 123 Fscore 

[]
Round 124 global test acc  16.8300
Round 124 Fscore 

[]
Round 125 global test acc  17.0400
Round 125 Fscore 

[]
Round 126 global test acc  16.5600
Round 126 Fscore 

[]
Round 127 global test acc  16.8200
Round 127 Fscore 

[]
Round 128 global test acc  16.7200
Round 128 Fscore 

[]
Round 129 global test acc  16.9600
Round 129 Fscore 

[]
Round 130 global test acc  17.4000
Round 130 Fscore 

[]
Round 131 global test acc  17.3700
Round 131 Fscore 

[]
Round 132 global test acc  17.1300
Round 132 Fscore 

[]
Round 133 global test acc  17.0200
Round 133 Fscore 

[]
Round 134 global test acc  16.9300
Round 134 Fscore 

[]
Round 135 global test acc  16.8600
Round 135 Fscore 

[]
Round 136 global test acc  16.8400
Round 136 Fscore 

[]
Round 137 global test acc  17.3600
Round 137 Fscore 

[]
Round 138 global test acc  17.0500
Round 138 Fscore 

[]
Round 139 global test acc  17.0800
Round 139 Fscore 

[]
Round 140 global test acc  16.9400
Round 140 Fscore 

[]
Round 141 global test acc  16.8100
Round 141 Fscore 

[]
Round 142 global test acc  16.6600
Round 142 Fscore 

[]
Round 143 global test acc  16.8600
Round 143 Fscore 

[]
Round 144 global test acc  17.0900
Round 144 Fscore 

[]
Round 145 global test acc  16.9900
Round 145 Fscore 

[]
Round 146 global test acc  17.0100
Round 146 Fscore 

[]
Round 147 global test acc  17.2500
Round 147 Fscore 

[]
Round 148 global test acc  16.9400
Round 148 Fscore 

[]
Round 149 global test acc  17.1300
Round 149 Fscore 

[]
Round 150 global test acc  17.2100
Round 150 Fscore 

[]
Round 151 global test acc  17.3800
Round 151 Fscore 

[]
Round 152 global test acc  17.2300
Round 152 Fscore 

[]
Round 153 global test acc  17.0500
Round 153 Fscore 

[]
Round 154 global test acc  17.1500
Round 154 Fscore 

[]
Round 155 global test acc  16.7900
Round 155 Fscore 

[]
Round 156 global test acc  17.1700
Round 156 Fscore 

[]
Round 157 global test acc  17.6300
Round 157 Fscore 

[]
Round 158 global test acc  17.2400
Round 158 Fscore 

[]
Round 159 global test acc  17.2500
Round 159 Fscore 

[]
Round 160 global test acc  17.3800
Round 160 Fscore 

[]
Round 161 global test acc  17.4000
Round 161 Fscore 

[]
Round 162 global test acc  17.1400
Round 162 Fscore 

[]
Round 163 global test acc  17.3600
Round 163 Fscore 

[]
Round 164 global test acc  17.2500
Round 164 Fscore 

[]
Round 165 global test acc  17.3600
Round 165 Fscore 

[]
Round 166 global test acc  17.1700
Round 166 Fscore 

[]
Round 167 global test acc  17.3700
Round 167 Fscore 

[]
Round 168 global test acc  17.2900
Round 168 Fscore 

[]
Round 169 global test acc  17.1000
Round 169 Fscore 

[]
Round 170 global test acc  17.4200
Round 170 Fscore 

[]
Round 171 global test acc  17.4800
Round 171 Fscore 

[]
Round 172 global test acc  17.6000
Round 172 Fscore 

[]
Round 173 global test acc  17.1500
Round 173 Fscore 

[]
Round 174 global test acc  16.9500
Round 174 Fscore 

[]
Round 175 global test acc  16.7000
Round 175 Fscore 

[]
Round 176 global test acc  16.6200
Round 176 Fscore 

[]
Round 177 global test acc  17.0100
Round 177 Fscore 

[]
Round 178 global test acc  16.9900
Round 178 Fscore 

[]
Round 179 global test acc  16.8300
Round 179 Fscore 

[]
Round 180 global test acc  17.3200
Round 180 Fscore 

[]
Round 181 global test acc  17.1300
Round 181 Fscore 

[]
Round 182 global test acc  16.7800
Round 182 Fscore 

[]
Round 183 global test acc  17.5600
Round 183 Fscore 

[]
Round 184 global test acc  17.4800
Round 184 Fscore 

[]
Round 185 global test acc  17.3000
Round 185 Fscore 

[]
Round 186 global test acc  17.2900
Round 186 Fscore 

[]
Round 187 global test acc  17.3900
Round 187 Fscore 

[]
Round 188 global test acc  17.2800
Round 188 Fscore 

[]
Round 189 global test acc  17.5200
Round 189 Fscore 

[]
Round 190 global test acc  17.6400
Round 190 Fscore 

[]
Round 191 global test acc  17.3500
Round 191 Fscore 

[]
Round 192 global test acc  17.6100
Round 192 Fscore 

[]
Round 193 global test acc  17.6100
Round 193 Fscore 

[]
Round 194 global test acc  17.1600
Round 194 Fscore 

[]
Round 195 global test acc  17.4200
Round 195 Fscore 

[]
Round 196 global test acc  17.5400
Round 196 Fscore 

[]
Round 197 global test acc  17.5800
Round 197 Fscore 

[]
Round 198 global test acc  17.5100
Round 198 Fscore 

[]
Round 199 global test acc  17.7500
Round 199 Fscore 

[]
Round 200 global test acc  17.5700
Round 200 Fscore 

[]
Round 201 global test acc  17.9300
Round 201 Fscore 

[]
Round 202 global test acc  17.9700
Round 202 Fscore 

[]
Round 203 global test acc  17.6600
Round 203 Fscore 

[]
Round 204 global test acc  17.6700
Round 204 Fscore 

[]
Round 205 global test acc  17.2700
Round 205 Fscore 

[]
Round 206 global test acc  17.8300
Round 206 Fscore 

[]
Round 207 global test acc  17.8300
Round 207 Fscore 

[]
Round 208 global test acc  17.6100
Round 208 Fscore 

[]
Round 209 global test acc  17.4700
Round 209 Fscore 

[]
Round 210 global test acc  17.2100
Round 210 Fscore 

[]
Round 211 global test acc  17.5000
Round 211 Fscore 

[]
Round 212 global test acc  18.0900
Round 212 Fscore 

[]
Round 213 global test acc  17.9900
Round 213 Fscore 

[]
Round 214 global test acc  18.0500
Round 214 Fscore 

[]
Round 215 global test acc  17.8500
Round 215 Fscore 

[]
Round 216 global test acc  17.7700
Round 216 Fscore 

[]
Round 217 global test acc  18.1900
Round 217 Fscore 

[]
Round 218 global test acc  18.0900
Round 218 Fscore 

[]
Round 219 global test acc  18.2200
Round 219 Fscore 

[]
Round 220 global test acc  18.2300
Round 220 Fscore 

[]
Round 221 global test acc  18.0500
Round 221 Fscore 

[]
Round 222 global test acc  18.2900
Round 222 Fscore 

[]
Round 223 global test acc  18.3600
Round 223 Fscore 

[]
Round 224 global test acc  18.1600
Round 224 Fscore 

[]
Round 225 global test acc  18.2000
Round 225 Fscore 

[]
Round 226 global test acc  18.3300
Round 226 Fscore 

[]
Round 227 global test acc  18.3800
Round 227 Fscore 

[]
Round 228 global test acc  18.3600
Round 228 Fscore 

[]
Round 229 global test acc  18.2400
Round 229 Fscore 

[]
Round 230 global test acc  18.4000
Round 230 Fscore 

[]
Round 231 global test acc  18.1100
Round 231 Fscore 

[]
Round 232 global test acc  18.3900
Round 232 Fscore 

[]
Round 233 global test acc  18.2700
Round 233 Fscore 

[]
Round 234 global test acc  18.2400
Round 234 Fscore 

[]
Round 235 global test acc  18.1800
Round 235 Fscore 

[]
Round 236 global test acc  18.3500
Round 236 Fscore 

[]
Round 237 global test acc  17.9300
Round 237 Fscore 

[]
Round 238 global test acc  18.4300
Round 238 Fscore 

[]
Round 239 global test acc  18.4100
Round 239 Fscore 

[]
Round 240 global test acc  18.3900
Round 240 Fscore 

[]
Round 241 global test acc  18.1100
Round 241 Fscore 

[]
Round 242 global test acc  18.3400
Round 242 Fscore 

[]
Round 243 global test acc  18.4300
Round 243 Fscore 

[]
Round 244 global test acc  18.6300
Round 244 Fscore 

[]
Round 245 global test acc  18.2800
Round 245 Fscore 

[]
Round 246 global test acc  18.3900
Round 246 Fscore 

[]
Round 247 global test acc  18.7300
Round 247 Fscore 

[]
Round 248 global test acc  18.4100
Round 248 Fscore 

[]
Round 249 global test acc  18.5600
Round 249 Fscore 

[]
Round 250 global test acc  18.1800
Round 250 Fscore 

[]
Round 251 global test acc  17.9000
Round 251 Fscore 

[]
Round 252 global test acc  18.4400
Round 252 Fscore 

[]
Round 253 global test acc  18.5300
Round 253 Fscore 

[]
Round 254 global test acc  18.3100
Round 254 Fscore 

[]
Round 255 global test acc  18.3400
Round 255 Fscore 

[]
Round 256 global test acc  18.7900
Round 256 Fscore 

[]
Round 257 global test acc  18.5300
Round 257 Fscore 

[]
Round 258 global test acc  18.5400
Round 258 Fscore 

[]
Round 259 global test acc  18.4300
Round 259 Fscore 

[]
Round 260 global test acc  18.6600
Round 260 Fscore 

[]
Round 261 global test acc  18.4600
Round 261 Fscore 

[]
Round 262 global test acc  18.5500
Round 262 Fscore 

[]
Round 263 global test acc  18.6600
Round 263 Fscore 

[]
Round 264 global test acc  18.4700
Round 264 Fscore 

[]
Round 265 global test acc  18.3700
Round 265 Fscore 

[]
Round 266 global test acc  18.5800
Round 266 Fscore 

[]
Round 267 global test acc  18.3400
Round 267 Fscore 

[]
Round 268 global test acc  18.4600
Round 268 Fscore 

[]
Round 269 global test acc  18.6500
Round 269 Fscore 

[]
Round 270 global test acc  18.5100
Round 270 Fscore 

[]
Round 271 global test acc  18.2900
Round 271 Fscore 

[]
Round 272 global test acc  18.5200
Round 272 Fscore 

[]
Round 273 global test acc  18.2500
Round 273 Fscore 

[]
Round 274 global test acc  18.4400
Round 274 Fscore 

[]
Round 275 global test acc  18.3100
Round 275 Fscore 

[]
Round 276 global test acc  18.5000
Round 276 Fscore 

[]
Round 277 global test acc  18.2500
Round 277 Fscore 

[]
Round 278 global test acc  18.5400
Round 278 Fscore 

[]
Round 279 global test acc  18.7700
Round 279 Fscore 

[]
Round 280 global test acc  19.2200
Round 280 Fscore 

[]
Round 281 global test acc  18.8600
Round 281 Fscore 

[]
Round 282 global test acc  18.8900
Round 282 Fscore 

[]
Round 283 global test acc  18.5700
Round 283 Fscore 

[]
Round 284 global test acc  18.7400
Round 284 Fscore 

[]
Round 285 global test acc  18.7800
Round 285 Fscore 

[]
Round 286 global test acc  18.7700
Round 286 Fscore 

[]
Round 287 global test acc  18.7500
Round 287 Fscore 

[]
Round 288 global test acc  18.9700
Round 288 Fscore 

[]
Round 289 global test acc  18.9400
Round 289 Fscore 

[]
Round 290 global test acc  18.7100
Round 290 Fscore 

[]
Round 291 global test acc  18.8300
Round 291 Fscore 

[]
Round 292 global test acc  18.7800
Round 292 Fscore 

[]
Round 293 global test acc  18.5100
Round 293 Fscore 

[]
Round 294 global test acc  18.8700
Round 294 Fscore 

[]
Round 295 global test acc  18.9000
Round 295 Fscore 

[]
Round 296 global test acc  18.9200
Round 296 Fscore 

[]
Round 297 global test acc  18.6800
Round 297 Fscore 

[]
Round 298 global test acc  18.6400
Round 298 Fscore 

[]
Round 299 global test acc  18.7200
Round 299 Fscore 

[]
Round 300 global test acc  18.6600
Round 300 Fscore 

[]
Round 301 global test acc  19.0500
Round 301 Fscore 

[]
Round 302 global test acc  18.9300
Round 302 Fscore 

[]
Round 303 global test acc  18.8700
Round 303 Fscore 

[]
Round 304 global test acc  18.9400
Round 304 Fscore 

[]
Round 305 global test acc  19.2200
Round 305 Fscore 

[]
Round 306 global test acc  19.3500
Round 306 Fscore 

[]
Round 307 global test acc  18.8100
Round 307 Fscore 

[]
Round 308 global test acc  19.0400
Round 308 Fscore 

[]
Round 309 global test acc  19.3200
Round 309 Fscore 

[]
Round 310 global test acc  18.7200
Round 310 Fscore 

[]
Round 311 global test acc  18.9400
Round 311 Fscore 

[]
Round 312 global test acc  19.0200
Round 312 Fscore 

[]
Round 313 global test acc  18.8800
Round 313 Fscore 

[]
Round 314 global test acc  19.2500
Round 314 Fscore 

[]
Round 315 global test acc  18.9100
Round 315 Fscore 

[]
Round 316 global test acc  19.0200
Round 316 Fscore 

[]
Round 317 global test acc  19.1400
Round 317 Fscore 

[]
Round 318 global test acc  18.9800
Round 318 Fscore 

[]
Round 319 global test acc  18.9000
Round 319 Fscore 

[]
Round 320 global test acc  18.9900
Round 320 Fscore 

[]
Round 321 global test acc  18.9100
Round 321 Fscore 

[]
Round 322 global test acc  19.0200
Round 322 Fscore 

[]
Round 323 global test acc  18.9400
Round 323 Fscore 

[]
Round 324 global test acc  19.1100
Round 324 Fscore 

[]
Round 325 global test acc  18.9500
Round 325 Fscore 

[]
Round 326 global test acc  18.8800
Round 326 Fscore 

[]
Round 327 global test acc  18.9800
Round 327 Fscore 

[]
Round 328 global test acc  18.8800
Round 328 Fscore 

[]
Round 329 global test acc  19.2300
Round 329 Fscore 

[]
Round 330 global test acc  18.9800
Round 330 Fscore 

[]
Round 331 global test acc  19.1100
Round 331 Fscore 

[]
Round 332 global test acc  18.9700
Round 332 Fscore 

[]
Round 333 global test acc  19.0300
Round 333 Fscore 

[]
Round 334 global test acc  18.9000
Round 334 Fscore 

[]
Round 335 global test acc  18.9800
Round 335 Fscore 

[]
Round 336 global test acc  18.8800
Round 336 Fscore 

[]
Round 337 global test acc  18.9300
Round 337 Fscore 

[]
Round 338 global test acc  19.2000
Round 338 Fscore 

[]
Round 339 global test acc  19.1400
Round 339 Fscore 

[]
Round 340 global test acc  19.2000
Round 340 Fscore 

[]
Round 341 global test acc  19.4600
Round 341 Fscore 

[]
Round 342 global test acc  19.1800
Round 342 Fscore 

[]
Round 343 global test acc  19.1700
Round 343 Fscore 

[]
Round 344 global test acc  19.0200
Round 344 Fscore 

[]
Round 345 global test acc  19.2900
Round 345 Fscore 

[]
Round 346 global test acc  19.2900
Round 346 Fscore 

[]
Round 347 global test acc  19.4900
Round 347 Fscore 

[]
Round 348 global test acc  19.2800
Round 348 Fscore 

[]
Round 349 global test acc  19.2100
Round 349 Fscore 

[]
Round 350 global test acc  19.6700
Round 350 Fscore 

[]
Round 351 global test acc  18.9500
Round 351 Fscore 

[]
Round 352 global test acc  19.2700
Round 352 Fscore 

[]
Round 353 global test acc  19.1600
Round 353 Fscore 

[]
Round 354 global test acc  19.2100
Round 354 Fscore 

[]
Round 355 global test acc  19.1600
Round 355 Fscore 

[]
Round 356 global test acc  19.0200
Round 356 Fscore 

[]
Round 357 global test acc  19.6300
Round 357 Fscore 

[]
Round 358 global test acc  19.3300
Round 358 Fscore 

[]
Round 359 global test acc  18.9000
Round 359 Fscore 

[]
Round 360 global test acc  19.3700
Round 360 Fscore 

[]
Round 361 global test acc  19.3000
Round 361 Fscore 

[]
Round 362 global test acc  19.1700
Round 362 Fscore 

[]
Round 363 global test acc  19.2500
Round 363 Fscore 

[]
Round 364 global test acc  19.3300
Round 364 Fscore 

[]
Round 365 global test acc  19.0200
Round 365 Fscore 

[]
Round 366 global test acc  19.4600
Round 366 Fscore 

[]
Round 367 global test acc  18.9800
Round 367 Fscore 

[]
Round 368 global test acc  19.1400
Round 368 Fscore 

[]
Round 369 global test acc  19.2600
Round 369 Fscore 

[]
Round 370 global test acc  19.1300
Round 370 Fscore 

[]
Round 371 global test acc  19.4600
Round 371 Fscore 

[]
Round 372 global test acc  19.3900
Round 372 Fscore 

[]
Round 373 global test acc  19.5500
Round 373 Fscore 

[]
Round 374 global test acc  19.2400
Round 374 Fscore 

[]
Round 375 global test acc  19.0000
Round 375 Fscore 

[]
Round 376 global test acc  19.1900
Round 376 Fscore 

[]
Round 377 global test acc  19.3700
Round 377 Fscore 

[]
Round 378 global test acc  19.6000
Round 378 Fscore 

[]
Round 379 global test acc  19.4300
Round 379 Fscore 

[]
Round 380 global test acc  19.3600
Round 380 Fscore 

[]
Round 381 global test acc  19.5300
Round 381 Fscore 

[]
Round 382 global test acc  19.3500
Round 382 Fscore 

[]
Round 383 global test acc  19.4300
Round 383 Fscore 

[]
Round 384 global test acc  19.3700
Round 384 Fscore 

[]
Round 385 global test acc  19.4900
Round 385 Fscore 

[]
Round 386 global test acc  19.3500
Round 386 Fscore 

[]
Round 387 global test acc  19.7600
Round 387 Fscore 

[]
Round 388 global test acc  19.7600
Round 388 Fscore 

[]
Round 389 global test acc  19.7600
Round 389 Fscore 

[]
Round 390 global test acc  19.3500
Round 390 Fscore 

[]
Round 391 global test acc  19.4300
Round 391 Fscore 

[]
Round 392 global test acc  19.6500
Round 392 Fscore 

[]
Round 393 global test acc  19.5000
Round 393 Fscore 

[]
Round 394 global test acc  19.7400
Round 394 Fscore 

[]
Round 395 global test acc  19.0300
Round 395 Fscore 

[]
Round 396 global test acc  19.4600
Round 396 Fscore 

[]
Round 397 global test acc  19.5500
Round 397 Fscore 

[]
Round 398 global test acc  19.5300
Round 398 Fscore 

[]
Round 399 global test acc  19.4200
Round 399 Fscore 

[]
Round 400 global test acc  19.4900
Round 400 Fscore 

[]
Round 401 global test acc  19.2600
Round 401 Fscore 

[]
Round 402 global test acc  19.1800
Round 402 Fscore 

[]
Round 403 global test acc  19.4300
Round 403 Fscore 

[]
Round 404 global test acc  19.7400
Round 404 Fscore 

[]
Round 405 global test acc  20.2600
Round 405 Fscore 

[]
Round 406 global test acc  19.8600
Round 406 Fscore 

[]
Round 407 global test acc  19.5900
Round 407 Fscore 

[]
Round 408 global test acc  19.8500
Round 408 Fscore 

[]
Round 409 global test acc  19.8300
Round 409 Fscore 

[]
Round 410 global test acc  19.6400
Round 410 Fscore 

[]
Round 411 global test acc  19.6500
Round 411 Fscore 

[]
Round 412 global test acc  19.6600
Round 412 Fscore 

[]
Round 413 global test acc  19.6800
Round 413 Fscore 

[]
Round 414 global test acc  19.8900
Round 414 Fscore 

[]
Round 415 global test acc  19.5200
Round 415 Fscore 

[]
Round 416 global test acc  19.8700
Round 416 Fscore 

[]
Round 417 global test acc  19.5100
Round 417 Fscore 

[]
Round 418 global test acc  19.6600
Round 418 Fscore 

[]
Round 419 global test acc  19.7400
Round 419 Fscore 

[]
Round 420 global test acc  19.6200
Round 420 Fscore 

[]
Round 421 global test acc  19.9400
Round 421 Fscore 

[]
Round 422 global test acc  19.9100
Round 422 Fscore 

[]
Round 423 global test acc  19.8000
Round 423 Fscore 

[]
Round 424 global test acc  20.0200
Round 424 Fscore 

[]
Round 425 global test acc  20.0300
Round 425 Fscore 

[]
Round 426 global test acc  19.7300
Round 426 Fscore 

[]
Round 427 global test acc  19.7100
Round 427 Fscore 

[]
Round 428 global test acc  19.6100
Round 428 Fscore 

[]
Round 429 global test acc  19.6000
Round 429 Fscore 

[]
Round 430 global test acc  19.8800
Round 430 Fscore 

[]
Round 431 global test acc  19.9100
Round 431 Fscore 

[]
Round 432 global test acc  19.6600
Round 432 Fscore 

[]
Round 433 global test acc  19.9400
Round 433 Fscore 

[]
Round 434 global test acc  19.8800
Round 434 Fscore 

[]
Round 435 global test acc  19.8500
Round 435 Fscore 

[]
Round 436 global test acc  19.9400
Round 436 Fscore 

[]
Round 437 global test acc  19.9400
Round 437 Fscore 

[]
Round 438 global test acc  19.4500
Round 438 Fscore 

[]
Round 439 global test acc  20.0300
Round 439 Fscore 

[]
Round 440 global test acc  20.5100
Round 440 Fscore 

[]
Round 441 global test acc  20.1800
Round 441 Fscore 

[]
Round 442 global test acc  19.8700
Round 442 Fscore 

[]
Round 443 global test acc  19.8800
Round 443 Fscore 

[]
Round 444 global test acc  19.5400
Round 444 Fscore 

[]
Round 445 global test acc  19.7700
Round 445 Fscore 

[]
Round 446 global test acc  19.8700
Round 446 Fscore 

[]
Round 447 global test acc  19.3300
Round 447 Fscore 

[]
Round 448 global test acc  19.6100
Round 448 Fscore 

[]
Round 449 global test acc  19.8900
Round 449 Fscore 

[0.3169291317462921, 0.38112857937812805, 0.5923663973808289, 0.6143292188644409, 0.5473856329917908, 0.5829383730888367, 0.08594657480716705, 0.31145936250686646, 0.5474683046340942, 0.38883718848228455, 0.39888685941696167, 0.6080363988876343, 0.15316316485404968, 0.4761904776096344, 0.614791989326477, 0.5925926566123962, 0.4275491535663605, 0.27716848254203796, 0.040380049496889114, 0.14318181574344635, 0.4400360584259033, 0.6112804412841797, 0.11261260509490967, 0.5066225528717041, 0.5484400987625122, 0.14748603105545044, 0.6326219439506531, 0.5436893105506897, 0.35542747378349304, 0.39558419585227966, 0.07109005004167557, 0.4554973542690277, 0.5964642763137817, 0.21721310913562775, 0.5500794649124146, 0.6155015230178833, 0.4615384340286255, 0.5278246402740479, 0.05225653573870659, 0.5913312435150146, 0.17142857611179352, 0.31804877519607544, 0.612088680267334, 0.6279245018959045, 0.061104584485292435, 0.5633803009986877, 0.6285289525985718, 0.5500820875167847, 0.29891839623451233, 0.3639810085296631]
time : 78715.03114676476
