('algorithm', 'MR')
('gpu', 3)
('seed', 13)
('save_dir', './record/')
('rounds2', 450)
('local_ep', 5)
('frac2', 0.2)
('num_users', 50)
('local_bs', 32)
('lr', 0.01)
('model', 'resnet34')
('num_classes', 10)
('level_n_system', 1.0)
('level_n_lowerb', 0.5)
('alpha_dirichlet', 10)
('non_iid_prob_class', 0.7)
('dataset', 'cifar100')
('iid', False)
('LID_k', 20)
('iteration1', 5)
('rounds1', 200)
('frac1', 0.01)
('pretrained', False)
('mixup', False)
('alpha', 1)
('beta', 5)
('relabel_ratio', 0.5)
('confidence_thres', 0.5)
('clean_set_thres', 0.1)
('fine_tuning', True)
('correction', True)
('T_pl', 100)
('lambda_cen', 1.0)
('lambda_e', 0.8)
('num_gradual', 10)
('forget_rate', 0.2)
('lr_decay', 0.1)
('schedule', [])
('momentum', 0.5)
('weight_decay', 0.0001)
('feature_dim', 128)
('plr', 0.01)
('lamda', 15)
('K', 5)
('gamma', 1)
('begin_sel', 10)
('max_beta', 20.0)
('mu', 0.01)
('device', device(type='cuda', index=3))
Files already downloaded and verified
Files already downloaded and verified
Client 0, noise level: 0.8430 (0.7587), real noise ratio: 0.8382
Client 1, noise level: 0.7741 (0.6967), real noise ratio: 0.7594
Client 2, noise level: 0.5690 (0.5121), real noise ratio: 0.5711
Client 3, noise level: 0.5494 (0.4944), real noise ratio: 0.5368
Client 4, noise level: 0.6228 (0.5605), real noise ratio: 0.6015
Client 5, noise level: 0.5759 (0.5183), real noise ratio: 0.5394
Client 6, noise level: 0.9630 (0.8667), real noise ratio: 0.9483
Client 7, noise level: 0.8401 (0.7560), real noise ratio: 0.8349
Client 8, noise level: 0.6188 (0.5569), real noise ratio: 0.6015
Client 9, noise level: 0.7844 (0.7060), real noise ratio: 0.7693
Client 10, noise level: 0.7783 (0.7005), real noise ratio: 0.7689
Client 11, noise level: 0.5364 (0.4827), real noise ratio: 0.5361
Client 12, noise level: 0.9199 (0.8279), real noise ratio: 0.8894
Client 13, noise level: 0.7027 (0.6324), real noise ratio: 0.7029
Client 14, noise level: 0.5724 (0.5152), real noise ratio: 0.5604
Client 15, noise level: 0.5955 (0.5359), real noise ratio: 0.5719
Client 16, noise level: 0.7453 (0.6708), real noise ratio: 0.7498
Client 17, noise level: 0.8560 (0.7704), real noise ratio: 0.8561
Client 18, noise level: 0.9925 (0.8932), real noise ratio: 0.9844
Client 19, noise level: 0.9374 (0.8437), real noise ratio: 0.9348
Client 20, noise level: 0.7495 (0.6746), real noise ratio: 0.7428
Client 21, noise level: 0.5534 (0.4981), real noise ratio: 0.5506
Client 22, noise level: 0.9566 (0.8609), real noise ratio: 0.9433
Client 23, noise level: 0.6825 (0.6142), real noise ratio: 0.6830
Client 24, noise level: 0.6133 (0.5520), real noise ratio: 0.6080
Client 25, noise level: 0.9362 (0.8426), real noise ratio: 0.9184
Client 26, noise level: 0.5682 (0.5114), real noise ratio: 0.5527
Client 27, noise level: 0.6182 (0.5564), real noise ratio: 0.6273
Client 28, noise level: 0.7977 (0.7179), real noise ratio: 0.8046
Client 29, noise level: 0.7820 (0.7038), real noise ratio: 0.7787
Client 30, noise level: 0.9795 (0.8815), real noise ratio: 0.9742
Client 31, noise level: 0.7266 (0.6540), real noise ratio: 0.7108
Client 32, noise level: 0.5645 (0.5080), real noise ratio: 0.5623
Client 33, noise level: 0.8803 (0.7923), real noise ratio: 0.8688
Client 34, noise level: 0.6008 (0.5407), real noise ratio: 0.6207
Client 35, noise level: 0.5879 (0.5291), real noise ratio: 0.5970
Client 36, noise level: 0.7186 (0.6467), real noise ratio: 0.7231
Client 37, noise level: 0.6701 (0.6031), real noise ratio: 0.6783
Client 38, noise level: 0.9836 (0.8853), real noise ratio: 0.9796
Client 39, noise level: 0.5715 (0.5144), real noise ratio: 0.5668
Client 40, noise level: 0.9223 (0.8301), real noise ratio: 0.9167
Client 41, noise level: 0.8347 (0.7512), real noise ratio: 0.8242
Client 42, noise level: 0.5547 (0.4992), real noise ratio: 0.5357
Client 43, noise level: 0.5441 (0.4897), real noise ratio: 0.5416
Client 44, noise level: 0.9832 (0.8849), real noise ratio: 0.9725
Client 45, noise level: 0.5971 (0.5374), real noise ratio: 0.6029
Client 46, noise level: 0.5410 (0.4869), real noise ratio: 0.5415
Client 47, noise level: 0.6347 (0.5712), real noise ratio: 0.5992
Client 48, noise level: 0.8251 (0.7426), real noise ratio: 0.8344
Client 49, noise level: 0.7734 (0.6960), real noise ratio: 0.7809
Round 0 global test acc  1.2371
Round 0 Fscore 

[]
Round 1 global test acc  1.1031
Round 1 Fscore 

[]
Round 2 global test acc  1.1649
Round 2 Fscore 

[]
Round 3 global test acc  1.3093
Round 3 Fscore 

[]
Round 4 global test acc  1.4021
Round 4 Fscore 

[]
Round 5 global test acc  1.1546
Round 5 Fscore 

[]
Round 6 global test acc  0.9175
Round 6 Fscore 

[]
Round 7 global test acc  0.9897
Round 7 Fscore 

[]
Round 8 global test acc  1.3918
Round 8 Fscore 

[]
Round 9 global test acc  2.6804
Round 9 Fscore 

[]
Round 10 global test acc  2.0412
Round 10 Fscore 

[]
Round 11 global test acc  1.7010
Round 11 Fscore 

[]
Round 12 global test acc  1.6082
Round 12 Fscore 

[]
Round 13 global test acc  1.6082
Round 13 Fscore 

[]
Round 14 global test acc  1.2990
Round 14 Fscore 

[]
Round 15 global test acc  2.5361
Round 15 Fscore 

[]
Round 16 global test acc  2.8866
Round 16 Fscore 

[]
Round 17 global test acc  2.0928
Round 17 Fscore 

[]
Round 18 global test acc  2.1649
Round 18 Fscore 

[]
Round 19 global test acc  2.2165
Round 19 Fscore 

[]
Round 20 global test acc  2.7423
Round 20 Fscore 

[]
Round 21 global test acc  3.0928
Round 21 Fscore 

[]
Round 22 global test acc  2.7526
Round 22 Fscore 

[]
Round 23 global test acc  2.4124
Round 23 Fscore 

[]
Round 24 global test acc  2.7423
Round 24 Fscore 

[]
Round 25 global test acc  2.8763
Round 25 Fscore 

[]
Round 26 global test acc  2.7423
Round 26 Fscore 

[]
Round 27 global test acc  2.8247
Round 27 Fscore 

[]
Round 28 global test acc  2.3196
Round 28 Fscore 

[]
Round 29 global test acc  3.0619
Round 29 Fscore 

[]
Round 30 global test acc  1.7010
Round 30 Fscore 

[]
Round 31 global test acc  3.0000
Round 31 Fscore 

[]
Round 32 global test acc  2.7010
Round 32 Fscore 

[]
Round 33 global test acc  2.5670
Round 33 Fscore 

[]
Round 34 global test acc  2.9175
Round 34 Fscore 

[]
Round 35 global test acc  3.2062
Round 35 Fscore 

[]
Round 36 global test acc  2.3918
Round 36 Fscore 

[]
Round 37 global test acc  2.8247
Round 37 Fscore 

[]
Round 38 global test acc  3.7113
Round 38 Fscore 

[]
Round 39 global test acc  3.7835
Round 39 Fscore 

[]
Round 40 global test acc  3.2577
Round 40 Fscore 

[]
Round 41 global test acc  3.0515
Round 41 Fscore 

[]
Round 42 global test acc  2.8454
Round 42 Fscore 

[]
Round 43 global test acc  2.4021
Round 43 Fscore 

[]
Round 44 global test acc  2.4021
Round 44 Fscore 

[]
Round 45 global test acc  3.7732
Round 45 Fscore 

[]
Round 46 global test acc  2.3505
Round 46 Fscore 

[]
Round 47 global test acc  2.6495
Round 47 Fscore 

[]
Round 48 global test acc  2.6804
Round 48 Fscore 

[]
Round 49 global test acc  3.0515
Round 49 Fscore 

[]
Round 50 global test acc  3.1649
Round 50 Fscore 

[]
Round 51 global test acc  2.5979
Round 51 Fscore 

[]
Round 52 global test acc  2.7938
Round 52 Fscore 

[]
Round 53 global test acc  3.5567
Round 53 Fscore 

[]
Round 54 global test acc  1.9588
Round 54 Fscore 

[]
Round 55 global test acc  2.6907
Round 55 Fscore 

[]
Round 56 global test acc  2.2268
Round 56 Fscore 

[]
Round 57 global test acc  3.0825
Round 57 Fscore 

[]
Round 58 global test acc  3.4845
Round 58 Fscore 

[]
Round 59 global test acc  3.1443
Round 59 Fscore 

[]
Round 60 global test acc  2.7526
Round 60 Fscore 

[]
Round 61 global test acc  3.1237
Round 61 Fscore 

[]
Round 62 global test acc  2.8969
Round 62 Fscore 

[]
Round 63 global test acc  2.6186
Round 63 Fscore 

[]
Round 64 global test acc  2.8351
Round 64 Fscore 

[]
Round 65 global test acc  2.2268
Round 65 Fscore 

[]
Round 66 global test acc  2.6495
Round 66 Fscore 

[]
Round 67 global test acc  3.9278
Round 67 Fscore 

[]
Round 68 global test acc  2.1546
Round 68 Fscore 

[]
Round 69 global test acc  2.7526
Round 69 Fscore 

[]
Round 70 global test acc  2.6804
Round 70 Fscore 

[]
Round 71 global test acc  2.3711
Round 71 Fscore 

[]
Round 72 global test acc  3.8144
Round 72 Fscore 

[]
Round 73 global test acc  2.9691
Round 73 Fscore 

[]
Round 74 global test acc  2.4742
Round 74 Fscore 

[]
Round 75 global test acc  2.3918
Round 75 Fscore 

[]
Round 76 global test acc  3.2165
Round 76 Fscore 

[]
Round 77 global test acc  3.0619
Round 77 Fscore 

[]
Round 78 global test acc  2.9897
Round 78 Fscore 

[]
Round 79 global test acc  2.3608
Round 79 Fscore 

[]
Round 80 global test acc  2.6804
Round 80 Fscore 

[]
Round 81 global test acc  3.4639
Round 81 Fscore 

[]
Round 82 global test acc  2.9794
Round 82 Fscore 

[]
Round 83 global test acc  2.7835
Round 83 Fscore 

[]
Round 84 global test acc  2.6701
Round 84 Fscore 

[]
Round 85 global test acc  2.7320
Round 85 Fscore 

[]
Round 86 global test acc  3.1134
Round 86 Fscore 

[]
Round 87 global test acc  3.1443
Round 87 Fscore 

[]
Round 88 global test acc  2.4124
Round 88 Fscore 

[]
Round 89 global test acc  2.0928
Round 89 Fscore 

[]
Round 90 global test acc  2.7010
Round 90 Fscore 

[]
Round 91 global test acc  3.1031
Round 91 Fscore 

[]
Round 92 global test acc  2.3093
Round 92 Fscore 

[]
Round 93 global test acc  2.1649
Round 93 Fscore 

[]
Round 94 global test acc  2.6186
Round 94 Fscore 

[]
Round 95 global test acc  2.8969
Round 95 Fscore 

[]
Round 96 global test acc  3.1546
Round 96 Fscore 

[]
Round 97 global test acc  2.9691
Round 97 Fscore 

[]
Round 98 global test acc  2.6495
Round 98 Fscore 

[]
Round 99 global test acc  3.2680
Round 99 Fscore 

[]
Round 100 global test acc  2.6598
Round 100 Fscore 

[]
Round 101 global test acc  2.1856
Round 101 Fscore 

[]
Round 102 global test acc  2.5361
Round 102 Fscore 

[]
Round 103 global test acc  3.6495
Round 103 Fscore 

[]
Round 104 global test acc  3.4845
Round 104 Fscore 

[]
Round 105 global test acc  3.1031
Round 105 Fscore 

[]
Round 106 global test acc  2.2268
Round 106 Fscore 

[]
Round 107 global test acc  2.8351
Round 107 Fscore 

[]
Round 108 global test acc  2.8454
Round 108 Fscore 

[]
Round 109 global test acc  3.5361
Round 109 Fscore 

[]
Round 110 global test acc  3.0000
Round 110 Fscore 

[]
Round 111 global test acc  2.7835
Round 111 Fscore 

[]
Round 112 global test acc  3.6082
Round 112 Fscore 

[]
Round 113 global test acc  2.7010
Round 113 Fscore 

[]
Round 114 global test acc  2.7320
Round 114 Fscore 

[]
Round 115 global test acc  3.6804
Round 115 Fscore 

[]
Round 116 global test acc  3.4742
Round 116 Fscore 

[]
Round 117 global test acc  2.3918
Round 117 Fscore 

[]
Round 118 global test acc  3.2474
Round 118 Fscore 

[]
Round 119 global test acc  3.0206
Round 119 Fscore 

[]
Round 120 global test acc  3.0825
Round 120 Fscore 

[]
Round 121 global test acc  3.9278
Round 121 Fscore 

[]
Round 122 global test acc  3.0309
Round 122 Fscore 

[]
Round 123 global test acc  2.7320
Round 123 Fscore 

[]
Round 124 global test acc  2.5258
Round 124 Fscore 

[]
Round 125 global test acc  2.9485
Round 125 Fscore 

[]
Round 126 global test acc  3.3814
Round 126 Fscore 

[]
Round 127 global test acc  2.9794
Round 127 Fscore 

[]
Round 128 global test acc  3.1134
Round 128 Fscore 

[]
Round 129 global test acc  3.6392
Round 129 Fscore 

[]
Round 130 global test acc  2.5567
Round 130 Fscore 

[]
Round 131 global test acc  2.6495
Round 131 Fscore 

[]
Round 132 global test acc  2.8557
Round 132 Fscore 

[]
Round 133 global test acc  2.9381
Round 133 Fscore 

[]
Round 134 global test acc  3.2062
Round 134 Fscore 

[]
Round 135 global test acc  2.5979
Round 135 Fscore 

[]
Round 136 global test acc  2.7629
Round 136 Fscore 

[]
Round 137 global test acc  3.3402
Round 137 Fscore 

[]
Round 138 global test acc  3.2680
Round 138 Fscore 

[]
Round 139 global test acc  3.2784
Round 139 Fscore 

[]
Round 140 global test acc  2.8969
Round 140 Fscore 

[]
Round 141 global test acc  2.7938
Round 141 Fscore 

[]
Round 142 global test acc  2.8660
Round 142 Fscore 

[]
Round 143 global test acc  2.8866
Round 143 Fscore 

[]
Round 144 global test acc  2.8557
Round 144 Fscore 

[]
Round 145 global test acc  3.0206
Round 145 Fscore 

[]
Round 146 global test acc  3.4845
Round 146 Fscore 

[]
Round 147 global test acc  3.1237
Round 147 Fscore 

[]
Round 148 global test acc  2.7938
Round 148 Fscore 

[]
Round 149 global test acc  3.1546
Round 149 Fscore 

[]
Round 150 global test acc  3.2680
Round 150 Fscore 

[]
Round 151 global test acc  3.1134
Round 151 Fscore 

[]
Round 152 global test acc  3.1134
Round 152 Fscore 

[]
Round 153 global test acc  3.1237
Round 153 Fscore 

[]
Round 154 global test acc  2.7113
Round 154 Fscore 

[]
Round 155 global test acc  2.7113
Round 155 Fscore 

[]
Round 156 global test acc  2.4021
Round 156 Fscore 

[]
Round 157 global test acc  2.7835
Round 157 Fscore 

[]
Round 158 global test acc  3.4330
Round 158 Fscore 

[]
Round 159 global test acc  2.8660
Round 159 Fscore 

[]
Round 160 global test acc  3.2165
Round 160 Fscore 

[]
Round 161 global test acc  2.9897
Round 161 Fscore 

[]
Round 162 global test acc  3.2887
Round 162 Fscore 

[]
Round 163 global test acc  3.5773
Round 163 Fscore 

[]
Round 164 global test acc  2.3608
Round 164 Fscore 

[]
Round 165 global test acc  2.8866
Round 165 Fscore 

[]
Round 166 global test acc  3.0515
Round 166 Fscore 

[]
Round 167 global test acc  2.9691
Round 167 Fscore 

[]
Round 168 global test acc  3.4227
Round 168 Fscore 

[]
Round 169 global test acc  3.4124
Round 169 Fscore 

[]
Round 170 global test acc  3.5567
Round 170 Fscore 

[]
Round 171 global test acc  3.1340
Round 171 Fscore 

[]
Round 172 global test acc  2.9897
Round 172 Fscore 

[]
Round 173 global test acc  3.2062
Round 173 Fscore 

[]
Round 174 global test acc  3.3608
Round 174 Fscore 

[]
Round 175 global test acc  3.2371
Round 175 Fscore 

[]
Round 176 global test acc  2.8247
Round 176 Fscore 

[]
Round 177 global test acc  2.8660
Round 177 Fscore 

[]
Round 178 global test acc  3.2784
Round 178 Fscore 

[]
Round 179 global test acc  2.7010
Round 179 Fscore 

[]
Round 180 global test acc  3.0206
Round 180 Fscore 

[]
Round 181 global test acc  2.9175
Round 181 Fscore 

[]
Round 182 global test acc  2.9175
Round 182 Fscore 

[]
Round 183 global test acc  2.7938
Round 183 Fscore 

[]
Round 184 global test acc  2.8247
Round 184 Fscore 

[]
Round 185 global test acc  3.3093
Round 185 Fscore 

[]
Round 186 global test acc  2.8144
Round 186 Fscore 

[]
Round 187 global test acc  3.2371
Round 187 Fscore 

[]
Round 188 global test acc  3.1443
Round 188 Fscore 

[]
Round 189 global test acc  3.2268
Round 189 Fscore 

[]
Round 190 global test acc  3.0722
Round 190 Fscore 

[]
Round 191 global test acc  3.2887
Round 191 Fscore 

[]
Round 192 global test acc  3.4227
Round 192 Fscore 

[]
Round 193 global test acc  2.9381
Round 193 Fscore 

[]
Round 194 global test acc  2.6701
Round 194 Fscore 

[]
Round 195 global test acc  3.1856
Round 195 Fscore 

[]
Round 196 global test acc  3.0722
Round 196 Fscore 

[]
Round 197 global test acc  2.8660
Round 197 Fscore 

[]
Round 198 global test acc  3.2577
Round 198 Fscore 

[]
Round 199 global test acc  3.2371
Round 199 Fscore 

[]
Round 200 global test acc  3.5773
Round 200 Fscore 

[]
Round 201 global test acc  2.9175
Round 201 Fscore 

[]
Round 202 global test acc  2.9897
Round 202 Fscore 

[]
Round 203 global test acc  3.0206
Round 203 Fscore 

[]
Round 204 global test acc  2.9897
Round 204 Fscore 

[]
Round 205 global test acc  3.0103
Round 205 Fscore 

[]
Round 206 global test acc  3.4330
Round 206 Fscore 

[]
Round 207 global test acc  3.1649
Round 207 Fscore 

[]
Round 208 global test acc  2.7216
Round 208 Fscore 

[]
Round 209 global test acc  2.8866
Round 209 Fscore 

[]
Round 210 global test acc  3.3814
Round 210 Fscore 

[]
Round 211 global test acc  2.8557
Round 211 Fscore 

[]
Round 212 global test acc  3.0412
Round 212 Fscore 

[]
Round 213 global test acc  3.5464
Round 213 Fscore 

[]
Round 214 global test acc  3.1959
Round 214 Fscore 

[]
Round 215 global test acc  3.3402
Round 215 Fscore 

[]
Round 216 global test acc  3.3711
Round 216 Fscore 

[]
Round 217 global test acc  3.1856
Round 217 Fscore 

[]
Round 218 global test acc  2.6907
Round 218 Fscore 

[]
Round 219 global test acc  3.3299
Round 219 Fscore 

[]
Round 220 global test acc  3.4948
Round 220 Fscore 

[]
Round 221 global test acc  3.2268
Round 221 Fscore 

[]
Round 222 global test acc  3.3918
Round 222 Fscore 

[]
Round 223 global test acc  3.0928
Round 223 Fscore 

[]
Round 224 global test acc  3.2474
Round 224 Fscore 

[]
Round 225 global test acc  3.4536
Round 225 Fscore 

[]
Round 226 global test acc  3.3608
Round 226 Fscore 

[]
Round 227 global test acc  3.6701
Round 227 Fscore 

[]
Round 228 global test acc  3.5773
Round 228 Fscore 

[]
Round 229 global test acc  3.7629
Round 229 Fscore 

[]
Round 230 global test acc  3.5155
Round 230 Fscore 

[]
Round 231 global test acc  3.4433
Round 231 Fscore 

[]
Round 232 global test acc  3.2371
Round 232 Fscore 

[]
Round 233 global test acc  3.2371
Round 233 Fscore 

[]
Round 234 global test acc  3.5052
Round 234 Fscore 

[]
Round 235 global test acc  3.4639
Round 235 Fscore 

[]
Round 236 global test acc  3.0928
Round 236 Fscore 

[]
Round 237 global test acc  3.1443
Round 237 Fscore 

[]
Round 238 global test acc  3.0825
Round 238 Fscore 

[]
Round 239 global test acc  3.1959
Round 239 Fscore 

[]
Round 240 global test acc  3.1546
Round 240 Fscore 

[]
Round 241 global test acc  3.1959
Round 241 Fscore 

[]
Round 242 global test acc  3.3505
Round 242 Fscore 

[]
Round 243 global test acc  3.0722
Round 243 Fscore 

[]
Round 244 global test acc  3.2784
Round 244 Fscore 

[]
Round 245 global test acc  3.2990
Round 245 Fscore 

[]
Round 246 global test acc  3.4330
Round 246 Fscore 

[]
Round 247 global test acc  3.4536
Round 247 Fscore 

[]
Round 248 global test acc  3.1959
Round 248 Fscore 

[]
Round 249 global test acc  3.0928
Round 249 Fscore 

[]
Round 250 global test acc  3.2474
Round 250 Fscore 

[]
Round 251 global test acc  3.3093
Round 251 Fscore 

[]
Round 252 global test acc  3.7629
Round 252 Fscore 

[]
Round 253 global test acc  3.6495
Round 253 Fscore 

[]
Round 254 global test acc  3.0619
Round 254 Fscore 

[]
Round 255 global test acc  3.6289
Round 255 Fscore 

[]
Round 256 global test acc  3.0412
Round 256 Fscore 

[]
Round 257 global test acc  3.3093
Round 257 Fscore 

[]
Round 258 global test acc  3.4124
Round 258 Fscore 

[]
Round 259 global test acc  3.6392
Round 259 Fscore 

[]
Round 260 global test acc  3.5155
Round 260 Fscore 

[]
Round 261 global test acc  3.3505
Round 261 Fscore 

[]
Round 262 global test acc  3.5361
Round 262 Fscore 

[]
Round 263 global test acc  3.7320
Round 263 Fscore 

[]
Round 264 global test acc  3.5464
Round 264 Fscore 

[]
Round 265 global test acc  3.1753
Round 265 Fscore 

[]
Round 266 global test acc  3.6289
Round 266 Fscore 

[]
Round 267 global test acc  3.2887
Round 267 Fscore 

[]
Round 268 global test acc  3.1031
Round 268 Fscore 

[]
Round 269 global test acc  3.2784
Round 269 Fscore 

[]
Round 270 global test acc  3.5052
Round 270 Fscore 

[]
Round 271 global test acc  3.2887
Round 271 Fscore 

[]
Round 272 global test acc  3.2990
Round 272 Fscore 

[]
Round 273 global test acc  3.3711
Round 273 Fscore 

[]
Round 274 global test acc  3.3299
Round 274 Fscore 

[]
Round 275 global test acc  3.1649
Round 275 Fscore 

[]
Round 276 global test acc  3.3505
Round 276 Fscore 

[]
Round 277 global test acc  3.1546
Round 277 Fscore 

[]
Round 278 global test acc  3.4948
Round 278 Fscore 

[]
Round 279 global test acc  3.1753
Round 279 Fscore 

[]
Round 280 global test acc  2.7835
Round 280 Fscore 

[]
Round 281 global test acc  3.3299
Round 281 Fscore 

[]
Round 282 global test acc  3.3402
Round 282 Fscore 

[]
Round 283 global test acc  3.4948
Round 283 Fscore 

[]
Round 284 global test acc  3.4330
Round 284 Fscore 

[]
Round 285 global test acc  3.3299
Round 285 Fscore 

[]
Round 286 global test acc  3.3299
Round 286 Fscore 

[]
Round 287 global test acc  3.2784
Round 287 Fscore 

[]
Round 288 global test acc  3.7320
Round 288 Fscore 

[]
Round 289 global test acc  3.6701
Round 289 Fscore 

[]
Round 290 global test acc  3.0825
Round 290 Fscore 

[]
Round 291 global test acc  3.1856
Round 291 Fscore 

[]
Round 292 global test acc  3.2268
Round 292 Fscore 

[]
Round 293 global test acc  3.0619
Round 293 Fscore 

[]
Round 294 global test acc  3.1856
Round 294 Fscore 

[]
Round 295 global test acc  2.8866
Round 295 Fscore 

[]
Round 296 global test acc  3.4742
Round 296 Fscore 

[]
Round 297 global test acc  3.2784
Round 297 Fscore 

[]
Round 298 global test acc  2.8969
Round 298 Fscore 

[]
Round 299 global test acc  3.3711
Round 299 Fscore 

[]
Round 300 global test acc  3.2268
Round 300 Fscore 

[]
Round 301 global test acc  3.1443
Round 301 Fscore 

[]
Round 302 global test acc  3.6701
Round 302 Fscore 

[]
Round 303 global test acc  3.2474
Round 303 Fscore 

[]
Round 304 global test acc  2.6186
Round 304 Fscore 

[]
Round 305 global test acc  3.2062
Round 305 Fscore 

[]
Round 306 global test acc  3.0103
Round 306 Fscore 

[]
Round 307 global test acc  3.0103
Round 307 Fscore 

[]
Round 308 global test acc  3.1443
Round 308 Fscore 

[]
Round 309 global test acc  2.5979
Round 309 Fscore 

[]
Round 310 global test acc  3.2990
Round 310 Fscore 

[]
Round 311 global test acc  3.6598
Round 311 Fscore 

[]
Round 312 global test acc  2.9897
Round 312 Fscore 

[]
Round 313 global test acc  3.2371
Round 313 Fscore 

[]
Round 314 global test acc  3.0412
Round 314 Fscore 

[]
Round 315 global test acc  3.3093
Round 315 Fscore 

[]
Round 316 global test acc  3.1443
Round 316 Fscore 

[]
Round 317 global test acc  3.3093
Round 317 Fscore 

[]
Round 318 global test acc  3.2474
Round 318 Fscore 

[]
Round 319 global test acc  3.0515
Round 319 Fscore 

[]
Round 320 global test acc  3.1959
Round 320 Fscore 

[]
Round 321 global test acc  3.0515
Round 321 Fscore 

[]
Round 322 global test acc  2.8041
Round 322 Fscore 

[]
Round 323 global test acc  3.1753
Round 323 Fscore 

[]
Round 324 global test acc  3.1959
Round 324 Fscore 

[]
Round 325 global test acc  3.3299
Round 325 Fscore 

[]
Round 326 global test acc  3.2784
Round 326 Fscore 

[]
Round 327 global test acc  3.2887
Round 327 Fscore 

[]
Round 328 global test acc  3.1856
Round 328 Fscore 

[]
Round 329 global test acc  3.4742
Round 329 Fscore 

[]
Round 330 global test acc  3.7423
Round 330 Fscore 

[]
Round 331 global test acc  4.1753
Round 331 Fscore 

[]
Round 332 global test acc  3.6598
Round 332 Fscore 

[]
Round 333 global test acc  3.2990
Round 333 Fscore 

[]
Round 334 global test acc  3.5258
Round 334 Fscore 

[]
Round 335 global test acc  2.8866
Round 335 Fscore 

[]
Round 336 global test acc  2.8763
Round 336 Fscore 

[]
Round 337 global test acc  3.2990
Round 337 Fscore 

[]
Round 338 global test acc  3.1649
Round 338 Fscore 

[]
Round 339 global test acc  3.3299
Round 339 Fscore 

[]
Round 340 global test acc  3.2371
Round 340 Fscore 

[]
Round 341 global test acc  3.4330
Round 341 Fscore 

[]
Round 342 global test acc  3.1134
Round 342 Fscore 

[]
Round 343 global test acc  3.4330
Round 343 Fscore 

[]
Round 344 global test acc  3.2062
Round 344 Fscore 

[]
Round 345 global test acc  3.1443
Round 345 Fscore 

[]
Round 346 global test acc  3.2784
Round 346 Fscore 

[]
Round 347 global test acc  3.3196
Round 347 Fscore 

[]
Round 348 global test acc  3.3608
Round 348 Fscore 

[]
Round 349 global test acc  3.5670
Round 349 Fscore 

[]
Round 350 global test acc  3.5155
Round 350 Fscore 

[]
Round 351 global test acc  3.4124
Round 351 Fscore 

[]
Round 352 global test acc  3.3093
Round 352 Fscore 

[]
Round 353 global test acc  3.2165
Round 353 Fscore 

[]
Round 354 global test acc  2.9588
Round 354 Fscore 

[]
Round 355 global test acc  3.0000
Round 355 Fscore 

[]
Round 356 global test acc  3.1856
Round 356 Fscore 

[]
Round 357 global test acc  3.2474
Round 357 Fscore 

[]
Round 358 global test acc  2.9794
Round 358 Fscore 

[]
Round 359 global test acc  3.2474
Round 359 Fscore 

[]
Round 360 global test acc  3.3608
Round 360 Fscore 

[]
Round 361 global test acc  3.2474
Round 361 Fscore 

[]
Round 362 global test acc  2.7938
Round 362 Fscore 

[]
Round 363 global test acc  3.0412
Round 363 Fscore 

[]
Round 364 global test acc  3.1959
Round 364 Fscore 

[]
Round 365 global test acc  3.0722
Round 365 Fscore 

[]
Round 366 global test acc  3.3608
Round 366 Fscore 

[]
Round 367 global test acc  3.2268
Round 367 Fscore 

[]
Round 368 global test acc  2.6598
Round 368 Fscore 

[]
Round 369 global test acc  3.1753
Round 369 Fscore 

[]
Round 370 global test acc  3.1134
Round 370 Fscore 

[]
Round 371 global test acc  3.3608
Round 371 Fscore 

[]
Round 372 global test acc  3.1031
Round 372 Fscore 

[]
Round 373 global test acc  2.8660
Round 373 Fscore 

[]
Round 374 global test acc  3.1959
Round 374 Fscore 

[]
Round 375 global test acc  3.3093
Round 375 Fscore 

[]
Round 376 global test acc  2.7113
Round 376 Fscore 

[]
Round 377 global test acc  2.8454
Round 377 Fscore 

[]
Round 378 global test acc  3.1856
Round 378 Fscore 

[]
Round 379 global test acc  3.1753
Round 379 Fscore 

[]
Round 380 global test acc  3.0103
Round 380 Fscore 

[]
Round 381 global test acc  3.1443
Round 381 Fscore 

[]
Round 382 global test acc  3.0309
Round 382 Fscore 

[]
Round 383 global test acc  3.0309
Round 383 Fscore 

[]
Round 384 global test acc  2.9381
Round 384 Fscore 

[]
Round 385 global test acc  2.8454
Round 385 Fscore 

[]
Round 386 global test acc  3.0722
Round 386 Fscore 

[]
Round 387 global test acc  3.1134
Round 387 Fscore 

[]
Round 388 global test acc  3.2474
Round 388 Fscore 

[]
Round 389 global test acc  3.3608
Round 389 Fscore 

[]
Round 390 global test acc  3.1134
Round 390 Fscore 

[]
Round 391 global test acc  3.0000
Round 391 Fscore 

[]
Round 392 global test acc  3.2577
Round 392 Fscore 

[]
Round 393 global test acc  3.0206
Round 393 Fscore 

[]
Round 394 global test acc  3.3299
Round 394 Fscore 

[]
Round 395 global test acc  2.8763
Round 395 Fscore 

[]
Round 396 global test acc  3.4742
Round 396 Fscore 

[]
Round 397 global test acc  3.4227
Round 397 Fscore 

[]
Round 398 global test acc  3.5567
Round 398 Fscore 

[]
Round 399 global test acc  3.1546
Round 399 Fscore 

[]
Round 400 global test acc  2.9691
Round 400 Fscore 

[]
Round 401 global test acc  2.8969
Round 401 Fscore 

[]
Round 402 global test acc  3.2165
Round 402 Fscore 

[]
Round 403 global test acc  2.8351
Round 403 Fscore 

[]
Round 404 global test acc  3.1753
Round 404 Fscore 

[]
Round 405 global test acc  3.0309
Round 405 Fscore 

[]
Round 406 global test acc  2.8557
Round 406 Fscore 

[]
Round 407 global test acc  2.8454
Round 407 Fscore 

[]
Round 408 global test acc  3.0515
Round 408 Fscore 

[]
Round 409 global test acc  3.4227
Round 409 Fscore 

[]
Round 410 global test acc  2.9794
Round 410 Fscore 

[]
Round 411 global test acc  2.8866
Round 411 Fscore 

[]
Round 412 global test acc  3.1649
Round 412 Fscore 

[]
Round 413 global test acc  3.1649
Round 413 Fscore 

[]
Round 414 global test acc  3.0412
Round 414 Fscore 

[]
Round 415 global test acc  3.1031
Round 415 Fscore 

[]
Round 416 global test acc  3.1031
Round 416 Fscore 

[]
Round 417 global test acc  3.3402
Round 417 Fscore 

[]
Round 418 global test acc  3.2371
Round 418 Fscore 

[]
Round 419 global test acc  3.1649
Round 419 Fscore 

[]
Round 420 global test acc  3.1959
Round 420 Fscore 

[]
Round 421 global test acc  3.2371
Round 421 Fscore 

[]
Round 422 global test acc  3.3505
Round 422 Fscore 

[]
Round 423 global test acc  3.4227
Round 423 Fscore 

[]
Round 424 global test acc  3.1443
Round 424 Fscore 

[]
Round 425 global test acc  3.2887
Round 425 Fscore 

[]
Round 426 global test acc  3.4330
Round 426 Fscore 

[]
Round 427 global test acc  3.1443
Round 427 Fscore 

[]
Round 428 global test acc  3.2474
Round 428 Fscore 

[]
Round 429 global test acc  3.2268
Round 429 Fscore 

[]
Round 430 global test acc  3.5361
Round 430 Fscore 

[]
Round 431 global test acc  2.9691
Round 431 Fscore 

[]
Round 432 global test acc  3.0515
Round 432 Fscore 

[]
Round 433 global test acc  3.1959
Round 433 Fscore 

[]
Round 434 global test acc  3.0928
Round 434 Fscore 

[]
Round 435 global test acc  3.2165
Round 435 Fscore 

[]
Round 436 global test acc  3.4845
Round 436 Fscore 

[]
Round 437 global test acc  3.7320
Round 437 Fscore 

[]
Round 438 global test acc  3.4742
Round 438 Fscore 

[]
Round 439 global test acc  3.3196
Round 439 Fscore 

[]
Round 440 global test acc  3.1443
Round 440 Fscore 

[]
Round 441 global test acc  3.3093
Round 441 Fscore 

[]
Round 442 global test acc  3.2887
Round 442 Fscore 

[]
Round 443 global test acc  3.1443
Round 443 Fscore 

[]
Round 444 global test acc  2.9278
Round 444 Fscore 

[]
Round 445 global test acc  3.3711
Round 445 Fscore 

[]
Round 446 global test acc  3.1753
Round 446 Fscore 

[]
Round 447 global test acc  3.5979
Round 447 Fscore 

[]
Round 448 global test acc  3.7732
Round 448 Fscore 

[]
Round 449 global test acc  3.5567
Round 449 Fscore 

[0.27741938829421997, 0.3850267231464386, 0.5979827046394348, 0.6317152380943298, 0.5684877038002014, 0.6285714507102966, 0.09838997572660446, 0.2782764732837677, 0.5680555105209351, 0.37386271357536316, 0.3741152882575989, 0.631441593170166, 0.19767440855503082, 0.45549318194389343, 0.6097240447998047, 0.5989386439323425, 0.39939939975738525, 0.2516411244869232, 0.030685918405652046, 0.12241224944591522, 0.4091266095638275, 0.6190135478973389, 0.10556622594594955, 0.47771838307380676, 0.562663197517395, 0.15090543031692505, 0.6181556582450867, 0.5422297716140747, 0.32389581203460693, 0.35695984959602356, 0.05026178061962128, 0.44865721464157104, 0.6065200567245483, 0.22914756834506989, 0.5487719774246216, 0.5744681358337402, 0.4320712685585022, 0.4844236969947815, 0.040042150765657425, 0.6020328402519226, 0.15227483212947845, 0.2979651093482971, 0.6326393485069275, 0.6281441450119019, 0.05351833626627922, 0.5665931105613708, 0.6276021599769592, 0.5690608024597168, 0.2841726839542389, 0.3559632897377014]
time : 50275.23304152489
max_beta = 1.0
('algorithm', 'MR')
('gpu', 3)
('seed', 13)
('save_dir', './record/')
('rounds2', 450)
('local_ep', 5)
('frac2', 0.2)
('num_users', 50)
('local_bs', 32)
('lr', 0.01)
('model', 'resnet34')
('num_classes', 10)
('level_n_system', 1.0)
('level_n_lowerb', 0.5)
('alpha_dirichlet', 10)
('non_iid_prob_class', 0.7)
('dataset', 'cifar100')
('iid', False)
('LID_k', 20)
('iteration1', 5)
('rounds1', 200)
('frac1', 0.001)
('pretrained', False)
('mixup', False)
('alpha', 1)
('beta', 5)
('relabel_ratio', 0.5)
('confidence_thres', 0.5)
('clean_set_thres', 0.1)
('fine_tuning', True)
('correction', True)
('T_pl', 100)
('lambda_cen', 1.0)
('lambda_e', 0.8)
('num_gradual', 10)
('forget_rate', 0.2)
('lr_decay', 0.1)
('schedule', [])
('momentum', 0.5)
('weight_decay', 0.0001)
('feature_dim', 128)
('plr', 0.01)
('lamda', 15)
('K', 5)
('gamma', 1)
('begin_sel', 10)
('max_beta', 1.0)
('with_correction', False)
('without_CR', False)
('without_alternative_update', False)
('without_regularization_term', False)
('mu', 0.01)
('device', device(type='cuda', index=3))
Files already downloaded and verified
Files already downloaded and verified
Client 0, noise level: 0.8430 (0.7587), real noise ratio: 0.8382
Client 1, noise level: 0.7741 (0.6967), real noise ratio: 0.7594
Client 2, noise level: 0.5690 (0.5121), real noise ratio: 0.5711
Client 3, noise level: 0.5494 (0.4944), real noise ratio: 0.5368
Client 4, noise level: 0.6228 (0.5605), real noise ratio: 0.6015
Client 5, noise level: 0.5759 (0.5183), real noise ratio: 0.5394
Client 6, noise level: 0.9630 (0.8667), real noise ratio: 0.9483
Client 7, noise level: 0.8401 (0.7560), real noise ratio: 0.8349
Client 8, noise level: 0.6188 (0.5569), real noise ratio: 0.6015
Client 9, noise level: 0.7844 (0.7060), real noise ratio: 0.7693
Client 10, noise level: 0.7783 (0.7005), real noise ratio: 0.7689
Client 11, noise level: 0.5364 (0.4827), real noise ratio: 0.5361
Client 12, noise level: 0.9199 (0.8279), real noise ratio: 0.8894
Client 13, noise level: 0.7027 (0.6324), real noise ratio: 0.7029
Client 14, noise level: 0.5724 (0.5152), real noise ratio: 0.5604
Client 15, noise level: 0.5955 (0.5359), real noise ratio: 0.5719
Client 16, noise level: 0.7453 (0.6708), real noise ratio: 0.7498
Client 17, noise level: 0.8560 (0.7704), real noise ratio: 0.8561
Client 18, noise level: 0.9925 (0.8932), real noise ratio: 0.9844
Client 19, noise level: 0.9374 (0.8437), real noise ratio: 0.9348
Client 20, noise level: 0.7495 (0.6746), real noise ratio: 0.7428
Client 21, noise level: 0.5534 (0.4981), real noise ratio: 0.5506
Client 22, noise level: 0.9566 (0.8609), real noise ratio: 0.9433
Client 23, noise level: 0.6825 (0.6142), real noise ratio: 0.6830
Client 24, noise level: 0.6133 (0.5520), real noise ratio: 0.6080
Client 25, noise level: 0.9362 (0.8426), real noise ratio: 0.9184
Client 26, noise level: 0.5682 (0.5114), real noise ratio: 0.5527
Client 27, noise level: 0.6182 (0.5564), real noise ratio: 0.6273
Client 28, noise level: 0.7977 (0.7179), real noise ratio: 0.8046
Client 29, noise level: 0.7820 (0.7038), real noise ratio: 0.7787
Client 30, noise level: 0.9795 (0.8815), real noise ratio: 0.9742
Client 31, noise level: 0.7266 (0.6540), real noise ratio: 0.7108
Client 32, noise level: 0.5645 (0.5080), real noise ratio: 0.5623
Client 33, noise level: 0.8803 (0.7923), real noise ratio: 0.8688
Client 34, noise level: 0.6008 (0.5407), real noise ratio: 0.6207
Client 35, noise level: 0.5879 (0.5291), real noise ratio: 0.5970
Client 36, noise level: 0.7186 (0.6467), real noise ratio: 0.7231
Client 37, noise level: 0.6701 (0.6031), real noise ratio: 0.6783
Client 38, noise level: 0.9836 (0.8853), real noise ratio: 0.9796
Client 39, noise level: 0.5715 (0.5144), real noise ratio: 0.5668
Client 40, noise level: 0.9223 (0.8301), real noise ratio: 0.9167
Client 41, noise level: 0.8347 (0.7512), real noise ratio: 0.8242
Client 42, noise level: 0.5547 (0.4992), real noise ratio: 0.5357
Client 43, noise level: 0.5441 (0.4897), real noise ratio: 0.5416
Client 44, noise level: 0.9832 (0.8849), real noise ratio: 0.9725
Client 45, noise level: 0.5971 (0.5374), real noise ratio: 0.6029
Client 46, noise level: 0.5410 (0.4869), real noise ratio: 0.5415
Client 47, noise level: 0.6347 (0.5712), real noise ratio: 0.5992
Client 48, noise level: 0.8251 (0.7426), real noise ratio: 0.8344
Client 49, noise level: 0.7734 (0.6960), real noise ratio: 0.7809
Round 0 global test acc  1.1753
Round 0 Fscore 

[]
Round 1 global test acc  1.0619
Round 1 Fscore 

[]
Round 2 global test acc  1.1443
Round 2 Fscore 

[]
Round 3 global test acc  1.3608
Round 3 Fscore 

[]
Round 4 global test acc  1.5052
Round 4 Fscore 

[]
Round 5 global test acc  1.1753
Round 5 Fscore 

[]
Round 6 global test acc  1.3093
Round 6 Fscore 

[]
Round 7 global test acc  1.7629
Round 7 Fscore 

[]
Round 8 global test acc  2.0825
Round 8 Fscore 

[]
Round 9 global test acc  2.9691
Round 9 Fscore 

[]
Round 10 global test acc  2.4330
Round 10 Fscore 

[]
Round 11 global test acc  2.1237
Round 11 Fscore 

[]
Round 12 global test acc  2.1443
Round 12 Fscore 

[]
Round 13 global test acc  2.2165
Round 13 Fscore 

[]
Round 14 global test acc  1.6598
Round 14 Fscore 

[]
Round 15 global test acc  3.4536
Round 15 Fscore 

[]
Round 16 global test acc  3.6701
Round 16 Fscore 

[]
Round 17 global test acc  2.9175
Round 17 Fscore 

[]
Round 18 global test acc  2.4124
Round 18 Fscore 

[]
Round 19 global test acc  2.4433
Round 19 Fscore 

[]
Round 20 global test acc  2.8041
Round 20 Fscore 

[]
Round 21 global test acc  2.8454
Round 21 Fscore 

[]
Round 22 global test acc  2.4021
Round 22 Fscore 

[]
Round 23 global test acc  2.6289
Round 23 Fscore 

[]
Round 24 global test acc  3.1031
Round 24 Fscore 

[]
Round 25 global test acc  3.2062
Round 25 Fscore 

[]
Round 26 global test acc  2.9175
Round 26 Fscore 

[]
Round 27 global test acc  3.0928
Round 27 Fscore 

[]
Round 28 global test acc  2.7938
Round 28 Fscore 

[]
Round 29 global test acc  3.2474
Round 29 Fscore 

[]
Round 30 global test acc  1.7010
Round 30 Fscore 

[]
Round 31 global test acc  2.5258
Round 31 Fscore 

[]
Round 32 global test acc  2.5979
Round 32 Fscore 

[]
Round 33 global test acc  2.6186
Round 33 Fscore 

[]
Round 34 global test acc  2.9175
Round 34 Fscore 

[]
Round 35 global test acc  3.5567
Round 35 Fscore 

[]
Round 36 global test acc  2.2268
Round 36 Fscore 

[]
Round 37 global test acc  2.8041
Round 37 Fscore 

[]
Round 38 global test acc  4.3918
Round 38 Fscore 

[]
Round 39 global test acc  3.8041
Round 39 Fscore 

[]
Round 40 global test acc  2.9691
Round 40 Fscore 

[]
Round 41 global test acc  3.4845
Round 41 Fscore 

[]
Round 42 global test acc  3.0000
Round 42 Fscore 

[]
Round 43 global test acc  2.5464
Round 43 Fscore 

[]
Round 44 global test acc  2.3814
Round 44 Fscore 

[]
Round 45 global test acc  4.0000
Round 45 Fscore 

[]
Round 46 global test acc  2.2371
Round 46 Fscore 

[]
Round 47 global test acc  2.5361
Round 47 Fscore 

[]
Round 48 global test acc  3.2887
Round 48 Fscore 

[]
Round 49 global test acc  3.0206
Round 49 Fscore 

[]
Round 50 global test acc  3.1649
Round 50 Fscore 

[]
Round 51 global test acc  2.7835
Round 51 Fscore 

[]
Round 52 global test acc  2.8351
Round 52 Fscore 

[]
Round 53 global test acc  3.0000
Round 53 Fscore 

[]
Round 54 global test acc  2.1340
Round 54 Fscore 

[]
Round 55 global test acc  2.4742
Round 55 Fscore 

[]
Round 56 global test acc  2.1340
Round 56 Fscore 

[]
Round 57 global test acc  3.2887
Round 57 Fscore 

[]
Round 58 global test acc  3.2577
Round 58 Fscore 

[]
Round 59 global test acc  2.8969
Round 59 Fscore 

[]
Round 60 global test acc  3.1237
Round 60 Fscore 

[]
Round 61 global test acc  2.6907
Round 61 Fscore 

[]
Round 62 global test acc  2.7938
Round 62 Fscore 

[]
Round 63 global test acc  2.6907
Round 63 Fscore 

[]
Round 64 global test acc  3.4124
Round 64 Fscore 

[]
Round 65 global test acc  2.4639
Round 65 Fscore 

[]
Round 66 global test acc  3.0515
Round 66 Fscore 

[]
Round 67 global test acc  3.5258
Round 67 Fscore 

[]
Round 68 global test acc  2.2371
Round 68 Fscore 

[]
Round 69 global test acc  2.7835
Round 69 Fscore 

[]
Round 70 global test acc  2.6495
Round 70 Fscore 

[]
Round 71 global test acc  2.7732
Round 71 Fscore 

[]
Round 72 global test acc  3.5773
Round 72 Fscore 

[]
Round 73 global test acc  2.9175
Round 73 Fscore 

[]
Round 74 global test acc  2.9588
Round 74 Fscore 

[]
Round 75 global test acc  2.3608
Round 75 Fscore 

[]
Round 76 global test acc  3.0619
Round 76 Fscore 

[]
Round 77 global test acc  3.2165
Round 77 Fscore 

[]
Round 78 global test acc  3.5979
Round 78 Fscore 

[]
Round 79 global test acc  2.4536
Round 79 Fscore 

[]
Round 80 global test acc  3.0206
Round 80 Fscore 

[]
Round 81 global test acc  3.7113
Round 81 Fscore 

[]
Round 82 global test acc  3.3196
Round 82 Fscore 

[]
Round 83 global test acc  2.9072
Round 83 Fscore 

[]
Round 84 global test acc  2.6907
Round 84 Fscore 

[]
Round 85 global test acc  2.5567
Round 85 Fscore 

[]
Round 86 global test acc  2.9381
Round 86 Fscore 

[]
Round 87 global test acc  2.9588
Round 87 Fscore 

[]
Round 88 global test acc  2.2990
Round 88 Fscore 

[]
Round 89 global test acc  2.2680
Round 89 Fscore 

[]
Round 90 global test acc  2.4639
Round 90 Fscore 

[]
Round 91 global test acc  3.4845
Round 91 Fscore 

[]
Round 92 global test acc  2.8866
Round 92 Fscore 

[]
Round 93 global test acc  2.5464
Round 93 Fscore 

[]
Round 94 global test acc  3.1237
Round 94 Fscore 

[]
Round 95 global test acc  3.1031
Round 95 Fscore 

[]
Round 96 global test acc  3.1546
Round 96 Fscore 

[]
Round 97 global test acc  2.8041
Round 97 Fscore 

[]
Round 98 global test acc  2.5258
Round 98 Fscore 

[]
Round 99 global test acc  3.4227
Round 99 Fscore 

[]
Round 100 global test acc  2.8763
Round 100 Fscore 

[]
Round 101 global test acc  2.4021
Round 101 Fscore 

[]
Round 102 global test acc  2.4948
Round 102 Fscore 

[]
Round 103 global test acc  3.3918
Round 103 Fscore 

[]
Round 104 global test acc  3.2371
Round 104 Fscore 

[]
Round 105 global test acc  3.3505
Round 105 Fscore 

[]
Round 106 global test acc  3.0825
Round 106 Fscore 

[]
Round 107 global test acc  3.0000
Round 107 Fscore 

[]
Round 108 global test acc  3.0825
Round 108 Fscore 

[]
Round 109 global test acc  3.7216
Round 109 Fscore 

[]
Round 110 global test acc  3.2990
Round 110 Fscore 

[]
Round 111 global test acc  3.1753
Round 111 Fscore 

[]
Round 112 global test acc  3.9175
Round 112 Fscore 

[]
Round 113 global test acc  3.2268
Round 113 Fscore 

[]
Round 114 global test acc  3.1237
Round 114 Fscore 

[]
Round 115 global test acc  3.7835
Round 115 Fscore 

[]
Round 116 global test acc  3.5876
Round 116 Fscore 

[]
Round 117 global test acc  2.8144
Round 117 Fscore 

[]
Round 118 global test acc  3.4536
Round 118 Fscore 

[]
Round 119 global test acc  3.1340
Round 119 Fscore 

[]
Round 120 global test acc  2.8144
Round 120 Fscore 

[]
Round 121 global test acc  4.0412
Round 121 Fscore 

[]
Round 122 global test acc  2.9485
Round 122 Fscore 

[]
Round 123 global test acc  2.8041
Round 123 Fscore 

[]
Round 124 global test acc  2.5361
Round 124 Fscore 

[]
Round 125 global test acc  3.6082
Round 125 Fscore 

[]
Round 126 global test acc  3.8763
Round 126 Fscore 

[]
Round 127 global test acc  3.1546
Round 127 Fscore 

[]
Round 128 global test acc  3.2474
Round 128 Fscore 

[]
Round 129 global test acc  4.0309
Round 129 Fscore 

[]
Round 130 global test acc  3.1237
Round 130 Fscore 

[]
Round 131 global test acc  2.9794
Round 131 Fscore 

[]
Round 132 global test acc  3.2784
Round 132 Fscore 

[]
Round 133 global test acc  3.4845
Round 133 Fscore 

[]
Round 134 global test acc  3.4639
Round 134 Fscore 

[]
Round 135 global test acc  2.7113
Round 135 Fscore 

[]
Round 136 global test acc  2.9794
Round 136 Fscore 

[]
Round 137 global test acc  3.2062
Round 137 Fscore 

[]
Round 138 global test acc  3.2887
Round 138 Fscore 

[]
Round 139 global test acc  3.3608
Round 139 Fscore 

[]
Round 140 global test acc  3.1649
Round 140 Fscore 

[]
Round 141 global test acc  3.5876
Round 141 Fscore 

[]
Round 142 global test acc  3.1237
Round 142 Fscore 

[]
Round 143 global test acc  3.0000
Round 143 Fscore 

[]
Round 144 global test acc  3.2784
Round 144 Fscore 

[]
Round 145 global test acc  3.4639
Round 145 Fscore 

[]
Round 146 global test acc  3.5052
Round 146 Fscore 

[]
Round 147 global test acc  3.5258
Round 147 Fscore 

[]
Round 148 global test acc  3.0000
Round 148 Fscore 

[]
Round 149 global test acc  3.7423
Round 149 Fscore 

[]
Round 150 global test acc  3.5258
Round 150 Fscore 

[]
Round 151 global test acc  3.4742
Round 151 Fscore 

[]
Round 152 global test acc  3.2062
Round 152 Fscore 

[]
Round 153 global test acc  3.6804
Round 153 Fscore 

[]
Round 154 global test acc  3.3711
Round 154 Fscore 

[]
Round 155 global test acc  3.3918
Round 155 Fscore 

[]
Round 156 global test acc  2.7423
Round 156 Fscore 

[]
Round 157 global test acc  2.7216
Round 157 Fscore 

[]
Round 158 global test acc  3.6392
Round 158 Fscore 

[]
Round 159 global test acc  2.9794
Round 159 Fscore 

[]
Round 160 global test acc  3.5464
Round 160 Fscore 

[]
Round 161 global test acc  3.3608
Round 161 Fscore 

[]
Round 162 global test acc  3.5155
Round 162 Fscore 

[]
Round 163 global test acc  3.4639
Round 163 Fscore 

[]
Round 164 global test acc  3.1649
Round 164 Fscore 

[]
Round 165 global test acc  3.3608
Round 165 Fscore 

[]
Round 166 global test acc  3.2371
Round 166 Fscore 

[]
Round 167 global test acc  3.5979
Round 167 Fscore 

[]
Round 168 global test acc  3.8557
Round 168 Fscore 

[]
Round 169 global test acc  3.2784
Round 169 Fscore 

[]
Round 170 global test acc  3.7113
Round 170 Fscore 

[]
Round 171 global test acc  3.2990
Round 171 Fscore 

[]
Round 172 global test acc  3.1443
Round 172 Fscore 

[]
Round 173 global test acc  3.4124
Round 173 Fscore 

[]
Round 174 global test acc  3.6392
Round 174 Fscore 

[]
Round 175 global test acc  3.3814
Round 175 Fscore 

[]
Round 176 global test acc  2.9278
Round 176 Fscore 

[]
Round 177 global test acc  2.7629
Round 177 Fscore 

[]
Round 178 global test acc  3.1237
Round 178 Fscore 

[]
Round 179 global test acc  3.0206
Round 179 Fscore 

[]
Round 180 global test acc  3.2268
Round 180 Fscore 

[]
Round 181 global test acc  3.0103
Round 181 Fscore 

[]
Round 182 global test acc  3.3402
Round 182 Fscore 

[]
Round 183 global test acc  2.9588
Round 183 Fscore 

[]
Round 184 global test acc  2.8454
Round 184 Fscore 

[]
Round 185 global test acc  3.2680
Round 185 Fscore 

[]
Round 186 global test acc  3.2268
Round 186 Fscore 

[]
Round 187 global test acc  3.1134
Round 187 Fscore 

[]
Round 188 global test acc  3.1856
Round 188 Fscore 

[]
Round 189 global test acc  3.2474
Round 189 Fscore 

[]
Round 190 global test acc  3.0000
Round 190 Fscore 

[]
Round 191 global test acc  3.2784
Round 191 Fscore 

[]
Round 192 global test acc  3.0722
Round 192 Fscore 

[]
Round 193 global test acc  3.2680
Round 193 Fscore 

[]
Round 194 global test acc  2.9691
Round 194 Fscore 

[]
Round 195 global test acc  3.3196
Round 195 Fscore 

[]
Round 196 global test acc  3.3299
Round 196 Fscore 

[]
Round 197 global test acc  3.1649
Round 197 Fscore 

[]
Round 198 global test acc  3.8351
Round 198 Fscore 

[]
Round 199 global test acc  3.7320
Round 199 Fscore 

[]
Round 200 global test acc  4.0515
Round 200 Fscore 

[]
Round 201 global test acc  3.9897
Round 201 Fscore 

[]
Round 202 global test acc  3.5876
Round 202 Fscore 

[]
Round 203 global test acc  3.3299
Round 203 Fscore 

[]
Round 204 global test acc  3.4227
Round 204 Fscore 

[]
Round 205 global test acc  3.9175
Round 205 Fscore 

[]
Round 206 global test acc  3.8144
Round 206 Fscore 

[]
Round 207 global test acc  3.7732
Round 207 Fscore 

[]
Round 208 global test acc  3.6392
Round 208 Fscore 

[]
Round 209 global test acc  3.5052
Round 209 Fscore 

[]
Round 210 global test acc  4.1134
Round 210 Fscore 

[]
Round 211 global test acc  3.2784
Round 211 Fscore 

[]
Round 212 global test acc  3.6289
Round 212 Fscore 

[]
Round 213 global test acc  3.6907
Round 213 Fscore 

[]
Round 214 global test acc  3.0206
Round 214 Fscore 

[]
Round 215 global test acc  3.1959
Round 215 Fscore 

[]
Round 216 global test acc  3.2577
Round 216 Fscore 

[]
Round 217 global test acc  3.4124
Round 217 Fscore 

[]
Round 218 global test acc  3.3711
Round 218 Fscore 

[]
Round 219 global test acc  3.4330
Round 219 Fscore 

[]
Round 220 global test acc  3.5876
Round 220 Fscore 

[]
Round 221 global test acc  3.5567
Round 221 Fscore 

[]
Round 222 global test acc  3.6082
Round 222 Fscore 

[]
Round 223 global test acc  3.0825
Round 223 Fscore 

[]
Round 224 global test acc  3.4845
Round 224 Fscore 

[]
Round 225 global test acc  3.5979
Round 225 Fscore 

[]
Round 226 global test acc  3.5464
Round 226 Fscore 

[]
Round 227 global test acc  4.1546
Round 227 Fscore 

[]
Round 228 global test acc  3.5979
Round 228 Fscore 

[]
Round 229 global test acc  3.3093
Round 229 Fscore 

[]
Round 230 global test acc  3.5773
Round 230 Fscore 

[]
Round 231 global test acc  3.2680
Round 231 Fscore 

[]
Round 232 global test acc  3.4948
Round 232 Fscore 

[]
Round 233 global test acc  3.7938
Round 233 Fscore 

[]
Round 234 global test acc  3.6907
Round 234 Fscore 

[]
Round 235 global test acc  3.4742
Round 235 Fscore 

[]
Round 236 global test acc  3.4227
Round 236 Fscore 

[]
Round 237 global test acc  3.5258
Round 237 Fscore 

[]
Round 238 global test acc  3.4845
Round 238 Fscore 

[]
Round 239 global test acc  3.3402
Round 239 Fscore 

[]
Round 240 global test acc  3.1649
Round 240 Fscore 

[]
Round 241 global test acc  3.5052
Round 241 Fscore 

[]
Round 242 global test acc  3.3608
Round 242 Fscore 

[]
Round 243 global test acc  3.2887
Round 243 Fscore 

[]
Round 244 global test acc  3.5464
Round 244 Fscore 

[]
Round 245 global test acc  3.8557
Round 245 Fscore 

[]
Round 246 global test acc  3.7835
Round 246 Fscore 

[]
Round 247 global test acc  3.6392
Round 247 Fscore 

[]
Round 248 global test acc  3.4021
Round 248 Fscore 

[]
Round 249 global test acc  3.5567
Round 249 Fscore 

[]
Round 250 global test acc  3.5052
Round 250 Fscore 

[]
Round 251 global test acc  3.3711
Round 251 Fscore 

[]
Round 252 global test acc  3.7938
Round 252 Fscore 

[]
Round 253 global test acc  3.1340
Round 253 Fscore 

[]
Round 254 global test acc  3.2990
Round 254 Fscore 

[]
Round 255 global test acc  3.2680
Round 255 Fscore 

[]
Round 256 global test acc  3.4227
Round 256 Fscore 

[]
Round 257 global test acc  3.4124
Round 257 Fscore 

[]
Round 258 global test acc  3.7113
Round 258 Fscore 

[]
Round 259 global test acc  3.3505
Round 259 Fscore 

[]
Round 260 global test acc  3.8969
Round 260 Fscore 

[]
Round 261 global test acc  3.4021
Round 261 Fscore 

[]
Round 262 global test acc  3.1546
Round 262 Fscore 

[]
Round 263 global test acc  3.5361
Round 263 Fscore 

[]
Round 264 global test acc  2.9381
Round 264 Fscore 

[]
Round 265 global test acc  2.9691
Round 265 Fscore 

[]
Round 266 global test acc  3.1649
Round 266 Fscore 

[]
Round 267 global test acc  3.1959
Round 267 Fscore 

[]
Round 268 global test acc  3.4227
Round 268 Fscore 

[]
Round 269 global test acc  3.7010
Round 269 Fscore 

[]
Round 270 global test acc  3.7010
Round 270 Fscore 

[]
Round 271 global test acc  3.2887
Round 271 Fscore 

[]
Round 272 global test acc  3.3505
Round 272 Fscore 

[]
Round 273 global test acc  3.5361
Round 273 Fscore 

[]
Round 274 global test acc  3.6495
Round 274 Fscore 

[]
Round 275 global test acc  3.5052
Round 275 Fscore 

[]
Round 276 global test acc  3.4433
Round 276 Fscore 

[]
Round 277 global test acc  3.0928
Round 277 Fscore 

[]
Round 278 global test acc  3.4227
Round 278 Fscore 

[]
Round 279 global test acc  3.7423
Round 279 Fscore 

[]
Round 280 global test acc  3.4742
Round 280 Fscore 

[]
Round 281 global test acc  3.6082
Round 281 Fscore 

[]
Round 282 global test acc  3.3402
Round 282 Fscore 

[]
Round 283 global test acc  3.5258
Round 283 Fscore 

[]
Round 284 global test acc  3.5876
Round 284 Fscore 

[]
Round 285 global test acc  3.5773
Round 285 Fscore 

[]
Round 286 global test acc  3.5155
Round 286 Fscore 

[]
Round 287 global test acc  3.4845
Round 287 Fscore 

[]
Round 288 global test acc  3.8660
Round 288 Fscore 

[]
Round 289 global test acc  3.6701
Round 289 Fscore 

[]
Round 290 global test acc  3.2577
Round 290 Fscore 

[]
Round 291 global test acc  3.6289
Round 291 Fscore 

[]
Round 292 global test acc  3.4845
Round 292 Fscore 

[]
Round 293 global test acc  3.8454
Round 293 Fscore 

[]
Round 294 global test acc  3.5979
Round 294 Fscore 

[]
Round 295 global test acc  3.3299
Round 295 Fscore 

[]
Round 296 global test acc  3.8557
Round 296 Fscore 

[]
Round 297 global test acc  3.9794
Round 297 Fscore 

[]
Round 298 global test acc  3.8041
Round 298 Fscore 

[]
Round 299 global test acc  3.6804
Round 299 Fscore 

[]
Round 300 global test acc  4.0000
Round 300 Fscore 

[]
Round 301 global test acc  3.4227
Round 301 Fscore 

[]
Round 302 global test acc  4.0722
Round 302 Fscore 

[]
Round 303 global test acc  3.7216
Round 303 Fscore 

[]
Round 304 global test acc  3.3608
Round 304 Fscore 

[]
Round 305 global test acc  3.4124
Round 305 Fscore 

[]
Round 306 global test acc  3.4845
Round 306 Fscore 

[]
Round 307 global test acc  3.5361
Round 307 Fscore 

[]
Round 308 global test acc  3.4330
Round 308 Fscore 

[]
Round 309 global test acc  3.5773
Round 309 Fscore 

[]
Round 310 global test acc  3.5052
Round 310 Fscore 

[]
Round 311 global test acc  3.6289
Round 311 Fscore 

[]
Round 312 global test acc  4.3711
Round 312 Fscore 

[]
Round 313 global test acc  3.9381
Round 313 Fscore 

[]
Round 314 global test acc  3.6392
Round 314 Fscore 

[]
Round 315 global test acc  3.5155
Round 315 Fscore 

[]
Round 316 global test acc  3.3299
Round 316 Fscore 

[]
Round 317 global test acc  3.2268
Round 317 Fscore 

[]
Round 318 global test acc  3.1134
Round 318 Fscore 

[]
Round 319 global test acc  3.0825
Round 319 Fscore 

[]
Round 320 global test acc  3.1856
Round 320 Fscore 

[]
Round 321 global test acc  3.1134
Round 321 Fscore 

[]
Round 322 global test acc  3.2062
Round 322 Fscore 

[]
Round 323 global test acc  3.3711
Round 323 Fscore 

[]
Round 324 global test acc  3.2990
Round 324 Fscore 

[]
Round 325 global test acc  3.4433
Round 325 Fscore 

[]
Round 326 global test acc  3.7629
Round 326 Fscore 

[]
Round 327 global test acc  3.4227
Round 327 Fscore 

[]
Round 328 global test acc  3.4639
Round 328 Fscore 

[]
Round 329 global test acc  3.4845
Round 329 Fscore 

[]
Round 330 global test acc  3.8247
Round 330 Fscore 

[]
Round 331 global test acc  4.2990
Round 331 Fscore 

[]
Round 332 global test acc  3.6701
Round 332 Fscore 

[]
Round 333 global test acc  3.4536
Round 333 Fscore 

[]
Round 334 global test acc  3.1856
Round 334 Fscore 

[]
Round 335 global test acc  3.1031
Round 335 Fscore 

[]
Round 336 global test acc  3.1340
Round 336 Fscore 

[]
Round 337 global test acc  3.2371
Round 337 Fscore 

[]
Round 338 global test acc  3.2371
Round 338 Fscore 

[]
Round 339 global test acc  3.1546
Round 339 Fscore 

[]
Round 340 global test acc  3.3918
Round 340 Fscore 

[]
Round 341 global test acc  3.1959
Round 341 Fscore 

[]
Round 342 global test acc  3.1959
Round 342 Fscore 

[]
Round 343 global test acc  3.1546
Round 343 Fscore 

[]
Round 344 global test acc  3.0000
Round 344 Fscore 

[]
Round 345 global test acc  3.2680
Round 345 Fscore 

[]
Round 346 global test acc  3.7216
Round 346 Fscore 

[]
Round 347 global test acc  3.5567
Round 347 Fscore 

[]
Round 348 global test acc  3.6392
Round 348 Fscore 

[]
Round 349 global test acc  3.6701
Round 349 Fscore 

[]
Round 350 global test acc  3.6186
Round 350 Fscore 

[]
Round 351 global test acc  3.4639
Round 351 Fscore 

[]
Round 352 global test acc  3.4536
Round 352 Fscore 

[]
Round 353 global test acc  3.2371
Round 353 Fscore 

[]
Round 354 global test acc  3.3608
Round 354 Fscore 

[]
Round 355 global test acc  3.2577
Round 355 Fscore 

[]
Round 356 global test acc  3.1237
Round 356 Fscore 

[]
Round 357 global test acc  3.0825
Round 357 Fscore 

[]
Round 358 global test acc  3.2577
Round 358 Fscore 

[]
Round 359 global test acc  3.2887
Round 359 Fscore 

[]
Round 360 global test acc  3.4124
Round 360 Fscore 

[]
Round 361 global test acc  3.1649
Round 361 Fscore 

[]
Round 362 global test acc  3.1546
Round 362 Fscore 

[]
Round 363 global test acc  3.2887
Round 363 Fscore 

[]
Round 364 global test acc  3.1340
Round 364 Fscore 

[]
Round 365 global test acc  3.3299
Round 365 Fscore 

[]
Round 366 global test acc  3.9485
Round 366 Fscore 

[]
Round 367 global test acc  3.1649
Round 367 Fscore 

[]
Round 368 global test acc  2.9485
Round 368 Fscore 

[]
Round 369 global test acc  3.1959
Round 369 Fscore 

[]
Round 370 global test acc  3.3918
Round 370 Fscore 

[]
Round 371 global test acc  3.3814
Round 371 Fscore 

[]
Round 372 global test acc  3.3196
Round 372 Fscore 

[]
Round 373 global test acc  3.5670
Round 373 Fscore 

[]
Round 374 global test acc  2.9485
Round 374 Fscore 

[]
Round 375 global test acc  3.0928
Round 375 Fscore 

[]
Round 376 global test acc  2.9897
Round 376 Fscore 

[]
Round 377 global test acc  3.0722
Round 377 Fscore 

[]
Round 378 global test acc  3.1443
Round 378 Fscore 

[]
Round 379 global test acc  3.1856
Round 379 Fscore 

[]
Round 380 global test acc  3.2371
Round 380 Fscore 

[]
Round 381 global test acc  3.5773
Round 381 Fscore 

[]
Round 382 global test acc  3.5155
Round 382 Fscore 

[]
Round 383 global test acc  3.1546
Round 383 Fscore 

[]
Round 384 global test acc  3.1753
Round 384 Fscore 

[]
Round 385 global test acc  2.9897
Round 385 Fscore 

[]
Round 386 global test acc  3.2268
Round 386 Fscore 

[]
Round 387 global test acc  3.3918
Round 387 Fscore 

[]
Round 388 global test acc  3.3608
Round 388 Fscore 

[]
Round 389 global test acc  3.2990
Round 389 Fscore 

[]
Round 390 global test acc  3.6082
Round 390 Fscore 

[]
Round 391 global test acc  3.4639
Round 391 Fscore 

[]
Round 392 global test acc  3.4227
Round 392 Fscore 

[]
Round 393 global test acc  2.8969
Round 393 Fscore 

[]
Round 394 global test acc  3.0722
Round 394 Fscore 

[]
Round 395 global test acc  3.2680
Round 395 Fscore 

[]
Round 396 global test acc  3.6082
Round 396 Fscore 

[]
Round 397 global test acc  3.4124
Round 397 Fscore 

[]
Round 398 global test acc  3.8144
Round 398 Fscore 

[]
Round 399 global test acc  3.7010
Round 399 Fscore 

[]
Round 400 global test acc  4.0309
Round 400 Fscore 

[]
Round 401 global test acc  3.6289
Round 401 Fscore 

[]
Round 402 global test acc  3.1546
Round 402 Fscore 

[]
Round 403 global test acc  3.4433
Round 403 Fscore 

[]
Round 404 global test acc  3.3814
Round 404 Fscore 

[]
Round 405 global test acc  3.4742
Round 405 Fscore 

[]
Round 406 global test acc  3.2990
Round 406 Fscore 

[]
Round 407 global test acc  3.5464
Round 407 Fscore 

[]
Round 408 global test acc  3.6082
Round 408 Fscore 

[]
Round 409 global test acc  3.8041
Round 409 Fscore 

[]
Round 410 global test acc  3.9175
Round 410 Fscore 

[]
Round 411 global test acc  3.6907
Round 411 Fscore 

[]
Round 412 global test acc  3.5361
Round 412 Fscore 

[]
Round 413 global test acc  3.4227
Round 413 Fscore 

[]
Round 414 global test acc  3.9072
Round 414 Fscore 

[]
Round 415 global test acc  3.9485
Round 415 Fscore 

[]
Round 416 global test acc  3.5773
Round 416 Fscore 

[]
Round 417 global test acc  3.7629
Round 417 Fscore 

[]
Round 418 global test acc  3.1753
Round 418 Fscore 

[]
Round 419 global test acc  2.9278
Round 419 Fscore 

[]
Round 420 global test acc  3.0309
Round 420 Fscore 

[]
Round 421 global test acc  3.3814
Round 421 Fscore 

[]
Round 422 global test acc  3.4639
Round 422 Fscore 

[]
Round 423 global test acc  3.3299
Round 423 Fscore 

[]
Round 424 global test acc  3.2990
Round 424 Fscore 

[]
Round 425 global test acc  3.5052
Round 425 Fscore 

[]
Round 426 global test acc  3.1959
Round 426 Fscore 

[]
Round 427 global test acc  3.8660
Round 427 Fscore 

[]
Round 428 global test acc  3.5155
Round 428 Fscore 

[]
Round 429 global test acc  3.6495
Round 429 Fscore 

[]
Round 430 global test acc  4.0103
Round 430 Fscore 

[]
Round 431 global test acc  3.2990
Round 431 Fscore 

[]
Round 432 global test acc  3.2165
Round 432 Fscore 

[]
Round 433 global test acc  3.4742
Round 433 Fscore 

[]
Round 434 global test acc  3.4124
Round 434 Fscore 

[]
Round 435 global test acc  3.4742
Round 435 Fscore 

[]
Round 436 global test acc  3.5773
Round 436 Fscore 

[]
Round 437 global test acc  3.6082
Round 437 Fscore 

[]
Round 438 global test acc  3.6392
Round 438 Fscore 

[]
Round 439 global test acc  3.1546
Round 439 Fscore 

[]
Round 440 global test acc  3.2577
Round 440 Fscore 

[]
Round 441 global test acc  3.1443
Round 441 Fscore 

[]
Round 442 global test acc  3.2165
Round 442 Fscore 

[]
Round 443 global test acc  3.0000
Round 443 Fscore 

[]
Round 444 global test acc  3.4330
Round 444 Fscore 

[]
Round 445 global test acc  3.3299
Round 445 Fscore 

[]
Round 446 global test acc  3.0309
Round 446 Fscore 

[]
Round 447 global test acc  3.1031
Round 447 Fscore 

[]
Round 448 global test acc  3.0412
Round 448 Fscore 

[]
Round 449 global test acc  3.3505
Traceback (most recent call last):
  File "main.py", line 66, in <module>
    run(args)
  File "main.py", line 54, in run
    eval(args.algorithm)(args)
  File "/home/xinyuan/cifar/FedNoisyLabelLearning/baselines/MR.py", line 191, in MR
    f_scores.append(cal_fscore(args, model.to(args.device), fliter_dataset_train, y_train, dict_users[idx]))
TypeError: cal_fscore() missing 2 required positional arguments: 'y_train' and 'idxs'
