('algorithm', 'LocalCORES')
('gpu', 0)
('seed', 13)
('save_dir', './record/')
('rounds2', 450)
('local_ep', 5)
('frac2', 0.1)
('num_users', 100)
('local_bs', 32)
('lr', 0.01)
('model', 'resnet18')
('num_classes', 10)
('level_n_system', 0.0)
('level_n_lowerb', 0.0)
('alpha_dirichlet', 10)
('non_iid_prob_class', 0.7)
('dataset', 'cifar10')
('iid', False)
('LID_k', 20)
('iteration1', 5)
('rounds1', 200)
('frac1', 0.01)
('pretrained', False)
('mixup', False)
('alpha', 1)
('beta', 5)
('relabel_ratio', 0.5)
('confidence_thres', 0.5)
('clean_set_thres', 0.1)
('fine_tuning', True)
('correction', True)
('T_pl', 100)
('lambda_cen', 1.0)
('lambda_e', 0.8)
('num_gradual', 10)
('forget_rate', 0.2)
('lr_decay', 0.1)
('schedule', [])
('momentum', 0.5)
('weight_decay', 0.0001)
('feature_dim', 128)
('plr', 0.01)
('lamda', 15)
('K', 5)
('gamma', 1)
('begin_sel', 10)
('max_beta', 2.0)
('mu', 0.01)
('device', device(type='cuda', index=0))
Files already downloaded and verified
Files already downloaded and verified
Round 0 global test acc  25.3600
Round 1 global test acc  29.7900
Round 2 global test acc  39.3000
Round 3 global test acc  42.2300
Round 4 global test acc  46.9600
Round 5 global test acc  48.1400
Round 6 global test acc  47.5400
Round 7 global test acc  53.6700
Round 8 global test acc  49.0700
Round 9 global test acc  56.2200
Round 10 global test acc  49.4000
Round 11 global test acc  49.4300
Round 12 global test acc  49.8600
Round 13 global test acc  49.3400
Round 14 global test acc  54.1800
Round 15 global test acc  52.4500
Round 16 global test acc  52.8500
Round 17 global test acc  59.3200
Round 18 global test acc  50.5500
Round 19 global test acc  61.2200
Round 20 global test acc  61.6500
Round 21 global test acc  54.9900
Round 22 global test acc  60.7200
Round 23 global test acc  62.2500
Round 24 global test acc  65.8100
Round 25 global test acc  45.8500
Round 26 global test acc  64.1000
Round 27 global test acc  56.2700
Round 28 global test acc  53.0300
Round 29 global test acc  65.0800
Round 30 global test acc  63.3600
Round 31 global test acc  60.4300
Round 32 global test acc  60.4800
Round 33 global test acc  62.9100
Round 34 global test acc  58.5300
Round 35 global test acc  64.5200
Round 36 global test acc  60.4300
Round 37 global test acc  67.6800
Round 38 global test acc  61.2200
Round 39 global test acc  67.2800
Round 40 global test acc  62.4700
Round 41 global test acc  68.8900
Round 42 global test acc  59.9800
Round 43 global test acc  66.1500
Round 44 global test acc  64.4000
Round 45 global test acc  67.0800
Round 46 global test acc  63.5600
Round 47 global test acc  61.5400
Round 48 global test acc  68.2300
Round 49 global test acc  70.1900
Round 50 global test acc  67.5600
Round 51 global test acc  68.1900
Round 52 global test acc  67.0600
Round 53 global test acc  68.5200
Round 54 global test acc  68.7800
Round 55 global test acc  66.1700
Round 56 global test acc  66.7400
Round 57 global test acc  67.1700
Round 58 global test acc  69.0600
Round 59 global test acc  69.7300
Round 60 global test acc  71.0100
Round 61 global test acc  65.7300
Round 62 global test acc  65.1600
Round 63 global test acc  71.1200
Round 64 global test acc  64.5300
Round 65 global test acc  69.2400
Round 66 global test acc  70.3900
Round 67 global test acc  73.8000
Round 68 global test acc  65.5900
Round 69 global test acc  71.1900
Round 70 global test acc  72.0500
Round 71 global test acc  73.0700
Round 72 global test acc  70.5400
Round 73 global test acc  73.9300
Round 74 global test acc  73.5800
Round 75 global test acc  70.0800
Round 76 global test acc  72.4600
Round 77 global test acc  74.7600
Round 78 global test acc  67.8500
Round 79 global test acc  68.0000
Round 80 global test acc  70.2100
Round 81 global test acc  74.0500
Round 82 global test acc  71.4700
Round 83 global test acc  74.7300
Round 84 global test acc  73.0700
Round 85 global test acc  72.3900
Round 86 global test acc  76.2100
Round 87 global test acc  74.6800
Round 88 global test acc  67.1100
Round 89 global test acc  68.6600
Round 90 global test acc  76.0100
Round 91 global test acc  76.4900
Round 92 global test acc  72.1200
Round 93 global test acc  73.4700
Round 94 global test acc  75.4000
Round 95 global test acc  72.4200
Round 96 global test acc  73.4300
Round 97 global test acc  73.0000
Round 98 global test acc  76.3600
Round 99 global test acc  74.1700
Round 100 global test acc  74.4800
Round 101 global test acc  76.9600
Round 102 global test acc  71.9300
Round 103 global test acc  74.4800
Round 104 global test acc  75.7300
Round 105 global test acc  74.0800
Round 106 global test acc  75.3300
Round 107 global test acc  77.1300
Round 108 global test acc  78.3800
Round 109 global test acc  74.2200
Round 110 global test acc  76.9200
Round 111 global test acc  74.9600
Round 112 global test acc  74.8400
Round 113 global test acc  65.7700
Round 114 global test acc  74.1000
Round 115 global test acc  77.3700
Round 116 global test acc  77.9400
Round 117 global test acc  72.4000
Round 118 global test acc  75.7100
Round 119 global test acc  72.5700
Round 120 global test acc  76.3700
Round 121 global test acc  68.4300
Round 122 global test acc  69.8700
Round 123 global test acc  77.3300
Round 124 global test acc  76.9800
Round 125 global test acc  77.5000
Round 126 global test acc  79.8000
Round 127 global test acc  79.7900
Round 128 global test acc  78.7300
Round 129 global test acc  78.7600
Round 130 global test acc  80.9900
Round 131 global test acc  78.8300
Round 132 global test acc  76.3800
Round 133 global test acc  78.7500
Round 134 global test acc  78.3400
Round 135 global test acc  80.6300
Round 136 global test acc  76.1600
Round 137 global test acc  78.4400
Round 138 global test acc  77.1500
Round 139 global test acc  79.3900
Round 140 global test acc  74.3100
Round 141 global test acc  73.2400
Round 142 global test acc  76.2800
Round 143 global test acc  77.9900
Round 144 global test acc  81.2600
Round 145 global test acc  78.2800
Round 146 global test acc  80.7900
Round 147 global test acc  79.8100
Round 148 global test acc  79.5700
Round 149 global test acc  76.9600
Round 150 global test acc  78.8400
Round 151 global test acc  80.4200
Round 152 global test acc  77.7000
Round 153 global test acc  81.2100
Round 154 global test acc  79.0900
Round 155 global test acc  80.3400
Round 156 global test acc  80.1200
Round 157 global test acc  80.1800
Round 158 global test acc  80.0000
Round 159 global test acc  75.0500
Round 160 global test acc  78.4900
Round 161 global test acc  77.0400
Round 162 global test acc  77.2500
Round 163 global test acc  81.6300
Round 164 global test acc  79.2600
Round 165 global test acc  77.1800
Round 166 global test acc  79.9200
Round 167 global test acc  79.3300
Round 168 global test acc  79.7100
Round 169 global test acc  80.7100
Round 170 global test acc  79.9900
Round 171 global test acc  77.5800
Round 172 global test acc  75.2100
Round 173 global test acc  74.7000
Round 174 global test acc  81.9900
Round 175 global test acc  77.5800
Round 176 global test acc  82.1400
Round 177 global test acc  79.0500
Round 178 global test acc  77.4900
Round 179 global test acc  80.3400
Round 180 global test acc  78.0500
Round 181 global test acc  82.0000
Round 182 global test acc  75.7700
Round 183 global test acc  76.4600
Round 184 global test acc  79.6000
Round 185 global test acc  80.5100
Round 186 global test acc  80.1100
Round 187 global test acc  78.5300
Round 188 global test acc  78.8400
Round 189 global test acc  79.2100
Round 190 global test acc  76.7700
Round 191 global test acc  79.8400
Round 192 global test acc  82.8400
Round 193 global test acc  82.6000
Round 194 global test acc  83.2400
Round 195 global test acc  80.8100
Round 196 global test acc  81.1200
Round 197 global test acc  81.7000
Round 198 global test acc  82.5300
Round 199 global test acc  81.8700
Round 200 global test acc  79.4700
Round 201 global test acc  81.4000
Round 202 global test acc  80.7900
Round 203 global test acc  83.0000
Round 204 global test acc  78.2600
Round 205 global test acc  83.5200
Round 206 global test acc  78.8500
Round 207 global test acc  80.8700
Round 208 global test acc  83.0600
Round 209 global test acc  80.0900
Round 210 global test acc  82.4900
Round 211 global test acc  82.4000
Round 212 global test acc  81.7600
Round 213 global test acc  80.0800
Round 214 global test acc  80.9500
Round 215 global test acc  84.0300
Round 216 global test acc  81.5900
Round 217 global test acc  83.5200
Round 218 global test acc  82.2900
Round 219 global test acc  83.6300
Round 220 global test acc  83.3800
Round 221 global test acc  81.9200
Round 222 global test acc  78.9700
Round 223 global test acc  80.5200
Round 224 global test acc  78.3600
Round 225 global test acc  82.9900
Round 226 global test acc  80.7000
Round 227 global test acc  78.5900
Round 228 global test acc  82.2300
Round 229 global test acc  79.3700
Round 230 global test acc  81.2200
Round 231 global test acc  80.7000
Round 232 global test acc  81.0600
Round 233 global test acc  81.7500
Round 234 global test acc  77.7300
Round 235 global test acc  79.1200
Round 236 global test acc  83.9000
Round 237 global test acc  82.3100
Round 238 global test acc  80.2300
Round 239 global test acc  83.5400
Round 240 global test acc  80.9900
Round 241 global test acc  84.3300
Round 242 global test acc  84.3900
Round 243 global test acc  84.2400
Round 244 global test acc  83.2700
Round 245 global test acc  82.7100
Round 246 global test acc  84.5600
Round 247 global test acc  80.8400
Round 248 global test acc  80.0600
Round 249 global test acc  81.9400
Round 250 global test acc  77.4500
Round 251 global test acc  83.6500
Round 252 global test acc  83.1100
Round 253 global test acc  80.7400
Round 254 global test acc  83.8700
Round 255 global test acc  82.4700
Round 256 global test acc  83.7800
Round 257 global test acc  82.9300
Round 258 global test acc  84.1400
Round 259 global test acc  80.1600
Round 260 global test acc  84.2300
Round 261 global test acc  82.3300
Round 262 global test acc  83.8000
Round 263 global test acc  84.6900
Round 264 global test acc  82.8500
Round 265 global test acc  82.7600
Round 266 global test acc  85.0300
Round 267 global test acc  85.0600
Round 268 global test acc  80.9200
Round 269 global test acc  83.8100
Round 270 global test acc  81.6800
Round 271 global test acc  80.4900
Round 272 global test acc  83.4500
Round 273 global test acc  82.6100
Round 274 global test acc  81.0000
Round 275 global test acc  83.4400
Round 276 global test acc  80.1800
Round 277 global test acc  82.9200
Round 278 global test acc  83.0000
Round 279 global test acc  83.8500
Round 280 global test acc  79.8200
Round 281 global test acc  83.8800
Round 282 global test acc  83.3800
Round 283 global test acc  80.1400
Round 284 global test acc  84.1900
Round 285 global test acc  84.6800
Round 286 global test acc  81.5700
Round 287 global test acc  81.5100
Round 288 global test acc  83.9900
Round 289 global test acc  85.1500
Round 290 global test acc  81.7400
Round 291 global test acc  84.2100
Round 292 global test acc  84.3000
Round 293 global test acc  82.9900
Round 294 global test acc  84.9200
Round 295 global test acc  81.8000
Round 296 global test acc  82.8500
Round 297 global test acc  84.1400
Round 298 global test acc  81.2900
Round 299 global test acc  82.6500
Round 300 global test acc  83.6000
Round 301 global test acc  75.9600
Round 302 global test acc  83.8000
Round 303 global test acc  78.1200
Round 304 global test acc  84.6800
Round 305 global test acc  81.4500
Round 306 global test acc  82.6300
Round 307 global test acc  84.4900
Round 308 global test acc  84.7800
Round 309 global test acc  84.3400
Round 310 global test acc  83.3200
Round 311 global test acc  84.3200
Round 312 global test acc  81.3100
Round 313 global test acc  84.1100
Round 314 global test acc  85.2500
Round 315 global test acc  84.1900
Round 316 global test acc  84.6200
Round 317 global test acc  83.4600
Round 318 global test acc  84.6700
Round 319 global test acc  80.4500
Round 320 global test acc  84.9000
Round 321 global test acc  82.5800
Round 322 global test acc  84.3400
Round 323 global test acc  82.4100
Round 324 global test acc  85.7100
Round 325 global test acc  83.3900
Round 326 global test acc  84.8200
Round 327 global test acc  85.6400
Round 328 global test acc  83.4300
Round 329 global test acc  85.1400
Round 330 global test acc  85.4000
Round 331 global test acc  83.7400
Round 332 global test acc  83.4500
Round 333 global test acc  84.2800
Round 334 global test acc  84.5300
Round 335 global test acc  83.1700
Round 336 global test acc  83.5000
Round 337 global test acc  84.3200
Round 338 global test acc  74.3600
Round 339 global test acc  84.1300
Round 340 global test acc  78.5700
Round 341 global test acc  84.2100
Round 342 global test acc  85.1400
Round 343 global test acc  83.2700
Round 344 global test acc  85.2100
Round 345 global test acc  83.9700
Round 346 global test acc  84.7600
Round 347 global test acc  86.2000
Round 348 global test acc  84.3400
Round 349 global test acc  84.1800
Round 350 global test acc  85.1800
Round 351 global test acc  82.6700
Round 352 global test acc  84.8400
Round 353 global test acc  84.2300
Round 354 global test acc  84.2800
Round 355 global test acc  84.1300
Round 356 global test acc  82.7800
Round 357 global test acc  85.8600
Round 358 global test acc  84.7500
Round 359 global test acc  83.2400
Round 360 global test acc  78.0100
Round 361 global test acc  81.7400
Round 362 global test acc  81.5500
Round 363 global test acc  85.6700
Round 364 global test acc  84.6200
Round 365 global test acc  86.5100
Round 366 global test acc  82.9700
Round 367 global test acc  82.7400
Round 368 global test acc  82.8200
Round 369 global test acc  84.3100
Round 370 global test acc  84.6500
Round 371 global test acc  85.2400
Round 372 global test acc  84.1900
Round 373 global test acc  84.7400
Round 374 global test acc  83.5000
Round 375 global test acc  84.0900
Round 376 global test acc  83.1700
Round 377 global test acc  83.1000
Round 378 global test acc  84.5600
Round 379 global test acc  75.4800
Round 380 global test acc  82.7100
Round 381 global test acc  83.8400
Round 382 global test acc  84.0100
Round 383 global test acc  83.5300
Round 384 global test acc  84.2000
Round 385 global test acc  85.0200
Round 386 global test acc  84.1800
Round 387 global test acc  85.0400
Round 388 global test acc  85.3700
Round 389 global test acc  84.6400
Round 390 global test acc  86.1300
Round 391 global test acc  85.6400
Round 392 global test acc  85.4700
Round 393 global test acc  86.5700
Round 394 global test acc  85.3600
Round 395 global test acc  84.1900
Round 396 global test acc  84.9100
Round 397 global test acc  85.1100
Round 398 global test acc  85.6100
Round 399 global test acc  86.9400
Round 400 global test acc  83.9200
Round 401 global test acc  84.6900
Round 402 global test acc  85.3100
Round 403 global test acc  85.3800
Round 404 global test acc  84.4300
Round 405 global test acc  85.9200
Round 406 global test acc  85.2600
Round 407 global test acc  86.2500
Round 408 global test acc  84.0700
Round 409 global test acc  80.5100
Round 410 global test acc  83.6300
Round 411 global test acc  83.1500
Round 412 global test acc  83.9200
Round 413 global test acc  86.8400
Round 414 global test acc  80.8300
Round 415 global test acc  83.8300
Round 416 global test acc  82.2600
Round 417 global test acc  83.9700
Round 418 global test acc  84.1000
Round 419 global test acc  84.4200
Round 420 global test acc  85.6800
Round 421 global test acc  84.8100
Round 422 global test acc  83.8700
Round 423 global test acc  85.9400
Round 424 global test acc  85.6400
Round 425 global test acc  85.4600
Round 426 global test acc  86.4100
Round 427 global test acc  84.7700
Round 428 global test acc  86.6600
Round 429 global test acc  86.4400
Round 430 global test acc  84.6300
Round 431 global test acc  83.1800
Round 432 global test acc  83.1300
Round 433 global test acc  80.2900
Round 434 global test acc  85.8000
Round 435 global test acc  85.1100
Round 436 global test acc  85.8700
Round 437 global test acc  86.1300
Round 438 global test acc  85.9300
Round 439 global test acc  84.6300
Round 440 global test acc  86.1800
Round 441 global test acc  86.1900
Round 442 global test acc  85.5500
Round 443 global test acc  86.0800
Round 444 global test acc  84.3000
Round 445 global test acc  85.6700
Round 446 global test acc  85.3200
Round 447 global test acc  85.9300
Round 448 global test acc  86.7800
Round 449 global test acc  86.6700
time : 35285.18072080612
('algorithm', 'LocalCORES')
('gpu', 1)
('seed', 13)
('save_dir', './record/')
('rounds2', 450)
('local_ep', 5)
('frac2', 0.1)
('num_users', 100)
('local_bs', 32)
('lr', 0.01)
('model', 'resnet18')
('num_classes', 10)
('level_n_system', 0.0)
('level_n_lowerb', 0.0)
('alpha_dirichlet', 10)
('non_iid_prob_class', 0.7)
('dataset', 'cifar10')
('iid', False)
('LID_k', 20)
('iteration1', 5)
('rounds1', 200)
('frac1', 0.01)
('pretrained', False)
('mixup', False)
('alpha', 1)
('beta', 5)
('relabel_ratio', 0.5)
('confidence_thres', 0.5)
('clean_set_thres', 0.1)
('fine_tuning', True)
('correction', True)
('T_pl', 100)
('lambda_cen', 1.0)
('lambda_e', 0.8)
('num_gradual', 10)
('forget_rate', 0.2)
('lr_decay', 0.1)
('schedule', [])
('momentum', 0.5)
('weight_decay', 0.0001)
('feature_dim', 128)
('plr', 0.01)
('lamda', 15)
('K', 5)
('gamma', 1)
('begin_sel', 10)
('max_beta', 2.0)
('mu', 0.01)
('device', device(type='cuda', index=1))
Files already downloaded and verified
Files already downloaded and verified
Round 0 global test acc  25.9200
Round 1 global test acc  29.4000
Round 2 global test acc  37.9600
Round 3 global test acc  41.3700
Round 4 global test acc  46.6300
Round 5 global test acc  48.9100
Round 6 global test acc  47.6400
Round 7 global test acc  52.9200
Round 8 global test acc  48.1000
Round 9 global test acc  56.0800
Round 10 global test acc  48.9400
Round 11 global test acc  49.5300
Round 12 global test acc  49.4900
Round 13 global test acc  49.0300
Round 14 global test acc  54.1000
Round 15 global test acc  53.9700
Round 16 global test acc  52.6100
Round 17 global test acc  60.2400
Round 18 global test acc  51.5900
Round 19 global test acc  62.0100
Round 20 global test acc  60.7900
Round 21 global test acc  54.7300
Round 22 global test acc  60.8600
Round 23 global test acc  61.2200
Round 24 global test acc  65.4600
Round 25 global test acc  47.3100
Round 26 global test acc  60.6400
Round 27 global test acc  56.1700
Round 28 global test acc  51.7100
Round 29 global test acc  65.5300
Round 30 global test acc  63.7700
Round 31 global test acc  61.5000
Round 32 global test acc  59.7600
Round 33 global test acc  64.9100
Round 34 global test acc  60.4500
Round 35 global test acc  67.2100
Round 36 global test acc  60.6600
Round 37 global test acc  68.0600
Round 38 global test acc  61.8400
Round 39 global test acc  67.1300
Round 40 global test acc  61.9000
Round 41 global test acc  67.3800
Round 42 global test acc  62.4700
Round 43 global test acc  66.5100
Round 44 global test acc  64.6700
Round 45 global test acc  67.3200
Round 46 global test acc  64.2500
Round 47 global test acc  62.1600
Round 48 global test acc  68.8300
Round 49 global test acc  69.5200
Round 50 global test acc  67.2200
Round 51 global test acc  68.0500
Round 52 global test acc  70.0500
Round 53 global test acc  69.9500
Round 54 global test acc  70.8000
Round 55 global test acc  66.4500
Round 56 global test acc  68.4300
Round 57 global test acc  68.4400
Round 58 global test acc  70.1800
Round 59 global test acc  70.5400
Round 60 global test acc  70.9300
Round 61 global test acc  64.1000
Round 62 global test acc  64.5200
Round 63 global test acc  72.8600
Round 64 global test acc  66.1700
Round 65 global test acc  68.1100
Round 66 global test acc  71.0300
Round 67 global test acc  73.2300
Round 68 global test acc  67.7800
Round 69 global test acc  71.4900
Round 70 global test acc  72.0200
Round 71 global test acc  72.0300
Round 72 global test acc  70.9500
Round 73 global test acc  73.6700
Round 74 global test acc  73.7800
Round 75 global test acc  71.8000
Round 76 global test acc  71.3800
Round 77 global test acc  73.1700
Round 78 global test acc  68.6600
Round 79 global test acc  69.5900
Round 80 global test acc  70.4200
Round 81 global test acc  73.5400
Round 82 global test acc  71.5800
Round 83 global test acc  74.9400
Round 84 global test acc  74.0800
Round 85 global test acc  72.7300
Round 86 global test acc  76.7800
Round 87 global test acc  74.2400
Round 88 global test acc  69.6400
Round 89 global test acc  68.3900
Round 90 global test acc  76.9800
Round 91 global test acc  76.3800
Round 92 global test acc  73.4300
Round 93 global test acc  73.2600
Round 94 global test acc  76.2200
Round 95 global test acc  70.2900
Round 96 global test acc  73.1900
Round 97 global test acc  73.4400
Round 98 global test acc  76.8300
Round 99 global test acc  75.0600
Round 100 global test acc  75.2200
Round 101 global test acc  77.5400
Round 102 global test acc  76.1100
Round 103 global test acc  74.9000
Round 104 global test acc  76.4200
Round 105 global test acc  75.4000
Round 106 global test acc  76.0000
Round 107 global test acc  75.0300
Round 108 global test acc  78.3800
Round 109 global test acc  74.8100
Round 110 global test acc  77.2300
Round 111 global test acc  74.2000
Round 112 global test acc  74.4300
Round 113 global test acc  66.0900
Round 114 global test acc  75.8600
Round 115 global test acc  77.7400
Round 116 global test acc  77.9900
Round 117 global test acc  73.5500
Round 118 global test acc  74.6700
Round 119 global test acc  74.3300
Round 120 global test acc  76.2600
Round 121 global test acc  71.8500
Round 122 global test acc  69.9000
Round 123 global test acc  77.3300
Round 124 global test acc  77.0800
Round 125 global test acc  78.4100
Round 126 global test acc  80.0700
Round 127 global test acc  80.1500
Round 128 global test acc  78.7100
Round 129 global test acc  74.7900
Round 130 global test acc  81.1200
Round 131 global test acc  78.9100
Round 132 global test acc  75.0000
Round 133 global test acc  78.5800
Round 134 global test acc  79.2200
Round 135 global test acc  81.3900
Round 136 global test acc  76.1000
Round 137 global test acc  77.9300
Round 138 global test acc  79.7500
Round 139 global test acc  78.7600
Round 140 global test acc  76.5000
Round 141 global test acc  73.5400
Round 142 global test acc  76.1200
Round 143 global test acc  80.5100
Round 144 global test acc  81.1100
Round 145 global test acc  77.8700
Round 146 global test acc  80.5400
Round 147 global test acc  79.4100
Round 148 global test acc  78.5700
Round 149 global test acc  78.9300
Round 150 global test acc  78.9700
Round 151 global test acc  81.0200
Round 152 global test acc  77.9200
Round 153 global test acc  80.9000
Round 154 global test acc  80.0000
Round 155 global test acc  80.8100
Round 156 global test acc  80.0800
Round 157 global test acc  80.0900
Round 158 global test acc  79.8600
Round 159 global test acc  73.5800
Round 160 global test acc  78.6000
Round 161 global test acc  78.3800
Round 162 global test acc  76.9200
Round 163 global test acc  81.8200
Round 164 global test acc  80.1600
Round 165 global test acc  76.8400
Round 166 global test acc  80.7500
Round 167 global test acc  80.9300
Round 168 global test acc  80.2500
Round 169 global test acc  81.7800
Round 170 global test acc  80.9400
Round 171 global test acc  76.3600
Round 172 global test acc  75.3300
Round 173 global test acc  75.2800
Round 174 global test acc  81.0200
Round 175 global test acc  77.6100
Round 176 global test acc  82.1600
Round 177 global test acc  79.3800
Round 178 global test acc  77.6700
Round 179 global test acc  80.0300
Round 180 global test acc  77.2500
Round 181 global test acc  80.4300
Round 182 global test acc  74.6000
Round 183 global test acc  74.6500
Round 184 global test acc  78.7100
Round 185 global test acc  80.8600
Round 186 global test acc  80.3000
Round 187 global test acc  80.0100
Round 188 global test acc  78.6900
Round 189 global test acc  79.7400
Round 190 global test acc  74.9900
Round 191 global test acc  80.9100
Round 192 global test acc  81.8100
Round 193 global test acc  82.8600
Round 194 global test acc  83.7800
Round 195 global test acc  82.9900
Round 196 global test acc  82.0700
Round 197 global test acc  82.8100
Round 198 global test acc  82.3200
Round 199 global test acc  82.9700
Round 200 global test acc  79.8700
Round 201 global test acc  82.9200
Round 202 global test acc  81.9700
Round 203 global test acc  83.5700
Round 204 global test acc  76.2200
Round 205 global test acc  81.7400
Round 206 global test acc  79.8700
Round 207 global test acc  81.0100
Round 208 global test acc  82.1000
Round 209 global test acc  81.5700
Round 210 global test acc  83.2500
Round 211 global test acc  83.1400
Round 212 global test acc  81.7800
Round 213 global test acc  81.2400
Round 214 global test acc  82.4800
Round 215 global test acc  82.1400
Round 216 global test acc  80.6200
Round 217 global test acc  83.0700
Round 218 global test acc  82.9100
Round 219 global test acc  83.9800
Round 220 global test acc  83.5100
Round 221 global test acc  82.1900
Round 222 global test acc  80.7400
Round 223 global test acc  81.3400
Round 224 global test acc  79.8400
Round 225 global test acc  83.7000
Round 226 global test acc  81.4300
Round 227 global test acc  79.3000
Round 228 global test acc  81.9100
Round 229 global test acc  78.1100
Round 230 global test acc  83.4600
Round 231 global test acc  80.8500
Round 232 global test acc  80.6000
Round 233 global test acc  82.1500
Round 234 global test acc  78.9200
Round 235 global test acc  81.1600
Round 236 global test acc  84.8500
Round 237 global test acc  84.1100
Round 238 global test acc  83.0500
Round 239 global test acc  84.1100
Round 240 global test acc  79.9900
Round 241 global test acc  83.2700
Round 242 global test acc  84.6200
Round 243 global test acc  84.6900
Round 244 global test acc  83.5600
Round 245 global test acc  82.1300
Round 246 global test acc  84.1800
Round 247 global test acc  83.2800
Round 248 global test acc  81.8900
Round 249 global test acc  81.5000
Round 250 global test acc  79.0500
Round 251 global test acc  84.9100
Round 252 global test acc  82.5400
Round 253 global test acc  80.5200
Round 254 global test acc  83.9000
Round 255 global test acc  83.0400
Round 256 global test acc  83.0600
Round 257 global test acc  83.9100
Round 258 global test acc  84.4200
Round 259 global test acc  81.0300
Round 260 global test acc  82.2700
Round 261 global test acc  82.4800
Round 262 global test acc  81.2400
Round 263 global test acc  84.7200
Round 264 global test acc  83.0600
Round 265 global test acc  77.4500
Round 266 global test acc  84.8400
Round 267 global test acc  84.7400
Round 268 global test acc  83.0800
Round 269 global test acc  83.2300
Round 270 global test acc  82.7100
Round 271 global test acc  79.5900
Round 272 global test acc  83.8700
Round 273 global test acc  81.1300
Round 274 global test acc  82.0000
Round 275 global test acc  83.5600
Round 276 global test acc  81.7800
Round 277 global test acc  83.0900
Round 278 global test acc  83.8700
Round 279 global test acc  84.1700
Round 280 global test acc  81.9400
Round 281 global test acc  84.4400
Round 282 global test acc  83.4800
Round 283 global test acc  81.7100
Round 284 global test acc  83.8900
Round 285 global test acc  85.5800
Round 286 global test acc  82.3500
Round 287 global test acc  82.2700
Round 288 global test acc  83.6400
Round 289 global test acc  85.0000
Round 290 global test acc  80.0100
Round 291 global test acc  83.5800
Round 292 global test acc  83.5300
Round 293 global test acc  83.4700
Round 294 global test acc  85.1600
Round 295 global test acc  78.2300
Round 296 global test acc  82.6500
Round 297 global test acc  84.7500
Round 298 global test acc  81.7500
Round 299 global test acc  82.9400
Round 300 global test acc  84.8700
Round 301 global test acc  82.3200
Round 302 global test acc  84.3400
Round 303 global test acc  80.7000
Round 304 global test acc  85.4500
Round 305 global test acc  82.3500
Round 306 global test acc  83.7300
Round 307 global test acc  84.6300
Round 308 global test acc  84.3000
Round 309 global test acc  84.2600
Round 310 global test acc  84.6400
Round 311 global test acc  84.6600
Round 312 global test acc  83.0200
Round 313 global test acc  84.1600
Round 314 global test acc  85.4300
Round 315 global test acc  84.5600
Round 316 global test acc  84.9300
Round 317 global test acc  84.3600
Round 318 global test acc  84.9600
Round 319 global test acc  80.6800
Round 320 global test acc  85.1000
Round 321 global test acc  82.9300
Round 322 global test acc  84.5400
Round 323 global test acc  83.6300
Round 324 global test acc  85.7800
Round 325 global test acc  83.9600
Round 326 global test acc  84.5200
Round 327 global test acc  86.2300
Round 328 global test acc  82.9700
Round 329 global test acc  85.2400
Round 330 global test acc  85.5400
Round 331 global test acc  83.9500
Round 332 global test acc  83.5200
Round 333 global test acc  84.4100
Round 334 global test acc  85.6700
Round 335 global test acc  84.2500
Round 336 global test acc  83.8300
Round 337 global test acc  84.1200
Round 338 global test acc  72.1900
Round 339 global test acc  83.7100
Round 340 global test acc  78.6200
Round 341 global test acc  84.4800
Round 342 global test acc  84.5400
Round 343 global test acc  81.2700
Round 344 global test acc  84.9900
Round 345 global test acc  83.4600
Round 346 global test acc  84.9200
Round 347 global test acc  86.3900
Round 348 global test acc  84.0100
Round 349 global test acc  84.6600
Round 350 global test acc  85.4900
Round 351 global test acc  84.1700
Round 352 global test acc  84.3600
Round 353 global test acc  82.8400
Round 354 global test acc  84.2800
Round 355 global test acc  84.8600
Round 356 global test acc  82.6900
Round 357 global test acc  84.9600
Round 358 global test acc  83.2800
Round 359 global test acc  84.2900
Round 360 global test acc  82.4300
Round 361 global test acc  81.8100
Round 362 global test acc  82.8000
Round 363 global test acc  86.0900
Round 364 global test acc  84.6800
Round 365 global test acc  84.6800
Round 366 global test acc  84.3600
Round 367 global test acc  81.8000
Round 368 global test acc  82.8000
Round 369 global test acc  84.5700
Round 370 global test acc  85.0000
Round 371 global test acc  85.4500
Round 372 global test acc  85.3100
Round 373 global test acc  84.6200
Round 374 global test acc  83.5100
Round 375 global test acc  84.4200
Round 376 global test acc  83.6800
Round 377 global test acc  85.6000
Round 378 global test acc  85.9300
Round 379 global test acc  75.1100
Round 380 global test acc  84.6000
Round 381 global test acc  84.8200
Round 382 global test acc  83.8100
Round 383 global test acc  84.2900
Round 384 global test acc  84.2600
Round 385 global test acc  83.7200
Round 386 global test acc  84.4200
Round 387 global test acc  85.1500
Round 388 global test acc  85.9500
Round 389 global test acc  84.1400
Round 390 global test acc  86.4200
Round 391 global test acc  84.8300
Round 392 global test acc  85.7800
Round 393 global test acc  85.8100
Round 394 global test acc  85.6400
Round 395 global test acc  86.0800
Round 396 global test acc  85.2100
Round 397 global test acc  85.7600
Round 398 global test acc  86.5100
Round 399 global test acc  86.7800
Round 400 global test acc  84.8900
Round 401 global test acc  84.9300
Round 402 global test acc  86.1100
Round 403 global test acc  86.0600
Round 404 global test acc  82.2500
Round 405 global test acc  84.1700
Round 406 global test acc  85.2000
Round 407 global test acc  86.3100
Round 408 global test acc  84.7800
Round 409 global test acc  81.5400
Round 410 global test acc  84.1000
Round 411 global test acc  81.4400
Round 412 global test acc  84.3000
Round 413 global test acc  86.8500
Round 414 global test acc  82.1000
Round 415 global test acc  84.2100
Round 416 global test acc  82.7400
Round 417 global test acc  83.1000
Round 418 global test acc  85.6500
Round 419 global test acc  86.2400
Round 420 global test acc  85.8400
Round 421 global test acc  85.8500
Round 422 global test acc  85.1800
Round 423 global test acc  86.5300
Round 424 global test acc  85.6800
Round 425 global test acc  86.1100
Round 426 global test acc  86.4300
Round 427 global test acc  84.9600
Round 428 global test acc  87.2200
Round 429 global test acc  84.9700
Round 430 global test acc  86.1800
Round 431 global test acc  83.7300
Round 432 global test acc  83.5200
Round 433 global test acc  86.6000
Round 434 global test acc  86.3900
Round 435 global test acc  85.5900
Round 436 global test acc  86.0100
Round 437 global test acc  86.5000
Round 438 global test acc  86.3200
Round 439 global test acc  83.8400
Round 440 global test acc  85.3000
Round 441 global test acc  86.0500
Round 442 global test acc  85.0900
Round 443 global test acc  87.0100
Round 444 global test acc  84.1300
Round 445 global test acc  86.7300
Round 446 global test acc  85.1100
Round 447 global test acc  86.0800
Round 448 global test acc  86.8900
Round 449 global test acc  86.8300
time : 35557.53398156166
('algorithm', 'LocalCORES')
('gpu', 0)
('seed', 13)
('save_dir', './record/')
('rounds2', 450)
('local_ep', 5)
('frac2', 0.1)
('num_users', 100)
('local_bs', 32)
('lr', 0.01)
('model', 'resnet18')
('num_classes', 10)
('level_n_system', 0.0)
('level_n_lowerb', 0.0)
('alpha_dirichlet', 10)
('non_iid_prob_class', 0.7)
('dataset', 'cifar10')
('iid', False)
('LID_k', 20)
('iteration1', 5)
('rounds1', 200)
('frac1', 0.01)
('pretrained', False)
('mixup', False)
('alpha', 1)
('beta', 5)
('relabel_ratio', 0.5)
('confidence_thres', 0.5)
('clean_set_thres', 0.1)
('fine_tuning', True)
('correction', True)
('T_pl', 100)
('lambda_cen', 1.0)
('lambda_e', 0.8)
('num_gradual', 10)
('forget_rate', 0.2)
('lr_decay', 0.1)
('schedule', [])
('momentum', 0.5)
('weight_decay', 0.0001)
('feature_dim', 128)
('plr', 0.01)
('lamda', 15)
('K', 5)
('gamma', 1)
('begin_sel', 10)
('max_beta', 2)
('mu', 0.01)
('device', device(type='cuda', index=0))
Files already downloaded and verified
Files already downloaded and verified
Round 0 global test acc  25.5800
Round 1 global test acc  30.9000
Round 2 global test acc  35.6000
Round 3 global test acc  39.4200
Round 4 global test acc  46.8000
Round 5 global test acc  45.5100
Round 6 global test acc  47.3500
Round 7 global test acc  50.2800
Round 8 global test acc  48.9600
Round 9 global test acc  54.1200
Round 10 global test acc  49.8200
Round 11 global test acc  51.2500
Round 12 global test acc  49.3200
Round 13 global test acc  48.1700
Round 14 global test acc  51.8600
Round 15 global test acc  51.2800
Round 16 global test acc  50.8100
Round 17 global test acc  57.3600
Round 18 global test acc  54.9500
Round 19 global test acc  57.6400
Round 20 global test acc  59.2800
Round 21 global test acc  54.0000
Round 22 global test acc  59.5000
Round 23 global test acc  59.5700
Round 24 global test acc  63.1800
Round 25 global test acc  46.4600
Round 26 global test acc  58.0800
Round 27 global test acc  57.2000
Round 28 global test acc  55.4200
Round 29 global test acc  63.9000
Round 30 global test acc  60.7000
Round 31 global test acc  60.9700
Round 32 global test acc  56.6300
Round 33 global test acc  66.0100
Round 34 global test acc  54.6400
Round 35 global test acc  64.3400
Round 36 global test acc  57.9300
Round 37 global test acc  65.7000
Round 38 global test acc  54.9800
Round 39 global test acc  67.2800
Round 40 global test acc  60.6900
Round 41 global test acc  67.4400
Round 42 global test acc  61.3300
Round 43 global test acc  65.2300
Round 44 global test acc  62.2100
Round 45 global test acc  66.3900
Round 46 global test acc  63.5800
Round 47 global test acc  64.4000
Round 48 global test acc  69.5500
Round 49 global test acc  69.2900
Round 50 global test acc  63.0300
Round 51 global test acc  65.3800
Round 52 global test acc  69.1100
Round 53 global test acc  68.8600
Round 54 global test acc  65.2500
Round 55 global test acc  69.6500
Round 56 global test acc  70.5200
Round 57 global test acc  64.1300
Round 58 global test acc  70.6800
Round 59 global test acc  70.9200
Round 60 global test acc  71.6500
Round 61 global test acc  70.1600
Round 62 global test acc  66.1100
Round 63 global test acc  72.2700
Round 64 global test acc  66.0800
Round 65 global test acc  70.8900
Round 66 global test acc  57.1900
Round 67 global test acc  72.9900
Round 68 global test acc  64.9400
Round 69 global test acc  72.5400
Round 70 global test acc  74.4300
Round 71 global test acc  69.8400
Round 72 global test acc  67.6300
Round 73 global test acc  73.2100
Round 74 global test acc  73.3200
Round 75 global test acc  67.1000
Round 76 global test acc  71.4000
Round 77 global test acc  74.7300
Round 78 global test acc  64.3000
Round 79 global test acc  71.2400
Round 80 global test acc  68.3700
Round 81 global test acc  73.6900
Round 82 global test acc  74.8500
Round 83 global test acc  76.4600
Round 84 global test acc  73.6400
Round 85 global test acc  70.9900
Round 86 global test acc  76.0500
Round 87 global test acc  74.6000
Round 88 global test acc  70.6200
Round 89 global test acc  67.7400
Round 90 global test acc  75.8200
Round 91 global test acc  75.3100
Round 92 global test acc  72.3800
Round 93 global test acc  74.4700
Round 94 global test acc  73.9800
Round 95 global test acc  70.1700
Round 96 global test acc  75.2000
Round 97 global test acc  74.6700
Round 98 global test acc  74.9700
Round 99 global test acc  76.3300
Round 100 global test acc  77.0600
Round 101 global test acc  72.8600
Round 102 global test acc  67.9000
Round 103 global test acc  72.4600
Round 104 global test acc  76.0400
Round 105 global test acc  74.7500
Round 106 global test acc  77.6900
Round 107 global test acc  77.0000
Round 108 global test acc  77.5000
Round 109 global test acc  75.9100
Round 110 global test acc  72.3400
Round 111 global test acc  76.8100
Round 112 global test acc  77.6900
Round 113 global test acc  65.3300
Round 114 global test acc  75.2900
Round 115 global test acc  78.6100
Round 116 global test acc  78.1400
Round 117 global test acc  73.8500
Round 118 global test acc  77.1700
Round 119 global test acc  75.6500
Round 120 global test acc  77.5600
Round 121 global test acc  67.8100
Round 122 global test acc  71.2400
Round 123 global test acc  76.2500
Round 124 global test acc  76.3200
Round 125 global test acc  77.0900
Round 126 global test acc  78.7200
Round 127 global test acc  78.5400
Round 128 global test acc  80.2400
Round 129 global test acc  76.3900
Round 130 global test acc  80.7000
Round 131 global test acc  78.1500
Round 132 global test acc  75.8000
Round 133 global test acc  77.0800
Round 134 global test acc  79.2700
Round 135 global test acc  80.2600
Round 136 global test acc  76.6700
Round 137 global test acc  79.1100
Round 138 global test acc  78.9900
Round 139 global test acc  79.8500
Round 140 global test acc  74.9500
Round 141 global test acc  73.2400
Round 142 global test acc  76.3900
Round 143 global test acc  79.4600
Round 144 global test acc  80.5000
Round 145 global test acc  79.7900
Round 146 global test acc  80.5100
Round 147 global test acc  80.6200
Round 148 global test acc  80.0700
Round 149 global test acc  76.3400
Round 150 global test acc  78.5600
Round 151 global test acc  80.1100
Round 152 global test acc  77.8600
Round 153 global test acc  80.5300
Round 154 global test acc  79.2100
Round 155 global test acc  80.9000
Round 156 global test acc  79.3700
Round 157 global test acc  80.9700
Round 158 global test acc  80.8600
Round 159 global test acc  72.3800
Round 160 global test acc  81.3700
Round 161 global test acc  76.8000
Round 162 global test acc  76.6000
Round 163 global test acc  80.6800
Round 164 global test acc  79.8900
Round 165 global test acc  76.5300
Round 166 global test acc  80.5400
Round 167 global test acc  81.3600
Round 168 global test acc  79.6700
Round 169 global test acc  79.4700
Round 170 global test acc  77.1000
Round 171 global test acc  77.7100
Round 172 global test acc  75.7400
Round 173 global test acc  73.0400
Round 174 global test acc  81.2400
Round 175 global test acc  78.5700
Round 176 global test acc  81.7400
Round 177 global test acc  77.4200
Round 178 global test acc  77.7700
Round 179 global test acc  81.0400
Round 180 global test acc  78.7700
Round 181 global test acc  81.7800
Round 182 global test acc  76.9000
Round 183 global test acc  78.9600
Round 184 global test acc  79.1400
Round 185 global test acc  80.2600
Round 186 global test acc  77.7500
Round 187 global test acc  77.1500
Round 188 global test acc  77.5900
Round 189 global test acc  79.2700
Round 190 global test acc  78.0500
Round 191 global test acc  80.1800
Round 192 global test acc  81.1500
Round 193 global test acc  82.0500
Round 194 global test acc  82.3800
Round 195 global test acc  76.0700
Round 196 global test acc  81.9600
Round 197 global test acc  82.9800
Round 198 global test acc  81.9500
Round 199 global test acc  80.9800
Round 200 global test acc  82.0600
Round 201 global test acc  82.6000
Round 202 global test acc  81.0300
Round 203 global test acc  82.1400
Round 204 global test acc  75.9300
Round 205 global test acc  82.6600
Round 206 global test acc  79.7900
Round 207 global test acc  81.2900
Round 208 global test acc  82.4700
Round 209 global test acc  81.7200
Round 210 global test acc  77.4700
Round 211 global test acc  80.0500
Round 212 global test acc  80.9300
Round 213 global test acc  79.9100
Round 214 global test acc  81.6000
Round 215 global test acc  83.0600
Round 216 global test acc  82.7200
Round 217 global test acc  80.9900
Round 218 global test acc  82.2600
Round 219 global test acc  84.4400
Round 220 global test acc  82.5700
Round 221 global test acc  81.1900
Round 222 global test acc  79.9400
Round 223 global test acc  80.5400
Round 224 global test acc  79.8500
Round 225 global test acc  83.0800
Round 226 global test acc  77.8900
Round 227 global test acc  77.9700
Round 228 global test acc  77.9100
Round 229 global test acc  82.0800
Round 230 global test acc  81.4100
Round 231 global test acc  81.7300
Round 232 global test acc  83.0400
Round 233 global test acc  82.3300
Round 234 global test acc  80.0400
Round 235 global test acc  82.6400
Round 236 global test acc  84.3600
Round 237 global test acc  84.2700
Round 238 global test acc  80.5700
Round 239 global test acc  82.3500
Round 240 global test acc  79.7600
Round 241 global test acc  82.3600
Round 242 global test acc  83.9800
Round 243 global test acc  83.7800
Round 244 global test acc  83.5400
Round 245 global test acc  81.8800
Round 246 global test acc  83.7600
Round 247 global test acc  82.3200
Round 248 global test acc  80.9400
Round 249 global test acc  82.9800
Round 250 global test acc  80.3900
Round 251 global test acc  84.6400
Round 252 global test acc  82.0500
Round 253 global test acc  81.6900
Round 254 global test acc  82.9300
Round 255 global test acc  83.0400
Round 256 global test acc  83.1100
Round 257 global test acc  84.0600
Round 258 global test acc  83.4800
Round 259 global test acc  78.3000
Round 260 global test acc  84.5600
Round 261 global test acc  83.8900
Round 262 global test acc  81.8800
Round 263 global test acc  83.6100
Round 264 global test acc  81.5400
Round 265 global test acc  83.6800
Round 266 global test acc  84.5700
Round 267 global test acc  84.4600
Round 268 global test acc  82.6200
Round 269 global test acc  84.1800
Round 270 global test acc  80.8100
Round 271 global test acc  81.9800
Round 272 global test acc  82.9900
Round 273 global test acc  84.3100
Round 274 global test acc  81.0800
Round 275 global test acc  80.5400
Round 276 global test acc  79.9500
Round 277 global test acc  82.9000
Round 278 global test acc  83.0700
Round 279 global test acc  84.5200
Round 280 global test acc  80.7100
Round 281 global test acc  83.7600
Round 282 global test acc  83.0000
Round 283 global test acc  80.1100
Round 284 global test acc  83.8200
Round 285 global test acc  85.4100
Round 286 global test acc  82.3800
Round 287 global test acc  81.5800
Round 288 global test acc  83.7400
Round 289 global test acc  85.2300
Round 290 global test acc  82.2200
Round 291 global test acc  82.3700
Round 292 global test acc  84.9000
Round 293 global test acc  83.6300
Round 294 global test acc  84.6600
Round 295 global test acc  81.8200
Round 296 global test acc  83.6100
Round 297 global test acc  84.4600
Round 298 global test acc  82.4200
Round 299 global test acc  82.6900
Round 300 global test acc  83.9400
Round 301 global test acc  82.0500
Round 302 global test acc  83.8200
Round 303 global test acc  84.7000
Round 304 global test acc  84.6700
Round 305 global test acc  83.7100
Round 306 global test acc  83.6600
Round 307 global test acc  84.7100
Round 308 global test acc  84.3000
Round 309 global test acc  83.2900
Round 310 global test acc  83.4000
Round 311 global test acc  85.1300
Round 312 global test acc  83.1200
Round 313 global test acc  85.6800
Round 314 global test acc  85.0100
Round 315 global test acc  84.1300
Round 316 global test acc  84.8100
Round 317 global test acc  84.5200
Round 318 global test acc  84.1700
Round 319 global test acc  81.6300
Round 320 global test acc  85.0300
Round 321 global test acc  84.7600
Round 322 global test acc  85.4500
Round 323 global test acc  82.7300
Round 324 global test acc  85.2200
Round 325 global test acc  84.2300
Round 326 global test acc  83.0700
Round 327 global test acc  84.0200
Round 328 global test acc  84.5300
Round 329 global test acc  85.5300
Round 330 global test acc  85.5200
Round 331 global test acc  81.7800
Round 332 global test acc  83.7200
Round 333 global test acc  84.1300
Round 334 global test acc  84.0500
Round 335 global test acc  82.9100
Round 336 global test acc  83.8000
Round 337 global test acc  84.1300
Round 338 global test acc  82.3600
Round 339 global test acc  84.4800
Round 340 global test acc  78.7500
Round 341 global test acc  84.0800
Round 342 global test acc  85.5600
Round 343 global test acc  82.9800
Round 344 global test acc  85.2700
Round 345 global test acc  84.3900
Round 346 global test acc  84.3900
Round 347 global test acc  84.3900
Round 348 global test acc  83.0300
Round 349 global test acc  84.5100
Round 350 global test acc  85.6000
Round 351 global test acc  83.6200
Round 352 global test acc  85.3400
Round 353 global test acc  83.9900
Round 354 global test acc  84.6000
Round 355 global test acc  84.0500
Round 356 global test acc  84.9800
Round 357 global test acc  84.5700
Round 358 global test acc  84.5100
Round 359 global test acc  84.1400
Round 360 global test acc  85.3100
Round 361 global test acc  82.4100
Round 362 global test acc  84.2400
Round 363 global test acc  84.8300
Round 364 global test acc  85.0800
Round 365 global test acc  86.3600
Round 366 global test acc  82.4200
Round 367 global test acc  84.6100
Round 368 global test acc  84.6600
Round 369 global test acc  84.2200
Round 370 global test acc  84.1800
Round 371 global test acc  84.3600
Round 372 global test acc  81.0100
Round 373 global test acc  83.5500
Round 374 global test acc  82.1800
Round 375 global test acc  84.7600
Round 376 global test acc  83.7900
Round 377 global test acc  83.7800
Round 378 global test acc  83.7900
Round 379 global test acc  84.7900
Round 380 global test acc  84.6800
Round 381 global test acc  85.3200
Round 382 global test acc  83.7500
Round 383 global test acc  83.8000
Round 384 global test acc  84.8100
Round 385 global test acc  86.5800
Round 386 global test acc  80.7000
Round 387 global test acc  85.7200
Round 388 global test acc  82.9300
Round 389 global test acc  83.8800
Round 390 global test acc  86.0000
Round 391 global test acc  85.8800
Round 392 global test acc  84.8200
Round 393 global test acc  85.9300
Round 394 global test acc  84.7700
Round 395 global test acc  82.7200
Round 396 global test acc  86.0500
Round 397 global test acc  85.4600
Round 398 global test acc  85.5300
Round 399 global test acc  86.2500
Round 400 global test acc  84.8000
Round 401 global test acc  84.0500
Round 402 global test acc  85.6500
Round 403 global test acc  84.1900
Round 404 global test acc  84.6300
Round 405 global test acc  84.6800
Round 406 global test acc  85.0400
Round 407 global test acc  84.7900
Round 408 global test acc  84.9700
Round 409 global test acc  84.0700
Round 410 global test acc  83.9400
Round 411 global test acc  82.2200
Round 412 global test acc  84.4700
Round 413 global test acc  86.4000
Round 414 global test acc  84.0500
Round 415 global test acc  84.0100
Round 416 global test acc  81.9700
Round 417 global test acc  86.3000
Round 418 global test acc  86.5300
Round 419 global test acc  85.8500
Round 420 global test acc  86.2700
Round 421 global test acc  86.6300
Round 422 global test acc  85.2900
Round 423 global test acc  84.3900
Round 424 global test acc  79.1300
Round 425 global test acc  85.3000
Round 426 global test acc  84.5900
Round 427 global test acc  85.0300
Round 428 global test acc  87.0200
Round 429 global test acc  86.7000
Round 430 global test acc  86.3200
Round 431 global test acc  85.3700
Round 432 global test acc  84.2900
Round 433 global test acc  85.5100
Round 434 global test acc  87.1600
Round 435 global test acc  86.2900
Round 436 global test acc  85.8600
Round 437 global test acc  85.9800
Round 438 global test acc  86.2400
Round 439 global test acc  85.0400
Round 440 global test acc  86.2300
Round 441 global test acc  86.9200
Round 442 global test acc  85.3300
Round 443 global test acc  86.1700
Round 444 global test acc  84.4100
Round 445 global test acc  86.0100
Round 446 global test acc  83.7300
Round 447 global test acc  83.8800
Round 448 global test acc  85.0900
Round 449 global test acc  85.0200
time : 32445.19249200821
('algorithm', 'LocalCORES')
('gpu', 0)
('seed', 13)
('save_dir', './record/')
('rounds2', 450)
('local_ep', 5)
('frac2', 0.1)
('num_users', 100)
('local_bs', 32)
('lr', 0.01)
('model', 'resnet18')
('num_classes', 10)
('level_n_system', 0.0)
('level_n_lowerb', 0.0)
('alpha_dirichlet', 10)
('non_iid_prob_class', 0.7)
('dataset', 'cifar10')
('iid', False)
('LID_k', 20)
('iteration1', 5)
('rounds1', 200)
('frac1', 0.01)
('pretrained', False)
('mixup', False)
('alpha', 1)
('beta', 5)
('relabel_ratio', 0.5)
('confidence_thres', 0.5)
('clean_set_thres', 0.1)
('fine_tuning', True)
('correction', True)
('T_pl', 100)
('lambda_cen', 1.0)
('lambda_e', 0.8)
('num_gradual', 10)
('forget_rate', 0.2)
('lr_decay', 0.1)
('schedule', [])
('momentum', 0.5)
('weight_decay', 0.0001)
('feature_dim', 128)
('plr', 0.01)
('lamda', 15)
('K', 5)
('gamma', 1)
('begin_sel', 10)
('max_beta', 2.0)
('mu', 0.01)
('device', device(type='cuda', index=0))
Files already downloaded and verified
Files already downloaded and verified
Round 0 global test acc  25.4300
Round 1 global test acc  28.6200
Round 2 global test acc  37.9700
Round 3 global test acc  41.2600
Round 4 global test acc  47.0800
Round 5 global test acc  48.3500
Round 6 global test acc  46.0600
Round 7 global test acc  53.0500
Round 8 global test acc  48.5100
Round 9 global test acc  55.2000
Round 10 global test acc  47.9900
Round 11 global test acc  48.4000
Round 12 global test acc  50.1900
Round 13 global test acc  48.9000
Round 14 global test acc  53.7000
Round 15 global test acc  53.0200
Round 16 global test acc  53.9200
Round 17 global test acc  59.1000
Round 18 global test acc  51.1600
Round 19 global test acc  61.5100
Round 20 global test acc  61.1000
Round 21 global test acc  55.8600
Round 22 global test acc  60.6700
Round 23 global test acc  58.9700
Round 24 global test acc  64.4300
Round 25 global test acc  49.2900
Round 26 global test acc  64.5200
Round 27 global test acc  56.2500
Round 28 global test acc  52.5800
Round 29 global test acc  64.6700
Round 30 global test acc  62.7900
Round 31 global test acc  59.5400
Round 32 global test acc  59.1300
Round 33 global test acc  64.6600
Round 34 global test acc  56.7900
Round 35 global test acc  64.8700
Round 36 global test acc  61.7800
Round 37 global test acc  66.8600
Round 38 global test acc  60.7700
Round 39 global test acc  66.7200
Round 40 global test acc  61.7400
Round 41 global test acc  68.6800
Round 42 global test acc  61.7700
Round 43 global test acc  65.9100
Round 44 global test acc  63.9700
Round 45 global test acc  67.6800
Round 46 global test acc  63.6300
Round 47 global test acc  59.7400
Round 48 global test acc  68.6400
Round 49 global test acc  69.8100
Round 50 global test acc  65.3900
Round 51 global test acc  67.6700
Round 52 global test acc  67.7800
Round 53 global test acc  65.2200
Round 54 global test acc  67.9200
Round 55 global test acc  67.6900
Round 56 global test acc  67.2900
Round 57 global test acc  66.5600
Round 58 global test acc  70.1600
Round 59 global test acc  69.6900
Round 60 global test acc  69.1100
Round 61 global test acc  66.6900
Round 62 global test acc  64.5400
Round 63 global test acc  70.3400
Round 64 global test acc  63.8300
Round 65 global test acc  69.1800
Round 66 global test acc  70.9600
Round 67 global test acc  73.7500
Round 68 global test acc  67.2500
Round 69 global test acc  71.2300
Round 70 global test acc  70.8200
Round 71 global test acc  71.7100
Round 72 global test acc  70.3400
Round 73 global test acc  74.8500
Round 74 global test acc  73.8700
Round 75 global test acc  69.4600
Round 76 global test acc  72.1900
Round 77 global test acc  73.0600
Round 78 global test acc  67.9200
Round 79 global test acc  68.4700
Round 80 global test acc  69.7100
Round 81 global test acc  75.1800
Round 82 global test acc  71.1100
Round 83 global test acc  74.5700
Round 84 global test acc  73.6100
Round 85 global test acc  72.7300
Round 86 global test acc  75.9600
Round 87 global test acc  74.0700
Round 88 global test acc  67.0600
Round 89 global test acc  68.8800
Round 90 global test acc  75.2400
Round 91 global test acc  75.8900
Round 92 global test acc  71.4900
Round 93 global test acc  72.8100
Round 94 global test acc  75.9600
Round 95 global test acc  70.8600
Round 96 global test acc  73.8200
Round 97 global test acc  74.6300
Round 98 global test acc  76.0500
Round 99 global test acc  74.9700
Round 100 global test acc  73.4400
Round 101 global test acc  76.4000
Round 102 global test acc  71.3000
Round 103 global test acc  73.4300
Round 104 global test acc  76.1200
Round 105 global test acc  74.8300
Round 106 global test acc  74.5700
Round 107 global test acc  76.4900
Round 108 global test acc  78.1000
Round 109 global test acc  73.3800
Round 110 global test acc  77.1800
Round 111 global test acc  75.4200
Round 112 global test acc  74.1700
Round 113 global test acc  64.0300
Round 114 global test acc  74.9200
Round 115 global test acc  77.4100
Round 116 global test acc  77.2400
Round 117 global test acc  73.4800
Round 118 global test acc  75.0900
Round 119 global test acc  74.0700
Round 120 global test acc  77.6600
Round 121 global test acc  68.8000
Round 122 global test acc  70.7100
Round 123 global test acc  77.4100
Round 124 global test acc  76.8900
Round 125 global test acc  77.6300
Round 126 global test acc  79.9200
Round 127 global test acc  80.3600
Round 128 global test acc  79.1000
Round 129 global test acc  79.1900
Round 130 global test acc  80.8400
Round 131 global test acc  80.1200
Round 132 global test acc  72.2500
Round 133 global test acc  78.2400
Round 134 global test acc  78.2100
Round 135 global test acc  81.0400
Round 136 global test acc  74.9000
Round 137 global test acc  78.3400
Round 138 global test acc  79.7100
Round 139 global test acc  79.7900
Round 140 global test acc  74.8900
Round 141 global test acc  75.7200
Round 142 global test acc  75.2700
Round 143 global test acc  78.3800
Round 144 global test acc  81.5800
Round 145 global test acc  77.5700
Round 146 global test acc  80.3400
Round 147 global test acc  80.6200
Round 148 global test acc  78.2200
Round 149 global test acc  77.3300
Round 150 global test acc  79.6600
Round 151 global test acc  81.0700
Round 152 global test acc  78.1400
Round 153 global test acc  81.0500
Round 154 global test acc  78.4500
Round 155 global test acc  79.6900
Round 156 global test acc  78.7200
Round 157 global test acc  79.8700
Round 158 global test acc  80.2900
Round 159 global test acc  75.3900
Round 160 global test acc  78.6200
Round 161 global test acc  77.8800
Round 162 global test acc  76.2200
Round 163 global test acc  82.0100
Round 164 global test acc  79.9100
Round 165 global test acc  77.5400
Round 166 global test acc  80.5800
Round 167 global test acc  81.3700
Round 168 global test acc  81.1900
Round 169 global test acc  81.5000
Round 170 global test acc  79.5900
Round 171 global test acc  76.3200
Round 172 global test acc  75.3300
Round 173 global test acc  75.3400
Round 174 global test acc  82.3100
Round 175 global test acc  78.0800
Round 176 global test acc  81.8700
Round 177 global test acc  77.9700
Round 178 global test acc  77.0300
Round 179 global test acc  80.1300
Round 180 global test acc  78.5000
Round 181 global test acc  80.8800
Round 182 global test acc  75.6200
Round 183 global test acc  75.0900
Round 184 global test acc  78.5300
Round 185 global test acc  80.2200
Round 186 global test acc  80.1000
Round 187 global test acc  78.8000
Round 188 global test acc  77.8900
Round 189 global test acc  79.1800
Round 190 global test acc  76.2200
Round 191 global test acc  80.3200
Round 192 global test acc  81.6200
Round 193 global test acc  82.7300
Round 194 global test acc  83.5900
Round 195 global test acc  81.7600
Round 196 global test acc  82.1400
Round 197 global test acc  82.2900
Round 198 global test acc  81.6100
Round 199 global test acc  81.6900
Round 200 global test acc  79.9900
Round 201 global test acc  82.6300
Round 202 global test acc  81.6400
Round 203 global test acc  82.5200
Round 204 global test acc  78.5200
Round 205 global test acc  83.0600
Round 206 global test acc  78.3200
Round 207 global test acc  81.0900
Round 208 global test acc  82.8200
Round 209 global test acc  80.8800
Round 210 global test acc  82.7200
Round 211 global test acc  81.8600
Round 212 global test acc  82.0500
Round 213 global test acc  81.2700
Round 214 global test acc  80.9900
Round 215 global test acc  82.2600
Round 216 global test acc  81.1200
Round 217 global test acc  82.8100
Round 218 global test acc  82.5600
Round 219 global test acc  83.0700
Round 220 global test acc  83.4000
Round 221 global test acc  80.7400
Round 222 global test acc  80.1200
Round 223 global test acc  81.4800
Round 224 global test acc  77.0000
Round 225 global test acc  82.8300
Round 226 global test acc  80.6500
Round 227 global test acc  77.8100
Round 228 global test acc  81.4900
Round 229 global test acc  80.3800
Round 230 global test acc  82.0800
Round 231 global test acc  81.0900
Round 232 global test acc  82.8100
Round 233 global test acc  81.9700
Round 234 global test acc  78.1900
Round 235 global test acc  82.3700
Round 236 global test acc  84.9500
Round 237 global test acc  82.7800
Round 238 global test acc  82.1700
Round 239 global test acc  83.3500
Round 240 global test acc  80.7300
Round 241 global test acc  83.0900
Round 242 global test acc  84.2900
Round 243 global test acc  84.6100
Round 244 global test acc  83.4500
Round 245 global test acc  81.9600
Round 246 global test acc  83.9200
Round 247 global test acc  81.7900
Round 248 global test acc  79.9500
Round 249 global test acc  80.9900
Round 250 global test acc  78.4300
Round 251 global test acc  84.6500
Round 252 global test acc  82.9800
Round 253 global test acc  81.4200
Round 254 global test acc  82.9700
Round 255 global test acc  83.0800
Round 256 global test acc  79.8400
Round 257 global test acc  83.7000
Round 258 global test acc  84.0400
Round 259 global test acc  80.2600
Round 260 global test acc  83.9400
Round 261 global test acc  82.5500
Round 262 global test acc  82.2100
Round 263 global test acc  84.4200
Round 264 global test acc  82.8200
Round 265 global test acc  80.0100
Round 266 global test acc  84.7500
Round 267 global test acc  84.7000
Round 268 global test acc  81.5300
Round 269 global test acc  83.5400
Round 270 global test acc  80.9600
Round 271 global test acc  80.2800
Round 272 global test acc  83.8600
Round 273 global test acc  83.1900
Round 274 global test acc  82.2200
Round 275 global test acc  83.0000
Round 276 global test acc  80.7800
Round 277 global test acc  83.3000
Round 278 global test acc  83.8000
Round 279 global test acc  83.5000
Round 280 global test acc  80.1600
Round 281 global test acc  83.7500
Round 282 global test acc  83.3200
Round 283 global test acc  81.3000
Round 284 global test acc  83.6800
Round 285 global test acc  85.0100
Round 286 global test acc  81.8700
Round 287 global test acc  81.9400
Round 288 global test acc  83.1000
Round 289 global test acc  84.2500
Round 290 global test acc  82.1100
Round 291 global test acc  83.6600
Round 292 global test acc  84.4900
Round 293 global test acc  83.8400
Round 294 global test acc  85.0700
Round 295 global test acc  78.4200
Round 296 global test acc  82.3500
Round 297 global test acc  84.4500
Round 298 global test acc  82.5700
Round 299 global test acc  83.8500
Round 300 global test acc  84.3100
Round 301 global test acc  80.5500
Round 302 global test acc  83.0200
Round 303 global test acc  80.0200
Round 304 global test acc  84.3900
Round 305 global test acc  81.7000
Round 306 global test acc  84.0000
Round 307 global test acc  84.2200
Round 308 global test acc  84.7200
Round 309 global test acc  83.6100
Round 310 global test acc  83.0100
Round 311 global test acc  83.7300
Round 312 global test acc  78.8800
Round 313 global test acc  83.7000
Round 314 global test acc  85.0900
Round 315 global test acc  83.3800
Round 316 global test acc  83.8600
Round 317 global test acc  84.2000
Round 318 global test acc  84.4300
Round 319 global test acc  79.4400
Round 320 global test acc  84.8800
Round 321 global test acc  82.6800
Round 322 global test acc  83.0700
Round 323 global test acc  83.0400
Round 324 global test acc  86.0700
Round 325 global test acc  83.3800
Round 326 global test acc  84.6400
Round 327 global test acc  85.8000
Round 328 global test acc  83.5100
Round 329 global test acc  85.2200
Round 330 global test acc  85.5200
Round 331 global test acc  83.4100
Round 332 global test acc  83.5600
Round 333 global test acc  83.9900
Round 334 global test acc  84.3200
Round 335 global test acc  83.0100
Round 336 global test acc  83.8400
Round 337 global test acc  84.0800
Round 338 global test acc  74.5800
Round 339 global test acc  85.0300
Round 340 global test acc  79.1100
Round 341 global test acc  84.5200
Round 342 global test acc  84.8100
Round 343 global test acc  82.8600
Round 344 global test acc  85.0600
Round 345 global test acc  83.8800
Round 346 global test acc  84.3300
Round 347 global test acc  86.0500
Round 348 global test acc  84.1100
Round 349 global test acc  85.2700
Round 350 global test acc  85.1700
Round 351 global test acc  83.3900
Round 352 global test acc  83.9100
Round 353 global test acc  82.5100
Round 354 global test acc  84.2400
Round 355 global test acc  84.0300
Round 356 global test acc  83.0800
Round 357 global test acc  85.4400
Round 358 global test acc  84.1700
Round 359 global test acc  84.3800
Round 360 global test acc  77.6900
Round 361 global test acc  81.3200
Round 362 global test acc  82.3000
Round 363 global test acc  86.1900
Round 364 global test acc  84.2700
Round 365 global test acc  86.1700
Round 366 global test acc  82.2800
Round 367 global test acc  81.8500
Round 368 global test acc  82.8900
Round 369 global test acc  83.9300
Round 370 global test acc  84.6000
Round 371 global test acc  85.0900
Round 372 global test acc  84.8500
Round 373 global test acc  85.2600
Round 374 global test acc  83.4100
Round 375 global test acc  84.5200
Round 376 global test acc  83.5500
Round 377 global test acc  85.5100
Round 378 global test acc  83.3500
Round 379 global test acc  74.4500
Round 380 global test acc  82.1700
Round 381 global test acc  83.4500
Round 382 global test acc  83.7200
Round 383 global test acc  84.0000
Round 384 global test acc  84.8900
Round 385 global test acc  84.8300
Round 386 global test acc  83.9800
Round 387 global test acc  85.5100
Round 388 global test acc  84.9200
Round 389 global test acc  83.4300
Round 390 global test acc  86.0000
Round 391 global test acc  84.5300
Round 392 global test acc  85.5600
Round 393 global test acc  85.7700
Round 394 global test acc  85.0900
Round 395 global test acc  84.2900
Round 396 global test acc  84.2400
Round 397 global test acc  85.3900
Round 398 global test acc  85.8100
Round 399 global test acc  86.8300
Round 400 global test acc  84.4600
Round 401 global test acc  84.5500
Round 402 global test acc  84.9000
Round 403 global test acc  85.7700
Round 404 global test acc  82.1000
Round 405 global test acc  85.8800
Round 406 global test acc  85.0700
Round 407 global test acc  85.5900
Round 408 global test acc  84.7700
Round 409 global test acc  80.9600
Round 410 global test acc  82.9400
Round 411 global test acc  81.7200
Round 412 global test acc  84.1900
Round 413 global test acc  86.0800
Round 414 global test acc  83.7200
Round 415 global test acc  84.9900
Round 416 global test acc  83.1100
Round 417 global test acc  85.4300
Round 418 global test acc  83.0400
Round 419 global test acc  84.2100
Round 420 global test acc  85.3500
Round 421 global test acc  84.7700
Round 422 global test acc  84.9900
Round 423 global test acc  85.1900
Round 424 global test acc  86.1500
Round 425 global test acc  85.3000
Round 426 global test acc  86.1100
Round 427 global test acc  84.2700
Round 428 global test acc  86.6700
Round 429 global test acc  84.8000
Round 430 global test acc  83.8900
Round 431 global test acc  82.3300
Round 432 global test acc  83.0300
Round 433 global test acc  83.3000
Round 434 global test acc  86.6300
Round 435 global test acc  84.9900
Round 436 global test acc  85.6800
Round 437 global test acc  86.2400
Round 438 global test acc  85.9900
Round 439 global test acc  84.5600
Round 440 global test acc  85.9000
Round 441 global test acc  86.0000
Round 442 global test acc  84.9700
Round 443 global test acc  85.5700
Round 444 global test acc  84.1600
Round 445 global test acc  85.6200
Round 446 global test acc  85.0300
Round 447 global test acc  86.1900
Round 448 global test acc  86.5000
Round 449 global test acc  86.1700
time : 34814.705674409866
('algorithm', 'LocalCORES')
('gpu', 1)
('seed', 13)
('save_dir', './record/')
('rounds2', 450)
('local_ep', 5)
('frac2', 0.1)
('num_users', 100)
('local_bs', 32)
('lr', 0.01)
('model', 'resnet18')
('num_classes', 10)
('level_n_system', 0.0)
('level_n_lowerb', 0.0)
('alpha_dirichlet', 10)
('non_iid_prob_class', 0.7)
('dataset', 'cifar10')
('iid', False)
('LID_k', 20)
('iteration1', 5)
('rounds1', 200)
('frac1', 0.01)
('pretrained', False)
('mixup', False)
('alpha', 1)
('beta', 5)
('relabel_ratio', 0.5)
('confidence_thres', 0.5)
('clean_set_thres', 0.1)
('fine_tuning', True)
('correction', True)
('T_pl', 100)
('lambda_cen', 1.0)
('lambda_e', 0.8)
('num_gradual', 10)
('forget_rate', 0.2)
('lr_decay', 0.1)
('schedule', [])
('momentum', 0.5)
('weight_decay', 0.0001)
('feature_dim', 128)
('plr', 0.01)
('lamda', 15)
('K', 5)
('gamma', 1)
('begin_sel', 10)
('max_beta', 2.0)
('mu', 0.01)
('device', device(type='cuda', index=1))
Files already downloaded and verified
Files already downloaded and verified
Round 0 global test acc  25.6300
Round 1 global test acc  29.6500
Round 2 global test acc  36.8300
Round 3 global test acc  41.2600
Round 4 global test acc  46.5300
Round 5 global test acc  48.0200
Round 6 global test acc  46.5100
Round 7 global test acc  52.2700
Round 8 global test acc  49.8100
Round 9 global test acc  55.4000
Round 10 global test acc  49.7300
Round 11 global test acc  49.7100
Round 12 global test acc  50.1900
Round 13 global test acc  49.2300
Round 14 global test acc  53.6200
Round 15 global test acc  50.3900
Round 16 global test acc  53.7300
Round 17 global test acc  57.7300
Round 18 global test acc  50.8000
Round 19 global test acc  62.2200
Round 20 global test acc  60.7600
Round 21 global test acc  55.0100
Round 22 global test acc  60.0800
Round 23 global test acc  60.9500
Round 24 global test acc  64.7900
Round 25 global test acc  47.6400
Round 26 global test acc  64.1800
Round 27 global test acc  56.7400
Round 28 global test acc  53.6800
Round 29 global test acc  64.7500
Round 30 global test acc  63.2500
Round 31 global test acc  60.9400
Round 32 global test acc  59.0700
Round 33 global test acc  64.0200
Round 34 global test acc  57.4100
Round 35 global test acc  65.3200
Round 36 global test acc  62.0900
Round 37 global test acc  66.8800
Round 38 global test acc  60.6200
Round 39 global test acc  67.1600
Round 40 global test acc  62.9900
Round 41 global test acc  68.5500
Round 42 global test acc  62.0300
Round 43 global test acc  66.3700
Round 44 global test acc  64.6800
Round 45 global test acc  66.0000
Round 46 global test acc  62.6400
Round 47 global test acc  63.4300
Round 48 global test acc  68.9400
Round 49 global test acc  69.2400
Round 50 global test acc  67.1200
Round 51 global test acc  66.6800
Round 52 global test acc  66.9800
Round 53 global test acc  67.4100
Round 54 global test acc  69.0200
Round 55 global test acc  66.4500
Round 56 global test acc  66.8900
Round 57 global test acc  65.0200
Round 58 global test acc  70.0000
Round 59 global test acc  70.3200
Round 60 global test acc  69.7400
Round 61 global test acc  66.3600
Round 62 global test acc  65.1800
Round 63 global test acc  70.2300
Round 64 global test acc  65.4000
Round 65 global test acc  68.3300
Round 66 global test acc  71.3700
Round 67 global test acc  73.4900
Round 68 global test acc  65.3500
Round 69 global test acc  71.1400
Round 70 global test acc  71.8300
Round 71 global test acc  71.6300
Round 72 global test acc  69.5900
Round 73 global test acc  74.1100
Round 74 global test acc  73.5300
Round 75 global test acc  69.3300
Round 76 global test acc  70.7400
Round 77 global test acc  72.6200
Round 78 global test acc  64.5000
Round 79 global test acc  68.8600
Round 80 global test acc  68.6500
Round 81 global test acc  73.3600
Round 82 global test acc  72.2100
Round 83 global test acc  75.8600
Round 84 global test acc  74.0500
Round 85 global test acc  72.3200
Round 86 global test acc  76.2800
Round 87 global test acc  73.9500
Round 88 global test acc  67.2300
Round 89 global test acc  67.5000
Round 90 global test acc  76.1800
Round 91 global test acc  76.6400
Round 92 global test acc  72.0900
Round 93 global test acc  72.4900
Round 94 global test acc  75.5900
Round 95 global test acc  71.4900
Round 96 global test acc  73.6200
Round 97 global test acc  73.0200
Round 98 global test acc  76.5400
Round 99 global test acc  74.9400
Round 100 global test acc  74.8800
Round 101 global test acc  77.1600
Round 102 global test acc  71.1500
Round 103 global test acc  72.3700
Round 104 global test acc  75.9200
Round 105 global test acc  75.3500
Round 106 global test acc  75.6800
Round 107 global test acc  76.8700
Round 108 global test acc  78.0300
Round 109 global test acc  72.5300
Round 110 global test acc  77.8000
Round 111 global test acc  73.3300
Round 112 global test acc  74.1400
Round 113 global test acc  65.8700
Round 114 global test acc  74.7800
Round 115 global test acc  77.7100
Round 116 global test acc  78.2200
Round 117 global test acc  74.3200
Round 118 global test acc  75.2800
Round 119 global test acc  74.3500
Round 120 global test acc  75.1700
Round 121 global test acc  71.3600
Round 122 global test acc  71.3700
Round 123 global test acc  77.6400
Round 124 global test acc  76.9700
Round 125 global test acc  76.4000
Round 126 global test acc  79.6100
Round 127 global test acc  80.0400
Round 128 global test acc  80.9500
Round 129 global test acc  78.3300
Round 130 global test acc  81.0200
Round 131 global test acc  78.9500
Round 132 global test acc  74.9800
Round 133 global test acc  78.5500
Round 134 global test acc  79.3800
Round 135 global test acc  81.4400
Round 136 global test acc  75.0700
Round 137 global test acc  79.6600
Round 138 global test acc  78.2500
Round 139 global test acc  78.5400
Round 140 global test acc  75.5700
Round 141 global test acc  75.6400
Round 142 global test acc  74.8100
Round 143 global test acc  77.3800
Round 144 global test acc  80.5000
Round 145 global test acc  77.5200
Round 146 global test acc  80.5100
Round 147 global test acc  80.1800
Round 148 global test acc  79.5500
Round 149 global test acc  77.6900
Round 150 global test acc  80.5900
Round 151 global test acc  81.1900
Round 152 global test acc  79.0600
Round 153 global test acc  81.0000
Round 154 global test acc  80.2600
Round 155 global test acc  80.7600
Round 156 global test acc  79.5300
Round 157 global test acc  80.1200
Round 158 global test acc  80.4400
Round 159 global test acc  73.2200
Round 160 global test acc  79.1000
Round 161 global test acc  72.7700
Round 162 global test acc  76.1600
Round 163 global test acc  81.1800
Round 164 global test acc  79.6200
Round 165 global test acc  77.8800
Round 166 global test acc  80.0800
Round 167 global test acc  80.8200
Round 168 global test acc  80.1700
Round 169 global test acc  80.4000
Round 170 global test acc  79.0100
Round 171 global test acc  76.3000
Round 172 global test acc  75.3900
Round 173 global test acc  76.4200
Round 174 global test acc  82.0600
Round 175 global test acc  78.4800
Round 176 global test acc  81.9600
Round 177 global test acc  79.2700
Round 178 global test acc  77.4700
Round 179 global test acc  80.8000
Round 180 global test acc  76.6800
Round 181 global test acc  80.6000
Round 182 global test acc  76.6100
Round 183 global test acc  78.4500
Round 184 global test acc  77.3200
Round 185 global test acc  80.8800
Round 186 global test acc  78.6300
Round 187 global test acc  79.1100
Round 188 global test acc  78.4100
Round 189 global test acc  78.5800
Round 190 global test acc  76.8500
Round 191 global test acc  79.7900
Round 192 global test acc  81.4400
Round 193 global test acc  81.6200
Round 194 global test acc  82.7500
Round 195 global test acc  78.7500
Round 196 global test acc  82.0100
Round 197 global test acc  82.3700
Round 198 global test acc  82.1800
Round 199 global test acc  81.3000
Round 200 global test acc  80.2800
Round 201 global test acc  77.3300
Round 202 global test acc  81.0100
Round 203 global test acc  83.2600
Round 204 global test acc  77.7600
Round 205 global test acc  83.2900
Round 206 global test acc  77.0900
Round 207 global test acc  80.0300
Round 208 global test acc  82.2300
Round 209 global test acc  81.1600
Round 210 global test acc  82.5000
Round 211 global test acc  82.3800
Round 212 global test acc  81.7700
Round 213 global test acc  79.8400
Round 214 global test acc  80.2500
Round 215 global test acc  82.4200
Round 216 global test acc  81.6300
Round 217 global test acc  81.8600
Round 218 global test acc  82.4200
Round 219 global test acc  83.6900
Round 220 global test acc  83.5500
Round 221 global test acc  81.3700
Round 222 global test acc  80.1900
Round 223 global test acc  80.8700
Round 224 global test acc  79.8500
Round 225 global test acc  83.4600
Round 226 global test acc  80.6100
Round 227 global test acc  79.2800
Round 228 global test acc  81.5400
Round 229 global test acc  79.6300
Round 230 global test acc  81.1300
Round 231 global test acc  81.9000
Round 232 global test acc  82.5100
Round 233 global test acc  82.3200
Round 234 global test acc  78.0500
Round 235 global test acc  80.6200
Round 236 global test acc  84.2500
Round 237 global test acc  82.5300
Round 238 global test acc  81.8500
Round 239 global test acc  82.7500
Round 240 global test acc  81.0800
Round 241 global test acc  83.9700
Round 242 global test acc  84.0800
Round 243 global test acc  84.3900
Round 244 global test acc  83.1900
Round 245 global test acc  81.8900
Round 246 global test acc  83.9000
Round 247 global test acc  83.9500
Round 248 global test acc  80.6500
Round 249 global test acc  82.9400
Round 250 global test acc  77.8800
Round 251 global test acc  84.7800
Round 252 global test acc  83.0200
Round 253 global test acc  80.5400
Round 254 global test acc  84.0200
Round 255 global test acc  82.6000
Round 256 global test acc  82.4000
Round 257 global test acc  83.5900
Round 258 global test acc  84.0200
Round 259 global test acc  80.2000
Round 260 global test acc  83.6300
Round 261 global test acc  82.1300
Round 262 global test acc  82.4900
Round 263 global test acc  84.0100
Round 264 global test acc  82.9200
Round 265 global test acc  83.3000
Round 266 global test acc  84.5600
Round 267 global test acc  84.9200
Round 268 global test acc  81.0600
Round 269 global test acc  83.5100
Round 270 global test acc  81.5100
Round 271 global test acc  79.4500
Round 272 global test acc  83.3400
Round 273 global test acc  83.6900
Round 274 global test acc  81.3400
Round 275 global test acc  83.0600
Round 276 global test acc  81.2700
Round 277 global test acc  83.0100
Round 278 global test acc  83.3700
Round 279 global test acc  84.4300
Round 280 global test acc  81.1900
Round 281 global test acc  81.6300
Round 282 global test acc  84.0800
Round 283 global test acc  80.7300
Round 284 global test acc  82.6000
Round 285 global test acc  84.6500
Round 286 global test acc  82.4100
Round 287 global test acc  82.0600
Round 288 global test acc  83.5600
Round 289 global test acc  84.5000
Round 290 global test acc  80.5300
Round 291 global test acc  81.5600
Round 292 global test acc  84.8000
Round 293 global test acc  83.3300
Round 294 global test acc  84.6500
Round 295 global test acc  73.5000
Round 296 global test acc  82.8800
Round 297 global test acc  84.5800
Round 298 global test acc  82.7000
Round 299 global test acc  83.1100
Round 300 global test acc  83.9800
Round 301 global test acc  79.6700
Round 302 global test acc  83.2900
Round 303 global test acc  81.1600
Round 304 global test acc  84.6000
Round 305 global test acc  80.8800
Round 306 global test acc  83.6200
Round 307 global test acc  84.6900
Round 308 global test acc  84.5800
Round 309 global test acc  83.9200
Round 310 global test acc  83.5300
Round 311 global test acc  84.3100
Round 312 global test acc  82.1900
Round 313 global test acc  82.9700
Round 314 global test acc  85.3700
Round 315 global test acc  83.4700
Round 316 global test acc  84.0900
Round 317 global test acc  84.4100
Round 318 global test acc  84.9000
Round 319 global test acc  80.7200
Round 320 global test acc  85.0800
Round 321 global test acc  81.4900
Round 322 global test acc  83.9900
Round 323 global test acc  83.6900
Round 324 global test acc  86.2200
Round 325 global test acc  83.9600
Round 326 global test acc  83.8500
Round 327 global test acc  85.4300
Round 328 global test acc  83.2700
Round 329 global test acc  85.0500
Round 330 global test acc  85.6900
Round 331 global test acc  83.4700
Round 332 global test acc  84.1900
Round 333 global test acc  84.2500
Round 334 global test acc  85.5600
Round 335 global test acc  82.8400
Round 336 global test acc  83.2300
Round 337 global test acc  84.5500
Round 338 global test acc  79.8600
Round 339 global test acc  85.0000
Round 340 global test acc  79.0100
Round 341 global test acc  84.2700
Round 342 global test acc  84.7000
Round 343 global test acc  82.4100
Round 344 global test acc  85.2400
Round 345 global test acc  82.8100
Round 346 global test acc  83.9800
Round 347 global test acc  85.9100
Round 348 global test acc  83.5900
Round 349 global test acc  85.1900
Round 350 global test acc  85.4900
Round 351 global test acc  84.2500
Round 352 global test acc  84.3500
Round 353 global test acc  83.9000
Round 354 global test acc  84.4200
Round 355 global test acc  80.6600
Round 356 global test acc  83.7100
Round 357 global test acc  84.5700
Round 358 global test acc  84.2100
Round 359 global test acc  83.5200
Round 360 global test acc  79.9500
Round 361 global test acc  82.5800
Round 362 global test acc  82.7000
Round 363 global test acc  86.1800
Round 364 global test acc  84.5200
Round 365 global test acc  86.2100
Round 366 global test acc  83.5900
Round 367 global test acc  82.5900
Round 368 global test acc  83.2700
Round 369 global test acc  83.4700
Round 370 global test acc  84.5600
Round 371 global test acc  84.1600
Round 372 global test acc  83.8500
Round 373 global test acc  85.0500
Round 374 global test acc  83.4000
Round 375 global test acc  84.5700
Round 376 global test acc  83.1900
Round 377 global test acc  84.2200
Round 378 global test acc  84.3000
Round 379 global test acc  77.7200
Round 380 global test acc  83.1700
Round 381 global test acc  83.7600
Round 382 global test acc  83.2600
Round 383 global test acc  76.3000
Round 384 global test acc  82.2600
Round 385 global test acc  83.0400
Round 386 global test acc  82.1200
Round 387 global test acc  84.4900
Round 388 global test acc  85.1000
Round 389 global test acc  84.9100
Round 390 global test acc  85.7300
Round 391 global test acc  84.9900
Round 392 global test acc  85.0700
Round 393 global test acc  86.3400
Round 394 global test acc  85.0800
Round 395 global test acc  84.0000
Round 396 global test acc  84.6200
Round 397 global test acc  85.3200
Round 398 global test acc  86.1100
Round 399 global test acc  86.5900
Round 400 global test acc  84.6800
Round 401 global test acc  84.2500
Round 402 global test acc  84.0800
Round 403 global test acc  85.6000
Round 404 global test acc  82.7300
Round 405 global test acc  85.4800
Round 406 global test acc  83.5700
Round 407 global test acc  86.0500
Round 408 global test acc  83.6400
Round 409 global test acc  81.0400
Round 410 global test acc  83.4000
Round 411 global test acc  81.3700
Round 412 global test acc  83.7100
Round 413 global test acc  86.6700
Round 414 global test acc  81.7500
Round 415 global test acc  83.4800
Round 416 global test acc  83.2400
Round 417 global test acc  77.9100
Round 418 global test acc  84.0100
Round 419 global test acc  84.7700
Round 420 global test acc  85.5400
Round 421 global test acc  85.8200
Round 422 global test acc  85.2000
Round 423 global test acc  83.4500
Round 424 global test acc  80.7300
Round 425 global test acc  85.3000
Round 426 global test acc  86.4000
Round 427 global test acc  85.2100
Round 428 global test acc  87.0000
Round 429 global test acc  85.2900
Round 430 global test acc  85.4800
Round 431 global test acc  84.2300
Round 432 global test acc  84.0700
Round 433 global test acc  86.0000
Round 434 global test acc  86.6500
Round 435 global test acc  85.0100
Round 436 global test acc  85.8600
Round 437 global test acc  84.0100
Round 438 global test acc  84.7500
Round 439 global test acc  84.6700
Round 440 global test acc  85.6300
Round 441 global test acc  86.4600
Round 442 global test acc  84.1900
Round 443 global test acc  85.2200
Round 444 global test acc  84.2400
Round 445 global test acc  85.8000
Round 446 global test acc  84.8400
Round 447 global test acc  86.1100
Round 448 global test acc  85.6800
Round 449 global test acc  86.1100
time : 36137.986366033554
