('algorithm', 'GlobalCORES')
('gpu', 7)
('seed', 13)
('save_dir', './record/')
('rounds2', 450)
('local_ep', 5)
('frac2', 0.2)
('num_users', 50)
('local_bs', 32)
('lr', 0.01)
('model', 'resnet34')
('num_classes', 10)
('level_n_system', 0.5)
('level_n_lowerb', 0.3)
('alpha_dirichlet', 10)
('non_iid_prob_class', 0.7)
('dataset', 'cifar100')
('iid', False)
('LID_k', 20)
('iteration1', 5)
('rounds1', 200)
('frac1', 0.01)
('pretrained', False)
('mixup', False)
('alpha', 1)
('beta', 5)
('relabel_ratio', 0.5)
('confidence_thres', 0.5)
('clean_set_thres', 0.1)
('fine_tuning', True)
('correction', True)
('T_pl', 100)
('lambda_cen', 1.0)
('lambda_e', 0.8)
('num_gradual', 10)
('forget_rate', 0.2)
('lr_decay', 0.1)
('schedule', [])
('momentum', 0.5)
('weight_decay', 0.0001)
('feature_dim', 128)
('plr', 0.01)
('lamda', 15)
('K', 5)
('gamma', 1)
('begin_sel', 10)
('max_beta', 2.0)
('mu', 0.01)
('device', device(type='cuda', index=7))
Files already downloaded and verified
Files already downloaded and verified
Client 0, noise level: 0.7803 (0.7022), real noise ratio: 0.7763
Client 2, noise level: 0.3966 (0.3569), real noise ratio: 0.3821
Client 3, noise level: 0.3691 (0.3322), real noise ratio: 0.3473
Client 4, noise level: 0.4719 (0.4247), real noise ratio: 0.4391
Client 6, noise level: 0.9482 (0.8534), real noise ratio: 0.9435
Client 7, noise level: 0.7761 (0.6985), real noise ratio: 0.7680
Client 8, noise level: 0.4664 (0.4197), real noise ratio: 0.4630
Client 9, noise level: 0.6982 (0.6284), real noise ratio: 0.6986
Client 13, noise level: 0.5837 (0.5254), real noise ratio: 0.5850
Client 15, noise level: 0.4336 (0.3903), real noise ratio: 0.4251
Client 20, noise level: 0.6493 (0.5844), real noise ratio: 0.6571
Client 23, noise level: 0.5554 (0.4999), real noise ratio: 0.5444
Client 26, noise level: 0.3955 (0.3559), real noise ratio: 0.3988
Client 27, noise level: 0.4655 (0.4189), real noise ratio: 0.4550
Client 29, noise level: 0.6947 (0.6253), real noise ratio: 0.6917
Client 30, noise level: 0.9713 (0.8741), real noise ratio: 0.9641
Client 32, noise level: 0.3903 (0.3512), real noise ratio: 0.3928
Client 33, noise level: 0.8324 (0.7492), real noise ratio: 0.8311
Client 35, noise level: 0.4230 (0.3807), real noise ratio: 0.4125
Client 38, noise level: 0.9771 (0.8794), real noise ratio: 0.9646
Client 41, noise level: 0.7686 (0.6917), real noise ratio: 0.7551
Client 42, noise level: 0.3765 (0.3389), real noise ratio: 0.3664
Client 47, noise level: 0.4886 (0.4397), real noise ratio: 0.5093
Client 48, noise level: 0.7551 (0.6796), real noise ratio: 0.7664
Round 0 global test acc  1.0000
Round 1 global test acc  1.2800
Round 2 global test acc  5.0600
Round 3 global test acc  2.9000
Round 4 global test acc  4.6000
Round 5 global test acc  7.5400
Round 6 global test acc  8.7100
Round 7 global test acc  8.1100
Round 8 global test acc  6.4000
Round 9 global test acc  9.4700
Round 10 global test acc  11.4700
Round 11 global test acc  9.5500
Round 12 global test acc  12.1000
Round 13 global test acc  12.4900
Round 14 global test acc  12.0600
Round 15 global test acc  12.8700
Round 16 global test acc  13.8800
Round 17 global test acc  11.0500
Round 18 global test acc  15.5200
Round 19 global test acc  17.0600
Round 20 global test acc  16.3900
Round 21 global test acc  16.4100
Round 22 global test acc  18.6900
Round 23 global test acc  19.5900
Round 24 global test acc  18.4400
Round 25 global test acc  19.8100
Round 26 global test acc  20.7200
Round 27 global test acc  21.6900
Round 28 global test acc  22.6800
Round 29 global test acc  23.1000
Round 30 global test acc  23.7500
Round 31 global test acc  23.7400
Round 32 global test acc  22.0100
Round 33 global test acc  25.6900
Round 34 global test acc  25.4800
Round 35 global test acc  26.7300
Round 36 global test acc  26.9900
Round 37 global test acc  27.7600
Round 38 global test acc  29.3800
Round 39 global test acc  29.0900
Round 40 global test acc  30.6500
Round 41 global test acc  30.5300
Round 42 global test acc  25.5900
Round 43 global test acc  30.4200
Round 44 global test acc  32.2600
Round 45 global test acc  32.4100
Round 46 global test acc  31.5000
Round 47 global test acc  33.9800
Round 48 global test acc  32.2400
Round 49 global test acc  34.1700
Round 50 global test acc  34.1800
Round 51 global test acc  34.6000
Round 52 global test acc  35.1700
Round 53 global test acc  35.7000
Round 54 global test acc  35.8600
Round 55 global test acc  36.2800
Round 56 global test acc  36.0400
Round 57 global test acc  38.1200
Round 58 global test acc  37.2400
Round 59 global test acc  37.2000
Round 60 global test acc  36.8700
Round 61 global test acc  37.3500
Round 62 global test acc  37.7100
Round 63 global test acc  39.5000
Round 64 global test acc  40.5400
Round 65 global test acc  40.8000
Round 66 global test acc  41.2800
Round 67 global test acc  40.7000
Round 68 global test acc  40.6300
Round 69 global test acc  40.5300
Round 70 global test acc  40.9800
Round 71 global test acc  41.4500
Round 72 global test acc  42.9100
Round 73 global test acc  42.7600
Round 74 global test acc  42.7800
Round 75 global test acc  43.2900
Round 76 global test acc  43.7300
Round 77 global test acc  42.7200
Round 78 global test acc  43.9100
Round 79 global test acc  44.8800
Round 80 global test acc  44.4700
Round 81 global test acc  45.2700
Round 82 global test acc  44.4800
Round 83 global test acc  45.6300
Round 84 global test acc  45.8800
Round 85 global test acc  45.7100
Round 86 global test acc  45.0400
Round 87 global test acc  46.3700
Round 88 global test acc  45.8600
Round 89 global test acc  46.5800
Round 90 global test acc  46.9300
Round 91 global test acc  46.6800
Round 92 global test acc  46.4800
Round 93 global test acc  44.7000
Round 94 global test acc  46.9900
Round 95 global test acc  47.1200
Round 96 global test acc  45.8100
Round 97 global test acc  47.4600
Round 98 global test acc  47.3500
Round 99 global test acc  47.2700
Round 100 global test acc  46.9300
Round 101 global test acc  47.5300
Round 102 global test acc  48.2500
Round 103 global test acc  47.8500
Round 104 global test acc  48.0600
Round 105 global test acc  48.8200
Round 106 global test acc  48.5400
Round 107 global test acc  48.4300
Round 108 global test acc  49.2300
Round 109 global test acc  49.1200
Round 110 global test acc  49.7100
Round 111 global test acc  49.8100
Round 112 global test acc  50.2000
Round 113 global test acc  49.3100
Round 114 global test acc  50.0100
Round 115 global test acc  49.0100
Round 116 global test acc  49.7000
Round 117 global test acc  50.4800
Round 118 global test acc  49.0500
Round 119 global test acc  49.7700
Round 120 global test acc  51.6100
Round 121 global test acc  48.9200
Round 122 global test acc  50.2100
Round 123 global test acc  50.6000
Round 124 global test acc  51.3000
Round 125 global test acc  51.4700
Round 126 global test acc  51.4200
Round 127 global test acc  51.4800
Round 128 global test acc  47.6400
Round 129 global test acc  51.5300
Round 130 global test acc  51.7300
Round 131 global test acc  52.0300
Round 132 global test acc  51.8100
Round 133 global test acc  51.4500
Round 134 global test acc  48.5600
Round 135 global test acc  49.5100
Round 136 global test acc  50.0400
Round 137 global test acc  51.3000
Round 138 global test acc  51.8600
Round 139 global test acc  52.2500
Round 140 global test acc  51.5300
Round 141 global test acc  51.8100
Round 142 global test acc  37.8000
Round 143 global test acc  48.3200
Round 144 global test acc  51.2600
Round 145 global test acc  51.7200
Round 146 global test acc  51.8400
Round 147 global test acc  52.6000
Round 148 global test acc  52.5100
Round 149 global test acc  51.1600
Round 150 global test acc  51.0800
Round 151 global test acc  51.8700
Round 152 global test acc  52.8000
Round 153 global test acc  52.5900
Round 154 global test acc  52.5700
Round 155 global test acc  52.4000
Round 156 global test acc  52.1200
Round 157 global test acc  52.6700
Round 158 global test acc  52.7000
Round 159 global test acc  52.8600
Round 160 global test acc  53.1700
Round 161 global test acc  52.2400
Round 162 global test acc  53.6400
Round 163 global test acc  53.4400
Round 164 global test acc  52.8200
Round 165 global test acc  51.9700
Round 166 global test acc  50.9700
Round 167 global test acc  54.5000
Round 168 global test acc  53.9300
Round 169 global test acc  53.8300
Round 170 global test acc  54.0100
Round 171 global test acc  52.2500
Round 172 global test acc  53.3700
Round 173 global test acc  53.5000
Round 174 global test acc  53.6600
Round 175 global test acc  54.5600
Round 176 global test acc  51.6000
Round 177 global test acc  52.3900
Round 178 global test acc  53.3700
Round 179 global test acc  41.1200
Round 180 global test acc  53.1600
Round 181 global test acc  53.1200
Round 182 global test acc  53.7700
Round 183 global test acc  53.8800
Round 184 global test acc  54.3400
Round 185 global test acc  53.7600
Round 186 global test acc  52.4300
Round 187 global test acc  52.7900
Round 188 global test acc  54.2800
Round 189 global test acc  54.0300
Round 190 global test acc  54.5700
Round 191 global test acc  54.5800
Round 192 global test acc  51.7100
Round 193 global test acc  54.1600
Round 194 global test acc  54.5500
Round 195 global test acc  52.3600
Round 196 global test acc  54.8100
Round 197 global test acc  54.1300
Round 198 global test acc  54.1300
Round 199 global test acc  54.2100
Round 200 global test acc  54.5000
Round 201 global test acc  54.7400
Round 202 global test acc  51.2900
Round 203 global test acc  53.3600
Round 204 global test acc  55.0400
Round 205 global test acc  52.3400
Round 206 global test acc  54.9800
Round 207 global test acc  54.0400
Round 208 global test acc  54.6500
Round 209 global test acc  53.8700
Round 210 global test acc  53.7800
Round 211 global test acc  54.6300
Round 212 global test acc  54.8100
Round 213 global test acc  52.4000
Round 214 global test acc  55.1300
Round 215 global test acc  55.2200
Round 216 global test acc  55.2100
Round 217 global test acc  52.6100
Round 218 global test acc  54.5000
Round 219 global test acc  54.7900
Round 220 global test acc  54.6300
Round 221 global test acc  53.3800
Round 222 global test acc  55.3100
Round 223 global test acc  53.2500
Round 224 global test acc  54.5500
Round 225 global test acc  47.8900
Round 226 global test acc  55.4800
Round 227 global test acc  54.9900
Round 228 global test acc  55.0500
Round 229 global test acc  55.7700
Round 230 global test acc  56.0100
Round 231 global test acc  55.7300
Round 232 global test acc  55.0600
Round 233 global test acc  55.1800
Round 234 global test acc  54.8000
Round 235 global test acc  55.1500
Round 236 global test acc  55.2300
Round 237 global test acc  55.8300
Round 238 global test acc  52.3400
Round 239 global test acc  54.5100
Round 240 global test acc  55.4600
Round 241 global test acc  55.0500
Round 242 global test acc  56.0000
Round 243 global test acc  53.5000
Round 244 global test acc  55.5200
Round 245 global test acc  55.4200
Round 246 global test acc  48.7600
Round 247 global test acc  55.7300
Round 248 global test acc  55.8800
Round 249 global test acc  55.0000
Round 250 global test acc  55.1700
Round 251 global test acc  52.7700
Round 252 global test acc  54.8000
Round 253 global test acc  51.9400
Round 254 global test acc  55.6500
Round 255 global test acc  55.1400
Round 256 global test acc  56.0000
Round 257 global test acc  55.8000
Round 258 global test acc  55.7800
Round 259 global test acc  56.4200
Round 260 global test acc  54.7000
Round 261 global test acc  55.0500
Round 262 global test acc  52.7200
Round 263 global test acc  54.1900
Round 264 global test acc  55.4900
Round 265 global test acc  53.8400
Round 266 global test acc  54.0500
Round 267 global test acc  53.0300
Round 268 global test acc  51.8000
Round 269 global test acc  53.6700
Round 270 global test acc  54.7800
Round 271 global test acc  56.1600
Round 272 global test acc  55.9100
Round 273 global test acc  56.0600
Round 274 global test acc  55.4300
Round 275 global test acc  54.7800
Round 276 global test acc  56.1600
Round 277 global test acc  56.1300
Round 278 global test acc  55.5700
Round 279 global test acc  56.5100
Round 280 global test acc  56.8300
Round 281 global test acc  51.2300
Round 282 global test acc  54.9700
Round 283 global test acc  57.2600
Round 284 global test acc  55.5200
Round 285 global test acc  49.0400
Round 286 global test acc  55.9800
Round 287 global test acc  56.1400
Round 288 global test acc  55.7200
Round 289 global test acc  56.0700
Round 290 global test acc  55.8200
Round 291 global test acc  56.3800
Round 292 global test acc  55.5600
Round 293 global test acc  55.4100
Round 294 global test acc  56.1300
Round 295 global test acc  52.5900
Round 296 global test acc  54.2100
Round 297 global test acc  55.9500
Round 298 global test acc  56.2500
Round 299 global test acc  56.6300
Round 300 global test acc  56.5900
Round 301 global test acc  54.9700
Round 302 global test acc  54.4300
Round 303 global test acc  55.8800
Round 304 global test acc  55.8900
Round 305 global test acc  57.3100
Round 306 global test acc  55.6400
Round 307 global test acc  53.3900
Round 308 global test acc  56.2400
Round 309 global test acc  50.4900
Round 310 global test acc  55.6400
Round 311 global test acc  52.9200
Round 312 global test acc  55.8500
Round 313 global test acc  54.8600
Round 314 global test acc  56.5300
Round 315 global test acc  53.5600
Round 316 global test acc  54.9400
Round 317 global test acc  55.8300
Round 318 global test acc  52.5600
Round 319 global test acc  55.9500
Round 320 global test acc  55.7500
Round 321 global test acc  56.6100
Round 322 global test acc  51.8600
Round 323 global test acc  56.5200
Round 324 global test acc  55.7000
Round 325 global test acc  54.1500
Round 326 global test acc  55.9700
Round 327 global test acc  55.7400
Round 328 global test acc  51.7800
Round 329 global test acc  56.0300
Round 330 global test acc  55.7300
Round 331 global test acc  56.0200
Round 332 global test acc  53.9800
Round 333 global test acc  55.7800
Round 334 global test acc  55.1300
Round 335 global test acc  54.5700
Round 336 global test acc  55.6100
Round 337 global test acc  52.7300
Round 338 global test acc  56.1200
Round 339 global test acc  49.9900
Round 340 global test acc  55.0000
Round 341 global test acc  54.9700
Round 342 global test acc  55.9300
Round 343 global test acc  55.8900
Round 344 global test acc  54.9500
Round 345 global test acc  53.7200
Round 346 global test acc  54.2600
Round 347 global test acc  51.9000
Round 348 global test acc  56.0000
Round 349 global test acc  55.6200
Round 350 global test acc  56.3200
Round 351 global test acc  56.8700
Round 352 global test acc  56.5900
Round 353 global test acc  57.1300
Round 354 global test acc  54.8000
Round 355 global test acc  55.6900
Round 356 global test acc  55.2200
Round 357 global test acc  55.5600
Round 358 global test acc  56.4400
Round 359 global test acc  55.1900
Round 360 global test acc  56.1600
Round 361 global test acc  53.8100
Round 362 global test acc  56.8700
Round 363 global test acc  54.0200
Round 364 global test acc  54.1300
Round 365 global test acc  55.4000
Round 366 global test acc  56.1300
Round 367 global test acc  56.2000
Round 368 global test acc  55.7200
Round 369 global test acc  52.8300
Round 370 global test acc  56.3900
Round 371 global test acc  52.6900
Round 372 global test acc  55.7900
Round 373 global test acc  53.2700
Round 374 global test acc  55.0100
Round 375 global test acc  56.1000
Round 376 global test acc  56.3000
Round 377 global test acc  53.4900
Round 378 global test acc  57.1400
Round 379 global test acc  56.6200
Round 380 global test acc  55.0300
Round 381 global test acc  53.1000
Round 382 global test acc  51.0400
Round 383 global test acc  56.3300
Round 384 global test acc  49.6900
Round 385 global test acc  56.4300
Round 386 global test acc  55.0000
Round 387 global test acc  54.8100
Round 388 global test acc  55.2900
Round 389 global test acc  54.6400
Round 390 global test acc  56.6600
Round 391 global test acc  54.0700
Round 392 global test acc  56.3400
Round 393 global test acc  56.1200
Round 394 global test acc  57.1200
Round 395 global test acc  56.4400
Round 396 global test acc  55.5100
Round 397 global test acc  51.8600
Round 398 global test acc  56.5800
Round 399 global test acc  54.9900
Round 400 global test acc  52.6100
Round 401 global test acc  53.3700
Round 402 global test acc  54.0900
Round 403 global test acc  55.5900
Round 404 global test acc  51.8400
Round 405 global test acc  54.6500
Round 406 global test acc  56.2600
Round 407 global test acc  53.9300
Round 408 global test acc  57.1400
Round 409 global test acc  55.5100
Round 410 global test acc  46.9700
Round 411 global test acc  56.0600
Round 412 global test acc  51.9500
Round 413 global test acc  52.2400
Round 414 global test acc  50.0000
Round 415 global test acc  53.3800
Round 416 global test acc  55.6700
Round 417 global test acc  56.0200
Round 418 global test acc  46.1600
Round 419 global test acc  51.3800
Round 420 global test acc  53.7900
Round 421 global test acc  54.8500
Round 422 global test acc  55.5400
Round 423 global test acc  51.8600
Round 424 global test acc  51.7400
Round 425 global test acc  55.1600
Round 426 global test acc  54.9000
Round 427 global test acc  56.6300
Round 428 global test acc  54.1800
Round 429 global test acc  52.8300
Round 430 global test acc  56.2800
Round 431 global test acc  52.9100
Round 432 global test acc  53.2900
Round 433 global test acc  51.9100
Round 434 global test acc  56.2600
Round 435 global test acc  55.5000
Round 436 global test acc  56.4200
Round 437 global test acc  55.4200
Round 438 global test acc  56.6600
Round 439 global test acc  56.0900
Round 440 global test acc  54.6200
Round 441 global test acc  54.5200
Round 442 global test acc  55.0400
Round 443 global test acc  55.6400
Round 444 global test acc  54.5600
Round 445 global test acc  56.3400
Round 446 global test acc  55.8600
Round 447 global test acc  50.8000
Round 448 global test acc  55.3200
Round 449 global test acc  53.4000
time : 39606.78386235237
('algorithm', 'GlobalCORES')
('gpu', 7)
('seed', 13)
('save_dir', './record/')
('rounds2', 450)
('local_ep', 5)
('frac2', 0.2)
('num_users', 50)
('local_bs', 32)
('lr', 0.01)
('model', 'resnet34')
('num_classes', 10)
('level_n_system', 0.5)
('level_n_lowerb', 0.3)
('alpha_dirichlet', 10)
('non_iid_prob_class', 0.7)
('dataset', 'cifar100')
('iid', False)
('LID_k', 20)
('iteration1', 5)
('rounds1', 200)
('frac1', 0.01)
('pretrained', False)
('mixup', False)
('alpha', 1)
('beta', 5)
('relabel_ratio', 0.5)
('confidence_thres', 0.5)
('clean_set_thres', 0.1)
('fine_tuning', True)
('correction', True)
('T_pl', 100)
('lambda_cen', 1.0)
('lambda_e', 0.8)
('num_gradual', 10)
('forget_rate', 0.2)
('lr_decay', 0.1)
('schedule', [])
('momentum', 0.5)
('weight_decay', 0.0001)
('feature_dim', 128)
('plr', 0.01)
('lamda', 15)
('K', 5)
('gamma', 1)
('begin_sel', 10)
('max_beta', 2.0)
('mu', 0.01)
('device', device(type='cuda', index=7))
Files already downloaded and verified
Files already downloaded and verified
Client 0, noise level: 0.7803 (0.7022), real noise ratio: 0.7763
Client 2, noise level: 0.3966 (0.3569), real noise ratio: 0.3821
Client 3, noise level: 0.3691 (0.3322), real noise ratio: 0.3473
Client 4, noise level: 0.4719 (0.4247), real noise ratio: 0.4391
Client 6, noise level: 0.9482 (0.8534), real noise ratio: 0.9435
Client 7, noise level: 0.7761 (0.6985), real noise ratio: 0.7680
Client 8, noise level: 0.4664 (0.4197), real noise ratio: 0.4630
Client 9, noise level: 0.6982 (0.6284), real noise ratio: 0.6986
Client 13, noise level: 0.5837 (0.5254), real noise ratio: 0.5850
Client 15, noise level: 0.4336 (0.3903), real noise ratio: 0.4251
Client 20, noise level: 0.6493 (0.5844), real noise ratio: 0.6571
Client 23, noise level: 0.5554 (0.4999), real noise ratio: 0.5444
Client 26, noise level: 0.3955 (0.3559), real noise ratio: 0.3988
Client 27, noise level: 0.4655 (0.4189), real noise ratio: 0.4550
Client 29, noise level: 0.6947 (0.6253), real noise ratio: 0.6917
Client 30, noise level: 0.9713 (0.8741), real noise ratio: 0.9641
Client 32, noise level: 0.3903 (0.3512), real noise ratio: 0.3928
Client 33, noise level: 0.8324 (0.7492), real noise ratio: 0.8311
Client 35, noise level: 0.4230 (0.3807), real noise ratio: 0.4125
Client 38, noise level: 0.9771 (0.8794), real noise ratio: 0.9646
Client 41, noise level: 0.7686 (0.6917), real noise ratio: 0.7551
Client 42, noise level: 0.3765 (0.3389), real noise ratio: 0.3664
Client 47, noise level: 0.4886 (0.4397), real noise ratio: 0.5093
Client 48, noise level: 0.7551 (0.6796), real noise ratio: 0.7664
Round 0 global test acc  1.0100
Round 1 global test acc  1.4900
Round 2 global test acc  4.9700
Round 3 global test acc  2.8600
Round 4 global test acc  4.5700
Round 5 global test acc  7.3100
Round 6 global test acc  8.7600
Round 7 global test acc  8.5800
Round 8 global test acc  6.8700
Round 9 global test acc  9.7700
Round 10 global test acc  12.0700
Round 11 global test acc  9.9800
Round 12 global test acc  12.3500
Round 13 global test acc  12.3200
Round 14 global test acc  12.7900
Round 15 global test acc  13.9800
Round 16 global test acc  14.3000
Round 17 global test acc  11.8100
Round 18 global test acc  16.2800
Round 19 global test acc  17.0100
Round 20 global test acc  17.0000
Round 21 global test acc  17.3400
Round 22 global test acc  18.9500
Round 23 global test acc  20.3300
Round 24 global test acc  18.8300
Round 25 global test acc  20.4500
Round 26 global test acc  20.7400
Round 27 global test acc  22.3300
Round 28 global test acc  23.3400
Round 29 global test acc  24.1800
Round 30 global test acc  24.2400
Round 31 global test acc  23.6600
Round 32 global test acc  22.5500
Round 33 global test acc  26.0000
Round 34 global test acc  26.6200
Round 35 global test acc  26.8900
Round 36 global test acc  26.6300
Round 37 global test acc  27.9900
Round 38 global test acc  29.3800
Round 39 global test acc  29.4300
Round 40 global test acc  30.7700
Round 41 global test acc  30.6300
Round 42 global test acc  26.4300
Round 43 global test acc  30.8800
Round 44 global test acc  32.1400
Round 45 global test acc  32.6100
Round 46 global test acc  32.1200
Round 47 global test acc  32.7600
Round 48 global test acc  33.6300
Round 49 global test acc  34.2200
Round 50 global test acc  34.2800
Round 51 global test acc  35.4000
Round 52 global test acc  36.2100
Round 53 global test acc  35.2900
Round 54 global test acc  35.7000
Round 55 global test acc  37.0300
Round 56 global test acc  36.6500
Round 57 global test acc  38.2500
Round 58 global test acc  37.2200
Round 59 global test acc  37.2300
Round 60 global test acc  37.5500
Round 61 global test acc  37.4700
Round 62 global test acc  37.9900
Round 63 global test acc  39.6600
Round 64 global test acc  40.5900
Round 65 global test acc  40.7100
Round 66 global test acc  40.8200
Round 67 global test acc  40.4800
Round 68 global test acc  41.6800
Round 69 global test acc  41.4800
Round 70 global test acc  42.3000
Round 71 global test acc  42.5000
Round 72 global test acc  43.0400
Round 73 global test acc  42.8300
Round 74 global test acc  43.2800
Round 75 global test acc  43.0400
Round 76 global test acc  43.5500
Round 77 global test acc  43.6100
Round 78 global test acc  43.9900
Round 79 global test acc  45.0100
Round 80 global test acc  45.1200
Round 81 global test acc  45.6200
Round 82 global test acc  44.9600
Round 83 global test acc  45.0100
Round 84 global test acc  46.6300
Round 85 global test acc  46.5700
Round 86 global test acc  45.6500
Round 87 global test acc  46.1700
Round 88 global test acc  46.6200
Round 89 global test acc  45.6100
Round 90 global test acc  47.2300
Round 91 global test acc  47.2000
Round 92 global test acc  47.4200
Round 93 global test acc  45.6600
Round 94 global test acc  47.4300
Round 95 global test acc  47.4200
Round 96 global test acc  46.6700
Round 97 global test acc  48.7800
Round 98 global test acc  47.3500
Round 99 global test acc  48.4400
Round 100 global test acc  48.2500
Round 101 global test acc  48.6600
Round 102 global test acc  49.4500
Round 103 global test acc  48.3500
Round 104 global test acc  48.8100
Round 105 global test acc  49.8000
Round 106 global test acc  49.9200
Round 107 global test acc  49.1600
Round 108 global test acc  50.3900
Round 109 global test acc  50.3600
Round 110 global test acc  49.6300
Round 111 global test acc  49.6000
Round 112 global test acc  50.7700
Round 113 global test acc  50.3100
Round 114 global test acc  50.7000
Round 115 global test acc  48.9700
Round 116 global test acc  51.5400
Round 117 global test acc  51.2100
Round 118 global test acc  49.7200
Round 119 global test acc  50.9200
Round 120 global test acc  52.0700
Round 121 global test acc  49.6100
Round 122 global test acc  51.0800
Round 123 global test acc  51.3000
Round 124 global test acc  51.7000
Round 125 global test acc  52.4200
Round 126 global test acc  51.5900
Round 127 global test acc  52.9500
Round 128 global test acc  46.4100
Round 129 global test acc  52.3200
Round 130 global test acc  52.4100
Round 131 global test acc  52.5100
Round 132 global test acc  51.5500
Round 133 global test acc  52.0300
Round 134 global test acc  49.8900
Round 135 global test acc  51.0000
Round 136 global test acc  51.1200
Round 137 global test acc  52.1900
Round 138 global test acc  53.2300
Round 139 global test acc  53.2300
Round 140 global test acc  52.4100
Round 141 global test acc  53.0600
Round 142 global test acc  37.9300
Round 143 global test acc  49.8300
Round 144 global test acc  52.2000
Round 145 global test acc  52.6700
Round 146 global test acc  53.1100
Round 147 global test acc  53.6400
Round 148 global test acc  54.0300
Round 149 global test acc  52.8200
Round 150 global test acc  52.9600
Round 151 global test acc  52.4500
Round 152 global test acc  53.8900
Round 153 global test acc  53.6800
Round 154 global test acc  53.6400
Round 155 global test acc  53.6800
Round 156 global test acc  53.8200
Round 157 global test acc  53.8900
Round 158 global test acc  54.0000
Round 159 global test acc  53.9200
Round 160 global test acc  54.7800
Round 161 global test acc  53.2200
Round 162 global test acc  55.0200
Round 163 global test acc  54.8200
Round 164 global test acc  53.0900
Round 165 global test acc  53.4100
Round 166 global test acc  52.2900
Round 167 global test acc  54.9300
Round 168 global test acc  55.0400
Round 169 global test acc  54.3800
Round 170 global test acc  55.2200
Round 171 global test acc  53.8600
Round 172 global test acc  54.2700
Round 173 global test acc  54.6300
Round 174 global test acc  54.7000
Round 175 global test acc  55.6000
Round 176 global test acc  53.2500
Round 177 global test acc  54.2800
Round 178 global test acc  55.2000
Round 179 global test acc  42.4200
Round 180 global test acc  54.1500
Round 181 global test acc  54.3500
Round 182 global test acc  55.2300
Round 183 global test acc  55.6100
Round 184 global test acc  55.3800
Round 185 global test acc  54.8600
Round 186 global test acc  52.7800
Round 187 global test acc  54.8800
Round 188 global test acc  55.9100
Round 189 global test acc  55.0400
Round 190 global test acc  55.5300
Round 191 global test acc  55.8200
Round 192 global test acc  53.9000
Round 193 global test acc  54.8700
Round 194 global test acc  56.6800
Round 195 global test acc  54.2900
Round 196 global test acc  56.2700
Round 197 global test acc  55.4900
Round 198 global test acc  55.1400
Round 199 global test acc  55.3000
Round 200 global test acc  55.8600
Round 201 global test acc  56.4000
Round 202 global test acc  52.7100
Round 203 global test acc  55.2600
Round 204 global test acc  57.0200
Round 205 global test acc  53.7100
Round 206 global test acc  56.9900
Round 207 global test acc  55.1800
Round 208 global test acc  56.1100
Round 209 global test acc  54.4500
Round 210 global test acc  54.7600
Round 211 global test acc  56.1900
Round 212 global test acc  56.0900
Round 213 global test acc  53.4700
Round 214 global test acc  56.7000
Round 215 global test acc  56.5000
Round 216 global test acc  56.6300
Round 217 global test acc  54.0800
Round 218 global test acc  55.8000
Round 219 global test acc  56.3000
Round 220 global test acc  55.8500
Round 221 global test acc  54.6000
Round 222 global test acc  56.8700
Round 223 global test acc  54.0200
Round 224 global test acc  56.2300
Round 225 global test acc  49.6900
Round 226 global test acc  56.6000
Round 227 global test acc  56.4500
Round 228 global test acc  56.7400
Round 229 global test acc  56.8600
Round 230 global test acc  56.8200
Round 231 global test acc  56.6100
Round 232 global test acc  56.9400
Round 233 global test acc  56.3300
Round 234 global test acc  56.1600
Round 235 global test acc  57.1500
Round 236 global test acc  56.8600
Round 237 global test acc  57.3600
Round 238 global test acc  53.4000
Round 239 global test acc  55.3500
Round 240 global test acc  56.7800
Round 241 global test acc  56.9400
Round 242 global test acc  57.1400
Round 243 global test acc  54.4900
Round 244 global test acc  56.9100
Round 245 global test acc  56.3400
Round 246 global test acc  51.6400
Round 247 global test acc  57.2300
Round 248 global test acc  57.2800
Round 249 global test acc  55.7200
Round 250 global test acc  56.4100
Round 251 global test acc  53.7300
Round 252 global test acc  56.1600
Round 253 global test acc  53.8100
Round 254 global test acc  57.2600
Round 255 global test acc  55.9700
Round 256 global test acc  56.7400
Round 257 global test acc  56.6900
Round 258 global test acc  57.1600
Round 259 global test acc  57.1500
Round 260 global test acc  56.0900
Round 261 global test acc  56.1500
Round 262 global test acc  54.1000
Round 263 global test acc  54.8400
Round 264 global test acc  56.7200
Round 265 global test acc  54.5100
Round 266 global test acc  55.7400
Round 267 global test acc  54.6700
Round 268 global test acc  52.7300
Round 269 global test acc  54.5300
Round 270 global test acc  56.7300
Round 271 global test acc  57.5800
Round 272 global test acc  57.6300
Round 273 global test acc  57.1700
Round 274 global test acc  57.4800
Round 275 global test acc  55.1100
Round 276 global test acc  57.2800
Round 277 global test acc  57.0300
Round 278 global test acc  56.8000
Round 279 global test acc  57.7000
Round 280 global test acc  57.2200
Round 281 global test acc  52.4100
Round 282 global test acc  55.9200
Round 283 global test acc  57.6800
Round 284 global test acc  56.3100
Round 285 global test acc  50.8400
Round 286 global test acc  56.9000
Round 287 global test acc  57.5400
Round 288 global test acc  56.9000
Round 289 global test acc  57.7000
Round 290 global test acc  57.2600
Round 291 global test acc  57.8500
Round 292 global test acc  56.9500
Round 293 global test acc  57.2400
Round 294 global test acc  57.5700
Round 295 global test acc  54.1400
Round 296 global test acc  55.3600
Round 297 global test acc  57.4900
Round 298 global test acc  57.3500
Round 299 global test acc  57.7000
Round 300 global test acc  57.8100
Round 301 global test acc  55.7700
Round 302 global test acc  55.7000
Round 303 global test acc  57.4200
Round 304 global test acc  57.7300
Round 305 global test acc  58.1700
Round 306 global test acc  56.5300
Round 307 global test acc  54.5400
Round 308 global test acc  57.4600
Round 309 global test acc  51.2300
Round 310 global test acc  56.9000
Round 311 global test acc  54.0900
Round 312 global test acc  57.1100
Round 313 global test acc  56.6500
Round 314 global test acc  57.6300
Round 315 global test acc  55.1500
Round 316 global test acc  55.3700
Round 317 global test acc  57.8300
Round 318 global test acc  53.8500
Round 319 global test acc  56.8900
Round 320 global test acc  57.6600
Round 321 global test acc  57.7800
Round 322 global test acc  53.4600
Round 323 global test acc  57.5800
Round 324 global test acc  56.7700
Round 325 global test acc  55.0500
Round 326 global test acc  57.5600
Round 327 global test acc  57.1700
Round 328 global test acc  52.4300
Round 329 global test acc  57.8600
Round 330 global test acc  56.8500
Round 331 global test acc  57.4300
Round 332 global test acc  54.7400
Round 333 global test acc  57.0200
Round 334 global test acc  56.0400
Round 335 global test acc  55.7400
Round 336 global test acc  57.0100
Round 337 global test acc  53.4000
Round 338 global test acc  57.2600
Round 339 global test acc  51.4600
Round 340 global test acc  56.3700
Round 341 global test acc  56.6700
Round 342 global test acc  57.7500
Round 343 global test acc  56.8600
Round 344 global test acc  56.2700
Round 345 global test acc  54.0200
Round 346 global test acc  54.6100
Round 347 global test acc  53.3100
Round 348 global test acc  56.9300
Round 349 global test acc  56.5500
Round 350 global test acc  57.0000
Round 351 global test acc  57.8000
Round 352 global test acc  57.8300
Round 353 global test acc  57.6300
Round 354 global test acc  55.8700
Round 355 global test acc  57.2400
Round 356 global test acc  55.7300
Round 357 global test acc  56.0500
Round 358 global test acc  57.6500
Round 359 global test acc  55.9800
Round 360 global test acc  56.8800
Round 361 global test acc  55.4300
Round 362 global test acc  57.2100
Round 363 global test acc  55.4900
Round 364 global test acc  54.5000
Round 365 global test acc  56.9400
Round 366 global test acc  57.5500
Round 367 global test acc  57.1900
Round 368 global test acc  56.6600
Round 369 global test acc  53.5200
Round 370 global test acc  57.6400
Round 371 global test acc  53.2100
Round 372 global test acc  57.3600
Round 373 global test acc  54.7900
Round 374 global test acc  55.7600
Round 375 global test acc  56.7900
Round 376 global test acc  56.7200
Round 377 global test acc  54.0400
Round 378 global test acc  57.7200
Round 379 global test acc  57.4100
Round 380 global test acc  56.3500
Round 381 global test acc  53.8900
Round 382 global test acc  51.9800
Round 383 global test acc  57.9100
Round 384 global test acc  50.4500
Round 385 global test acc  57.8600
Round 386 global test acc  55.2100
Round 387 global test acc  55.4000
Round 388 global test acc  56.6300
Round 389 global test acc  55.1900
Round 390 global test acc  57.9500
Round 391 global test acc  54.8700
Round 392 global test acc  57.5100
Round 393 global test acc  57.3300
Round 394 global test acc  57.8300
Round 395 global test acc  57.2100
Round 396 global test acc  56.8700
Round 397 global test acc  52.5800
Round 398 global test acc  57.4900
Round 399 global test acc  55.6300
Round 400 global test acc  52.7400
Round 401 global test acc  53.1400
Round 402 global test acc  54.6700
Round 403 global test acc  56.7500
Round 404 global test acc  52.4300
Round 405 global test acc  55.2200
Round 406 global test acc  57.6500
Round 407 global test acc  55.3900
Round 408 global test acc  58.0100
Round 409 global test acc  57.0200
Round 410 global test acc  48.4400
Round 411 global test acc  56.9000
Round 412 global test acc  52.0800
Round 413 global test acc  52.7100
Round 414 global test acc  51.8200
Round 415 global test acc  53.8000
Round 416 global test acc  56.0800
Round 417 global test acc  56.4400
Round 418 global test acc  46.7800
Round 419 global test acc  51.5100
Round 420 global test acc  54.6400
Round 421 global test acc  56.1800
Round 422 global test acc  55.2900
Round 423 global test acc  51.5100
Round 424 global test acc  53.0000
Round 425 global test acc  55.9500
Round 426 global test acc  56.2000
Round 427 global test acc  57.8200
Round 428 global test acc  54.2500
Round 429 global test acc  53.9500
Round 430 global test acc  56.5900
Round 431 global test acc  53.1300
Round 432 global test acc  53.5700
Round 433 global test acc  52.9000
Round 434 global test acc  57.3200
Round 435 global test acc  56.2600
Round 436 global test acc  56.8700
Round 437 global test acc  56.1900
Round 438 global test acc  56.7600
Round 439 global test acc  56.7500
Round 440 global test acc  54.6900
Round 441 global test acc  53.8200
Round 442 global test acc  55.8600
Round 443 global test acc  55.3100
Round 444 global test acc  54.8200
Round 445 global test acc  57.1400
Round 446 global test acc  56.7800
Round 447 global test acc  51.9600
Round 448 global test acc  56.0500
Round 449 global test acc  54.2500
time : 36729.185054540634
('algorithm', 'GlobalCORES')
('gpu', 7)
('seed', 13)
('save_dir', './record/')
('rounds2', 450)
('local_ep', 5)
('frac2', 0.2)
('num_users', 50)
('local_bs', 32)
('lr', 0.01)
('model', 'resnet34')
('num_classes', 10)
('level_n_system', 0.5)
('level_n_lowerb', 0.3)
('alpha_dirichlet', 10)
('non_iid_prob_class', 0.7)
('dataset', 'cifar100')
('iid', False)
('LID_k', 20)
('iteration1', 5)
('rounds1', 200)
('frac1', 0.01)
('pretrained', False)
('mixup', False)
('alpha', 1)
('beta', 5)
('relabel_ratio', 0.5)
('confidence_thres', 0.5)
('clean_set_thres', 0.1)
('fine_tuning', True)
('correction', True)
('T_pl', 100)
('lambda_cen', 1.0)
('lambda_e', 0.8)
('num_gradual', 10)
('forget_rate', 0.2)
('lr_decay', 0.1)
('schedule', [])
('momentum', 0.5)
('weight_decay', 0.0001)
('feature_dim', 128)
('plr', 0.01)
('lamda', 15)
('K', 5)
('gamma', 1)
('begin_sel', 10)
('max_beta', 2.0)
('mu', 0.01)
('device', device(type='cuda', index=7))
Files already downloaded and verified
Files already downloaded and verified
Client 0, noise level: 0.7803 (0.7022), real noise ratio: 0.7763
Client 2, noise level: 0.3966 (0.3569), real noise ratio: 0.3821
Client 3, noise level: 0.3691 (0.3322), real noise ratio: 0.3473
Client 4, noise level: 0.4719 (0.4247), real noise ratio: 0.4391
Client 6, noise level: 0.9482 (0.8534), real noise ratio: 0.9435
Client 7, noise level: 0.7761 (0.6985), real noise ratio: 0.7680
Client 8, noise level: 0.4664 (0.4197), real noise ratio: 0.4630
Client 9, noise level: 0.6982 (0.6284), real noise ratio: 0.6986
Client 13, noise level: 0.5837 (0.5254), real noise ratio: 0.5850
Client 15, noise level: 0.4336 (0.3903), real noise ratio: 0.4251
Client 20, noise level: 0.6493 (0.5844), real noise ratio: 0.6571
Client 23, noise level: 0.5554 (0.4999), real noise ratio: 0.5444
Client 26, noise level: 0.3955 (0.3559), real noise ratio: 0.3988
Client 27, noise level: 0.4655 (0.4189), real noise ratio: 0.4550
Client 29, noise level: 0.6947 (0.6253), real noise ratio: 0.6917
Client 30, noise level: 0.9713 (0.8741), real noise ratio: 0.9641
Client 32, noise level: 0.3903 (0.3512), real noise ratio: 0.3928
Client 33, noise level: 0.8324 (0.7492), real noise ratio: 0.8311
Client 35, noise level: 0.4230 (0.3807), real noise ratio: 0.4125
Client 38, noise level: 0.9771 (0.8794), real noise ratio: 0.9646
Client 41, noise level: 0.7686 (0.6917), real noise ratio: 0.7551
Client 42, noise level: 0.3765 (0.3389), real noise ratio: 0.3664
Client 47, noise level: 0.4886 (0.4397), real noise ratio: 0.5093
Client 48, noise level: 0.7551 (0.6796), real noise ratio: 0.7664
Round 0 global test acc  1.0100
Round 1 global test acc  1.5100
Round 2 global test acc  5.2300
Round 3 global test acc  3.0800
Round 4 global test acc  4.8100
Round 5 global test acc  7.4000
Round 6 global test acc  8.7100
Round 7 global test acc  8.7200
Round 8 global test acc  6.9300
Round 9 global test acc  9.8400
Round 10 global test acc  11.7500
Round 11 global test acc  10.1400
Round 12 global test acc  12.5200
Round 13 global test acc  12.8900
Round 14 global test acc  12.6200
Round 15 global test acc  13.3100
Round 16 global test acc  14.5500
Round 17 global test acc  11.3300
Round 18 global test acc  16.4500
Round 19 global test acc  16.8700
Round 20 global test acc  17.0700
Round 21 global test acc  17.4700
Round 22 global test acc  19.1400
Round 23 global test acc  20.1800
Round 24 global test acc  18.5300
Round 25 global test acc  20.4000
Round 26 global test acc  20.9100
Round 27 global test acc  22.2500
Round 28 global test acc  23.1100
Round 29 global test acc  23.7700
Round 30 global test acc  24.5100
Round 31 global test acc  24.3800
Round 32 global test acc  22.7000
Round 33 global test acc  26.0100
Round 34 global test acc  27.4700
Round 35 global test acc  27.3900
Round 36 global test acc  27.5300
Round 37 global test acc  27.5700
Round 38 global test acc  29.2700
Round 39 global test acc  29.4500
Round 40 global test acc  30.7200
Round 41 global test acc  30.0200
Round 42 global test acc  25.9200
Round 43 global test acc  29.6100
Round 44 global test acc  31.8700
Round 45 global test acc  33.3300
Round 46 global test acc  31.4800
Round 47 global test acc  34.0000
Round 48 global test acc  33.3000
Round 49 global test acc  33.7200
Round 50 global test acc  34.1700
Round 51 global test acc  35.3600
Round 52 global test acc  36.4100
Round 53 global test acc  35.3800
Round 54 global test acc  36.5600
Round 55 global test acc  36.4400
Round 56 global test acc  36.4000
Round 57 global test acc  38.1300
Round 58 global test acc  37.6700
Round 59 global test acc  37.5500
Round 60 global test acc  37.5700
Round 61 global test acc  37.4800
Round 62 global test acc  38.6500
Round 63 global test acc  39.3900
Round 64 global test acc  39.7500
Round 65 global test acc  40.4800
Round 66 global test acc  40.6400
Round 67 global test acc  41.3100
Round 68 global test acc  41.4500
Round 69 global test acc  41.8700
Round 70 global test acc  42.1300
Round 71 global test acc  42.7900
Round 72 global test acc  42.8600
Round 73 global test acc  43.3000
Round 74 global test acc  43.2400
Round 75 global test acc  43.7400
Round 76 global test acc  43.4500
Round 77 global test acc  43.8800
Round 78 global test acc  44.0200
Round 79 global test acc  45.4300
Round 80 global test acc  45.7200
Round 81 global test acc  45.5200
Round 82 global test acc  44.7900
Round 83 global test acc  45.9700
Round 84 global test acc  47.2800
Round 85 global test acc  46.2600
Round 86 global test acc  45.7200
Round 87 global test acc  47.5700
Round 88 global test acc  46.9900
Round 89 global test acc  46.6400
Round 90 global test acc  46.8900
Round 91 global test acc  46.9500
Round 92 global test acc  46.8700
Round 93 global test acc  45.4100
Round 94 global test acc  47.9300
Round 95 global test acc  47.5400
Round 96 global test acc  46.6500
Round 97 global test acc  47.7000
Round 98 global test acc  47.7200
Round 99 global test acc  48.3800
Round 100 global test acc  47.7900
Round 101 global test acc  48.0300
Round 102 global test acc  49.5200
Round 103 global test acc  48.4600
Round 104 global test acc  48.6300
Round 105 global test acc  49.9800
Round 106 global test acc  50.6400
Round 107 global test acc  49.7700
Round 108 global test acc  49.7100
Round 109 global test acc  50.3500
Round 110 global test acc  49.8300
Round 111 global test acc  50.5900
Round 112 global test acc  51.0000
Round 113 global test acc  49.7300
Round 114 global test acc  51.2900
Round 115 global test acc  50.2200
Round 116 global test acc  50.9200
Round 117 global test acc  51.5600
Round 118 global test acc  49.3700
Round 119 global test acc  50.4700
Round 120 global test acc  51.7700
Round 121 global test acc  49.6600
Round 122 global test acc  51.6200
Round 123 global test acc  51.1900
Round 124 global test acc  52.1400
Round 125 global test acc  52.2800
Round 126 global test acc  52.2600
Round 127 global test acc  52.4900
Round 128 global test acc  48.0500
Round 129 global test acc  52.0400
Round 130 global test acc  52.6600
Round 131 global test acc  52.7600
Round 132 global test acc  51.2700
Round 133 global test acc  52.7000
Round 134 global test acc  49.8000
Round 135 global test acc  50.9600
Round 136 global test acc  51.2200
Round 137 global test acc  52.0700
Round 138 global test acc  53.1100
Round 139 global test acc  52.0700
Round 140 global test acc  52.7800
Round 141 global test acc  52.9200
Round 142 global test acc  38.2300
Round 143 global test acc  50.0900
Round 144 global test acc  52.2400
Round 145 global test acc  52.5000
Round 146 global test acc  52.7500
Round 147 global test acc  53.7100
Round 148 global test acc  53.6100
Round 149 global test acc  52.7600
Round 150 global test acc  52.9800
Round 151 global test acc  52.2700
Round 152 global test acc  53.7600
Round 153 global test acc  53.5800
Round 154 global test acc  53.2300
Round 155 global test acc  53.5500
Round 156 global test acc  53.5300
Round 157 global test acc  53.3400
Round 158 global test acc  53.5500
Round 159 global test acc  53.6700
Round 160 global test acc  53.8100
Round 161 global test acc  53.2500
Round 162 global test acc  54.3900
Round 163 global test acc  54.2300
Round 164 global test acc  53.1100
Round 165 global test acc  52.2300
Round 166 global test acc  51.1100
Round 167 global test acc  54.7700
Round 168 global test acc  54.4200
Round 169 global test acc  54.0500
Round 170 global test acc  53.8700
Round 171 global test acc  53.6100
Round 172 global test acc  54.6100
Round 173 global test acc  54.2600
Round 174 global test acc  54.2400
Round 175 global test acc  55.4300
Round 176 global test acc  53.1200
Round 177 global test acc  53.5700
Round 178 global test acc  54.7900
Round 179 global test acc  43.7100
Round 180 global test acc  53.8700
Round 181 global test acc  54.1500
Round 182 global test acc  54.9800
Round 183 global test acc  54.5700
Round 184 global test acc  55.3800
Round 185 global test acc  54.2200
Round 186 global test acc  53.4000
Round 187 global test acc  54.4800
Round 188 global test acc  55.3500
Round 189 global test acc  54.7800
Round 190 global test acc  55.1400
Round 191 global test acc  55.6200
Round 192 global test acc  52.9100
Round 193 global test acc  54.3600
Round 194 global test acc  55.7100
Round 195 global test acc  53.9600
Round 196 global test acc  56.0000
Round 197 global test acc  55.2000
Round 198 global test acc  54.8400
Round 199 global test acc  55.0400
Round 200 global test acc  55.0600
Round 201 global test acc  56.0400
Round 202 global test acc  52.8200
Round 203 global test acc  54.3700
Round 204 global test acc  56.4300
Round 205 global test acc  53.5700
Round 206 global test acc  56.1000
Round 207 global test acc  55.2000
Round 208 global test acc  55.5200
Round 209 global test acc  55.1200
Round 210 global test acc  54.9100
Round 211 global test acc  55.3000
Round 212 global test acc  55.6700
Round 213 global test acc  53.4200
Round 214 global test acc  56.1900
Round 215 global test acc  55.5800
Round 216 global test acc  56.3000
Round 217 global test acc  53.6900
Round 218 global test acc  55.4100
Round 219 global test acc  55.8200
Round 220 global test acc  55.3900
Round 221 global test acc  54.6500
Round 222 global test acc  55.7500
Round 223 global test acc  54.6300
Round 224 global test acc  55.6500
Round 225 global test acc  48.5700
Round 226 global test acc  56.5000
Round 227 global test acc  55.9000
Round 228 global test acc  56.1300
Round 229 global test acc  56.3800
Round 230 global test acc  56.4000
Round 231 global test acc  56.4300
Round 232 global test acc  56.6100
Round 233 global test acc  56.2400
Round 234 global test acc  55.7800
Round 235 global test acc  56.0800
Round 236 global test acc  55.9700
Round 237 global test acc  56.7300
Round 238 global test acc  52.6900
Round 239 global test acc  55.1100
Round 240 global test acc  56.2100
Round 241 global test acc  56.5900
Round 242 global test acc  57.3600
Round 243 global test acc  54.6300
Round 244 global test acc  56.5200
Round 245 global test acc  56.0200
Round 246 global test acc  51.3800
Round 247 global test acc  56.7400
Round 248 global test acc  56.5300
Round 249 global test acc  55.8900
Round 250 global test acc  56.3400
Round 251 global test acc  54.3400
Round 252 global test acc  56.0800
Round 253 global test acc  53.3800
Round 254 global test acc  56.6800
Round 255 global test acc  56.2700
Round 256 global test acc  57.3400
Round 257 global test acc  56.6400
Round 258 global test acc  56.2700
Round 259 global test acc  57.1600
Round 260 global test acc  55.3800
Round 261 global test acc  55.9400
Round 262 global test acc  54.1400
Round 263 global test acc  55.0700
Round 264 global test acc  56.9000
Round 265 global test acc  54.1100
Round 266 global test acc  55.2900
Round 267 global test acc  54.6200
Round 268 global test acc  52.5400
Round 269 global test acc  55.1400
Round 270 global test acc  56.2600
Round 271 global test acc  57.0800
Round 272 global test acc  57.0100
Round 273 global test acc  56.7100
Round 274 global test acc  56.7900
Round 275 global test acc  55.7000
Round 276 global test acc  56.6300
Round 277 global test acc  56.5200
Round 278 global test acc  56.5400
Round 279 global test acc  57.4600
Round 280 global test acc  57.4800
Round 281 global test acc  52.2300
Round 282 global test acc  55.8300
Round 283 global test acc  58.0200
Round 284 global test acc  56.5200
Round 285 global test acc  50.7100
Round 286 global test acc  56.8400
Round 287 global test acc  57.3000
Round 288 global test acc  56.4800
Round 289 global test acc  57.4900
Round 290 global test acc  57.6000
Round 291 global test acc  57.7100
Round 292 global test acc  56.3200
Round 293 global test acc  56.3200
Round 294 global test acc  57.0900
Round 295 global test acc  53.6000
Round 296 global test acc  54.9400
Round 297 global test acc  56.8600
Round 298 global test acc  56.7800
Round 299 global test acc  57.1100
Round 300 global test acc  57.2900
Round 301 global test acc  55.6700
Round 302 global test acc  56.0000
Round 303 global test acc  56.4100
Round 304 global test acc  56.4300
Round 305 global test acc  58.1200
Round 306 global test acc  56.3200
Round 307 global test acc  54.9400
Round 308 global test acc  57.3300
Round 309 global test acc  52.2400
Round 310 global test acc  56.3000
Round 311 global test acc  53.5700
Round 312 global test acc  57.4200
Round 313 global test acc  55.8900
Round 314 global test acc  57.6800
Round 315 global test acc  54.8700
Round 316 global test acc  55.9500
Round 317 global test acc  57.4000
Round 318 global test acc  53.3000
Round 319 global test acc  56.3500
Round 320 global test acc  57.4500
Round 321 global test acc  57.3900
Round 322 global test acc  53.6800
Round 323 global test acc  57.6400
Round 324 global test acc  56.7800
Round 325 global test acc  55.1400
Round 326 global test acc  57.0800
Round 327 global test acc  56.7900
Round 328 global test acc  52.1400
Round 329 global test acc  57.8500
Round 330 global test acc  56.2200
Round 331 global test acc  57.4000
Round 332 global test acc  54.9800
Round 333 global test acc  56.4700
Round 334 global test acc  55.9100
Round 335 global test acc  55.3500
Round 336 global test acc  56.4100
Round 337 global test acc  53.1900
Round 338 global test acc  56.9800
Round 339 global test acc  52.3900
Round 340 global test acc  56.4600
Round 341 global test acc  55.8100
Round 342 global test acc  57.0400
Round 343 global test acc  57.0600
Round 344 global test acc  56.3200
Round 345 global test acc  54.9900
Round 346 global test acc  54.8400
Round 347 global test acc  52.9600
Round 348 global test acc  56.9000
Round 349 global test acc  56.2600
Round 350 global test acc  57.3800
Round 351 global test acc  57.1200
Round 352 global test acc  57.5000
Round 353 global test acc  58.1100
Round 354 global test acc  55.5400
Round 355 global test acc  56.6900
Round 356 global test acc  55.1600
Round 357 global test acc  56.9900
Round 358 global test acc  57.9100
Round 359 global test acc  55.6800
Round 360 global test acc  56.2500
Round 361 global test acc  55.3700
Round 362 global test acc  56.8600
Round 363 global test acc  55.4300
Round 364 global test acc  54.5100
Round 365 global test acc  56.6400
Round 366 global test acc  57.2900
Round 367 global test acc  56.8900
Round 368 global test acc  56.6700
Round 369 global test acc  52.9700
Round 370 global test acc  56.7900
Round 371 global test acc  52.7600
Round 372 global test acc  57.0600
Round 373 global test acc  54.7200
Round 374 global test acc  55.9600
Round 375 global test acc  56.7100
Round 376 global test acc  56.9400
Round 377 global test acc  54.2400
Round 378 global test acc  57.7900
Round 379 global test acc  57.0500
Round 380 global test acc  55.7800
Round 381 global test acc  53.6800
Round 382 global test acc  53.1000
Round 383 global test acc  57.0700
Round 384 global test acc  51.2600
Round 385 global test acc  57.2000
Round 386 global test acc  55.7700
Round 387 global test acc  56.0200
Round 388 global test acc  56.2300
Round 389 global test acc  55.3900
Round 390 global test acc  57.2700
Round 391 global test acc  55.1300
Round 392 global test acc  56.7600
Round 393 global test acc  56.8900
Round 394 global test acc  57.6100
Round 395 global test acc  56.8600
Round 396 global test acc  56.9800
Round 397 global test acc  52.5800
Round 398 global test acc  57.2500
Round 399 global test acc  55.1000
Round 400 global test acc  53.9600
Round 401 global test acc  54.0100
Round 402 global test acc  54.3500
Round 403 global test acc  56.4100
Round 404 global test acc  53.2900
Round 405 global test acc  55.0900
Round 406 global test acc  57.3100
Round 407 global test acc  55.4100
Round 408 global test acc  57.6500
Round 409 global test acc  56.6100
Round 410 global test acc  48.3400
Round 411 global test acc  57.2300
Round 412 global test acc  52.6400
Round 413 global test acc  52.2600
Round 414 global test acc  52.2600
Round 415 global test acc  53.8500
Round 416 global test acc  55.9400
Round 417 global test acc  56.5400
Round 418 global test acc  47.8900
Round 419 global test acc  52.3300
Round 420 global test acc  54.2700
Round 421 global test acc  56.1000
Round 422 global test acc  56.1500
Round 423 global test acc  53.4500
Round 424 global test acc  53.8500
Round 425 global test acc  55.6300
Round 426 global test acc  55.5200
Round 427 global test acc  57.6000
Round 428 global test acc  54.8800
Round 429 global test acc  53.9200
Round 430 global test acc  56.2700
Round 431 global test acc  53.4500
Round 432 global test acc  53.0100
Round 433 global test acc  52.4200
Round 434 global test acc  56.7300
Round 435 global test acc  56.1700
Round 436 global test acc  56.3600
Round 437 global test acc  56.2400
Round 438 global test acc  56.7300
Round 439 global test acc  56.5700
Round 440 global test acc  55.3900
Round 441 global test acc  55.7500
Round 442 global test acc  56.7400
Round 443 global test acc  56.0100
Round 444 global test acc  54.9900
Round 445 global test acc  56.8200
Round 446 global test acc  56.7000
Round 447 global test acc  52.3900
Round 448 global test acc  55.5900
Round 449 global test acc  54.4200
time : 35624.892367362976
('algorithm', 'GlobalCORES')
('gpu', 7)
('seed', 13)
('save_dir', './record/')
('rounds2', 450)
('local_ep', 5)
('frac2', 0.2)
('num_users', 50)
('local_bs', 32)
('lr', 0.01)
('model', 'resnet34')
('num_classes', 10)
('level_n_system', 0.5)
('level_n_lowerb', 0.3)
('alpha_dirichlet', 10)
('non_iid_prob_class', 0.7)
('dataset', 'cifar100')
('iid', False)
('LID_k', 20)
('iteration1', 5)
('rounds1', 200)
('frac1', 0.01)
('pretrained', False)
('mixup', False)
('alpha', 1)
('beta', 5)
('relabel_ratio', 0.5)
('confidence_thres', 0.5)
('clean_set_thres', 0.1)
('fine_tuning', True)
('correction', True)
('T_pl', 100)
('lambda_cen', 1.0)
('lambda_e', 0.8)
('num_gradual', 10)
('forget_rate', 0.2)
('lr_decay', 0.1)
('schedule', [])
('momentum', 0.5)
('weight_decay', 0.0001)
('feature_dim', 128)
('plr', 0.01)
('lamda', 15)
('K', 5)
('gamma', 1)
('begin_sel', 10)
('max_beta', 2.0)
('mu', 0.01)
('device', device(type='cuda', index=7))
Files already downloaded and verified
Files already downloaded and verified
Client 0, noise level: 0.7803 (0.7022), real noise ratio: 0.7763
Client 2, noise level: 0.3966 (0.3569), real noise ratio: 0.3821
Client 3, noise level: 0.3691 (0.3322), real noise ratio: 0.3473
Client 4, noise level: 0.4719 (0.4247), real noise ratio: 0.4391
Client 6, noise level: 0.9482 (0.8534), real noise ratio: 0.9435
Client 7, noise level: 0.7761 (0.6985), real noise ratio: 0.7680
Client 8, noise level: 0.4664 (0.4197), real noise ratio: 0.4630
Client 9, noise level: 0.6982 (0.6284), real noise ratio: 0.6986
Client 13, noise level: 0.5837 (0.5254), real noise ratio: 0.5850
Client 15, noise level: 0.4336 (0.3903), real noise ratio: 0.4251
Client 20, noise level: 0.6493 (0.5844), real noise ratio: 0.6571
Client 23, noise level: 0.5554 (0.4999), real noise ratio: 0.5444
Client 26, noise level: 0.3955 (0.3559), real noise ratio: 0.3988
Client 27, noise level: 0.4655 (0.4189), real noise ratio: 0.4550
Client 29, noise level: 0.6947 (0.6253), real noise ratio: 0.6917
Client 30, noise level: 0.9713 (0.8741), real noise ratio: 0.9641
Client 32, noise level: 0.3903 (0.3512), real noise ratio: 0.3928
Client 33, noise level: 0.8324 (0.7492), real noise ratio: 0.8311
Client 35, noise level: 0.4230 (0.3807), real noise ratio: 0.4125
Client 38, noise level: 0.9771 (0.8794), real noise ratio: 0.9646
Client 41, noise level: 0.7686 (0.6917), real noise ratio: 0.7551
Client 42, noise level: 0.3765 (0.3389), real noise ratio: 0.3664
Client 47, noise level: 0.4886 (0.4397), real noise ratio: 0.5093
Client 48, noise level: 0.7551 (0.6796), real noise ratio: 0.7664
Round 0 global test acc  1.0100
Round 1 global test acc  1.5200
Round 2 global test acc  4.5900
Round 3 global test acc  2.7300
Round 4 global test acc  4.5700
Round 5 global test acc  7.2100
Round 6 global test acc  8.4000
Round 7 global test acc  8.2700
Round 8 global test acc  6.7900
Round 9 global test acc  9.4300
Round 10 global test acc  11.7500
Round 11 global test acc  9.3300
Round 12 global test acc  12.1600
Round 13 global test acc  12.6600
Round 14 global test acc  12.2500
Round 15 global test acc  13.4700
Round 16 global test acc  14.3800
Round 17 global test acc  11.9200
Round 18 global test acc  16.2300
Round 19 global test acc  17.9100
Round 20 global test acc  17.1900
Round 21 global test acc  17.4000
Round 22 global test acc  19.2800
Round 23 global test acc  21.2000
Round 24 global test acc  19.5400
Round 25 global test acc  20.8400
Round 26 global test acc  20.9100
Round 27 global test acc  22.5900
Round 28 global test acc  23.7600
Round 29 global test acc  24.2500
Round 30 global test acc  24.8400
Round 31 global test acc  24.6300
Round 32 global test acc  22.9000
Round 33 global test acc  25.5400
Round 34 global test acc  27.1900
Round 35 global test acc  26.7500
Round 36 global test acc  26.9700
Round 37 global test acc  28.1800
Round 38 global test acc  29.8700
Round 39 global test acc  29.8000
Round 40 global test acc  30.6500
Round 41 global test acc  31.2700
Round 42 global test acc  26.3200
Round 43 global test acc  30.6900
Round 44 global test acc  32.4900
Round 45 global test acc  33.4600
Round 46 global test acc  32.0100
Round 47 global test acc  34.1400
Round 48 global test acc  33.6300
Round 49 global test acc  34.8400
Round 50 global test acc  34.3600
Round 51 global test acc  35.2700
Round 52 global test acc  35.4900
Round 53 global test acc  35.8700
Round 54 global test acc  36.5800
Round 55 global test acc  37.4700
Round 56 global test acc  37.5300
Round 57 global test acc  38.2800
Round 58 global test acc  38.0300
Round 59 global test acc  37.6200
Round 60 global test acc  38.0600
Round 61 global test acc  36.4100
Round 62 global test acc  38.6300
Round 63 global test acc  39.9500
Round 64 global test acc  41.0100
Round 65 global test acc  40.7800
Round 66 global test acc  41.3200
Round 67 global test acc  41.4000
Round 68 global test acc  41.7300
Round 69 global test acc  41.3700
Round 70 global test acc  42.2200
Round 71 global test acc  43.4700
Round 72 global test acc  43.5400
Round 73 global test acc  43.5100
Round 74 global test acc  42.9300
Round 75 global test acc  44.2200
Round 76 global test acc  43.9900
Round 77 global test acc  44.1500
Round 78 global test acc  44.3600
Round 79 global test acc  46.0100
Round 80 global test acc  44.8800
Round 81 global test acc  46.9300
Round 82 global test acc  45.8900
Round 83 global test acc  46.9200
Round 84 global test acc  47.9500
Round 85 global test acc  47.2000
Round 86 global test acc  46.4900
Round 87 global test acc  47.3900
Round 88 global test acc  47.7000
Round 89 global test acc  46.6700
Round 90 global test acc  48.2100
Round 91 global test acc  48.4500
Round 92 global test acc  47.4000
Round 93 global test acc  46.1200
Round 94 global test acc  48.2100
Round 95 global test acc  48.7700
Round 96 global test acc  48.1900
Round 97 global test acc  49.1400
Round 98 global test acc  48.6500
Round 99 global test acc  49.2600
Round 100 global test acc  48.4200
Round 101 global test acc  49.5700
Round 102 global test acc  50.1900
Round 103 global test acc  48.9800
Round 104 global test acc  50.1000
Round 105 global test acc  50.8100
Round 106 global test acc  50.7200
Round 107 global test acc  50.5300
Round 108 global test acc  51.2700
Round 109 global test acc  51.3100
Round 110 global test acc  50.7800
Round 111 global test acc  51.7100
Round 112 global test acc  51.8900
Round 113 global test acc  51.6400
Round 114 global test acc  52.1800
Round 115 global test acc  51.6000
Round 116 global test acc  52.4300
Round 117 global test acc  52.3600
Round 118 global test acc  50.8400
Round 119 global test acc  51.9200
Round 120 global test acc  53.4700
Round 121 global test acc  51.2400
Round 122 global test acc  52.1400
Round 123 global test acc  52.4200
Round 124 global test acc  52.8800
Round 125 global test acc  53.3600
Round 126 global test acc  53.4300
Round 127 global test acc  53.4800
Round 128 global test acc  49.5000
Round 129 global test acc  53.7400
Round 130 global test acc  53.1300
Round 131 global test acc  53.9600
Round 132 global test acc  53.5600
Round 133 global test acc  53.6200
Round 134 global test acc  51.5400
Round 135 global test acc  52.0300
Round 136 global test acc  52.1600
Round 137 global test acc  52.7200
Round 138 global test acc  53.7400
Round 139 global test acc  53.8800
Round 140 global test acc  53.2600
Round 141 global test acc  53.3100
Round 142 global test acc  39.4500
Round 143 global test acc  50.8100
Round 144 global test acc  53.0400
Round 145 global test acc  53.4800
Round 146 global test acc  54.5600
Round 147 global test acc  55.2200
Round 148 global test acc  54.8500
Round 149 global test acc  53.9600
Round 150 global test acc  54.4900
Round 151 global test acc  53.9700
Round 152 global test acc  54.5600
Round 153 global test acc  54.8500
Round 154 global test acc  55.0200
Round 155 global test acc  54.9800
Round 156 global test acc  55.0600
Round 157 global test acc  54.0200
Round 158 global test acc  55.2100
Round 159 global test acc  54.9400
Round 160 global test acc  55.1900
Round 161 global test acc  54.4100
Round 162 global test acc  56.1600
Round 163 global test acc  55.6600
Round 164 global test acc  54.9500
Round 165 global test acc  53.9600
Round 166 global test acc  52.8900
Round 167 global test acc  56.4300
Round 168 global test acc  56.3600
Round 169 global test acc  55.7800
Round 170 global test acc  55.8000
Round 171 global test acc  54.7400
Round 172 global test acc  55.6700
Round 173 global test acc  56.0000
Round 174 global test acc  55.8700
Round 175 global test acc  56.3100
Round 176 global test acc  53.9100
Round 177 global test acc  54.9000
Round 178 global test acc  55.6800
Round 179 global test acc  44.9800
Round 180 global test acc  55.0300
Round 181 global test acc  55.3700
Round 182 global test acc  55.8100
Round 183 global test acc  56.0900
Round 184 global test acc  56.6800
Round 185 global test acc  56.0200
Round 186 global test acc  54.1200
Round 187 global test acc  55.7300
Round 188 global test acc  56.5600
Round 189 global test acc  56.6800
Round 190 global test acc  56.3700
Round 191 global test acc  56.9900
Round 192 global test acc  54.0600
Round 193 global test acc  55.6600
Round 194 global test acc  56.9200
Round 195 global test acc  55.1800
Round 196 global test acc  56.6400
Round 197 global test acc  56.6900
Round 198 global test acc  56.2700
Round 199 global test acc  56.8500
Round 200 global test acc  56.9800
Round 201 global test acc  57.5500
Round 202 global test acc  54.0900
Round 203 global test acc  55.9600
Round 204 global test acc  57.7000
Round 205 global test acc  54.7300
Round 206 global test acc  57.5700
Round 207 global test acc  56.6600
Round 208 global test acc  56.9100
Round 209 global test acc  56.1200
Round 210 global test acc  56.1700
Round 211 global test acc  57.0800
Round 212 global test acc  56.9200
Round 213 global test acc  54.8600
Round 214 global test acc  57.3900
Round 215 global test acc  57.2300
Round 216 global test acc  57.5300
Round 217 global test acc  54.4500
Round 218 global test acc  56.5200
Round 219 global test acc  57.1800
Round 220 global test acc  57.1000
Round 221 global test acc  56.0000
Round 222 global test acc  57.1800
Round 223 global test acc  55.2700
Round 224 global test acc  56.8400
Round 225 global test acc  49.2300
Round 226 global test acc  57.7000
Round 227 global test acc  57.1700
Round 228 global test acc  57.3500
Round 229 global test acc  58.2200
Round 230 global test acc  57.8100
Round 231 global test acc  57.5700
Round 232 global test acc  57.9100
Round 233 global test acc  57.2900
Round 234 global test acc  57.0100
Round 235 global test acc  57.9200
Round 236 global test acc  57.1900
Round 237 global test acc  58.0200
Round 238 global test acc  54.0400
Round 239 global test acc  57.1800
Round 240 global test acc  57.5300
Round 241 global test acc  57.6600
Round 242 global test acc  58.4900
Round 243 global test acc  55.7100
Round 244 global test acc  57.9500
Round 245 global test acc  57.7800
Round 246 global test acc  52.0500
Round 247 global test acc  57.7300
Round 248 global test acc  57.9800
Round 249 global test acc  56.9100
Round 250 global test acc  57.3900
Round 251 global test acc  55.3200
Round 252 global test acc  56.9700
Round 253 global test acc  54.3900
Round 254 global test acc  58.2100
Round 255 global test acc  57.4100
Round 256 global test acc  58.1600
Round 257 global test acc  57.5000
Round 258 global test acc  57.6100
Round 259 global test acc  58.2500
Round 260 global test acc  56.8900
Round 261 global test acc  56.7600
Round 262 global test acc  55.3800
Round 263 global test acc  56.3500
Round 264 global test acc  57.4500
Round 265 global test acc  56.2700
Round 266 global test acc  56.0500
Round 267 global test acc  55.8300
Round 268 global test acc  54.4400
Round 269 global test acc  55.1600
Round 270 global test acc  56.7800
Round 271 global test acc  57.9100
Round 272 global test acc  58.4700
Round 273 global test acc  57.8000
Round 274 global test acc  58.2600
Round 275 global test acc  56.9200
Round 276 global test acc  58.0800
Round 277 global test acc  57.6300
Round 278 global test acc  57.6100
Round 279 global test acc  58.2500
Round 280 global test acc  58.8800
Round 281 global test acc  53.0700
Round 282 global test acc  57.1200
Round 283 global test acc  59.1400
Round 284 global test acc  57.4100
Round 285 global test acc  52.1500
Round 286 global test acc  57.6400
Round 287 global test acc  58.4500
Round 288 global test acc  57.5700
Round 289 global test acc  57.7600
Round 290 global test acc  57.9200
Round 291 global test acc  58.8300
Round 292 global test acc  57.6900
Round 293 global test acc  57.8300
Round 294 global test acc  58.4600
Round 295 global test acc  55.2200
Round 296 global test acc  56.3400
Round 297 global test acc  57.8900
Round 298 global test acc  58.2500
Round 299 global test acc  58.4300
Round 300 global test acc  58.3600
Round 301 global test acc  57.2200
Round 302 global test acc  57.0400
Round 303 global test acc  57.8300
Round 304 global test acc  58.0100
Round 305 global test acc  59.3000
Round 306 global test acc  57.9600
Round 307 global test acc  55.2300
Round 308 global test acc  58.2200
Round 309 global test acc  51.9900
Round 310 global test acc  57.7300
Round 311 global test acc  55.4000
Round 312 global test acc  58.3200
Round 313 global test acc  56.9600
Round 314 global test acc  58.9200
Round 315 global test acc  56.4900
Round 316 global test acc  56.8500
Round 317 global test acc  58.3000
Round 318 global test acc  54.6800
Round 319 global test acc  57.6500
Round 320 global test acc  57.9600
Round 321 global test acc  59.0700
Round 322 global test acc  54.3000
Round 323 global test acc  58.5000
Round 324 global test acc  57.7600
Round 325 global test acc  56.9600
Round 326 global test acc  58.5800
Round 327 global test acc  57.4200
Round 328 global test acc  52.7700
Round 329 global test acc  58.7400
Round 330 global test acc  57.3000
Round 331 global test acc  58.3300
Round 332 global test acc  56.2400
Round 333 global test acc  57.6800
Round 334 global test acc  56.8600
Round 335 global test acc  56.7300
Round 336 global test acc  57.7600
Round 337 global test acc  54.7200
Round 338 global test acc  58.2400
Round 339 global test acc  53.5100
Round 340 global test acc  56.9500
Round 341 global test acc  57.1200
Round 342 global test acc  58.5800
Round 343 global test acc  58.3200
Round 344 global test acc  57.5900
Round 345 global test acc  55.9900
Round 346 global test acc  55.7900
Round 347 global test acc  54.6400
Round 348 global test acc  57.7600
Round 349 global test acc  57.8200
Round 350 global test acc  58.4100
Round 351 global test acc  58.4300
Round 352 global test acc  58.2100
Round 353 global test acc  59.1400
Round 354 global test acc  56.6500
Round 355 global test acc  57.6000
Round 356 global test acc  56.9800
Round 357 global test acc  57.4300
Round 358 global test acc  58.8000
Round 359 global test acc  57.6300
Round 360 global test acc  58.0200
Round 361 global test acc  56.0700
Round 362 global test acc  58.1400
Round 363 global test acc  56.1700
Round 364 global test acc  55.7700
Round 365 global test acc  57.4400
Round 366 global test acc  58.4800
Round 367 global test acc  58.0100
Round 368 global test acc  57.3000
Round 369 global test acc  54.1600
Round 370 global test acc  58.3300
Round 371 global test acc  53.4900
Round 372 global test acc  57.9700
Round 373 global test acc  55.4900
Round 374 global test acc  57.1700
Round 375 global test acc  57.3900
Round 376 global test acc  58.1900
Round 377 global test acc  54.9000
Round 378 global test acc  58.4800
Round 379 global test acc  58.0700
Round 380 global test acc  56.6000
Round 381 global test acc  53.4800
Round 382 global test acc  53.0700
Round 383 global test acc  58.4600
Round 384 global test acc  52.4100
Round 385 global test acc  58.3000
Round 386 global test acc  56.7100
Round 387 global test acc  56.6900
Round 388 global test acc  57.1900
Round 389 global test acc  56.4600
Round 390 global test acc  57.5000
Round 391 global test acc  55.9400
Round 392 global test acc  57.7300
Round 393 global test acc  57.9800
Round 394 global test acc  58.6900
Round 395 global test acc  58.0300
Round 396 global test acc  58.2800
Round 397 global test acc  53.9700
Round 398 global test acc  58.2000
Round 399 global test acc  56.6000
Round 400 global test acc  54.3100
Round 401 global test acc  54.6400
Round 402 global test acc  55.8900
Round 403 global test acc  57.7600
Round 404 global test acc  53.2000
Round 405 global test acc  56.4300
Round 406 global test acc  58.6200
Round 407 global test acc  55.8100
Round 408 global test acc  59.3700
Round 409 global test acc  57.9400
Round 410 global test acc  49.2100
Round 411 global test acc  58.2300
Round 412 global test acc  52.3600
Round 413 global test acc  54.5500
Round 414 global test acc  53.1800
Round 415 global test acc  55.0900
Round 416 global test acc  56.8400
Round 417 global test acc  57.6900
Round 418 global test acc  49.3300
Round 419 global test acc  54.4100
Round 420 global test acc  55.6000
Round 421 global test acc  57.2100
Round 422 global test acc  56.7600
Round 423 global test acc  54.6100
Round 424 global test acc  53.3400
Round 425 global test acc  56.8100
Round 426 global test acc  56.7300
Round 427 global test acc  58.7100
Round 428 global test acc  54.7400
Round 429 global test acc  55.2600
Round 430 global test acc  57.8600
Round 431 global test acc  54.3900
Round 432 global test acc  54.8800
Round 433 global test acc  53.9900
Round 434 global test acc  58.0200
Round 435 global test acc  58.3000
Round 436 global test acc  58.4800
Round 437 global test acc  57.7900
Round 438 global test acc  58.3100
Round 439 global test acc  57.9600
Round 440 global test acc  56.4800
Round 441 global test acc  55.6300
Round 442 global test acc  57.6300
Round 443 global test acc  57.2100
Round 444 global test acc  55.7400
Round 445 global test acc  58.3000
Round 446 global test acc  57.8500
Round 447 global test acc  53.5200
Round 448 global test acc  57.3100
Round 449 global test acc  55.1800
time : 36931.13871073723
('algorithm', 'GlobalCORES')
('gpu', 7)
('seed', 13)
('save_dir', './record/')
('rounds2', 450)
('local_ep', 5)
('frac2', 0.2)
('num_users', 50)
('local_bs', 32)
('lr', 0.01)
('model', 'resnet34')
('num_classes', 10)
('level_n_system', 0.5)
('level_n_lowerb', 0.3)
('alpha_dirichlet', 10)
('non_iid_prob_class', 0.7)
('dataset', 'cifar100')
('iid', False)
('LID_k', 20)
('iteration1', 5)
('rounds1', 200)
('frac1', 0.01)
('pretrained', False)
('mixup', False)
('alpha', 1)
('beta', 5)
('relabel_ratio', 0.5)
('confidence_thres', 0.5)
('clean_set_thres', 0.1)
('fine_tuning', True)
('correction', True)
('T_pl', 100)
('lambda_cen', 1.0)
('lambda_e', 0.8)
('num_gradual', 10)
('forget_rate', 0.2)
('lr_decay', 0.1)
('schedule', [])
('momentum', 0.5)
('weight_decay', 0.0001)
('feature_dim', 128)
('plr', 0.01)
('lamda', 15)
('K', 5)
('gamma', 1)
('begin_sel', 10)
('max_beta', 2.0)
('mu', 0.01)
('device', device(type='cuda', index=7))
Files already downloaded and verified
Files already downloaded and verified
Client 0, noise level: 0.7803 (0.7022), real noise ratio: 0.7763
Client 2, noise level: 0.3966 (0.3569), real noise ratio: 0.3821
Client 3, noise level: 0.3691 (0.3322), real noise ratio: 0.3473
Client 4, noise level: 0.4719 (0.4247), real noise ratio: 0.4391
Client 6, noise level: 0.9482 (0.8534), real noise ratio: 0.9435
Client 7, noise level: 0.7761 (0.6985), real noise ratio: 0.7680
Client 8, noise level: 0.4664 (0.4197), real noise ratio: 0.4630
Client 9, noise level: 0.6982 (0.6284), real noise ratio: 0.6986
Client 13, noise level: 0.5837 (0.5254), real noise ratio: 0.5850
Client 15, noise level: 0.4336 (0.3903), real noise ratio: 0.4251
Client 20, noise level: 0.6493 (0.5844), real noise ratio: 0.6571
Client 23, noise level: 0.5554 (0.4999), real noise ratio: 0.5444
Client 26, noise level: 0.3955 (0.3559), real noise ratio: 0.3988
Client 27, noise level: 0.4655 (0.4189), real noise ratio: 0.4550
Client 29, noise level: 0.6947 (0.6253), real noise ratio: 0.6917
Client 30, noise level: 0.9713 (0.8741), real noise ratio: 0.9641
Client 32, noise level: 0.3903 (0.3512), real noise ratio: 0.3928
Client 33, noise level: 0.8324 (0.7492), real noise ratio: 0.8311
Client 35, noise level: 0.4230 (0.3807), real noise ratio: 0.4125
Client 38, noise level: 0.9771 (0.8794), real noise ratio: 0.9646
Client 41, noise level: 0.7686 (0.6917), real noise ratio: 0.7551
Client 42, noise level: 0.3765 (0.3389), real noise ratio: 0.3664
Client 47, noise level: 0.4886 (0.4397), real noise ratio: 0.5093
Client 48, noise level: 0.7551 (0.6796), real noise ratio: 0.7664
Round 0 global test acc  1.0000
Round 1 global test acc  1.6900
Round 2 global test acc  5.3700
Round 3 global test acc  2.9500
Round 4 global test acc  4.8400
Round 5 global test acc  7.4800
Round 6 global test acc  8.4800
Round 7 global test acc  8.5900
Round 8 global test acc  6.9300
Round 9 global test acc  9.9200
Round 10 global test acc  11.9200
Round 11 global test acc  10.2300
Round 12 global test acc  12.5000
Round 13 global test acc  12.9000
Round 14 global test acc  13.0800
Round 15 global test acc  13.8300
Round 16 global test acc  14.4500
Round 17 global test acc  12.0900
Round 18 global test acc  16.2400
Round 19 global test acc  17.1900
Round 20 global test acc  16.8700
Round 21 global test acc  17.7900
Round 22 global test acc  19.5800
Round 23 global test acc  20.8300
Round 24 global test acc  19.2000
Round 25 global test acc  20.4800
Round 26 global test acc  20.9400
Round 27 global test acc  22.3400
Round 28 global test acc  23.7400
Round 29 global test acc  24.1200
Round 30 global test acc  24.0600
Round 31 global test acc  24.5400
Round 32 global test acc  22.5300
Round 33 global test acc  26.4000
Round 34 global test acc  26.8600
Round 35 global test acc  27.4600
Round 36 global test acc  27.6700
Round 37 global test acc  27.9900
Round 38 global test acc  29.9400
Round 39 global test acc  29.8100
Round 40 global test acc  31.1500
Round 41 global test acc  30.9500
Round 42 global test acc  26.3000
Round 43 global test acc  30.7000
Round 44 global test acc  32.9400
Round 45 global test acc  33.8600
Round 46 global test acc  31.8700
Round 47 global test acc  33.6300
Round 48 global test acc  31.9500
Round 49 global test acc  35.1000
Round 50 global test acc  35.1400
Round 51 global test acc  36.1000
Round 52 global test acc  36.4300
Round 53 global test acc  35.5600
Round 54 global test acc  35.4400
Round 55 global test acc  37.1500
Round 56 global test acc  37.1700
Round 57 global test acc  38.3500
Round 58 global test acc  37.4200
Round 59 global test acc  38.1900
Round 60 global test acc  38.0000
Round 61 global test acc  38.1800
Round 62 global test acc  38.6500
Round 63 global test acc  40.3300
Round 64 global test acc  40.8500
Round 65 global test acc  40.9300
Round 66 global test acc  42.0100
Round 67 global test acc  41.7900
Round 68 global test acc  42.4100
Round 69 global test acc  42.1400
Round 70 global test acc  42.8300
Round 71 global test acc  43.1800
Round 72 global test acc  43.8600
Round 73 global test acc  43.8200
Round 74 global test acc  43.6200
Round 75 global test acc  44.1500
Round 76 global test acc  43.9600
Round 77 global test acc  43.6000
Round 78 global test acc  43.9700
Round 79 global test acc  45.5200
Round 80 global test acc  46.0300
Round 81 global test acc  45.7800
Round 82 global test acc  45.4100
Round 83 global test acc  46.2300
Round 84 global test acc  47.0800
Round 85 global test acc  46.6800
Round 86 global test acc  46.1700
Round 87 global test acc  47.4500
Round 88 global test acc  46.8600
Round 89 global test acc  46.9100
Round 90 global test acc  47.3100
Round 91 global test acc  47.5200
Round 92 global test acc  47.1200
Round 93 global test acc  46.0800
Round 94 global test acc  48.4800
Round 95 global test acc  48.2700
Round 96 global test acc  47.3900
Round 97 global test acc  49.2800
Round 98 global test acc  48.1400
Round 99 global test acc  48.6600
Round 100 global test acc  47.6600
Round 101 global test acc  48.9100
Round 102 global test acc  49.2300
Round 103 global test acc  48.5900
Round 104 global test acc  48.9600
Round 105 global test acc  50.2700
Round 106 global test acc  50.7300
Round 107 global test acc  50.0100
Round 108 global test acc  50.6900
Round 109 global test acc  51.2800
Round 110 global test acc  50.4200
Round 111 global test acc  50.4000
Round 112 global test acc  50.8200
Round 113 global test acc  50.6500
Round 114 global test acc  51.2900
Round 115 global test acc  49.9500
Round 116 global test acc  51.7100
Round 117 global test acc  51.7600
Round 118 global test acc  49.5600
Round 119 global test acc  51.1300
Round 120 global test acc  52.4200
Round 121 global test acc  49.4600
Round 122 global test acc  51.4800
Round 123 global test acc  51.3700
Round 124 global test acc  52.1700
Round 125 global test acc  52.6200
Round 126 global test acc  52.6500
Round 127 global test acc  52.7100
Round 128 global test acc  47.5800
Round 129 global test acc  52.7000
Round 130 global test acc  52.7600
Round 131 global test acc  52.9700
Round 132 global test acc  52.9600
Round 133 global test acc  53.1000
Round 134 global test acc  50.9200
Round 135 global test acc  50.9300
Round 136 global test acc  51.3500
Round 137 global test acc  52.2400
Round 138 global test acc  52.6500
Round 139 global test acc  53.3500
Round 140 global test acc  52.8600
Round 141 global test acc  53.5000
Round 142 global test acc  38.6200
Round 143 global test acc  50.0700
Round 144 global test acc  52.4400
Round 145 global test acc  52.4700
Round 146 global test acc  52.8900
Round 147 global test acc  53.6300
Round 148 global test acc  53.6300
Round 149 global test acc  52.7400
Round 150 global test acc  53.6900
Round 151 global test acc  53.8300
Round 152 global test acc  54.0900
Round 153 global test acc  53.9500
Round 154 global test acc  53.9900
Round 155 global test acc  54.1600
Round 156 global test acc  54.1400
Round 157 global test acc  54.1600
Round 158 global test acc  54.2300
Round 159 global test acc  53.9700
Round 160 global test acc  54.7200
Round 161 global test acc  53.4500
Round 162 global test acc  54.7900
Round 163 global test acc  54.7500
Round 164 global test acc  54.1200
Round 165 global test acc  53.0400
Round 166 global test acc  51.7900
Round 167 global test acc  55.0200
Round 168 global test acc  54.4900
Round 169 global test acc  54.1700
Round 170 global test acc  54.3300
Round 171 global test acc  53.5000
Round 172 global test acc  54.3900
Round 173 global test acc  54.8900
Round 174 global test acc  54.9900
Round 175 global test acc  55.5600
Round 176 global test acc  52.9900
Round 177 global test acc  54.2900
Round 178 global test acc  55.5300
Round 179 global test acc  44.1700
Round 180 global test acc  54.2600
Round 181 global test acc  54.1400
Round 182 global test acc  54.6900
Round 183 global test acc  54.8600
Round 184 global test acc  55.3100
Round 185 global test acc  54.7500
Round 186 global test acc  53.0800
Round 187 global test acc  55.2600
Round 188 global test acc  55.7800
Round 189 global test acc  55.1600
Round 190 global test acc  55.7000
Round 191 global test acc  56.2600
Round 192 global test acc  53.4500
Round 193 global test acc  55.4100
Round 194 global test acc  56.1400
Round 195 global test acc  54.1500
Round 196 global test acc  56.2100
Round 197 global test acc  55.6200
Round 198 global test acc  55.1300
Round 199 global test acc  54.9200
Round 200 global test acc  55.5700
Round 201 global test acc  56.4400
Round 202 global test acc  53.0400
Round 203 global test acc  54.9600
Round 204 global test acc  56.8500
Round 205 global test acc  53.6500
Round 206 global test acc  57.3500
Round 207 global test acc  55.9900
Round 208 global test acc  56.3300
Round 209 global test acc  54.8000
Round 210 global test acc  54.9800
Round 211 global test acc  55.3600
Round 212 global test acc  55.4400
Round 213 global test acc  53.5400
Round 214 global test acc  56.0100
Round 215 global test acc  56.3500
Round 216 global test acc  56.9100
Round 217 global test acc  53.6000
Round 218 global test acc  55.8500
Round 219 global test acc  56.0800
Round 220 global test acc  55.8300
Round 221 global test acc  55.1000
Round 222 global test acc  56.8300
Round 223 global test acc  53.8500
Round 224 global test acc  56.6700
Round 225 global test acc  48.9600
Round 226 global test acc  56.9700
Round 227 global test acc  56.6600
Round 228 global test acc  56.4100
Round 229 global test acc  57.2700
Round 230 global test acc  57.7400
Round 231 global test acc  57.0000
Round 232 global test acc  56.9700
Round 233 global test acc  56.7200
Round 234 global test acc  56.5000
Round 235 global test acc  56.8300
Round 236 global test acc  57.0000
Round 237 global test acc  57.6300
Round 238 global test acc  52.6500
Round 239 global test acc  55.8300
Round 240 global test acc  57.1000
Round 241 global test acc  56.6300
Round 242 global test acc  57.4300
Round 243 global test acc  54.8300
Round 244 global test acc  57.7400
Round 245 global test acc  57.1500
Round 246 global test acc  51.3200
Round 247 global test acc  57.5900
Round 248 global test acc  57.6200
Round 249 global test acc  56.4100
Round 250 global test acc  57.0000
Round 251 global test acc  54.2900
Round 252 global test acc  56.5800
Round 253 global test acc  53.7500
Round 254 global test acc  57.7900
Round 255 global test acc  57.1800
Round 256 global test acc  57.8900
Round 257 global test acc  57.5200
Round 258 global test acc  57.4600
Round 259 global test acc  57.4600
Round 260 global test acc  56.2600
Round 261 global test acc  56.4600
Round 262 global test acc  55.0900
Round 263 global test acc  55.0200
Round 264 global test acc  57.2400
Round 265 global test acc  55.5900
Round 266 global test acc  56.2500
Round 267 global test acc  55.2800
Round 268 global test acc  52.6600
Round 269 global test acc  54.7700
Round 270 global test acc  57.1100
Round 271 global test acc  57.5200
Round 272 global test acc  57.9500
Round 273 global test acc  56.8500
Round 274 global test acc  57.8600
Round 275 global test acc  56.1200
Round 276 global test acc  57.2900
Round 277 global test acc  57.6000
Round 278 global test acc  57.7300
Round 279 global test acc  57.4400
Round 280 global test acc  57.6300
Round 281 global test acc  52.1600
Round 282 global test acc  56.5900
Round 283 global test acc  58.1400
Round 284 global test acc  56.9900
Round 285 global test acc  49.7100
Round 286 global test acc  57.0500
Round 287 global test acc  57.9800
Round 288 global test acc  57.2900
Round 289 global test acc  57.8500
Round 290 global test acc  57.2400
Round 291 global test acc  58.0400
Round 292 global test acc  57.0100
Round 293 global test acc  57.7700
Round 294 global test acc  57.6400
Round 295 global test acc  54.8400
Round 296 global test acc  56.0500
Round 297 global test acc  56.9100
Round 298 global test acc  57.7300
Round 299 global test acc  57.8500
Round 300 global test acc  58.2300
Round 301 global test acc  56.3200
Round 302 global test acc  56.0900
Round 303 global test acc  56.8200
Round 304 global test acc  57.9400
Round 305 global test acc  58.5700
Round 306 global test acc  56.9900
Round 307 global test acc  55.1800
Round 308 global test acc  57.6200
Round 309 global test acc  52.1200
Round 310 global test acc  57.4500
Round 311 global test acc  54.7500
Round 312 global test acc  57.6700
Round 313 global test acc  56.1300
Round 314 global test acc  58.4400
Round 315 global test acc  55.5700
Round 316 global test acc  56.0200
Round 317 global test acc  58.1000
Round 318 global test acc  52.6200
Round 319 global test acc  57.1400
Round 320 global test acc  57.7000
Round 321 global test acc  58.4500
Round 322 global test acc  53.9600
Round 323 global test acc  58.3000
Round 324 global test acc  57.1400
Round 325 global test acc  55.9500
Round 326 global test acc  57.8200
Round 327 global test acc  57.3500
Round 328 global test acc  52.9500
Round 329 global test acc  58.0800
Round 330 global test acc  57.2800
Round 331 global test acc  57.7200
Round 332 global test acc  55.5000
Round 333 global test acc  57.5300
Round 334 global test acc  56.9400
Round 335 global test acc  56.6100
Round 336 global test acc  57.5100
Round 337 global test acc  54.3900
Round 338 global test acc  57.5700
Round 339 global test acc  52.4000
Round 340 global test acc  56.3600
Round 341 global test acc  57.1100
Round 342 global test acc  57.8300
Round 343 global test acc  57.8200
Round 344 global test acc  56.5900
Round 345 global test acc  54.9400
Round 346 global test acc  54.6400
Round 347 global test acc  53.2700
Round 348 global test acc  57.2500
Round 349 global test acc  57.1300
Round 350 global test acc  57.4500
Round 351 global test acc  58.0700
Round 352 global test acc  58.2100
Round 353 global test acc  58.4100
Round 354 global test acc  56.2400
Round 355 global test acc  57.4600
Round 356 global test acc  56.2000
Round 357 global test acc  57.4400
Round 358 global test acc  58.3600
Round 359 global test acc  57.1900
Round 360 global test acc  57.4200
Round 361 global test acc  55.9700
Round 362 global test acc  57.6000
Round 363 global test acc  55.4000
Round 364 global test acc  55.8500
Round 365 global test acc  56.9400
Round 366 global test acc  57.4600
Round 367 global test acc  57.9000
Round 368 global test acc  56.7800
Round 369 global test acc  54.0600
Round 370 global test acc  57.9100
Round 371 global test acc  53.3800
Round 372 global test acc  57.4800
Round 373 global test acc  54.4100
Round 374 global test acc  56.2400
Round 375 global test acc  57.0300
Round 376 global test acc  57.5400
Round 377 global test acc  55.6000
Round 378 global test acc  57.9100
Round 379 global test acc  57.7300
Round 380 global test acc  56.4300
Round 381 global test acc  54.5400
Round 382 global test acc  53.4600
Round 383 global test acc  57.8100
Round 384 global test acc  50.6700
Round 385 global test acc  57.7900
Round 386 global test acc  56.6200
Round 387 global test acc  55.8900
Round 388 global test acc  56.8900
Round 389 global test acc  55.9000
Round 390 global test acc  57.8600
Round 391 global test acc  55.2100
Round 392 global test acc  57.5700
Round 393 global test acc  57.3400
Round 394 global test acc  58.0700
Round 395 global test acc  57.4000
Round 396 global test acc  57.5400
Round 397 global test acc  53.8800
Round 398 global test acc  58.1400
Round 399 global test acc  56.6500
Round 400 global test acc  54.6800
Round 401 global test acc  54.7800
Round 402 global test acc  54.9300
Round 403 global test acc  57.1400
Round 404 global test acc  53.1800
Round 405 global test acc  56.1000
Round 406 global test acc  58.3900
Round 407 global test acc  56.0300
Round 408 global test acc  58.4700
Round 409 global test acc  57.4000
Round 410 global test acc  46.4800
Round 411 global test acc  57.9900
Round 412 global test acc  52.8100
Round 413 global test acc  53.7200
Round 414 global test acc  52.6300
Round 415 global test acc  54.3600
Round 416 global test acc  56.6200
Round 417 global test acc  56.9900
Round 418 global test acc  47.4400
Round 419 global test acc  52.9100
Round 420 global test acc  55.1600
Round 421 global test acc  56.4000
Round 422 global test acc  55.9400
Round 423 global test acc  52.8100
Round 424 global test acc  53.3000
Round 425 global test acc  55.9400
Round 426 global test acc  56.0700
Round 427 global test acc  58.4800
Round 428 global test acc  54.8900
Round 429 global test acc  53.9700
Round 430 global test acc  57.2900
Round 431 global test acc  54.2700
Round 432 global test acc  54.6600
Round 433 global test acc  53.8100
Round 434 global test acc  57.3900
Round 435 global test acc  56.9100
Round 436 global test acc  57.2400
Round 437 global test acc  56.5400
Round 438 global test acc  57.7000
Round 439 global test acc  57.8300
Round 440 global test acc  55.8700
Round 441 global test acc  55.2900
Round 442 global test acc  57.3000
Round 443 global test acc  56.8900
Round 444 global test acc  55.5700
Round 445 global test acc  57.2500
Round 446 global test acc  57.4600
Round 447 global test acc  52.8800
Round 448 global test acc  56.1400
Round 449 global test acc  54.3900
time : 37262.93245053291
