('algorithm', 'LocalCORES')
('gpu', 1)
('seed', 13)
('save_dir', './record/')
('rounds2', 450)
('local_ep', 5)
('frac2', 0.1)
('num_users', 100)
('local_bs', 32)
('lr', 0.01)
('model', 'resnet18')
('num_classes', 10)
('level_n_system', 0.5)
('level_n_lowerb', 0.3)
('alpha_dirichlet', 10)
('non_iid_prob_class', 0.7)
('dataset', 'cifar10')
('iid', True)
('LID_k', 20)
('iteration1', 5)
('rounds1', 200)
('frac1', 0.01)
('pretrained', False)
('mixup', False)
('alpha', 1)
('beta', 5)
('relabel_ratio', 0.5)
('confidence_thres', 0.5)
('clean_set_thres', 0.1)
('fine_tuning', True)
('correction', True)
('T_pl', 100)
('lambda_cen', 1.0)
('lambda_e', 0.8)
('num_gradual', 10)
('forget_rate', 0.2)
('lr_decay', 0.1)
('schedule', [])
('momentum', 0.5)
('weight_decay', 0.0001)
('feature_dim', 128)
('plr', 0.01)
('lamda', 15)
('K', 5)
('gamma', 1)
('begin_sel', 10)
('max_beta', 2.0)
('mu', 0.01)
('device', device(type='cuda', index=1))
Files already downloaded and verified
Files already downloaded and verified
Client 0, noise level: 0.7877 (0.7089), real noise ratio: 0.6940
Client 2, noise level: 0.4944 (0.4450), real noise ratio: 0.4720
Client 3, noise level: 0.4635 (0.4172), real noise ratio: 0.4160
Client 4, noise level: 0.8920 (0.8028), real noise ratio: 0.7960
Client 6, noise level: 0.7822 (0.7040), real noise ratio: 0.6820
Client 7, noise level: 0.4074 (0.3667), real noise ratio: 0.4020
Client 8, noise level: 0.4425 (0.3983), real noise ratio: 0.3600
Client 9, noise level: 0.3473 (0.3126), real noise ratio: 0.2960
Client 13, noise level: 0.4574 (0.4116), real noise ratio: 0.3720
Client 15, noise level: 0.3237 (0.2913), real noise ratio: 0.2720
Client 20, noise level: 0.7283 (0.6555), real noise ratio: 0.6560
Client 23, noise level: 0.5618 (0.5056), real noise ratio: 0.5480
Client 26, noise level: 0.8716 (0.7844), real noise ratio: 0.7820
Client 27, noise level: 0.3558 (0.3202), real noise ratio: 0.3060
Client 29, noise level: 0.8867 (0.7980), real noise ratio: 0.8060
Client 30, noise level: 0.6949 (0.6254), real noise ratio: 0.6440
Client 32, noise level: 0.4015 (0.3614), real noise ratio: 0.4080
Client 33, noise level: 0.3690 (0.3321), real noise ratio: 0.3400
Client 35, noise level: 0.7970 (0.7173), real noise ratio: 0.7260
Client 38, noise level: 0.5606 (0.5045), real noise ratio: 0.5060
Client 41, noise level: 0.7353 (0.6618), real noise ratio: 0.6460
Client 42, noise level: 0.8045 (0.7240), real noise ratio: 0.7060
Client 47, noise level: 0.4586 (0.4127), real noise ratio: 0.3980
Client 48, noise level: 0.5133 (0.4620), real noise ratio: 0.4560
Client 50, noise level: 0.7860 (0.7074), real noise ratio: 0.7280
Client 51, noise level: 0.3370 (0.3033), real noise ratio: 0.2800
Client 56, noise level: 0.5591 (0.5031), real noise ratio: 0.4940
Client 57, noise level: 0.6532 (0.5879), real noise ratio: 0.5500
Client 59, noise level: 0.3915 (0.3523), real noise ratio: 0.3560
Client 60, noise level: 0.8911 (0.8020), real noise ratio: 0.7840
Client 62, noise level: 0.4187 (0.3768), real noise ratio: 0.3960
Client 67, noise level: 0.3696 (0.3326), real noise ratio: 0.3220
Client 68, noise level: 0.9393 (0.8454), real noise ratio: 0.8680
Client 69, noise level: 0.7046 (0.6341), real noise ratio: 0.6300
Client 72, noise level: 0.3069 (0.2762), real noise ratio: 0.2520
Client 75, noise level: 0.7848 (0.7064), real noise ratio: 0.7180
Client 78, noise level: 0.3984 (0.3586), real noise ratio: 0.3640
Client 79, noise level: 0.7685 (0.6916), real noise ratio: 0.6640
Client 80, noise level: 0.5127 (0.4614), real noise ratio: 0.4980
Client 83, noise level: 0.4420 (0.3978), real noise ratio: 0.4200
Client 88, noise level: 0.4144 (0.3729), real noise ratio: 0.3920
Client 90, noise level: 0.4952 (0.4457), real noise ratio: 0.4320
Client 91, noise level: 0.4432 (0.3989), real noise ratio: 0.4300
Client 94, noise level: 0.3650 (0.3285), real noise ratio: 0.2880
Client 98, noise level: 0.5071 (0.4564), real noise ratio: 0.4640
Client 99, noise level: 0.4163 (0.3747), real noise ratio: 0.4080
Round 0 global test acc  17.6100
Round 1 global test acc  32.1800
Round 2 global test acc  39.0200
Round 3 global test acc  42.2400
Round 4 global test acc  44.9200
Round 5 global test acc  46.0600
Round 6 global test acc  45.7200
Round 7 global test acc  49.9200
Round 8 global test acc  50.8000
Round 9 global test acc  50.0200
Round 10 global test acc  51.8800
Round 11 global test acc  38.6200
Round 12 global test acc  41.1400
Round 13 global test acc  40.2200
Round 14 global test acc  36.9800
Round 15 global test acc  42.9700
Round 16 global test acc  41.6400
Round 17 global test acc  39.8000
Round 18 global test acc  42.3100
Round 19 global test acc  33.7100
Round 20 global test acc  40.3100
Round 21 global test acc  49.9200
Round 22 global test acc  45.0600
Round 23 global test acc  46.8900
Round 24 global test acc  43.5800
Round 25 global test acc  46.8700
Round 26 global test acc  48.3500
Round 27 global test acc  46.4800
Round 28 global test acc  50.4600
Round 29 global test acc  33.6600
Round 30 global test acc  33.3100
Round 31 global test acc  51.7800
Round 32 global test acc  45.2700
Round 33 global test acc  47.5800
Round 34 global test acc  45.0900
Round 35 global test acc  52.4300
Round 36 global test acc  55.4900
Round 37 global test acc  51.8700
Round 38 global test acc  51.5300
Round 39 global test acc  53.2500
Round 40 global test acc  53.5500
Round 41 global test acc  56.4400
Round 42 global test acc  52.0400
Round 43 global test acc  49.8200
Round 44 global test acc  55.2400
Round 45 global test acc  55.9600
Round 46 global test acc  56.5500
Round 47 global test acc  53.7800
Round 48 global test acc  45.6200
Round 49 global test acc  53.1200
Round 50 global test acc  54.6600
Round 51 global test acc  56.8400
Round 52 global test acc  57.2300
Round 53 global test acc  55.7100
Round 54 global test acc  51.5700
Round 55 global test acc  51.8000
Round 56 global test acc  53.7900
Round 57 global test acc  55.7300
Round 58 global test acc  49.6400
Round 59 global test acc  55.2200
Round 60 global test acc  54.3000
Round 61 global test acc  52.6700
Round 62 global test acc  57.2200
Round 63 global test acc  54.7600
Round 64 global test acc  56.7800
Round 65 global test acc  56.6800
Round 66 global test acc  58.7800
Round 67 global test acc  55.7700
Round 68 global test acc  49.6200
Round 69 global test acc  58.7100
Round 70 global test acc  53.9300
Round 71 global test acc  42.8000
Round 72 global test acc  55.1400
Round 73 global test acc  53.9100
Round 74 global test acc  53.8800
Round 75 global test acc  56.6900
Round 76 global test acc  40.0900
Round 77 global test acc  62.6600
Round 78 global test acc  59.1400
Round 79 global test acc  59.8400
Round 80 global test acc  60.2300
Round 81 global test acc  53.9400
Round 82 global test acc  48.9300
Round 83 global test acc  56.9000
Round 84 global test acc  30.6000
Round 85 global test acc  57.2900
Round 86 global test acc  59.5500
Round 87 global test acc  60.3400
Round 88 global test acc  56.1200
Round 89 global test acc  52.3100
Round 90 global test acc  50.9800
Round 91 global test acc  57.2600
Round 92 global test acc  58.4300
Round 93 global test acc  52.6400
Round 94 global test acc  49.2800
Round 95 global test acc  47.9200
Round 96 global test acc  47.8300
Round 97 global test acc  61.8900
Round 98 global test acc  61.1700
Round 99 global test acc  54.8100
Round 100 global test acc  55.4400
Round 101 global test acc  46.6300
Round 102 global test acc  55.9900
Round 103 global test acc  59.8600
Round 104 global test acc  61.4300
Round 105 global test acc  58.6900
Round 106 global test acc  62.3900
Round 107 global test acc  57.4600
Round 108 global test acc  62.8100
Round 109 global test acc  55.5300
Round 110 global test acc  61.3500
Round 111 global test acc  64.2300
Round 112 global test acc  62.8800
Round 113 global test acc  58.5300
Round 114 global test acc  60.6200
Round 115 global test acc  60.2400
Round 116 global test acc  60.1800
Round 117 global test acc  56.8500
Round 118 global test acc  56.6300
Round 119 global test acc  59.7700
Round 120 global test acc  62.8000
Round 121 global test acc  52.5000
Round 122 global test acc  58.2000
Round 123 global test acc  58.0500
Round 124 global test acc  63.4800
Round 125 global test acc  59.1200
Round 126 global test acc  58.5400
Round 127 global test acc  64.0900
Round 128 global test acc  60.4600
Round 129 global test acc  62.7600
Round 130 global test acc  66.2300
Round 131 global test acc  61.6200
Round 132 global test acc  60.5000
Round 133 global test acc  61.1100
Round 134 global test acc  57.9900
Round 135 global test acc  61.3000
Round 136 global test acc  60.2400
Round 137 global test acc  64.6800
Round 138 global test acc  58.6000
Round 139 global test acc  59.7700
Round 140 global test acc  60.9400
Round 141 global test acc  57.5100
Round 142 global test acc  65.7500
Round 143 global test acc  63.5400
Round 144 global test acc  60.7800
Round 145 global test acc  61.2600
Round 146 global test acc  62.7200
Round 147 global test acc  59.6200
Round 148 global test acc  55.2100
Round 149 global test acc  59.3500
Round 150 global test acc  62.9200
Round 151 global test acc  58.3500
Round 152 global test acc  65.6000
Round 153 global test acc  58.5400
Round 154 global test acc  60.9000
Round 155 global test acc  62.3300
Round 156 global test acc  63.8900
Round 157 global test acc  59.3300
Round 158 global test acc  62.7400
Round 159 global test acc  63.8200
Round 160 global test acc  60.5700
Round 161 global test acc  59.8700
Round 162 global test acc  58.0700
Round 163 global test acc  62.8200
Round 164 global test acc  57.8800
Round 165 global test acc  61.6600
Round 166 global test acc  59.4300
Round 167 global test acc  59.2700
Round 168 global test acc  55.5400
Round 169 global test acc  61.5600
Round 170 global test acc  57.3400
Round 171 global test acc  55.5800
Round 172 global test acc  48.0900
Round 173 global test acc  59.3700
Round 174 global test acc  58.4700
Round 175 global test acc  55.8500
Round 176 global test acc  63.7400
Round 177 global test acc  57.3400
Round 178 global test acc  54.1100
Round 179 global test acc  67.9200
Round 180 global test acc  64.2800
Round 181 global test acc  58.5900
Round 182 global test acc  61.9200
Round 183 global test acc  64.8700
Round 184 global test acc  66.4600
Round 185 global test acc  63.3300
Round 186 global test acc  67.0400
Round 187 global test acc  62.3700
Round 188 global test acc  58.9900
Round 189 global test acc  61.3100
Round 190 global test acc  60.2700
Round 191 global test acc  55.2800
Round 192 global test acc  65.5500
Round 193 global test acc  61.7400
Round 194 global test acc  64.0700
Round 195 global test acc  64.1900
Round 196 global test acc  68.6300
Round 197 global test acc  64.5200
Round 198 global test acc  66.6100
Round 199 global test acc  64.4400
Round 200 global test acc  62.0300
Round 201 global test acc  53.4700
Round 202 global test acc  60.9000
Round 203 global test acc  64.1300
Round 204 global test acc  64.1000
Round 205 global test acc  60.4100
Round 206 global test acc  65.5200
Round 207 global test acc  63.9400
Round 208 global test acc  65.0200
Round 209 global test acc  61.9200
Round 210 global test acc  62.2800
Round 211 global test acc  62.5900
Round 212 global test acc  64.5200
Round 213 global test acc  66.5500
Round 214 global test acc  63.2500
Round 215 global test acc  63.2100
Round 216 global test acc  63.1600
Round 217 global test acc  66.9900
Round 218 global test acc  68.9800
Round 219 global test acc  65.1500
Round 220 global test acc  62.4300
Round 221 global test acc  64.9100
Round 222 global test acc  65.8900
Round 223 global test acc  58.5000
Round 224 global test acc  56.6600
Round 225 global test acc  65.0300
Round 226 global test acc  64.3700
Round 227 global test acc  60.4000
Round 228 global test acc  62.4600
Round 229 global test acc  68.0700
Round 230 global test acc  64.8100
Round 231 global test acc  64.9800
Round 232 global test acc  57.5600
Round 233 global test acc  67.5100
Round 234 global test acc  66.0500
Round 235 global test acc  67.4700
Round 236 global test acc  62.3800
Round 237 global test acc  67.8700
Round 238 global test acc  66.2000
Round 239 global test acc  59.1500
Round 240 global test acc  63.5700
Round 241 global test acc  67.1800
Round 242 global test acc  69.4200
Round 243 global test acc  51.5300
Round 244 global test acc  52.5000
Round 245 global test acc  58.2300
Round 246 global test acc  64.9400
Round 247 global test acc  66.5700
Round 248 global test acc  64.7000
Round 249 global test acc  59.3900
Round 250 global test acc  57.1800
Round 251 global test acc  64.1100
Round 252 global test acc  65.9600
Round 253 global test acc  63.5900
Round 254 global test acc  58.1300
Round 255 global test acc  64.5700
Round 256 global test acc  55.6200
Round 257 global test acc  62.3100
Round 258 global test acc  56.6700
Round 259 global test acc  63.5600
Round 260 global test acc  62.5300
Round 261 global test acc  59.1400
Round 262 global test acc  59.0900
Round 263 global test acc  62.2500
Round 264 global test acc  67.3800
Round 265 global test acc  66.6200
Round 266 global test acc  67.0900
Round 267 global test acc  62.6700
Round 268 global test acc  67.1400
Round 269 global test acc  66.2200
Round 270 global test acc  68.1100
Round 271 global test acc  63.7000
Round 272 global test acc  64.7700
Round 273 global test acc  64.0000
Round 274 global test acc  63.3500
Round 275 global test acc  62.2900
Round 276 global test acc  68.0300
Round 277 global test acc  57.4000
Round 278 global test acc  63.3400
Round 279 global test acc  68.6100
Round 280 global test acc  66.0300
Round 281 global test acc  67.8600
Round 282 global test acc  58.8000
Round 283 global test acc  65.2100
Round 284 global test acc  62.5900
Round 285 global test acc  58.5500
Round 286 global test acc  63.7500
Round 287 global test acc  56.2500
Round 288 global test acc  64.2800
Round 289 global test acc  65.6200
Round 290 global test acc  64.2100
Round 291 global test acc  62.2500
Round 292 global test acc  62.6000
Round 293 global test acc  64.6200
Round 294 global test acc  66.0100
Round 295 global test acc  56.0300
Round 296 global test acc  66.6500
Round 297 global test acc  51.9700
Round 298 global test acc  62.5000
Round 299 global test acc  59.6000
Round 300 global test acc  53.4600
Round 301 global test acc  61.5600
Round 302 global test acc  64.0600
Round 303 global test acc  63.3700
Round 304 global test acc  67.1700
Round 305 global test acc  50.7700
Round 306 global test acc  65.2600
Round 307 global test acc  65.1800
Round 308 global test acc  66.1900
Round 309 global test acc  64.3200
Round 310 global test acc  60.1900
Round 311 global test acc  68.6400
Round 312 global test acc  63.9600
Round 313 global test acc  61.2600
Round 314 global test acc  60.9300
Round 315 global test acc  59.8900
Round 316 global test acc  65.6000
Round 317 global test acc  69.2100
Round 318 global test acc  57.4400
Round 319 global test acc  58.9100
Round 320 global test acc  64.4000
Round 321 global test acc  51.5400
Round 322 global test acc  63.9300
Round 323 global test acc  55.5200
Round 324 global test acc  55.5500
Round 325 global test acc  66.9600
Round 326 global test acc  63.9400
Round 327 global test acc  65.9500
Round 328 global test acc  65.4300
Round 329 global test acc  56.2000
Round 330 global test acc  62.7200
Round 331 global test acc  60.0400
Round 332 global test acc  65.6800
Round 333 global test acc  62.5000
Round 334 global test acc  61.0800
Round 335 global test acc  64.0400
Round 336 global test acc  48.9900
Round 337 global test acc  60.9000
Round 338 global test acc  66.8400
Round 339 global test acc  64.4300
Round 340 global test acc  60.4800
Round 341 global test acc  64.3400
Round 342 global test acc  59.9500
Round 343 global test acc  63.9000
Round 344 global test acc  54.5000
Round 345 global test acc  62.8600
Round 346 global test acc  62.7500
Round 347 global test acc  59.5000
Round 348 global test acc  62.1700
Round 349 global test acc  62.1700
Round 350 global test acc  58.7400
Round 351 global test acc  59.3100
Round 352 global test acc  65.4200
Round 353 global test acc  67.1900
Round 354 global test acc  68.2900
Round 355 global test acc  57.0500
Round 356 global test acc  62.8800
Round 357 global test acc  66.6000
Round 358 global test acc  66.9700
Round 359 global test acc  61.8200
Round 360 global test acc  65.7300
Round 361 global test acc  55.1100
Round 362 global test acc  63.8600
Round 363 global test acc  65.6700
Round 364 global test acc  66.6000
Round 365 global test acc  66.1200
Round 366 global test acc  61.8900
Round 367 global test acc  63.3600
Round 368 global test acc  68.6000
Round 369 global test acc  65.0400
Round 370 global test acc  64.9000
Round 371 global test acc  61.3200
Round 372 global test acc  63.8200
Round 373 global test acc  64.1500
Round 374 global test acc  63.5900
Round 375 global test acc  63.9000
Round 376 global test acc  66.3000
Round 377 global test acc  60.0500
Round 378 global test acc  64.6900
Round 379 global test acc  59.4300
Round 380 global test acc  64.1300
Round 381 global test acc  70.5700
Round 382 global test acc  61.1100
Round 383 global test acc  67.7000
Round 384 global test acc  68.3700
Round 385 global test acc  66.0900
Round 386 global test acc  66.5700
Round 387 global test acc  60.5800
Round 388 global test acc  60.7400
Round 389 global test acc  63.1700
Round 390 global test acc  60.6800
Round 391 global test acc  64.3700
Round 392 global test acc  57.6700
Round 393 global test acc  59.8500
Round 394 global test acc  56.2800
Round 395 global test acc  64.0500
Round 396 global test acc  65.9200
Round 397 global test acc  59.7700
Round 398 global test acc  65.3200
Round 399 global test acc  60.4700
Round 400 global test acc  69.1700
Round 401 global test acc  62.6200
Round 402 global test acc  63.1200
Round 403 global test acc  64.5800
Round 404 global test acc  61.4700
Round 405 global test acc  66.1100
Round 406 global test acc  61.5300
Round 407 global test acc  62.5900
Round 408 global test acc  61.2700
Round 409 global test acc  65.6400
Round 410 global test acc  68.7300
Round 411 global test acc  67.4500
Round 412 global test acc  60.3700
Round 413 global test acc  64.8000
Round 414 global test acc  64.3700
Round 415 global test acc  66.2400
Round 416 global test acc  70.4400
Round 417 global test acc  67.7100
Round 418 global test acc  68.4300
Round 419 global test acc  67.3700
Round 420 global test acc  68.5900
Round 421 global test acc  68.2500
Round 422 global test acc  66.6100
Round 423 global test acc  64.5200
Round 424 global test acc  64.1800
Round 425 global test acc  66.7300
Round 426 global test acc  63.7700
Round 427 global test acc  58.2200
Round 428 global test acc  57.5100
Round 429 global test acc  62.3300
Round 430 global test acc  58.7900
Round 431 global test acc  62.5500
Round 432 global test acc  58.5000
Round 433 global test acc  65.7200
Round 434 global test acc  68.3600
Round 435 global test acc  67.0400
Round 436 global test acc  65.9100
Round 437 global test acc  60.8300
Round 438 global test acc  64.4400
Round 439 global test acc  60.3400
Round 440 global test acc  63.6800
Round 441 global test acc  61.8700
Round 442 global test acc  68.4400
Round 443 global test acc  64.7300
Round 444 global test acc  60.5000
Round 445 global test acc  67.6900
Round 446 global test acc  65.6400
Round 447 global test acc  60.8900
Round 448 global test acc  61.7200
Round 449 global test acc  68.9700
time : 34875.857365846634
('algorithm', 'LocalCORES')
('gpu', 0)
('seed', 13)
('save_dir', './record/')
('rounds2', 450)
('local_ep', 5)
('frac2', 0.1)
('num_users', 100)
('local_bs', 32)
('lr', 0.01)
('model', 'resnet18')
('num_classes', 10)
('level_n_system', 0.5)
('level_n_lowerb', 0.3)
('alpha_dirichlet', 10)
('non_iid_prob_class', 0.7)
('dataset', 'cifar10')
('iid', True)
('LID_k', 20)
('iteration1', 5)
('rounds1', 200)
('frac1', 0.01)
('pretrained', False)
('mixup', False)
('alpha', 1)
('beta', 5)
('relabel_ratio', 0.5)
('confidence_thres', 0.5)
('clean_set_thres', 0.1)
('fine_tuning', True)
('correction', True)
('T_pl', 100)
('lambda_cen', 1.0)
('lambda_e', 0.8)
('num_gradual', 10)
('forget_rate', 0.2)
('lr_decay', 0.1)
('schedule', [])
('momentum', 0.5)
('weight_decay', 0.0001)
('feature_dim', 128)
('plr', 0.01)
('lamda', 15)
('K', 5)
('gamma', 1)
('begin_sel', 10)
('max_beta', 2.0)
('mu', 0.01)
('device', device(type='cuda', index=0))
Files already downloaded and verified
Files already downloaded and verified
Client 0, noise level: 0.7877 (0.7089), real noise ratio: 0.6940
Client 2, noise level: 0.4944 (0.4450), real noise ratio: 0.4720
Client 3, noise level: 0.4635 (0.4172), real noise ratio: 0.4160
Client 4, noise level: 0.8920 (0.8028), real noise ratio: 0.7960
Client 6, noise level: 0.7822 (0.7040), real noise ratio: 0.6820
Client 7, noise level: 0.4074 (0.3667), real noise ratio: 0.4020
Client 8, noise level: 0.4425 (0.3983), real noise ratio: 0.3600
Client 9, noise level: 0.3473 (0.3126), real noise ratio: 0.2960
Client 13, noise level: 0.4574 (0.4116), real noise ratio: 0.3720
Client 15, noise level: 0.3237 (0.2913), real noise ratio: 0.2720
Client 20, noise level: 0.7283 (0.6555), real noise ratio: 0.6560
Client 23, noise level: 0.5618 (0.5056), real noise ratio: 0.5480
Client 26, noise level: 0.8716 (0.7844), real noise ratio: 0.7820
Client 27, noise level: 0.3558 (0.3202), real noise ratio: 0.3060
Client 29, noise level: 0.8867 (0.7980), real noise ratio: 0.8060
Client 30, noise level: 0.6949 (0.6254), real noise ratio: 0.6440
Client 32, noise level: 0.4015 (0.3614), real noise ratio: 0.4080
Client 33, noise level: 0.3690 (0.3321), real noise ratio: 0.3400
Client 35, noise level: 0.7970 (0.7173), real noise ratio: 0.7260
Client 38, noise level: 0.5606 (0.5045), real noise ratio: 0.5060
Client 41, noise level: 0.7353 (0.6618), real noise ratio: 0.6460
Client 42, noise level: 0.8045 (0.7240), real noise ratio: 0.7060
Client 47, noise level: 0.4586 (0.4127), real noise ratio: 0.3980
Client 48, noise level: 0.5133 (0.4620), real noise ratio: 0.4560
Client 50, noise level: 0.7860 (0.7074), real noise ratio: 0.7280
Client 51, noise level: 0.3370 (0.3033), real noise ratio: 0.2800
Client 56, noise level: 0.5591 (0.5031), real noise ratio: 0.4940
Client 57, noise level: 0.6532 (0.5879), real noise ratio: 0.5500
Client 59, noise level: 0.3915 (0.3523), real noise ratio: 0.3560
Client 60, noise level: 0.8911 (0.8020), real noise ratio: 0.7840
Client 62, noise level: 0.4187 (0.3768), real noise ratio: 0.3960
Client 67, noise level: 0.3696 (0.3326), real noise ratio: 0.3220
Client 68, noise level: 0.9393 (0.8454), real noise ratio: 0.8680
Client 69, noise level: 0.7046 (0.6341), real noise ratio: 0.6300
Client 72, noise level: 0.3069 (0.2762), real noise ratio: 0.2520
Client 75, noise level: 0.7848 (0.7064), real noise ratio: 0.7180
Client 78, noise level: 0.3984 (0.3586), real noise ratio: 0.3640
Client 79, noise level: 0.7685 (0.6916), real noise ratio: 0.6640
Client 80, noise level: 0.5127 (0.4614), real noise ratio: 0.4980
Client 83, noise level: 0.4420 (0.3978), real noise ratio: 0.4200
Client 88, noise level: 0.4144 (0.3729), real noise ratio: 0.3920
Client 90, noise level: 0.4952 (0.4457), real noise ratio: 0.4320
Client 91, noise level: 0.4432 (0.3989), real noise ratio: 0.4300
Client 94, noise level: 0.3650 (0.3285), real noise ratio: 0.2880
Client 98, noise level: 0.5071 (0.4564), real noise ratio: 0.4640
Client 99, noise level: 0.4163 (0.3747), real noise ratio: 0.4080
Round 0 global test acc  16.3600
Round 1 global test acc  32.7500
Round 2 global test acc  36.4900
Round 3 global test acc  40.3700
Round 4 global test acc  43.8300
Round 5 global test acc  45.6800
Round 6 global test acc  46.0700
Round 7 global test acc  48.4300
Round 8 global test acc  50.7800
Round 9 global test acc  49.7900
Round 10 global test acc  51.9800
Round 11 global test acc  37.3600
Round 12 global test acc  38.8900
Round 13 global test acc  38.2700
Round 14 global test acc  30.6000
Round 15 global test acc  42.4800
Round 16 global test acc  44.6700
Round 17 global test acc  39.0500
Round 18 global test acc  42.5300
Round 19 global test acc  29.3100
Round 20 global test acc  39.4700
Round 21 global test acc  49.7500
Round 22 global test acc  45.2600
Round 23 global test acc  46.4100
Round 24 global test acc  43.7600
Round 25 global test acc  44.9100
Round 26 global test acc  49.4800
Round 27 global test acc  48.6800
Round 28 global test acc  48.4900
Round 29 global test acc  27.5000
Round 30 global test acc  34.2400
Round 31 global test acc  50.3400
Round 32 global test acc  45.6100
Round 33 global test acc  49.1600
Round 34 global test acc  45.1700
Round 35 global test acc  50.0400
Round 36 global test acc  54.4600
Round 37 global test acc  53.2900
Round 38 global test acc  50.5400
Round 39 global test acc  52.8000
Round 40 global test acc  54.7800
Round 41 global test acc  56.3500
Round 42 global test acc  52.3700
Round 43 global test acc  49.7400
Round 44 global test acc  53.0300
Round 45 global test acc  54.4500
Round 46 global test acc  55.8300
Round 47 global test acc  52.1800
Round 48 global test acc  45.5500
Round 49 global test acc  51.8200
Round 50 global test acc  53.8400
Round 51 global test acc  57.7400
Round 52 global test acc  56.9800
Round 53 global test acc  56.1400
Round 54 global test acc  51.2100
Round 55 global test acc  53.8200
Round 56 global test acc  50.6000
Round 57 global test acc  55.5400
Round 58 global test acc  49.9700
Round 59 global test acc  55.2200
Round 60 global test acc  54.6600
Round 61 global test acc  50.0900
Round 62 global test acc  56.0300
Round 63 global test acc  54.1300
Round 64 global test acc  54.7500
Round 65 global test acc  56.8700
Round 66 global test acc  60.2700
Round 67 global test acc  55.9300
Round 68 global test acc  51.9800
Round 69 global test acc  57.8000
Round 70 global test acc  54.0300
Round 71 global test acc  42.8400
Round 72 global test acc  54.9600
Round 73 global test acc  55.2600
Round 74 global test acc  55.3300
Round 75 global test acc  59.8200
Round 76 global test acc  43.1300
Round 77 global test acc  63.2800
Round 78 global test acc  59.9400
Round 79 global test acc  58.6900
Round 80 global test acc  57.1800
Round 81 global test acc  57.5400
Round 82 global test acc  46.8100
Round 83 global test acc  57.3900
Round 84 global test acc  32.3900
Round 85 global test acc  59.3100
Round 86 global test acc  60.2400
Round 87 global test acc  58.9400
Round 88 global test acc  56.5700
Round 89 global test acc  52.3400
Round 90 global test acc  51.5200
Round 91 global test acc  57.4700
Round 92 global test acc  57.1700
Round 93 global test acc  56.6500
Round 94 global test acc  51.8200
Round 95 global test acc  49.3100
Round 96 global test acc  50.2100
Round 97 global test acc  60.5800
Round 98 global test acc  61.9800
Round 99 global test acc  53.3200
Round 100 global test acc  55.3900
Round 101 global test acc  45.9100
Round 102 global test acc  56.6000
Round 103 global test acc  60.0300
Round 104 global test acc  61.7900
Round 105 global test acc  61.7300
Round 106 global test acc  62.2700
Round 107 global test acc  57.0100
Round 108 global test acc  63.9500
Round 109 global test acc  55.5300
Round 110 global test acc  61.0800
Round 111 global test acc  64.0200
Round 112 global test acc  63.0700
Round 113 global test acc  58.3300
Round 114 global test acc  59.3200
Round 115 global test acc  59.6000
Round 116 global test acc  58.5900
Round 117 global test acc  56.1100
Round 118 global test acc  57.0800
Round 119 global test acc  61.1300
Round 120 global test acc  62.3900
Round 121 global test acc  53.3800
Round 122 global test acc  58.5400
Round 123 global test acc  58.1500
Round 124 global test acc  64.4500
Round 125 global test acc  58.9900
Round 126 global test acc  60.5300
Round 127 global test acc  64.6700
Round 128 global test acc  60.9400
Round 129 global test acc  61.1300
Round 130 global test acc  64.9800
Round 131 global test acc  62.8500
Round 132 global test acc  60.8900
Round 133 global test acc  61.0300
Round 134 global test acc  57.9400
Round 135 global test acc  62.5400
Round 136 global test acc  61.9100
Round 137 global test acc  65.5600
Round 138 global test acc  59.0800
Round 139 global test acc  61.6500
Round 140 global test acc  61.6700
Round 141 global test acc  57.6500
Round 142 global test acc  64.5100
Round 143 global test acc  63.5500
Round 144 global test acc  60.6600
Round 145 global test acc  61.0400
Round 146 global test acc  61.4600
Round 147 global test acc  56.6700
Round 148 global test acc  56.1600
Round 149 global test acc  61.2400
Round 150 global test acc  64.7500
Round 151 global test acc  57.2800
Round 152 global test acc  65.3000
Round 153 global test acc  57.6400
Round 154 global test acc  61.4500
Round 155 global test acc  62.3800
Round 156 global test acc  64.4500
Round 157 global test acc  59.1300
Round 158 global test acc  62.5400
Round 159 global test acc  64.5200
Round 160 global test acc  62.3600
Round 161 global test acc  59.0400
Round 162 global test acc  57.4200
Round 163 global test acc  62.1900
Round 164 global test acc  58.2000
Round 165 global test acc  62.0400
Round 166 global test acc  57.7800
Round 167 global test acc  60.1200
Round 168 global test acc  57.5900
Round 169 global test acc  59.9100
Round 170 global test acc  55.7700
Round 171 global test acc  56.1200
Round 172 global test acc  47.8800
Round 173 global test acc  61.2600
Round 174 global test acc  57.4000
Round 175 global test acc  51.5900
Round 176 global test acc  63.9900
Round 177 global test acc  57.6300
Round 178 global test acc  52.9300
Round 179 global test acc  65.9400
Round 180 global test acc  63.5300
Round 181 global test acc  58.4900
Round 182 global test acc  63.3600
Round 183 global test acc  63.8300
Round 184 global test acc  66.0800
Round 185 global test acc  62.1800
Round 186 global test acc  65.6000
Round 187 global test acc  60.5900
Round 188 global test acc  59.7300
Round 189 global test acc  62.2700
Round 190 global test acc  58.3400
Round 191 global test acc  54.3100
Round 192 global test acc  65.8500
Round 193 global test acc  61.3300
Round 194 global test acc  64.2000
Round 195 global test acc  65.1500
Round 196 global test acc  68.8900
Round 197 global test acc  64.6500
Round 198 global test acc  64.7700
Round 199 global test acc  65.1000
Round 200 global test acc  60.1900
Round 201 global test acc  52.5800
Round 202 global test acc  63.0700
Round 203 global test acc  64.7300
Round 204 global test acc  65.2600
Round 205 global test acc  57.8900
Round 206 global test acc  64.1700
Round 207 global test acc  58.9600
Round 208 global test acc  66.0300
Round 209 global test acc  62.4400
Round 210 global test acc  64.5200
Round 211 global test acc  63.8400
Round 212 global test acc  65.5600
Round 213 global test acc  67.2700
Round 214 global test acc  57.2400
Round 215 global test acc  65.2300
Round 216 global test acc  64.3900
Round 217 global test acc  67.4100
Round 218 global test acc  69.0700
Round 219 global test acc  65.2300
Round 220 global test acc  60.1700
Round 221 global test acc  64.4400
Round 222 global test acc  65.1700
Round 223 global test acc  57.9300
Round 224 global test acc  55.4300
Round 225 global test acc  65.4000
Round 226 global test acc  66.3100
Round 227 global test acc  59.5900
Round 228 global test acc  62.5100
Round 229 global test acc  66.6800
Round 230 global test acc  66.5500
Round 231 global test acc  66.0900
Round 232 global test acc  58.0200
Round 233 global test acc  67.3500
Round 234 global test acc  64.2700
Round 235 global test acc  69.2300
Round 236 global test acc  62.1100
Round 237 global test acc  70.1800
Round 238 global test acc  67.9700
Round 239 global test acc  58.2800
Round 240 global test acc  64.4300
Round 241 global test acc  66.8500
Round 242 global test acc  68.5900
Round 243 global test acc  47.1100
Round 244 global test acc  50.6600
Round 245 global test acc  58.8500
Round 246 global test acc  67.1900
Round 247 global test acc  67.9800
Round 248 global test acc  64.2900
Round 249 global test acc  61.4500
Round 250 global test acc  56.2000
Round 251 global test acc  63.7600
Round 252 global test acc  65.9200
Round 253 global test acc  65.9400
Round 254 global test acc  58.3800
Round 255 global test acc  64.6500
Round 256 global test acc  55.7800
Round 257 global test acc  62.4600
Round 258 global test acc  56.5000
Round 259 global test acc  59.2600
Round 260 global test acc  63.2000
Round 261 global test acc  56.6200
Round 262 global test acc  56.2100
Round 263 global test acc  61.2200
Round 264 global test acc  68.1800
Round 265 global test acc  66.7600
Round 266 global test acc  66.3700
Round 267 global test acc  61.5400
Round 268 global test acc  66.8700
Round 269 global test acc  67.0700
Round 270 global test acc  69.1600
Round 271 global test acc  63.5500
Round 272 global test acc  65.6100
Round 273 global test acc  63.9800
Round 274 global test acc  64.3700
Round 275 global test acc  61.7100
Round 276 global test acc  67.6600
Round 277 global test acc  61.4800
Round 278 global test acc  62.4400
Round 279 global test acc  68.8000
Round 280 global test acc  64.9600
Round 281 global test acc  66.2200
Round 282 global test acc  56.8800
Round 283 global test acc  66.4100
Round 284 global test acc  59.3700
Round 285 global test acc  57.5100
Round 286 global test acc  63.2500
Round 287 global test acc  56.0400
Round 288 global test acc  63.4200
Round 289 global test acc  64.6100
Round 290 global test acc  64.6200
Round 291 global test acc  61.8900
Round 292 global test acc  62.6800
Round 293 global test acc  65.3000
Round 294 global test acc  68.0900
Round 295 global test acc  56.4800
Round 296 global test acc  67.1300
Round 297 global test acc  49.6100
Round 298 global test acc  61.8200
Round 299 global test acc  59.5600
Round 300 global test acc  54.5000
Round 301 global test acc  62.0200
Round 302 global test acc  64.0800
Round 303 global test acc  63.1900
Round 304 global test acc  67.1900
Round 305 global test acc  50.0500
Round 306 global test acc  65.4400
Round 307 global test acc  64.5100
Round 308 global test acc  66.4000
Round 309 global test acc  62.8900
Round 310 global test acc  59.3200
Round 311 global test acc  66.9400
Round 312 global test acc  64.0400
Round 313 global test acc  63.8600
Round 314 global test acc  60.8600
Round 315 global test acc  60.0900
Round 316 global test acc  65.2600
Round 317 global test acc  67.4600
Round 318 global test acc  61.3600
Round 319 global test acc  61.2800
Round 320 global test acc  64.4000
Round 321 global test acc  52.2100
Round 322 global test acc  63.8700
Round 323 global test acc  55.9900
Round 324 global test acc  53.9200
Round 325 global test acc  66.3700
Round 326 global test acc  64.2700
Round 327 global test acc  65.8800
Round 328 global test acc  66.6200
Round 329 global test acc  56.8000
Round 330 global test acc  61.9600
Round 331 global test acc  60.4400
Round 332 global test acc  66.6000
Round 333 global test acc  63.4000
Round 334 global test acc  58.4400
Round 335 global test acc  63.1400
Round 336 global test acc  46.4800
Round 337 global test acc  62.0600
Round 338 global test acc  65.8200
Round 339 global test acc  64.0800
Round 340 global test acc  62.1000
Round 341 global test acc  65.6300
Round 342 global test acc  61.7200
Round 343 global test acc  63.1400
Round 344 global test acc  56.6800
Round 345 global test acc  63.2800
Round 346 global test acc  63.2300
Round 347 global test acc  59.4900
Round 348 global test acc  61.3300
Round 349 global test acc  61.5800
Round 350 global test acc  59.9400
Round 351 global test acc  54.0500
Round 352 global test acc  68.0500
Round 353 global test acc  67.7800
Round 354 global test acc  68.4600
Round 355 global test acc  53.6800
Round 356 global test acc  63.2300
Round 357 global test acc  65.4000
Round 358 global test acc  67.6200
Round 359 global test acc  61.4100
Round 360 global test acc  66.0500
Round 361 global test acc  55.9100
Round 362 global test acc  65.6200
Round 363 global test acc  65.5700
Round 364 global test acc  67.5500
Round 365 global test acc  66.3900
Round 366 global test acc  62.0400
Round 367 global test acc  63.7900
Round 368 global test acc  68.2700
Round 369 global test acc  65.8400
Round 370 global test acc  65.9300
Round 371 global test acc  60.9500
Round 372 global test acc  64.3900
Round 373 global test acc  64.4100
Round 374 global test acc  62.2700
Round 375 global test acc  62.5300
Round 376 global test acc  65.0200
Round 377 global test acc  60.6100
Round 378 global test acc  64.4800
Round 379 global test acc  59.4100
Round 380 global test acc  65.9000
Round 381 global test acc  70.8600
Round 382 global test acc  63.1400
Round 383 global test acc  68.4900
Round 384 global test acc  66.4500
Round 385 global test acc  67.3800
Round 386 global test acc  66.4800
Round 387 global test acc  60.0400
Round 388 global test acc  61.0300
Round 389 global test acc  60.7400
Round 390 global test acc  62.7900
Round 391 global test acc  63.5900
Round 392 global test acc  56.2500
Round 393 global test acc  56.5300
Round 394 global test acc  55.6000
Round 395 global test acc  64.1900
Round 396 global test acc  65.4600
Round 397 global test acc  57.5500
Round 398 global test acc  62.6100
Round 399 global test acc  59.3400
Round 400 global test acc  69.0100
Round 401 global test acc  64.2300
Round 402 global test acc  62.1800
Round 403 global test acc  63.5900
Round 404 global test acc  58.5000
Round 405 global test acc  64.6100
Round 406 global test acc  60.5800
Round 407 global test acc  63.1800
Round 408 global test acc  60.7800
Round 409 global test acc  67.0100
Round 410 global test acc  68.0500
Round 411 global test acc  68.9200
Round 412 global test acc  61.5300
Round 413 global test acc  66.4200
Round 414 global test acc  66.1200
Round 415 global test acc  65.1400
Round 416 global test acc  70.0300
Round 417 global test acc  66.0800
Round 418 global test acc  67.9100
Round 419 global test acc  66.2800
Round 420 global test acc  68.3600
Round 421 global test acc  67.6600
Round 422 global test acc  65.4000
Round 423 global test acc  63.8700
Round 424 global test acc  63.9100
Round 425 global test acc  67.6600
Round 426 global test acc  64.4600
Round 427 global test acc  58.0700
Round 428 global test acc  59.7800
Round 429 global test acc  62.5100
Round 430 global test acc  61.0500
Round 431 global test acc  62.3600
Round 432 global test acc  59.6000
Round 433 global test acc  65.5100
Round 434 global test acc  68.3300
Round 435 global test acc  66.5400
Round 436 global test acc  65.9000
Round 437 global test acc  60.5300
Round 438 global test acc  64.7200
Round 439 global test acc  62.9400
Round 440 global test acc  63.4800
Round 441 global test acc  61.6600
Round 442 global test acc  67.4000
Round 443 global test acc  62.2700
Round 444 global test acc  59.4300
Round 445 global test acc  66.7800
Round 446 global test acc  63.7000
Round 447 global test acc  62.5800
Round 448 global test acc  64.1300
Round 449 global test acc  67.9300
time : 35092.60282373428
('algorithm', 'LocalCORES')
('gpu', 1)
('seed', 13)
('save_dir', './record/')
('rounds2', 450)
('local_ep', 5)
('frac2', 0.1)
('num_users', 100)
('local_bs', 32)
('lr', 0.01)
('model', 'resnet18')
('num_classes', 10)
('level_n_system', 0.5)
('level_n_lowerb', 0.3)
('alpha_dirichlet', 10)
('non_iid_prob_class', 0.7)
('dataset', 'cifar10')
('iid', True)
('LID_k', 20)
('iteration1', 5)
('rounds1', 200)
('frac1', 0.01)
('pretrained', False)
('mixup', False)
('alpha', 1)
('beta', 5)
('relabel_ratio', 0.5)
('confidence_thres', 0.5)
('clean_set_thres', 0.1)
('fine_tuning', True)
('correction', True)
('T_pl', 100)
('lambda_cen', 1.0)
('lambda_e', 0.8)
('num_gradual', 10)
('forget_rate', 0.2)
('lr_decay', 0.1)
('schedule', [])
('momentum', 0.5)
('weight_decay', 0.0001)
('feature_dim', 128)
('plr', 0.01)
('lamda', 15)
('K', 5)
('gamma', 1)
('begin_sel', 10)
('max_beta', 2.0)
('mu', 0.01)
('device', device(type='cuda', index=1))
Files already downloaded and verified
Files already downloaded and verified
Client 0, noise level: 0.7877 (0.7089), real noise ratio: 0.6940
Client 2, noise level: 0.4944 (0.4450), real noise ratio: 0.4720
Client 3, noise level: 0.4635 (0.4172), real noise ratio: 0.4160
Client 4, noise level: 0.8920 (0.8028), real noise ratio: 0.7960
Client 6, noise level: 0.7822 (0.7040), real noise ratio: 0.6820
Client 7, noise level: 0.4074 (0.3667), real noise ratio: 0.4020
Client 8, noise level: 0.4425 (0.3983), real noise ratio: 0.3600
Client 9, noise level: 0.3473 (0.3126), real noise ratio: 0.2960
Client 13, noise level: 0.4574 (0.4116), real noise ratio: 0.3720
Client 15, noise level: 0.3237 (0.2913), real noise ratio: 0.2720
Client 20, noise level: 0.7283 (0.6555), real noise ratio: 0.6560
Client 23, noise level: 0.5618 (0.5056), real noise ratio: 0.5480
Client 26, noise level: 0.8716 (0.7844), real noise ratio: 0.7820
Client 27, noise level: 0.3558 (0.3202), real noise ratio: 0.3060
Client 29, noise level: 0.8867 (0.7980), real noise ratio: 0.8060
Client 30, noise level: 0.6949 (0.6254), real noise ratio: 0.6440
Client 32, noise level: 0.4015 (0.3614), real noise ratio: 0.4080
Client 33, noise level: 0.3690 (0.3321), real noise ratio: 0.3400
Client 35, noise level: 0.7970 (0.7173), real noise ratio: 0.7260
Client 38, noise level: 0.5606 (0.5045), real noise ratio: 0.5060
Client 41, noise level: 0.7353 (0.6618), real noise ratio: 0.6460
Client 42, noise level: 0.8045 (0.7240), real noise ratio: 0.7060
Client 47, noise level: 0.4586 (0.4127), real noise ratio: 0.3980
Client 48, noise level: 0.5133 (0.4620), real noise ratio: 0.4560
Client 50, noise level: 0.7860 (0.7074), real noise ratio: 0.7280
Client 51, noise level: 0.3370 (0.3033), real noise ratio: 0.2800
Client 56, noise level: 0.5591 (0.5031), real noise ratio: 0.4940
Client 57, noise level: 0.6532 (0.5879), real noise ratio: 0.5500
Client 59, noise level: 0.3915 (0.3523), real noise ratio: 0.3560
Client 60, noise level: 0.8911 (0.8020), real noise ratio: 0.7840
Client 62, noise level: 0.4187 (0.3768), real noise ratio: 0.3960
Client 67, noise level: 0.3696 (0.3326), real noise ratio: 0.3220
Client 68, noise level: 0.9393 (0.8454), real noise ratio: 0.8680
Client 69, noise level: 0.7046 (0.6341), real noise ratio: 0.6300
Client 72, noise level: 0.3069 (0.2762), real noise ratio: 0.2520
Client 75, noise level: 0.7848 (0.7064), real noise ratio: 0.7180
Client 78, noise level: 0.3984 (0.3586), real noise ratio: 0.3640
Client 79, noise level: 0.7685 (0.6916), real noise ratio: 0.6640
Client 80, noise level: 0.5127 (0.4614), real noise ratio: 0.4980
Client 83, noise level: 0.4420 (0.3978), real noise ratio: 0.4200
Client 88, noise level: 0.4144 (0.3729), real noise ratio: 0.3920
Client 90, noise level: 0.4952 (0.4457), real noise ratio: 0.4320
Client 91, noise level: 0.4432 (0.3989), real noise ratio: 0.4300
Client 94, noise level: 0.3650 (0.3285), real noise ratio: 0.2880
Client 98, noise level: 0.5071 (0.4564), real noise ratio: 0.4640
Client 99, noise level: 0.4163 (0.3747), real noise ratio: 0.4080
Round 0 global test acc  16.5000
Round 1 global test acc  30.6500
Round 2 global test acc  38.1000
Round 3 global test acc  41.8100
Round 4 global test acc  43.7000
Round 5 global test acc  46.6300
Round 6 global test acc  46.3600
Round 7 global test acc  49.9800
Round 8 global test acc  51.2400
Round 9 global test acc  50.8600
Round 10 global test acc  52.4100
Round 11 global test acc  39.7200
Round 12 global test acc  40.7500
Round 13 global test acc  39.5800
Round 14 global test acc  33.9900
Round 15 global test acc  39.4300
Round 16 global test acc  44.6700
Round 17 global test acc  40.1800
Round 18 global test acc  42.4900
Round 19 global test acc  33.6000
Round 20 global test acc  40.6300
Round 21 global test acc  50.0000
Round 22 global test acc  37.4100
Round 23 global test acc  48.0900
Round 24 global test acc  42.5700
Round 25 global test acc  45.8500
Round 26 global test acc  48.3800
Round 27 global test acc  45.8100
Round 28 global test acc  49.4300
Round 29 global test acc  30.6400
Round 30 global test acc  36.4400
Round 31 global test acc  52.4100
Round 32 global test acc  47.2000
Round 33 global test acc  47.3500
Round 34 global test acc  45.3200
Round 35 global test acc  52.8900
Round 36 global test acc  56.3200
Round 37 global test acc  52.5700
Round 38 global test acc  50.5200
Round 39 global test acc  53.7800
Round 40 global test acc  53.2800
Round 41 global test acc  58.3500
Round 42 global test acc  54.5400
Round 43 global test acc  48.8400
Round 44 global test acc  53.3500
Round 45 global test acc  54.9200
Round 46 global test acc  57.1200
Round 47 global test acc  51.8200
Round 48 global test acc  41.8700
Round 49 global test acc  51.5900
Round 50 global test acc  54.3600
Round 51 global test acc  57.7700
Round 52 global test acc  56.8100
Round 53 global test acc  54.5100
Round 54 global test acc  54.8100
Round 55 global test acc  53.3400
Round 56 global test acc  52.2000
Round 57 global test acc  56.3000
Round 58 global test acc  50.4200
Round 59 global test acc  56.0400
Round 60 global test acc  54.9300
Round 61 global test acc  53.2300
Round 62 global test acc  58.4900
Round 63 global test acc  54.9500
Round 64 global test acc  56.3300
Round 65 global test acc  55.3100
Round 66 global test acc  57.8400
Round 67 global test acc  55.7800
Round 68 global test acc  51.5700
Round 69 global test acc  57.9900
Round 70 global test acc  53.0400
Round 71 global test acc  41.5400
Round 72 global test acc  55.0100
Round 73 global test acc  55.4800
Round 74 global test acc  53.4300
Round 75 global test acc  59.7400
Round 76 global test acc  42.7400
Round 77 global test acc  62.5700
Round 78 global test acc  59.5700
Round 79 global test acc  58.8400
Round 80 global test acc  59.3200
Round 81 global test acc  56.5500
Round 82 global test acc  47.3800
Round 83 global test acc  58.5200
Round 84 global test acc  34.2600
Round 85 global test acc  56.9100
Round 86 global test acc  60.1900
Round 87 global test acc  60.0400
Round 88 global test acc  57.4200
Round 89 global test acc  52.4300
Round 90 global test acc  50.3000
Round 91 global test acc  56.7400
Round 92 global test acc  58.4400
Round 93 global test acc  54.2600
Round 94 global test acc  51.4400
Round 95 global test acc  48.1600
Round 96 global test acc  48.7400
Round 97 global test acc  62.9200
Round 98 global test acc  59.1800
Round 99 global test acc  51.4100
Round 100 global test acc  57.7300
Round 101 global test acc  46.2100
Round 102 global test acc  57.4900
Round 103 global test acc  60.4900
Round 104 global test acc  62.3000
Round 105 global test acc  60.4700
Round 106 global test acc  62.6200
Round 107 global test acc  57.3600
Round 108 global test acc  64.2700
Round 109 global test acc  55.6800
Round 110 global test acc  61.0500
Round 111 global test acc  64.4100
Round 112 global test acc  64.1100
Round 113 global test acc  57.8600
Round 114 global test acc  57.8700
Round 115 global test acc  60.7500
Round 116 global test acc  59.8400
Round 117 global test acc  55.1300
Round 118 global test acc  58.4800
Round 119 global test acc  61.1000
Round 120 global test acc  60.2200
Round 121 global test acc  50.4400
Round 122 global test acc  58.9000
Round 123 global test acc  59.2500
Round 124 global test acc  64.7600
Round 125 global test acc  59.3700
Round 126 global test acc  60.9800
Round 127 global test acc  64.5400
Round 128 global test acc  60.7100
Round 129 global test acc  62.2800
Round 130 global test acc  66.0400
Round 131 global test acc  62.2600
Round 132 global test acc  60.7000
Round 133 global test acc  59.4800
Round 134 global test acc  57.6700
Round 135 global test acc  63.2100
Round 136 global test acc  61.9300
Round 137 global test acc  64.5100
Round 138 global test acc  56.6400
Round 139 global test acc  58.2300
Round 140 global test acc  60.6400
Round 141 global test acc  54.7800
Round 142 global test acc  65.9000
Round 143 global test acc  62.8300
Round 144 global test acc  59.5800
Round 145 global test acc  61.1500
Round 146 global test acc  62.8700
Round 147 global test acc  56.3700
Round 148 global test acc  55.5400
Round 149 global test acc  58.7400
Round 150 global test acc  63.4900
Round 151 global test acc  58.0600
Round 152 global test acc  65.8500
Round 153 global test acc  58.9700
Round 154 global test acc  61.3800
Round 155 global test acc  63.0600
Round 156 global test acc  63.0900
Round 157 global test acc  60.6300
Round 158 global test acc  62.1600
Round 159 global test acc  63.4800
Round 160 global test acc  60.3300
Round 161 global test acc  59.6200
Round 162 global test acc  60.4200
Round 163 global test acc  63.2700
Round 164 global test acc  57.4600
Round 165 global test acc  60.3700
Round 166 global test acc  58.7100
Round 167 global test acc  59.3500
Round 168 global test acc  58.0500
Round 169 global test acc  61.0400
Round 170 global test acc  57.0300
Round 171 global test acc  55.2300
Round 172 global test acc  49.2500
Round 173 global test acc  60.8600
Round 174 global test acc  59.3400
Round 175 global test acc  51.8600
Round 176 global test acc  63.6800
Round 177 global test acc  55.1900
Round 178 global test acc  54.9800
Round 179 global test acc  66.5900
Round 180 global test acc  63.1100
Round 181 global test acc  58.7500
Round 182 global test acc  61.8500
Round 183 global test acc  65.4500
Round 184 global test acc  68.4300
Round 185 global test acc  63.1300
Round 186 global test acc  66.5200
Round 187 global test acc  62.6200
Round 188 global test acc  61.1900
Round 189 global test acc  61.7300
Round 190 global test acc  57.8500
Round 191 global test acc  54.1600
Round 192 global test acc  66.0300
Round 193 global test acc  61.4200
Round 194 global test acc  63.4100
Round 195 global test acc  64.7200
Round 196 global test acc  67.4200
Round 197 global test acc  64.7400
Round 198 global test acc  65.6000
Round 199 global test acc  64.6700
Round 200 global test acc  62.7200
Round 201 global test acc  55.2400
Round 202 global test acc  62.4800
Round 203 global test acc  62.8400
Round 204 global test acc  64.4900
Round 205 global test acc  59.5500
Round 206 global test acc  66.6100
Round 207 global test acc  61.1100
Round 208 global test acc  65.5900
Round 209 global test acc  61.6600
Round 210 global test acc  63.7600
Round 211 global test acc  62.4100
Round 212 global test acc  66.3600
Round 213 global test acc  66.9600
Round 214 global test acc  62.4700
Round 215 global test acc  64.0700
Round 216 global test acc  64.6000
Round 217 global test acc  67.1900
Round 218 global test acc  68.7400
Round 219 global test acc  65.3400
Round 220 global test acc  61.7300
Round 221 global test acc  65.1100
Round 222 global test acc  64.8100
Round 223 global test acc  58.8200
Round 224 global test acc  55.7000
Round 225 global test acc  65.5700
Round 226 global test acc  65.2400
Round 227 global test acc  62.4600
Round 228 global test acc  61.8100
Round 229 global test acc  68.2500
Round 230 global test acc  65.3000
Round 231 global test acc  66.0500
Round 232 global test acc  57.9000
Round 233 global test acc  68.1500
Round 234 global test acc  66.0600
Round 235 global test acc  67.6300
Round 236 global test acc  62.2300
Round 237 global test acc  69.9300
Round 238 global test acc  67.4000
Round 239 global test acc  59.7100
Round 240 global test acc  64.1100
Round 241 global test acc  67.0700
Round 242 global test acc  69.8000
Round 243 global test acc  47.1200
Round 244 global test acc  53.6200
Round 245 global test acc  57.8300
Round 246 global test acc  65.5900
Round 247 global test acc  67.5100
Round 248 global test acc  65.2600
Round 249 global test acc  60.3200
Round 250 global test acc  57.8600
Round 251 global test acc  64.8500
Round 252 global test acc  66.4600
Round 253 global test acc  64.8400
Round 254 global test acc  58.9000
Round 255 global test acc  64.7300
Round 256 global test acc  53.4900
Round 257 global test acc  61.3800
Round 258 global test acc  56.9200
Round 259 global test acc  63.9300
Round 260 global test acc  63.4900
Round 261 global test acc  59.7100
Round 262 global test acc  57.5200
Round 263 global test acc  61.8500
Round 264 global test acc  67.3600
Round 265 global test acc  67.1700
Round 266 global test acc  67.5400
Round 267 global test acc  63.6400
Round 268 global test acc  67.4500
Round 269 global test acc  66.0600
Round 270 global test acc  68.8300
Round 271 global test acc  64.8800
Round 272 global test acc  64.6900
Round 273 global test acc  63.6400
Round 274 global test acc  62.3200
Round 275 global test acc  60.0200
Round 276 global test acc  68.3900
Round 277 global test acc  59.4100
Round 278 global test acc  62.7100
Round 279 global test acc  68.5400
Round 280 global test acc  65.2800
Round 281 global test acc  66.5800
Round 282 global test acc  58.7400
Round 283 global test acc  65.6500
Round 284 global test acc  61.5400
Round 285 global test acc  58.0000
Round 286 global test acc  62.8600
Round 287 global test acc  56.3700
Round 288 global test acc  64.6800
Round 289 global test acc  65.2300
Round 290 global test acc  65.1200
Round 291 global test acc  60.4300
Round 292 global test acc  61.5100
Round 293 global test acc  65.0500
Round 294 global test acc  67.4300
Round 295 global test acc  57.3800
Round 296 global test acc  66.2900
Round 297 global test acc  53.8500
Round 298 global test acc  61.5500
Round 299 global test acc  59.3100
Round 300 global test acc  56.8800
Round 301 global test acc  61.5000
Round 302 global test acc  64.0200
Round 303 global test acc  61.6500
Round 304 global test acc  67.3800
Round 305 global test acc  49.6600
Round 306 global test acc  65.2800
Round 307 global test acc  65.2900
Round 308 global test acc  65.4100
Round 309 global test acc  64.2600
Round 310 global test acc  59.3900
Round 311 global test acc  67.7300
Round 312 global test acc  62.6100
Round 313 global test acc  63.7100
Round 314 global test acc  62.1900
Round 315 global test acc  63.0400
Round 316 global test acc  67.8300
Round 317 global test acc  69.1400
Round 318 global test acc  57.5200
Round 319 global test acc  61.0000
Round 320 global test acc  65.6100
Round 321 global test acc  52.6900
Round 322 global test acc  64.2400
Round 323 global test acc  53.6300
Round 324 global test acc  54.3900
Round 325 global test acc  67.2600
Round 326 global test acc  64.1300
Round 327 global test acc  65.8600
Round 328 global test acc  66.4300
Round 329 global test acc  53.9000
Round 330 global test acc  62.0300
Round 331 global test acc  60.6300
Round 332 global test acc  66.5000
Round 333 global test acc  63.0800
Round 334 global test acc  61.0100
Round 335 global test acc  62.7700
Round 336 global test acc  47.0200
Round 337 global test acc  61.8900
Round 338 global test acc  66.2300
Round 339 global test acc  63.7400
Round 340 global test acc  61.5300
Round 341 global test acc  65.3900
Round 342 global test acc  60.0300
Round 343 global test acc  63.6900
Round 344 global test acc  55.4800
Round 345 global test acc  63.2000
Round 346 global test acc  63.5000
Round 347 global test acc  59.2300
Round 348 global test acc  62.3600
Round 349 global test acc  62.4200
Round 350 global test acc  58.9700
Round 351 global test acc  58.9500
Round 352 global test acc  67.3200
Round 353 global test acc  67.7300
Round 354 global test acc  69.0800
Round 355 global test acc  58.9300
Round 356 global test acc  59.4500
Round 357 global test acc  65.2400
Round 358 global test acc  68.3500
Round 359 global test acc  64.5100
Round 360 global test acc  66.1000
Round 361 global test acc  55.7500
Round 362 global test acc  65.1300
Round 363 global test acc  66.7400
Round 364 global test acc  66.8400
Round 365 global test acc  66.9600
Round 366 global test acc  62.9500
Round 367 global test acc  64.6600
Round 368 global test acc  67.4300
Round 369 global test acc  64.1200
Round 370 global test acc  66.3100
Round 371 global test acc  61.2800
Round 372 global test acc  64.0800
Round 373 global test acc  65.4300
Round 374 global test acc  64.1600
Round 375 global test acc  64.7000
Round 376 global test acc  67.4200
Round 377 global test acc  61.2300
Round 378 global test acc  64.6700
Round 379 global test acc  60.1700
Round 380 global test acc  64.3800
Round 381 global test acc  71.0600
Round 382 global test acc  61.9000
Round 383 global test acc  68.5300
Round 384 global test acc  67.9700
Round 385 global test acc  66.6500
Round 386 global test acc  67.7200
Round 387 global test acc  60.2600
Round 388 global test acc  61.2900
Round 389 global test acc  63.2800
Round 390 global test acc  61.7300
Round 391 global test acc  65.7700
Round 392 global test acc  58.2600
Round 393 global test acc  57.5900
Round 394 global test acc  57.1100
Round 395 global test acc  64.4000
Round 396 global test acc  66.1500
Round 397 global test acc  56.9100
Round 398 global test acc  62.1600
Round 399 global test acc  59.6700
Round 400 global test acc  68.4300
Round 401 global test acc  63.4000
Round 402 global test acc  63.8100
Round 403 global test acc  65.1300
Round 404 global test acc  58.5700
Round 405 global test acc  65.6400
Round 406 global test acc  62.9200
Round 407 global test acc  65.1300
Round 408 global test acc  61.3800
Round 409 global test acc  63.9000
Round 410 global test acc  68.8400
Round 411 global test acc  68.0500
Round 412 global test acc  60.9600
Round 413 global test acc  65.3900
Round 414 global test acc  65.6100
Round 415 global test acc  65.6500
Round 416 global test acc  70.4400
Round 417 global test acc  66.7100
Round 418 global test acc  67.7600
Round 419 global test acc  66.9900
Round 420 global test acc  69.3600
Round 421 global test acc  67.7600
Round 422 global test acc  64.8000
Round 423 global test acc  63.6000
Round 424 global test acc  64.0200
Round 425 global test acc  66.9600
Round 426 global test acc  62.2200
Round 427 global test acc  57.9800
Round 428 global test acc  56.6500
Round 429 global test acc  62.6300
Round 430 global test acc  58.6600
Round 431 global test acc  62.7700
Round 432 global test acc  57.5300
Round 433 global test acc  66.0000
Round 434 global test acc  67.1000
Round 435 global test acc  67.1900
Round 436 global test acc  66.4900
Round 437 global test acc  61.2900
Round 438 global test acc  64.3500
Round 439 global test acc  61.3000
Round 440 global test acc  63.8900
Round 441 global test acc  60.3500
Round 442 global test acc  67.9200
Round 443 global test acc  63.7300
Round 444 global test acc  60.8500
Round 445 global test acc  67.0600
Round 446 global test acc  66.0900
Round 447 global test acc  61.8300
Round 448 global test acc  60.7500
Round 449 global test acc  67.4700
time : 35382.57794570923
('algorithm', 'LocalCORES')
('gpu', 0)
('seed', 13)
('save_dir', './record/')
('rounds2', 450)
('local_ep', 5)
('frac2', 0.1)
('num_users', 100)
('local_bs', 32)
('lr', 0.01)
('model', 'resnet18')
('num_classes', 10)
('level_n_system', 0.5)
('level_n_lowerb', 0.3)
('alpha_dirichlet', 10)
('non_iid_prob_class', 0.7)
('dataset', 'cifar10')
('iid', True)
('LID_k', 20)
('iteration1', 5)
('rounds1', 200)
('frac1', 0.01)
('pretrained', False)
('mixup', False)
('alpha', 1)
('beta', 5)
('relabel_ratio', 0.5)
('confidence_thres', 0.5)
('clean_set_thres', 0.1)
('fine_tuning', True)
('correction', True)
('T_pl', 100)
('lambda_cen', 1.0)
('lambda_e', 0.8)
('num_gradual', 10)
('forget_rate', 0.2)
('lr_decay', 0.1)
('schedule', [])
('momentum', 0.5)
('weight_decay', 0.0001)
('feature_dim', 128)
('plr', 0.01)
('lamda', 15)
('K', 5)
('gamma', 1)
('begin_sel', 10)
('max_beta', 2)
('mu', 0.01)
('device', device(type='cuda', index=0))
Files already downloaded and verified
Files already downloaded and verified
Client 0, noise level: 0.7877 (0.7089), real noise ratio: 0.6940
Client 2, noise level: 0.4944 (0.4450), real noise ratio: 0.4720
Client 3, noise level: 0.4635 (0.4172), real noise ratio: 0.4160
Client 4, noise level: 0.8920 (0.8028), real noise ratio: 0.7960
Client 6, noise level: 0.7822 (0.7040), real noise ratio: 0.6820
Client 7, noise level: 0.4074 (0.3667), real noise ratio: 0.4020
Client 8, noise level: 0.4425 (0.3983), real noise ratio: 0.3600
Client 9, noise level: 0.3473 (0.3126), real noise ratio: 0.2960
Client 13, noise level: 0.4574 (0.4116), real noise ratio: 0.3720
Client 15, noise level: 0.3237 (0.2913), real noise ratio: 0.2720
Client 20, noise level: 0.7283 (0.6555), real noise ratio: 0.6560
Client 23, noise level: 0.5618 (0.5056), real noise ratio: 0.5480
Client 26, noise level: 0.8716 (0.7844), real noise ratio: 0.7820
Client 27, noise level: 0.3558 (0.3202), real noise ratio: 0.3060
Client 29, noise level: 0.8867 (0.7980), real noise ratio: 0.8060
Client 30, noise level: 0.6949 (0.6254), real noise ratio: 0.6440
Client 32, noise level: 0.4015 (0.3614), real noise ratio: 0.4080
Client 33, noise level: 0.3690 (0.3321), real noise ratio: 0.3400
Client 35, noise level: 0.7970 (0.7173), real noise ratio: 0.7260
Client 38, noise level: 0.5606 (0.5045), real noise ratio: 0.5060
Client 41, noise level: 0.7353 (0.6618), real noise ratio: 0.6460
Client 42, noise level: 0.8045 (0.7240), real noise ratio: 0.7060
Client 47, noise level: 0.4586 (0.4127), real noise ratio: 0.3980
Client 48, noise level: 0.5133 (0.4620), real noise ratio: 0.4560
Client 50, noise level: 0.7860 (0.7074), real noise ratio: 0.7280
Client 51, noise level: 0.3370 (0.3033), real noise ratio: 0.2800
Client 56, noise level: 0.5591 (0.5031), real noise ratio: 0.4940
Client 57, noise level: 0.6532 (0.5879), real noise ratio: 0.5500
Client 59, noise level: 0.3915 (0.3523), real noise ratio: 0.3560
Client 60, noise level: 0.8911 (0.8020), real noise ratio: 0.7840
Client 62, noise level: 0.4187 (0.3768), real noise ratio: 0.3960
Client 67, noise level: 0.3696 (0.3326), real noise ratio: 0.3220
Client 68, noise level: 0.9393 (0.8454), real noise ratio: 0.8680
Client 69, noise level: 0.7046 (0.6341), real noise ratio: 0.6300
Client 72, noise level: 0.3069 (0.2762), real noise ratio: 0.2520
Client 75, noise level: 0.7848 (0.7064), real noise ratio: 0.7180
Client 78, noise level: 0.3984 (0.3586), real noise ratio: 0.3640
Client 79, noise level: 0.7685 (0.6916), real noise ratio: 0.6640
Client 80, noise level: 0.5127 (0.4614), real noise ratio: 0.4980
Client 83, noise level: 0.4420 (0.3978), real noise ratio: 0.4200
Client 88, noise level: 0.4144 (0.3729), real noise ratio: 0.3920
Client 90, noise level: 0.4952 (0.4457), real noise ratio: 0.4320
Client 91, noise level: 0.4432 (0.3989), real noise ratio: 0.4300
Client 94, noise level: 0.3650 (0.3285), real noise ratio: 0.2880
Client 98, noise level: 0.5071 (0.4564), real noise ratio: 0.4640
Client 99, noise level: 0.4163 (0.3747), real noise ratio: 0.4080
Round 0 global test acc  16.3600
Round 1 global test acc  32.7500
Round 2 global test acc  36.4900
Round 3 global test acc  40.3700
Round 4 global test acc  43.8300
Round 5 global test acc  45.6800
Round 6 global test acc  46.0700
Round 7 global test acc  48.4300
Round 8 global test acc  50.7800
Round 9 global test acc  49.7900
Round 10 global test acc  51.9800
Round 11 global test acc  37.3600
Round 12 global test acc  38.8900
Round 13 global test acc  38.2700
Round 14 global test acc  30.6000
Round 15 global test acc  42.4800
Round 16 global test acc  44.6700
Round 17 global test acc  39.0500
Round 18 global test acc  42.5300
Round 19 global test acc  29.3100
Round 20 global test acc  39.4700
Round 21 global test acc  49.7500
Round 22 global test acc  45.2600
Round 23 global test acc  46.4100
Round 24 global test acc  43.7600
Round 25 global test acc  44.9100
Round 26 global test acc  49.4800
Round 27 global test acc  48.6800
Round 28 global test acc  48.4900
Round 29 global test acc  27.5000
Round 30 global test acc  34.2400
Round 31 global test acc  50.3400
Round 32 global test acc  45.6100
Round 33 global test acc  49.1600
Round 34 global test acc  45.1700
Round 35 global test acc  50.0400
Round 36 global test acc  54.4600
Round 37 global test acc  53.2900
Round 38 global test acc  50.5400
Round 39 global test acc  52.8000
Round 40 global test acc  54.7800
Round 41 global test acc  56.3500
Round 42 global test acc  52.3700
Round 43 global test acc  49.7400
Round 44 global test acc  53.0300
Round 45 global test acc  54.4500
Round 46 global test acc  55.8300
Round 47 global test acc  52.1800
Round 48 global test acc  45.5500
Round 49 global test acc  51.8200
Round 50 global test acc  53.8400
Round 51 global test acc  57.7400
Round 52 global test acc  56.9800
Round 53 global test acc  56.1400
Round 54 global test acc  51.2100
Round 55 global test acc  53.8200
Round 56 global test acc  50.6000
Round 57 global test acc  55.5400
Round 58 global test acc  49.9700
Round 59 global test acc  55.2200
Round 60 global test acc  54.6600
Round 61 global test acc  50.0900
Round 62 global test acc  56.0300
Round 63 global test acc  54.1300
Round 64 global test acc  54.7500
Round 65 global test acc  56.8700
Round 66 global test acc  60.2700
Round 67 global test acc  55.9300
Round 68 global test acc  51.9800
Round 69 global test acc  57.8000
Round 70 global test acc  54.0300
Round 71 global test acc  42.8400
Round 72 global test acc  54.9600
Round 73 global test acc  55.2600
Round 74 global test acc  55.3300
Round 75 global test acc  59.8200
Round 76 global test acc  43.1300
Round 77 global test acc  63.2800
Round 78 global test acc  59.9400
Round 79 global test acc  58.6900
Round 80 global test acc  57.1800
Round 81 global test acc  57.5400
Round 82 global test acc  46.8100
Round 83 global test acc  57.3900
Round 84 global test acc  32.3900
Round 85 global test acc  59.3100
Round 86 global test acc  60.2400
Round 87 global test acc  58.9400
Round 88 global test acc  56.5700
Round 89 global test acc  52.3400
Round 90 global test acc  51.5200
Round 91 global test acc  57.4700
Round 92 global test acc  57.1700
Round 93 global test acc  56.6500
Round 94 global test acc  51.8200
Round 95 global test acc  49.3100
Round 96 global test acc  50.2100
Round 97 global test acc  60.5800
Round 98 global test acc  61.9800
Round 99 global test acc  53.3200
Round 100 global test acc  55.3900
Round 101 global test acc  45.9100
Round 102 global test acc  56.6000
Round 103 global test acc  60.0300
Round 104 global test acc  61.7900
Round 105 global test acc  61.7300
Round 106 global test acc  62.2700
Round 107 global test acc  57.0100
Round 108 global test acc  63.9500
Round 109 global test acc  55.5300
Round 110 global test acc  61.0800
Round 111 global test acc  64.0200
Round 112 global test acc  63.0700
Round 113 global test acc  58.3300
Round 114 global test acc  59.3200
Round 115 global test acc  59.6000
Round 116 global test acc  58.5900
Round 117 global test acc  56.1100
Round 118 global test acc  57.0800
Round 119 global test acc  61.1300
Round 120 global test acc  62.3900
Round 121 global test acc  53.3800
Round 122 global test acc  58.5400
Round 123 global test acc  58.1500
Round 124 global test acc  64.4500
Round 125 global test acc  58.9900
Round 126 global test acc  60.5300
Round 127 global test acc  64.6700
Round 128 global test acc  60.9400
Round 129 global test acc  61.1300
Round 130 global test acc  64.9800
Round 131 global test acc  62.8500
Round 132 global test acc  60.8900
Round 133 global test acc  61.0300
Round 134 global test acc  57.9400
Round 135 global test acc  62.5400
Round 136 global test acc  61.9100
Round 137 global test acc  65.5600
Round 138 global test acc  59.0800
Round 139 global test acc  61.6500
Round 140 global test acc  61.6700
Round 141 global test acc  57.6500
Round 142 global test acc  64.5100
Round 143 global test acc  63.5500
Round 144 global test acc  60.6600
Round 145 global test acc  61.0400
Round 146 global test acc  61.4600
Round 147 global test acc  56.6700
Round 148 global test acc  56.1600
Round 149 global test acc  61.2400
Round 150 global test acc  64.7500
Round 151 global test acc  57.2800
Round 152 global test acc  65.3000
Round 153 global test acc  57.6400
Round 154 global test acc  61.4500
Round 155 global test acc  62.3800
Round 156 global test acc  64.4500
Round 157 global test acc  59.1300
Round 158 global test acc  62.5400
Round 159 global test acc  64.5200
Round 160 global test acc  62.3600
Round 161 global test acc  59.0400
Round 162 global test acc  57.4200
Round 163 global test acc  62.1900
Round 164 global test acc  58.2000
Round 165 global test acc  62.0400
Round 166 global test acc  57.7800
Round 167 global test acc  60.1200
Round 168 global test acc  57.5900
Round 169 global test acc  59.9100
Round 170 global test acc  55.7700
Round 171 global test acc  56.1200
Round 172 global test acc  47.8800
Round 173 global test acc  61.2600
Round 174 global test acc  57.4000
Round 175 global test acc  51.5900
Round 176 global test acc  63.9900
Round 177 global test acc  57.6300
Round 178 global test acc  52.9300
Round 179 global test acc  65.9400
Round 180 global test acc  63.5300
Round 181 global test acc  58.4900
Round 182 global test acc  63.3600
Round 183 global test acc  63.8300
Round 184 global test acc  66.0800
Round 185 global test acc  62.1800
Round 186 global test acc  65.6000
Round 187 global test acc  60.5900
Round 188 global test acc  59.7300
Round 189 global test acc  62.2700
Round 190 global test acc  58.3400
Round 191 global test acc  54.3100
Round 192 global test acc  65.8500
Round 193 global test acc  61.3300
Round 194 global test acc  64.2000
Round 195 global test acc  65.1500
Round 196 global test acc  68.8900
Round 197 global test acc  64.6500
Round 198 global test acc  64.7700
Round 199 global test acc  65.1000
Round 200 global test acc  60.1900
Round 201 global test acc  52.5800
Round 202 global test acc  63.0700
Round 203 global test acc  64.7300
Round 204 global test acc  65.2600
Round 205 global test acc  57.8900
Round 206 global test acc  64.1700
Round 207 global test acc  58.9600
Round 208 global test acc  66.0300
Round 209 global test acc  62.4400
Round 210 global test acc  64.5200
Round 211 global test acc  63.8400
Round 212 global test acc  65.5600
Round 213 global test acc  67.2700
Round 214 global test acc  57.2400
Round 215 global test acc  65.2300
Round 216 global test acc  64.3900
Round 217 global test acc  67.4100
Round 218 global test acc  69.0700
Round 219 global test acc  65.2300
Round 220 global test acc  60.1700
Round 221 global test acc  64.4400
Round 222 global test acc  65.1700
Round 223 global test acc  57.9300
Round 224 global test acc  55.4300
Round 225 global test acc  65.4000
Round 226 global test acc  66.3100
Round 227 global test acc  59.5900
Round 228 global test acc  62.5100
Round 229 global test acc  66.6800
Round 230 global test acc  66.5500
Round 231 global test acc  66.0900
Round 232 global test acc  58.0200
Round 233 global test acc  67.3500
Round 234 global test acc  64.2700
Round 235 global test acc  69.2300
Round 236 global test acc  62.1100
Round 237 global test acc  70.1800
Round 238 global test acc  67.9700
Round 239 global test acc  58.2800
Round 240 global test acc  64.4300
Round 241 global test acc  66.8500
Round 242 global test acc  68.5900
Round 243 global test acc  47.1100
Round 244 global test acc  50.6600
Round 245 global test acc  58.8500
Round 246 global test acc  67.1900
Round 247 global test acc  67.9800
Round 248 global test acc  64.2900
Round 249 global test acc  61.4500
Round 250 global test acc  56.2000
Round 251 global test acc  63.7600
Round 252 global test acc  65.9200
Round 253 global test acc  65.9400
Round 254 global test acc  58.3800
Round 255 global test acc  64.6500
Round 256 global test acc  55.7800
Round 257 global test acc  62.4600
Round 258 global test acc  56.5000
Round 259 global test acc  59.2600
Round 260 global test acc  63.2000
Round 261 global test acc  56.6200
Round 262 global test acc  56.2100
Round 263 global test acc  61.2200
Round 264 global test acc  68.1800
Round 265 global test acc  66.7600
Round 266 global test acc  66.3700
Round 267 global test acc  61.5400
Round 268 global test acc  66.8700
Round 269 global test acc  67.0700
Round 270 global test acc  69.1600
Round 271 global test acc  63.5500
Round 272 global test acc  65.6100
Round 273 global test acc  63.9800
Round 274 global test acc  64.3700
Round 275 global test acc  61.7100
Round 276 global test acc  67.6600
Round 277 global test acc  61.4800
Round 278 global test acc  62.4400
Round 279 global test acc  68.8000
Round 280 global test acc  64.9600
Round 281 global test acc  66.2200
Round 282 global test acc  56.8800
Round 283 global test acc  66.4100
Round 284 global test acc  59.3700
Round 285 global test acc  57.5100
Round 286 global test acc  63.2500
Round 287 global test acc  56.0400
Round 288 global test acc  63.4200
Round 289 global test acc  64.6100
Round 290 global test acc  64.6200
Round 291 global test acc  61.8900
Round 292 global test acc  62.6800
Round 293 global test acc  65.3000
Round 294 global test acc  68.0900
Round 295 global test acc  56.4800
Round 296 global test acc  67.1300
Round 297 global test acc  49.6100
Round 298 global test acc  61.8200
Round 299 global test acc  59.5600
Round 300 global test acc  54.5000
Round 301 global test acc  62.0200
Round 302 global test acc  64.0800
Round 303 global test acc  63.1900
Round 304 global test acc  67.1900
Round 305 global test acc  50.0500
Round 306 global test acc  65.4400
Round 307 global test acc  64.5100
Round 308 global test acc  66.4000
Round 309 global test acc  62.8900
Round 310 global test acc  59.3200
Round 311 global test acc  66.9400
Round 312 global test acc  64.0400
Round 313 global test acc  63.8600
Round 314 global test acc  60.8600
Round 315 global test acc  60.0900
Round 316 global test acc  65.2600
Round 317 global test acc  67.4600
Round 318 global test acc  61.3600
Round 319 global test acc  61.2800
Round 320 global test acc  64.4000
Round 321 global test acc  52.2100
Round 322 global test acc  63.8700
Round 323 global test acc  55.9900
Round 324 global test acc  53.9200
Round 325 global test acc  66.3700
Round 326 global test acc  64.2700
Round 327 global test acc  65.8800
Round 328 global test acc  66.6200
Round 329 global test acc  56.8000
Round 330 global test acc  61.9600
Round 331 global test acc  60.4400
Round 332 global test acc  66.6000
Round 333 global test acc  63.4000
Round 334 global test acc  58.4400
Round 335 global test acc  63.1400
Round 336 global test acc  46.4800
Round 337 global test acc  62.0600
Round 338 global test acc  65.8200
Round 339 global test acc  64.0800
Round 340 global test acc  62.1000
Round 341 global test acc  65.6300
Round 342 global test acc  61.7200
Round 343 global test acc  63.1400
Round 344 global test acc  56.6800
Round 345 global test acc  63.2800
Round 346 global test acc  63.2300
Round 347 global test acc  59.4900
Round 348 global test acc  61.3300
Round 349 global test acc  61.5800
Round 350 global test acc  59.9400
Round 351 global test acc  54.0500
Round 352 global test acc  68.0500
Round 353 global test acc  67.7800
Round 354 global test acc  68.4600
Round 355 global test acc  53.6800
Round 356 global test acc  63.2300
Round 357 global test acc  65.4000
Round 358 global test acc  67.6200
Round 359 global test acc  61.4100
Round 360 global test acc  66.0500
Round 361 global test acc  55.9100
Round 362 global test acc  65.6200
Round 363 global test acc  65.5700
Round 364 global test acc  67.5500
Round 365 global test acc  66.3900
Round 366 global test acc  62.0400
Round 367 global test acc  63.7900
Round 368 global test acc  68.2700
Round 369 global test acc  65.8400
Round 370 global test acc  65.9300
Round 371 global test acc  60.9500
Round 372 global test acc  64.3900
Round 373 global test acc  64.4100
Round 374 global test acc  62.2700
Round 375 global test acc  62.5300
Round 376 global test acc  65.0200
Round 377 global test acc  60.6100
Round 378 global test acc  64.4800
Round 379 global test acc  59.4100
Round 380 global test acc  65.9000
Round 381 global test acc  70.8600
Round 382 global test acc  63.1400
Round 383 global test acc  68.4900
Round 384 global test acc  66.4500
Round 385 global test acc  67.3800
Round 386 global test acc  66.4800
Round 387 global test acc  60.0400
Round 388 global test acc  61.0300
Round 389 global test acc  60.7400
Round 390 global test acc  62.7900
Round 391 global test acc  63.5900
Round 392 global test acc  56.2500
Round 393 global test acc  56.5300
Round 394 global test acc  55.6000
Round 395 global test acc  64.1900
Round 396 global test acc  65.4600
Round 397 global test acc  57.5500
Round 398 global test acc  62.6100
Round 399 global test acc  59.3400
Round 400 global test acc  69.0100
Round 401 global test acc  64.2300
Round 402 global test acc  62.1800
Round 403 global test acc  63.5900
Round 404 global test acc  58.5000
Round 405 global test acc  64.6100
Round 406 global test acc  60.5800
Round 407 global test acc  63.1800
Round 408 global test acc  60.7800
Round 409 global test acc  67.0100
Round 410 global test acc  68.0500
Round 411 global test acc  68.9200
Round 412 global test acc  61.5300
Round 413 global test acc  66.4200
Round 414 global test acc  66.1200
Round 415 global test acc  65.1400
Round 416 global test acc  70.0300
Round 417 global test acc  66.0800
Round 418 global test acc  67.9100
Round 419 global test acc  66.2800
Round 420 global test acc  68.3600
Round 421 global test acc  67.6600
Round 422 global test acc  65.4000
Round 423 global test acc  63.8700
Round 424 global test acc  63.9100
Round 425 global test acc  67.6600
Round 426 global test acc  64.4600
Round 427 global test acc  58.0700
Round 428 global test acc  59.7800
Round 429 global test acc  62.5100
Round 430 global test acc  61.0500
Round 431 global test acc  62.3600
Round 432 global test acc  59.6000
Round 433 global test acc  65.5100
Round 434 global test acc  68.3300
Round 435 global test acc  66.5400
Round 436 global test acc  65.9000
Round 437 global test acc  60.5300
Round 438 global test acc  64.7200
Round 439 global test acc  62.9400
Round 440 global test acc  63.4800
Round 441 global test acc  61.6600
Round 442 global test acc  67.4000
Round 443 global test acc  62.2700
Round 444 global test acc  59.4300
Round 445 global test acc  66.7800
Round 446 global test acc  63.7000
Round 447 global test acc  62.5800
Round 448 global test acc  64.1300
Round 449 global test acc  67.9300
time : 35008.24072575569
('algorithm', 'LocalCORES')
('gpu', 0)
('seed', 13)
('save_dir', './record/')
('rounds2', 450)
('local_ep', 5)
('frac2', 0.1)
('num_users', 100)
('local_bs', 32)
('lr', 0.01)
('model', 'resnet18')
('num_classes', 10)
('level_n_system', 0.5)
('level_n_lowerb', 0.3)
('alpha_dirichlet', 10)
('non_iid_prob_class', 0.7)
('dataset', 'cifar10')
('iid', True)
('LID_k', 20)
('iteration1', 5)
('rounds1', 200)
('frac1', 0.01)
('pretrained', False)
('mixup', False)
('alpha', 1)
('beta', 5)
('relabel_ratio', 0.5)
('confidence_thres', 0.5)
('clean_set_thres', 0.1)
('fine_tuning', True)
('correction', True)
('T_pl', 100)
('lambda_cen', 1.0)
('lambda_e', 0.8)
('num_gradual', 10)
('forget_rate', 0.2)
('lr_decay', 0.1)
('schedule', [])
('momentum', 0.5)
('weight_decay', 0.0001)
('feature_dim', 128)
('plr', 0.01)
('lamda', 15)
('K', 5)
('gamma', 1)
('begin_sel', 10)
('max_beta', 2.0)
('mu', 0.01)
('device', device(type='cuda', index=0))
Files already downloaded and verified
Files already downloaded and verified
Client 0, noise level: 0.7877 (0.7089), real noise ratio: 0.6940
Client 2, noise level: 0.4944 (0.4450), real noise ratio: 0.4720
Client 3, noise level: 0.4635 (0.4172), real noise ratio: 0.4160
Client 4, noise level: 0.8920 (0.8028), real noise ratio: 0.7960
Client 6, noise level: 0.7822 (0.7040), real noise ratio: 0.6820
Client 7, noise level: 0.4074 (0.3667), real noise ratio: 0.4020
Client 8, noise level: 0.4425 (0.3983), real noise ratio: 0.3600
Client 9, noise level: 0.3473 (0.3126), real noise ratio: 0.2960
Client 13, noise level: 0.4574 (0.4116), real noise ratio: 0.3720
Client 15, noise level: 0.3237 (0.2913), real noise ratio: 0.2720
Client 20, noise level: 0.7283 (0.6555), real noise ratio: 0.6560
Client 23, noise level: 0.5618 (0.5056), real noise ratio: 0.5480
Client 26, noise level: 0.8716 (0.7844), real noise ratio: 0.7820
Client 27, noise level: 0.3558 (0.3202), real noise ratio: 0.3060
Client 29, noise level: 0.8867 (0.7980), real noise ratio: 0.8060
Client 30, noise level: 0.6949 (0.6254), real noise ratio: 0.6440
Client 32, noise level: 0.4015 (0.3614), real noise ratio: 0.4080
Client 33, noise level: 0.3690 (0.3321), real noise ratio: 0.3400
Client 35, noise level: 0.7970 (0.7173), real noise ratio: 0.7260
Client 38, noise level: 0.5606 (0.5045), real noise ratio: 0.5060
Client 41, noise level: 0.7353 (0.6618), real noise ratio: 0.6460
Client 42, noise level: 0.8045 (0.7240), real noise ratio: 0.7060
Client 47, noise level: 0.4586 (0.4127), real noise ratio: 0.3980
Client 48, noise level: 0.5133 (0.4620), real noise ratio: 0.4560
Client 50, noise level: 0.7860 (0.7074), real noise ratio: 0.7280
Client 51, noise level: 0.3370 (0.3033), real noise ratio: 0.2800
Client 56, noise level: 0.5591 (0.5031), real noise ratio: 0.4940
Client 57, noise level: 0.6532 (0.5879), real noise ratio: 0.5500
Client 59, noise level: 0.3915 (0.3523), real noise ratio: 0.3560
Client 60, noise level: 0.8911 (0.8020), real noise ratio: 0.7840
Client 62, noise level: 0.4187 (0.3768), real noise ratio: 0.3960
Client 67, noise level: 0.3696 (0.3326), real noise ratio: 0.3220
Client 68, noise level: 0.9393 (0.8454), real noise ratio: 0.8680
Client 69, noise level: 0.7046 (0.6341), real noise ratio: 0.6300
Client 72, noise level: 0.3069 (0.2762), real noise ratio: 0.2520
Client 75, noise level: 0.7848 (0.7064), real noise ratio: 0.7180
Client 78, noise level: 0.3984 (0.3586), real noise ratio: 0.3640
Client 79, noise level: 0.7685 (0.6916), real noise ratio: 0.6640
Client 80, noise level: 0.5127 (0.4614), real noise ratio: 0.4980
Client 83, noise level: 0.4420 (0.3978), real noise ratio: 0.4200
Client 88, noise level: 0.4144 (0.3729), real noise ratio: 0.3920
Client 90, noise level: 0.4952 (0.4457), real noise ratio: 0.4320
Client 91, noise level: 0.4432 (0.3989), real noise ratio: 0.4300
Client 94, noise level: 0.3650 (0.3285), real noise ratio: 0.2880
Client 98, noise level: 0.5071 (0.4564), real noise ratio: 0.4640
Client 99, noise level: 0.4163 (0.3747), real noise ratio: 0.4080
Round 0 global test acc  19.5300
Round 1 global test acc  32.1800
Round 2 global test acc  37.7300
Round 3 global test acc  40.7700
Round 4 global test acc  42.9300
Round 5 global test acc  46.1700
Round 6 global test acc  45.7000
Round 7 global test acc  49.4100
Round 8 global test acc  49.5300
Round 9 global test acc  49.8600
Round 10 global test acc  51.8200
Round 11 global test acc  35.3200
Round 12 global test acc  32.9200
Round 13 global test acc  44.4000
Round 14 global test acc  38.5900
Round 15 global test acc  43.2600
Round 16 global test acc  44.4200
Round 17 global test acc  41.2700
Round 18 global test acc  41.1400
Round 19 global test acc  35.8800
Round 20 global test acc  40.9500
Round 21 global test acc  49.0800
Round 22 global test acc  42.9700
Round 23 global test acc  44.2700
Round 24 global test acc  44.2100
Round 25 global test acc  51.6700
Round 26 global test acc  45.1900
Round 27 global test acc  51.4100
Round 28 global test acc  47.6900
Round 29 global test acc  29.4900
Round 30 global test acc  34.2400
Round 31 global test acc  53.4200
Round 32 global test acc  35.7000
Round 33 global test acc  47.4700
Round 34 global test acc  41.2500
Round 35 global test acc  50.2000
Round 36 global test acc  55.6400
Round 37 global test acc  53.4000
Round 38 global test acc  52.1900
Round 39 global test acc  55.7000
Round 40 global test acc  51.5000
Round 41 global test acc  52.6000
Round 42 global test acc  51.5600
Round 43 global test acc  48.4000
Round 44 global test acc  54.4300
Round 45 global test acc  54.7200
Round 46 global test acc  53.8600
Round 47 global test acc  55.8700
Round 48 global test acc  47.7800
Round 49 global test acc  52.7700
Round 50 global test acc  54.7900
Round 51 global test acc  56.6600
Round 52 global test acc  56.9500
Round 53 global test acc  57.0700
Round 54 global test acc  55.6100
Round 55 global test acc  55.4600
Round 56 global test acc  54.9800
Round 57 global test acc  54.8700
Round 58 global test acc  51.1900
Round 59 global test acc  55.1600
Round 60 global test acc  54.8500
Round 61 global test acc  53.6500
Round 62 global test acc  54.5700
Round 63 global test acc  50.7800
Round 64 global test acc  58.2300
Round 65 global test acc  58.5100
Round 66 global test acc  57.1600
Round 67 global test acc  57.4200
Round 68 global test acc  46.4000
Round 69 global test acc  58.0000
Round 70 global test acc  53.7200
Round 71 global test acc  37.0800
Round 72 global test acc  54.9000
Round 73 global test acc  54.7500
Round 74 global test acc  58.3700
Round 75 global test acc  58.6600
Round 76 global test acc  39.9100
Round 77 global test acc  62.6300
Round 78 global test acc  60.8600
Round 79 global test acc  57.2200
Round 80 global test acc  56.9100
Round 81 global test acc  59.5500
Round 82 global test acc  49.6300
Round 83 global test acc  54.9200
Round 84 global test acc  38.6800
Round 85 global test acc  50.9500
Round 86 global test acc  60.8700
Round 87 global test acc  58.6800
Round 88 global test acc  61.2900
Round 89 global test acc  56.2600
Round 90 global test acc  49.0200
Round 91 global test acc  55.6000
Round 92 global test acc  59.7100
Round 93 global test acc  57.3700
Round 94 global test acc  51.7200
Round 95 global test acc  53.1300
Round 96 global test acc  55.4200
Round 97 global test acc  60.5900
Round 98 global test acc  57.5300
Round 99 global test acc  57.8200
Round 100 global test acc  56.2500
Round 101 global test acc  45.5700
Round 102 global test acc  61.3600
Round 103 global test acc  59.8500
Round 104 global test acc  63.3900
Round 105 global test acc  56.6800
Round 106 global test acc  63.1300
Round 107 global test acc  55.1200
Round 108 global test acc  62.5900
Round 109 global test acc  61.0900
Round 110 global test acc  62.4800
Round 111 global test acc  64.6900
Round 112 global test acc  66.0800
Round 113 global test acc  59.0600
Round 114 global test acc  59.0900
Round 115 global test acc  60.1000
Round 116 global test acc  56.8700
Round 117 global test acc  56.9100
Round 118 global test acc  60.3800
Round 119 global test acc  60.1400
Round 120 global test acc  59.8800
Round 121 global test acc  54.2100
Round 122 global test acc  62.5000
Round 123 global test acc  60.6300
Round 124 global test acc  61.4100
Round 125 global test acc  58.1000
Round 126 global test acc  59.0900
Round 127 global test acc  62.6300
Round 128 global test acc  63.3100
Round 129 global test acc  63.2300
Round 130 global test acc  64.3200
Round 131 global test acc  60.8500
Round 132 global test acc  63.5100
Round 133 global test acc  57.2500
Round 134 global test acc  62.1800
Round 135 global test acc  61.9200
Round 136 global test acc  61.7700
Round 137 global test acc  62.9500
Round 138 global test acc  52.5000
Round 139 global test acc  66.1000
Round 140 global test acc  63.8700
Round 141 global test acc  55.6200
Round 142 global test acc  67.3300
Round 143 global test acc  61.6500
Round 144 global test acc  60.6300
Round 145 global test acc  63.4800
Round 146 global test acc  59.4200
Round 147 global test acc  65.1800
Round 148 global test acc  58.3400
Round 149 global test acc  63.6800
Round 150 global test acc  62.5100
Round 151 global test acc  59.5800
Round 152 global test acc  67.7100
Round 153 global test acc  53.5000
Round 154 global test acc  59.8100
Round 155 global test acc  64.4000
Round 156 global test acc  61.0400
Round 157 global test acc  62.5000
Round 158 global test acc  63.2800
Round 159 global test acc  66.4200
Round 160 global test acc  58.6600
Round 161 global test acc  57.1800
Round 162 global test acc  58.3100
Round 163 global test acc  62.0100
Round 164 global test acc  56.0100
Round 165 global test acc  64.1800
Round 166 global test acc  58.7400
Round 167 global test acc  60.8200
Round 168 global test acc  60.0800
Round 169 global test acc  63.0000
Round 170 global test acc  54.9500
Round 171 global test acc  60.1400
Round 172 global test acc  58.4600
Round 173 global test acc  60.2300
Round 174 global test acc  59.8700
Round 175 global test acc  59.8800
Round 176 global test acc  63.4900
Round 177 global test acc  60.5700
Round 178 global test acc  51.7700
Round 179 global test acc  67.8200
Round 180 global test acc  62.3100
Round 181 global test acc  52.1500
Round 182 global test acc  61.9300
Round 183 global test acc  64.2900
Round 184 global test acc  64.0000
Round 185 global test acc  62.7500
Round 186 global test acc  66.4900
Round 187 global test acc  62.8400
Round 188 global test acc  58.3000
Round 189 global test acc  61.5800
Round 190 global test acc  60.5200
Round 191 global test acc  53.7900
Round 192 global test acc  65.9400
Round 193 global test acc  61.4200
Round 194 global test acc  66.2700
Round 195 global test acc  65.0300
Round 196 global test acc  67.2500
Round 197 global test acc  65.3000
Round 198 global test acc  67.9700
Round 199 global test acc  64.4800
Round 200 global test acc  60.4600
Round 201 global test acc  53.9000
Round 202 global test acc  58.9700
Round 203 global test acc  63.2300
Round 204 global test acc  64.8100
Round 205 global test acc  56.6600
Round 206 global test acc  67.7100
Round 207 global test acc  65.6300
Round 208 global test acc  66.5400
Round 209 global test acc  65.0200
Round 210 global test acc  62.4900
Round 211 global test acc  65.3600
Round 212 global test acc  65.0400
Round 213 global test acc  68.0000
Round 214 global test acc  56.1800
Round 215 global test acc  65.3700
Round 216 global test acc  62.4600
Round 217 global test acc  67.2200
Round 218 global test acc  64.3200
Round 219 global test acc  67.7800
Round 220 global test acc  61.8800
Round 221 global test acc  64.1400
Round 222 global test acc  63.4900
Round 223 global test acc  59.1900
Round 224 global test acc  59.3300
Round 225 global test acc  65.4100
Round 226 global test acc  61.6600
Round 227 global test acc  59.0800
Round 228 global test acc  63.3100
Round 229 global test acc  69.9900
Round 230 global test acc  67.6200
Round 231 global test acc  64.5400
Round 232 global test acc  62.0600
Round 233 global test acc  65.2600
Round 234 global test acc  65.9600
Round 235 global test acc  66.5100
Round 236 global test acc  61.8700
Round 237 global test acc  66.0200
Round 238 global test acc  65.1000
Round 239 global test acc  61.7800
Round 240 global test acc  63.0200
Round 241 global test acc  67.4600
Round 242 global test acc  69.1100
Round 243 global test acc  53.3500
Round 244 global test acc  49.8100
Round 245 global test acc  62.0300
Round 246 global test acc  66.0700
Round 247 global test acc  66.3700
Round 248 global test acc  66.4200
Round 249 global test acc  62.5600
Round 250 global test acc  60.3500
Round 251 global test acc  63.6700
Round 252 global test acc  68.0500
Round 253 global test acc  64.4300
Round 254 global test acc  62.1800
Round 255 global test acc  68.4600
Round 256 global test acc  57.3000
Round 257 global test acc  61.1300
Round 258 global test acc  57.2900
Round 259 global test acc  61.5300
Round 260 global test acc  62.9000
Round 261 global test acc  58.0700
Round 262 global test acc  60.1200
Round 263 global test acc  61.8300
Round 264 global test acc  67.6500
Round 265 global test acc  68.0700
Round 266 global test acc  65.1100
Round 267 global test acc  64.8900
Round 268 global test acc  68.7600
Round 269 global test acc  66.7800
Round 270 global test acc  68.7200
Round 271 global test acc  63.1200
Round 272 global test acc  65.1200
Round 273 global test acc  65.9900
Round 274 global test acc  64.8400
Round 275 global test acc  60.0500
Round 276 global test acc  66.6700
Round 277 global test acc  58.8600
Round 278 global test acc  61.0800
Round 279 global test acc  67.4300
Round 280 global test acc  65.1700
Round 281 global test acc  66.7500
Round 282 global test acc  61.4100
Round 283 global test acc  65.0700
Round 284 global test acc  62.0500
Round 285 global test acc  55.5300
Round 286 global test acc  63.3300
Round 287 global test acc  60.5000
Round 288 global test acc  64.1700
Round 289 global test acc  64.4800
Round 290 global test acc  64.4600
Round 291 global test acc  61.2300
Round 292 global test acc  63.3700
Round 293 global test acc  64.9800
Round 294 global test acc  68.3800
Round 295 global test acc  60.0200
Round 296 global test acc  65.0000
Round 297 global test acc  54.3100
Round 298 global test acc  65.3700
Round 299 global test acc  58.7900
Round 300 global test acc  56.9800
Round 301 global test acc  61.6400
Round 302 global test acc  67.0500
Round 303 global test acc  61.2100
Round 304 global test acc  68.1300
Round 305 global test acc  52.8000
Round 306 global test acc  69.3600
Round 307 global test acc  70.6200
Round 308 global test acc  68.3200
Round 309 global test acc  67.4500
Round 310 global test acc  61.5500
Round 311 global test acc  68.8600
Round 312 global test acc  61.9400
Round 313 global test acc  61.3700
Round 314 global test acc  60.9800
Round 315 global test acc  58.2900
Round 316 global test acc  68.3100
Round 317 global test acc  68.1900
Round 318 global test acc  56.7100
Round 319 global test acc  60.6700
Round 320 global test acc  64.4200
Round 321 global test acc  54.7900
Round 322 global test acc  64.4100
Round 323 global test acc  51.5100
Round 324 global test acc  57.2200
Round 325 global test acc  67.7300
Round 326 global test acc  63.3700
Round 327 global test acc  65.1900
Round 328 global test acc  66.3100
Round 329 global test acc  54.1500
Round 330 global test acc  65.0600
Round 331 global test acc  60.7400
Round 332 global test acc  64.7700
Round 333 global test acc  62.5300
Round 334 global test acc  61.9400
Round 335 global test acc  63.8300
Round 336 global test acc  49.3600
Round 337 global test acc  61.9000
Round 338 global test acc  66.1700
Round 339 global test acc  64.2800
Round 340 global test acc  60.7900
Round 341 global test acc  63.7700
Round 342 global test acc  59.4600
Round 343 global test acc  63.3800
Round 344 global test acc  61.3800
Round 345 global test acc  60.9200
Round 346 global test acc  64.4900
Round 347 global test acc  58.1900
Round 348 global test acc  61.2200
Round 349 global test acc  65.2700
Round 350 global test acc  60.7600
Round 351 global test acc  61.5500
Round 352 global test acc  67.6100
Round 353 global test acc  65.7300
Round 354 global test acc  70.1400
Round 355 global test acc  66.2600
Round 356 global test acc  64.6300
Round 357 global test acc  69.0200
Round 358 global test acc  63.2500
Round 359 global test acc  65.5700
Round 360 global test acc  65.3600
Round 361 global test acc  55.9000
Round 362 global test acc  65.1800
Round 363 global test acc  67.2800
Round 364 global test acc  65.4100
Round 365 global test acc  67.6300
Round 366 global test acc  64.0500
Round 367 global test acc  65.7100
Round 368 global test acc  70.4500
Round 369 global test acc  61.7500
Round 370 global test acc  65.2400
Round 371 global test acc  61.1000
Round 372 global test acc  64.5600
Round 373 global test acc  65.4200
Round 374 global test acc  62.4100
Round 375 global test acc  63.1900
Round 376 global test acc  65.1700
Round 377 global test acc  61.8300
Round 378 global test acc  61.6000
Round 379 global test acc  60.8200
Round 380 global test acc  62.8900
Round 381 global test acc  69.1100
Round 382 global test acc  62.9200
Round 383 global test acc  68.7300
Round 384 global test acc  68.4500
Round 385 global test acc  67.0100
Round 386 global test acc  64.5600
Round 387 global test acc  62.4200
Round 388 global test acc  60.0900
Round 389 global test acc  61.8300
Round 390 global test acc  60.1200
Round 391 global test acc  65.9900
Round 392 global test acc  55.9800
Round 393 global test acc  57.2700
Round 394 global test acc  59.3100
Round 395 global test acc  64.0500
Round 396 global test acc  66.7800
Round 397 global test acc  60.5500
Round 398 global test acc  63.8800
Round 399 global test acc  59.0400
Round 400 global test acc  68.6200
Round 401 global test acc  60.2500
Round 402 global test acc  64.1100
Round 403 global test acc  65.7900
Round 404 global test acc  60.9800
Round 405 global test acc  68.1200
Round 406 global test acc  61.9800
Round 407 global test acc  63.0800
Round 408 global test acc  63.6900
Round 409 global test acc  64.3500
Round 410 global test acc  68.3100
Round 411 global test acc  70.0000
Round 412 global test acc  60.8300
Round 413 global test acc  66.9800
Round 414 global test acc  65.6500
Round 415 global test acc  68.7600
Round 416 global test acc  69.3500
Round 417 global test acc  66.0300
Round 418 global test acc  69.0800
Round 419 global test acc  67.4300
Round 420 global test acc  68.3400
Round 421 global test acc  66.3500
Round 422 global test acc  64.6600
Round 423 global test acc  66.1100
Round 424 global test acc  65.7800
Round 425 global test acc  65.6100
Round 426 global test acc  61.2900
Round 427 global test acc  60.7000
Round 428 global test acc  52.4900
Round 429 global test acc  60.7500
Round 430 global test acc  61.5000
Round 431 global test acc  60.3000
Round 432 global test acc  53.5800
Round 433 global test acc  64.0200
Round 434 global test acc  68.3100
Round 435 global test acc  65.8900
Round 436 global test acc  61.4100
Round 437 global test acc  60.4800
Round 438 global test acc  63.2000
Round 439 global test acc  62.2000
Round 440 global test acc  60.9700
Round 441 global test acc  61.9700
Round 442 global test acc  65.7100
Round 443 global test acc  62.6800
Round 444 global test acc  60.1400
Round 445 global test acc  64.6700
Round 446 global test acc  63.1200
Round 447 global test acc  61.8600
Round 448 global test acc  63.6100
Round 449 global test acc  67.5200
time : 33737.13157606125
