('algorithm', 'GlobalCORES')
('gpu', 7)
('seed', 13)
('save_dir', './record/')
('rounds2', 450)
('local_ep', 5)
('frac2', 0.2)
('num_users', 50)
('local_bs', 32)
('lr', 0.01)
('model', 'resnet34')
('num_classes', 10)
('level_n_system', 0.0)
('level_n_lowerb', 0.0)
('alpha_dirichlet', 10)
('non_iid_prob_class', 0.7)
('dataset', 'cifar100')
('iid', True)
('LID_k', 20)
('iteration1', 5)
('rounds1', 200)
('frac1', 0.01)
('pretrained', False)
('mixup', False)
('alpha', 1)
('beta', 5)
('relabel_ratio', 0.5)
('confidence_thres', 0.5)
('clean_set_thres', 0.1)
('fine_tuning', True)
('correction', True)
('T_pl', 100)
('lambda_cen', 1.0)
('lambda_e', 0.8)
('num_gradual', 10)
('forget_rate', 0.2)
('lr_decay', 0.1)
('schedule', [])
('momentum', 0.5)
('weight_decay', 0.0001)
('feature_dim', 128)
('plr', 0.01)
('lamda', 15)
('K', 5)
('gamma', 1)
('begin_sel', 10)
('max_beta', 2.0)
('mu', 0.01)
('device', device(type='cuda', index=7))
Files already downloaded and verified
Files already downloaded and verified
Round 0 global test acc  1.0500
Round 1 global test acc  3.2400
Round 2 global test acc  9.7300
Round 3 global test acc  13.2200
Round 4 global test acc  14.5000
Round 5 global test acc  13.4900
Round 6 global test acc  15.4600
Round 7 global test acc  16.0000
Round 8 global test acc  16.4700
Round 9 global test acc  16.5900
Round 10 global test acc  18.9700
Round 11 global test acc  18.9200
Round 12 global test acc  20.1800
Round 13 global test acc  20.8100
Round 14 global test acc  22.1500
Round 15 global test acc  22.9700
Round 16 global test acc  23.9300
Round 17 global test acc  24.6400
Round 18 global test acc  26.2000
Round 19 global test acc  26.5400
Round 20 global test acc  27.7700
Round 21 global test acc  28.7700
Round 22 global test acc  29.2400
Round 23 global test acc  30.7200
Round 24 global test acc  31.1800
Round 25 global test acc  32.5000
Round 26 global test acc  33.5300
Round 27 global test acc  33.7600
Round 28 global test acc  34.7700
Round 29 global test acc  35.5700
Round 30 global test acc  36.7400
Round 31 global test acc  36.7500
Round 32 global test acc  37.7100
Round 33 global test acc  38.9500
Round 34 global test acc  38.4900
Round 35 global test acc  40.5700
Round 36 global test acc  40.2600
Round 37 global test acc  41.3700
Round 38 global test acc  42.0500
Round 39 global test acc  43.0500
Round 40 global test acc  43.5300
Round 41 global test acc  43.5000
Round 42 global test acc  43.8600
Round 43 global test acc  44.1000
Round 44 global test acc  45.8200
Round 45 global test acc  45.9600
Round 46 global test acc  46.3900
Round 47 global test acc  46.0200
Round 48 global test acc  48.0300
Round 49 global test acc  47.9900
Round 50 global test acc  48.3300
Round 51 global test acc  48.9000
Round 52 global test acc  48.3900
Round 53 global test acc  49.6900
Round 54 global test acc  49.5600
Round 55 global test acc  50.2100
Round 56 global test acc  50.3600
Round 57 global test acc  50.4200
Round 58 global test acc  50.5500
Round 59 global test acc  51.4200
Round 60 global test acc  52.4100
Round 61 global test acc  52.6500
Round 62 global test acc  52.5600
Round 63 global test acc  53.1800
Round 64 global test acc  53.6400
Round 65 global test acc  52.7500
Round 66 global test acc  53.7900
Round 67 global test acc  54.4500
Round 68 global test acc  54.5900
Round 69 global test acc  54.9300
Round 70 global test acc  55.2400
Round 71 global test acc  55.1000
Round 72 global test acc  55.1400
Round 73 global test acc  55.9900
Round 74 global test acc  56.2900
Round 75 global test acc  56.1500
Round 76 global test acc  56.5400
Round 77 global test acc  56.6400
Round 78 global test acc  57.0300
Round 79 global test acc  56.9300
Round 80 global test acc  57.1100
Round 81 global test acc  57.3400
Round 82 global test acc  57.9500
Round 83 global test acc  58.0300
Round 84 global test acc  58.0600
Round 85 global test acc  58.1700
Round 86 global test acc  58.2200
Round 87 global test acc  58.5200
Round 88 global test acc  58.5000
Round 89 global test acc  59.1300
Round 90 global test acc  59.1400
Round 91 global test acc  59.0400
Round 92 global test acc  59.4900
Round 93 global test acc  59.2800
Round 94 global test acc  60.2400
Round 95 global test acc  60.3100
Round 96 global test acc  60.5500
Round 97 global test acc  60.8100
Round 98 global test acc  60.5500
Round 99 global test acc  60.6300
Round 100 global test acc  60.0300
Round 101 global test acc  60.6000
Round 102 global test acc  60.8300
Round 103 global test acc  60.8100
Round 104 global test acc  60.8500
Round 105 global test acc  61.6600
Round 106 global test acc  61.6700
Round 107 global test acc  61.5000
Round 108 global test acc  61.4300
Round 109 global test acc  61.9200
Round 110 global test acc  62.1500
Round 111 global test acc  61.9500
Round 112 global test acc  62.0000
Round 113 global test acc  62.1600
Round 114 global test acc  62.2300
Round 115 global test acc  62.2700
Round 116 global test acc  62.7000
Round 117 global test acc  62.7100
Round 118 global test acc  62.3600
Round 119 global test acc  62.5900
Round 120 global test acc  63.1600
Round 121 global test acc  62.8300
Round 122 global test acc  62.8600
Round 123 global test acc  63.2600
Round 124 global test acc  63.0100
Round 125 global test acc  63.4000
Round 126 global test acc  63.3000
Round 127 global test acc  63.2800
Round 128 global test acc  63.8600
Round 129 global test acc  64.0800
Round 130 global test acc  64.0900
Round 131 global test acc  64.3900
Round 132 global test acc  64.1800
Round 133 global test acc  63.9200
Round 134 global test acc  64.3600
Round 135 global test acc  64.0500
Round 136 global test acc  64.1300
Round 137 global test acc  64.1500
Round 138 global test acc  64.6000
Round 139 global test acc  64.8200
Round 140 global test acc  64.7100
Round 141 global test acc  64.7200
Round 142 global test acc  65.0800
Round 143 global test acc  65.1600
Round 144 global test acc  65.1800
Round 145 global test acc  64.5300
Round 146 global test acc  64.7800
Round 147 global test acc  64.7900
Round 148 global test acc  64.9300
Round 149 global test acc  65.6000
Round 150 global test acc  65.2600
Round 151 global test acc  65.3900
Round 152 global test acc  65.0500
Round 153 global test acc  65.8200
Round 154 global test acc  65.6100
Round 155 global test acc  65.5600
Round 156 global test acc  65.1100
Round 157 global test acc  65.3900
Round 158 global test acc  65.7700
Round 159 global test acc  65.5300
Round 160 global test acc  66.3100
Round 161 global test acc  66.4500
Round 162 global test acc  65.6300
Round 163 global test acc  65.7100
Round 164 global test acc  66.1200
Round 165 global test acc  65.7800
Round 166 global test acc  65.7900
Round 167 global test acc  66.1000
Round 168 global test acc  66.2000
Round 169 global test acc  66.4600
Round 170 global test acc  66.3900
Round 171 global test acc  67.3400
Round 172 global test acc  66.6400
Round 173 global test acc  66.2700
Round 174 global test acc  66.5600
Round 175 global test acc  66.8300
Round 176 global test acc  66.4100
Round 177 global test acc  66.7600
Round 178 global test acc  66.8800
Round 179 global test acc  66.8200
Round 180 global test acc  67.0400
Round 181 global test acc  66.7000
Round 182 global test acc  66.8800
Round 183 global test acc  67.0500
Round 184 global test acc  67.1900
Round 185 global test acc  67.3400
Round 186 global test acc  67.1700
Round 187 global test acc  67.2400
Round 188 global test acc  67.2500
Round 189 global test acc  67.0100
Round 190 global test acc  66.9900
Round 191 global test acc  66.9800
Round 192 global test acc  67.1500
Round 193 global test acc  67.1200
Round 194 global test acc  66.6400
Round 195 global test acc  67.3400
Round 196 global test acc  67.4000
Round 197 global test acc  67.0700
Round 198 global test acc  67.2100
Round 199 global test acc  67.4500
Round 200 global test acc  67.5800
Round 201 global test acc  67.4300
Round 202 global test acc  67.7800
Round 203 global test acc  67.1000
Round 204 global test acc  67.3400
Round 205 global test acc  67.7400
Round 206 global test acc  67.7800
Round 207 global test acc  67.7100
Round 208 global test acc  67.6900
Round 209 global test acc  68.0900
Round 210 global test acc  67.9500
Round 211 global test acc  68.1000
Round 212 global test acc  68.0800
Round 213 global test acc  68.0400
Round 214 global test acc  68.0500
Round 215 global test acc  68.3400
Round 216 global test acc  67.4400
Round 217 global test acc  67.5300
Round 218 global test acc  68.1100
Round 219 global test acc  68.4200
Round 220 global test acc  67.8300
Round 221 global test acc  68.0500
Round 222 global test acc  67.9400
Round 223 global test acc  67.6800
Round 224 global test acc  67.9100
Round 225 global test acc  67.9700
Round 226 global test acc  68.2500
Round 227 global test acc  68.1000
Round 228 global test acc  68.2900
Round 229 global test acc  68.5600
Round 230 global test acc  68.5800
Round 231 global test acc  68.6900
Round 232 global test acc  68.4300
Round 233 global test acc  68.5300
Round 234 global test acc  68.4100
Round 235 global test acc  68.1800
Round 236 global test acc  68.7600
Round 237 global test acc  68.4900
Round 238 global test acc  68.4800
Round 239 global test acc  68.3100
Round 240 global test acc  68.5300
Round 241 global test acc  68.2400
Round 242 global test acc  68.5300
Round 243 global test acc  68.1900
Round 244 global test acc  68.4400
Round 245 global test acc  68.9500
Round 246 global test acc  68.5400
Round 247 global test acc  68.6900
Round 248 global test acc  68.7900
Round 249 global test acc  68.6000
Round 250 global test acc  68.6300
Round 251 global test acc  68.2300
Round 252 global test acc  68.2300
Round 253 global test acc  68.2100
Round 254 global test acc  68.6400
Round 255 global test acc  68.5000
Round 256 global test acc  68.4600
Round 257 global test acc  69.0100
Round 258 global test acc  68.5100
Round 259 global test acc  68.7400
Round 260 global test acc  68.8300
Round 261 global test acc  69.0500
Round 262 global test acc  68.8000
Round 263 global test acc  69.1800
Round 264 global test acc  68.8400
Round 265 global test acc  68.8600
Round 266 global test acc  69.0700
Round 267 global test acc  68.6700
Round 268 global test acc  68.9300
Round 269 global test acc  68.5900
Round 270 global test acc  68.9100
Round 271 global test acc  68.9900
Round 272 global test acc  68.6500
Round 273 global test acc  69.1400
Round 274 global test acc  69.0000
Round 275 global test acc  69.1200
Round 276 global test acc  69.4300
Round 277 global test acc  68.8800
Round 278 global test acc  68.9100
Round 279 global test acc  69.2000
Round 280 global test acc  68.8900
Round 281 global test acc  69.0500
Round 282 global test acc  69.2200
Round 283 global test acc  69.2000
Round 284 global test acc  69.1400
Round 285 global test acc  69.4500
Round 286 global test acc  69.2500
Round 287 global test acc  69.5100
Round 288 global test acc  69.3000
Round 289 global test acc  69.0900
Round 290 global test acc  69.3900
Round 291 global test acc  69.1800
Round 292 global test acc  69.5000
Round 293 global test acc  69.4400
Round 294 global test acc  69.4000
Round 295 global test acc  69.2700
Round 296 global test acc  69.6200
Round 297 global test acc  69.6800
Round 298 global test acc  69.1900
Round 299 global test acc  69.4400
Round 300 global test acc  69.2600
Round 301 global test acc  69.1900
Round 302 global test acc  69.7500
Round 303 global test acc  69.3300
Round 304 global test acc  69.0900
Round 305 global test acc  69.1100
Round 306 global test acc  69.1800
Round 307 global test acc  69.5600
Round 308 global test acc  69.3200
Round 309 global test acc  69.4100
Round 310 global test acc  69.7200
Round 311 global test acc  69.6000
Round 312 global test acc  69.4300
Round 313 global test acc  69.3900
Round 314 global test acc  69.4600
Round 315 global test acc  69.4300
Round 316 global test acc  69.3900
Round 317 global test acc  69.3000
Round 318 global test acc  69.8300
Round 319 global test acc  69.1400
Round 320 global test acc  69.3700
Round 321 global test acc  69.4600
Round 322 global test acc  69.4400
Round 323 global test acc  69.5500
Round 324 global test acc  69.3700
Round 325 global test acc  69.4600
Round 326 global test acc  69.5500
Round 327 global test acc  69.5900
Round 328 global test acc  69.4700
Round 329 global test acc  69.2900
Round 330 global test acc  69.2700
Round 331 global test acc  69.6400
Round 332 global test acc  69.6400
Round 333 global test acc  69.6900
Round 334 global test acc  69.7300
Round 335 global test acc  69.9400
Round 336 global test acc  69.7300
Round 337 global test acc  69.4900
Round 338 global test acc  69.3200
Round 339 global test acc  69.4900
Round 340 global test acc  69.7100
Round 341 global test acc  69.9000
Round 342 global test acc  69.6600
Round 343 global test acc  69.2600
Round 344 global test acc  69.5700
Round 345 global test acc  69.3700
Round 346 global test acc  69.5500
Round 347 global test acc  69.9700
Round 348 global test acc  69.8500
Round 349 global test acc  69.7500
Round 350 global test acc  69.9600
Round 351 global test acc  70.1700
Round 352 global test acc  70.0000
Round 353 global test acc  69.6600
Round 354 global test acc  69.9000
Round 355 global test acc  69.8700
Round 356 global test acc  69.6400
Round 357 global test acc  69.9200
Round 358 global test acc  70.0700
Round 359 global test acc  69.8200
Round 360 global test acc  69.9300
Round 361 global test acc  70.0800
Round 362 global test acc  69.9600
Round 363 global test acc  69.7900
Round 364 global test acc  69.7900
Round 365 global test acc  69.8300
Round 366 global test acc  70.1200
Round 367 global test acc  69.7700
Round 368 global test acc  70.3200
Round 369 global test acc  69.9000
Round 370 global test acc  69.7200
Round 371 global test acc  69.9700
Round 372 global test acc  69.7800
Round 373 global test acc  70.2400
Round 374 global test acc  69.7500
Round 375 global test acc  70.0900
Round 376 global test acc  69.8300
Round 377 global test acc  70.1900
Round 378 global test acc  70.4800
Round 379 global test acc  70.0300
Round 380 global test acc  70.0300
Round 381 global test acc  70.1300
Round 382 global test acc  69.9900
Round 383 global test acc  70.3100
Round 384 global test acc  69.8900
Round 385 global test acc  70.2500
Round 386 global test acc  70.0900
Round 387 global test acc  70.1500
Round 388 global test acc  70.1600
Round 389 global test acc  70.0800
Round 390 global test acc  69.4400
Round 391 global test acc  70.0800
Round 392 global test acc  70.1500
Round 393 global test acc  70.0800
Round 394 global test acc  70.2100
Round 395 global test acc  70.0200
Round 396 global test acc  69.8100
Round 397 global test acc  70.1100
Round 398 global test acc  69.8200
Round 399 global test acc  70.3700
Round 400 global test acc  69.8500
Round 401 global test acc  69.8800
Round 402 global test acc  70.0800
Round 403 global test acc  69.9700
Round 404 global test acc  70.0500
Round 405 global test acc  69.8800
Round 406 global test acc  69.9600
Round 407 global test acc  69.6300
Round 408 global test acc  69.9300
Round 409 global test acc  70.1300
Round 410 global test acc  69.7400
Round 411 global test acc  70.1800
Round 412 global test acc  69.8800
Round 413 global test acc  70.1700
Round 414 global test acc  70.0000
Round 415 global test acc  70.2500
Round 416 global test acc  70.0400
Round 417 global test acc  70.4700
Round 418 global test acc  69.9600
Round 419 global test acc  69.6900
Round 420 global test acc  69.9300
Round 421 global test acc  70.2100
Round 422 global test acc  69.5800
Round 423 global test acc  69.8400
Round 424 global test acc  70.0000
Round 425 global test acc  70.2000
Round 426 global test acc  69.9100
Round 427 global test acc  70.0600
Round 428 global test acc  69.8000
Round 429 global test acc  70.1400
Round 430 global test acc  70.1200
Round 431 global test acc  69.8400
Round 432 global test acc  69.8100
Round 433 global test acc  70.2700
Round 434 global test acc  70.3000
Round 435 global test acc  69.8200
Round 436 global test acc  70.4000
Round 437 global test acc  70.3500
Round 438 global test acc  70.2100
Round 439 global test acc  70.1800
Round 440 global test acc  70.0400
Round 441 global test acc  69.9400
Round 442 global test acc  69.8700
Round 443 global test acc  70.2500
Round 444 global test acc  70.0300
Round 445 global test acc  69.8500
Round 446 global test acc  70.2600
Round 447 global test acc  69.9800
Round 448 global test acc  70.0500
Round 449 global test acc  70.1700
time : 40365.58303761482
('algorithm', 'GlobalCORES')
('gpu', 7)
('seed', 13)
('save_dir', './record/')
('rounds2', 450)
('local_ep', 5)
('frac2', 0.2)
('num_users', 50)
('local_bs', 32)
('lr', 0.01)
('model', 'resnet34')
('num_classes', 10)
('level_n_system', 0.0)
('level_n_lowerb', 0.0)
('alpha_dirichlet', 10)
('non_iid_prob_class', 0.7)
('dataset', 'cifar100')
('iid', True)
('LID_k', 20)
('iteration1', 5)
('rounds1', 200)
('frac1', 0.01)
('pretrained', False)
('mixup', False)
('alpha', 1)
('beta', 5)
('relabel_ratio', 0.5)
('confidence_thres', 0.5)
('clean_set_thres', 0.1)
('fine_tuning', True)
('correction', True)
('T_pl', 100)
('lambda_cen', 1.0)
('lambda_e', 0.8)
('num_gradual', 10)
('forget_rate', 0.2)
('lr_decay', 0.1)
('schedule', [])
('momentum', 0.5)
('weight_decay', 0.0001)
('feature_dim', 128)
('plr', 0.01)
('lamda', 15)
('K', 5)
('gamma', 1)
('begin_sel', 10)
('max_beta', 2.0)
('mu', 0.01)
('device', device(type='cuda', index=7))
Files already downloaded and verified
Files already downloaded and verified
Round 0 global test acc  1.1600
Round 1 global test acc  3.7900
Round 2 global test acc  10.3400
Round 3 global test acc  12.4500
Round 4 global test acc  14.2700
Round 5 global test acc  13.7000
Round 6 global test acc  14.9200
Round 7 global test acc  15.1200
Round 8 global test acc  16.2500
Round 9 global test acc  16.5200
Round 10 global test acc  18.5000
Round 11 global test acc  18.4200
Round 12 global test acc  19.5700
Round 13 global test acc  20.2800
Round 14 global test acc  21.9500
Round 15 global test acc  23.1700
Round 16 global test acc  23.5900
Round 17 global test acc  24.8100
Round 18 global test acc  25.8400
Round 19 global test acc  24.9300
Round 20 global test acc  27.8400
Round 21 global test acc  29.0400
Round 22 global test acc  29.0800
Round 23 global test acc  29.8700
Round 24 global test acc  31.5700
Round 25 global test acc  31.8900
Round 26 global test acc  33.5400
Round 27 global test acc  33.9100
Round 28 global test acc  35.2600
Round 29 global test acc  35.5200
Round 30 global test acc  36.5400
Round 31 global test acc  36.6200
Round 32 global test acc  37.8200
Round 33 global test acc  38.3200
Round 34 global test acc  38.4800
Round 35 global test acc  40.3100
Round 36 global test acc  39.8100
Round 37 global test acc  41.8600
Round 38 global test acc  41.7800
Round 39 global test acc  42.1500
Round 40 global test acc  42.6800
Round 41 global test acc  43.3800
Round 42 global test acc  44.5900
Round 43 global test acc  44.3100
Round 44 global test acc  44.6400
Round 45 global test acc  45.8500
Round 46 global test acc  46.2100
Round 47 global test acc  46.0700
Round 48 global test acc  47.5700
Round 49 global test acc  48.4700
Round 50 global test acc  48.1800
Round 51 global test acc  48.7000
Round 52 global test acc  49.1800
Round 53 global test acc  49.3700
Round 54 global test acc  49.2300
Round 55 global test acc  50.1900
Round 56 global test acc  50.3900
Round 57 global test acc  50.8900
Round 58 global test acc  51.3700
Round 59 global test acc  52.2300
Round 60 global test acc  51.0700
Round 61 global test acc  52.2400
Round 62 global test acc  52.6300
Round 63 global test acc  53.1100
Round 64 global test acc  53.2300
Round 65 global test acc  53.5100
Round 66 global test acc  53.7500
Round 67 global test acc  54.1700
Round 68 global test acc  54.3900
Round 69 global test acc  54.8800
Round 70 global test acc  54.9400
Round 71 global test acc  55.1600
Round 72 global test acc  55.5600
Round 73 global test acc  55.3400
Round 74 global test acc  56.3400
Round 75 global test acc  56.3200
Round 76 global test acc  56.2100
Round 77 global test acc  57.0200
Round 78 global test acc  56.6400
Round 79 global test acc  57.1100
Round 80 global test acc  57.4200
Round 81 global test acc  57.3900
Round 82 global test acc  57.3900
Round 83 global test acc  57.9000
Round 84 global test acc  57.7600
Round 85 global test acc  58.0600
Round 86 global test acc  58.2400
Round 87 global test acc  58.5400
Round 88 global test acc  58.3400
Round 89 global test acc  58.6300
Round 90 global test acc  59.1900
Round 91 global test acc  59.0700
Round 92 global test acc  59.5900
Round 93 global test acc  59.6400
Round 94 global test acc  59.7600
Round 95 global test acc  59.5600
Round 96 global test acc  60.1200
Round 97 global test acc  60.5700
Round 98 global test acc  60.4900
Round 99 global test acc  60.5900
Round 100 global test acc  60.6100
Round 101 global test acc  60.6900
Round 102 global test acc  61.2000
Round 103 global test acc  60.6800
Round 104 global test acc  61.3900
Round 105 global test acc  61.4800
Round 106 global test acc  61.5300
Round 107 global test acc  61.0800
Round 108 global test acc  61.4000
Round 109 global test acc  61.3800
Round 110 global test acc  61.8700
Round 111 global test acc  61.8900
Round 112 global test acc  62.3400
Round 113 global test acc  62.7600
Round 114 global test acc  61.9900
Round 115 global test acc  62.6800
Round 116 global test acc  62.4600
Round 117 global test acc  62.5000
Round 118 global test acc  62.6900
Round 119 global test acc  62.9100
Round 120 global test acc  62.4400
Round 121 global test acc  63.0400
Round 122 global test acc  63.0100
Round 123 global test acc  63.3500
Round 124 global test acc  63.5700
Round 125 global test acc  63.5700
Round 126 global test acc  63.4700
Round 127 global test acc  63.8300
Round 128 global test acc  63.8300
Round 129 global test acc  64.1900
Round 130 global test acc  64.0000
Round 131 global test acc  64.1300
Round 132 global test acc  64.1200
Round 133 global test acc  64.0100
Round 134 global test acc  64.1800
Round 135 global test acc  63.9400
Round 136 global test acc  64.4100
Round 137 global test acc  64.7400
Round 138 global test acc  65.0000
Round 139 global test acc  64.4800
Round 140 global test acc  64.7200
Round 141 global test acc  64.7600
Round 142 global test acc  65.1700
Round 143 global test acc  64.6800
Round 144 global test acc  64.6100
Round 145 global test acc  65.0700
Round 146 global test acc  64.8400
Round 147 global test acc  65.0600
Round 148 global test acc  65.5800
Round 149 global test acc  65.4100
Round 150 global test acc  65.4600
Round 151 global test acc  65.4400
Round 152 global test acc  65.0000
Round 153 global test acc  64.8100
Round 154 global test acc  65.1200
Round 155 global test acc  65.4600
Round 156 global test acc  65.3100
Round 157 global test acc  65.2600
Round 158 global test acc  65.7100
Round 159 global test acc  65.1300
Round 160 global test acc  64.8900
Round 161 global test acc  65.5800
Round 162 global test acc  65.8400
Round 163 global test acc  65.9500
Round 164 global test acc  65.7200
Round 165 global test acc  66.2900
Round 166 global test acc  65.8100
Round 167 global test acc  65.9500
Round 168 global test acc  66.3300
Round 169 global test acc  66.4500
Round 170 global test acc  66.0200
Round 171 global test acc  66.2600
Round 172 global test acc  66.6700
Round 173 global test acc  66.1900
Round 174 global test acc  66.2900
Round 175 global test acc  66.7600
Round 176 global test acc  66.6400
Round 177 global test acc  66.3700
Round 178 global test acc  66.5500
Round 179 global test acc  66.7800
Round 180 global test acc  66.4400
Round 181 global test acc  66.2900
Round 182 global test acc  66.7900
Round 183 global test acc  66.7800
Round 184 global test acc  66.8400
Round 185 global test acc  66.7100
Round 186 global test acc  67.0200
Round 187 global test acc  67.1500
Round 188 global test acc  67.2300
Round 189 global test acc  67.1900
Round 190 global test acc  67.3700
Round 191 global test acc  67.1700
Round 192 global test acc  67.1500
Round 193 global test acc  67.1700
Round 194 global test acc  67.0100
Round 195 global test acc  67.1600
Round 196 global test acc  67.2800
Round 197 global test acc  67.5500
Round 198 global test acc  67.3500
Round 199 global test acc  67.0500
Round 200 global test acc  67.3400
Round 201 global test acc  67.5100
Round 202 global test acc  67.3600
Round 203 global test acc  67.7900
Round 204 global test acc  67.4500
Round 205 global test acc  67.2400
Round 206 global test acc  67.6100
Round 207 global test acc  67.5600
Round 208 global test acc  67.8800
Round 209 global test acc  68.2900
Round 210 global test acc  67.9100
Round 211 global test acc  68.2800
Round 212 global test acc  67.9300
Round 213 global test acc  67.7200
Round 214 global test acc  68.0900
Round 215 global test acc  67.8200
Round 216 global test acc  68.0600
Round 217 global test acc  67.8600
Round 218 global test acc  67.8300
Round 219 global test acc  67.4400
Round 220 global test acc  68.1500
Round 221 global test acc  68.3000
Round 222 global test acc  67.9800
Round 223 global test acc  67.7000
Round 224 global test acc  67.4900
Round 225 global test acc  68.1100
Round 226 global test acc  67.9400
Round 227 global test acc  67.9700
Round 228 global test acc  67.9700
Round 229 global test acc  68.9500
Round 230 global test acc  68.2900
Round 231 global test acc  68.7100
Round 232 global test acc  68.2300
Round 233 global test acc  68.5700
Round 234 global test acc  68.5600
Round 235 global test acc  68.3600
Round 236 global test acc  68.5400
Round 237 global test acc  68.4300
Round 238 global test acc  69.0700
Round 239 global test acc  68.5100
Round 240 global test acc  68.3000
Round 241 global test acc  68.6300
Round 242 global test acc  68.6400
Round 243 global test acc  68.2800
Round 244 global test acc  68.6900
Round 245 global test acc  68.7000
Round 246 global test acc  68.3000
Round 247 global test acc  68.3300
Round 248 global test acc  68.9100
Round 249 global test acc  68.6300
Round 250 global test acc  68.3900
Round 251 global test acc  68.5100
Round 252 global test acc  68.5500
Round 253 global test acc  68.4100
Round 254 global test acc  68.7000
Round 255 global test acc  68.6900
Round 256 global test acc  68.9900
Round 257 global test acc  68.6000
Round 258 global test acc  68.7900
Round 259 global test acc  69.1100
Round 260 global test acc  69.0800
Round 261 global test acc  68.9200
Round 262 global test acc  68.8000
Round 263 global test acc  68.8000
Round 264 global test acc  69.2400
Round 265 global test acc  68.7000
Round 266 global test acc  68.7200
Round 267 global test acc  68.9400
Round 268 global test acc  68.7200
Round 269 global test acc  69.2100
Round 270 global test acc  68.6700
Round 271 global test acc  68.7300
Round 272 global test acc  68.9200
Round 273 global test acc  69.2500
Round 274 global test acc  68.4500
Round 275 global test acc  69.2100
Round 276 global test acc  69.1200
Round 277 global test acc  69.1200
Round 278 global test acc  68.9800
Round 279 global test acc  69.5200
Round 280 global test acc  69.2700
Round 281 global test acc  69.0900
Round 282 global test acc  69.2800
Round 283 global test acc  69.2500
Round 284 global test acc  69.2900
Round 285 global test acc  68.9700
Round 286 global test acc  69.0900
Round 287 global test acc  69.4400
Round 288 global test acc  69.2000
Round 289 global test acc  69.0100
Round 290 global test acc  69.1600
Round 291 global test acc  69.4000
Round 292 global test acc  68.9200
Round 293 global test acc  69.7000
Round 294 global test acc  69.4300
Round 295 global test acc  69.3800
Round 296 global test acc  69.5800
Round 297 global test acc  69.2700
Round 298 global test acc  69.4300
Round 299 global test acc  69.4300
Round 300 global test acc  69.5000
Round 301 global test acc  69.4900
Round 302 global test acc  69.4200
Round 303 global test acc  69.4400
Round 304 global test acc  69.5900
Round 305 global test acc  69.4400
Round 306 global test acc  69.2900
Round 307 global test acc  69.2500
Round 308 global test acc  69.0800
Round 309 global test acc  69.2100
Round 310 global test acc  69.8300
Round 311 global test acc  69.8800
Round 312 global test acc  69.3700
Round 313 global test acc  69.0200
Round 314 global test acc  69.4300
Round 315 global test acc  69.7600
Round 316 global test acc  69.2000
Round 317 global test acc  69.5000
Round 318 global test acc  69.6900
Round 319 global test acc  69.7200
Round 320 global test acc  69.6700
Round 321 global test acc  69.7400
Round 322 global test acc  69.5400
Round 323 global test acc  69.5800
Round 324 global test acc  69.7600
Round 325 global test acc  69.6600
Round 326 global test acc  69.5300
Round 327 global test acc  69.5400
Round 328 global test acc  69.3300
Round 329 global test acc  69.6400
Round 330 global test acc  69.7100
Round 331 global test acc  69.7000
Round 332 global test acc  69.9100
Round 333 global test acc  69.7400
Round 334 global test acc  70.2800
Round 335 global test acc  70.0700
Round 336 global test acc  69.8700
Round 337 global test acc  70.0800
Round 338 global test acc  70.1500
Round 339 global test acc  70.0100
Round 340 global test acc  69.7800
Round 341 global test acc  69.6300
Round 342 global test acc  69.7800
Round 343 global test acc  69.8800
Round 344 global test acc  69.8800
Round 345 global test acc  70.2000
Round 346 global test acc  69.7400
Round 347 global test acc  69.6900
Round 348 global test acc  70.0600
Round 349 global test acc  70.2600
Round 350 global test acc  69.9200
Round 351 global test acc  70.0000
Round 352 global test acc  70.1000
Round 353 global test acc  70.0400
Round 354 global test acc  70.3000
Round 355 global test acc  70.1600
Round 356 global test acc  69.9000
Round 357 global test acc  70.1500
Round 358 global test acc  70.0900
Round 359 global test acc  70.0300
Round 360 global test acc  69.9000
Round 361 global test acc  70.1200
Round 362 global test acc  69.5000
Round 363 global test acc  69.9400
Round 364 global test acc  69.8200
Round 365 global test acc  69.7900
Round 366 global test acc  70.2500
Round 367 global test acc  69.8700
Round 368 global test acc  70.0900
Round 369 global test acc  70.2700
Round 370 global test acc  70.1300
Round 371 global test acc  70.2600
Round 372 global test acc  70.1600
Round 373 global test acc  70.0000
Round 374 global test acc  69.9600
Round 375 global test acc  69.9800
Round 376 global test acc  69.9400
Round 377 global test acc  69.9200
Round 378 global test acc  70.4600
Round 379 global test acc  70.1700
Round 380 global test acc  70.5000
Round 381 global test acc  70.1800
Round 382 global test acc  69.7700
Round 383 global test acc  70.3200
Round 384 global test acc  69.9500
Round 385 global test acc  70.1900
Round 386 global test acc  70.2600
Round 387 global test acc  70.3300
Round 388 global test acc  70.3900
Round 389 global test acc  70.0400
Round 390 global test acc  69.8500
Round 391 global test acc  70.2200
Round 392 global test acc  70.2300
Round 393 global test acc  69.7200
Round 394 global test acc  70.0900
Round 395 global test acc  70.2200
Round 396 global test acc  70.1600
Round 397 global test acc  70.5500
Round 398 global test acc  70.0700
Round 399 global test acc  70.0500
Round 400 global test acc  70.1600
Round 401 global test acc  69.8200
Round 402 global test acc  69.6900
Round 403 global test acc  69.9900
Round 404 global test acc  69.9600
Round 405 global test acc  69.9000
Round 406 global test acc  69.7800
Round 407 global test acc  70.1300
Round 408 global test acc  69.9900
Round 409 global test acc  70.0800
Round 410 global test acc  70.2500
Round 411 global test acc  69.6800
Round 412 global test acc  69.8900
Round 413 global test acc  70.0900
Round 414 global test acc  70.2000
Round 415 global test acc  69.8200
Round 416 global test acc  70.1700
Round 417 global test acc  70.2200
Round 418 global test acc  70.0600
Round 419 global test acc  69.5500
Round 420 global test acc  69.7200
Round 421 global test acc  69.8400
Round 422 global test acc  69.6600
Round 423 global test acc  69.8800
Round 424 global test acc  70.1600
Round 425 global test acc  70.0700
Round 426 global test acc  70.2300
Round 427 global test acc  70.2000
Round 428 global test acc  69.9800
Round 429 global test acc  70.0400
Round 430 global test acc  69.8300
Round 431 global test acc  69.8600
Round 432 global test acc  70.0500
Round 433 global test acc  69.9800
Round 434 global test acc  70.1300
Round 435 global test acc  69.9300
Round 436 global test acc  70.3200
Round 437 global test acc  70.1000
Round 438 global test acc  69.9300
Round 439 global test acc  70.0100
Round 440 global test acc  69.9700
Round 441 global test acc  69.6200
Round 442 global test acc  70.2200
Round 443 global test acc  70.0600
Round 444 global test acc  69.5700
Round 445 global test acc  70.0900
Round 446 global test acc  70.1100
Round 447 global test acc  69.9500
Round 448 global test acc  69.9200
Round 449 global test acc  70.2500
time : 37236.358760118484
('algorithm', 'GlobalCORES')
('gpu', 7)
('seed', 13)
('save_dir', './record/')
('rounds2', 450)
('local_ep', 5)
('frac2', 0.2)
('num_users', 50)
('local_bs', 32)
('lr', 0.01)
('model', 'resnet34')
('num_classes', 10)
('level_n_system', 0.0)
('level_n_lowerb', 0.0)
('alpha_dirichlet', 10)
('non_iid_prob_class', 0.7)
('dataset', 'cifar100')
('iid', True)
('LID_k', 20)
('iteration1', 5)
('rounds1', 200)
('frac1', 0.01)
('pretrained', False)
('mixup', False)
('alpha', 1)
('beta', 5)
('relabel_ratio', 0.5)
('confidence_thres', 0.5)
('clean_set_thres', 0.1)
('fine_tuning', True)
('correction', True)
('T_pl', 100)
('lambda_cen', 1.0)
('lambda_e', 0.8)
('num_gradual', 10)
('forget_rate', 0.2)
('lr_decay', 0.1)
('schedule', [])
('momentum', 0.5)
('weight_decay', 0.0001)
('feature_dim', 128)
('plr', 0.01)
('lamda', 15)
('K', 5)
('gamma', 1)
('begin_sel', 10)
('max_beta', 2.0)
('mu', 0.01)
('device', device(type='cuda', index=7))
Files already downloaded and verified
Files already downloaded and verified
Round 0 global test acc  0.9200
Round 1 global test acc  4.3100
Round 2 global test acc  10.1300
Round 3 global test acc  13.1700
Round 4 global test acc  14.3800
Round 5 global test acc  13.8900
Round 6 global test acc  15.0400
Round 7 global test acc  15.1900
Round 8 global test acc  16.5600
Round 9 global test acc  16.7900
Round 10 global test acc  18.9100
Round 11 global test acc  18.4800
Round 12 global test acc  20.1700
Round 13 global test acc  20.8900
Round 14 global test acc  21.6800
Round 15 global test acc  23.0300
Round 16 global test acc  22.8400
Round 17 global test acc  25.2300
Round 18 global test acc  26.0500
Round 19 global test acc  26.3400
Round 20 global test acc  27.5200
Round 21 global test acc  28.8900
Round 22 global test acc  30.1200
Round 23 global test acc  30.0900
Round 24 global test acc  31.6500
Round 25 global test acc  32.8100
Round 26 global test acc  33.8000
Round 27 global test acc  34.1500
Round 28 global test acc  34.8700
Round 29 global test acc  35.6400
Round 30 global test acc  37.2300
Round 31 global test acc  37.5800
Round 32 global test acc  38.1600
Round 33 global test acc  39.3100
Round 34 global test acc  38.6300
Round 35 global test acc  40.4500
Round 36 global test acc  40.3800
Round 37 global test acc  41.6100
Round 38 global test acc  41.1900
Round 39 global test acc  42.4900
Round 40 global test acc  42.6100
Round 41 global test acc  43.5500
Round 42 global test acc  44.1800
Round 43 global test acc  44.4900
Round 44 global test acc  44.9600
Round 45 global test acc  45.1300
Round 46 global test acc  46.2900
Round 47 global test acc  47.0100
Round 48 global test acc  47.2300
Round 49 global test acc  47.6900
Round 50 global test acc  48.5600
Round 51 global test acc  48.5600
Round 52 global test acc  48.7700
Round 53 global test acc  48.8600
Round 54 global test acc  49.4200
Round 55 global test acc  49.9200
Round 56 global test acc  50.5900
Round 57 global test acc  50.6500
Round 58 global test acc  51.0600
Round 59 global test acc  51.1300
Round 60 global test acc  52.1200
Round 61 global test acc  52.9100
Round 62 global test acc  52.8900
Round 63 global test acc  52.8200
Round 64 global test acc  53.2700
Round 65 global test acc  53.2000
Round 66 global test acc  54.6200
Round 67 global test acc  54.7300
Round 68 global test acc  55.0300
Round 69 global test acc  55.0100
Round 70 global test acc  54.3800
Round 71 global test acc  55.7800
Round 72 global test acc  54.9000
Round 73 global test acc  55.9700
Round 74 global test acc  56.1300
Round 75 global test acc  55.9400
Round 76 global test acc  56.8300
Round 77 global test acc  56.9100
Round 78 global test acc  56.9400
Round 79 global test acc  56.8100
Round 80 global test acc  57.0200
Round 81 global test acc  57.6900
Round 82 global test acc  58.0800
Round 83 global test acc  58.1800
Round 84 global test acc  58.0000
Round 85 global test acc  58.5300
Round 86 global test acc  58.0600
Round 87 global test acc  58.8600
Round 88 global test acc  58.6500
Round 89 global test acc  59.2400
Round 90 global test acc  59.2400
Round 91 global test acc  59.2600
Round 92 global test acc  59.7300
Round 93 global test acc  59.6400
Round 94 global test acc  59.8700
Round 95 global test acc  59.7800
Round 96 global test acc  60.3700
Round 97 global test acc  60.3400
Round 98 global test acc  60.2900
Round 99 global test acc  60.1200
Round 100 global test acc  60.0500
Round 101 global test acc  60.8000
Round 102 global test acc  60.8800
Round 103 global test acc  60.9000
Round 104 global test acc  60.8800
Round 105 global test acc  61.3700
Round 106 global test acc  62.0600
Round 107 global test acc  61.5900
Round 108 global test acc  61.3800
Round 109 global test acc  61.7400
Round 110 global test acc  61.8100
Round 111 global test acc  62.1900
Round 112 global test acc  61.9000
Round 113 global test acc  62.9600
Round 114 global test acc  61.8500
Round 115 global test acc  62.4100
Round 116 global test acc  62.3100
Round 117 global test acc  62.9800
Round 118 global test acc  62.8000
Round 119 global test acc  63.0700
Round 120 global test acc  62.9000
Round 121 global test acc  63.1500
Round 122 global test acc  62.3300
Round 123 global test acc  63.1400
Round 124 global test acc  63.0200
Round 125 global test acc  63.3100
Round 126 global test acc  63.8700
Round 127 global test acc  63.0100
Round 128 global test acc  63.4300
Round 129 global test acc  63.9000
Round 130 global test acc  63.5100
Round 131 global test acc  64.1000
Round 132 global test acc  63.8100
Round 133 global test acc  63.6400
Round 134 global test acc  63.5100
Round 135 global test acc  63.8100
Round 136 global test acc  64.6400
Round 137 global test acc  64.4900
Round 138 global test acc  64.5600
Round 139 global test acc  64.9900
Round 140 global test acc  64.9400
Round 141 global test acc  64.8400
Round 142 global test acc  64.1500
Round 143 global test acc  64.9200
Round 144 global test acc  64.8400
Round 145 global test acc  64.8800
Round 146 global test acc  64.9000
Round 147 global test acc  64.5600
Round 148 global test acc  64.9700
Round 149 global test acc  64.8600
Round 150 global test acc  65.2700
Round 151 global test acc  65.0100
Round 152 global test acc  65.3500
Round 153 global test acc  65.0100
Round 154 global test acc  65.3300
Round 155 global test acc  66.0000
Round 156 global test acc  65.5500
Round 157 global test acc  65.7400
Round 158 global test acc  65.3900
Round 159 global test acc  65.6500
Round 160 global test acc  65.7600
Round 161 global test acc  65.7500
Round 162 global test acc  66.1700
Round 163 global test acc  65.6300
Round 164 global test acc  66.1500
Round 165 global test acc  65.6000
Round 166 global test acc  65.7700
Round 167 global test acc  65.3800
Round 168 global test acc  65.8900
Round 169 global test acc  66.2000
Round 170 global test acc  65.9000
Round 171 global test acc  66.3300
Round 172 global test acc  66.4800
Round 173 global test acc  65.8600
Round 174 global test acc  65.8600
Round 175 global test acc  66.6400
Round 176 global test acc  66.1900
Round 177 global test acc  66.5500
Round 178 global test acc  66.8900
Round 179 global test acc  66.7000
Round 180 global test acc  66.4600
Round 181 global test acc  66.4300
Round 182 global test acc  66.8000
Round 183 global test acc  66.3800
Round 184 global test acc  67.0000
Round 185 global test acc  67.0300
Round 186 global test acc  66.8500
Round 187 global test acc  66.8100
Round 188 global test acc  66.9800
Round 189 global test acc  67.0300
Round 190 global test acc  66.7600
Round 191 global test acc  66.8000
Round 192 global test acc  66.9400
Round 193 global test acc  66.6900
Round 194 global test acc  67.2400
Round 195 global test acc  67.4700
Round 196 global test acc  67.5200
Round 197 global test acc  67.4700
Round 198 global test acc  67.4900
Round 199 global test acc  67.6200
Round 200 global test acc  66.9100
Round 201 global test acc  67.6100
Round 202 global test acc  67.2100
Round 203 global test acc  68.0800
Round 204 global test acc  67.3900
Round 205 global test acc  67.5500
Round 206 global test acc  67.4900
Round 207 global test acc  67.5900
Round 208 global test acc  67.7900
Round 209 global test acc  67.9200
Round 210 global test acc  67.5100
Round 211 global test acc  67.9400
Round 212 global test acc  67.7400
Round 213 global test acc  67.8600
Round 214 global test acc  67.9900
Round 215 global test acc  67.9500
Round 216 global test acc  68.1800
Round 217 global test acc  68.1400
Round 218 global test acc  68.0000
Round 219 global test acc  68.0700
Round 220 global test acc  67.8500
Round 221 global test acc  68.1500
Round 222 global test acc  67.9700
Round 223 global test acc  67.9500
Round 224 global test acc  67.3200
Round 225 global test acc  67.9500
Round 226 global test acc  67.7900
Round 227 global test acc  68.0200
Round 228 global test acc  68.0300
Round 229 global test acc  67.7400
Round 230 global test acc  67.9400
Round 231 global test acc  68.0100
Round 232 global test acc  68.0900
Round 233 global test acc  67.6300
Round 234 global test acc  68.0900
Round 235 global test acc  68.2500
Round 236 global test acc  67.2300
Round 237 global test acc  67.9300
Round 238 global test acc  68.2800
Round 239 global test acc  68.0700
Round 240 global test acc  68.2000
Round 241 global test acc  68.5000
Round 242 global test acc  68.1300
Round 243 global test acc  68.4800
Round 244 global test acc  68.6300
Round 245 global test acc  68.6900
Round 246 global test acc  68.4900
Round 247 global test acc  68.0200
Round 248 global test acc  68.3000
Round 249 global test acc  68.3000
Round 250 global test acc  68.2200
Round 251 global test acc  68.5400
Round 252 global test acc  68.5200
Round 253 global test acc  68.7200
Round 254 global test acc  68.7100
Round 255 global test acc  68.4000
Round 256 global test acc  68.8700
Round 257 global test acc  68.4800
Round 258 global test acc  68.5600
Round 259 global test acc  68.2900
Round 260 global test acc  68.7600
Round 261 global test acc  68.9300
Round 262 global test acc  68.6500
Round 263 global test acc  69.1500
Round 264 global test acc  69.1600
Round 265 global test acc  68.7400
Round 266 global test acc  68.6400
Round 267 global test acc  68.5900
Round 268 global test acc  68.9300
Round 269 global test acc  68.7900
Round 270 global test acc  68.4900
Round 271 global test acc  68.9000
Round 272 global test acc  69.0700
Round 273 global test acc  68.7900
Round 274 global test acc  68.5200
Round 275 global test acc  68.8600
Round 276 global test acc  69.0000
Round 277 global test acc  68.7900
Round 278 global test acc  69.1300
Round 279 global test acc  68.7800
Round 280 global test acc  69.1500
Round 281 global test acc  68.7300
Round 282 global test acc  69.3200
Round 283 global test acc  68.9300
Round 284 global test acc  69.0000
Round 285 global test acc  69.2900
Round 286 global test acc  68.8400
Round 287 global test acc  69.3300
Round 288 global test acc  68.7500
Round 289 global test acc  69.3900
Round 290 global test acc  69.3200
Round 291 global test acc  69.1600
Round 292 global test acc  68.9000
Round 293 global test acc  69.4700
Round 294 global test acc  69.2700
Round 295 global test acc  69.4400
Round 296 global test acc  69.2800
Round 297 global test acc  69.6000
Round 298 global test acc  69.6800
Round 299 global test acc  69.4700
Round 300 global test acc  69.4600
Round 301 global test acc  69.6600
Round 302 global test acc  69.6200
Round 303 global test acc  69.8600
Round 304 global test acc  69.5500
Round 305 global test acc  69.8500
Round 306 global test acc  69.2800
Round 307 global test acc  69.7500
Round 308 global test acc  69.7900
Round 309 global test acc  69.5200
Round 310 global test acc  69.6200
Round 311 global test acc  69.2100
Round 312 global test acc  69.7900
Round 313 global test acc  68.9800
Round 314 global test acc  68.8500
Round 315 global test acc  69.7400
Round 316 global test acc  69.4000
Round 317 global test acc  69.8700
Round 318 global test acc  69.4800
Round 319 global test acc  69.8000
Round 320 global test acc  69.4600
Round 321 global test acc  69.5000
Round 322 global test acc  69.6200
Round 323 global test acc  69.2700
Round 324 global test acc  69.6100
Round 325 global test acc  69.8000
Round 326 global test acc  69.6600
Round 327 global test acc  69.9000
Round 328 global test acc  69.3100
Round 329 global test acc  69.7100
Round 330 global test acc  69.4800
Round 331 global test acc  69.4300
Round 332 global test acc  69.5600
Round 333 global test acc  69.4500
Round 334 global test acc  69.6200
Round 335 global test acc  69.6000
Round 336 global test acc  69.7400
Round 337 global test acc  69.4800
Round 338 global test acc  70.0900
Round 339 global test acc  69.7000
Round 340 global test acc  69.8300
Round 341 global test acc  69.7400
Round 342 global test acc  69.3100
Round 343 global test acc  69.6900
Round 344 global test acc  70.0700
Round 345 global test acc  70.1900
Round 346 global test acc  70.0300
Round 347 global test acc  69.5300
Round 348 global test acc  69.5400
Round 349 global test acc  69.7700
Round 350 global test acc  69.8300
Round 351 global test acc  69.9200
Round 352 global test acc  69.8400
Round 353 global test acc  69.9800
Round 354 global test acc  69.8800
Round 355 global test acc  69.9500
Round 356 global test acc  69.7700
Round 357 global test acc  69.3300
Round 358 global test acc  69.7900
Round 359 global test acc  69.7800
Round 360 global test acc  69.7300
Round 361 global test acc  70.2800
Round 362 global test acc  69.7200
Round 363 global test acc  69.5400
Round 364 global test acc  69.9900
Round 365 global test acc  70.0200
Round 366 global test acc  69.6100
Round 367 global test acc  69.9200
Round 368 global test acc  70.1600
Round 369 global test acc  70.0600
Round 370 global test acc  70.2900
Round 371 global test acc  70.3600
Round 372 global test acc  69.8000
Round 373 global test acc  70.0600
Round 374 global test acc  69.8300
Round 375 global test acc  69.8600
Round 376 global test acc  69.7200
Round 377 global test acc  69.6500
Round 378 global test acc  69.6500
Round 379 global test acc  69.9800
Round 380 global test acc  70.0300
Round 381 global test acc  70.0400
Round 382 global test acc  70.1400
Round 383 global test acc  69.9700
Round 384 global test acc  69.5100
Round 385 global test acc  69.8200
Round 386 global test acc  69.9100
Round 387 global test acc  70.0500
Round 388 global test acc  70.2000
Round 389 global test acc  69.7800
Round 390 global test acc  70.1100
Round 391 global test acc  70.2100
Round 392 global test acc  69.8800
Round 393 global test acc  70.0300
Round 394 global test acc  69.9700
Round 395 global test acc  69.7100
Round 396 global test acc  70.1300
Round 397 global test acc  69.7600
Round 398 global test acc  69.8000
Round 399 global test acc  70.2900
Round 400 global test acc  69.6800
Round 401 global test acc  69.9900
Round 402 global test acc  69.6700
Round 403 global test acc  69.8800
Round 404 global test acc  69.9400
Round 405 global test acc  69.5800
Round 406 global test acc  70.1900
Round 407 global test acc  69.9300
Round 408 global test acc  69.8200
Round 409 global test acc  70.1800
Round 410 global test acc  70.1800
Round 411 global test acc  70.0800
Round 412 global test acc  69.7800
Round 413 global test acc  69.6600
Round 414 global test acc  69.8800
Round 415 global test acc  69.9400
Round 416 global test acc  70.1400
Round 417 global test acc  70.5700
Round 418 global test acc  70.2200
Round 419 global test acc  69.8900
Round 420 global test acc  70.2700
Round 421 global test acc  69.8400
Round 422 global test acc  70.1800
Round 423 global test acc  70.0300
Round 424 global test acc  70.0200
Round 425 global test acc  70.1200
Round 426 global test acc  70.0900
Round 427 global test acc  70.1900
Round 428 global test acc  70.6400
Round 429 global test acc  70.0300
Round 430 global test acc  69.9800
Round 431 global test acc  70.1600
Round 432 global test acc  69.6700
Round 433 global test acc  70.1300
Round 434 global test acc  70.4800
Round 435 global test acc  70.0800
Round 436 global test acc  70.1900
Round 437 global test acc  70.8000
Round 438 global test acc  70.2300
Round 439 global test acc  70.3900
Round 440 global test acc  70.0500
Round 441 global test acc  70.0600
Round 442 global test acc  70.3200
Round 443 global test acc  69.8100
Round 444 global test acc  70.0000
Round 445 global test acc  70.5000
Round 446 global test acc  70.0200
Round 447 global test acc  70.2300
Round 448 global test acc  70.0600
Round 449 global test acc  69.8800
time : 35666.34118080139
('algorithm', 'GlobalCORES')
('gpu', 7)
('seed', 13)
('save_dir', './record/')
('rounds2', 450)
('local_ep', 5)
('frac2', 0.2)
('num_users', 50)
('local_bs', 32)
('lr', 0.01)
('model', 'resnet34')
('num_classes', 10)
('level_n_system', 0.0)
('level_n_lowerb', 0.0)
('alpha_dirichlet', 10)
('non_iid_prob_class', 0.7)
('dataset', 'cifar100')
('iid', True)
('LID_k', 20)
('iteration1', 5)
('rounds1', 200)
('frac1', 0.01)
('pretrained', False)
('mixup', False)
('alpha', 1)
('beta', 5)
('relabel_ratio', 0.5)
('confidence_thres', 0.5)
('clean_set_thres', 0.1)
('fine_tuning', True)
('correction', True)
('T_pl', 100)
('lambda_cen', 1.0)
('lambda_e', 0.8)
('num_gradual', 10)
('forget_rate', 0.2)
('lr_decay', 0.1)
('schedule', [])
('momentum', 0.5)
('weight_decay', 0.0001)
('feature_dim', 128)
('plr', 0.01)
('lamda', 15)
('K', 5)
('gamma', 1)
('begin_sel', 10)
('max_beta', 2.0)
('mu', 0.01)
('device', device(type='cuda', index=7))
Files already downloaded and verified
Files already downloaded and verified
Round 0 global test acc  0.9800
Round 1 global test acc  3.5200
Round 2 global test acc  10.6400
Round 3 global test acc  13.1800
Round 4 global test acc  14.4200
Round 5 global test acc  13.9100
Round 6 global test acc  15.2300
Round 7 global test acc  15.0900
Round 8 global test acc  16.7000
Round 9 global test acc  16.5500
Round 10 global test acc  19.4900
Round 11 global test acc  18.6200
Round 12 global test acc  19.9200
Round 13 global test acc  21.3100
Round 14 global test acc  22.8100
Round 15 global test acc  24.2800
Round 16 global test acc  24.6400
Round 17 global test acc  25.5100
Round 18 global test acc  26.7000
Round 19 global test acc  26.9600
Round 20 global test acc  28.1900
Round 21 global test acc  28.9200
Round 22 global test acc  29.7800
Round 23 global test acc  30.6600
Round 24 global test acc  31.7800
Round 25 global test acc  32.8100
Round 26 global test acc  33.7400
Round 27 global test acc  34.9400
Round 28 global test acc  35.7600
Round 29 global test acc  36.3100
Round 30 global test acc  37.1500
Round 31 global test acc  38.1900
Round 32 global test acc  38.9000
Round 33 global test acc  39.4100
Round 34 global test acc  39.7300
Round 35 global test acc  40.7300
Round 36 global test acc  40.4800
Round 37 global test acc  41.9300
Round 38 global test acc  41.7600
Round 39 global test acc  42.6900
Round 40 global test acc  43.2700
Round 41 global test acc  43.7800
Round 42 global test acc  44.6600
Round 43 global test acc  45.6600
Round 44 global test acc  45.4200
Round 45 global test acc  45.8700
Round 46 global test acc  46.7300
Round 47 global test acc  47.5800
Round 48 global test acc  47.9600
Round 49 global test acc  48.6900
Round 50 global test acc  48.8500
Round 51 global test acc  48.6100
Round 52 global test acc  49.1200
Round 53 global test acc  49.3800
Round 54 global test acc  49.4400
Round 55 global test acc  50.1000
Round 56 global test acc  50.4400
Round 57 global test acc  51.0600
Round 58 global test acc  51.5700
Round 59 global test acc  52.6800
Round 60 global test acc  52.4200
Round 61 global test acc  52.8900
Round 62 global test acc  53.2900
Round 63 global test acc  53.3700
Round 64 global test acc  53.5400
Round 65 global test acc  53.3600
Round 66 global test acc  54.2700
Round 67 global test acc  54.4300
Round 68 global test acc  54.5000
Round 69 global test acc  54.2200
Round 70 global test acc  55.1400
Round 71 global test acc  55.0000
Round 72 global test acc  55.5600
Round 73 global test acc  55.9600
Round 74 global test acc  56.0900
Round 75 global test acc  56.2900
Round 76 global test acc  57.0400
Round 77 global test acc  56.7700
Round 78 global test acc  56.9300
Round 79 global test acc  57.4700
Round 80 global test acc  57.1300
Round 81 global test acc  57.7600
Round 82 global test acc  57.6200
Round 83 global test acc  58.4400
Round 84 global test acc  58.1000
Round 85 global test acc  58.2000
Round 86 global test acc  58.3700
Round 87 global test acc  59.0500
Round 88 global test acc  58.9200
Round 89 global test acc  59.4900
Round 90 global test acc  59.5200
Round 91 global test acc  59.2000
Round 92 global test acc  59.7200
Round 93 global test acc  59.5400
Round 94 global test acc  59.8900
Round 95 global test acc  59.3200
Round 96 global test acc  60.3100
Round 97 global test acc  60.4000
Round 98 global test acc  59.8000
Round 99 global test acc  59.8000
Round 100 global test acc  60.5200
Round 101 global test acc  61.1500
Round 102 global test acc  60.8300
Round 103 global test acc  60.7700
Round 104 global test acc  61.2600
Round 105 global test acc  61.5700
Round 106 global test acc  61.7200
Round 107 global test acc  61.2600
Round 108 global test acc  61.2800
Round 109 global test acc  62.0600
Round 110 global test acc  61.8300
Round 111 global test acc  62.1700
Round 112 global test acc  62.3500
Round 113 global test acc  62.2400
Round 114 global test acc  62.1700
Round 115 global test acc  62.7400
Round 116 global test acc  62.5700
Round 117 global test acc  62.5400
Round 118 global test acc  62.6700
Round 119 global test acc  62.2400
Round 120 global test acc  62.9600
Round 121 global test acc  62.6100
Round 122 global test acc  62.7200
Round 123 global test acc  63.1400
Round 124 global test acc  62.8600
Round 125 global test acc  62.9500
Round 126 global test acc  63.2000
Round 127 global test acc  63.4000
Round 128 global test acc  63.5100
Round 129 global test acc  63.3300
Round 130 global test acc  63.5000
Round 131 global test acc  63.8700
Round 132 global test acc  63.6600
Round 133 global test acc  64.0400
Round 134 global test acc  63.6800
Round 135 global test acc  63.9700
Round 136 global test acc  63.9200
Round 137 global test acc  64.3300
Round 138 global test acc  64.2600
Round 139 global test acc  64.5000
Round 140 global test acc  64.0500
Round 141 global test acc  64.0200
Round 142 global test acc  63.6800
Round 143 global test acc  64.4100
Round 144 global test acc  64.1800
Round 145 global test acc  64.8400
Round 146 global test acc  64.7900
Round 147 global test acc  64.4100
Round 148 global test acc  64.5900
Round 149 global test acc  64.8900
Round 150 global test acc  64.4900
Round 151 global test acc  64.7800
Round 152 global test acc  64.5700
Round 153 global test acc  65.1200
Round 154 global test acc  65.1000
Round 155 global test acc  65.3100
Round 156 global test acc  65.0500
Round 157 global test acc  65.2900
Round 158 global test acc  65.1800
Round 159 global test acc  65.2400
Round 160 global test acc  65.3700
Round 161 global test acc  65.7500
Round 162 global test acc  65.5200
Round 163 global test acc  65.5100
Round 164 global test acc  65.7400
Round 165 global test acc  66.1400
Round 166 global test acc  65.6400
Round 167 global test acc  65.6700
Round 168 global test acc  65.9800
Round 169 global test acc  65.7300
Round 170 global test acc  66.2800
Round 171 global test acc  66.4000
Round 172 global test acc  66.3200
Round 173 global test acc  66.2700
Round 174 global test acc  66.2200
Round 175 global test acc  66.5700
Round 176 global test acc  66.3000
Round 177 global test acc  66.4600
Round 178 global test acc  66.3400
Round 179 global test acc  66.2500
Round 180 global test acc  66.6200
Round 181 global test acc  66.5100
Round 182 global test acc  66.3700
Round 183 global test acc  66.5500
Round 184 global test acc  66.4600
Round 185 global test acc  66.1700
Round 186 global test acc  66.6200
Round 187 global test acc  66.6700
Round 188 global test acc  67.1500
Round 189 global test acc  67.1200
Round 190 global test acc  67.2700
Round 191 global test acc  66.7000
Round 192 global test acc  67.0700
Round 193 global test acc  66.7500
Round 194 global test acc  66.7400
Round 195 global test acc  67.4500
Round 196 global test acc  66.7500
Round 197 global test acc  67.3000
Round 198 global test acc  67.0100
Round 199 global test acc  67.1300
Round 200 global test acc  67.4100
Round 201 global test acc  67.8300
Round 202 global test acc  66.9300
Round 203 global test acc  67.3100
Round 204 global test acc  67.4000
Round 205 global test acc  67.1900
Round 206 global test acc  67.5000
Round 207 global test acc  67.5500
Round 208 global test acc  67.5200
Round 209 global test acc  67.2600
Round 210 global test acc  67.6700
Round 211 global test acc  67.3800
Round 212 global test acc  67.6400
Round 213 global test acc  67.4600
Round 214 global test acc  67.7900
Round 215 global test acc  67.4800
Round 216 global test acc  67.6600
Round 217 global test acc  67.4700
Round 218 global test acc  67.6800
Round 219 global test acc  67.6500
Round 220 global test acc  67.7000
Round 221 global test acc  68.2300
Round 222 global test acc  68.0600
Round 223 global test acc  67.6500
Round 224 global test acc  68.0000
Round 225 global test acc  67.8700
Round 226 global test acc  67.7300
Round 227 global test acc  67.6800
Round 228 global test acc  67.8100
Round 229 global test acc  68.1600
Round 230 global test acc  67.7400
Round 231 global test acc  68.3800
Round 232 global test acc  67.9900
Round 233 global test acc  68.0000
Round 234 global test acc  68.0100
Round 235 global test acc  68.1000
Round 236 global test acc  68.1000
Round 237 global test acc  68.1900
Round 238 global test acc  68.4300
Round 239 global test acc  67.9200
Round 240 global test acc  68.2200
Round 241 global test acc  68.2300
Round 242 global test acc  68.0600
Round 243 global test acc  67.8700
Round 244 global test acc  68.0500
Round 245 global test acc  68.1200
Round 246 global test acc  68.5100
Round 247 global test acc  68.2600
Round 248 global test acc  68.2800
Round 249 global test acc  68.0400
Round 250 global test acc  68.5200
Round 251 global test acc  68.2800
Round 252 global test acc  68.2000
Round 253 global test acc  68.4200
Round 254 global test acc  68.6700
Round 255 global test acc  68.7300
Round 256 global test acc  68.7200
Round 257 global test acc  68.4600
Round 258 global test acc  68.3100
Round 259 global test acc  68.7900
Round 260 global test acc  68.8300
Round 261 global test acc  68.7300
Round 262 global test acc  69.0200
Round 263 global test acc  69.1300
Round 264 global test acc  68.2400
Round 265 global test acc  68.4600
Round 266 global test acc  68.4100
Round 267 global test acc  68.9400
Round 268 global test acc  68.7100
Round 269 global test acc  68.6800
Round 270 global test acc  68.4700
Round 271 global test acc  68.4200
Round 272 global test acc  68.0000
Round 273 global test acc  68.7000
Round 274 global test acc  68.5600
Round 275 global test acc  68.2800
Round 276 global test acc  68.3900
Round 277 global test acc  68.2600
Round 278 global test acc  68.4300
Round 279 global test acc  68.7300
Round 280 global test acc  68.6700
Round 281 global test acc  68.7000
Round 282 global test acc  68.6000
Round 283 global test acc  68.5700
Round 284 global test acc  68.7600
Round 285 global test acc  68.8000
Round 286 global test acc  68.8600
Round 287 global test acc  68.8000
Round 288 global test acc  68.8300
Round 289 global test acc  68.8800
Round 290 global test acc  68.5800
Round 291 global test acc  68.9900
Round 292 global test acc  68.6900
Round 293 global test acc  68.8400
Round 294 global test acc  68.9900
Round 295 global test acc  68.8700
Round 296 global test acc  68.9800
Round 297 global test acc  69.0200
Round 298 global test acc  68.6200
Round 299 global test acc  68.9900
Round 300 global test acc  68.3200
Round 301 global test acc  69.1700
Round 302 global test acc  69.1200
Round 303 global test acc  69.5300
Round 304 global test acc  69.2500
Round 305 global test acc  69.1300
Round 306 global test acc  68.6500
Round 307 global test acc  69.3700
Round 308 global test acc  69.2900
Round 309 global test acc  68.9800
Round 310 global test acc  69.2500
Round 311 global test acc  68.9200
Round 312 global test acc  69.1400
Round 313 global test acc  68.9200
Round 314 global test acc  68.9100
Round 315 global test acc  69.5400
Round 316 global test acc  69.0000
Round 317 global test acc  69.1900
Round 318 global test acc  69.1600
Round 319 global test acc  69.1200
Round 320 global test acc  69.2200
Round 321 global test acc  69.1400
Round 322 global test acc  69.6500
Round 323 global test acc  69.1500
Round 324 global test acc  69.1500
Round 325 global test acc  69.0800
Round 326 global test acc  68.9800
Round 327 global test acc  69.1300
Round 328 global test acc  69.1900
Round 329 global test acc  69.3800
Round 330 global test acc  69.2000
Round 331 global test acc  69.7100
Round 332 global test acc  69.4400
Round 333 global test acc  69.6400
Round 334 global test acc  69.2400
Round 335 global test acc  69.4700
Round 336 global test acc  69.0700
Round 337 global test acc  69.0200
Round 338 global test acc  69.3800
Round 339 global test acc  69.3300
Round 340 global test acc  69.4900
Round 341 global test acc  69.6600
Round 342 global test acc  69.2400
Round 343 global test acc  69.1900
Round 344 global test acc  69.8600
Round 345 global test acc  69.3900
Round 346 global test acc  69.4500
Round 347 global test acc  69.4200
Round 348 global test acc  68.8500
Round 349 global test acc  68.9000
Round 350 global test acc  69.1200
Round 351 global test acc  69.4200
Round 352 global test acc  69.4500
Round 353 global test acc  69.3200
Round 354 global test acc  69.7000
Round 355 global test acc  69.2300
Round 356 global test acc  69.4600
Round 357 global test acc  69.2100
Round 358 global test acc  69.3400
Round 359 global test acc  69.3300
Round 360 global test acc  69.8700
Round 361 global test acc  69.6200
Round 362 global test acc  69.2300
Round 363 global test acc  69.5400
Round 364 global test acc  70.0200
Round 365 global test acc  69.5200
Round 366 global test acc  69.7100
Round 367 global test acc  69.7200
Round 368 global test acc  69.4900
Round 369 global test acc  69.6300
Round 370 global test acc  69.5700
Round 371 global test acc  69.1400
Round 372 global test acc  69.4400
Round 373 global test acc  69.9900
Round 374 global test acc  69.4200
Round 375 global test acc  69.3700
Round 376 global test acc  69.1900
Round 377 global test acc  69.2400
Round 378 global test acc  69.5200
Round 379 global test acc  69.6800
Round 380 global test acc  69.5500
Round 381 global test acc  69.8600
Round 382 global test acc  69.9800
Round 383 global test acc  69.9200
Round 384 global test acc  69.9900
Round 385 global test acc  69.8100
Round 386 global test acc  69.6800
Round 387 global test acc  69.9600
Round 388 global test acc  69.8100
Round 389 global test acc  69.0600
Round 390 global test acc  69.6500
Round 391 global test acc  69.3700
Round 392 global test acc  69.6400
Round 393 global test acc  69.3500
Round 394 global test acc  69.3200
Round 395 global test acc  69.7800
Round 396 global test acc  69.6400
Round 397 global test acc  69.6600
Round 398 global test acc  69.8000
Round 399 global test acc  69.9800
Round 400 global test acc  69.6700
Round 401 global test acc  69.9200
Round 402 global test acc  69.9300
Round 403 global test acc  69.5700
Round 404 global test acc  69.5700
Round 405 global test acc  69.7000
Round 406 global test acc  69.7900
Round 407 global test acc  69.9300
Round 408 global test acc  69.6100
Round 409 global test acc  69.5100
Round 410 global test acc  69.9000
Round 411 global test acc  69.9700
Round 412 global test acc  69.8000
Round 413 global test acc  70.1300
Round 414 global test acc  70.1300
Round 415 global test acc  69.8500
Round 416 global test acc  69.3400
Round 417 global test acc  69.1000
Round 418 global test acc  69.7400
Round 419 global test acc  69.8400
Round 420 global test acc  69.5900
Round 421 global test acc  69.6000
Round 422 global test acc  69.8900
Round 423 global test acc  69.7800
Round 424 global test acc  69.8500
Round 425 global test acc  69.5500
Round 426 global test acc  69.8800
Round 427 global test acc  69.8200
Round 428 global test acc  69.8100
Round 429 global test acc  69.6600
Round 430 global test acc  69.7100
Round 431 global test acc  70.1300
Round 432 global test acc  69.3500
Round 433 global test acc  69.8300
Round 434 global test acc  69.6200
Round 435 global test acc  70.0400
Round 436 global test acc  69.9700
Round 437 global test acc  69.8700
Round 438 global test acc  70.0600
Round 439 global test acc  69.8200
Round 440 global test acc  69.2400
Round 441 global test acc  69.5000
Round 442 global test acc  69.4900
Round 443 global test acc  69.5300
Round 444 global test acc  69.1400
Round 445 global test acc  69.4400
Round 446 global test acc  69.5800
Round 447 global test acc  69.6800
Round 448 global test acc  69.6800
Round 449 global test acc  69.9500
time : 36656.633841753006
('algorithm', 'GlobalCORES')
('gpu', 7)
('seed', 13)
('save_dir', './record/')
('rounds2', 450)
('local_ep', 5)
('frac2', 0.2)
('num_users', 50)
('local_bs', 32)
('lr', 0.01)
('model', 'resnet34')
('num_classes', 10)
('level_n_system', 0.0)
('level_n_lowerb', 0.0)
('alpha_dirichlet', 10)
('non_iid_prob_class', 0.7)
('dataset', 'cifar100')
('iid', True)
('LID_k', 20)
('iteration1', 5)
('rounds1', 200)
('frac1', 0.01)
('pretrained', False)
('mixup', False)
('alpha', 1)
('beta', 5)
('relabel_ratio', 0.5)
('confidence_thres', 0.5)
('clean_set_thres', 0.1)
('fine_tuning', True)
('correction', True)
('T_pl', 100)
('lambda_cen', 1.0)
('lambda_e', 0.8)
('num_gradual', 10)
('forget_rate', 0.2)
('lr_decay', 0.1)
('schedule', [])
('momentum', 0.5)
('weight_decay', 0.0001)
('feature_dim', 128)
('plr', 0.01)
('lamda', 15)
('K', 5)
('gamma', 1)
('begin_sel', 10)
('max_beta', 2.0)
('mu', 0.01)
('device', device(type='cuda', index=7))
Files already downloaded and verified
Files already downloaded and verified
Round 0 global test acc  1.0200
Round 1 global test acc  3.2900
Round 2 global test acc  8.9200
Round 3 global test acc  12.3300
Round 4 global test acc  14.1000
Round 5 global test acc  14.0000
Round 6 global test acc  15.3800
Round 7 global test acc  15.3100
Round 8 global test acc  16.1900
Round 9 global test acc  16.6000
Round 10 global test acc  18.8700
Round 11 global test acc  17.9800
Round 12 global test acc  19.4100
Round 13 global test acc  20.8100
Round 14 global test acc  21.4800
Round 15 global test acc  22.7600
Round 16 global test acc  23.0900
Round 17 global test acc  24.8300
Round 18 global test acc  26.0600
Round 19 global test acc  26.6400
Round 20 global test acc  27.6600
Round 21 global test acc  28.8900
Round 22 global test acc  29.3800
Round 23 global test acc  30.7500
Round 24 global test acc  31.6500
Round 25 global test acc  32.5600
Round 26 global test acc  33.0800
Round 27 global test acc  33.5400
Round 28 global test acc  33.4400
Round 29 global test acc  35.4300
Round 30 global test acc  36.2900
Round 31 global test acc  36.4200
Round 32 global test acc  37.8200
Round 33 global test acc  38.4600
Round 34 global test acc  39.0200
Round 35 global test acc  40.6700
Round 36 global test acc  41.4100
Round 37 global test acc  41.9000
Round 38 global test acc  42.3200
Round 39 global test acc  42.7200
Round 40 global test acc  43.5000
Round 41 global test acc  44.2500
Round 42 global test acc  44.5100
Round 43 global test acc  44.4700
Round 44 global test acc  45.6100
Round 45 global test acc  45.7600
Round 46 global test acc  46.3200
Round 47 global test acc  47.4200
Round 48 global test acc  47.2200
Round 49 global test acc  48.1700
Round 50 global test acc  48.4400
Round 51 global test acc  48.4900
Round 52 global test acc  49.0100
Round 53 global test acc  49.8400
Round 54 global test acc  49.9300
Round 55 global test acc  50.1500
Round 56 global test acc  50.2100
Round 57 global test acc  50.8500
Round 58 global test acc  51.8500
Round 59 global test acc  51.5200
Round 60 global test acc  52.1200
Round 61 global test acc  52.6200
Round 62 global test acc  52.8500
Round 63 global test acc  53.0600
Round 64 global test acc  53.5600
Round 65 global test acc  53.0900
Round 66 global test acc  53.6600
Round 67 global test acc  54.4200
Round 68 global test acc  54.5900
Round 69 global test acc  54.4500
Round 70 global test acc  55.3200
Round 71 global test acc  55.0500
Round 72 global test acc  55.4000
Round 73 global test acc  55.8500
Round 74 global test acc  56.4000
Round 75 global test acc  55.7700
Round 76 global test acc  56.4800
Round 77 global test acc  56.4800
Round 78 global test acc  56.8800
Round 79 global test acc  57.4500
Round 80 global test acc  57.6000
Round 81 global test acc  57.7000
Round 82 global test acc  57.7300
Round 83 global test acc  58.2300
Round 84 global test acc  58.1000
Round 85 global test acc  58.3700
Round 86 global test acc  58.3400
Round 87 global test acc  58.8400
Round 88 global test acc  59.3700
Round 89 global test acc  58.9200
Round 90 global test acc  59.2000
Round 91 global test acc  59.0300
Round 92 global test acc  60.0600
Round 93 global test acc  59.1800
Round 94 global test acc  59.8200
Round 95 global test acc  59.7000
Round 96 global test acc  60.3700
Round 97 global test acc  60.8700
Round 98 global test acc  60.3500
Round 99 global test acc  59.4000
Round 100 global test acc  60.2100
Round 101 global test acc  61.1500
Round 102 global test acc  60.6700
Round 103 global test acc  60.7500
Round 104 global test acc  61.4900
Round 105 global test acc  61.7800
Round 106 global test acc  61.7600
Round 107 global test acc  61.5500
Round 108 global test acc  61.5100
Round 109 global test acc  61.6000
Round 110 global test acc  62.4600
Round 111 global test acc  62.0700
Round 112 global test acc  62.4900
Round 113 global test acc  62.5700
Round 114 global test acc  62.7200
Round 115 global test acc  62.5600
Round 116 global test acc  63.0300
Round 117 global test acc  62.9700
Round 118 global test acc  63.5400
Round 119 global test acc  63.4000
Round 120 global test acc  62.9700
Round 121 global test acc  63.2900
Round 122 global test acc  63.8500
Round 123 global test acc  63.4600
Round 124 global test acc  63.7300
Round 125 global test acc  63.1500
Round 126 global test acc  63.6300
Round 127 global test acc  64.1000
Round 128 global test acc  64.0000
Round 129 global test acc  64.1000
Round 130 global test acc  63.8500
Round 131 global test acc  64.4200
Round 132 global test acc  64.5100
Round 133 global test acc  64.0700
Round 134 global test acc  64.2600
Round 135 global test acc  64.9400
Round 136 global test acc  65.3000
Round 137 global test acc  65.1900
Round 138 global test acc  64.8500
Round 139 global test acc  65.1000
Round 140 global test acc  65.1400
Round 141 global test acc  65.3800
Round 142 global test acc  64.9400
Round 143 global test acc  65.5100
Round 144 global test acc  65.2200
Round 145 global test acc  65.1900
Round 146 global test acc  65.4800
Round 147 global test acc  65.4200
Round 148 global test acc  65.6800
Round 149 global test acc  65.2800
Round 150 global test acc  65.8800
Round 151 global test acc  65.2000
Round 152 global test acc  65.9400
Round 153 global test acc  65.7300
Round 154 global test acc  65.7400
Round 155 global test acc  65.9000
Round 156 global test acc  65.7500
Round 157 global test acc  65.6400
Round 158 global test acc  66.0300
Round 159 global test acc  66.2400
Round 160 global test acc  65.6500
Round 161 global test acc  66.2000
Round 162 global test acc  66.5500
Round 163 global test acc  66.2200
Round 164 global test acc  66.5700
Round 165 global test acc  66.5100
Round 166 global test acc  66.4400
Round 167 global test acc  66.8100
Round 168 global test acc  67.0100
Round 169 global test acc  67.0600
Round 170 global test acc  67.1800
Round 171 global test acc  67.2000
Round 172 global test acc  67.3000
Round 173 global test acc  67.0200
Round 174 global test acc  66.9100
Round 175 global test acc  66.9900
Round 176 global test acc  66.8700
Round 177 global test acc  67.2500
Round 178 global test acc  67.3900
Round 179 global test acc  67.4500
Round 180 global test acc  67.3100
Round 181 global test acc  67.4100
Round 182 global test acc  67.4100
Round 183 global test acc  66.9900
Round 184 global test acc  67.4300
Round 185 global test acc  67.5900
Round 186 global test acc  68.0200
Round 187 global test acc  67.2900
Round 188 global test acc  67.4900
Round 189 global test acc  67.5300
Round 190 global test acc  67.9000
Round 191 global test acc  67.6500
Round 192 global test acc  67.5300
Round 193 global test acc  67.8900
Round 194 global test acc  67.7000
Round 195 global test acc  67.7700
Round 196 global test acc  67.6800
Round 197 global test acc  67.9000
Round 198 global test acc  67.9900
Round 199 global test acc  67.8100
Round 200 global test acc  68.1200
Round 201 global test acc  68.3500
Round 202 global test acc  67.9700
Round 203 global test acc  68.3200
Round 204 global test acc  67.3500
Round 205 global test acc  67.6700
Round 206 global test acc  67.8000
Round 207 global test acc  68.1500
Round 208 global test acc  68.1500
Round 209 global test acc  68.2500
Round 210 global test acc  68.2200
Round 211 global test acc  68.1000
Round 212 global test acc  68.3200
Round 213 global test acc  68.4900
Round 214 global test acc  68.5000
Round 215 global test acc  68.7200
Round 216 global test acc  68.0900
Round 217 global test acc  68.5900
Round 218 global test acc  68.4400
Round 219 global test acc  68.3500
Round 220 global test acc  68.5100
Round 221 global test acc  68.5100
Round 222 global test acc  68.6400
Round 223 global test acc  68.4600
Round 224 global test acc  68.3600
Round 225 global test acc  68.6200
Round 226 global test acc  68.0800
Round 227 global test acc  68.6300
Round 228 global test acc  68.2300
Round 229 global test acc  68.3200
Round 230 global test acc  68.3800
Round 231 global test acc  68.9400
Round 232 global test acc  69.0300
Round 233 global test acc  68.7000
Round 234 global test acc  69.1900
Round 235 global test acc  68.6900
Round 236 global test acc  68.6900
Round 237 global test acc  69.1700
Round 238 global test acc  69.2400
Round 239 global test acc  68.9700
Round 240 global test acc  69.4000
Round 241 global test acc  68.9200
Round 242 global test acc  69.1600
Round 243 global test acc  69.1200
Round 244 global test acc  68.6900
Round 245 global test acc  69.1800
Round 246 global test acc  68.9600
Round 247 global test acc  69.0400
Round 248 global test acc  68.9700
Round 249 global test acc  69.3200
Round 250 global test acc  69.2900
Round 251 global test acc  69.0700
Round 252 global test acc  68.4900
Round 253 global test acc  69.4200
Round 254 global test acc  69.0700
Round 255 global test acc  69.3500
Round 256 global test acc  69.4000
Round 257 global test acc  69.2400
Round 258 global test acc  69.7000
Round 259 global test acc  69.5200
Round 260 global test acc  69.1700
Round 261 global test acc  69.1600
Round 262 global test acc  69.0500
Round 263 global test acc  69.3900
Round 264 global test acc  69.4700
Round 265 global test acc  69.1400
Round 266 global test acc  68.8800
Round 267 global test acc  69.5900
Round 268 global test acc  69.1800
Round 269 global test acc  69.3100
Round 270 global test acc  69.4300
Round 271 global test acc  69.4700
Round 272 global test acc  69.6500
Round 273 global test acc  69.4500
Round 274 global test acc  69.5400
Round 275 global test acc  69.5600
Round 276 global test acc  70.0300
Round 277 global test acc  69.9000
Round 278 global test acc  69.8400
Round 279 global test acc  69.8200
Round 280 global test acc  69.8300
Round 281 global test acc  69.7000
Round 282 global test acc  69.6300
Round 283 global test acc  69.7000
Round 284 global test acc  69.5500
Round 285 global test acc  69.7300
Round 286 global test acc  69.8200
Round 287 global test acc  69.9800
Round 288 global test acc  69.5100
Round 289 global test acc  69.8400
Round 290 global test acc  70.1700
Round 291 global test acc  69.5900
Round 292 global test acc  69.4300
Round 293 global test acc  69.5600
Round 294 global test acc  69.7200
Round 295 global test acc  69.5900
Round 296 global test acc  70.1200
Round 297 global test acc  69.6800
Round 298 global test acc  70.1000
Round 299 global test acc  69.7100
Round 300 global test acc  69.8600
Round 301 global test acc  69.9600
Round 302 global test acc  69.8700
Round 303 global test acc  70.1100
Round 304 global test acc  69.4400
Round 305 global test acc  69.9900
Round 306 global test acc  69.2700
Round 307 global test acc  69.8800
Round 308 global test acc  69.8800
Round 309 global test acc  69.6400
Round 310 global test acc  69.8000
Round 311 global test acc  69.5000
Round 312 global test acc  69.6400
Round 313 global test acc  69.9200
Round 314 global test acc  69.6500
Round 315 global test acc  69.9000
Round 316 global test acc  69.6500
Round 317 global test acc  69.8500
Round 318 global test acc  69.8500
Round 319 global test acc  69.9300
Round 320 global test acc  70.0500
Round 321 global test acc  69.9600
Round 322 global test acc  70.1500
Round 323 global test acc  69.8500
Round 324 global test acc  70.0000
Round 325 global test acc  70.1100
Round 326 global test acc  70.0000
Round 327 global test acc  69.8100
Round 328 global test acc  69.7100
Round 329 global test acc  70.1300
Round 330 global test acc  69.8400
Round 331 global test acc  70.0600
Round 332 global test acc  70.1400
Round 333 global test acc  70.1000
Round 334 global test acc  70.1100
Round 335 global test acc  70.1100
Round 336 global test acc  70.0100
Round 337 global test acc  69.8700
Round 338 global test acc  70.1900
Round 339 global test acc  69.7500
Round 340 global test acc  70.0100
Round 341 global test acc  69.9800
Round 342 global test acc  70.2900
Round 343 global test acc  70.3100
Round 344 global test acc  70.6400
Round 345 global test acc  70.6700
Round 346 global test acc  69.8600
Round 347 global test acc  69.6800
Round 348 global test acc  70.1200
Round 349 global test acc  69.4900
Round 350 global test acc  70.0300
Round 351 global test acc  69.9500
Round 352 global test acc  70.0300
Round 353 global test acc  70.1700
Round 354 global test acc  70.2600
Round 355 global test acc  70.4500
Round 356 global test acc  70.2300
Round 357 global test acc  70.0200
Round 358 global test acc  70.2300
Round 359 global test acc  70.4600
Round 360 global test acc  70.3700
Round 361 global test acc  70.2100
Round 362 global test acc  70.4300
Round 363 global test acc  70.3000
Round 364 global test acc  70.4200
Round 365 global test acc  70.4100
Round 366 global test acc  70.6600
Round 367 global test acc  70.4900
Round 368 global test acc  70.2100
Round 369 global test acc  70.1200
Round 370 global test acc  70.0200
Round 371 global test acc  70.1100
Round 372 global test acc  70.0200
Round 373 global test acc  70.0600
Round 374 global test acc  69.9700
Round 375 global test acc  70.3900
Round 376 global test acc  70.2600
Round 377 global test acc  69.9900
Round 378 global test acc  70.1100
Round 379 global test acc  70.2400
Round 380 global test acc  70.5100
Round 381 global test acc  70.6200
Round 382 global test acc  70.4100
Round 383 global test acc  70.3900
Round 384 global test acc  69.9700
Round 385 global test acc  70.1400
Round 386 global test acc  70.0200
Round 387 global test acc  70.3000
Round 388 global test acc  70.1000
Round 389 global test acc  70.0200
Round 390 global test acc  70.0100
Round 391 global test acc  70.5500
Round 392 global test acc  70.4900
Round 393 global test acc  70.2700
Round 394 global test acc  69.8100
Round 395 global test acc  70.3800
Round 396 global test acc  70.0900
Round 397 global test acc  70.3300
Round 398 global test acc  70.5200
Round 399 global test acc  70.4400
Round 400 global test acc  70.3600
Round 401 global test acc  70.1200
Round 402 global test acc  70.5000
Round 403 global test acc  70.4400
Round 404 global test acc  70.2800
Round 405 global test acc  70.2900
Round 406 global test acc  70.3100
Round 407 global test acc  70.0400
Round 408 global test acc  70.0300
Round 409 global test acc  70.2800
Round 410 global test acc  70.5100
Round 411 global test acc  70.3200
Round 412 global test acc  70.3900
Round 413 global test acc  70.8700
Round 414 global test acc  70.8000
Round 415 global test acc  70.9400
Round 416 global test acc  70.8000
Round 417 global test acc  70.9300
Round 418 global test acc  70.6000
Round 419 global test acc  70.6000
Round 420 global test acc  70.6600
Round 421 global test acc  70.7800
Round 422 global test acc  70.2400
Round 423 global test acc  70.5800
Round 424 global test acc  70.4300
Round 425 global test acc  70.2500
Round 426 global test acc  70.7000
Round 427 global test acc  70.6400
Round 428 global test acc  70.8500
Round 429 global test acc  70.4400
Round 430 global test acc  70.7700
Round 431 global test acc  70.5900
Round 432 global test acc  70.5200
Round 433 global test acc  70.7000
Round 434 global test acc  70.8000
Round 435 global test acc  70.5100
Round 436 global test acc  70.4400
Round 437 global test acc  70.3100
Round 438 global test acc  70.6100
Round 439 global test acc  70.2700
Round 440 global test acc  70.7000
Round 441 global test acc  70.5800
Round 442 global test acc  70.5700
Round 443 global test acc  70.9000
Round 444 global test acc  70.4700
Round 445 global test acc  70.6000
Round 446 global test acc  70.5200
Round 447 global test acc  70.3600
Round 448 global test acc  70.7200
Round 449 global test acc  70.8300
time : 37273.2371532917
