('algorithm', 'FedCorr')
('gpu', 1)
('seed', 13)
('save_dir', './record/')
('rounds2', 200)
('local_ep', 5)
('frac2', 0.1)
('num_users', 100)
('local_bs', 32)
('lr', 0.1)
('model', 'lenet')
('num_classes', 10)
('level_n_system', 1.0)
('level_n_lowerb', 0.5)
('alpha_dirichlet', 10)
('non_iid_prob_class', 0.7)
('dataset', 'mnist')
('iid', False)
('LID_k', 20)
('iteration1', 5)
('rounds1', 200)
('frac1', 0.01)
('pretrained', False)
('mixup', False)
('alpha', 1)
('beta', 5)
('relabel_ratio', 0.5)
('confidence_thres', 0.5)
('clean_set_thres', 0.1)
('fine_tuning', True)
('correction', True)
('T_pl', 100)
('lambda_cen', 1.0)
('lambda_e', 0.8)
('num_gradual', 10)
('forget_rate', 0.2)
('lr_decay', 0.1)
('schedule', [])
('momentum', 0.5)
('weight_decay', 0.0001)
('feature_dim', 128)
('plr', 0.1)
('lamda', 15)
('K', 1)
('gamma', 1)
('begin_sel', 10)
('max_beta', 2)
('mu', 0.01)
('device', device(type='cuda', index=1))
Client 0, noise level: 0.8484 (0.7635), real noise ratio: 0.7560
Client 1, noise level: 0.9815 (0.8834), real noise ratio: 0.8836
Client 2, noise level: 0.6389 (0.5750), real noise ratio: 0.5859
Client 3, noise level: 0.6168 (0.5551), real noise ratio: 0.5282
Client 4, noise level: 0.9228 (0.8306), real noise ratio: 0.8376
Client 5, noise level: 0.6121 (0.5509), real noise ratio: 0.5354
Client 6, noise level: 0.8445 (0.7600), real noise ratio: 0.7468
Client 7, noise level: 0.5767 (0.5191), real noise ratio: 0.4941
Client 8, noise level: 0.6018 (0.5416), real noise ratio: 0.5693
Client 9, noise level: 0.5338 (0.4804), real noise ratio: 0.4698
Client 10, noise level: 0.8747 (0.7873), real noise ratio: 0.7910
Client 11, noise level: 0.5900 (0.5310), real noise ratio: 0.5223
Client 12, noise level: 0.5621 (0.5059), real noise ratio: 0.5229
Client 13, noise level: 0.6124 (0.5512), real noise ratio: 0.5098
Client 14, noise level: 0.6397 (0.5758), real noise ratio: 0.5687
Client 15, noise level: 0.5169 (0.4652), real noise ratio: 0.4687
Client 16, noise level: 0.6272 (0.5645), real noise ratio: 0.5382
Client 17, noise level: 0.8344 (0.7510), real noise ratio: 0.7437
Client 18, noise level: 0.8800 (0.7920), real noise ratio: 0.8122
Client 19, noise level: 0.6130 (0.5517), real noise ratio: 0.5450
Client 20, noise level: 0.8059 (0.7253), real noise ratio: 0.7477
Client 21, noise level: 0.9561 (0.8605), real noise ratio: 0.8850
Client 22, noise level: 0.7708 (0.6937), real noise ratio: 0.7213
Client 23, noise level: 0.6870 (0.6183), real noise ratio: 0.6038
Client 24, noise level: 0.5066 (0.4559), real noise ratio: 0.4389
Client 25, noise level: 0.9147 (0.8232), real noise ratio: 0.8302
Client 26, noise level: 0.9083 (0.8175), real noise ratio: 0.8270
Client 27, noise level: 0.5399 (0.4859), real noise ratio: 0.4742
Client 28, noise level: 0.5858 (0.5273), real noise ratio: 0.5407
Client 29, noise level: 0.9191 (0.8272), real noise ratio: 0.8395
Client 30, noise level: 0.7821 (0.7039), real noise ratio: 0.7004
Client 31, noise level: 0.6749 (0.6074), real noise ratio: 0.6164
Client 32, noise level: 0.5725 (0.5153), real noise ratio: 0.5022
Client 33, noise level: 0.5493 (0.4943), real noise ratio: 0.5014
Client 34, noise level: 0.7801 (0.7021), real noise ratio: 0.6947
Client 35, noise level: 0.8550 (0.7695), real noise ratio: 0.7844
Client 36, noise level: 0.9754 (0.8779), real noise ratio: 0.8818
Client 37, noise level: 0.8740 (0.7866), real noise ratio: 0.7907
Client 38, noise level: 0.6861 (0.6175), real noise ratio: 0.6518
Client 39, noise level: 0.8792 (0.7913), real noise ratio: 0.7873
Client 40, noise level: 0.5355 (0.4820), real noise ratio: 0.4785
Client 41, noise level: 0.8109 (0.7298), real noise ratio: 0.7151
Client 42, noise level: 0.8604 (0.7743), real noise ratio: 0.7760
Client 43, noise level: 0.5209 (0.4688), real noise ratio: 0.4627
Client 44, noise level: 0.6976 (0.6279), real noise ratio: 0.6729
Client 45, noise level: 0.5807 (0.5226), real noise ratio: 0.5331
Client 46, noise level: 0.6380 (0.5742), real noise ratio: 0.5643
Client 47, noise level: 0.6133 (0.5519), real noise ratio: 0.5399
Client 48, noise level: 0.6523 (0.5871), real noise ratio: 0.5671
Client 49, noise level: 0.5681 (0.5113), real noise ratio: 0.4913
Client 50, noise level: 0.8471 (0.7624), real noise ratio: 0.7598
Client 51, noise level: 0.5264 (0.4738), real noise ratio: 0.4834
Client 52, noise level: 0.7907 (0.7116), real noise ratio: 0.6959
Client 53, noise level: 0.5899 (0.5309), real noise ratio: 0.5084
Client 54, noise level: 0.7533 (0.6780), real noise ratio: 0.6698
Client 55, noise level: 0.6408 (0.5767), real noise ratio: 0.5928
Client 56, noise level: 0.6850 (0.6165), real noise ratio: 0.6271
Client 57, noise level: 0.7523 (0.6770), real noise ratio: 0.7048
Client 58, noise level: 0.5612 (0.5050), real noise ratio: 0.4621
Client 59, noise level: 0.5653 (0.5088), real noise ratio: 0.5422
Client 60, noise level: 0.9222 (0.8300), real noise ratio: 0.8401
Client 61, noise level: 0.6961 (0.6265), real noise ratio: 0.6476
Client 62, noise level: 0.5848 (0.5263), real noise ratio: 0.5178
Client 63, noise level: 0.9006 (0.8105), real noise ratio: 0.8043
Client 64, noise level: 0.9551 (0.8596), real noise ratio: 0.8548
Client 65, noise level: 0.9148 (0.8233), real noise ratio: 0.8341
Client 66, noise level: 0.8570 (0.7713), real noise ratio: 0.7561
Client 67, noise level: 0.5497 (0.4947), real noise ratio: 0.5049
Client 68, noise level: 0.9567 (0.8610), real noise ratio: 0.8659
Client 69, noise level: 0.7890 (0.7101), real noise ratio: 0.6973
Client 70, noise level: 0.9501 (0.8551), real noise ratio: 0.8671
Client 71, noise level: 0.7818 (0.7036), real noise ratio: 0.7149
Client 72, noise level: 0.5049 (0.4544), real noise ratio: 0.4590
Client 73, noise level: 0.9971 (0.8974), real noise ratio: 0.8942
Client 74, noise level: 0.5662 (0.5096), real noise ratio: 0.5356
Client 75, noise level: 0.8463 (0.7617), real noise ratio: 0.7688
Client 76, noise level: 0.6671 (0.6004), real noise ratio: 0.5550
Client 77, noise level: 0.5901 (0.5311), real noise ratio: 0.5161
Client 78, noise level: 0.5703 (0.5133), real noise ratio: 0.5427
Client 79, noise level: 0.8346 (0.7512), real noise ratio: 0.7432
Client 80, noise level: 0.6519 (0.5867), real noise ratio: 0.6231
Client 81, noise level: 0.8068 (0.7261), real noise ratio: 0.7030
Client 82, noise level: 0.9678 (0.8710), real noise ratio: 0.8990
Client 83, noise level: 0.6015 (0.5413), real noise ratio: 0.5333
Client 84, noise level: 0.5598 (0.5038), real noise ratio: 0.4892
Client 85, noise level: 0.6961 (0.6265), real noise ratio: 0.6347
Client 86, noise level: 0.8473 (0.7625), real noise ratio: 0.7667
Client 87, noise level: 0.9725 (0.8752), real noise ratio: 0.8649
Client 88, noise level: 0.5817 (0.5235), real noise ratio: 0.5187
Client 89, noise level: 0.7294 (0.6564), real noise ratio: 0.6343
Client 90, noise level: 0.6394 (0.5755), real noise ratio: 0.5640
Client 91, noise level: 0.6023 (0.5421), real noise ratio: 0.5223
Client 92, noise level: 0.6542 (0.5888), real noise ratio: 0.5620
Client 93, noise level: 0.8978 (0.8080), real noise ratio: 0.8160
Client 94, noise level: 0.5464 (0.4918), real noise ratio: 0.4641
Client 95, noise level: 0.9345 (0.8411), real noise ratio: 0.8136
Client 96, noise level: 0.9169 (0.8252), real noise ratio: 0.8161
Client 97, noise level: 0.8409 (0.7568), real noise ratio: 0.7565
Client 98, noise level: 0.6479 (0.5831), real noise ratio: 0.6003
Client 99, noise level: 0.5831 (0.5248), real noise ratio: 0.5380
LeNet(
  (conv1): Conv2d(1, 6, kernel_size=(5, 5), stride=(1, 1))
  (conv2): Conv2d(6, 16, kernel_size=(5, 5), stride=(1, 1))
  (batch_norm): BatchNorm2d(16, eps=1e-05, momentum=0.1, affine=True, track_running_stats=True)
  (fc1): Linear(in_features=400, out_features=120, bias=True)
  (fc2): Linear(in_features=120, out_features=84, bias=True)
  (fc3): Linear(in_features=84, out_features=10, bias=True)
)
Round 0 global test acc  95.1700
Round 1 global test acc  95.2000
Round 2 global test acc  95.2800
Round 3 global test acc  95.7900
Round 4 global test acc  95.3600
Round 5 global test acc  95.5900
Round 6 global test acc  95.1600
Round 7 global test acc  95.5500
Round 8 global test acc  94.8400
Round 9 global test acc  95.6700
Round 10 global test acc  95.6000
Round 11 global test acc  95.5700
Round 12 global test acc  95.7500
Round 13 global test acc  95.8900
Round 14 global test acc  95.8000
Round 15 global test acc  95.8600
Round 16 global test acc  95.7800
Round 17 global test acc  95.8200
Round 18 global test acc  96.1700
Round 19 global test acc  95.9600
Round 20 global test acc  96.2000
Round 21 global test acc  96.1600
Round 22 global test acc  95.9600
Round 23 global test acc  96.2200
Round 24 global test acc  96.2300
Round 25 global test acc  95.9900
Round 26 global test acc  96.2800
Round 27 global test acc  95.5000
Round 28 global test acc  95.9000
Round 29 global test acc  96.2300
Round 30 global test acc  95.9400
Round 31 global test acc  95.3200
Round 32 global test acc  95.7500
Round 33 global test acc  96.3600
Round 34 global test acc  96.2200
Round 35 global test acc  96.0300
Round 36 global test acc  95.9700
Round 37 global test acc  95.8200
Round 38 global test acc  96.0200
Round 39 global test acc  95.8700
Round 40 global test acc  95.9100
Round 41 global test acc  95.8400
Round 42 global test acc  96.0800
Round 43 global test acc  95.9200
Round 44 global test acc  95.9000
Round 45 global test acc  95.8000
Round 46 global test acc  95.9100
Round 47 global test acc  95.6900
Round 48 global test acc  95.9100
Round 49 global test acc  96.3500
Round 50 global test acc  95.9800
Round 51 global test acc  96.2000
Round 52 global test acc  96.2700
Round 53 global test acc  96.2400
Round 54 global test acc  96.2400
Round 55 global test acc  96.2100
Round 56 global test acc  96.2100
Round 57 global test acc  95.7100
Round 58 global test acc  96.2900
Round 59 global test acc  95.9900
Round 60 global test acc  95.9900
Round 61 global test acc  96.2100
Round 62 global test acc  96.3800
Round 63 global test acc  96.3600
Round 64 global test acc  96.1400
Round 65 global test acc  96.0500
Round 66 global test acc  96.0200
Round 67 global test acc  95.9900
Round 68 global test acc  96.0700
Round 69 global test acc  96.0300
Round 70 global test acc  96.0500
Round 71 global test acc  96.0300
Round 72 global test acc  96.3200
Round 73 global test acc  96.1600
Round 74 global test acc  96.0100
Round 75 global test acc  96.1400
Round 76 global test acc  95.9700
Round 77 global test acc  96.3700
Round 78 global test acc  96.0400
Round 79 global test acc  96.0300
Round 80 global test acc  95.8100
Round 81 global test acc  95.8100
Round 82 global test acc  95.8200
Round 83 global test acc  96.1700
Round 84 global test acc  95.6000
Round 85 global test acc  95.6700
Round 86 global test acc  95.5600
Round 87 global test acc  95.8900
Round 88 global test acc  95.8400
Round 89 global test acc  96.0100
Round 90 global test acc  95.4300
Round 91 global test acc  95.6700
Round 92 global test acc  95.6800
Round 93 global test acc  95.9000
Round 94 global test acc  96.0200
Round 95 global test acc  96.0300
Round 96 global test acc  96.3000
Round 97 global test acc  95.8500
Round 98 global test acc  96.0100
Round 99 global test acc  96.1500
Round 100 global test acc  96.2100
Round 101 global test acc  96.3800
Round 102 global test acc  96.2000
Round 103 global test acc  95.4900
Round 104 global test acc  95.8700
Round 105 global test acc  95.9100
Round 106 global test acc  94.9600
Round 107 global test acc  95.6600
Round 108 global test acc  96.1600
Round 109 global test acc  96.0700
Round 110 global test acc  96.0600
Round 111 global test acc  95.8600
Round 112 global test acc  95.9300
Round 113 global test acc  95.6000
Round 114 global test acc  95.1500
Round 115 global test acc  95.7400
Round 116 global test acc  95.9100
Round 117 global test acc  95.8600
Round 118 global test acc  95.8600
Round 119 global test acc  95.7300
Round 120 global test acc  96.1600
Round 121 global test acc  96.2100
Round 122 global test acc  95.7700
Round 123 global test acc  95.5800
Round 124 global test acc  95.9500
Round 125 global test acc  95.3800
Round 126 global test acc  95.8100
Round 127 global test acc  95.8900
Round 128 global test acc  95.5800
Round 129 global test acc  95.1900
Round 130 global test acc  95.1300
Round 131 global test acc  95.7100
Round 132 global test acc  95.8800
Round 133 global test acc  96.1800
Round 134 global test acc  96.1900
Round 135 global test acc  96.2700
Round 136 global test acc  95.8700
Round 137 global test acc  95.7000
Round 138 global test acc  95.7000
Round 139 global test acc  95.8800
Round 140 global test acc  95.4900
Round 141 global test acc  95.9400
Round 142 global test acc  96.2100
Round 143 global test acc  96.0700
Round 144 global test acc  96.0800
Round 145 global test acc  96.1100
Round 146 global test acc  96.1600
Round 147 global test acc  96.0500
Round 148 global test acc  96.1200
Round 149 global test acc  96.1700
Round 150 global test acc  96.2200
Round 151 global test acc  95.8900
Round 152 global test acc  96.1100
Round 153 global test acc  96.1600
Round 154 global test acc  94.9800
Round 155 global test acc  96.0800
Round 156 global test acc  95.8500
Round 157 global test acc  96.1700
Round 158 global test acc  95.7800
Round 159 global test acc  95.3500
Round 160 global test acc  96.0500
Round 161 global test acc  95.9400
Round 162 global test acc  96.1900
Round 163 global test acc  95.9700
Round 164 global test acc  96.1300
Round 165 global test acc  95.9700
Round 166 global test acc  96.0400
Round 167 global test acc  96.0100
Round 168 global test acc  95.7700
Round 169 global test acc  95.8800
Round 170 global test acc  96.1500
Round 171 global test acc  95.6300
Round 172 global test acc  95.3600
Round 173 global test acc  95.7100
Round 174 global test acc  95.5900
Round 175 global test acc  95.9800
Round 176 global test acc  96.0700
Round 177 global test acc  96.1400
Round 178 global test acc  96.1600
Round 179 global test acc  96.1000
Round 180 global test acc  95.8100
Round 181 global test acc  95.9500
Round 182 global test acc  95.4900
Round 183 global test acc  95.8600
Round 184 global test acc  96.0400
Round 185 global test acc  95.3700
Round 186 global test acc  95.6200
Round 187 global test acc  95.6300
Round 188 global test acc  95.7300
Round 189 global test acc  95.7700
Round 190 global test acc  96.2900
Round 191 global test acc  95.8300
Round 192 global test acc  95.9500
Round 193 global test acc  96.1300
Round 194 global test acc  96.1700
Round 195 global test acc  95.8500
Round 196 global test acc  95.9600
Round 197 global test acc  96.0600
Round 198 global test acc  96.0000
Round 199 global test acc  95.7700
time : 8598.780399084091
('algorithm', 'FedCorr')
('gpu', 1)
('seed', 13)
('save_dir', './record/')
('rounds2', 200)
('local_ep', 5)
('frac2', 0.1)
('num_users', 100)
('local_bs', 32)
('lr', 0.1)
('model', 'lenet')
('num_classes', 10)
('level_n_system', 1.0)
('level_n_lowerb', 0.5)
('alpha_dirichlet', 10)
('non_iid_prob_class', 0.7)
('dataset', 'mnist')
('iid', False)
('LID_k', 20)
('iteration1', 5)
('rounds1', 200)
('frac1', 0.01)
('pretrained', False)
('mixup', False)
('alpha', 1)
('beta', 5)
('relabel_ratio', 0.5)
('confidence_thres', 0.5)
('clean_set_thres', 0.1)
('fine_tuning', True)
('correction', True)
('T_pl', 100)
('lambda_cen', 1.0)
('lambda_e', 0.8)
('num_gradual', 10)
('forget_rate', 0.2)
('lr_decay', 0.1)
('schedule', [])
('momentum', 0.5)
('weight_decay', 0.0001)
('feature_dim', 128)
('plr', 0.1)
('lamda', 15)
('K', 1)
('gamma', 1)
('begin_sel', 10)
('max_beta', 2)
('mu', 0.01)
('device', device(type='cuda', index=1))
Client 0, noise level: 0.8484 (0.7635), real noise ratio: 0.7560
Client 1, noise level: 0.9815 (0.8834), real noise ratio: 0.8836
Client 2, noise level: 0.6389 (0.5750), real noise ratio: 0.5859
Client 3, noise level: 0.6168 (0.5551), real noise ratio: 0.5282
Client 4, noise level: 0.9228 (0.8306), real noise ratio: 0.8376
Client 5, noise level: 0.6121 (0.5509), real noise ratio: 0.5354
Client 6, noise level: 0.8445 (0.7600), real noise ratio: 0.7468
Client 7, noise level: 0.5767 (0.5191), real noise ratio: 0.4941
Client 8, noise level: 0.6018 (0.5416), real noise ratio: 0.5693
Client 9, noise level: 0.5338 (0.4804), real noise ratio: 0.4698
Client 10, noise level: 0.8747 (0.7873), real noise ratio: 0.7910
Client 11, noise level: 0.5900 (0.5310), real noise ratio: 0.5223
Client 12, noise level: 0.5621 (0.5059), real noise ratio: 0.5229
Client 13, noise level: 0.6124 (0.5512), real noise ratio: 0.5098
Client 14, noise level: 0.6397 (0.5758), real noise ratio: 0.5687
Client 15, noise level: 0.5169 (0.4652), real noise ratio: 0.4687
Client 16, noise level: 0.6272 (0.5645), real noise ratio: 0.5382
Client 17, noise level: 0.8344 (0.7510), real noise ratio: 0.7437
Client 18, noise level: 0.8800 (0.7920), real noise ratio: 0.8122
Client 19, noise level: 0.6130 (0.5517), real noise ratio: 0.5450
Client 20, noise level: 0.8059 (0.7253), real noise ratio: 0.7477
Client 21, noise level: 0.9561 (0.8605), real noise ratio: 0.8850
Client 22, noise level: 0.7708 (0.6937), real noise ratio: 0.7213
Client 23, noise level: 0.6870 (0.6183), real noise ratio: 0.6038
Client 24, noise level: 0.5066 (0.4559), real noise ratio: 0.4389
Client 25, noise level: 0.9147 (0.8232), real noise ratio: 0.8302
Client 26, noise level: 0.9083 (0.8175), real noise ratio: 0.8270
Client 27, noise level: 0.5399 (0.4859), real noise ratio: 0.4742
Client 28, noise level: 0.5858 (0.5273), real noise ratio: 0.5407
Client 29, noise level: 0.9191 (0.8272), real noise ratio: 0.8395
Client 30, noise level: 0.7821 (0.7039), real noise ratio: 0.7004
Client 31, noise level: 0.6749 (0.6074), real noise ratio: 0.6164
Client 32, noise level: 0.5725 (0.5153), real noise ratio: 0.5022
Client 33, noise level: 0.5493 (0.4943), real noise ratio: 0.5014
Client 34, noise level: 0.7801 (0.7021), real noise ratio: 0.6947
Client 35, noise level: 0.8550 (0.7695), real noise ratio: 0.7844
Client 36, noise level: 0.9754 (0.8779), real noise ratio: 0.8818
Client 37, noise level: 0.8740 (0.7866), real noise ratio: 0.7907
Client 38, noise level: 0.6861 (0.6175), real noise ratio: 0.6518
Client 39, noise level: 0.8792 (0.7913), real noise ratio: 0.7873
Client 40, noise level: 0.5355 (0.4820), real noise ratio: 0.4785
Client 41, noise level: 0.8109 (0.7298), real noise ratio: 0.7151
Client 42, noise level: 0.8604 (0.7743), real noise ratio: 0.7760
Client 43, noise level: 0.5209 (0.4688), real noise ratio: 0.4627
Client 44, noise level: 0.6976 (0.6279), real noise ratio: 0.6729
Client 45, noise level: 0.5807 (0.5226), real noise ratio: 0.5331
Client 46, noise level: 0.6380 (0.5742), real noise ratio: 0.5643
Client 47, noise level: 0.6133 (0.5519), real noise ratio: 0.5399
Client 48, noise level: 0.6523 (0.5871), real noise ratio: 0.5671
Client 49, noise level: 0.5681 (0.5113), real noise ratio: 0.4913
Client 50, noise level: 0.8471 (0.7624), real noise ratio: 0.7598
Client 51, noise level: 0.5264 (0.4738), real noise ratio: 0.4834
Client 52, noise level: 0.7907 (0.7116), real noise ratio: 0.6959
Client 53, noise level: 0.5899 (0.5309), real noise ratio: 0.5084
Client 54, noise level: 0.7533 (0.6780), real noise ratio: 0.6698
Client 55, noise level: 0.6408 (0.5767), real noise ratio: 0.5928
Client 56, noise level: 0.6850 (0.6165), real noise ratio: 0.6271
Client 57, noise level: 0.7523 (0.6770), real noise ratio: 0.7048
Client 58, noise level: 0.5612 (0.5050), real noise ratio: 0.4621
Client 59, noise level: 0.5653 (0.5088), real noise ratio: 0.5422
Client 60, noise level: 0.9222 (0.8300), real noise ratio: 0.8401
Client 61, noise level: 0.6961 (0.6265), real noise ratio: 0.6476
Client 62, noise level: 0.5848 (0.5263), real noise ratio: 0.5178
Client 63, noise level: 0.9006 (0.8105), real noise ratio: 0.8043
Client 64, noise level: 0.9551 (0.8596), real noise ratio: 0.8548
Client 65, noise level: 0.9148 (0.8233), real noise ratio: 0.8341
Client 66, noise level: 0.8570 (0.7713), real noise ratio: 0.7561
Client 67, noise level: 0.5497 (0.4947), real noise ratio: 0.5049
Client 68, noise level: 0.9567 (0.8610), real noise ratio: 0.8659
Client 69, noise level: 0.7890 (0.7101), real noise ratio: 0.6973
Client 70, noise level: 0.9501 (0.8551), real noise ratio: 0.8671
Client 71, noise level: 0.7818 (0.7036), real noise ratio: 0.7149
Client 72, noise level: 0.5049 (0.4544), real noise ratio: 0.4590
Client 73, noise level: 0.9971 (0.8974), real noise ratio: 0.8942
Client 74, noise level: 0.5662 (0.5096), real noise ratio: 0.5356
Client 75, noise level: 0.8463 (0.7617), real noise ratio: 0.7688
Client 76, noise level: 0.6671 (0.6004), real noise ratio: 0.5550
Client 77, noise level: 0.5901 (0.5311), real noise ratio: 0.5161
Client 78, noise level: 0.5703 (0.5133), real noise ratio: 0.5427
Client 79, noise level: 0.8346 (0.7512), real noise ratio: 0.7432
Client 80, noise level: 0.6519 (0.5867), real noise ratio: 0.6231
Client 81, noise level: 0.8068 (0.7261), real noise ratio: 0.7030
Client 82, noise level: 0.9678 (0.8710), real noise ratio: 0.8990
Client 83, noise level: 0.6015 (0.5413), real noise ratio: 0.5333
Client 84, noise level: 0.5598 (0.5038), real noise ratio: 0.4892
Client 85, noise level: 0.6961 (0.6265), real noise ratio: 0.6347
Client 86, noise level: 0.8473 (0.7625), real noise ratio: 0.7667
Client 87, noise level: 0.9725 (0.8752), real noise ratio: 0.8649
Client 88, noise level: 0.5817 (0.5235), real noise ratio: 0.5187
Client 89, noise level: 0.7294 (0.6564), real noise ratio: 0.6343
Client 90, noise level: 0.6394 (0.5755), real noise ratio: 0.5640
Client 91, noise level: 0.6023 (0.5421), real noise ratio: 0.5223
Client 92, noise level: 0.6542 (0.5888), real noise ratio: 0.5620
Client 93, noise level: 0.8978 (0.8080), real noise ratio: 0.8160
Client 94, noise level: 0.5464 (0.4918), real noise ratio: 0.4641
Client 95, noise level: 0.9345 (0.8411), real noise ratio: 0.8136
Client 96, noise level: 0.9169 (0.8252), real noise ratio: 0.8161
Client 97, noise level: 0.8409 (0.7568), real noise ratio: 0.7565
Client 98, noise level: 0.6479 (0.5831), real noise ratio: 0.6003
Client 99, noise level: 0.5831 (0.5248), real noise ratio: 0.5380
LeNet(
  (conv1): Conv2d(1, 6, kernel_size=(5, 5), stride=(1, 1))
  (conv2): Conv2d(6, 16, kernel_size=(5, 5), stride=(1, 1))
  (batch_norm): BatchNorm2d(16, eps=1e-05, momentum=0.1, affine=True, track_running_stats=True)
  (fc1): Linear(in_features=400, out_features=120, bias=True)
  (fc2): Linear(in_features=120, out_features=84, bias=True)
  (fc3): Linear(in_features=84, out_features=10, bias=True)
)
Round 0 global test acc  95.9400
Round 0 Fscore 

[]
Round 1 global test acc  95.7900
Round 1 Fscore 

[]
Round 2 global test acc  96.1500
Round 2 Fscore 

[]
Round 3 global test acc  96.2000
Round 3 Fscore 

[]
Round 4 global test acc  96.0200
Round 4 Fscore 

[]
Round 5 global test acc  96.1600
Round 5 Fscore 

[]
Round 6 global test acc  96.3100
Round 6 Fscore 

[]
Round 7 global test acc  96.0400
Round 7 Fscore 

[]
Round 8 global test acc  96.0600
Round 8 Fscore 

[]
Round 9 global test acc  96.3500
Round 9 Fscore 

[]
Round 10 global test acc  95.6500
Round 10 Fscore 

[]
Round 11 global test acc  95.8400
Round 11 Fscore 

[]
Round 12 global test acc  96.5900
Round 12 Fscore 

[]
Round 13 global test acc  96.2100
Round 13 Fscore 

[]
Round 14 global test acc  95.8900
Round 14 Fscore 

[]
Round 15 global test acc  95.8700
Round 15 Fscore 

[]
Round 16 global test acc  95.9500
Round 16 Fscore 

[]
Round 17 global test acc  86.6400
Round 17 Fscore 

[]
Round 18 global test acc  95.6900
Round 18 Fscore 

[]
Round 19 global test acc  95.8500
Round 19 Fscore 

[]
Round 20 global test acc  95.8700
Round 20 Fscore 

[]
Round 21 global test acc  96.1800
Round 21 Fscore 

[]
Round 22 global test acc  95.9600
Round 22 Fscore 

[]
Round 23 global test acc  96.2800
Round 23 Fscore 

[]
Round 24 global test acc  96.7200
Round 24 Fscore 

[]
Round 25 global test acc  96.4600
Round 25 Fscore 

[]
Round 26 global test acc  96.3300
Round 26 Fscore 

[]
Round 27 global test acc  96.4000
Round 27 Fscore 

[]
Round 28 global test acc  96.5000
Round 28 Fscore 

[]
Round 29 global test acc  96.5600
Round 29 Fscore 

[]
Round 30 global test acc  96.6100
Round 30 Fscore 

[]
Round 31 global test acc  96.6500
Round 31 Fscore 

[]
Round 32 global test acc  96.6900
Round 32 Fscore 

[]
Round 33 global test acc  96.4700
Round 33 Fscore 

[]
Round 34 global test acc  96.6400
Round 34 Fscore 

[]
Round 35 global test acc  96.5000
Round 35 Fscore 

[]
Round 36 global test acc  96.4100
Round 36 Fscore 

[]
Round 37 global test acc  96.5600
Round 37 Fscore 

[]
Round 38 global test acc  96.4700
Round 38 Fscore 

[]
Round 39 global test acc  96.3400
Round 39 Fscore 

[]
Round 40 global test acc  96.4900
Round 40 Fscore 

[]
Round 41 global test acc  96.3100
Round 41 Fscore 

[]
Round 42 global test acc  96.4600
Round 42 Fscore 

[]
Round 43 global test acc  96.5400
Round 43 Fscore 

[]
Round 44 global test acc  96.3800
Round 44 Fscore 

[]
Round 45 global test acc  96.3400
Round 45 Fscore 

[]
Round 46 global test acc  96.1700
Round 46 Fscore 

[]
Round 47 global test acc  96.5100
Round 47 Fscore 

[]
Round 48 global test acc  96.5100
Round 48 Fscore 

[]
Round 49 global test acc  96.5400
Round 49 Fscore 

[]
Round 50 global test acc  96.5500
Round 50 Fscore 

[]
Round 51 global test acc  96.4500
Round 51 Fscore 

[]
Round 52 global test acc  96.4900
Round 52 Fscore 

[]
Round 53 global test acc  96.4200
Round 53 Fscore 

[]
Round 54 global test acc  96.3800
Round 54 Fscore 

[]
Round 55 global test acc  96.2500
Round 55 Fscore 

[]
Round 56 global test acc  96.3800
Round 56 Fscore 

[]
Round 57 global test acc  96.5100
Round 57 Fscore 

[]
Round 58 global test acc  96.5500
Round 58 Fscore 

[]
Round 59 global test acc  96.3900
Round 59 Fscore 

[]
Round 60 global test acc  96.3700
Round 60 Fscore 

[]
Round 61 global test acc  96.3100
Round 61 Fscore 

[]
Round 62 global test acc  96.1600
Round 62 Fscore 

[]
Round 63 global test acc  96.4900
Round 63 Fscore 

[]
Round 64 global test acc  96.4700
Round 64 Fscore 

[]
Round 65 global test acc  96.5800
Round 65 Fscore 

[]
Round 66 global test acc  96.6400
Round 66 Fscore 

[]
Round 67 global test acc  96.6300
Round 67 Fscore 

[]
Round 68 global test acc  96.3200
Round 68 Fscore 

[]
Round 69 global test acc  96.6400
Round 69 Fscore 

[]
Round 70 global test acc  96.5900
Round 70 Fscore 

[]
Round 71 global test acc  96.5700
Round 71 Fscore 

[]
Round 72 global test acc  96.2800
Round 72 Fscore 

[]
Round 73 global test acc  96.6100
Round 73 Fscore 

[]
Round 74 global test acc  96.4500
Round 74 Fscore 

[]
Round 75 global test acc  96.3000
Round 75 Fscore 

[]
Round 76 global test acc  96.3900
Round 76 Fscore 

[]
Round 77 global test acc  96.3900
Round 77 Fscore 

[]
Round 78 global test acc  96.5200
Round 78 Fscore 

[]
Round 79 global test acc  96.3600
Round 79 Fscore 

[]
Round 80 global test acc  96.1500
Round 80 Fscore 

[]
Round 81 global test acc  96.2900
Round 81 Fscore 

[]
Round 82 global test acc  96.3500
Round 82 Fscore 

[]
Round 83 global test acc  96.4900
Round 83 Fscore 

[]
Round 84 global test acc  96.4800
Round 84 Fscore 

[]
Round 85 global test acc  96.3100
Round 85 Fscore 

[]
Round 86 global test acc  96.3500
Round 86 Fscore 

[]
Round 87 global test acc  96.3900
Round 87 Fscore 

[]
Round 88 global test acc  96.2300
Round 88 Fscore 

[]
Round 89 global test acc  96.1900
Round 89 Fscore 

[]
Round 90 global test acc  95.7300
Round 90 Fscore 

[]
Round 91 global test acc  96.2500
Round 91 Fscore 

[]
Round 92 global test acc  96.2300
Round 92 Fscore 

[]
Round 93 global test acc  96.2800
Round 93 Fscore 

[]
Round 94 global test acc  96.4300
Round 94 Fscore 

[]
Round 95 global test acc  95.9100
Round 95 Fscore 

[]
Round 96 global test acc  96.0600
Round 96 Fscore 

[]
Round 97 global test acc  96.0800
Round 97 Fscore 

[]
Round 98 global test acc  96.3500
Round 98 Fscore 

[]
Round 99 global test acc  96.0600
Round 99 Fscore 

[]
Round 100 global test acc  96.4600
Round 100 Fscore 

[]
Round 101 global test acc  95.8900
Round 101 Fscore 

[]
Round 102 global test acc  95.9800
Round 102 Fscore 

[]
Round 103 global test acc  96.3400
Round 103 Fscore 

[]
Round 104 global test acc  96.0800
Round 104 Fscore 

[]
Round 105 global test acc  95.9500
Round 105 Fscore 

[]
Round 106 global test acc  96.2800
Round 106 Fscore 

[]
Round 107 global test acc  96.2800
Round 107 Fscore 

[]
Round 108 global test acc  96.2100
Round 108 Fscore 

[]
Round 109 global test acc  96.4100
Round 109 Fscore 

[]
Round 110 global test acc  96.0700
Round 110 Fscore 

[]
Round 111 global test acc  96.2500
Round 111 Fscore 

[]
Round 112 global test acc  96.1600
Round 112 Fscore 

[]
Round 113 global test acc  96.5100
Round 113 Fscore 

[]
Round 114 global test acc  96.3300
Round 114 Fscore 

[]
Round 115 global test acc  96.5200
Round 115 Fscore 

[]
Round 116 global test acc  96.3900
Round 116 Fscore 

[]
Round 117 global test acc  96.4300
Round 117 Fscore 

[]
Round 118 global test acc  96.0000
Round 118 Fscore 

[]
Round 119 global test acc  96.0400
Round 119 Fscore 

[]
Round 120 global test acc  95.2000
Round 120 Fscore 

[]
Round 121 global test acc  96.0500
Round 121 Fscore 

[]
Round 122 global test acc  96.0800
Round 122 Fscore 

[]
Round 123 global test acc  96.3400
Round 123 Fscore 

[]
Round 124 global test acc  96.3900
Round 124 Fscore 

[]
Round 125 global test acc  96.2600
Round 125 Fscore 

[]
Round 126 global test acc  96.2800
Round 126 Fscore 

[]
Round 127 global test acc  96.4400
Round 127 Fscore 

[]
Round 128 global test acc  96.5000
Round 128 Fscore 

[]
Round 129 global test acc  96.2700
Round 129 Fscore 

[]
Round 130 global test acc  96.4500
Round 130 Fscore 

[]
Round 131 global test acc  96.3500
Round 131 Fscore 

[]
Round 132 global test acc  96.2600
Round 132 Fscore 

[]
Round 133 global test acc  96.0000
Round 133 Fscore 

[]
Round 134 global test acc  96.1300
Round 134 Fscore 

[]
Round 135 global test acc  96.3100
Round 135 Fscore 

[]
Round 136 global test acc  96.2200
Round 136 Fscore 

[]
Round 137 global test acc  96.1300
Round 137 Fscore 

[]
Round 138 global test acc  96.0500
Round 138 Fscore 

[]
Round 139 global test acc  96.1400
Round 139 Fscore 

[]
Round 140 global test acc  95.8800
Round 140 Fscore 

[]
Round 141 global test acc  96.3800
Round 141 Fscore 

[]
Round 142 global test acc  96.0100
Round 142 Fscore 

[]
Round 143 global test acc  96.3200
Round 143 Fscore 

[]
Round 144 global test acc  96.3700
Round 144 Fscore 

[]
Round 145 global test acc  96.4200
Round 145 Fscore 

[]
Round 146 global test acc  96.4800
Round 146 Fscore 

[]
Round 147 global test acc  96.2900
Round 147 Fscore 

[]
Round 148 global test acc  96.3000
Round 148 Fscore 

[]
Round 149 global test acc  96.3300
Round 149 Fscore 

[]
Round 150 global test acc  96.1500
Round 150 Fscore 

[]
Round 151 global test acc  96.2600
Round 151 Fscore 

[]
Round 152 global test acc  96.1800
Round 152 Fscore 

[]
Round 153 global test acc  96.1600
Round 153 Fscore 

[]
Round 154 global test acc  96.1800
Round 154 Fscore 

[]
Round 155 global test acc  96.0700
Round 155 Fscore 

[]
Round 156 global test acc  96.1100
Round 156 Fscore 

[]
Round 157 global test acc  96.1500
Round 157 Fscore 

[]
Round 158 global test acc  96.3500
Round 158 Fscore 

[]
Round 159 global test acc  96.1400
Round 159 Fscore 

[]
Round 160 global test acc  96.0500
Round 160 Fscore 

[]
Round 161 global test acc  96.4400
Round 161 Fscore 

[]
Round 162 global test acc  96.4000
Round 162 Fscore 

[]
Round 163 global test acc  96.2200
Round 163 Fscore 

[]
Round 164 global test acc  96.4700
Round 164 Fscore 

[]
Round 165 global test acc  96.3400
Round 165 Fscore 

[]
Round 166 global test acc  96.0900
Round 166 Fscore 

[]
Round 167 global test acc  95.9400
Round 167 Fscore 

[]
Round 168 global test acc  96.2100
Round 168 Fscore 

[]
Round 169 global test acc  96.4100
Round 169 Fscore 

[]
Round 170 global test acc  96.1700
Round 170 Fscore 

[]
Round 171 global test acc  96.1300
Round 171 Fscore 

[]
Round 172 global test acc  96.2100
Round 172 Fscore 

[]
Round 173 global test acc  96.3000
Round 173 Fscore 

[]
Round 174 global test acc  96.2000
Round 174 Fscore 

[]
Round 175 global test acc  96.1000
Round 175 Fscore 

[]
Round 176 global test acc  96.4400
Round 176 Fscore 

[]
Round 177 global test acc  96.1600
Round 177 Fscore 

[]
Round 178 global test acc  95.9400
Round 178 Fscore 

[]
Round 179 global test acc  96.0100
Round 179 Fscore 

[]
Round 180 global test acc  96.1400
Round 180 Fscore 

[]
Round 181 global test acc  96.1600
Round 181 Fscore 

[]
Round 182 global test acc  95.9700
Round 182 Fscore 

[]
Round 183 global test acc  91.9900
Round 183 Fscore 

[]
Round 184 global test acc  95.5000
Round 184 Fscore 

[]
Round 185 global test acc  95.5700
Round 185 Fscore 

[]
Round 186 global test acc  95.7900
Round 186 Fscore 

[]
Round 187 global test acc  95.8100
Round 187 Fscore 

[]
Round 188 global test acc  96.0100
Round 188 Fscore 

[]
Round 189 global test acc  95.8900
Round 189 Fscore 

[]
Round 190 global test acc  95.8300
Round 190 Fscore 

[]
Round 191 global test acc  96.0000
Round 191 Fscore 

[]
Round 192 global test acc  96.1300
Round 192 Fscore 

[]
Round 193 global test acc  95.6000
Round 193 Fscore 

[]
Round 194 global test acc  95.8800
Round 194 Fscore 

[]
Round 195 global test acc  96.3200
Round 195 Fscore 

[]
Round 196 global test acc  96.1200
Round 196 Fscore 

[]
Round 197 global test acc  96.1400
Round 197 Fscore 

[]
Round 198 global test acc  95.9900
Round 198 Fscore 

[]
Round 199 global test acc  96.0400
Round 199 Fscore 

[0.9556135535240173, 0.9117647409439087, 0.8451882600784302, 0.9011627435684204, 0.8969298601150513, 0.9371196627616882, 0.9457364678382874, 0.8976377844810486, 0.9381720423698425, 0.8891481757164001, 0.8870115876197815, 0.8787541389465332, 0.8741496205329895, 0.8727914690971375, 0.9495101571083069, 0.8856088519096375, 0.8980715870857239, 0.9176756143569946, 0.9002267718315125, 0.8685120940208435, 0.8020050525665283, 0.8686131834983826, 0.915068507194519, 0.9220985174179077, 0.9113531112670898, 0.9112553596496582, 0.890365481376648, 0.90625, 0.9336016178131104, 0.8937729001045227, 0.9269480109214783, 0.8902953863143921, 0.9291784763336182, 0.8871990442276001, 0.9344978332519531, 0.9011553525924683, 0.8683205842971802, 0.9048843383789062, 0.9507388472557068, 0.8732026219367981, 0.8685259222984314, 0.9209895730018616, 0.9124578833580017, 0.885993480682373, 0.9347825646400452, 0.8813559412956238, 0.8538898825645447, 0.8565815091133118, 0.9347015619277954, 0.8618420958518982, 0.9460476636886597, 0.8811776638031006, 0.9159561395645142, 0.8813560009002686, 0.9484083652496338, 0.9397260546684265, 0.895591676235199, 0.9038461446762085, 0.8872180581092834, 0.8610478043556213, 0.9154452681541443, 0.9061728715896606, 0.8829953074455261, 0.9205775856971741, 0.9039264917373657, 0.8691982626914978, 0.9115504622459412, 0.8857142925262451, 0.9232343435287476, 0.9253731369972229, 0.8989298343658447, 0.9518247842788696, 0.9031505584716797, 0.8760330677032471, 0.8666666746139526, 0.9346991181373596, 0.9207673072814941, 0.8604207038879395, 0.8853332996368408, 0.9343066215515137, 0.9194865226745605, 0.9272727370262146, 0.8893904685974121, 0.8496503829956055, 0.8730384707450867, 0.9318637847900391, 0.9005947113037109, 0.9064261317253113, 0.8694096803665161, 0.9315896034240723, 0.9105367660522461, 0.9415094256401062, 0.849056601524353, 0.848249077796936, 0.9139344692230225, 0.794285774230957, 0.8647282719612122, 0.9313432574272156, 0.9277487397193909, 0.8348214030265808]
time : 8611.44671368599
('algorithm', 'FedCorr')
('gpu', 1)
('seed', 13)
('save_dir', './record/')
('rounds2', 200)
('local_ep', 5)
('frac2', 0.1)
('num_users', 100)
('local_bs', 32)
('lr', 0.1)
('model', 'lenet')
('num_classes', 10)
('level_n_system', 1.0)
('level_n_lowerb', 0.5)
('alpha_dirichlet', 10)
('non_iid_prob_class', 0.7)
('dataset', 'mnist')
('iid', False)
('LID_k', 20)
('iteration1', 5)
('rounds1', 200)
('frac1', 0.01)
('pretrained', False)
('mixup', False)
('alpha', 1)
('beta', 5)
('relabel_ratio', 0.5)
('confidence_thres', 0.5)
('clean_set_thres', 0.1)
('fine_tuning', True)
('correction', True)
('T_pl', 100)
('lambda_cen', 1.0)
('lambda_e', 0.8)
('num_gradual', 10)
('forget_rate', 0.2)
('lr_decay', 0.1)
('schedule', [])
('momentum', 0.5)
('weight_decay', 0.0001)
('feature_dim', 128)
('plr', 0.05)
('lamda', 15)
('K', 5)
('gamma', 1)
('begin_sel', 10)
('max_beta', 2)
('mu', 0.01)
('device', device(type='cuda', index=1))
Client 0, noise level: 0.8484 (0.7635), real noise ratio: 0.7560
Client 1, noise level: 0.9815 (0.8834), real noise ratio: 0.8836
Client 2, noise level: 0.6389 (0.5750), real noise ratio: 0.5859
Client 3, noise level: 0.6168 (0.5551), real noise ratio: 0.5282
Client 4, noise level: 0.9228 (0.8306), real noise ratio: 0.8376
Client 5, noise level: 0.6121 (0.5509), real noise ratio: 0.5354
Client 6, noise level: 0.8445 (0.7600), real noise ratio: 0.7468
Client 7, noise level: 0.5767 (0.5191), real noise ratio: 0.4941
Client 8, noise level: 0.6018 (0.5416), real noise ratio: 0.5693
Client 9, noise level: 0.5338 (0.4804), real noise ratio: 0.4698
Client 10, noise level: 0.8747 (0.7873), real noise ratio: 0.7910
Client 11, noise level: 0.5900 (0.5310), real noise ratio: 0.5223
Client 12, noise level: 0.5621 (0.5059), real noise ratio: 0.5229
Client 13, noise level: 0.6124 (0.5512), real noise ratio: 0.5098
Client 14, noise level: 0.6397 (0.5758), real noise ratio: 0.5687
Client 15, noise level: 0.5169 (0.4652), real noise ratio: 0.4687
Client 16, noise level: 0.6272 (0.5645), real noise ratio: 0.5382
Client 17, noise level: 0.8344 (0.7510), real noise ratio: 0.7437
Client 18, noise level: 0.8800 (0.7920), real noise ratio: 0.8122
Client 19, noise level: 0.6130 (0.5517), real noise ratio: 0.5450
Client 20, noise level: 0.8059 (0.7253), real noise ratio: 0.7477
Client 21, noise level: 0.9561 (0.8605), real noise ratio: 0.8850
Client 22, noise level: 0.7708 (0.6937), real noise ratio: 0.7213
Client 23, noise level: 0.6870 (0.6183), real noise ratio: 0.6038
Client 24, noise level: 0.5066 (0.4559), real noise ratio: 0.4389
Client 25, noise level: 0.9147 (0.8232), real noise ratio: 0.8302
Client 26, noise level: 0.9083 (0.8175), real noise ratio: 0.8270
Client 27, noise level: 0.5399 (0.4859), real noise ratio: 0.4742
Client 28, noise level: 0.5858 (0.5273), real noise ratio: 0.5407
Client 29, noise level: 0.9191 (0.8272), real noise ratio: 0.8395
Client 30, noise level: 0.7821 (0.7039), real noise ratio: 0.7004
Client 31, noise level: 0.6749 (0.6074), real noise ratio: 0.6164
Client 32, noise level: 0.5725 (0.5153), real noise ratio: 0.5022
Client 33, noise level: 0.5493 (0.4943), real noise ratio: 0.5014
Client 34, noise level: 0.7801 (0.7021), real noise ratio: 0.6947
Client 35, noise level: 0.8550 (0.7695), real noise ratio: 0.7844
Client 36, noise level: 0.9754 (0.8779), real noise ratio: 0.8818
Client 37, noise level: 0.8740 (0.7866), real noise ratio: 0.7907
Client 38, noise level: 0.6861 (0.6175), real noise ratio: 0.6518
Client 39, noise level: 0.8792 (0.7913), real noise ratio: 0.7873
Client 40, noise level: 0.5355 (0.4820), real noise ratio: 0.4785
Client 41, noise level: 0.8109 (0.7298), real noise ratio: 0.7151
Client 42, noise level: 0.8604 (0.7743), real noise ratio: 0.7760
Client 43, noise level: 0.5209 (0.4688), real noise ratio: 0.4627
Client 44, noise level: 0.6976 (0.6279), real noise ratio: 0.6729
Client 45, noise level: 0.5807 (0.5226), real noise ratio: 0.5331
Client 46, noise level: 0.6380 (0.5742), real noise ratio: 0.5643
Client 47, noise level: 0.6133 (0.5519), real noise ratio: 0.5399
Client 48, noise level: 0.6523 (0.5871), real noise ratio: 0.5671
Client 49, noise level: 0.5681 (0.5113), real noise ratio: 0.4913
Client 50, noise level: 0.8471 (0.7624), real noise ratio: 0.7598
Client 51, noise level: 0.5264 (0.4738), real noise ratio: 0.4834
Client 52, noise level: 0.7907 (0.7116), real noise ratio: 0.6959
Client 53, noise level: 0.5899 (0.5309), real noise ratio: 0.5084
Client 54, noise level: 0.7533 (0.6780), real noise ratio: 0.6698
Client 55, noise level: 0.6408 (0.5767), real noise ratio: 0.5928
Client 56, noise level: 0.6850 (0.6165), real noise ratio: 0.6271
Client 57, noise level: 0.7523 (0.6770), real noise ratio: 0.7048
Client 58, noise level: 0.5612 (0.5050), real noise ratio: 0.4621
Client 59, noise level: 0.5653 (0.5088), real noise ratio: 0.5422
Client 60, noise level: 0.9222 (0.8300), real noise ratio: 0.8401
Client 61, noise level: 0.6961 (0.6265), real noise ratio: 0.6476
Client 62, noise level: 0.5848 (0.5263), real noise ratio: 0.5178
Client 63, noise level: 0.9006 (0.8105), real noise ratio: 0.8043
Client 64, noise level: 0.9551 (0.8596), real noise ratio: 0.8548
Client 65, noise level: 0.9148 (0.8233), real noise ratio: 0.8341
Client 66, noise level: 0.8570 (0.7713), real noise ratio: 0.7561
Client 67, noise level: 0.5497 (0.4947), real noise ratio: 0.5049
Client 68, noise level: 0.9567 (0.8610), real noise ratio: 0.8659
Client 69, noise level: 0.7890 (0.7101), real noise ratio: 0.6973
Client 70, noise level: 0.9501 (0.8551), real noise ratio: 0.8671
Client 71, noise level: 0.7818 (0.7036), real noise ratio: 0.7149
Client 72, noise level: 0.5049 (0.4544), real noise ratio: 0.4590
Client 73, noise level: 0.9971 (0.8974), real noise ratio: 0.8942
Client 74, noise level: 0.5662 (0.5096), real noise ratio: 0.5356
Client 75, noise level: 0.8463 (0.7617), real noise ratio: 0.7688
Client 76, noise level: 0.6671 (0.6004), real noise ratio: 0.5550
Client 77, noise level: 0.5901 (0.5311), real noise ratio: 0.5161
Client 78, noise level: 0.5703 (0.5133), real noise ratio: 0.5427
Client 79, noise level: 0.8346 (0.7512), real noise ratio: 0.7432
Client 80, noise level: 0.6519 (0.5867), real noise ratio: 0.6231
Client 81, noise level: 0.8068 (0.7261), real noise ratio: 0.7030
Client 82, noise level: 0.9678 (0.8710), real noise ratio: 0.8990
Client 83, noise level: 0.6015 (0.5413), real noise ratio: 0.5333
Client 84, noise level: 0.5598 (0.5038), real noise ratio: 0.4892
Client 85, noise level: 0.6961 (0.6265), real noise ratio: 0.6347
Client 86, noise level: 0.8473 (0.7625), real noise ratio: 0.7667
Client 87, noise level: 0.9725 (0.8752), real noise ratio: 0.8649
Client 88, noise level: 0.5817 (0.5235), real noise ratio: 0.5187
Client 89, noise level: 0.7294 (0.6564), real noise ratio: 0.6343
Client 90, noise level: 0.6394 (0.5755), real noise ratio: 0.5640
Client 91, noise level: 0.6023 (0.5421), real noise ratio: 0.5223
Client 92, noise level: 0.6542 (0.5888), real noise ratio: 0.5620
Client 93, noise level: 0.8978 (0.8080), real noise ratio: 0.8160
Client 94, noise level: 0.5464 (0.4918), real noise ratio: 0.4641
Client 95, noise level: 0.9345 (0.8411), real noise ratio: 0.8136
Client 96, noise level: 0.9169 (0.8252), real noise ratio: 0.8161
Client 97, noise level: 0.8409 (0.7568), real noise ratio: 0.7565
Client 98, noise level: 0.6479 (0.5831), real noise ratio: 0.6003
Client 99, noise level: 0.5831 (0.5248), real noise ratio: 0.5380
LeNet(
  (conv1): Conv2d(1, 6, kernel_size=(5, 5), stride=(1, 1))
  (conv2): Conv2d(6, 16, kernel_size=(5, 5), stride=(1, 1))
  (batch_norm): BatchNorm2d(16, eps=1e-05, momentum=0.1, affine=True, track_running_stats=True)
  (fc1): Linear(in_features=400, out_features=120, bias=True)
  (fc2): Linear(in_features=120, out_features=84, bias=True)
  (fc3): Linear(in_features=84, out_features=10, bias=True)
)
Round 0 global test acc  96.1400
Round 0 Fscore 

[]
Round 1 global test acc  95.9000
Round 1 Fscore 

[]
Round 2 global test acc  95.9500
Round 2 Fscore 

[]
Round 3 global test acc  95.8200
Round 3 Fscore 

[]
Round 4 global test acc  96.0400
Round 4 Fscore 

[]
Round 5 global test acc  95.6900
Round 5 Fscore 

[]
Round 6 global test acc  95.7500
Round 6 Fscore 

[]
Round 7 global test acc  95.7300
Round 7 Fscore 

[]
Round 8 global test acc  95.6100
Round 8 Fscore 

[]
Round 9 global test acc  95.9600
Round 9 Fscore 

[]
Round 10 global test acc  96.1500
Round 10 Fscore 

[]
Round 11 global test acc  95.7400
Round 11 Fscore 

[]
Round 12 global test acc  95.6500
Round 12 Fscore 

[]
Round 13 global test acc  95.5800
Round 13 Fscore 

[]
Round 14 global test acc  96.0600
Round 14 Fscore 

[]
Round 15 global test acc  95.6400
Round 15 Fscore 

[]
Round 16 global test acc  96.0800
Round 16 Fscore 

[]
Round 17 global test acc  95.6200
Round 17 Fscore 

[]
Round 18 global test acc  95.5400
Round 18 Fscore 

[]
Round 19 global test acc  95.9500
Round 19 Fscore 

[]
Round 20 global test acc  96.0500
Round 20 Fscore 

[]
Round 21 global test acc  96.2800
Round 21 Fscore 

[]
Round 22 global test acc  96.2000
Round 22 Fscore 

[]
Round 23 global test acc  95.3300
Round 23 Fscore 

[]
Round 24 global test acc  88.4100
Round 24 Fscore 

[]
Round 25 global test acc  94.7400
Round 25 Fscore 

[]
Round 26 global test acc  95.6200
Round 26 Fscore 

[]
Round 27 global test acc  95.8400
Round 27 Fscore 

[]
Round 28 global test acc  95.9900
Round 28 Fscore 

[]
Round 29 global test acc  95.6500
Round 29 Fscore 

[]
Round 30 global test acc  95.9200
Round 30 Fscore 

[]
Round 31 global test acc  96.0500
Round 31 Fscore 

[]
Round 32 global test acc  96.0200
Round 32 Fscore 

[]
Round 33 global test acc  96.2200
Round 33 Fscore 

[]
Round 34 global test acc  95.9300
Round 34 Fscore 

[]
Round 35 global test acc  95.6600
Round 35 Fscore 

[]
Round 36 global test acc  95.6900
Round 36 Fscore 

[]
Round 37 global test acc  95.8300
Round 37 Fscore 

[]
Round 38 global test acc  96.0200
Round 38 Fscore 

[]
Round 39 global test acc  96.0900
Round 39 Fscore 

[]
Round 40 global test acc  96.1500
Round 40 Fscore 

[]
Round 41 global test acc  96.1400
Round 41 Fscore 

[]
Round 42 global test acc  96.3600
Round 42 Fscore 

[]
Round 43 global test acc  96.1300
Round 43 Fscore 

[]
Round 44 global test acc  96.3100
Round 44 Fscore 

[]
Round 45 global test acc  96.2800
Round 45 Fscore 

[]
Round 46 global test acc  95.8400
Round 46 Fscore 

[]
Round 47 global test acc  95.7600
Round 47 Fscore 

[]
Round 48 global test acc  95.9900
Round 48 Fscore 

[]
Round 49 global test acc  95.4700
Round 49 Fscore 

[]
Round 50 global test acc  95.5100
Round 50 Fscore 

[]
Round 51 global test acc  96.0100
Round 51 Fscore 

[]
Round 52 global test acc  95.8600
Round 52 Fscore 

[]
Round 53 global test acc  96.1400
Round 53 Fscore 

[]
Round 54 global test acc  95.8900
Round 54 Fscore 

[]
Round 55 global test acc  95.9500
Round 55 Fscore 

[]
Round 56 global test acc  95.8000
Round 56 Fscore 

[]
Round 57 global test acc  96.1000
Round 57 Fscore 

[]
Round 58 global test acc  95.7600
Round 58 Fscore 

[]
Round 59 global test acc  95.8200
Round 59 Fscore 

[]
Round 60 global test acc  95.6900
Round 60 Fscore 

[]
Round 61 global test acc  95.7300
Round 61 Fscore 

[]
Round 62 global test acc  95.7800
Round 62 Fscore 

[]
Round 63 global test acc  95.5800
Round 63 Fscore 

[]
Round 64 global test acc  95.8200
Round 64 Fscore 

[]
Round 65 global test acc  95.4900
Round 65 Fscore 

[]
Round 66 global test acc  95.4700
Round 66 Fscore 

[]
Round 67 global test acc  95.4100
Round 67 Fscore 

[]
Round 68 global test acc  95.8100
Round 68 Fscore 

[]
Round 69 global test acc  95.9300
Round 69 Fscore 

[]
Round 70 global test acc  95.9300
Round 70 Fscore 

[]
Round 71 global test acc  95.7500
Round 71 Fscore 

[]
Round 72 global test acc  95.6500
Round 72 Fscore 

[]
Round 73 global test acc  95.9900
Round 73 Fscore 

[]
Round 74 global test acc  95.8700
Round 74 Fscore 

[]
Round 75 global test acc  96.2800
Round 75 Fscore 

[]
Round 76 global test acc  94.8900
Round 76 Fscore 

[]
Round 77 global test acc  95.8800
Round 77 Fscore 

[]
Round 78 global test acc  95.4500
Round 78 Fscore 

[]
Round 79 global test acc  95.5800
Round 79 Fscore 

[]
Round 80 global test acc  95.9600
Round 80 Fscore 

[]
Round 81 global test acc  95.8200
Round 81 Fscore 

[]
Round 82 global test acc  95.4400
Round 82 Fscore 

[]
Round 83 global test acc  95.8400
Round 83 Fscore 

[]
Round 84 global test acc  95.6100
Round 84 Fscore 

[]
Round 85 global test acc  95.7300
Round 85 Fscore 

[]
Round 86 global test acc  95.8600
Round 86 Fscore 

[]
Round 87 global test acc  95.9100
Round 87 Fscore 

[]
Round 88 global test acc  96.0200
Round 88 Fscore 

[]
Round 89 global test acc  95.4700
Round 89 Fscore 

[]
Round 90 global test acc  95.9200
Round 90 Fscore 

[]
Round 91 global test acc  95.8700
Round 91 Fscore 

[]
Round 92 global test acc  95.8600
Round 92 Fscore 

[]
Round 93 global test acc  95.9300
Round 93 Fscore 

[]
Round 94 global test acc  96.0700
Round 94 Fscore 

[]
Round 95 global test acc  95.9200
Round 95 Fscore 

[]
Round 96 global test acc  95.5400
Round 96 Fscore 

[]
Round 97 global test acc  95.4700
Round 97 Fscore 

[]
Round 98 global test acc  95.6500
Round 98 Fscore 

[]
Round 99 global test acc  95.6800
Round 99 Fscore 

[]
Round 100 global test acc  95.5100
Round 100 Fscore 

[]
Round 101 global test acc  95.7400
Round 101 Fscore 

[]
Round 102 global test acc  95.4300
Round 102 Fscore 

[]
Round 103 global test acc  94.8500
Round 103 Fscore 

[]
Round 104 global test acc  95.5900
Round 104 Fscore 

[]
Round 105 global test acc  95.2500
Round 105 Fscore 

[]
Round 106 global test acc  95.4500
Round 106 Fscore 

[]
Round 107 global test acc  95.4800
Round 107 Fscore 

[]
Round 108 global test acc  95.7200
Round 108 Fscore 

[]
Round 109 global test acc  95.7600
Round 109 Fscore 

[]
Round 110 global test acc  95.2900
Round 110 Fscore 

[]
Round 111 global test acc  95.2500
Round 111 Fscore 

[]
Round 112 global test acc  95.5900
Round 112 Fscore 

[]
Round 113 global test acc  95.7500
Round 113 Fscore 

[]
Round 114 global test acc  95.5900
Round 114 Fscore 

[]
Round 115 global test acc  95.4000
Round 115 Fscore 

[]
Round 116 global test acc  95.9000
Round 116 Fscore 

[]
Round 117 global test acc  95.6000
Round 117 Fscore 

[]
Round 118 global test acc  95.5000
Round 118 Fscore 

[]
Round 119 global test acc  95.6900
Round 119 Fscore 

[]
Round 120 global test acc  95.5300
Round 120 Fscore 

[]
Round 121 global test acc  95.5700
Round 121 Fscore 

[]
Round 122 global test acc  95.7700
Round 122 Fscore 

[]
Round 123 global test acc  95.7700
Round 123 Fscore 

[]
Round 124 global test acc  95.5700
Round 124 Fscore 

[]
Round 125 global test acc  95.6000
Round 125 Fscore 

[]
Round 126 global test acc  95.7200
Round 126 Fscore 

[]
Round 127 global test acc  95.4400
Round 127 Fscore 

[]
Round 128 global test acc  95.3000
Round 128 Fscore 

[]
Round 129 global test acc  95.5500
Round 129 Fscore 

[]
Round 130 global test acc  95.5000
Round 130 Fscore 

[]
Round 131 global test acc  95.6100
Round 131 Fscore 

[]
Round 132 global test acc  95.3200
Round 132 Fscore 

[]
Round 133 global test acc  95.5100
Round 133 Fscore 

[]
Round 134 global test acc  95.5000
Round 134 Fscore 

[]
Round 135 global test acc  95.4400
Round 135 Fscore 

[]
Round 136 global test acc  95.5500
Round 136 Fscore 

[]
Round 137 global test acc  95.5800
Round 137 Fscore 

[]
Round 138 global test acc  95.6300
Round 138 Fscore 

[]
Round 139 global test acc  95.6100
Round 139 Fscore 

[]
Round 140 global test acc  95.5000
Round 140 Fscore 

[]
Round 141 global test acc  95.2200
Round 141 Fscore 

[]
Round 142 global test acc  95.7000
Round 142 Fscore 

[]
Round 143 global test acc  95.7700
Round 143 Fscore 

[]
Round 144 global test acc  95.8900
Round 144 Fscore 

[]
Round 145 global test acc  95.6000
Round 145 Fscore 

[]
Round 146 global test acc  95.3800
Round 146 Fscore 

[]
Round 147 global test acc  95.4200
Round 147 Fscore 

[]
Round 148 global test acc  95.6800
Round 148 Fscore 

[]
Round 149 global test acc  95.6400
Round 149 Fscore 

[]
Round 150 global test acc  95.2100
Round 150 Fscore 

[]
Round 151 global test acc  95.9300
Round 151 Fscore 

[]
Round 152 global test acc  95.5400
Round 152 Fscore 

[]
Round 153 global test acc  94.9600
Round 153 Fscore 

[]
Round 154 global test acc  95.6800
Round 154 Fscore 

[]
Round 155 global test acc  95.8900
Round 155 Fscore 

[]
Round 156 global test acc  95.3200
Round 156 Fscore 

[]
Round 157 global test acc  95.5500
Round 157 Fscore 

[]
Round 158 global test acc  95.7400
Round 158 Fscore 

[]
Round 159 global test acc  95.8700
Round 159 Fscore 

[]
Round 160 global test acc  95.6300
Round 160 Fscore 

[]
Round 161 global test acc  95.7200
Round 161 Fscore 

[]
Round 162 global test acc  95.8800
Round 162 Fscore 

[]
Round 163 global test acc  95.8300
Round 163 Fscore 

[]
Round 164 global test acc  95.4600
Round 164 Fscore 

[]
Round 165 global test acc  95.2700
Round 165 Fscore 

[]
Round 166 global test acc  94.8500
Round 166 Fscore 

[]
Round 167 global test acc  95.5000
Round 167 Fscore 

[]
Round 168 global test acc  95.7000
Round 168 Fscore 

[]
Round 169 global test acc  95.9500
Round 169 Fscore 

[]
Round 170 global test acc  95.9300
Round 170 Fscore 

[]
Round 171 global test acc  88.1100
Round 171 Fscore 

[]
Round 172 global test acc  95.2200
Round 172 Fscore 

[]
Round 173 global test acc  94.8200
Round 173 Fscore 

[]
Round 174 global test acc  95.4400
Round 174 Fscore 

[]
Round 175 global test acc  95.3400
Round 175 Fscore 

[]
Round 176 global test acc  95.4000
Round 176 Fscore 

[]
Round 177 global test acc  95.3800
Round 177 Fscore 

[]
Round 178 global test acc  95.8600
Round 178 Fscore 

[]
Round 179 global test acc  95.6300
Round 179 Fscore 

[]
Round 180 global test acc  95.9600
Round 180 Fscore 

[]
Round 181 global test acc  94.7600
Round 181 Fscore 

[]
Round 182 global test acc  95.1900
Round 182 Fscore 

[]
Round 183 global test acc  95.1200
Round 183 Fscore 

[]
Round 184 global test acc  95.6400
Round 184 Fscore 

[]
Round 185 global test acc  95.4400
Round 185 Fscore 

[]
Round 186 global test acc  95.1600
Round 186 Fscore 

[]
Round 187 global test acc  95.1900
Round 187 Fscore 

[]
Round 188 global test acc  95.2600
Round 188 Fscore 

[]
Round 189 global test acc  95.2200
Round 189 Fscore 

[]
Round 190 global test acc  94.7200
Round 190 Fscore 

[]
Round 191 global test acc  95.0800
Round 191 Fscore 

[]
Round 192 global test acc  95.6100
Round 192 Fscore 

[]
Round 193 global test acc  95.5000
Round 193 Fscore 

[]
Round 194 global test acc  95.6600
Round 194 Fscore 

[]
Round 195 global test acc  95.7800
Round 195 Fscore 

[]
Round 196 global test acc  96.0500
Round 196 Fscore 

[]
Round 197 global test acc  96.0900
Round 197 Fscore 

[]
Round 198 global test acc  95.5900
Round 198 Fscore 

[]
Round 199 global test acc  95.8400
Round 199 Fscore 

[0.8927335739135742, 0.8437025547027588, 0.8680850863456726, 0.8655461668968201, 0.8942916989326477, 0.9076305031776428, 0.8469184637069702, 0.9014455080032349, 0.8923959732055664, 0.8914819359779358, 0.8824120759963989, 0.8694690465927124, 0.8783783316612244, 0.8828828930854797, 0.9264348745346069, 0.9217660427093506, 0.8852458596229553, 0.9060641527175903, 0.9032257795333862, 0.8802816867828369, 0.816901445388794, 0.8860465288162231, 0.8888888955116272, 0.9371345043182373, 0.9225907921791077, 0.9164927005767822, 0.9037800431251526, 0.9038031101226807, 0.9264892935752869, 0.9020044803619385, 0.9186311960220337, 0.9538461565971375, 0.943952739238739, 0.9432234764099121, 0.8673684000968933, 0.9040793776512146, 0.8770949244499207, 0.9243499636650085, 0.9511322975158691, 0.880893349647522, 0.9121338725090027, 0.9458429217338562, 0.9188255667686462, 0.9173693060874939, 0.8629441857337952, 0.8767834305763245, 0.8784313797950745, 0.877263605594635, 0.9629629254341125, 0.8656716346740723, 0.9356014728546143, 0.9464701414108276, 0.8643356561660767, 0.8830188512802124, 0.8898426294326782, 0.9228529334068298, 0.9060542583465576, 0.9256449341773987, 0.8970775008201599, 0.8552036285400391, 0.886240541934967, 0.859078586101532, 0.8658536672592163, 0.8701594471931458, 0.8990066051483154, 0.842572033405304, 0.8927335739135742, 0.868055522441864, 0.9180952310562134, 0.854938268661499, 0.9269311428070068, 0.866328239440918, 0.909952700138092, 0.7556818723678589, 0.8860759735107422, 0.9250646233558655, 0.8905659914016724, 0.8801572322845459, 0.8943089246749878, 0.9049295783042908, 0.8727272748947144, 0.931174099445343, 0.8351178169250488, 0.8632326722145081, 0.8944280743598938, 0.9387754797935486, 0.9294478297233582, 0.9186046123504639, 0.9438502788543701, 0.8830845355987549, 0.8734694123268127, 0.9434323310852051, 0.8776698708534241, 0.8841099739074707, 0.8942115306854248, 0.846325159072876, 0.8963282704353333, 0.8833333253860474, 0.934249222278595, 0.8439955115318298]
time : 9492.524472236633
('algorithm', 'FedCorr')
('gpu', 1)
('seed', 13)
('save_dir', './record/')
('rounds2', 200)
('local_ep', 5)
('frac2', 0.1)
('num_users', 100)
('local_bs', 32)
('lr', 0.1)
('model', 'lenet')
('num_classes', 10)
('level_n_system', 1.0)
('level_n_lowerb', 0.5)
('alpha_dirichlet', 10)
('non_iid_prob_class', 0.7)
('dataset', 'mnist')
('iid', False)
('LID_k', 20)
('iteration1', 5)
('rounds1', 200)
('frac1', 0.01)
('pretrained', False)
('mixup', False)
('alpha', 1)
('beta', 5)
('relabel_ratio', 0.5)
('confidence_thres', 0.5)
('clean_set_thres', 0.1)
('fine_tuning', True)
('correction', True)
('T_pl', 100)
('lambda_cen', 1.0)
('lambda_e', 0.8)
('num_gradual', 10)
('forget_rate', 0.2)
('lr_decay', 0.1)
('schedule', [])
('momentum', 0.5)
('weight_decay', 0.0001)
('feature_dim', 128)
('plr', 0.1)
('lamda', 15)
('K', 5)
('gamma', 1)
('begin_sel', 10)
('device', device(type='cuda', index=1))
Client 0, noise level: 0.8484 (0.7635), real noise ratio: 0.7560
Client 1, noise level: 0.9815 (0.8834), real noise ratio: 0.8836
Client 2, noise level: 0.6389 (0.5750), real noise ratio: 0.5859
Client 3, noise level: 0.6168 (0.5551), real noise ratio: 0.5282
Client 4, noise level: 0.9228 (0.8306), real noise ratio: 0.8376
Client 5, noise level: 0.6121 (0.5509), real noise ratio: 0.5354
Client 6, noise level: 0.8445 (0.7600), real noise ratio: 0.7468
Client 7, noise level: 0.5767 (0.5191), real noise ratio: 0.4941
Client 8, noise level: 0.6018 (0.5416), real noise ratio: 0.5693
Client 9, noise level: 0.5338 (0.4804), real noise ratio: 0.4698
Client 10, noise level: 0.8747 (0.7873), real noise ratio: 0.7910
Client 11, noise level: 0.5900 (0.5310), real noise ratio: 0.5223
Client 12, noise level: 0.5621 (0.5059), real noise ratio: 0.5229
Client 13, noise level: 0.6124 (0.5512), real noise ratio: 0.5098
Client 14, noise level: 0.6397 (0.5758), real noise ratio: 0.5687
Client 15, noise level: 0.5169 (0.4652), real noise ratio: 0.4687
Client 16, noise level: 0.6272 (0.5645), real noise ratio: 0.5382
Client 17, noise level: 0.8344 (0.7510), real noise ratio: 0.7437
Client 18, noise level: 0.8800 (0.7920), real noise ratio: 0.8122
Client 19, noise level: 0.6130 (0.5517), real noise ratio: 0.5450
Client 20, noise level: 0.8059 (0.7253), real noise ratio: 0.7477
Client 21, noise level: 0.9561 (0.8605), real noise ratio: 0.8850
Client 22, noise level: 0.7708 (0.6937), real noise ratio: 0.7213
Client 23, noise level: 0.6870 (0.6183), real noise ratio: 0.6038
Client 24, noise level: 0.5066 (0.4559), real noise ratio: 0.4389
Client 25, noise level: 0.9147 (0.8232), real noise ratio: 0.8302
Client 26, noise level: 0.9083 (0.8175), real noise ratio: 0.8270
Client 27, noise level: 0.5399 (0.4859), real noise ratio: 0.4742
Client 28, noise level: 0.5858 (0.5273), real noise ratio: 0.5407
Client 29, noise level: 0.9191 (0.8272), real noise ratio: 0.8395
Client 30, noise level: 0.7821 (0.7039), real noise ratio: 0.7004
Client 31, noise level: 0.6749 (0.6074), real noise ratio: 0.6164
Client 32, noise level: 0.5725 (0.5153), real noise ratio: 0.5022
Client 33, noise level: 0.5493 (0.4943), real noise ratio: 0.5014
Client 34, noise level: 0.7801 (0.7021), real noise ratio: 0.6947
Client 35, noise level: 0.8550 (0.7695), real noise ratio: 0.7844
Client 36, noise level: 0.9754 (0.8779), real noise ratio: 0.8818
Client 37, noise level: 0.8740 (0.7866), real noise ratio: 0.7907
Client 38, noise level: 0.6861 (0.6175), real noise ratio: 0.6518
Client 39, noise level: 0.8792 (0.7913), real noise ratio: 0.7873
Client 40, noise level: 0.5355 (0.4820), real noise ratio: 0.4785
Client 41, noise level: 0.8109 (0.7298), real noise ratio: 0.7151
Client 42, noise level: 0.8604 (0.7743), real noise ratio: 0.7760
Client 43, noise level: 0.5209 (0.4688), real noise ratio: 0.4627
Client 44, noise level: 0.6976 (0.6279), real noise ratio: 0.6729
Client 45, noise level: 0.5807 (0.5226), real noise ratio: 0.5331
Client 46, noise level: 0.6380 (0.5742), real noise ratio: 0.5643
Client 47, noise level: 0.6133 (0.5519), real noise ratio: 0.5399
Client 48, noise level: 0.6523 (0.5871), real noise ratio: 0.5671
Client 49, noise level: 0.5681 (0.5113), real noise ratio: 0.4913
Client 50, noise level: 0.8471 (0.7624), real noise ratio: 0.7598
Client 51, noise level: 0.5264 (0.4738), real noise ratio: 0.4834
Client 52, noise level: 0.7907 (0.7116), real noise ratio: 0.6959
Client 53, noise level: 0.5899 (0.5309), real noise ratio: 0.5084
Client 54, noise level: 0.7533 (0.6780), real noise ratio: 0.6698
Client 55, noise level: 0.6408 (0.5767), real noise ratio: 0.5928
Client 56, noise level: 0.6850 (0.6165), real noise ratio: 0.6271
Client 57, noise level: 0.7523 (0.6770), real noise ratio: 0.7048
Client 58, noise level: 0.5612 (0.5050), real noise ratio: 0.4621
Client 59, noise level: 0.5653 (0.5088), real noise ratio: 0.5422
Client 60, noise level: 0.9222 (0.8300), real noise ratio: 0.8401
Client 61, noise level: 0.6961 (0.6265), real noise ratio: 0.6476
Client 62, noise level: 0.5848 (0.5263), real noise ratio: 0.5178
Client 63, noise level: 0.9006 (0.8105), real noise ratio: 0.8043
Client 64, noise level: 0.9551 (0.8596), real noise ratio: 0.8548
Client 65, noise level: 0.9148 (0.8233), real noise ratio: 0.8341
Client 66, noise level: 0.8570 (0.7713), real noise ratio: 0.7561
Client 67, noise level: 0.5497 (0.4947), real noise ratio: 0.5049
Client 68, noise level: 0.9567 (0.8610), real noise ratio: 0.8659
Client 69, noise level: 0.7890 (0.7101), real noise ratio: 0.6973
Client 70, noise level: 0.9501 (0.8551), real noise ratio: 0.8671
Client 71, noise level: 0.7818 (0.7036), real noise ratio: 0.7149
Client 72, noise level: 0.5049 (0.4544), real noise ratio: 0.4590
Client 73, noise level: 0.9971 (0.8974), real noise ratio: 0.8942
Client 74, noise level: 0.5662 (0.5096), real noise ratio: 0.5356
Client 75, noise level: 0.8463 (0.7617), real noise ratio: 0.7688
Client 76, noise level: 0.6671 (0.6004), real noise ratio: 0.5550
Client 77, noise level: 0.5901 (0.5311), real noise ratio: 0.5161
Client 78, noise level: 0.5703 (0.5133), real noise ratio: 0.5427
Client 79, noise level: 0.8346 (0.7512), real noise ratio: 0.7432
Client 80, noise level: 0.6519 (0.5867), real noise ratio: 0.6231
Client 81, noise level: 0.8068 (0.7261), real noise ratio: 0.7030
Client 82, noise level: 0.9678 (0.8710), real noise ratio: 0.8990
Client 83, noise level: 0.6015 (0.5413), real noise ratio: 0.5333
Client 84, noise level: 0.5598 (0.5038), real noise ratio: 0.4892
Client 85, noise level: 0.6961 (0.6265), real noise ratio: 0.6347
Client 86, noise level: 0.8473 (0.7625), real noise ratio: 0.7667
Client 87, noise level: 0.9725 (0.8752), real noise ratio: 0.8649
Client 88, noise level: 0.5817 (0.5235), real noise ratio: 0.5187
Client 89, noise level: 0.7294 (0.6564), real noise ratio: 0.6343
Client 90, noise level: 0.6394 (0.5755), real noise ratio: 0.5640
Client 91, noise level: 0.6023 (0.5421), real noise ratio: 0.5223
Client 92, noise level: 0.6542 (0.5888), real noise ratio: 0.5620
Client 93, noise level: 0.8978 (0.8080), real noise ratio: 0.8160
Client 94, noise level: 0.5464 (0.4918), real noise ratio: 0.4641
Client 95, noise level: 0.9345 (0.8411), real noise ratio: 0.8136
Client 96, noise level: 0.9169 (0.8252), real noise ratio: 0.8161
Client 97, noise level: 0.8409 (0.7568), real noise ratio: 0.7565
Client 98, noise level: 0.6479 (0.5831), real noise ratio: 0.6003
Client 99, noise level: 0.5831 (0.5248), real noise ratio: 0.5380
LeNet(
  (conv1): Conv2d(1, 6, kernel_size=(5, 5), stride=(1, 1))
  (conv2): Conv2d(6, 16, kernel_size=(5, 5), stride=(1, 1))
  (batch_norm): BatchNorm2d(16, eps=1e-05, momentum=0.1, affine=True, track_running_stats=True)
  (fc1): Linear(in_features=400, out_features=120, bias=True)
  (fc2): Linear(in_features=120, out_features=84, bias=True)
  (fc3): Linear(in_features=84, out_features=10, bias=True)
)
Round 0 global test acc  96.1700
Round 1 global test acc  96.2600
Round 2 global test acc  96.4700
Round 3 global test acc  96.4300
Round 4 global test acc  96.4100
Round 5 global test acc  96.3300
Round 6 global test acc  96.4400
Round 7 global test acc  96.5300
Round 8 global test acc  96.5300
Round 9 global test acc  96.2700
Round 10 global test acc  96.5500
Round 11 global test acc  96.3800
Round 12 global test acc  96.7300
Round 13 global test acc  96.4600
Round 14 global test acc  96.4000
Round 15 global test acc  96.4300
Round 16 global test acc  96.5400
Round 17 global test acc  96.2900
Round 18 global test acc  96.3700
Round 19 global test acc  96.7200
Round 20 global test acc  96.5500
Round 21 global test acc  96.5400
Round 22 global test acc  96.3900
Round 23 global test acc  96.5300
Round 24 global test acc  96.6300
Round 25 global test acc  96.4700
Round 26 global test acc  96.7200
Round 27 global test acc  96.5200
Round 28 global test acc  96.5000
Round 29 global test acc  96.8500
Round 30 global test acc  96.6900
Round 31 global test acc  96.0100
Round 32 global test acc  96.5300
Round 33 global test acc  96.6000
Round 34 global test acc  96.7100
Round 35 global test acc  96.5400
Round 36 global test acc  96.7400
Round 37 global test acc  96.7200
Round 38 global test acc  96.3700
Round 39 global test acc  96.5800
Round 40 global test acc  96.0800
Round 41 global test acc  96.4300
Round 42 global test acc  96.3600
Round 43 global test acc  96.4400
Round 44 global test acc  96.5100
Round 45 global test acc  96.5600
Round 46 global test acc  96.4800
Round 47 global test acc  96.4800
Round 48 global test acc  96.4800
Round 49 global test acc  96.6500
Round 50 global test acc  96.2800
Round 51 global test acc  96.4900
Round 52 global test acc  96.6500
Round 53 global test acc  96.5700
Round 54 global test acc  96.3100
Round 55 global test acc  96.4900
Round 56 global test acc  96.4700
Round 57 global test acc  96.3700
Round 58 global test acc  96.4000
Round 59 global test acc  96.4100
Round 60 global test acc  96.5500
Round 61 global test acc  96.5500
Round 62 global test acc  96.2900
Round 63 global test acc  96.6700
Round 64 global test acc  96.5400
Round 65 global test acc  96.7000
Round 66 global test acc  96.3800
Round 67 global test acc  96.5400
Round 68 global test acc  96.5200
Round 69 global test acc  96.5700
Round 70 global test acc  96.4400
Round 71 global test acc  96.6000
Round 72 global test acc  96.6300
Round 73 global test acc  96.4700
Round 74 global test acc  96.5000
Round 75 global test acc  96.3100
Round 76 global test acc  96.1100
Round 77 global test acc  96.5100
Round 78 global test acc  96.3800
Round 79 global test acc  96.6600
Round 80 global test acc  96.6400
Round 81 global test acc  96.4300
Round 82 global test acc  96.3800
Round 83 global test acc  96.5500
Round 84 global test acc  96.6000
Round 85 global test acc  96.3400
Round 86 global test acc  96.4800
Round 87 global test acc  96.3100
Round 88 global test acc  96.1200
Round 89 global test acc  96.5200
Round 90 global test acc  96.1500
Round 91 global test acc  96.3100
Round 92 global test acc  96.2600
Round 93 global test acc  96.1400
Round 94 global test acc  96.2600
Round 95 global test acc  96.3400
Round 96 global test acc  96.3800
Round 97 global test acc  96.0100
Round 98 global test acc  96.3200
Round 99 global test acc  96.1400
Round 100 global test acc  96.4500
Round 101 global test acc  95.8700
Round 102 global test acc  96.0800
Round 103 global test acc  96.2200
Round 104 global test acc  96.2200
Round 105 global test acc  96.3700
Round 106 global test acc  96.4200
Round 107 global test acc  96.0000
Round 108 global test acc  96.2700
Round 109 global test acc  96.5300
Round 110 global test acc  96.5200
Round 111 global test acc  96.3400
Round 112 global test acc  96.2900
Round 113 global test acc  96.2900
Round 114 global test acc  96.2400
Round 115 global test acc  96.2600
Round 116 global test acc  96.3400
Round 117 global test acc  96.2200
Round 118 global test acc  96.1700
Round 119 global test acc  96.3300
Round 120 global test acc  95.4900
Round 121 global test acc  96.3100
Round 122 global test acc  96.3300
Round 123 global test acc  96.4800
Round 124 global test acc  96.4800
Round 125 global test acc  96.2400
Round 126 global test acc  96.4400
Round 127 global test acc  96.4900
Round 128 global test acc  96.4700
Round 129 global test acc  96.4900
Round 130 global test acc  96.5000
Round 131 global test acc  96.1900
Round 132 global test acc  96.2800
Round 133 global test acc  96.3200
Round 134 global test acc  96.2400
Round 135 global test acc  96.1500
Round 136 global test acc  96.1600
Round 137 global test acc  96.0900
Round 138 global test acc  96.4000
Round 139 global test acc  95.8300
Round 140 global test acc  95.9300
Round 141 global test acc  96.2400
Round 142 global test acc  96.1300
Round 143 global test acc  96.0900
Round 144 global test acc  96.2000
Round 145 global test acc  96.3000
Round 146 global test acc  96.3500
Round 147 global test acc  96.2600
Round 148 global test acc  95.8400
Round 149 global test acc  96.1200
Round 150 global test acc  96.2600
Round 151 global test acc  96.3300
Round 152 global test acc  96.3700
Round 153 global test acc  96.2300
Round 154 global test acc  96.5200
Round 155 global test acc  96.1000
Round 156 global test acc  96.3300
Round 157 global test acc  96.5100
Round 158 global test acc  96.1700
Round 159 global test acc  96.3700
Round 160 global test acc  96.4000
Round 161 global test acc  96.5300
Round 162 global test acc  96.5400
Round 163 global test acc  96.5700
Round 164 global test acc  96.5900
Round 165 global test acc  92.5200
Round 166 global test acc  96.2200
Round 167 global test acc  96.2200
Round 168 global test acc  96.3300
Round 169 global test acc  96.4700
Round 170 global test acc  96.3900
Round 171 global test acc  96.2600
Round 172 global test acc  96.4700
Round 173 global test acc  95.8700
Round 174 global test acc  96.0900
Round 175 global test acc  96.1000
Round 176 global test acc  96.4800
Round 177 global test acc  96.3100
Round 178 global test acc  96.2500
Round 179 global test acc  96.1900
Round 180 global test acc  96.3100
Round 181 global test acc  96.1400
Round 182 global test acc  95.9700
Round 183 global test acc  96.0800
Round 184 global test acc  95.7800
Round 185 global test acc  95.9100
Round 186 global test acc  96.1700
Round 187 global test acc  96.2600
Round 188 global test acc  96.2500
Round 189 global test acc  96.2200
Round 190 global test acc  96.0000
Round 191 global test acc  96.2300
Round 192 global test acc  95.8800
Round 193 global test acc  95.9000
Round 194 global test acc  96.0900
Round 195 global test acc  96.1400
Round 196 global test acc  96.1000
Round 197 global test acc  96.1100
Round 198 global test acc  96.1500
Round 199 global test acc  96.1400
time : 8403.927424669266
('algorithm', 'FedCorr')
('gpu', 1)
('seed', 13)
('save_dir', './record/')
('rounds2', 200)
('local_ep', 5)
('frac2', 0.1)
('num_users', 100)
('local_bs', 32)
('lr', 0.1)
('model', 'lenet')
('num_classes', 10)
('level_n_system', 1.0)
('level_n_lowerb', 0.5)
('alpha_dirichlet', 10)
('non_iid_prob_class', 0.7)
('dataset', 'mnist')
('iid', False)
('LID_k', 20)
('iteration1', 5)
('rounds1', 200)
('frac1', 0.01)
('pretrained', False)
('mixup', False)
('alpha', 1)
('beta', 5)
('relabel_ratio', 0.5)
('confidence_thres', 0.5)
('clean_set_thres', 0.1)
('fine_tuning', True)
('correction', True)
('T_pl', 100)
('lambda_cen', 1.0)
('lambda_e', 0.8)
('num_gradual', 10)
('forget_rate', 0.2)
('lr_decay', 0.1)
('schedule', [])
('momentum', 0.5)
('weight_decay', 0.0001)
('feature_dim', 128)
('plr', 0.1)
('lamda', 15)
('K', 5)
('gamma', 1)
('begin_sel', 10)
('mu', 0.01)
('device', device(type='cuda', index=1))
Client 0, noise level: 0.8484 (0.7635), real noise ratio: 0.7560
Client 1, noise level: 0.9815 (0.8834), real noise ratio: 0.8836
Client 2, noise level: 0.6389 (0.5750), real noise ratio: 0.5859
Client 3, noise level: 0.6168 (0.5551), real noise ratio: 0.5282
Client 4, noise level: 0.9228 (0.8306), real noise ratio: 0.8376
Client 5, noise level: 0.6121 (0.5509), real noise ratio: 0.5354
Client 6, noise level: 0.8445 (0.7600), real noise ratio: 0.7468
Client 7, noise level: 0.5767 (0.5191), real noise ratio: 0.4941
Client 8, noise level: 0.6018 (0.5416), real noise ratio: 0.5693
Client 9, noise level: 0.5338 (0.4804), real noise ratio: 0.4698
Client 10, noise level: 0.8747 (0.7873), real noise ratio: 0.7910
Client 11, noise level: 0.5900 (0.5310), real noise ratio: 0.5223
Client 12, noise level: 0.5621 (0.5059), real noise ratio: 0.5229
Client 13, noise level: 0.6124 (0.5512), real noise ratio: 0.5098
Client 14, noise level: 0.6397 (0.5758), real noise ratio: 0.5687
Client 15, noise level: 0.5169 (0.4652), real noise ratio: 0.4687
Client 16, noise level: 0.6272 (0.5645), real noise ratio: 0.5382
Client 17, noise level: 0.8344 (0.7510), real noise ratio: 0.7437
Client 18, noise level: 0.8800 (0.7920), real noise ratio: 0.8122
Client 19, noise level: 0.6130 (0.5517), real noise ratio: 0.5450
Client 20, noise level: 0.8059 (0.7253), real noise ratio: 0.7477
Client 21, noise level: 0.9561 (0.8605), real noise ratio: 0.8850
Client 22, noise level: 0.7708 (0.6937), real noise ratio: 0.7213
Client 23, noise level: 0.6870 (0.6183), real noise ratio: 0.6038
Client 24, noise level: 0.5066 (0.4559), real noise ratio: 0.4389
Client 25, noise level: 0.9147 (0.8232), real noise ratio: 0.8302
Client 26, noise level: 0.9083 (0.8175), real noise ratio: 0.8270
Client 27, noise level: 0.5399 (0.4859), real noise ratio: 0.4742
Client 28, noise level: 0.5858 (0.5273), real noise ratio: 0.5407
Client 29, noise level: 0.9191 (0.8272), real noise ratio: 0.8395
Client 30, noise level: 0.7821 (0.7039), real noise ratio: 0.7004
Client 31, noise level: 0.6749 (0.6074), real noise ratio: 0.6164
Client 32, noise level: 0.5725 (0.5153), real noise ratio: 0.5022
Client 33, noise level: 0.5493 (0.4943), real noise ratio: 0.5014
Client 34, noise level: 0.7801 (0.7021), real noise ratio: 0.6947
Client 35, noise level: 0.8550 (0.7695), real noise ratio: 0.7844
Client 36, noise level: 0.9754 (0.8779), real noise ratio: 0.8818
Client 37, noise level: 0.8740 (0.7866), real noise ratio: 0.7907
Client 38, noise level: 0.6861 (0.6175), real noise ratio: 0.6518
Client 39, noise level: 0.8792 (0.7913), real noise ratio: 0.7873
Client 40, noise level: 0.5355 (0.4820), real noise ratio: 0.4785
Client 41, noise level: 0.8109 (0.7298), real noise ratio: 0.7151
Client 42, noise level: 0.8604 (0.7743), real noise ratio: 0.7760
Client 43, noise level: 0.5209 (0.4688), real noise ratio: 0.4627
Client 44, noise level: 0.6976 (0.6279), real noise ratio: 0.6729
Client 45, noise level: 0.5807 (0.5226), real noise ratio: 0.5331
Client 46, noise level: 0.6380 (0.5742), real noise ratio: 0.5643
Client 47, noise level: 0.6133 (0.5519), real noise ratio: 0.5399
Client 48, noise level: 0.6523 (0.5871), real noise ratio: 0.5671
Client 49, noise level: 0.5681 (0.5113), real noise ratio: 0.4913
Client 50, noise level: 0.8471 (0.7624), real noise ratio: 0.7598
Client 51, noise level: 0.5264 (0.4738), real noise ratio: 0.4834
Client 52, noise level: 0.7907 (0.7116), real noise ratio: 0.6959
Client 53, noise level: 0.5899 (0.5309), real noise ratio: 0.5084
Client 54, noise level: 0.7533 (0.6780), real noise ratio: 0.6698
Client 55, noise level: 0.6408 (0.5767), real noise ratio: 0.5928
Client 56, noise level: 0.6850 (0.6165), real noise ratio: 0.6271
Client 57, noise level: 0.7523 (0.6770), real noise ratio: 0.7048
Client 58, noise level: 0.5612 (0.5050), real noise ratio: 0.4621
Client 59, noise level: 0.5653 (0.5088), real noise ratio: 0.5422
Client 60, noise level: 0.9222 (0.8300), real noise ratio: 0.8401
Client 61, noise level: 0.6961 (0.6265), real noise ratio: 0.6476
Client 62, noise level: 0.5848 (0.5263), real noise ratio: 0.5178
Client 63, noise level: 0.9006 (0.8105), real noise ratio: 0.8043
Client 64, noise level: 0.9551 (0.8596), real noise ratio: 0.8548
Client 65, noise level: 0.9148 (0.8233), real noise ratio: 0.8341
Client 66, noise level: 0.8570 (0.7713), real noise ratio: 0.7561
Client 67, noise level: 0.5497 (0.4947), real noise ratio: 0.5049
Client 68, noise level: 0.9567 (0.8610), real noise ratio: 0.8659
Client 69, noise level: 0.7890 (0.7101), real noise ratio: 0.6973
Client 70, noise level: 0.9501 (0.8551), real noise ratio: 0.8671
Client 71, noise level: 0.7818 (0.7036), real noise ratio: 0.7149
Client 72, noise level: 0.5049 (0.4544), real noise ratio: 0.4590
Client 73, noise level: 0.9971 (0.8974), real noise ratio: 0.8942
Client 74, noise level: 0.5662 (0.5096), real noise ratio: 0.5356
Client 75, noise level: 0.8463 (0.7617), real noise ratio: 0.7688
Client 76, noise level: 0.6671 (0.6004), real noise ratio: 0.5550
Client 77, noise level: 0.5901 (0.5311), real noise ratio: 0.5161
Client 78, noise level: 0.5703 (0.5133), real noise ratio: 0.5427
Client 79, noise level: 0.8346 (0.7512), real noise ratio: 0.7432
Client 80, noise level: 0.6519 (0.5867), real noise ratio: 0.6231
Client 81, noise level: 0.8068 (0.7261), real noise ratio: 0.7030
Client 82, noise level: 0.9678 (0.8710), real noise ratio: 0.8990
Client 83, noise level: 0.6015 (0.5413), real noise ratio: 0.5333
Client 84, noise level: 0.5598 (0.5038), real noise ratio: 0.4892
Client 85, noise level: 0.6961 (0.6265), real noise ratio: 0.6347
Client 86, noise level: 0.8473 (0.7625), real noise ratio: 0.7667
Client 87, noise level: 0.9725 (0.8752), real noise ratio: 0.8649
Client 88, noise level: 0.5817 (0.5235), real noise ratio: 0.5187
Client 89, noise level: 0.7294 (0.6564), real noise ratio: 0.6343
Client 90, noise level: 0.6394 (0.5755), real noise ratio: 0.5640
Client 91, noise level: 0.6023 (0.5421), real noise ratio: 0.5223
Client 92, noise level: 0.6542 (0.5888), real noise ratio: 0.5620
Client 93, noise level: 0.8978 (0.8080), real noise ratio: 0.8160
Client 94, noise level: 0.5464 (0.4918), real noise ratio: 0.4641
Client 95, noise level: 0.9345 (0.8411), real noise ratio: 0.8136
Client 96, noise level: 0.9169 (0.8252), real noise ratio: 0.8161
Client 97, noise level: 0.8409 (0.7568), real noise ratio: 0.7565
Client 98, noise level: 0.6479 (0.5831), real noise ratio: 0.6003
Client 99, noise level: 0.5831 (0.5248), real noise ratio: 0.5380
LeNet(
  (conv1): Conv2d(1, 6, kernel_size=(5, 5), stride=(1, 1))
  (conv2): Conv2d(6, 16, kernel_size=(5, 5), stride=(1, 1))
  (batch_norm): BatchNorm2d(16, eps=1e-05, momentum=0.1, affine=True, track_running_stats=True)
  (fc1): Linear(in_features=400, out_features=120, bias=True)
  (fc2): Linear(in_features=120, out_features=84, bias=True)
  (fc3): Linear(in_features=84, out_features=10, bias=True)
)
Round 0 global test acc  95.6500
Round 1 global test acc  95.4000
Round 2 global test acc  95.5500
Round 3 global test acc  95.6900
Round 4 global test acc  95.5300
Round 5 global test acc  95.6300
Round 6 global test acc  95.6700
Round 7 global test acc  95.5700
Round 8 global test acc  95.5800
Round 9 global test acc  95.5500
Round 10 global test acc  95.1200
Round 11 global test acc  95.4500
Round 12 global test acc  95.3700
Round 13 global test acc  95.3000
Round 14 global test acc  95.6400
Round 15 global test acc  95.4500
Round 16 global test acc  95.5000
Round 17 global test acc  95.0300
Round 18 global test acc  95.5000
Round 19 global test acc  95.4600
Round 20 global test acc  95.3300
Round 21 global test acc  95.5300
Round 22 global test acc  95.0000
Round 23 global test acc  95.0400
Round 24 global test acc  95.0600
Round 25 global test acc  95.4700
Round 26 global test acc  94.8000
Round 27 global test acc  95.1000
Round 28 global test acc  95.2900
Round 29 global test acc  95.3900
Round 30 global test acc  95.2200
Round 31 global test acc  95.5500
Round 32 global test acc  95.7700
Round 33 global test acc  95.7900
Round 34 global test acc  95.6400
Round 35 global test acc  95.7200
Round 36 global test acc  95.4900
Round 37 global test acc  95.5400
Round 38 global test acc  95.3700
Round 39 global test acc  95.4500
Round 40 global test acc  95.5400
Round 41 global test acc  95.7600
Round 42 global test acc  95.6700
Round 43 global test acc  95.6900
Round 44 global test acc  95.9300
Round 45 global test acc  95.6000
Round 46 global test acc  95.4100
Round 47 global test acc  95.4400
Round 48 global test acc  95.3200
Round 49 global test acc  95.1200
Round 50 global test acc  94.7900
Round 51 global test acc  95.2500
Round 52 global test acc  95.2900
Round 53 global test acc  95.4200
Round 54 global test acc  95.5900
Round 55 global test acc  95.0800
Round 56 global test acc  95.4700
Round 57 global test acc  95.2200
Round 58 global test acc  95.5600
Round 59 global test acc  95.3200
Round 60 global test acc  95.4700
Round 61 global test acc  95.3800
Round 62 global test acc  95.5100
Round 63 global test acc  95.5000
Round 64 global test acc  95.6600
Round 65 global test acc  95.1100
Round 66 global test acc  95.2700
Round 67 global test acc  95.2800
Round 68 global test acc  95.3700
Round 69 global test acc  95.3600
Round 70 global test acc  95.2600
Round 71 global test acc  95.5300
Round 72 global test acc  95.5100
Round 73 global test acc  95.5000
Round 74 global test acc  95.3600
Round 75 global test acc  95.4700
Round 76 global test acc  95.6600
Round 77 global test acc  95.6600
Round 78 global test acc  95.4400
Round 79 global test acc  95.4200
Round 80 global test acc  95.6100
Round 81 global test acc  95.3400
Round 82 global test acc  95.2900
Round 83 global test acc  95.2300
Round 84 global test acc  95.3500
Round 85 global test acc  95.6000
Round 86 global test acc  95.0900
Round 87 global test acc  95.2800
Round 88 global test acc  95.1800
Round 89 global test acc  95.5900
Round 90 global test acc  95.3000
Round 91 global test acc  95.3200
Round 92 global test acc  95.5900
Round 93 global test acc  95.3800
Round 94 global test acc  95.5700
Round 95 global test acc  95.4400
Round 96 global test acc  95.5300
Round 97 global test acc  95.2700
Round 98 global test acc  95.2200
Round 99 global test acc  95.1700
Round 100 global test acc  95.4500
Round 101 global test acc  95.1800
Round 102 global test acc  95.3100
Round 103 global test acc  95.0400
Round 104 global test acc  95.1700
Round 105 global test acc  95.1500
Round 106 global test acc  95.2000
Round 107 global test acc  95.3300
Round 108 global test acc  94.6300
Round 109 global test acc  94.9700
Round 110 global test acc  95.5100
Round 111 global test acc  95.0200
Round 112 global test acc  95.2800
Round 113 global test acc  95.3400
Round 114 global test acc  95.2200
Round 115 global test acc  95.3800
Round 116 global test acc  95.3600
Round 117 global test acc  95.2800
Round 118 global test acc  95.4800
Round 119 global test acc  95.4200
Round 120 global test acc  95.5800
Round 121 global test acc  95.7100
Round 122 global test acc  95.3700
Round 123 global test acc  95.3900
Round 124 global test acc  94.7100
Round 125 global test acc  95.1300
Round 126 global test acc  94.9200
Round 127 global test acc  95.1200
Round 128 global test acc  94.9000
Round 129 global test acc  95.0700
Round 130 global test acc  95.1300
Round 131 global test acc  95.3900
Round 132 global test acc  95.5100
Round 133 global test acc  95.5100
Round 134 global test acc  95.6300
Round 135 global test acc  95.4600
Round 136 global test acc  95.3400
Round 137 global test acc  95.0900
Round 138 global test acc  95.3900
Round 139 global test acc  95.6200
Round 140 global test acc  95.3200
Round 141 global test acc  95.3000
Round 142 global test acc  95.4100
Round 143 global test acc  95.2300
Round 144 global test acc  95.2300
Round 145 global test acc  95.0600
Round 146 global test acc  95.2300
Round 147 global test acc  94.9300
Round 148 global test acc  95.2200
Round 149 global test acc  95.3500
Round 150 global test acc  95.6000
Round 151 global test acc  95.7000
Round 152 global test acc  95.3700
Round 153 global test acc  95.3100
Round 154 global test acc  95.4400
Round 155 global test acc  95.1900
Round 156 global test acc  94.8400
Round 157 global test acc  94.6000
Round 158 global test acc  95.2000
Round 159 global test acc  95.1700
Round 160 global test acc  95.3100
Round 161 global test acc  95.2100
Round 162 global test acc  94.9300
Round 163 global test acc  94.7800
Round 164 global test acc  94.9800
Round 165 global test acc  95.1600
Round 166 global test acc  95.1300
Round 167 global test acc  95.4700
Round 168 global test acc  95.4300
Round 169 global test acc  95.3500
Round 170 global test acc  95.4700
Round 171 global test acc  95.3900
Round 172 global test acc  95.0000
Round 173 global test acc  94.9000
Round 174 global test acc  94.8400
Round 175 global test acc  95.3200
Round 176 global test acc  95.2800
Round 177 global test acc  95.3800
Round 178 global test acc  95.4600
Round 179 global test acc  95.3800
Round 180 global test acc  95.3900
Round 181 global test acc  95.3800
Round 182 global test acc  95.4500
Round 183 global test acc  95.4800
Round 184 global test acc  95.1600
Round 185 global test acc  95.0900
Round 186 global test acc  95.1400
Round 187 global test acc  95.2600
Round 188 global test acc  95.2600
Round 189 global test acc  95.0900
Round 190 global test acc  94.4300
Round 191 global test acc  95.4200
Round 192 global test acc  95.2900
Round 193 global test acc  95.3900
Round 194 global test acc  95.3500
Round 195 global test acc  95.5700
Round 196 global test acc  95.6100
Round 197 global test acc  95.3700
Round 198 global test acc  95.2200
Round 199 global test acc  94.9700
time : 8494.688958644867
