('algorithm', 'FedCorr')
('gpu', 1)
('seed', 13)
('save_dir', './record/')
('rounds2', 200)
('local_ep', 5)
('frac2', 0.1)
('num_users', 100)
('local_bs', 32)
('lr', 0.1)
('model', 'lenet')
('num_classes', 10)
('level_n_system', 0.5)
('level_n_lowerb', 0.3)
('alpha_dirichlet', 10)
('non_iid_prob_class', 0.5)
('dataset', 'mnist')
('iid', True)
('LID_k', 20)
('iteration1', 5)
('rounds1', 200)
('frac1', 0.01)
('pretrained', False)
('mixup', False)
('alpha', 1)
('beta', 5)
('relabel_ratio', 0.5)
('confidence_thres', 0.5)
('clean_set_thres', 0.1)
('fine_tuning', True)
('correction', True)
('T_pl', 100)
('lambda_cen', 1.0)
('lambda_e', 0.8)
('num_gradual', 10)
('forget_rate', 0.2)
('lr_decay', 0.1)
('schedule', [])
('momentum', 0.5)
('weight_decay', 0.0001)
('feature_dim', 128)
('plr', 0.1)
('lamda', 15)
('K', 1)
('gamma', 1)
('begin_sel', 10)
('max_beta', 2)
('mu', 0.01)
('device', device(type='cuda', index=1))
Client 0, noise level: 0.7877 (0.7089), real noise ratio: 0.7100
Client 2, noise level: 0.4944 (0.4450), real noise ratio: 0.4383
Client 3, noise level: 0.4635 (0.4172), real noise ratio: 0.4250
Client 4, noise level: 0.8920 (0.8028), real noise ratio: 0.8300
Client 6, noise level: 0.7822 (0.7040), real noise ratio: 0.6883
Client 7, noise level: 0.4074 (0.3667), real noise ratio: 0.3583
Client 8, noise level: 0.4425 (0.3983), real noise ratio: 0.3883
Client 9, noise level: 0.3473 (0.3126), real noise ratio: 0.3000
Client 13, noise level: 0.4574 (0.4116), real noise ratio: 0.4017
Client 15, noise level: 0.3237 (0.2913), real noise ratio: 0.2733
Client 20, noise level: 0.7283 (0.6555), real noise ratio: 0.6533
Client 23, noise level: 0.5618 (0.5056), real noise ratio: 0.5233
Client 26, noise level: 0.8716 (0.7844), real noise ratio: 0.7683
Client 27, noise level: 0.3558 (0.3202), real noise ratio: 0.3250
Client 29, noise level: 0.8867 (0.7980), real noise ratio: 0.8017
Client 30, noise level: 0.6949 (0.6254), real noise ratio: 0.6050
Client 32, noise level: 0.4015 (0.3614), real noise ratio: 0.3617
Client 33, noise level: 0.3690 (0.3321), real noise ratio: 0.3200
Client 35, noise level: 0.7970 (0.7173), real noise ratio: 0.7317
Client 38, noise level: 0.5606 (0.5045), real noise ratio: 0.4783
Client 41, noise level: 0.7353 (0.6618), real noise ratio: 0.6850
Client 42, noise level: 0.8045 (0.7240), real noise ratio: 0.6917
Client 47, noise level: 0.4586 (0.4127), real noise ratio: 0.4233
Client 48, noise level: 0.5133 (0.4620), real noise ratio: 0.4667
Client 50, noise level: 0.7860 (0.7074), real noise ratio: 0.6750
Client 51, noise level: 0.3370 (0.3033), real noise ratio: 0.2983
Client 56, noise level: 0.5591 (0.5031), real noise ratio: 0.4833
Client 57, noise level: 0.6532 (0.5879), real noise ratio: 0.5683
Client 59, noise level: 0.3915 (0.3523), real noise ratio: 0.3383
Client 60, noise level: 0.8911 (0.8020), real noise ratio: 0.7717
Client 62, noise level: 0.4187 (0.3768), real noise ratio: 0.4017
Client 67, noise level: 0.3696 (0.3326), real noise ratio: 0.3417
Client 68, noise level: 0.9393 (0.8454), real noise ratio: 0.8667
Client 69, noise level: 0.7046 (0.6341), real noise ratio: 0.6133
Client 72, noise level: 0.3069 (0.2762), real noise ratio: 0.2900
Client 75, noise level: 0.7848 (0.7064), real noise ratio: 0.6717
Client 78, noise level: 0.3984 (0.3586), real noise ratio: 0.3617
Client 79, noise level: 0.7685 (0.6916), real noise ratio: 0.6867
Client 80, noise level: 0.5127 (0.4614), real noise ratio: 0.4517
Client 83, noise level: 0.4420 (0.3978), real noise ratio: 0.4433
Client 88, noise level: 0.4144 (0.3729), real noise ratio: 0.3617
Client 90, noise level: 0.4952 (0.4457), real noise ratio: 0.4367
Client 91, noise level: 0.4432 (0.3989), real noise ratio: 0.4250
Client 94, noise level: 0.3650 (0.3285), real noise ratio: 0.3150
Client 98, noise level: 0.5071 (0.4564), real noise ratio: 0.4767
Client 99, noise level: 0.4163 (0.3747), real noise ratio: 0.3800
LeNet(
  (conv1): Conv2d(1, 6, kernel_size=(5, 5), stride=(1, 1))
  (conv2): Conv2d(6, 16, kernel_size=(5, 5), stride=(1, 1))
  (batch_norm): BatchNorm2d(16, eps=1e-05, momentum=0.1, affine=True, track_running_stats=True)
  (fc1): Linear(in_features=400, out_features=120, bias=True)
  (fc2): Linear(in_features=120, out_features=84, bias=True)
  (fc3): Linear(in_features=84, out_features=10, bias=True)
)
Round 0 global test acc  97.7200
Round 1 global test acc  97.8600
Round 2 global test acc  97.7700
Round 3 global test acc  97.8500
Round 4 global test acc  97.7500
Round 5 global test acc  97.7600
Round 6 global test acc  97.7700
Round 7 global test acc  97.8600
Round 8 global test acc  97.9100
Round 9 global test acc  97.8000
Round 10 global test acc  97.9000
Round 11 global test acc  97.9800
Round 12 global test acc  97.9500
Round 13 global test acc  97.8000
Round 14 global test acc  97.9200
Round 15 global test acc  97.8100
Round 16 global test acc  97.8700
Round 17 global test acc  97.7500
Round 18 global test acc  97.8300
Round 19 global test acc  97.9000
Round 20 global test acc  97.8900
Round 21 global test acc  97.8700
Round 22 global test acc  97.9400
Round 23 global test acc  97.8900
Round 24 global test acc  97.7500
Round 25 global test acc  97.9200
Round 26 global test acc  98.0100
Round 27 global test acc  97.8800
Round 28 global test acc  97.9200
Round 29 global test acc  97.8000
Round 30 global test acc  97.8900
Round 31 global test acc  97.9500
Round 32 global test acc  97.9200
Round 33 global test acc  97.9600
Round 34 global test acc  97.7700
Round 35 global test acc  97.8800
Round 36 global test acc  97.7700
Round 37 global test acc  97.9400
Round 38 global test acc  97.8300
Round 39 global test acc  97.8500
Round 40 global test acc  97.9000
Round 41 global test acc  97.7700
Round 42 global test acc  97.8300
Round 43 global test acc  97.9500
Round 44 global test acc  97.8300
Round 45 global test acc  97.9100
Round 46 global test acc  97.8800
Round 47 global test acc  97.7900
Round 48 global test acc  97.6900
Round 49 global test acc  97.9400
Round 50 global test acc  97.9100
Round 51 global test acc  97.7800
Round 52 global test acc  97.8100
Round 53 global test acc  97.8000
Round 54 global test acc  97.7200
Round 55 global test acc  97.8100
Round 56 global test acc  97.8200
Round 57 global test acc  97.8300
Round 58 global test acc  97.8300
Round 59 global test acc  97.8200
Round 60 global test acc  97.6700
Round 61 global test acc  97.8100
Round 62 global test acc  97.8400
Round 63 global test acc  97.9100
Round 64 global test acc  97.9000
Round 65 global test acc  97.8800
Round 66 global test acc  97.9300
Round 67 global test acc  97.8700
Round 68 global test acc  97.8300
Round 69 global test acc  97.8900
Round 70 global test acc  97.8900
Round 71 global test acc  97.8300
Round 72 global test acc  97.9400
Round 73 global test acc  97.9400
Round 74 global test acc  97.8600
Round 75 global test acc  97.9100
Round 76 global test acc  97.8700
Round 77 global test acc  97.8400
Round 78 global test acc  97.8300
Round 79 global test acc  97.8300
Round 80 global test acc  97.9100
Round 81 global test acc  97.9600
Round 82 global test acc  97.8600
Round 83 global test acc  97.9200
Round 84 global test acc  97.9300
Round 85 global test acc  97.9800
Round 86 global test acc  97.9000
Round 87 global test acc  97.8100
Round 88 global test acc  97.9100
Round 89 global test acc  97.9400
Round 90 global test acc  97.9100
Round 91 global test acc  97.8400
Round 92 global test acc  97.8000
Round 93 global test acc  97.7800
Round 94 global test acc  97.7200
Round 95 global test acc  97.7800
Round 96 global test acc  97.8900
Round 97 global test acc  97.9700
Round 98 global test acc  97.9000
Round 99 global test acc  97.9600
Round 100 global test acc  97.9200
Round 101 global test acc  97.9200
Round 102 global test acc  97.9200
Round 103 global test acc  97.8900
Round 104 global test acc  97.8800
Round 105 global test acc  97.9500
Round 106 global test acc  97.9000
Round 107 global test acc  97.8100
Round 108 global test acc  97.8700
Round 109 global test acc  97.9600
Round 110 global test acc  97.9500
Round 111 global test acc  97.9400
Round 112 global test acc  97.9200
Round 113 global test acc  97.9300
Round 114 global test acc  97.8800
Round 115 global test acc  97.8700
Round 116 global test acc  97.8000
Round 117 global test acc  97.9400
Round 118 global test acc  97.9900
Round 119 global test acc  97.8600
Round 120 global test acc  97.8000
Round 121 global test acc  97.7500
Round 122 global test acc  97.8700
Round 123 global test acc  97.6700
Round 124 global test acc  97.8100
Round 125 global test acc  97.8100
Round 126 global test acc  97.9500
Round 127 global test acc  97.9700
Round 128 global test acc  97.8900
Round 129 global test acc  97.8800
Round 130 global test acc  97.8900
Round 131 global test acc  97.7900
Round 132 global test acc  97.8100
Round 133 global test acc  97.9600
Round 134 global test acc  97.6800
Round 135 global test acc  97.8600
Round 136 global test acc  97.9200
Round 137 global test acc  97.8900
Round 138 global test acc  97.9100
Round 139 global test acc  97.8500
Round 140 global test acc  97.8700
Round 141 global test acc  97.9600
Round 142 global test acc  97.9300
Round 143 global test acc  97.8800
Round 144 global test acc  98.0000
Round 145 global test acc  97.8300
Round 146 global test acc  97.8000
Round 147 global test acc  97.8600
Round 148 global test acc  97.9500
Round 149 global test acc  97.9000
Round 150 global test acc  97.9700
Round 151 global test acc  97.9100
Round 152 global test acc  97.9300
Round 153 global test acc  97.9100
Round 154 global test acc  97.9500
Round 155 global test acc  97.9000
Round 156 global test acc  97.9200
Round 157 global test acc  97.8200
Round 158 global test acc  97.9600
Round 159 global test acc  97.9100
Round 160 global test acc  97.9300
Round 161 global test acc  97.9300
Round 162 global test acc  97.8800
Round 163 global test acc  97.9800
Round 164 global test acc  97.9300
Round 165 global test acc  97.8800
Round 166 global test acc  97.8600
Round 167 global test acc  97.8900
Round 168 global test acc  97.8600
Round 169 global test acc  97.9800
Round 170 global test acc  97.9700
Round 171 global test acc  97.8300
Round 172 global test acc  97.8400
Round 173 global test acc  97.7100
Round 174 global test acc  97.9100
Round 175 global test acc  97.8300
Round 176 global test acc  97.8200
Round 177 global test acc  97.8700
Round 178 global test acc  97.9200
Round 179 global test acc  97.8900
Round 180 global test acc  97.8900
Round 181 global test acc  97.9300
Round 182 global test acc  97.8800
Round 183 global test acc  97.8100
Round 184 global test acc  98.0400
Round 185 global test acc  97.9100
Round 186 global test acc  97.9500
Round 187 global test acc  97.8400
Round 188 global test acc  97.9300
Round 189 global test acc  97.8900
Round 190 global test acc  98.0600
Round 191 global test acc  97.8400
Round 192 global test acc  97.8100
Round 193 global test acc  97.7900
Round 194 global test acc  97.7600
Round 195 global test acc  97.8900
Round 196 global test acc  97.8100
Round 197 global test acc  97.8400
Round 198 global test acc  97.8000
Round 199 global test acc  97.9400
time : 8932.915870904922
('algorithm', 'FedCorr')
('gpu', 1)
('seed', 13)
('save_dir', './record/')
('rounds2', 200)
('local_ep', 5)
('frac2', 0.1)
('num_users', 100)
('local_bs', 32)
('lr', 0.1)
('model', 'lenet')
('num_classes', 10)
('level_n_system', 0.5)
('level_n_lowerb', 0.3)
('alpha_dirichlet', 10)
('non_iid_prob_class', 0.7)
('dataset', 'mnist')
('iid', True)
('LID_k', 20)
('iteration1', 5)
('rounds1', 200)
('frac1', 0.01)
('pretrained', False)
('mixup', False)
('alpha', 1)
('beta', 5)
('relabel_ratio', 0.5)
('confidence_thres', 0.5)
('clean_set_thres', 0.1)
('fine_tuning', True)
('correction', True)
('T_pl', 100)
('lambda_cen', 1.0)
('lambda_e', 0.8)
('num_gradual', 10)
('forget_rate', 0.2)
('lr_decay', 0.1)
('schedule', [])
('momentum', 0.5)
('weight_decay', 0.0001)
('feature_dim', 128)
('plr', 0.1)
('lamda', 15)
('K', 1)
('gamma', 1)
('begin_sel', 10)
('max_beta', 2)
('mu', 0.01)
('device', device(type='cuda', index=1))
Client 0, noise level: 0.7877 (0.7089), real noise ratio: 0.7100
Client 2, noise level: 0.4944 (0.4450), real noise ratio: 0.4383
Client 3, noise level: 0.4635 (0.4172), real noise ratio: 0.4250
Client 4, noise level: 0.8920 (0.8028), real noise ratio: 0.8300
Client 6, noise level: 0.7822 (0.7040), real noise ratio: 0.6883
Client 7, noise level: 0.4074 (0.3667), real noise ratio: 0.3583
Client 8, noise level: 0.4425 (0.3983), real noise ratio: 0.3883
Client 9, noise level: 0.3473 (0.3126), real noise ratio: 0.3000
Client 13, noise level: 0.4574 (0.4116), real noise ratio: 0.4017
Client 15, noise level: 0.3237 (0.2913), real noise ratio: 0.2733
Client 20, noise level: 0.7283 (0.6555), real noise ratio: 0.6533
Client 23, noise level: 0.5618 (0.5056), real noise ratio: 0.5233
Client 26, noise level: 0.8716 (0.7844), real noise ratio: 0.7683
Client 27, noise level: 0.3558 (0.3202), real noise ratio: 0.3250
Client 29, noise level: 0.8867 (0.7980), real noise ratio: 0.8017
Client 30, noise level: 0.6949 (0.6254), real noise ratio: 0.6050
Client 32, noise level: 0.4015 (0.3614), real noise ratio: 0.3617
Client 33, noise level: 0.3690 (0.3321), real noise ratio: 0.3200
Client 35, noise level: 0.7970 (0.7173), real noise ratio: 0.7317
Client 38, noise level: 0.5606 (0.5045), real noise ratio: 0.4783
Client 41, noise level: 0.7353 (0.6618), real noise ratio: 0.6850
Client 42, noise level: 0.8045 (0.7240), real noise ratio: 0.6917
Client 47, noise level: 0.4586 (0.4127), real noise ratio: 0.4233
Client 48, noise level: 0.5133 (0.4620), real noise ratio: 0.4667
Client 50, noise level: 0.7860 (0.7074), real noise ratio: 0.6750
Client 51, noise level: 0.3370 (0.3033), real noise ratio: 0.2983
Client 56, noise level: 0.5591 (0.5031), real noise ratio: 0.4833
Client 57, noise level: 0.6532 (0.5879), real noise ratio: 0.5683
Client 59, noise level: 0.3915 (0.3523), real noise ratio: 0.3383
Client 60, noise level: 0.8911 (0.8020), real noise ratio: 0.7717
Client 62, noise level: 0.4187 (0.3768), real noise ratio: 0.4017
Client 67, noise level: 0.3696 (0.3326), real noise ratio: 0.3417
Client 68, noise level: 0.9393 (0.8454), real noise ratio: 0.8667
Client 69, noise level: 0.7046 (0.6341), real noise ratio: 0.6133
Client 72, noise level: 0.3069 (0.2762), real noise ratio: 0.2900
Client 75, noise level: 0.7848 (0.7064), real noise ratio: 0.6717
Client 78, noise level: 0.3984 (0.3586), real noise ratio: 0.3617
Client 79, noise level: 0.7685 (0.6916), real noise ratio: 0.6867
Client 80, noise level: 0.5127 (0.4614), real noise ratio: 0.4517
Client 83, noise level: 0.4420 (0.3978), real noise ratio: 0.4433
Client 88, noise level: 0.4144 (0.3729), real noise ratio: 0.3617
Client 90, noise level: 0.4952 (0.4457), real noise ratio: 0.4367
Client 91, noise level: 0.4432 (0.3989), real noise ratio: 0.4250
Client 94, noise level: 0.3650 (0.3285), real noise ratio: 0.3150
Client 98, noise level: 0.5071 (0.4564), real noise ratio: 0.4767
Client 99, noise level: 0.4163 (0.3747), real noise ratio: 0.3800
LeNet(
  (conv1): Conv2d(1, 6, kernel_size=(5, 5), stride=(1, 1))
  (conv2): Conv2d(6, 16, kernel_size=(5, 5), stride=(1, 1))
  (batch_norm): BatchNorm2d(16, eps=1e-05, momentum=0.1, affine=True, track_running_stats=True)
  (fc1): Linear(in_features=400, out_features=120, bias=True)
  (fc2): Linear(in_features=120, out_features=84, bias=True)
  (fc3): Linear(in_features=84, out_features=10, bias=True)
)
Round 0 global test acc  97.9900
Round 0 Fscore 

[]
Round 1 global test acc  98.0200
Round 1 Fscore 

[]
Round 2 global test acc  97.9900
Round 2 Fscore 

[]
Round 3 global test acc  98.1800
Round 3 Fscore 

[]
Round 4 global test acc  98.0400
Round 4 Fscore 

[]
Round 5 global test acc  98.1600
Round 5 Fscore 

[]
Round 6 global test acc  98.2400
Round 6 Fscore 

[]
Round 7 global test acc  98.0700
Round 7 Fscore 

[]
Round 8 global test acc  98.2300
Round 8 Fscore 

[]
Round 9 global test acc  98.0600
Round 9 Fscore 

[]
Round 10 global test acc  98.1000
Round 10 Fscore 

[]
Round 11 global test acc  98.0900
Round 11 Fscore 

[]
Round 12 global test acc  97.9100
Round 12 Fscore 

[]
Round 13 global test acc  97.9700
Round 13 Fscore 

[]
Round 14 global test acc  98.0900
Round 14 Fscore 

[]
Round 15 global test acc  97.9700
Round 15 Fscore 

[]
Round 16 global test acc  98.1300
Round 16 Fscore 

[]
Round 17 global test acc  98.2700
Round 17 Fscore 

[]
Round 18 global test acc  98.1400
Round 18 Fscore 

[]
Round 19 global test acc  98.2500
Round 19 Fscore 

[]
Round 20 global test acc  98.2400
Round 20 Fscore 

[]
Round 21 global test acc  98.2400
Round 21 Fscore 

[]
Round 22 global test acc  98.3000
Round 22 Fscore 

[]
Round 23 global test acc  98.2000
Round 23 Fscore 

[]
Round 24 global test acc  98.1400
Round 24 Fscore 

[]
Round 25 global test acc  98.1700
Round 25 Fscore 

[]
Round 26 global test acc  98.1100
Round 26 Fscore 

[]
Round 27 global test acc  98.1700
Round 27 Fscore 

[]
Round 28 global test acc  98.0700
Round 28 Fscore 

[]
Round 29 global test acc  98.1600
Round 29 Fscore 

[]
Round 30 global test acc  98.2200
Round 30 Fscore 

[]
Round 31 global test acc  98.2000
Round 31 Fscore 

[]
Round 32 global test acc  98.0400
Round 32 Fscore 

[]
Round 33 global test acc  98.1900
Round 33 Fscore 

[]
Round 34 global test acc  98.1900
Round 34 Fscore 

[]
Round 35 global test acc  98.1400
Round 35 Fscore 

[]
Round 36 global test acc  98.1700
Round 36 Fscore 

[]
Round 37 global test acc  98.2500
Round 37 Fscore 

[]
Round 38 global test acc  98.1500
Round 38 Fscore 

[]
Round 39 global test acc  98.2100
Round 39 Fscore 

[]
Round 40 global test acc  98.1100
Round 40 Fscore 

[]
Round 41 global test acc  98.1300
Round 41 Fscore 

[]
Round 42 global test acc  98.1200
Round 42 Fscore 

[]
Round 43 global test acc  98.1300
Round 43 Fscore 

[]
Round 44 global test acc  98.1500
Round 44 Fscore 

[]
Round 45 global test acc  98.1700
Round 45 Fscore 

[]
Round 46 global test acc  98.1500
Round 46 Fscore 

[]
Round 47 global test acc  98.1700
Round 47 Fscore 

[]
Round 48 global test acc  98.1500
Round 48 Fscore 

[]
Round 49 global test acc  98.1400
Round 49 Fscore 

[]
Round 50 global test acc  98.3400
Round 50 Fscore 

[]
Round 51 global test acc  98.2400
Round 51 Fscore 

[]
Round 52 global test acc  98.1000
Round 52 Fscore 

[]
Round 53 global test acc  98.0700
Round 53 Fscore 

[]
Round 54 global test acc  98.3300
Round 54 Fscore 

[]
Round 55 global test acc  98.2000
Round 55 Fscore 

[]
Round 56 global test acc  98.2400
Round 56 Fscore 

[]
Round 57 global test acc  98.2400
Round 57 Fscore 

[]
Round 58 global test acc  98.1100
Round 58 Fscore 

[]
Round 59 global test acc  98.1300
Round 59 Fscore 

[]
Round 60 global test acc  98.2700
Round 60 Fscore 

[]
Round 61 global test acc  98.2300
Round 61 Fscore 

[]
Round 62 global test acc  98.3100
Round 62 Fscore 

[]
Round 63 global test acc  98.1700
Round 63 Fscore 

[]
Round 64 global test acc  98.2100
Round 64 Fscore 

[]
Round 65 global test acc  98.0400
Round 65 Fscore 

[]
Round 66 global test acc  98.1600
Round 66 Fscore 

[]
Round 67 global test acc  98.2300
Round 67 Fscore 

[]
Round 68 global test acc  98.1500
Round 68 Fscore 

[]
Round 69 global test acc  98.1800
Round 69 Fscore 

[]
Round 70 global test acc  98.1600
Round 70 Fscore 

[]
Round 71 global test acc  98.1800
Round 71 Fscore 

[]
Round 72 global test acc  98.1900
Round 72 Fscore 

[]
Round 73 global test acc  98.1500
Round 73 Fscore 

[]
Round 74 global test acc  98.1400
Round 74 Fscore 

[]
Round 75 global test acc  98.1100
Round 75 Fscore 

[]
Round 76 global test acc  98.0500
Round 76 Fscore 

[]
Round 77 global test acc  98.0900
Round 77 Fscore 

[]
Round 78 global test acc  98.2200
Round 78 Fscore 

[]
Round 79 global test acc  98.2000
Round 79 Fscore 

[]
Round 80 global test acc  98.1800
Round 80 Fscore 

[]
Round 81 global test acc  98.2300
Round 81 Fscore 

[]
Round 82 global test acc  98.1400
Round 82 Fscore 

[]
Round 83 global test acc  98.1500
Round 83 Fscore 

[]
Round 84 global test acc  98.2100
Round 84 Fscore 

[]
Round 85 global test acc  98.2600
Round 85 Fscore 

[]
Round 86 global test acc  98.0700
Round 86 Fscore 

[]
Round 87 global test acc  98.2100
Round 87 Fscore 

[]
Round 88 global test acc  98.0100
Round 88 Fscore 

[]
Round 89 global test acc  98.1700
Round 89 Fscore 

[]
Round 90 global test acc  98.1500
Round 90 Fscore 

[]
Round 91 global test acc  98.0600
Round 91 Fscore 

[]
Round 92 global test acc  98.1700
Round 92 Fscore 

[]
Round 93 global test acc  98.1800
Round 93 Fscore 

[]
Round 94 global test acc  98.1300
Round 94 Fscore 

[]
Round 95 global test acc  98.1700
Round 95 Fscore 

[]
Round 96 global test acc  98.2300
Round 96 Fscore 

[]
Round 97 global test acc  98.2500
Round 97 Fscore 

[]
Round 98 global test acc  98.1900
Round 98 Fscore 

[]
Round 99 global test acc  98.2000
Round 99 Fscore 

[]
Round 100 global test acc  98.2500
Round 100 Fscore 

[]
Round 101 global test acc  98.2300
Round 101 Fscore 

[]
Round 102 global test acc  98.2200
Round 102 Fscore 

[]
Round 103 global test acc  98.2900
Round 103 Fscore 

[]
Round 104 global test acc  98.2400
Round 104 Fscore 

[]
Round 105 global test acc  98.2200
Round 105 Fscore 

[]
Round 106 global test acc  98.1800
Round 106 Fscore 

[]
Round 107 global test acc  98.2100
Round 107 Fscore 

[]
Round 108 global test acc  98.2300
Round 108 Fscore 

[]
Round 109 global test acc  98.3100
Round 109 Fscore 

[]
Round 110 global test acc  98.1900
Round 110 Fscore 

[]
Round 111 global test acc  98.1800
Round 111 Fscore 

[]
Round 112 global test acc  98.1200
Round 112 Fscore 

[]
Round 113 global test acc  98.1000
Round 113 Fscore 

[]
Round 114 global test acc  98.0600
Round 114 Fscore 

[]
Round 115 global test acc  98.2200
Round 115 Fscore 

[]
Round 116 global test acc  98.2100
Round 116 Fscore 

[]
Round 117 global test acc  98.2300
Round 117 Fscore 

[]
Round 118 global test acc  98.2600
Round 118 Fscore 

[]
Round 119 global test acc  98.1100
Round 119 Fscore 

[]
Round 120 global test acc  98.2100
Round 120 Fscore 

[]
Round 121 global test acc  98.2500
Round 121 Fscore 

[]
Round 122 global test acc  98.2700
Round 122 Fscore 

[]
Round 123 global test acc  98.2300
Round 123 Fscore 

[]
Round 124 global test acc  98.2700
Round 124 Fscore 

[]
Round 125 global test acc  98.3400
Round 125 Fscore 

[]
Round 126 global test acc  98.2200
Round 126 Fscore 

[]
Round 127 global test acc  98.2200
Round 127 Fscore 

[]
Round 128 global test acc  98.3200
Round 128 Fscore 

[]
Round 129 global test acc  98.2800
Round 129 Fscore 

[]
Round 130 global test acc  98.2400
Round 130 Fscore 

[]
Round 131 global test acc  98.2200
Round 131 Fscore 

[]
Round 132 global test acc  98.2700
Round 132 Fscore 

[]
Round 133 global test acc  98.2500
Round 133 Fscore 

[]
Round 134 global test acc  98.3200
Round 134 Fscore 

[]
Round 135 global test acc  98.1900
Round 135 Fscore 

[]
Round 136 global test acc  98.2500
Round 136 Fscore 

[]
Round 137 global test acc  98.2800
Round 137 Fscore 

[]
Round 138 global test acc  98.1700
Round 138 Fscore 

[]
Round 139 global test acc  98.3600
Round 139 Fscore 

[]
Round 140 global test acc  98.1800
Round 140 Fscore 

[]
Round 141 global test acc  98.2300
Round 141 Fscore 

[]
Round 142 global test acc  98.2500
Round 142 Fscore 

[]
Round 143 global test acc  98.1800
Round 143 Fscore 

[]
Round 144 global test acc  98.2100
Round 144 Fscore 

[]
Round 145 global test acc  98.2100
Round 145 Fscore 

[]
Round 146 global test acc  98.1500
Round 146 Fscore 

[]
Round 147 global test acc  98.2800
Round 147 Fscore 

[]
Round 148 global test acc  98.1800
Round 148 Fscore 

[]
Round 149 global test acc  98.2500
Round 149 Fscore 

[]
Round 150 global test acc  98.2500
Round 150 Fscore 

[]
Round 151 global test acc  98.1000
Round 151 Fscore 

[]
Round 152 global test acc  98.2500
Round 152 Fscore 

[]
Round 153 global test acc  98.2400
Round 153 Fscore 

[]
Round 154 global test acc  98.3100
Round 154 Fscore 

[]
Round 155 global test acc  98.3300
Round 155 Fscore 

[]
Round 156 global test acc  98.2900
Round 156 Fscore 

[]
Round 157 global test acc  98.3100
Round 157 Fscore 

[]
Round 158 global test acc  98.1600
Round 158 Fscore 

[]
Round 159 global test acc  98.2600
Round 159 Fscore 

[]
Round 160 global test acc  98.1500
Round 160 Fscore 

[]
Round 161 global test acc  98.2200
Round 161 Fscore 

[]
Round 162 global test acc  98.3300
Round 162 Fscore 

[]
Round 163 global test acc  98.1900
Round 163 Fscore 

[]
Round 164 global test acc  98.3200
Round 164 Fscore 

[]
Round 165 global test acc  98.1500
Round 165 Fscore 

[]
Round 166 global test acc  98.1700
Round 166 Fscore 

[]
Round 167 global test acc  98.0900
Round 167 Fscore 

[]
Round 168 global test acc  98.2900
Round 168 Fscore 

[]
Round 169 global test acc  98.1500
Round 169 Fscore 

[]
Round 170 global test acc  98.2300
Round 170 Fscore 

[]
Round 171 global test acc  98.2800
Round 171 Fscore 

[]
Round 172 global test acc  98.2000
Round 172 Fscore 

[]
Round 173 global test acc  98.2700
Round 173 Fscore 

[]
Round 174 global test acc  98.2300
Round 174 Fscore 

[]
Round 175 global test acc  98.3400
Round 175 Fscore 

[]
Round 176 global test acc  98.2400
Round 176 Fscore 

[]
Round 177 global test acc  98.3400
Round 177 Fscore 

[]
Round 178 global test acc  98.2000
Round 178 Fscore 

[]
Round 179 global test acc  98.2600
Round 179 Fscore 

[]
Round 180 global test acc  98.1900
Round 180 Fscore 

[]
Round 181 global test acc  98.3000
Round 181 Fscore 

[]
Round 182 global test acc  98.3800
Round 182 Fscore 

[]
Round 183 global test acc  98.3800
Round 183 Fscore 

[]
Round 184 global test acc  98.4000
Round 184 Fscore 

[]
Round 185 global test acc  98.3200
Round 185 Fscore 

[]
Round 186 global test acc  98.2500
Round 186 Fscore 

[]
Round 187 global test acc  98.2600
Round 187 Fscore 

[]
Round 188 global test acc  98.1400
Round 188 Fscore 

[]
Round 189 global test acc  98.1300
Round 189 Fscore 

[]
Round 190 global test acc  98.0600
Round 190 Fscore 

[]
Round 191 global test acc  98.1500
Round 191 Fscore 

[]
Round 192 global test acc  98.1500
Round 192 Fscore 

[]
Round 193 global test acc  98.1600
Round 193 Fscore 

[]
Round 194 global test acc  98.1600
Round 194 Fscore 

[]
Round 195 global test acc  98.2300
Round 195 Fscore 

[]
Round 196 global test acc  98.1300
Round 196 Fscore 

[]
Round 197 global test acc  98.1400
Round 197 Fscore 

[]
Round 198 global test acc  98.2500
Round 198 Fscore 

[]
Round 199 global test acc  98.2500
Round 199 Fscore 

[0.9854327440261841, 0.9907485246658325, 0.9410377740859985, 0.9088506698608398, 0.9864636063575745, 0.9932773113250732, 0.9923273324966431, 0.9024677276611328, 0.9232704043388367, 0.9271522760391235, 0.992443323135376, 0.9907485246658325, 0.9898989796638489, 0.910941481590271, 0.9949748516082764, 0.9457700848579407, 0.9915966391563416, 0.9941324591636658, 0.9898989796638489, 0.988175630569458, 0.9906700849533081, 0.9958159327507019, 0.9915966391563416, 0.9896014332771301, 0.994132399559021, 0.9932885766029358, 0.9812286496162415, 0.949589729309082, 0.9924432635307312, 0.9879518151283264, 0.9825174808502197, 0.9915966391563416, 0.9907329082489014, 0.9313501119613647, 0.9932885766029358, 0.9829059839248657, 0.9949748516082764, 0.9949747920036316, 0.9561752676963806, 0.9881955981254578, 0.9941324591636658, 0.9897785186767578, 0.9914965629577637, 0.9958159327507019, 0.9966555237770081, 0.9915966987609863, 0.9958159327507019, 0.9940221905708313, 0.8938547372817993, 0.9983305335044861, 0.9915682673454285, 0.9535674452781677, 0.9924306273460388, 0.9966499209403992, 0.9924306273460388, 0.9958159327507019, 0.988013744354248, 0.9887640476226807, 0.9915966987609863, 0.9429928660392761, 0.9480769634246826, 0.9949748516082764, 0.9436769485473633, 0.9974937438964844, 0.994132399559021, 0.9890480041503906, 0.9941324591636658, 0.9349112510681152, 0.9854825139045715, 0.9826989769935608, 0.9941324591636658, 0.9941324591636658, 0.9330406188964844, 0.9941225647926331, 0.9915966391563416, 0.9829351305961609, 0.9941324591636658, 0.9915966391563416, 0.9206730723381042, 0.9856053590774536, 0.9516806602478027, 0.9881955981254578, 0.9958159327507019, 0.9325714111328125, 0.9941225647926331, 0.9949748516082764, 0.9898989796638489, 0.992443323135376, 0.9273607730865479, 0.9907485246658325, 0.9319797158241272, 0.9736841917037964, 0.9932885766029358, 0.9881955981254578, 0.9372861981391907, 0.9898989796638489, 0.9924432635307312, 0.9949748516082764, 0.9640427827835083, 0.9062119126319885]
time : 9229.348133325577
Traceback (most recent call last):
  File "main.py", line 57, in <module>
    run(args)
  File "main.py", line 46, in run
    torch.cuda.empty_cache()
  File "/data/jij/install/anaconda/envs/gflownets/lib/python3.7/site-packages/torch/cuda/memory.py", line 125, in empty_cache
    torch._C._cuda_emptyCache()
RuntimeError: CUDA error: out of memory
CUDA kernel errors might be asynchronously reported at some other API call,so the stacktrace below might be incorrect.
For debugging consider passing CUDA_LAUNCH_BLOCKING=1.
('algorithm', 'FedCorr')
('gpu', 1)
('seed', 13)
('save_dir', './record/')
('rounds2', 200)
('local_ep', 5)
('frac2', 0.1)
('num_users', 100)
('local_bs', 32)
('lr', 0.1)
('model', 'lenet')
('num_classes', 10)
('level_n_system', 0.5)
('level_n_lowerb', 0.3)
('alpha_dirichlet', 10)
('non_iid_prob_class', 0.7)
('dataset', 'mnist')
('iid', True)
('LID_k', 20)
('iteration1', 5)
('rounds1', 200)
('frac1', 0.01)
('pretrained', False)
('mixup', False)
('alpha', 1)
('beta', 5)
('relabel_ratio', 0.5)
('confidence_thres', 0.5)
('clean_set_thres', 0.1)
('fine_tuning', True)
('correction', True)
('T_pl', 100)
('lambda_cen', 1.0)
('lambda_e', 0.8)
('num_gradual', 10)
('forget_rate', 0.2)
('lr_decay', 0.1)
('schedule', [])
('momentum', 0.5)
('weight_decay', 0.0001)
('feature_dim', 128)
('plr', 0.1)
('lamda', 15)
('K', 5)
('gamma', 1)
('begin_sel', 10)
('max_beta', 2)
('mu', 0.01)
('device', device(type='cuda', index=1))
Client 0, noise level: 0.7877 (0.7089), real noise ratio: 0.7100
Client 2, noise level: 0.4944 (0.4450), real noise ratio: 0.4383
Client 3, noise level: 0.4635 (0.4172), real noise ratio: 0.4250
Client 4, noise level: 0.8920 (0.8028), real noise ratio: 0.8300
Client 6, noise level: 0.7822 (0.7040), real noise ratio: 0.6883
Client 7, noise level: 0.4074 (0.3667), real noise ratio: 0.3583
Client 8, noise level: 0.4425 (0.3983), real noise ratio: 0.3883
Client 9, noise level: 0.3473 (0.3126), real noise ratio: 0.3000
Client 13, noise level: 0.4574 (0.4116), real noise ratio: 0.4017
Client 15, noise level: 0.3237 (0.2913), real noise ratio: 0.2733
Client 20, noise level: 0.7283 (0.6555), real noise ratio: 0.6533
Client 23, noise level: 0.5618 (0.5056), real noise ratio: 0.5233
Client 26, noise level: 0.8716 (0.7844), real noise ratio: 0.7683
Client 27, noise level: 0.3558 (0.3202), real noise ratio: 0.3250
Client 29, noise level: 0.8867 (0.7980), real noise ratio: 0.8017
Client 30, noise level: 0.6949 (0.6254), real noise ratio: 0.6050
Client 32, noise level: 0.4015 (0.3614), real noise ratio: 0.3617
Client 33, noise level: 0.3690 (0.3321), real noise ratio: 0.3200
Client 35, noise level: 0.7970 (0.7173), real noise ratio: 0.7317
Client 38, noise level: 0.5606 (0.5045), real noise ratio: 0.4783
Client 41, noise level: 0.7353 (0.6618), real noise ratio: 0.6850
Client 42, noise level: 0.8045 (0.7240), real noise ratio: 0.6917
Client 47, noise level: 0.4586 (0.4127), real noise ratio: 0.4233
Client 48, noise level: 0.5133 (0.4620), real noise ratio: 0.4667
Client 50, noise level: 0.7860 (0.7074), real noise ratio: 0.6750
Client 51, noise level: 0.3370 (0.3033), real noise ratio: 0.2983
Client 56, noise level: 0.5591 (0.5031), real noise ratio: 0.4833
Client 57, noise level: 0.6532 (0.5879), real noise ratio: 0.5683
Client 59, noise level: 0.3915 (0.3523), real noise ratio: 0.3383
Client 60, noise level: 0.8911 (0.8020), real noise ratio: 0.7717
Client 62, noise level: 0.4187 (0.3768), real noise ratio: 0.4017
Client 67, noise level: 0.3696 (0.3326), real noise ratio: 0.3417
Client 68, noise level: 0.9393 (0.8454), real noise ratio: 0.8667
Client 69, noise level: 0.7046 (0.6341), real noise ratio: 0.6133
Client 72, noise level: 0.3069 (0.2762), real noise ratio: 0.2900
Client 75, noise level: 0.7848 (0.7064), real noise ratio: 0.6717
Client 78, noise level: 0.3984 (0.3586), real noise ratio: 0.3617
Client 79, noise level: 0.7685 (0.6916), real noise ratio: 0.6867
Client 80, noise level: 0.5127 (0.4614), real noise ratio: 0.4517
Client 83, noise level: 0.4420 (0.3978), real noise ratio: 0.4433
Client 88, noise level: 0.4144 (0.3729), real noise ratio: 0.3617
Client 90, noise level: 0.4952 (0.4457), real noise ratio: 0.4367
Client 91, noise level: 0.4432 (0.3989), real noise ratio: 0.4250
Client 94, noise level: 0.3650 (0.3285), real noise ratio: 0.3150
Client 98, noise level: 0.5071 (0.4564), real noise ratio: 0.4767
Client 99, noise level: 0.4163 (0.3747), real noise ratio: 0.3800
LeNet(
  (conv1): Conv2d(1, 6, kernel_size=(5, 5), stride=(1, 1))
  (conv2): Conv2d(6, 16, kernel_size=(5, 5), stride=(1, 1))
  (batch_norm): BatchNorm2d(16, eps=1e-05, momentum=0.1, affine=True, track_running_stats=True)
  (fc1): Linear(in_features=400, out_features=120, bias=True)
  (fc2): Linear(in_features=120, out_features=84, bias=True)
  (fc3): Linear(in_features=84, out_features=10, bias=True)
)
Round 0 global test acc  98.4600
Round 0 Fscore 

[]
Round 1 global test acc  98.4500
Round 1 Fscore 

[]
Round 2 global test acc  98.3200
Round 2 Fscore 

[]
Round 3 global test acc  98.3700
Round 3 Fscore 

[]
Round 4 global test acc  98.3000
Round 4 Fscore 

[]
Round 5 global test acc  98.1300
Round 5 Fscore 

[]
Round 6 global test acc  98.2700
Round 6 Fscore 

[]
Round 7 global test acc  98.3000
Round 7 Fscore 

[]
Round 8 global test acc  98.3800
Round 8 Fscore 

[]
Round 9 global test acc  98.3000
Round 9 Fscore 

[]
Round 10 global test acc  98.3100
Round 10 Fscore 

[]
Round 11 global test acc  98.3600
Round 11 Fscore 

[]
Round 12 global test acc  98.3500
Round 12 Fscore 

[]
Round 13 global test acc  98.4800
Round 13 Fscore 

[]
Round 14 global test acc  98.4800
Round 14 Fscore 

[]
Round 15 global test acc  98.4100
Round 15 Fscore 

[]
Round 16 global test acc  98.3700
Round 16 Fscore 

[]
Round 17 global test acc  98.3100
Round 17 Fscore 

[]
Round 18 global test acc  98.2800
Round 18 Fscore 

[]
Round 19 global test acc  98.3500
Round 19 Fscore 

[]
Round 20 global test acc  98.3300
Round 20 Fscore 

[]
Round 21 global test acc  98.2500
Round 21 Fscore 

[]
Round 22 global test acc  98.3900
Round 22 Fscore 

[]
Round 23 global test acc  98.3100
Round 23 Fscore 

[]
Round 24 global test acc  98.2400
Round 24 Fscore 

[]
Round 25 global test acc  98.3700
Round 25 Fscore 

[]
Round 26 global test acc  98.3100
Round 26 Fscore 

[]
Round 27 global test acc  98.3100
Round 27 Fscore 

[]
Round 28 global test acc  98.3700
Round 28 Fscore 

[]
Round 29 global test acc  98.3300
Round 29 Fscore 

[]
Round 30 global test acc  98.3300
Round 30 Fscore 

[]
Round 31 global test acc  98.4800
Round 31 Fscore 

[]
Round 32 global test acc  98.3700
Round 32 Fscore 

[]
Round 33 global test acc  98.4200
Round 33 Fscore 

[]
Round 34 global test acc  98.4100
Round 34 Fscore 

[]
Round 35 global test acc  98.2100
Round 35 Fscore 

[]
Round 36 global test acc  98.2900
Round 36 Fscore 

[]
Round 37 global test acc  98.2900
Round 37 Fscore 

[]
Round 38 global test acc  98.3100
Round 38 Fscore 

[]
Round 39 global test acc  98.3200
Round 39 Fscore 

[]
Round 40 global test acc  98.3300
Round 40 Fscore 

[]
Round 41 global test acc  98.3600
Round 41 Fscore 

[]
Round 42 global test acc  98.3800
Round 42 Fscore 

[]
Round 43 global test acc  98.4200
Round 43 Fscore 

[]
Round 44 global test acc  98.3300
Round 44 Fscore 

[]
Round 45 global test acc  98.4200
Round 45 Fscore 

[]
Round 46 global test acc  98.2900
Round 46 Fscore 

[]
Round 47 global test acc  98.2700
Round 47 Fscore 

[]
Round 48 global test acc  98.3900
Round 48 Fscore 

[]
Round 49 global test acc  98.3100
Round 49 Fscore 

[]
Round 50 global test acc  98.2700
Round 50 Fscore 

[]
Round 51 global test acc  98.3300
Round 51 Fscore 

[]
Round 52 global test acc  98.3300
Round 52 Fscore 

[]
Round 53 global test acc  98.3900
Round 53 Fscore 

[]
Round 54 global test acc  98.2500
Round 54 Fscore 

[]
Round 55 global test acc  98.3200
Round 55 Fscore 

[]
Round 56 global test acc  98.3400
Round 56 Fscore 

[]
Round 57 global test acc  98.3200
Round 57 Fscore 

[]
Round 58 global test acc  98.3000
Round 58 Fscore 

[]
Round 59 global test acc  98.4100
Round 59 Fscore 

[]
Round 60 global test acc  98.4100
Round 60 Fscore 

[]
Round 61 global test acc  98.3100
Round 61 Fscore 

[]
Round 62 global test acc  98.3600
Round 62 Fscore 

[]
Round 63 global test acc  98.4000
Round 63 Fscore 

[]
Round 64 global test acc  98.4000
Round 64 Fscore 

[]
Round 65 global test acc  98.3900
Round 65 Fscore 

[]
Round 66 global test acc  98.2800
Round 66 Fscore 

[]
Round 67 global test acc  98.3300
Round 67 Fscore 

[]
Round 68 global test acc  98.2600
Round 68 Fscore 

[]
Round 69 global test acc  98.3800
Round 69 Fscore 

[]
Round 70 global test acc  98.3600
Round 70 Fscore 

[]
Round 71 global test acc  98.3300
Round 71 Fscore 

[]
Round 72 global test acc  98.4100
Round 72 Fscore 

[]
Round 73 global test acc  98.4800
Round 73 Fscore 

[]
Round 74 global test acc  98.2600
Round 74 Fscore 

[]
Round 75 global test acc  98.4400
Round 75 Fscore 

[]
Round 76 global test acc  98.2800
Round 76 Fscore 

[]
Round 77 global test acc  98.4300
Round 77 Fscore 

[]
Round 78 global test acc  98.2800
Round 78 Fscore 

[]
Round 79 global test acc  98.3300
Round 79 Fscore 

[]
Round 80 global test acc  98.3700
Round 80 Fscore 

[]
Round 81 global test acc  98.3900
Round 81 Fscore 

[]
Round 82 global test acc  98.4400
Round 82 Fscore 

[]
Round 83 global test acc  98.4600
Round 83 Fscore 

[]
Round 84 global test acc  98.4000
Round 84 Fscore 

[]
Round 85 global test acc  98.4400
Round 85 Fscore 

[]
Round 86 global test acc  98.3300
Round 86 Fscore 

[]
Round 87 global test acc  98.4200
Round 87 Fscore 

[]
Round 88 global test acc  98.3600
Round 88 Fscore 

[]
Round 89 global test acc  98.5200
Round 89 Fscore 

[]
Round 90 global test acc  98.3600
Round 90 Fscore 

[]
Round 91 global test acc  98.4500
Round 91 Fscore 

[]
Round 92 global test acc  98.3900
Round 92 Fscore 

[]
Round 93 global test acc  98.3300
Round 93 Fscore 

[]
Round 94 global test acc  98.4300
Round 94 Fscore 

[]
Round 95 global test acc  98.3800
Round 95 Fscore 

[]
Round 96 global test acc  98.3400
Round 96 Fscore 

[]
Round 97 global test acc  98.4200
Round 97 Fscore 

[]
Round 98 global test acc  98.2600
Round 98 Fscore 

[]
Round 99 global test acc  98.4900
Round 99 Fscore 

[]
Round 100 global test acc  98.3500
Round 100 Fscore 

[]
Round 101 global test acc  98.3700
Round 101 Fscore 

[]
Round 102 global test acc  98.3900
Round 102 Fscore 

[]
Round 103 global test acc  98.3800
Round 103 Fscore 

[]
Round 104 global test acc  98.4100
Round 104 Fscore 

[]
Round 105 global test acc  98.3300
Round 105 Fscore 

[]
Round 106 global test acc  98.4200
Round 106 Fscore 

[]
Round 107 global test acc  98.3500
Round 107 Fscore 

[]
Round 108 global test acc  98.4100
Round 108 Fscore 

[]
Round 109 global test acc  98.3400
Round 109 Fscore 

[]
Round 110 global test acc  98.4200
Round 110 Fscore 

[]
Round 111 global test acc  98.3900
Round 111 Fscore 

[]
Round 112 global test acc  98.3900
Round 112 Fscore 

[]
Round 113 global test acc  98.2900
Round 113 Fscore 

[]
Round 114 global test acc  98.3000
Round 114 Fscore 

[]
Round 115 global test acc  98.3600
Round 115 Fscore 

[]
Round 116 global test acc  98.2800
Round 116 Fscore 

[]
Round 117 global test acc  98.3400
Round 117 Fscore 

[]
Round 118 global test acc  98.4600
Round 118 Fscore 

[]
Round 119 global test acc  98.4400
Round 119 Fscore 

[]
Round 120 global test acc  98.3700
Round 120 Fscore 

[]
Round 121 global test acc  98.5000
Round 121 Fscore 

[]
Round 122 global test acc  98.3200
Round 122 Fscore 

[]
Round 123 global test acc  98.3500
Round 123 Fscore 

[]
Round 124 global test acc  98.4400
Round 124 Fscore 

[]
Round 125 global test acc  98.3500
Round 125 Fscore 

[]
Round 126 global test acc  98.4400
Round 126 Fscore 

[]
Round 127 global test acc  98.3600
Round 127 Fscore 

[]
Round 128 global test acc  98.3600
Round 128 Fscore 

[]
Round 129 global test acc  98.2200
Round 129 Fscore 

[]
Round 130 global test acc  98.3500
Round 130 Fscore 

[]
Round 131 global test acc  98.4700
Round 131 Fscore 

[]
Round 132 global test acc  98.3800
Round 132 Fscore 

[]
Round 133 global test acc  98.3300
Round 133 Fscore 

[]
Round 134 global test acc  98.4100
Round 134 Fscore 

[]
Round 135 global test acc  98.5200
Round 135 Fscore 

[]
Round 136 global test acc  98.5200
Round 136 Fscore 

[]
Round 137 global test acc  98.5300
Round 137 Fscore 

[]
Round 138 global test acc  98.4400
Round 138 Fscore 

[]
Round 139 global test acc  98.4700
Round 139 Fscore 

[]
Round 140 global test acc  98.4100
Round 140 Fscore 

[]
Round 141 global test acc  98.4700
Round 141 Fscore 

[]
Round 142 global test acc  98.4500
Round 142 Fscore 

[]
Round 143 global test acc  98.3700
Round 143 Fscore 

[]
Round 144 global test acc  98.4000
Round 144 Fscore 

[]
Round 145 global test acc  98.3600
Round 145 Fscore 

[]
Round 146 global test acc  98.3900
Round 146 Fscore 

[]
Round 147 global test acc  98.3800
Round 147 Fscore 

[]
Round 148 global test acc  98.2700
Round 148 Fscore 

[]
Round 149 global test acc  98.2700
Round 149 Fscore 

[]
Round 150 global test acc  98.2500
Round 150 Fscore 

[]
Round 151 global test acc  98.2900
Round 151 Fscore 

[]
Round 152 global test acc  98.4100
Round 152 Fscore 

[]
Round 153 global test acc  98.2300
Round 153 Fscore 

[]
Round 154 global test acc  98.4000
Round 154 Fscore 

[]
Round 155 global test acc  98.3200
Round 155 Fscore 

[]
Round 156 global test acc  98.3900
Round 156 Fscore 

[]
Round 157 global test acc  98.3500
Round 157 Fscore 

[]
Round 158 global test acc  98.2700
Round 158 Fscore 

[]
Round 159 global test acc  98.4300
Round 159 Fscore 

[]
Round 160 global test acc  98.4500
Round 160 Fscore 

[]
Round 161 global test acc  98.3800
Round 161 Fscore 

[]
Round 162 global test acc  98.4100
Round 162 Fscore 

[]
Round 163 global test acc  98.3100
Round 163 Fscore 

[]
Round 164 global test acc  98.3500
Round 164 Fscore 

[]
Round 165 global test acc  98.3900
Round 165 Fscore 

[]
Round 166 global test acc  98.3300
Round 166 Fscore 

[]
Round 167 global test acc  98.4300
Round 167 Fscore 

[]
Round 168 global test acc  98.2500
Round 168 Fscore 

[]
Round 169 global test acc  98.2000
Round 169 Fscore 

[]
Round 170 global test acc  98.3500
Round 170 Fscore 

[]
Round 171 global test acc  98.4000
Round 171 Fscore 

[]
Round 172 global test acc  98.2700
Round 172 Fscore 

[]
Round 173 global test acc  98.4000
Round 173 Fscore 

[]
Round 174 global test acc  98.6000
Round 174 Fscore 

[]
Round 175 global test acc  98.4700
Round 175 Fscore 

[]
Round 176 global test acc  98.4400
Round 176 Fscore 

[]
Round 177 global test acc  98.3600
Round 177 Fscore 

[]
Round 178 global test acc  98.4100
Round 178 Fscore 

[]
Round 179 global test acc  98.4700
Round 179 Fscore 

[]
Round 180 global test acc  98.4700
Round 180 Fscore 

[]
Round 181 global test acc  98.4800
Round 181 Fscore 

[]
Round 182 global test acc  98.4700
Round 182 Fscore 

[]
Round 183 global test acc  98.4400
Round 183 Fscore 

[]
Round 184 global test acc  98.3700
Round 184 Fscore 

[]
Round 185 global test acc  98.5000
Round 185 Fscore 

[]
Round 186 global test acc  98.3800
Round 186 Fscore 

[]
Round 187 global test acc  98.3700
Round 187 Fscore 

[]
Round 188 global test acc  98.4400
Round 188 Fscore 

[]
Round 189 global test acc  98.4800
Round 189 Fscore 

[]
Round 190 global test acc  98.3000
Round 190 Fscore 

[]
Round 191 global test acc  98.3800
Round 191 Fscore 

[]
Round 192 global test acc  98.3400
Round 192 Fscore 

[]
Round 193 global test acc  98.4100
Round 193 Fscore 

[]
Round 194 global test acc  98.4000
Round 194 Fscore 

[]
Round 195 global test acc  98.3400
Round 195 Fscore 

[]
Round 196 global test acc  98.4500
Round 196 Fscore 

[]
Round 197 global test acc  98.2900
Round 197 Fscore 

[]
Round 198 global test acc  98.2900
Round 198 Fscore 

[]
Round 199 global test acc  98.4000
Round 199 Fscore 

[0.9890480041503906, 0.9915966987609863, 0.9363128542900085, 0.9400544762611389, 0.9915966391563416, 0.9983305335044861, 0.9738805890083313, 0.942472517490387, 0.9620535373687744, 0.9589040875434875, 0.999165952205658, 0.9983305335044861, 0.999165952205658, 0.9322916269302368, 0.9966554641723633, 0.9746953845024109, 0.9983305335044861, 0.9974937438964844, 0.9983305335044861, 0.9974937438964844, 0.9890109896659851, 0.9974937438964844, 0.9974937438964844, 0.9631901979446411, 0.9974937438964844, 0.9966555237770081, 0.9579350352287292, 0.949589729309082, 0.9983305335044861, 0.9616463780403137, 0.9940527081489563, 0.9958159327507019, 0.992443323135376, 0.9510489106178284, 0.9932885766029358, 0.9582929611206055, 0.9932885766029358, 0.9974937438964844, 0.9545984268188477, 0.9949747920036316, 0.9966555237770081, 0.9923922419548035, 0.9665711522102356, 0.9983305335044861, 0.9915966391563416, 0.999165952205658, 0.9966555237770081, 0.9364005923271179, 0.8926080465316772, 0.9966554641723633, 0.9720669984817505, 0.9750957489013672, 0.9983305335044861, 0.9958088994026184, 0.9974937438964844, 0.9983305335044861, 0.9518214464187622, 0.9545934796333313, 0.9983305335044861, 0.9452381730079651, 0.945349931716919, 0.9974937438964844, 0.9617485404014587, 0.9983305335044861, 0.9983305335044861, 0.9983305335044861, 0.9983305335044861, 0.9612565636634827, 0.990717351436615, 0.9626556634902954, 0.999165952205658, 0.9958159327507019, 0.9751433730125427, 0.9958159327507019, 0.9958159327507019, 0.9653882384300232, 0.9983277320861816, 0.9974937438964844, 0.9352868795394897, 0.9898819327354431, 0.9676153659820557, 0.9949747920036316, 0.9958158731460571, 0.9446327686309814, 0.9898819327354431, 0.9941324591636658, 0.9983305335044861, 0.9983305335044861, 0.9341462850570679, 0.9941324591636658, 0.9589303135871887, 0.960091233253479, 0.9974937438964844, 0.9966555237770081, 0.9523809552192688, 0.9890480041503906, 0.9983305335044861, 0.9974895715713501, 0.943089485168457, 0.9405815601348877]
time : 9215.825407266617
('algorithm', 'FedCorr')
('gpu', 1)
('seed', 13)
('save_dir', './record/')
('rounds2', 200)
('local_ep', 5)
('frac2', 0.1)
('num_users', 100)
('local_bs', 32)
('lr', 0.1)
('model', 'lenet')
('num_classes', 10)
('level_n_system', 0.5)
('level_n_lowerb', 0.3)
('alpha_dirichlet', 10)
('non_iid_prob_class', 0.7)
('dataset', 'mnist')
('iid', True)
('LID_k', 20)
('iteration1', 5)
('rounds1', 200)
('frac1', 0.01)
('pretrained', False)
('mixup', False)
('alpha', 1)
('beta', 5)
('relabel_ratio', 0.5)
('confidence_thres', 0.5)
('clean_set_thres', 0.1)
('fine_tuning', True)
('correction', True)
('T_pl', 100)
('lambda_cen', 1.0)
('lambda_e', 0.8)
('num_gradual', 10)
('forget_rate', 0.2)
('lr_decay', 0.1)
('schedule', [])
('momentum', 0.5)
('weight_decay', 0.0001)
('feature_dim', 128)
('plr', 0.1)
('lamda', 15)
('K', 5)
('gamma', 1)
('begin_sel', 10)
('device', device(type='cuda', index=1))
Client 0, noise level: 0.7877 (0.7089), real noise ratio: 0.7100
Client 2, noise level: 0.4944 (0.4450), real noise ratio: 0.4383
Client 3, noise level: 0.4635 (0.4172), real noise ratio: 0.4250
Client 4, noise level: 0.8920 (0.8028), real noise ratio: 0.8300
Client 6, noise level: 0.7822 (0.7040), real noise ratio: 0.6883
Client 7, noise level: 0.4074 (0.3667), real noise ratio: 0.3583
Client 8, noise level: 0.4425 (0.3983), real noise ratio: 0.3883
Client 9, noise level: 0.3473 (0.3126), real noise ratio: 0.3000
Client 13, noise level: 0.4574 (0.4116), real noise ratio: 0.4017
Client 15, noise level: 0.3237 (0.2913), real noise ratio: 0.2733
Client 20, noise level: 0.7283 (0.6555), real noise ratio: 0.6533
Client 23, noise level: 0.5618 (0.5056), real noise ratio: 0.5233
Client 26, noise level: 0.8716 (0.7844), real noise ratio: 0.7683
Client 27, noise level: 0.3558 (0.3202), real noise ratio: 0.3250
Client 29, noise level: 0.8867 (0.7980), real noise ratio: 0.8017
Client 30, noise level: 0.6949 (0.6254), real noise ratio: 0.6050
Client 32, noise level: 0.4015 (0.3614), real noise ratio: 0.3617
Client 33, noise level: 0.3690 (0.3321), real noise ratio: 0.3200
Client 35, noise level: 0.7970 (0.7173), real noise ratio: 0.7317
Client 38, noise level: 0.5606 (0.5045), real noise ratio: 0.4783
Client 41, noise level: 0.7353 (0.6618), real noise ratio: 0.6850
Client 42, noise level: 0.8045 (0.7240), real noise ratio: 0.6917
Client 47, noise level: 0.4586 (0.4127), real noise ratio: 0.4233
Client 48, noise level: 0.5133 (0.4620), real noise ratio: 0.4667
Client 50, noise level: 0.7860 (0.7074), real noise ratio: 0.6750
Client 51, noise level: 0.3370 (0.3033), real noise ratio: 0.2983
Client 56, noise level: 0.5591 (0.5031), real noise ratio: 0.4833
Client 57, noise level: 0.6532 (0.5879), real noise ratio: 0.5683
Client 59, noise level: 0.3915 (0.3523), real noise ratio: 0.3383
Client 60, noise level: 0.8911 (0.8020), real noise ratio: 0.7717
Client 62, noise level: 0.4187 (0.3768), real noise ratio: 0.4017
Client 67, noise level: 0.3696 (0.3326), real noise ratio: 0.3417
Client 68, noise level: 0.9393 (0.8454), real noise ratio: 0.8667
Client 69, noise level: 0.7046 (0.6341), real noise ratio: 0.6133
Client 72, noise level: 0.3069 (0.2762), real noise ratio: 0.2900
Client 75, noise level: 0.7848 (0.7064), real noise ratio: 0.6717
Client 78, noise level: 0.3984 (0.3586), real noise ratio: 0.3617
Client 79, noise level: 0.7685 (0.6916), real noise ratio: 0.6867
Client 80, noise level: 0.5127 (0.4614), real noise ratio: 0.4517
Client 83, noise level: 0.4420 (0.3978), real noise ratio: 0.4433
Client 88, noise level: 0.4144 (0.3729), real noise ratio: 0.3617
Client 90, noise level: 0.4952 (0.4457), real noise ratio: 0.4367
Client 91, noise level: 0.4432 (0.3989), real noise ratio: 0.4250
Client 94, noise level: 0.3650 (0.3285), real noise ratio: 0.3150
Client 98, noise level: 0.5071 (0.4564), real noise ratio: 0.4767
Client 99, noise level: 0.4163 (0.3747), real noise ratio: 0.3800
LeNet(
  (conv1): Conv2d(1, 6, kernel_size=(5, 5), stride=(1, 1))
  (conv2): Conv2d(6, 16, kernel_size=(5, 5), stride=(1, 1))
  (batch_norm): BatchNorm2d(16, eps=1e-05, momentum=0.1, affine=True, track_running_stats=True)
  (fc1): Linear(in_features=400, out_features=120, bias=True)
  (fc2): Linear(in_features=120, out_features=84, bias=True)
  (fc3): Linear(in_features=84, out_features=10, bias=True)
)
Round 0 global test acc  97.4600
Round 1 global test acc  97.7400
Round 2 global test acc  97.7600
Round 3 global test acc  97.7100
Round 4 global test acc  97.7300
Round 5 global test acc  97.7400
Round 6 global test acc  97.7300
Round 7 global test acc  97.7800
Round 8 global test acc  97.8300
Round 9 global test acc  97.8500
Round 10 global test acc  97.8500
Round 11 global test acc  97.7900
Round 12 global test acc  97.6400
Round 13 global test acc  97.8700
Round 14 global test acc  97.8200
Round 15 global test acc  97.9000
Round 16 global test acc  97.7800
Round 17 global test acc  97.8300
Round 18 global test acc  97.8600
Round 19 global test acc  97.9200
Round 20 global test acc  97.8500
Round 21 global test acc  97.7600
Round 22 global test acc  97.9700
Round 23 global test acc  97.8700
Round 24 global test acc  97.7300
Round 25 global test acc  97.8600
Round 26 global test acc  97.8400
Round 27 global test acc  97.9600
Round 28 global test acc  97.9300
Round 29 global test acc  97.8000
Round 30 global test acc  97.7600
Round 31 global test acc  97.8200
Round 32 global test acc  97.8500
Round 33 global test acc  97.9100
Round 34 global test acc  97.8100
Round 35 global test acc  97.7200
Round 36 global test acc  97.7400
Round 37 global test acc  97.8400
Round 38 global test acc  97.8500
Round 39 global test acc  97.9200
Round 40 global test acc  97.9500
Round 41 global test acc  97.9400
Round 42 global test acc  97.9000
Round 43 global test acc  97.8900
Round 44 global test acc  97.8300
Round 45 global test acc  97.8800
Round 46 global test acc  97.8900
Round 47 global test acc  97.8400
Round 48 global test acc  97.9900
Round 49 global test acc  97.9800
Round 50 global test acc  97.9000
Round 51 global test acc  97.8600
Round 52 global test acc  97.9400
Round 53 global test acc  97.8500
Round 54 global test acc  97.7900
Round 55 global test acc  97.9200
Round 56 global test acc  98.0200
Round 57 global test acc  97.9600
Round 58 global test acc  97.8600
Round 59 global test acc  98.0000
Round 60 global test acc  97.9900
Round 61 global test acc  97.9000
Round 62 global test acc  97.9200
Round 63 global test acc  98.0100
Round 64 global test acc  97.9400
Round 65 global test acc  97.9300
Round 66 global test acc  97.9800
Round 67 global test acc  98.0600
Round 68 global test acc  98.0400
Round 69 global test acc  97.9000
Round 70 global test acc  97.9800
Round 71 global test acc  98.0100
Round 72 global test acc  98.0500
Round 73 global test acc  97.9800
Round 74 global test acc  98.0100
Round 75 global test acc  97.9700
Round 76 global test acc  97.9200
Round 77 global test acc  98.0500
Round 78 global test acc  98.0500
Round 79 global test acc  97.9000
Round 80 global test acc  97.8800
Round 81 global test acc  97.9100
Round 82 global test acc  97.9300
Round 83 global test acc  97.9200
Round 84 global test acc  97.9500
Round 85 global test acc  98.0200
Round 86 global test acc  98.1600
Round 87 global test acc  97.9200
Round 88 global test acc  97.9800
Round 89 global test acc  97.8600
Round 90 global test acc  97.9700
Round 91 global test acc  98.0000
Round 92 global test acc  97.9400
Round 93 global test acc  97.9800
Round 94 global test acc  98.0400
Round 95 global test acc  98.0400
Round 96 global test acc  97.8300
Round 97 global test acc  97.8800
Round 98 global test acc  97.9900
Round 99 global test acc  98.0200
Round 100 global test acc  97.8100
Round 101 global test acc  97.8900
Round 102 global test acc  97.9000
Round 103 global test acc  97.9700
Round 104 global test acc  97.9400
Round 105 global test acc  97.9300
Round 106 global test acc  98.0900
Round 107 global test acc  98.0400
Round 108 global test acc  97.9100
Round 109 global test acc  98.0900
Round 110 global test acc  98.1500
Round 111 global test acc  97.9800
Round 112 global test acc  97.8100
Round 113 global test acc  97.9800
Round 114 global test acc  97.7800
Round 115 global test acc  97.8800
Round 116 global test acc  97.9900
Round 117 global test acc  97.9500
Round 118 global test acc  97.9200
Round 119 global test acc  97.8700
Round 120 global test acc  97.9800
Round 121 global test acc  97.9600
Round 122 global test acc  97.9000
Round 123 global test acc  97.9600
Round 124 global test acc  97.9800
Round 125 global test acc  97.8400
Round 126 global test acc  97.8500
Round 127 global test acc  97.8900
Round 128 global test acc  97.9100
Round 129 global test acc  97.7800
Round 130 global test acc  97.9900
Round 131 global test acc  98.0100
Round 132 global test acc  97.9600
Round 133 global test acc  97.9700
Round 134 global test acc  97.9700
Round 135 global test acc  98.0300
Round 136 global test acc  98.0200
Round 137 global test acc  97.9800
Round 138 global test acc  97.9400
Round 139 global test acc  97.9500
Round 140 global test acc  97.9800
Round 141 global test acc  97.9800
Round 142 global test acc  97.9000
Round 143 global test acc  97.8900
Round 144 global test acc  98.0100
Round 145 global test acc  97.9200
Round 146 global test acc  97.9400
Round 147 global test acc  98.0200
Round 148 global test acc  97.9800
Round 149 global test acc  97.9500
Round 150 global test acc  98.0000
Round 151 global test acc  97.9200
Round 152 global test acc  97.8200
Round 153 global test acc  98.0300
Round 154 global test acc  97.9800
Round 155 global test acc  97.8700
Round 156 global test acc  98.0600
Round 157 global test acc  97.9500
Round 158 global test acc  97.9100
Round 159 global test acc  98.0000
Round 160 global test acc  97.9000
Round 161 global test acc  97.9400
Round 162 global test acc  97.9500
Round 163 global test acc  97.9900
Round 164 global test acc  97.8600
Round 165 global test acc  97.8800
Round 166 global test acc  97.9900
Round 167 global test acc  97.9000
Round 168 global test acc  97.8800
Round 169 global test acc  97.8300
Round 170 global test acc  97.9300
Round 171 global test acc  97.8900
Round 172 global test acc  97.9900
Round 173 global test acc  98.0700
Round 174 global test acc  97.9600
Round 175 global test acc  97.9400
Round 176 global test acc  97.9000
Round 177 global test acc  98.1100
Round 178 global test acc  97.9500
Round 179 global test acc  98.0100
Round 180 global test acc  97.9800
Round 181 global test acc  97.9600
Round 182 global test acc  97.8300
Round 183 global test acc  97.8900
Round 184 global test acc  97.8600
Round 185 global test acc  98.0100
Round 186 global test acc  98.0700
Round 187 global test acc  97.9900
Round 188 global test acc  97.9800
Round 189 global test acc  97.9700
Round 190 global test acc  97.7700
Round 191 global test acc  97.8000
Round 192 global test acc  97.8600
Round 193 global test acc  97.8400
Round 194 global test acc  97.8400
Round 195 global test acc  98.0600
Round 196 global test acc  97.8400
Round 197 global test acc  98.0600
Round 198 global test acc  98.0100
Round 199 global test acc  97.8700
time : 8711.249980926514
('algorithm', 'FedCorr')
('gpu', 1)
('seed', 13)
('save_dir', './record/')
('rounds2', 200)
('local_ep', 5)
('frac2', 0.1)
('num_users', 100)
('local_bs', 32)
('lr', 0.1)
('model', 'lenet')
('num_classes', 10)
('level_n_system', 0.5)
('level_n_lowerb', 0.3)
('alpha_dirichlet', 10)
('non_iid_prob_class', 0.7)
('dataset', 'mnist')
('iid', True)
('LID_k', 20)
('iteration1', 5)
('rounds1', 200)
('frac1', 0.01)
('pretrained', False)
('mixup', False)
('alpha', 1)
('beta', 5)
('relabel_ratio', 0.5)
('confidence_thres', 0.5)
('clean_set_thres', 0.1)
('fine_tuning', True)
('correction', True)
('T_pl', 100)
('lambda_cen', 1.0)
('lambda_e', 0.8)
('num_gradual', 10)
('forget_rate', 0.2)
('lr_decay', 0.1)
('schedule', [])
('momentum', 0.5)
('weight_decay', 0.0001)
('feature_dim', 128)
('plr', 0.1)
('lamda', 15)
('K', 5)
('gamma', 1)
('begin_sel', 10)
('mu', 0.01)
('device', device(type='cuda', index=1))
Client 0, noise level: 0.7877 (0.7089), real noise ratio: 0.7100
Client 2, noise level: 0.4944 (0.4450), real noise ratio: 0.4383
Client 3, noise level: 0.4635 (0.4172), real noise ratio: 0.4250
Client 4, noise level: 0.8920 (0.8028), real noise ratio: 0.8300
Client 6, noise level: 0.7822 (0.7040), real noise ratio: 0.6883
Client 7, noise level: 0.4074 (0.3667), real noise ratio: 0.3583
Client 8, noise level: 0.4425 (0.3983), real noise ratio: 0.3883
Client 9, noise level: 0.3473 (0.3126), real noise ratio: 0.3000
Client 13, noise level: 0.4574 (0.4116), real noise ratio: 0.4017
Client 15, noise level: 0.3237 (0.2913), real noise ratio: 0.2733
Client 20, noise level: 0.7283 (0.6555), real noise ratio: 0.6533
Client 23, noise level: 0.5618 (0.5056), real noise ratio: 0.5233
Client 26, noise level: 0.8716 (0.7844), real noise ratio: 0.7683
Client 27, noise level: 0.3558 (0.3202), real noise ratio: 0.3250
Client 29, noise level: 0.8867 (0.7980), real noise ratio: 0.8017
Client 30, noise level: 0.6949 (0.6254), real noise ratio: 0.6050
Client 32, noise level: 0.4015 (0.3614), real noise ratio: 0.3617
Client 33, noise level: 0.3690 (0.3321), real noise ratio: 0.3200
Client 35, noise level: 0.7970 (0.7173), real noise ratio: 0.7317
Client 38, noise level: 0.5606 (0.5045), real noise ratio: 0.4783
Client 41, noise level: 0.7353 (0.6618), real noise ratio: 0.6850
Client 42, noise level: 0.8045 (0.7240), real noise ratio: 0.6917
Client 47, noise level: 0.4586 (0.4127), real noise ratio: 0.4233
Client 48, noise level: 0.5133 (0.4620), real noise ratio: 0.4667
Client 50, noise level: 0.7860 (0.7074), real noise ratio: 0.6750
Client 51, noise level: 0.3370 (0.3033), real noise ratio: 0.2983
Client 56, noise level: 0.5591 (0.5031), real noise ratio: 0.4833
Client 57, noise level: 0.6532 (0.5879), real noise ratio: 0.5683
Client 59, noise level: 0.3915 (0.3523), real noise ratio: 0.3383
Client 60, noise level: 0.8911 (0.8020), real noise ratio: 0.7717
Client 62, noise level: 0.4187 (0.3768), real noise ratio: 0.4017
Client 67, noise level: 0.3696 (0.3326), real noise ratio: 0.3417
Client 68, noise level: 0.9393 (0.8454), real noise ratio: 0.8667
Client 69, noise level: 0.7046 (0.6341), real noise ratio: 0.6133
Client 72, noise level: 0.3069 (0.2762), real noise ratio: 0.2900
Client 75, noise level: 0.7848 (0.7064), real noise ratio: 0.6717
Client 78, noise level: 0.3984 (0.3586), real noise ratio: 0.3617
Client 79, noise level: 0.7685 (0.6916), real noise ratio: 0.6867
Client 80, noise level: 0.5127 (0.4614), real noise ratio: 0.4517
Client 83, noise level: 0.4420 (0.3978), real noise ratio: 0.4433
Client 88, noise level: 0.4144 (0.3729), real noise ratio: 0.3617
Client 90, noise level: 0.4952 (0.4457), real noise ratio: 0.4367
Client 91, noise level: 0.4432 (0.3989), real noise ratio: 0.4250
Client 94, noise level: 0.3650 (0.3285), real noise ratio: 0.3150
Client 98, noise level: 0.5071 (0.4564), real noise ratio: 0.4767
Client 99, noise level: 0.4163 (0.3747), real noise ratio: 0.3800
LeNet(
  (conv1): Conv2d(1, 6, kernel_size=(5, 5), stride=(1, 1))
  (conv2): Conv2d(6, 16, kernel_size=(5, 5), stride=(1, 1))
  (batch_norm): BatchNorm2d(16, eps=1e-05, momentum=0.1, affine=True, track_running_stats=True)
  (fc1): Linear(in_features=400, out_features=120, bias=True)
  (fc2): Linear(in_features=120, out_features=84, bias=True)
  (fc3): Linear(in_features=84, out_features=10, bias=True)
)
Round 0 global test acc  97.5100
Round 1 global test acc  97.5200
Round 2 global test acc  97.6100
Round 3 global test acc  97.6900
Round 4 global test acc  97.7700
Round 5 global test acc  97.7000
Round 6 global test acc  97.5700
Round 7 global test acc  97.6600
Round 8 global test acc  97.8500
Round 9 global test acc  97.7600
Round 10 global test acc  97.6100
Round 11 global test acc  97.6000
Round 12 global test acc  97.6400
Round 13 global test acc  97.4800
Round 14 global test acc  97.7100
Round 15 global test acc  97.8100
Round 16 global test acc  97.5400
Round 17 global test acc  97.6600
Round 18 global test acc  97.6500
Round 19 global test acc  97.8500
Round 20 global test acc  97.8300
Round 21 global test acc  97.7200
Round 22 global test acc  97.7300
Round 23 global test acc  97.8800
Round 24 global test acc  97.7100
Round 25 global test acc  97.9100
Round 26 global test acc  97.6900
Round 27 global test acc  97.6700
Round 28 global test acc  97.6800
Round 29 global test acc  97.7400
Round 30 global test acc  97.8300
Round 31 global test acc  97.8900
Round 32 global test acc  97.7800
Round 33 global test acc  97.6600
Round 34 global test acc  97.6500
Round 35 global test acc  97.6900
Round 36 global test acc  97.8800
Round 37 global test acc  97.7500
Round 38 global test acc  97.8100
Round 39 global test acc  97.9800
Round 40 global test acc  97.8600
Round 41 global test acc  97.6000
Round 42 global test acc  97.8400
Round 43 global test acc  97.8300
Round 44 global test acc  97.8600
Round 45 global test acc  97.7100
Round 46 global test acc  97.7700
Round 47 global test acc  97.8300
Round 48 global test acc  97.8600
Round 49 global test acc  97.6700
Round 50 global test acc  97.8400
Round 51 global test acc  97.8800
Round 52 global test acc  97.9100
Round 53 global test acc  97.8300
Round 54 global test acc  97.7900
Round 55 global test acc  97.8600
Round 56 global test acc  97.8700
Round 57 global test acc  97.8700
Round 58 global test acc  97.9400
Round 59 global test acc  97.7200
Round 60 global test acc  97.8500
Round 61 global test acc  97.6500
Round 62 global test acc  97.8300
Round 63 global test acc  97.8200
Round 64 global test acc  97.8500
Round 65 global test acc  98.0400
Round 66 global test acc  97.8800
Round 67 global test acc  97.8100
Round 68 global test acc  97.8900
Round 69 global test acc  98.0000
Round 70 global test acc  97.9000
Round 71 global test acc  97.7900
Round 72 global test acc  98.0100
Round 73 global test acc  97.9400
Round 74 global test acc  97.9200
Round 75 global test acc  97.9000
Round 76 global test acc  97.9700
Round 77 global test acc  97.7900
Round 78 global test acc  98.0600
Round 79 global test acc  97.8700
Round 80 global test acc  97.9000
Round 81 global test acc  97.9000
Round 82 global test acc  97.9900
Round 83 global test acc  97.9500
Round 84 global test acc  97.9400
Round 85 global test acc  97.7600
Round 86 global test acc  97.9500
Round 87 global test acc  97.8500
Round 88 global test acc  97.8000
Round 89 global test acc  97.7900
Round 90 global test acc  97.8700
Round 91 global test acc  97.7400
Round 92 global test acc  97.9300
Round 93 global test acc  97.8400
Round 94 global test acc  97.8400
Round 95 global test acc  98.0100
Round 96 global test acc  97.9700
Round 97 global test acc  97.9600
Round 98 global test acc  98.0400
Round 99 global test acc  97.9500
Round 100 global test acc  97.9900
Round 101 global test acc  97.9300
Round 102 global test acc  97.9600
Round 103 global test acc  97.9300
Round 104 global test acc  98.0300
Round 105 global test acc  98.0500
Round 106 global test acc  98.0500
Round 107 global test acc  98.0100
Round 108 global test acc  97.9100
Round 109 global test acc  98.0900
Round 110 global test acc  97.8000
Round 111 global test acc  97.9000
Round 112 global test acc  97.9300
Round 113 global test acc  98.1300
Round 114 global test acc  98.0600
Round 115 global test acc  98.0100
Round 116 global test acc  97.9000
Round 117 global test acc  97.9600
Round 118 global test acc  97.9900
Round 119 global test acc  97.8300
Round 120 global test acc  97.9800
Round 121 global test acc  97.9200
Round 122 global test acc  97.9500
Round 123 global test acc  97.8700
Round 124 global test acc  98.0300
Round 125 global test acc  97.9900
Round 126 global test acc  97.8800
Round 127 global test acc  97.9600
Round 128 global test acc  97.6900
Round 129 global test acc  97.8900
Round 130 global test acc  97.8600
Round 131 global test acc  97.9100
Round 132 global test acc  97.9600
Round 133 global test acc  97.9000
Round 134 global test acc  97.9200
Round 135 global test acc  97.7600
Round 136 global test acc  97.9000
Round 137 global test acc  97.8800
Round 138 global test acc  98.0000
Round 139 global test acc  98.0800
Round 140 global test acc  97.9800
Round 141 global test acc  97.9600
Round 142 global test acc  97.9300
Round 143 global test acc  98.0100
Round 144 global test acc  97.8900
Round 145 global test acc  97.9300
Round 146 global test acc  97.8700
Round 147 global test acc  98.0200
Round 148 global test acc  97.9300
Round 149 global test acc  98.0300
Round 150 global test acc  97.9700
Round 151 global test acc  97.9400
Round 152 global test acc  98.0500
Round 153 global test acc  98.0300
Round 154 global test acc  97.8900
Round 155 global test acc  97.9300
Round 156 global test acc  97.9700
Round 157 global test acc  97.9800
Round 158 global test acc  98.0100
Round 159 global test acc  98.1500
Round 160 global test acc  97.9800
Round 161 global test acc  98.0600
Round 162 global test acc  98.0600
Round 163 global test acc  98.0000
Round 164 global test acc  98.1300
Round 165 global test acc  98.1100
Round 166 global test acc  97.8600
Round 167 global test acc  98.0400
Round 168 global test acc  98.0200
Round 169 global test acc  98.1800
Round 170 global test acc  97.9700
Round 171 global test acc  97.9200
Round 172 global test acc  98.0000
Round 173 global test acc  97.9900
Round 174 global test acc  97.9400
Round 175 global test acc  97.9900
Round 176 global test acc  98.0000
Round 177 global test acc  97.9800
Round 178 global test acc  97.9800
Round 179 global test acc  98.0500
Round 180 global test acc  98.0100
Round 181 global test acc  98.0500
Round 182 global test acc  97.9900
Round 183 global test acc  98.0100
Round 184 global test acc  97.9500
Round 185 global test acc  98.0200
Round 186 global test acc  97.9600
Round 187 global test acc  98.1300
Round 188 global test acc  98.1300
Round 189 global test acc  97.9900
Round 190 global test acc  98.0600
Round 191 global test acc  98.0300
Round 192 global test acc  97.9200
Round 193 global test acc  98.0600
Round 194 global test acc  98.0400
Round 195 global test acc  98.0300
Round 196 global test acc  98.1300
Round 197 global test acc  98.0400
Round 198 global test acc  97.9800
Round 199 global test acc  98.0100
time : 10130.211779356003
