('algorithm', 'FedProx')
('gpu', 1)
('seed', 13)
('save_dir', './record/')
('rounds2', 200)
('local_ep', 5)
('frac2', 0.1)
('num_users', 100)
('local_bs', 32)
('lr', 0.1)
('model', 'lenet')
('num_classes', 10)
('level_n_system', 0.0)
('level_n_lowerb', 0.0)
('alpha_dirichlet', 10)
('non_iid_prob_class', 0.7)
('dataset', 'mnist')
('iid', False)
('LID_k', 20)
('iteration1', 5)
('rounds1', 200)
('frac1', 0.01)
('pretrained', False)
('mixup', False)
('alpha', 1)
('beta', 5)
('relabel_ratio', 0.5)
('confidence_thres', 0.5)
('clean_set_thres', 0.1)
('fine_tuning', True)
('correction', True)
('T_pl', 100)
('lambda_cen', 1.0)
('lambda_e', 0.8)
('num_gradual', 10)
('forget_rate', 0.2)
('lr_decay', 0.1)
('schedule', [])
('momentum', 0.5)
('weight_decay', 0.0001)
('feature_dim', 128)
('plr', 0.1)
('lamda', 15)
('K', 1)
('gamma', 1)
('begin_sel', 10)
('max_beta', 2)
('mu', 0.01)
('device', device(type='cuda', index=1))
Round 0 global test acc  62.8700
Round 1 global test acc  77.4300
Round 2 global test acc  80.8700
Round 3 global test acc  89.0400
Round 4 global test acc  89.3300
Round 5 global test acc  90.0400
Round 6 global test acc  89.6500
Round 7 global test acc  91.4700
Round 8 global test acc  92.5500
Round 9 global test acc  86.2700
Round 10 global test acc  80.7100
Round 11 global test acc  94.6400
Round 12 global test acc  95.4600
Round 13 global test acc  95.5600
Round 14 global test acc  93.0100
Round 15 global test acc  95.3700
Round 16 global test acc  92.0000
Round 17 global test acc  96.0800
Round 18 global test acc  95.6000
Round 19 global test acc  95.9800
Round 20 global test acc  96.5000
Round 21 global test acc  94.9400
Round 22 global test acc  93.6300
Round 23 global test acc  96.3000
Round 24 global test acc  93.8000
Round 25 global test acc  96.4200
Round 26 global test acc  96.5800
Round 27 global test acc  95.3800
Round 28 global test acc  94.5900
Round 29 global test acc  96.7700
Round 30 global test acc  96.3700
Round 31 global test acc  96.9200
Round 32 global test acc  94.7200
Round 33 global test acc  96.9000
Round 34 global test acc  97.3000
Round 35 global test acc  96.9900
Round 36 global test acc  97.5300
Round 37 global test acc  97.2200
Round 38 global test acc  97.3500
Round 39 global test acc  97.3100
Round 40 global test acc  96.6000
Round 41 global test acc  97.0700
Round 42 global test acc  97.2100
Round 43 global test acc  96.3000
Round 44 global test acc  96.8300
Round 45 global test acc  97.6200
Round 46 global test acc  96.9400
Round 47 global test acc  97.3300
Round 48 global test acc  97.5600
Round 49 global test acc  97.3900
Round 50 global test acc  97.2500
Round 51 global test acc  96.7000
Round 52 global test acc  97.5500
Round 53 global test acc  97.2800
Round 54 global test acc  96.1400
Round 55 global test acc  96.9900
Round 56 global test acc  97.7400
Round 57 global test acc  97.3500
Round 58 global test acc  97.4900
Round 59 global test acc  96.5400
Round 60 global test acc  97.3200
Round 61 global test acc  97.5700
Round 62 global test acc  97.3500
Round 63 global test acc  97.6500
Round 64 global test acc  97.5600
Round 65 global test acc  97.6200
Round 66 global test acc  96.7900
Round 67 global test acc  97.6800
Round 68 global test acc  96.6700
Round 69 global test acc  97.2700
Round 70 global test acc  96.3400
Round 71 global test acc  97.3200
Round 72 global test acc  97.6800
Round 73 global test acc  97.5700
Round 74 global test acc  97.7100
Round 75 global test acc  97.4900
Round 76 global test acc  95.8800
Round 77 global test acc  97.6700
Round 78 global test acc  97.6900
Round 79 global test acc  97.7600
Round 80 global test acc  97.2400
Round 81 global test acc  97.6600
Round 82 global test acc  97.5200
Round 83 global test acc  94.9300
Round 84 global test acc  97.8100
Round 85 global test acc  97.2600
Round 86 global test acc  97.6600
Round 87 global test acc  97.5800
Round 88 global test acc  97.6200
Round 89 global test acc  96.7400
Round 90 global test acc  97.2400
Round 91 global test acc  97.6300
Round 92 global test acc  98.0500
Round 93 global test acc  97.8400
Round 94 global test acc  97.9500
Round 95 global test acc  97.6500
Round 96 global test acc  97.3900
Round 97 global test acc  97.2300
Round 98 global test acc  96.8800
Round 99 global test acc  97.5000
Round 100 global test acc  97.9100
Round 101 global test acc  96.6000
Round 102 global test acc  97.4500
Round 103 global test acc  97.4500
Round 104 global test acc  97.7800
Round 105 global test acc  97.8800
Round 106 global test acc  97.8400
Round 107 global test acc  97.7600
Round 108 global test acc  97.8300
Round 109 global test acc  95.2600
Round 110 global test acc  30.3000
Round 111 global test acc  97.1400
Round 112 global test acc  97.7200
Round 113 global test acc  97.7600
Round 114 global test acc  97.4400
Round 115 global test acc  96.8500
Round 116 global test acc  97.6900
Round 117 global test acc  96.6100
Round 118 global test acc  96.5000
Round 119 global test acc  97.7500
Round 120 global test acc  97.8600
Round 121 global test acc  97.2400
Round 122 global test acc  95.6600
Round 123 global test acc  97.8300
Round 124 global test acc  97.7900
Round 125 global test acc  97.3400
Round 126 global test acc  98.0000
Round 127 global test acc  97.6400
Round 128 global test acc  97.2800
Round 129 global test acc  97.8200
Round 130 global test acc  96.6700
Round 131 global test acc  97.8100
Round 132 global test acc  73.3600
Round 133 global test acc  98.1100
Round 134 global test acc  97.8300
Round 135 global test acc  97.9500
Round 136 global test acc  98.1100
Round 137 global test acc  97.9800
Round 138 global test acc  98.2100
Round 139 global test acc  98.0400
Round 140 global test acc  97.9500
Round 141 global test acc  73.9500
Round 142 global test acc  97.7100
Round 143 global test acc  97.8400
Round 144 global test acc  98.0700
Round 145 global test acc  97.8700
Round 146 global test acc  97.7800
Round 147 global test acc  98.1200
Round 148 global test acc  96.8900
Round 149 global test acc  97.9500
Round 150 global test acc  98.0400
Round 151 global test acc  97.9600
Round 152 global test acc  97.1200
Round 153 global test acc  97.1800
Round 154 global test acc  97.9000
Round 155 global test acc  97.9200
Round 156 global test acc  97.9500
Round 157 global test acc  97.9300
Round 158 global test acc  97.7200
Round 159 global test acc  93.9400
Round 160 global test acc  97.8900
Round 161 global test acc  95.1900
Round 162 global test acc  97.8700
Round 163 global test acc  98.1800
Round 164 global test acc  95.4900
Round 165 global test acc  97.7300
Round 166 global test acc  97.9000
Round 167 global test acc  98.2100
Round 168 global test acc  96.0300
Round 169 global test acc  98.1100
Round 170 global test acc  98.1000
Round 171 global test acc  97.5600
Round 172 global test acc  97.7000
Round 173 global test acc  94.4000
Round 174 global test acc  98.1000
Round 175 global test acc  97.9300
Round 176 global test acc  97.8700
Round 177 global test acc  97.8100
Round 178 global test acc  98.0900
Round 179 global test acc  95.2400
Round 180 global test acc  97.3700
Round 181 global test acc  98.0700
Round 182 global test acc  98.2900
Round 183 global test acc  96.4800
Round 184 global test acc  98.0500
Round 185 global test acc  98.1500
Round 186 global test acc  95.8300
Round 187 global test acc  98.2300
Round 188 global test acc  97.8600
Round 189 global test acc  98.3200
Round 190 global test acc  96.1700
Round 191 global test acc  98.1300
Round 192 global test acc  97.9400
Round 193 global test acc  98.0200
Round 194 global test acc  98.1500
Round 195 global test acc  65.2300
Round 196 global test acc  97.8800
Round 197 global test acc  98.2000
Round 198 global test acc  97.2800
Round 199 global test acc  84.8400
time : 3369.360831975937
('algorithm', 'FedProx')
('gpu', 1)
('seed', 13)
('save_dir', './record/')
('rounds2', 200)
('local_ep', 5)
('frac2', 0.1)
('num_users', 100)
('local_bs', 32)
('lr', 0.1)
('model', 'lenet')
('num_classes', 10)
('level_n_system', 0.0)
('level_n_lowerb', 0.0)
('alpha_dirichlet', 10)
('non_iid_prob_class', 0.7)
('dataset', 'mnist')
('iid', False)
('LID_k', 20)
('iteration1', 5)
('rounds1', 200)
('frac1', 0.01)
('pretrained', False)
('mixup', False)
('alpha', 1)
('beta', 5)
('relabel_ratio', 0.5)
('confidence_thres', 0.5)
('clean_set_thres', 0.1)
('fine_tuning', True)
('correction', True)
('T_pl', 100)
('lambda_cen', 1.0)
('lambda_e', 0.8)
('num_gradual', 10)
('forget_rate', 0.2)
('lr_decay', 0.1)
('schedule', [])
('momentum', 0.5)
('weight_decay', 0.0001)
('feature_dim', 128)
('plr', 0.1)
('lamda', 15)
('K', 1)
('gamma', 1)
('begin_sel', 10)
('max_beta', 2)
('mu', 0.01)
('device', device(type='cuda', index=1))
Round 0 global test acc  63.7500
Round 1 global test acc  75.1400
Round 2 global test acc  85.1900
Round 3 global test acc  88.8400
Round 4 global test acc  90.1800
Round 5 global test acc  86.5300
Round 6 global test acc  89.7800
Round 7 global test acc  90.5600
Round 8 global test acc  92.8400
Round 9 global test acc  92.4800
Round 10 global test acc  91.4800
Round 11 global test acc  94.2300
Round 12 global test acc  95.4500
Round 13 global test acc  95.5900
Round 14 global test acc  94.0800
Round 15 global test acc  94.8900
Round 16 global test acc  93.8600
Round 17 global test acc  95.9400
Round 18 global test acc  95.3300
Round 19 global test acc  95.5700
Round 20 global test acc  96.3600
Round 21 global test acc  12.6100
Round 22 global test acc  83.8000
Round 23 global test acc  95.3500
Round 24 global test acc  94.9400
Round 25 global test acc  95.3400
Round 26 global test acc  96.0800
Round 27 global test acc  96.0000
Round 28 global test acc  96.1600
Round 29 global test acc  96.4100
Round 30 global test acc  91.6700
Round 31 global test acc  96.5000
Round 32 global test acc  95.3800
Round 33 global test acc  96.6900
Round 34 global test acc  97.0700
Round 35 global test acc  97.0000
Round 36 global test acc  97.2400
Round 37 global test acc  96.9400
Round 38 global test acc  97.0400
Round 39 global test acc  97.3100
Round 40 global test acc  96.3800
Round 41 global test acc  96.9400
Round 42 global test acc  96.9900
Round 43 global test acc  95.4200
Round 44 global test acc  96.3500
Round 45 global test acc  97.4800
Round 46 global test acc  96.4000
Round 47 global test acc  97.0300
Round 48 global test acc  97.1600
Round 49 global test acc  97.1800
Round 50 global test acc  97.0600
Round 51 global test acc  96.8800
Round 52 global test acc  97.5200
Round 53 global test acc  97.3000
Round 54 global test acc  96.6700
Round 55 global test acc  96.8400
Round 56 global test acc  97.4900
Round 57 global test acc  97.1400
Round 58 global test acc  97.2600
Round 59 global test acc  93.3800
Round 60 global test acc  96.7800
Round 61 global test acc  97.4600
Round 62 global test acc  97.5200
Round 63 global test acc  97.3700
Round 64 global test acc  97.6900
Round 65 global test acc  97.3800
Round 66 global test acc  96.0400
Round 67 global test acc  97.7000
Round 68 global test acc  97.6500
Round 69 global test acc  97.1800
Round 70 global test acc  96.8200
Round 71 global test acc  96.5500
Round 72 global test acc  97.2500
Round 73 global test acc  96.9500
Round 74 global test acc  97.5900
Round 75 global test acc  97.4500
Round 76 global test acc  96.5200
Round 77 global test acc  97.5500
Round 78 global test acc  97.6500
Round 79 global test acc  97.7300
Round 80 global test acc  96.3400
Round 81 global test acc  97.4300
Round 82 global test acc  97.1300
Round 83 global test acc  94.7400
Round 84 global test acc  97.6100
Round 85 global test acc  97.3800
Round 86 global test acc  97.7300
Round 87 global test acc  96.7500
Round 88 global test acc  97.3600
Round 89 global test acc  96.5500
Round 90 global test acc  96.6200
Round 91 global test acc  97.4400
Round 92 global test acc  97.7600
Round 93 global test acc  97.7300
Round 94 global test acc  97.7600
Round 95 global test acc  96.8500
Round 96 global test acc  97.2900
Round 97 global test acc  47.7800
Round 98 global test acc  96.9400
Round 99 global test acc  96.7700
Round 100 global test acc  97.2300
Round 101 global test acc  97.0500
Round 102 global test acc  97.4000
Round 103 global test acc  95.4300
Round 104 global test acc  97.5500
Round 105 global test acc  97.6800
Round 106 global test acc  97.8200
Round 107 global test acc  97.3800
Round 108 global test acc  97.5200
Round 109 global test acc  94.0900
Round 110 global test acc  96.7400
Round 111 global test acc  97.0600
Round 112 global test acc  97.6200
Round 113 global test acc  97.7600
Round 114 global test acc  97.9000
Round 115 global test acc  96.7400
Round 116 global test acc  97.6200
Round 117 global test acc  97.3000
Round 118 global test acc  97.4700
Round 119 global test acc  97.4500
Round 120 global test acc  97.9700
Round 121 global test acc  97.3000
Round 122 global test acc  87.3900
Round 123 global test acc  97.7100
Round 124 global test acc  97.5300
Round 125 global test acc  96.6700
Round 126 global test acc  97.8800
Round 127 global test acc  97.2000
Round 128 global test acc  97.1600
Round 129 global test acc  97.9500
Round 130 global test acc  97.5800
Round 131 global test acc  97.5900
Round 132 global test acc  89.7100
Round 133 global test acc  97.3800
Round 134 global test acc  97.7000
Round 135 global test acc  97.9500
Round 136 global test acc  98.0500
Round 137 global test acc  97.7600
Round 138 global test acc  98.1000
Round 139 global test acc  97.5800
Round 140 global test acc  97.9200
Round 141 global test acc  96.3400
Round 142 global test acc  97.8000
Round 143 global test acc  97.5700
Round 144 global test acc  97.9200
Round 145 global test acc  97.7400
Round 146 global test acc  95.2700
Round 147 global test acc  97.9000
Round 148 global test acc  97.0600
Round 149 global test acc  98.0500
Round 150 global test acc  98.1000
Round 151 global test acc  98.0000
Round 152 global test acc  96.4500
Round 153 global test acc  97.3600
Round 154 global test acc  98.0100
Round 155 global test acc  97.7400
Round 156 global test acc  97.9900
Round 157 global test acc  97.9100
Round 158 global test acc  97.8100
Round 159 global test acc  97.5000
Round 160 global test acc  97.9600
Round 161 global test acc  96.5400
Round 162 global test acc  97.6700
Round 163 global test acc  97.7700
Round 164 global test acc  97.7400
Round 165 global test acc  97.8700
Round 166 global test acc  97.8500
Round 167 global test acc  98.0000
Round 168 global test acc  97.1500
Round 169 global test acc  98.0000
Round 170 global test acc  97.9600
Round 171 global test acc  96.8700
Round 172 global test acc  97.9300
Round 173 global test acc  96.7300
Round 174 global test acc  97.7500
Round 175 global test acc  97.8600
Round 176 global test acc  96.9800
Round 177 global test acc  97.7100
Round 178 global test acc  96.7000
Round 179 global test acc  95.3800
Round 180 global test acc  97.1900
Round 181 global test acc  97.9100
Round 182 global test acc  98.0600
Round 183 global test acc  95.8000
Round 184 global test acc  97.9300
Round 185 global test acc  98.2300
Round 186 global test acc  97.5700
Round 187 global test acc  98.0400
Round 188 global test acc  97.9200
Round 189 global test acc  98.0800
Round 190 global test acc  96.8000
Round 191 global test acc  97.5000
Round 192 global test acc  97.7600
Round 193 global test acc  97.5400
Round 194 global test acc  98.1200
Round 195 global test acc  87.6700
Round 196 global test acc  98.1200
Round 197 global test acc  98.2500
Round 198 global test acc  94.0000
Round 199 global test acc  96.1300
time : 3113.1124498844147
('algorithm', 'FedProx')
('gpu', 0)
('seed', 13)
('save_dir', './record/')
('rounds2', 200)
('local_ep', 5)
('frac2', 0.1)
('num_users', 100)
('local_bs', 32)
('lr', 0.1)
('model', 'lenet')
('num_classes', 10)
('level_n_system', 0.0)
('level_n_lowerb', 0.0)
('alpha_dirichlet', 10)
('non_iid_prob_class', 0.7)
('dataset', 'mnist')
('iid', False)
('LID_k', 20)
('iteration1', 5)
('rounds1', 200)
('frac1', 0.01)
('pretrained', False)
('mixup', False)
('alpha', 1)
('beta', 5)
('relabel_ratio', 0.5)
('confidence_thres', 0.5)
('clean_set_thres', 0.1)
('fine_tuning', True)
('correction', True)
('T_pl', 100)
('lambda_cen', 1.0)
('lambda_e', 0.8)
('num_gradual', 10)
('forget_rate', 0.2)
('lr_decay', 0.1)
('schedule', [])
('momentum', 0.5)
('weight_decay', 0.0001)
('feature_dim', 128)
('plr', 0.1)
('lamda', 15)
('K', 5)
('gamma', 1)
('begin_sel', 10)
('mu', 0.01)
('device', device(type='cuda', index=0))
Round 0 global test acc  62.9100
Round 1 global test acc  82.1700
Round 2 global test acc  85.2900
Round 3 global test acc  88.2700
Round 4 global test acc  78.2400
Round 5 global test acc  89.3900
Round 6 global test acc  88.9900
Round 7 global test acc  90.9900
Round 8 global test acc  92.8400
Round 9 global test acc  92.7900
Round 10 global test acc  92.1300
Round 11 global test acc  94.6400
Round 12 global test acc  95.4800
Round 13 global test acc  95.7900
Round 14 global test acc  93.8000
Round 15 global test acc  95.0200
Round 16 global test acc  93.2600
Round 17 global test acc  96.1100
Round 18 global test acc  95.8800
Round 19 global test acc  96.1900
Round 20 global test acc  96.4000
Round 21 global test acc  94.3300
Round 22 global test acc  94.7300
Round 23 global test acc  96.5600
Round 24 global test acc  94.0700
Round 25 global test acc  94.0800
Round 26 global test acc  95.8500
Round 27 global test acc  88.1400
Round 28 global test acc  96.0800
Round 29 global test acc  96.8200
Round 30 global test acc  96.2500
Round 31 global test acc  96.3800
Round 32 global test acc  95.0800
Round 33 global test acc  96.9900
Round 34 global test acc  96.8700
Round 35 global test acc  97.1700
Round 36 global test acc  97.4200
Round 37 global test acc  97.0600
Round 38 global test acc  97.4600
Round 39 global test acc  97.5300
Round 40 global test acc  96.0700
Round 41 global test acc  96.9900
Round 42 global test acc  96.6100
Round 43 global test acc  95.0600
Round 44 global test acc  96.0300
Round 45 global test acc  97.6300
Round 46 global test acc  97.0000
Round 47 global test acc  96.6900
Round 48 global test acc  97.3200
Round 49 global test acc  97.2700
Round 50 global test acc  97.1400
Round 51 global test acc  97.0700
Round 52 global test acc  97.5100
Round 53 global test acc  97.1900
Round 54 global test acc  96.7000
Round 55 global test acc  96.9400
Round 56 global test acc  97.6300
Round 57 global test acc  97.1700
Round 58 global test acc  97.2600
Round 59 global test acc  97.4100
Round 60 global test acc  97.3000
Round 61 global test acc  97.5900
Round 62 global test acc  97.0800
Round 63 global test acc  97.4400
Round 64 global test acc  97.7800
Round 65 global test acc  97.6900
Round 66 global test acc  97.0500
Round 67 global test acc  97.7100
Round 68 global test acc  97.7400
Round 69 global test acc  97.7300
Round 70 global test acc  96.7600
Round 71 global test acc  97.4300
Round 72 global test acc  97.7900
Round 73 global test acc  97.7500
Round 74 global test acc  97.8500
Round 75 global test acc  97.6900
Round 76 global test acc  93.0700
Round 77 global test acc  97.4900
Round 78 global test acc  97.6300
Round 79 global test acc  97.8600
Round 80 global test acc  95.9000
Round 81 global test acc  97.7200
Round 82 global test acc  97.6000
Round 83 global test acc  95.9200
Round 84 global test acc  97.7400
Round 85 global test acc  97.6900
Round 86 global test acc  97.6600
Round 87 global test acc  97.1300
Round 88 global test acc  97.4500
Round 89 global test acc  97.2700
Round 90 global test acc  97.1100
Round 91 global test acc  97.4400
Round 92 global test acc  97.8500
Round 93 global test acc  97.9200
Round 94 global test acc  97.8100
Round 95 global test acc  97.0100
Round 96 global test acc  97.2900
Round 97 global test acc  88.4900
Round 98 global test acc  96.9000
Round 99 global test acc  97.3200
Round 100 global test acc  97.8000
Round 101 global test acc  97.2700
Round 102 global test acc  97.6500
Round 103 global test acc  97.1300
Round 104 global test acc  97.7700
Round 105 global test acc  97.8600
Round 106 global test acc  97.8900
Round 107 global test acc  97.0100
Round 108 global test acc  97.5400
Round 109 global test acc  97.6500
Round 110 global test acc  97.4700
Round 111 global test acc  95.9000
Round 112 global test acc  97.8100
Round 113 global test acc  98.0200
Round 114 global test acc  97.3600
Round 115 global test acc  97.6200
Round 116 global test acc  97.7000
Round 117 global test acc  97.1300
Round 118 global test acc  95.1500
Round 119 global test acc  97.8800
Round 120 global test acc  97.8100
Round 121 global test acc  97.1600
Round 122 global test acc  91.9000
Round 123 global test acc  98.1500
Round 124 global test acc  97.8000
Round 125 global test acc  97.2000
Round 126 global test acc  97.9200
Round 127 global test acc  97.7800
Round 128 global test acc  97.2600
Round 129 global test acc  98.0200
Round 130 global test acc  96.5400
Round 131 global test acc  97.6500
Round 132 global test acc  88.9200
Round 133 global test acc  97.8600
Round 134 global test acc  97.9700
Round 135 global test acc  98.0800
Round 136 global test acc  98.2400
Round 137 global test acc  97.9900
Round 138 global test acc  97.9800
Round 139 global test acc  97.7200
Round 140 global test acc  98.0500
Round 141 global test acc  57.0400
Round 142 global test acc  97.3100
Round 143 global test acc  97.2600
Round 144 global test acc  97.7900
Round 145 global test acc  97.5500
Round 146 global test acc  97.1200
Round 147 global test acc  97.8700
Round 148 global test acc  97.1200
Round 149 global test acc  97.7600
Round 150 global test acc  97.8600
Round 151 global test acc  98.0200
Round 152 global test acc  95.9400
Round 153 global test acc  97.4500
Round 154 global test acc  97.9800
Round 155 global test acc  97.8000
Round 156 global test acc  98.0800
Round 157 global test acc  97.4800
Round 158 global test acc  97.6400
Round 159 global test acc  96.6100
Round 160 global test acc  95.3500
Round 161 global test acc  95.8300
Round 162 global test acc  97.8100
Round 163 global test acc  98.0900
Round 164 global test acc  97.3400
Round 165 global test acc  97.7600
Round 166 global test acc  97.8200
Round 167 global test acc  98.0300
Round 168 global test acc  97.4100
Round 169 global test acc  98.1200
Round 170 global test acc  98.0300
Round 171 global test acc  97.4900
Round 172 global test acc  97.8100
Round 173 global test acc  97.5900
Round 174 global test acc  35.7800
Round 175 global test acc  97.2400
Round 176 global test acc  97.3300
Round 177 global test acc  97.5000
Round 178 global test acc  97.5700
Round 179 global test acc  95.0900
Round 180 global test acc  97.6300
Round 181 global test acc  97.8700
Round 182 global test acc  98.0000
Round 183 global test acc  97.3500
Round 184 global test acc  97.9100
Round 185 global test acc  98.1700
Round 186 global test acc  97.3200
Round 187 global test acc  98.3800
Round 188 global test acc  97.9500
Round 189 global test acc  98.2300
Round 190 global test acc  96.8800
Round 191 global test acc  98.1200
Round 192 global test acc  98.0200
Round 193 global test acc  97.6300
Round 194 global test acc  98.0200
Round 195 global test acc  85.2600
Round 196 global test acc  97.9800
Round 197 global test acc  98.2600
Round 198 global test acc  97.4700
Round 199 global test acc  96.6500
time : 3273.4119737148285
('algorithm', 'FedProx')
('gpu', 0)
('seed', 13)
('save_dir', './record/')
('rounds2', 200)
('local_ep', 5)
('frac2', 0.1)
('num_users', 100)
('local_bs', 32)
('lr', 0.1)
('model', 'lenet')
('num_classes', 10)
('level_n_system', 0.0)
('level_n_lowerb', 0.0)
('alpha_dirichlet', 10)
('non_iid_prob_class', 0.7)
('dataset', 'mnist')
('iid', False)
('LID_k', 20)
('iteration1', 5)
('rounds1', 200)
('frac1', 0.01)
('pretrained', False)
('mixup', False)
('alpha', 1)
('beta', 5)
('relabel_ratio', 0.5)
('confidence_thres', 0.5)
('clean_set_thres', 0.1)
('fine_tuning', True)
('correction', True)
('T_pl', 100)
('lambda_cen', 1.0)
('lambda_e', 0.8)
('num_gradual', 10)
('forget_rate', 0.2)
('lr_decay', 0.1)
('schedule', [])
('momentum', 0.5)
('weight_decay', 0.0001)
('feature_dim', 128)
('plr', 0.1)
('lamda', 15)
('K', 5)
('gamma', 1)
('begin_sel', 10)
('mu', 0.01)
('device', device(type='cuda', index=0))
Round 0 global test acc  65.2700
Round 1 global test acc  80.6500
Round 2 global test acc  83.1400
Round 3 global test acc  73.1200
Round 4 global test acc  89.0700
Round 5 global test acc  87.8700
Round 6 global test acc  90.0300
Round 7 global test acc  90.7300
Round 8 global test acc  93.3400
Round 9 global test acc  92.4600
Round 10 global test acc  88.2300
Round 11 global test acc  94.6300
Round 12 global test acc  95.3200
Round 13 global test acc  95.8400
Round 14 global test acc  93.8600
Round 15 global test acc  94.9000
Round 16 global test acc  91.3500
Round 17 global test acc  95.6000
Round 18 global test acc  95.6400
Round 19 global test acc  95.9700
Round 20 global test acc  95.5300
Round 21 global test acc  95.0600
Round 22 global test acc  90.3900
Round 23 global test acc  96.2700
Round 24 global test acc  94.8300
Round 25 global test acc  96.1100
Round 26 global test acc  96.5300
Round 27 global test acc  95.5200
Round 28 global test acc  93.9500
Round 29 global test acc  96.6600
Round 30 global test acc  96.9000
Round 31 global test acc  96.5300
Round 32 global test acc  95.8600
Round 33 global test acc  96.7600
Round 34 global test acc  97.1000
Round 35 global test acc  97.0200
Round 36 global test acc  97.2900
Round 37 global test acc  96.8100
Round 38 global test acc  97.2200
Round 39 global test acc  97.3400
Round 40 global test acc  96.3600
Round 41 global test acc  96.9500
Round 42 global test acc  97.2500
Round 43 global test acc  97.0600
Round 44 global test acc  96.0800
Round 45 global test acc  97.5600
Round 46 global test acc  96.7300
Round 47 global test acc  96.3000
Round 48 global test acc  97.3000
Round 49 global test acc  96.9600
Round 50 global test acc  97.1000
Round 51 global test acc  96.9600
Round 52 global test acc  97.3900
Round 53 global test acc  97.1500
Round 54 global test acc  96.3200
Round 55 global test acc  97.1000
Round 56 global test acc  97.6400
Round 57 global test acc  97.0600
Round 58 global test acc  97.5100
Round 59 global test acc  97.5500
Round 60 global test acc  97.1600
Round 61 global test acc  97.7900
Round 62 global test acc  96.5800
Round 63 global test acc  97.5700
Round 64 global test acc  97.7700
Round 65 global test acc  97.5500
Round 66 global test acc  95.4900
Round 67 global test acc  97.4000
Round 68 global test acc  97.0300
Round 69 global test acc  97.5000
Round 70 global test acc  96.7600
Round 71 global test acc  96.3000
Round 72 global test acc  97.5500
Round 73 global test acc  97.6900
Round 74 global test acc  97.6100
Round 75 global test acc  97.5200
Round 76 global test acc  87.2500
Round 77 global test acc  97.5800
Round 78 global test acc  97.8200
Round 79 global test acc  97.7200
Round 80 global test acc  96.9400
Round 81 global test acc  97.6500
Round 82 global test acc  97.4100
Round 83 global test acc  97.5100
Round 84 global test acc  97.8300
Round 85 global test acc  97.6700
Round 86 global test acc  97.7800
Round 87 global test acc  97.1000
Round 88 global test acc  97.7000
Round 89 global test acc  96.5900
Round 90 global test acc  97.5300
Round 91 global test acc  97.7400
Round 92 global test acc  97.7900
Round 93 global test acc  97.2200
Round 94 global test acc  97.6500
Round 95 global test acc  74.7900
Round 96 global test acc  97.2300
Round 97 global test acc  96.9500
Round 98 global test acc  95.5000
Round 99 global test acc  90.5500
Round 100 global test acc  97.8000
Round 101 global test acc  97.3800
Round 102 global test acc  97.1900
Round 103 global test acc  97.8300
Round 104 global test acc  97.7400
Round 105 global test acc  97.8600
Round 106 global test acc  97.8700
Round 107 global test acc  95.9200
Round 108 global test acc  97.7200
Round 109 global test acc  97.0100
Round 110 global test acc  97.8200
Round 111 global test acc  97.5500
Round 112 global test acc  98.0300
Round 113 global test acc  97.8300
Round 114 global test acc  98.0000
Round 115 global test acc  97.6400
Round 116 global test acc  98.0000
Round 117 global test acc  97.1500
Round 118 global test acc  97.5100
Round 119 global test acc  97.9200
Round 120 global test acc  98.0500
Round 121 global test acc  97.6400
Round 122 global test acc  22.2900
Round 123 global test acc  96.8000
Round 124 global test acc  96.6900
Round 125 global test acc  94.4800
Round 126 global test acc  97.5400
Round 127 global test acc  97.3200
Round 128 global test acc  97.1500
Round 129 global test acc  97.6900
Round 130 global test acc  97.5600
Round 131 global test acc  97.5900
Round 132 global test acc  94.8900
Round 133 global test acc  97.4100
Round 134 global test acc  97.7100
Round 135 global test acc  97.7900
Round 136 global test acc  97.9800
Round 137 global test acc  97.5600
Round 138 global test acc  95.8400
Round 139 global test acc  97.0200
Round 140 global test acc  97.8100
Round 141 global test acc  94.8200
Round 142 global test acc  97.6700
Round 143 global test acc  97.8200
Round 144 global test acc  97.9400
Round 145 global test acc  97.8400
Round 146 global test acc  97.6700
Round 147 global test acc  97.8800
Round 148 global test acc  97.5700
Round 149 global test acc  97.8200
Round 150 global test acc  97.9300
Round 151 global test acc  97.9900
Round 152 global test acc  91.9400
Round 153 global test acc  97.3700
Round 154 global test acc  97.9300
Round 155 global test acc  97.8600
Round 156 global test acc  97.9100
Round 157 global test acc  97.4900
Round 158 global test acc  97.7800
Round 159 global test acc  97.5900
Round 160 global test acc  97.9600
Round 161 global test acc  96.3700
Round 162 global test acc  97.7600
Round 163 global test acc  98.1600
Round 164 global test acc  97.3300
Round 165 global test acc  97.9100
Round 166 global test acc  97.9400
Round 167 global test acc  97.7100
Round 168 global test acc  97.6600
Round 169 global test acc  98.0800
Round 170 global test acc  98.0000
Round 171 global test acc  97.7700
Round 172 global test acc  97.7300
Round 173 global test acc  97.1600
Round 174 global test acc  98.0900
Round 175 global test acc  97.8900
Round 176 global test acc  97.4000
Round 177 global test acc  97.7200
Round 178 global test acc  97.0800
Round 179 global test acc  97.5700
Round 180 global test acc  98.1400
Round 181 global test acc  98.0000
Round 182 global test acc  98.1100
Round 183 global test acc  98.0900
Round 184 global test acc  98.1000
Round 185 global test acc  98.1500
Round 186 global test acc  97.3800
Round 187 global test acc  98.1600
Round 188 global test acc  97.3800
Round 189 global test acc  98.2400
Round 190 global test acc  97.9400
Round 191 global test acc  98.1800
Round 192 global test acc  97.8900
Round 193 global test acc  97.5600
Round 194 global test acc  98.1300
Round 195 global test acc  97.6600
Round 196 global test acc  98.2400
Round 197 global test acc  98.2100
Round 198 global test acc  97.0300
Round 199 global test acc  94.9900
time : 3120.280505657196
('algorithm', 'FedProx')
('gpu', 1)
('seed', 13)
('save_dir', './record/')
('rounds2', 200)
('local_ep', 5)
('frac2', 0.1)
('num_users', 100)
('local_bs', 32)
('lr', 0.1)
('model', 'lenet')
('num_classes', 10)
('level_n_system', 0.0)
('level_n_lowerb', 0.0)
('alpha_dirichlet', 10)
('non_iid_prob_class', 0.7)
('dataset', 'mnist')
('iid', False)
('LID_k', 20)
('iteration1', 5)
('rounds1', 200)
('frac1', 0.01)
('pretrained', False)
('mixup', False)
('alpha', 1)
('beta', 5)
('relabel_ratio', 0.5)
('confidence_thres', 0.5)
('clean_set_thres', 0.1)
('fine_tuning', True)
('correction', True)
('T_pl', 100)
('lambda_cen', 1.0)
('lambda_e', 0.8)
('num_gradual', 10)
('forget_rate', 0.2)
('lr_decay', 0.1)
('schedule', [])
('momentum', 0.5)
('weight_decay', 0.0001)
('feature_dim', 128)
('plr', 0.1)
('lamda', 15)
('K', 1)
('gamma', 1)
('begin_sel', 10)
('max_beta', 2)
('mu', 0.01)
('device', device(type='cuda', index=1))
Round 0 global test acc  63.6200
Round 1 global test acc  72.4200
Round 2 global test acc  82.9200
Round 3 global test acc  84.9700
Round 4 global test acc  89.3600
Round 5 global test acc  88.6200
Round 6 global test acc  81.8300
Round 7 global test acc  90.9200
Round 8 global test acc  93.4600
Round 9 global test acc  93.7300
Round 10 global test acc  76.5300
Round 11 global test acc  94.8100
Round 12 global test acc  95.1900
Round 13 global test acc  95.7400
Round 14 global test acc  94.5800
Round 15 global test acc  94.7200
Round 16 global test acc  89.1800
Round 17 global test acc  95.4700
Round 18 global test acc  95.8400
Round 19 global test acc  96.0800
Round 20 global test acc  96.1300
Round 21 global test acc  94.7200
Round 22 global test acc  94.3400
Round 23 global test acc  96.4000
Round 24 global test acc  95.3600
Round 25 global test acc  96.0100
Round 26 global test acc  96.8000
Round 27 global test acc  95.1600
Round 28 global test acc  95.7900
Round 29 global test acc  96.6700
Round 30 global test acc  96.7500
Round 31 global test acc  96.6800
Round 32 global test acc  96.5100
Round 33 global test acc  96.8700
Round 34 global test acc  97.3900
Round 35 global test acc  97.0700
Round 36 global test acc  97.4700
Round 37 global test acc  96.9300
Round 38 global test acc  97.1300
Round 39 global test acc  97.3900
Round 40 global test acc  96.1300
Round 41 global test acc  97.0500
Round 42 global test acc  97.4900
Round 43 global test acc  95.9200
Round 44 global test acc  96.6200
Round 45 global test acc  97.6300
Round 46 global test acc  96.8000
Round 47 global test acc  96.8600
Round 48 global test acc  97.5700
Round 49 global test acc  97.0600
Round 50 global test acc  97.0400
Round 51 global test acc  97.1500
Round 52 global test acc  97.3800
Round 53 global test acc  97.0600
Round 54 global test acc  96.4800
Round 55 global test acc  97.2700
Round 56 global test acc  97.6300
Round 57 global test acc  97.1000
Round 58 global test acc  97.4800
Round 59 global test acc  11.3500
Round 60 global test acc  94.2600
Round 61 global test acc  97.1900
Round 62 global test acc  97.1600
Round 63 global test acc  97.1200
Round 64 global test acc  97.1800
Round 65 global test acc  97.3400
Round 66 global test acc  96.8900
Round 67 global test acc  97.5100
Round 68 global test acc  95.4300
Round 69 global test acc  97.5200
Round 70 global test acc  96.9600
Round 71 global test acc  97.0800
Round 72 global test acc  97.6200
Round 73 global test acc  97.3500
Round 74 global test acc  97.6800
Round 75 global test acc  97.5700
Round 76 global test acc  96.8400
Round 77 global test acc  97.4600
Round 78 global test acc  96.6600
Round 79 global test acc  97.8400
Round 80 global test acc  96.7900
Round 81 global test acc  97.5500
Round 82 global test acc  97.0300
Round 83 global test acc  97.5700
Round 84 global test acc  97.9700
Round 85 global test acc  97.4900
Round 86 global test acc  97.6600
Round 87 global test acc  96.7700
Round 88 global test acc  97.3300
Round 89 global test acc  96.9900
Round 90 global test acc  97.5800
Round 91 global test acc  97.5700
Round 92 global test acc  98.0100
Round 93 global test acc  97.8500
Round 94 global test acc  97.8500
Round 95 global test acc  97.2300
Round 96 global test acc  96.8700
Round 97 global test acc  96.6800
Round 98 global test acc  96.8900
Round 99 global test acc  97.0700
Round 100 global test acc  97.8500
Round 101 global test acc  95.7000
Round 102 global test acc  97.4700
Round 103 global test acc  96.9400
Round 104 global test acc  97.8200
Round 105 global test acc  97.8100
Round 106 global test acc  97.7500
Round 107 global test acc  97.7500
Round 108 global test acc  97.4100
Round 109 global test acc  97.8100
Round 110 global test acc  97.6300
Round 111 global test acc  96.0200
Round 112 global test acc  97.7700
Round 113 global test acc  97.8800
Round 114 global test acc  97.7000
Round 115 global test acc  97.4400
Round 116 global test acc  97.7900
Round 117 global test acc  97.2100
Round 118 global test acc  97.7200
Round 119 global test acc  97.7900
Round 120 global test acc  98.1000
Round 121 global test acc  97.3300
Round 122 global test acc  78.8100
Round 123 global test acc  97.8200
Round 124 global test acc  97.8000
Round 125 global test acc  96.2700
Round 126 global test acc  97.9800
Round 127 global test acc  97.6000
Round 128 global test acc  97.2800
Round 129 global test acc  98.0000
Round 130 global test acc  97.4100
Round 131 global test acc  97.7600
Round 132 global test acc  90.2100
Round 133 global test acc  98.0600
Round 134 global test acc  97.9400
Round 135 global test acc  97.9900
Round 136 global test acc  98.1300
Round 137 global test acc  98.1200
Round 138 global test acc  98.0300
Round 139 global test acc  97.7200
Round 140 global test acc  98.0100
Round 141 global test acc  94.3400
Round 142 global test acc  97.9600
Round 143 global test acc  98.0100
Round 144 global test acc  97.8700
Round 145 global test acc  97.8200
Round 146 global test acc  98.0000
Round 147 global test acc  97.9500
Round 148 global test acc  96.9900
Round 149 global test acc  97.9500
Round 150 global test acc  98.1200
Round 151 global test acc  98.2500
Round 152 global test acc  96.0300
Round 153 global test acc  97.2400
Round 154 global test acc  98.1400
Round 155 global test acc  97.6400
Round 156 global test acc  98.1000
Round 157 global test acc  97.4900
Round 158 global test acc  97.8300
Round 159 global test acc  97.9000
Round 160 global test acc  93.6400
Round 161 global test acc  97.0200
Round 162 global test acc  97.7300
Round 163 global test acc  97.6600
Round 164 global test acc  97.8700
Round 165 global test acc  97.7900
Round 166 global test acc  97.8900
Round 167 global test acc  98.0400
Round 168 global test acc  97.3900
Round 169 global test acc  97.9100
Round 170 global test acc  97.9500
Round 171 global test acc  97.5100
Round 172 global test acc  97.3900
Round 173 global test acc  95.6300
Round 174 global test acc  98.1900
Round 175 global test acc  97.8300
Round 176 global test acc  96.6300
Round 177 global test acc  97.6200
Round 178 global test acc  97.4100
Round 179 global test acc  96.7700
Round 180 global test acc  97.0600
Round 181 global test acc  98.1200
Round 182 global test acc  98.0900
Round 183 global test acc  96.9300
Round 184 global test acc  97.7500
Round 185 global test acc  98.2500
Round 186 global test acc  97.6800
Round 187 global test acc  98.2100
Round 188 global test acc  98.1800
Round 189 global test acc  98.2800
Round 190 global test acc  96.8900
Round 191 global test acc  98.1300
Round 192 global test acc  97.8100
Round 193 global test acc  97.9900
Round 194 global test acc  98.1300
Round 195 global test acc  98.0500
Round 196 global test acc  97.9600
Round 197 global test acc  98.2200
Round 198 global test acc  96.6900
Round 199 global test acc  95.8300
time : 3397.8808505535126


