('algorithm', 'FedAVG')
('gpu', 0)
('seed', 13)
('save_dir', './record/')
('rounds2', 450)
('local_ep', 5)
('frac2', 0.2)
('num_users', 50)
('local_bs', 32)
('lr', 0.01)
('model', 'resnet34')
('num_classes', 10)
('level_n_system', 0.0)
('level_n_lowerb', 0.0)
('alpha_dirichlet', 10)
('non_iid_prob_class', 0.7)
('dataset', 'cifar100')
('iid', True)
('LID_k', 20)
('iteration1', 5)
('rounds1', 200)
('frac1', 0.01)
('pretrained', False)
('mixup', False)
('alpha', 1)
('beta', 5)
('relabel_ratio', 0.5)
('confidence_thres', 0.5)
('clean_set_thres', 0.1)
('fine_tuning', True)
('correction', True)
('T_pl', 100)
('lambda_cen', 1.0)
('lambda_e', 0.8)
('num_gradual', 10)
('forget_rate', 0.2)
('lr_decay', 0.1)
('schedule', [])
('momentum', 0.5)
('weight_decay', 0.0001)
('feature_dim', 128)
('plr', 0.01)
('lamda', 15)
('K', 5)
('gamma', 1)
('begin_sel', 10)
('device', device(type='cuda', index=0))
Files already downloaded and verified
Files already downloaded and verified
global test acc  1.1200
global test acc  3.6900
global test acc  10.1400
global test acc  13.9200
global test acc  16.8900
global test acc  19.6500
global test acc  21.8600
global test acc  22.6800
global test acc  24.9700
global test acc  26.0300
global test acc  27.7600
global test acc  30.1500
global test acc  31.3100
global test acc  32.8900
global test acc  33.7600
global test acc  34.0200
global test acc  36.1200
global test acc  37.5800
global test acc  39.5000
global test acc  39.7300
global test acc  41.2200
global test acc  42.4100
global test acc  42.0800
global test acc  43.7100
global test acc  44.8000
global test acc  45.1800
global test acc  45.4500
global test acc  46.8300
global test acc  47.4000
global test acc  47.8500
global test acc  48.2500
global test acc  48.3600
global test acc  49.5900
global test acc  50.7500
global test acc  51.3800
global test acc  51.6000
global test acc  51.7300
global test acc  52.5600
global test acc  52.6200
global test acc  52.2500
global test acc  53.0800
global test acc  53.3200
global test acc  54.4700
global test acc  54.8200
global test acc  54.5300
global test acc  54.6200
global test acc  55.2500
global test acc  55.6900
global test acc  55.9500
global test acc  56.0800
global test acc  56.6400
global test acc  56.7000
global test acc  56.4500
global test acc  57.0900
global test acc  57.3300
global test acc  57.1900
global test acc  57.9500
global test acc  57.4400
global test acc  58.1100
global test acc  57.9800
global test acc  58.5700
global test acc  58.5100
global test acc  59.2100
global test acc  59.2000
global test acc  59.0000
global test acc  58.8900
global test acc  59.3400
global test acc  59.1200
global test acc  59.6100
global test acc  59.6200
global test acc  59.8700
global test acc  59.5600
global test acc  60.8000
global test acc  60.2600
global test acc  60.3300
global test acc  60.2200
global test acc  60.9900
global test acc  61.0400
global test acc  60.8500
global test acc  61.2700
global test acc  61.3200
global test acc  60.9700
global test acc  61.4700
global test acc  61.5600
global test acc  61.8400
global test acc  61.7800
global test acc  61.8000
global test acc  62.0800
global test acc  61.9900
global test acc  61.7100
global test acc  61.4900
global test acc  61.7500
global test acc  61.8500
global test acc  61.6700
global test acc  62.0900
global test acc  62.2900
global test acc  62.6500
global test acc  62.6800
global test acc  62.7800
global test acc  62.7600
global test acc  62.6500
global test acc  62.9300
global test acc  62.9700
global test acc  63.0600
global test acc  63.1400
global test acc  63.2800
global test acc  63.5900
global test acc  63.0400
global test acc  63.0000
global test acc  63.3200
global test acc  63.2900
global test acc  63.5800
global test acc  63.9300
global test acc  63.5700
global test acc  63.6700
global test acc  63.8800
global test acc  63.5100
global test acc  63.7800
global test acc  63.6800
global test acc  63.7700
global test acc  64.0300
global test acc  64.2000
global test acc  64.2000
global test acc  63.7400
global test acc  63.7800
global test acc  63.8000
global test acc  63.6900
global test acc  64.4500
global test acc  64.3600
global test acc  64.5200
global test acc  64.3500
global test acc  64.1600
global test acc  64.3500
global test acc  64.5300
global test acc  64.5300
global test acc  64.1200
global test acc  64.5700
global test acc  64.7500
global test acc  64.2100
global test acc  64.8700
global test acc  64.9600
global test acc  64.9000
global test acc  65.0100
global test acc  64.7400
global test acc  64.5100
global test acc  64.7900
global test acc  64.6400
global test acc  64.9800
global test acc  65.1600
global test acc  64.7500
global test acc  64.9600
global test acc  65.0800
global test acc  65.1300
global test acc  65.0400
global test acc  65.0000
global test acc  65.2400
global test acc  65.0000
global test acc  65.0600
global test acc  65.0500
global test acc  65.1200
global test acc  65.4800
global test acc  65.1100
global test acc  65.2000
global test acc  65.2400
global test acc  65.5200
global test acc  65.5200
global test acc  65.0000
global test acc  65.5600
global test acc  65.1700
global test acc  65.2400
global test acc  65.1500
global test acc  65.2200
global test acc  65.4200
global test acc  65.2300
global test acc  65.5100
global test acc  65.6700
global test acc  65.7800
global test acc  66.0100
global test acc  66.1700
global test acc  65.7500
global test acc  65.9200
global test acc  65.9800
global test acc  66.0400
global test acc  65.5300
global test acc  65.9600
global test acc  66.1800
global test acc  66.2300
global test acc  65.6100
global test acc  65.7600
global test acc  65.7300
global test acc  65.8700
global test acc  66.0200
global test acc  66.1300
global test acc  66.2100
global test acc  66.2900
global test acc  66.1300
global test acc  65.7900
global test acc  65.9200
global test acc  66.1700
global test acc  65.8800
global test acc  65.8900
global test acc  66.4700
global test acc  65.8900
global test acc  66.4400
global test acc  66.1600
global test acc  66.2500
global test acc  66.3400
global test acc  66.1600
global test acc  66.3800
global test acc  66.2900
global test acc  66.3000
global test acc  66.2900
global test acc  66.4300
global test acc  66.2200
global test acc  66.5300
global test acc  65.9400
global test acc  66.1700
global test acc  66.1900
global test acc  66.6500
global test acc  66.0700
global test acc  66.3000
global test acc  66.4600
global test acc  66.5600
global test acc  66.0400
global test acc  66.8400
global test acc  66.2800
global test acc  66.2600
global test acc  66.5200
global test acc  66.3900
global test acc  66.5200
global test acc  67.2600
global test acc  66.4600
global test acc  66.5500
global test acc  66.5900
global test acc  66.5600
global test acc  66.8400
global test acc  66.5100
global test acc  66.9700
global test acc  66.5400
global test acc  66.6400
global test acc  66.9700
global test acc  66.7000
global test acc  66.7700
global test acc  66.8300
global test acc  66.5600
global test acc  66.7400
global test acc  66.6600
global test acc  66.2200
global test acc  66.2800
global test acc  66.5200
global test acc  66.6600
global test acc  66.7400
global test acc  66.5300
global test acc  66.3600
global test acc  66.8900
global test acc  66.9400
global test acc  66.9700
global test acc  66.7900
global test acc  66.8900
global test acc  67.1200
global test acc  66.9000
global test acc  66.9800
global test acc  66.9000
global test acc  67.0900
global test acc  66.9400
global test acc  67.3600
global test acc  66.8300
global test acc  66.6500
global test acc  67.0600
global test acc  66.7800
global test acc  66.7000
global test acc  66.6200
global test acc  66.5900
global test acc  66.8700
global test acc  66.6200
global test acc  66.9300
global test acc  66.8700
global test acc  66.2200
global test acc  66.9000
global test acc  66.7700
global test acc  67.4900
global test acc  66.8500
global test acc  66.9500
global test acc  67.4100
global test acc  66.8300
global test acc  66.9000
global test acc  66.9700
global test acc  66.7400
global test acc  67.3500
global test acc  67.5400
global test acc  66.9700
global test acc  67.1300
global test acc  67.4400
global test acc  67.7300
global test acc  67.3000
global test acc  67.3300
global test acc  67.0600
global test acc  67.4300
global test acc  66.5800
global test acc  66.6300
global test acc  67.3800
global test acc  67.2800
global test acc  67.4800
global test acc  67.5700
global test acc  67.4400
global test acc  67.2200
global test acc  67.3600
global test acc  67.4200
global test acc  67.2400
global test acc  67.3100
global test acc  67.0300
global test acc  67.1500
global test acc  67.0700
global test acc  66.9500
global test acc  67.3000
global test acc  67.4400
global test acc  67.3800
global test acc  67.1300
global test acc  67.3600
global test acc  66.9300
global test acc  67.3400
global test acc  67.2700
global test acc  67.3300
global test acc  67.3900
global test acc  67.5300
global test acc  66.9900
global test acc  66.9900
global test acc  67.1900
global test acc  66.8100
global test acc  67.3200
global test acc  66.8400
global test acc  66.8900
global test acc  67.2500
global test acc  67.2100
global test acc  67.1000
global test acc  67.2400
global test acc  67.3300
global test acc  67.3100
global test acc  67.5500
global test acc  67.7700
global test acc  67.0500
global test acc  67.5500
global test acc  67.1900
global test acc  67.5600
global test acc  67.2400
global test acc  67.5200
global test acc  67.1200
global test acc  67.5400
global test acc  67.8600
global test acc  67.5300
global test acc  67.3800
global test acc  67.6900
global test acc  67.3500
global test acc  66.9800
global test acc  67.4000
global test acc  67.6300
global test acc  67.8300
global test acc  67.5400
global test acc  67.3500
global test acc  67.6500
global test acc  67.5500
global test acc  67.8300
global test acc  66.9400
global test acc  66.9300
global test acc  67.4400
global test acc  66.9700
global test acc  67.0400
global test acc  67.6600
global test acc  67.9000
global test acc  67.8300
global test acc  67.5900
global test acc  67.0700
global test acc  67.4800
global test acc  67.4400
global test acc  67.2000
global test acc  67.2700
global test acc  67.4700
global test acc  67.2800
global test acc  67.4000
global test acc  67.5900
global test acc  67.4700
global test acc  67.5600
global test acc  67.4300
global test acc  67.2200
global test acc  67.6900
global test acc  67.7600
global test acc  67.8600
global test acc  67.4700
global test acc  67.3100
global test acc  67.4500
global test acc  67.6000
global test acc  67.7100
global test acc  67.4800
global test acc  67.4700
global test acc  67.3000
global test acc  67.4800
global test acc  68.0500
global test acc  68.0200
global test acc  67.7800
global test acc  67.8400
global test acc  67.6200
global test acc  67.3800
global test acc  67.2400
global test acc  67.4300
global test acc  67.4500
global test acc  67.3900
global test acc  67.7300
global test acc  67.2100
global test acc  67.2800
global test acc  67.8800
global test acc  67.6600
global test acc  67.5400
global test acc  67.3300
global test acc  67.7100
global test acc  67.6700
global test acc  67.9600
global test acc  68.1400
global test acc  67.6600
global test acc  67.3300
global test acc  67.3100
global test acc  67.4900
global test acc  67.5100
global test acc  67.7800
global test acc  67.5900
global test acc  67.8200
global test acc  67.5000
global test acc  67.5000
global test acc  67.8000
global test acc  67.5900
global test acc  67.4400
global test acc  67.4000
global test acc  67.3400
global test acc  67.9500
global test acc  67.4100
global test acc  67.6100
global test acc  67.3500
global test acc  68.1400
global test acc  68.0800
global test acc  68.1500
global test acc  67.7100
global test acc  67.6000
global test acc  67.6200
global test acc  67.6700
global test acc  67.8800
global test acc  67.3300
global test acc  67.8600
global test acc  67.8400
global test acc  67.2400
global test acc  67.7000
global test acc  67.6800
time : 26383.38238453865
('algorithm', 'FedAVG')
('gpu', 0)
('seed', 13)
('save_dir', './record/')
('rounds2', 450)
('local_ep', 5)
('frac2', 0.2)
('num_users', 50)
('local_bs', 32)
('lr', 0.01)
('model', 'resnet34')
('num_classes', 10)
('level_n_system', 0.0)
('level_n_lowerb', 0.0)
('alpha_dirichlet', 10)
('non_iid_prob_class', 0.5)
('dataset', 'cifar100')
('iid', True)
('LID_k', 20)
('iteration1', 5)
('rounds1', 200)
('frac1', 0.01)
('pretrained', False)
('mixup', False)
('alpha', 1)
('beta', 5)
('relabel_ratio', 0.5)
('confidence_thres', 0.5)
('clean_set_thres', 0.1)
('fine_tuning', True)
('correction', True)
('T_pl', 100)
('lambda_cen', 1.0)
('lambda_e', 0.8)
('num_gradual', 10)
('forget_rate', 0.2)
('lr_decay', 0.1)
('schedule', [])
('momentum', 0.5)
('weight_decay', 0.0001)
('feature_dim', 128)
('plr', 0.01)
('lamda', 15)
('K', 1)
('gamma', 1)
('begin_sel', 10)
('max_beta', 2)
('mu', 0.01)
('device', device(type='cuda', index=0))
Files already downloaded and verified
Files already downloaded and verified
Round 0 global test acc  1.0800
Round 1 global test acc  3.4300
Round 2 global test acc  9.9300
Round 3 global test acc  13.9600
Round 4 global test acc  17.3900
Round 5 global test acc  18.9200
Round 6 global test acc  22.1000
Round 7 global test acc  22.7800
Round 8 global test acc  24.8700
Round 9 global test acc  25.6800
Round 10 global test acc  27.7000
Round 11 global test acc  29.4100
Round 12 global test acc  30.6600
Round 13 global test acc  31.7100
Round 14 global test acc  33.6800
Round 15 global test acc  34.2500
Round 16 global test acc  34.9400
Round 17 global test acc  36.5400
Round 18 global test acc  38.5500
Round 19 global test acc  39.1500
Round 20 global test acc  40.4500
Round 21 global test acc  41.5000
Round 22 global test acc  41.5400
Round 23 global test acc  43.2100
Round 24 global test acc  44.1900
Round 25 global test acc  44.3900
Round 26 global test acc  44.6900
Round 27 global test acc  45.8000
Round 28 global test acc  46.4200
Round 29 global test acc  46.8600
Round 30 global test acc  47.4000
Round 31 global test acc  47.8400
Round 32 global test acc  48.1900
Round 33 global test acc  49.8500
Round 34 global test acc  49.7800
Round 35 global test acc  50.2100
Round 36 global test acc  50.0200
Round 37 global test acc  50.9600
Round 38 global test acc  51.3200
Round 39 global test acc  51.5100
Round 40 global test acc  51.9400
Round 41 global test acc  52.4900
Round 42 global test acc  53.2000
Round 43 global test acc  53.1800
Round 44 global test acc  53.8700
Round 45 global test acc  53.5700
Round 46 global test acc  53.8700
Round 47 global test acc  54.2200
Round 48 global test acc  54.8200
Round 49 global test acc  54.6100
Round 50 global test acc  55.1800
Round 51 global test acc  55.2000
Round 52 global test acc  55.0600
Round 53 global test acc  55.6900
Round 54 global test acc  56.3200
Round 55 global test acc  56.4800
Round 56 global test acc  56.9400
Round 57 global test acc  56.7000
Round 58 global test acc  56.9400
Round 59 global test acc  57.3000
Round 60 global test acc  57.6000
Round 61 global test acc  57.4600
Round 62 global test acc  57.8300
Round 63 global test acc  58.1500
Round 64 global test acc  58.1800
Round 65 global test acc  57.8600
Round 66 global test acc  58.3300
Round 67 global test acc  58.4800
Round 68 global test acc  59.2000
Round 69 global test acc  58.9600
Round 70 global test acc  58.7700
Round 71 global test acc  59.1000
Round 72 global test acc  59.4100
Round 73 global test acc  59.7600
Round 74 global test acc  59.8800
Round 75 global test acc  59.8000
Round 76 global test acc  60.0500
Round 77 global test acc  60.4700
Round 78 global test acc  59.9900
Round 79 global test acc  60.3000
Round 80 global test acc  60.4000
Round 81 global test acc  60.9000
Round 82 global test acc  60.9900
Round 83 global test acc  60.7100
Round 84 global test acc  60.7500
Round 85 global test acc  60.7400
Round 86 global test acc  60.7500
Round 87 global test acc  60.9700
Round 88 global test acc  61.3400
Round 89 global test acc  61.0400
Round 90 global test acc  61.4900
Round 91 global test acc  61.1400
Round 92 global test acc  61.3000
Round 93 global test acc  61.5100
Round 94 global test acc  61.0600
Round 95 global test acc  61.6300
Round 96 global test acc  62.0400
Round 97 global test acc  62.0300
Round 98 global test acc  61.7400
Round 99 global test acc  62.2300
Round 100 global test acc  61.7600
Round 101 global test acc  62.3500
Round 102 global test acc  62.5300
Round 103 global test acc  62.4100
Round 104 global test acc  62.7500
Round 105 global test acc  62.7800
Round 106 global test acc  62.9800
Round 107 global test acc  62.7900
Round 108 global test acc  62.7900
Round 109 global test acc  62.7500
Round 110 global test acc  62.4700
Round 111 global test acc  62.8500
Round 112 global test acc  63.1200
Round 113 global test acc  63.1900
Round 114 global test acc  62.9600
Round 115 global test acc  63.0800
Round 116 global test acc  62.9400
Round 117 global test acc  63.1400
Round 118 global test acc  63.2100
Round 119 global test acc  63.6100
Round 120 global test acc  63.1600
Round 121 global test acc  63.1300
Round 122 global test acc  63.2800
Round 123 global test acc  63.4700
Round 124 global test acc  63.4200
Round 125 global test acc  63.5200
Round 126 global test acc  63.1600
Round 127 global test acc  63.9500
Round 128 global test acc  63.8000
Round 129 global test acc  63.8400
Round 130 global test acc  63.8400
Round 131 global test acc  64.1100
Round 132 global test acc  63.7800
Round 133 global test acc  64.4600
Round 134 global test acc  63.9300
Round 135 global test acc  63.8200
Round 136 global test acc  64.0900
Round 137 global test acc  63.6900
Round 138 global test acc  63.9700
Round 139 global test acc  64.0200
Round 140 global test acc  64.2100
Round 141 global test acc  64.2500
Round 142 global test acc  64.2500
Round 143 global test acc  64.3700
Round 144 global test acc  64.2800
Round 145 global test acc  64.3400
Round 146 global test acc  64.4300
Round 147 global test acc  64.5200
Round 148 global test acc  64.6200
Round 149 global test acc  64.6000
Round 150 global test acc  64.6500
Round 151 global test acc  64.3800
Round 152 global test acc  64.8200
Round 153 global test acc  64.6300
Round 154 global test acc  64.5400
Round 155 global test acc  64.7500
Round 156 global test acc  64.4000
Round 157 global test acc  64.7800
Round 158 global test acc  64.4200
Round 159 global test acc  64.9900
Round 160 global test acc  64.9700
Round 161 global test acc  64.8000
Round 162 global test acc  64.9300
Round 163 global test acc  64.7500
Round 164 global test acc  64.7300
Round 165 global test acc  64.8200
Round 166 global test acc  64.7500
Round 167 global test acc  64.8500
Round 168 global test acc  65.0100
Round 169 global test acc  65.0700
Round 170 global test acc  64.9500
Round 171 global test acc  65.0400
Round 172 global test acc  65.0800
Round 173 global test acc  64.7700
Round 174 global test acc  64.9100
Round 175 global test acc  65.1600
Round 176 global test acc  65.1200
Round 177 global test acc  64.7900
Round 178 global test acc  65.3500
Round 179 global test acc  64.7300
Round 180 global test acc  65.1600
Round 181 global test acc  65.3200
Round 182 global test acc  65.4400
Round 183 global test acc  65.2400
Round 184 global test acc  65.1900
Round 185 global test acc  65.6500
Round 186 global test acc  65.2200
Round 187 global test acc  65.4800
Round 188 global test acc  65.4600
Round 189 global test acc  65.1200
Round 190 global test acc  65.2900
Round 191 global test acc  65.9400
Round 192 global test acc  65.3200
Round 193 global test acc  65.5100
Round 194 global test acc  65.2700
Round 195 global test acc  65.3500
Round 196 global test acc  65.7700
Round 197 global test acc  66.1900
Round 198 global test acc  65.5100
Round 199 global test acc  65.7400
Round 200 global test acc  65.5300
Round 201 global test acc  66.0000
Round 202 global test acc  65.7000
Round 203 global test acc  65.9500
Round 204 global test acc  65.7800
Round 205 global test acc  65.6700
Round 206 global test acc  65.9500
Round 207 global test acc  65.1000
Round 208 global test acc  65.5700
Round 209 global test acc  65.9700
Round 210 global test acc  66.0200
Round 211 global test acc  65.9600
Round 212 global test acc  65.8700
Round 213 global test acc  65.7300
Round 214 global test acc  66.2900
Round 215 global test acc  65.7100
Round 216 global test acc  65.4400
Round 217 global test acc  65.8800
Round 218 global test acc  65.7600
Round 219 global test acc  65.8700
Round 220 global test acc  65.8800
Round 221 global test acc  66.0600
Round 222 global test acc  66.0700
Round 223 global test acc  65.8000
Round 224 global test acc  65.9700
Round 225 global test acc  65.8300
Round 226 global test acc  65.8300
Round 227 global test acc  66.0300
Round 228 global test acc  66.1800
Round 229 global test acc  66.1700
Round 230 global test acc  66.3200
Round 231 global test acc  66.1100
Round 232 global test acc  66.3300
Round 233 global test acc  65.7100
Round 234 global test acc  66.2400
Round 235 global test acc  66.1200
Round 236 global test acc  66.3500
Round 237 global test acc  66.2000
Round 238 global test acc  66.2100
Round 239 global test acc  65.8900
Round 240 global test acc  66.2500
Round 241 global test acc  66.2400
Round 242 global test acc  66.2000
Round 243 global test acc  65.6100
Round 244 global test acc  66.6400
Round 245 global test acc  66.1400
Round 246 global test acc  66.1200
Round 247 global test acc  66.3500
Round 248 global test acc  66.3500
Round 249 global test acc  66.2300
Round 250 global test acc  66.2800
Round 251 global test acc  66.3000
Round 252 global test acc  66.1500
Round 253 global test acc  66.7300
Round 254 global test acc  66.3500
Round 255 global test acc  66.6600
Round 256 global test acc  66.3800
Round 257 global test acc  66.4800
Round 258 global test acc  66.4100
Round 259 global test acc  66.7200
Round 260 global test acc  66.6500
Round 261 global test acc  66.5200
Round 262 global test acc  66.5300
Round 263 global test acc  66.7400
Round 264 global test acc  66.9100
Round 265 global test acc  66.1100
Round 266 global test acc  66.2600
Round 267 global test acc  66.5500
Round 268 global test acc  66.6700
Round 269 global test acc  66.6500
Round 270 global test acc  66.4000
Round 271 global test acc  66.4200
Round 272 global test acc  66.4700
Round 273 global test acc  66.4700
Round 274 global test acc  66.4900
Round 275 global test acc  66.3400
Round 276 global test acc  66.4700
Round 277 global test acc  66.5800
Round 278 global test acc  66.2600
Round 279 global test acc  65.8000
Round 280 global test acc  66.3600
Round 281 global test acc  66.6300
Round 282 global test acc  66.4600
Round 283 global test acc  66.8900
Round 284 global test acc  66.3200
Round 285 global test acc  66.3300
Round 286 global test acc  66.4200
Round 287 global test acc  66.1300
Round 288 global test acc  66.3500
Round 289 global test acc  66.2000
Round 290 global test acc  66.4200
Round 291 global test acc  66.5000
Round 292 global test acc  66.6400
Round 293 global test acc  66.2900
Round 294 global test acc  66.5000
Round 295 global test acc  66.8300
Round 296 global test acc  66.7700
Round 297 global test acc  66.8300
Round 298 global test acc  66.8000
Round 299 global test acc  66.1700
Round 300 global test acc  66.5700
Round 301 global test acc  66.7300
Round 302 global test acc  67.0700
Round 303 global test acc  66.8600
Round 304 global test acc  66.5000
Round 305 global test acc  65.9900
Round 306 global test acc  66.1400
Round 307 global test acc  66.4900
Round 308 global test acc  66.6000
Round 309 global test acc  66.8100
Round 310 global test acc  66.5700
Round 311 global test acc  66.4700
Round 312 global test acc  66.2700
Round 313 global test acc  66.6000
Round 314 global test acc  66.6600
Round 315 global test acc  66.9100
Round 316 global test acc  66.4000
Round 317 global test acc  66.7700
Round 318 global test acc  67.2600
Round 319 global test acc  66.8300
Round 320 global test acc  66.3000
Round 321 global test acc  66.5500
Round 322 global test acc  66.7300
Round 323 global test acc  66.9300
Round 324 global test acc  66.5600
Round 325 global test acc  66.8100
Round 326 global test acc  66.8800
Round 327 global test acc  66.4500
Round 328 global test acc  66.3000
Round 329 global test acc  66.6100
Round 330 global test acc  66.8600
Round 331 global test acc  66.8800
Round 332 global test acc  66.6900
Round 333 global test acc  67.1600
Round 334 global test acc  66.7200
Round 335 global test acc  66.6300
Round 336 global test acc  66.4800
Round 337 global test acc  66.6000
Round 338 global test acc  66.5000
Round 339 global test acc  66.8300
Round 340 global test acc  67.2000
Round 341 global test acc  66.9500
Round 342 global test acc  65.9700
Round 343 global test acc  66.9800
Round 344 global test acc  66.7400
Round 345 global test acc  66.9700
Round 346 global test acc  67.0000
Round 347 global test acc  66.7500
Round 348 global test acc  66.7500
Round 349 global test acc  66.9200
Round 350 global test acc  66.7800
Round 351 global test acc  66.9800
Round 352 global test acc  66.8500
Round 353 global test acc  66.3100
Round 354 global test acc  66.6900
Round 355 global test acc  66.7200
Round 356 global test acc  66.9500
Round 357 global test acc  66.7400
Round 358 global test acc  66.8500
Round 359 global test acc  66.8400
Round 360 global test acc  66.6700
Round 361 global test acc  66.7300
Round 362 global test acc  66.4600
Round 363 global test acc  66.5400
Round 364 global test acc  66.8000
Round 365 global test acc  66.5400
Round 366 global test acc  67.1200
Round 367 global test acc  66.9400
Round 368 global test acc  66.9900
Round 369 global test acc  67.0100
Round 370 global test acc  67.1400
Round 371 global test acc  66.6900
Round 372 global test acc  67.1100
Round 373 global test acc  66.6800
Round 374 global test acc  66.7600
Round 375 global test acc  67.0500
Round 376 global test acc  66.5700
Round 377 global test acc  66.5900
Round 378 global test acc  66.8100
Round 379 global test acc  66.6600
Round 380 global test acc  66.8300
Round 381 global test acc  66.9600
Round 382 global test acc  67.0400
Round 383 global test acc  66.7500
Round 384 global test acc  66.4500
Round 385 global test acc  66.7100
Round 386 global test acc  66.9100
Round 387 global test acc  66.7100
Round 388 global test acc  66.6300
Round 389 global test acc  66.5000
Round 390 global test acc  66.6200
Round 391 global test acc  66.8300
Round 392 global test acc  66.8800
Round 393 global test acc  66.4300
Round 394 global test acc  66.4800
Round 395 global test acc  66.8100
Round 396 global test acc  66.8700
Round 397 global test acc  67.0500
Round 398 global test acc  67.0600
Round 399 global test acc  67.2700
Round 400 global test acc  66.7100
Round 401 global test acc  67.0600
Round 402 global test acc  66.5100
Round 403 global test acc  66.9200
Round 404 global test acc  66.7300
Round 405 global test acc  67.2100
Round 406 global test acc  66.8500
Round 407 global test acc  67.0100
Round 408 global test acc  66.7800
Round 409 global test acc  66.8300
Round 410 global test acc  66.8600
Round 411 global test acc  66.3000
Round 412 global test acc  67.1000
Round 413 global test acc  66.4900
Round 414 global test acc  66.7800
Round 415 global test acc  67.1300
Round 416 global test acc  67.0900
Round 417 global test acc  67.5400
Round 418 global test acc  67.0300
Round 419 global test acc  67.3200
Round 420 global test acc  67.0500
Round 421 global test acc  67.1200
Round 422 global test acc  67.0200
Round 423 global test acc  67.0900
Round 424 global test acc  66.8900
Round 425 global test acc  67.1800
Round 426 global test acc  67.0200
Round 427 global test acc  67.0700
Round 428 global test acc  67.2700
Round 429 global test acc  67.0100
Round 430 global test acc  66.7900
Round 431 global test acc  67.1600
Round 432 global test acc  67.2100
Round 433 global test acc  67.3700
Round 434 global test acc  67.2100
Round 435 global test acc  67.7700
Round 436 global test acc  67.4500
Round 437 global test acc  67.0600
Round 438 global test acc  67.2500
Round 439 global test acc  67.0700
Round 440 global test acc  66.6400
Round 441 global test acc  67.0000
Round 442 global test acc  67.2500
Round 443 global test acc  66.9700
Round 444 global test acc  66.8900
Round 445 global test acc  67.0100
Round 446 global test acc  67.2600
Round 447 global test acc  66.7400
Round 448 global test acc  67.0200
Round 449 global test acc  67.2900
time : 31272.249430418015
