('algorithm', 'FedTwin')
('gpu', 2)
('seed', 13)
('save_dir', './record/')
('rounds2', 450)
('local_ep', 5)
('frac2', 0.2)
('num_users', 50)
('local_bs', 32)
('lr', 0.01)
('model', 'resnet34')
('num_classes', 10)
('level_n_system', 0.5)
('level_n_lowerb', 0.3)
('alpha_dirichlet', 10)
('non_iid_prob_class', 0.7)
('dataset', 'cifar100')
('iid', True)
('LID_k', 20)
('iteration1', 5)
('rounds1', 200)
('frac1', 0.01)
('pretrained', False)
('mixup', False)
('alpha', 1)
('beta', 5)
('relabel_ratio', 0.5)
('confidence_thres', 0.5)
('clean_set_thres', 0.1)
('fine_tuning', True)
('correction', True)
('T_pl', 100)
('lambda_cen', 1.0)
('lambda_e', 0.8)
('num_gradual', 10)
('forget_rate', 0.2)
('lr_decay', 0.1)
('schedule', [])
('momentum', 0.5)
('weight_decay', 0.0001)
('feature_dim', 128)
('plr', 0.01)
('lamda', 15)
('K', 5)
('gamma', 1)
('begin_sel', 10)
('max_beta', 2.0)
('mu', 0.01)
('device', device(type='cuda', index=2))
Files already downloaded and verified
Files already downloaded and verified
Client 0, noise level: 0.7803 (0.7022), real noise ratio: 0.7690
Client 2, noise level: 0.3966 (0.3569), real noise ratio: 0.3740
Client 3, noise level: 0.3691 (0.3322), real noise ratio: 0.3440
Client 4, noise level: 0.4719 (0.4247), real noise ratio: 0.4610
Client 6, noise level: 0.9482 (0.8534), real noise ratio: 0.9360
Client 7, noise level: 0.7761 (0.6985), real noise ratio: 0.7430
Client 8, noise level: 0.4664 (0.4197), real noise ratio: 0.4490
Client 9, noise level: 0.6982 (0.6284), real noise ratio: 0.7070
Client 13, noise level: 0.5837 (0.5254), real noise ratio: 0.5870
Client 15, noise level: 0.4336 (0.3903), real noise ratio: 0.4290
Client 20, noise level: 0.6493 (0.5844), real noise ratio: 0.6370
Client 23, noise level: 0.5554 (0.4999), real noise ratio: 0.5320
Client 26, noise level: 0.3955 (0.3559), real noise ratio: 0.3990
Client 27, noise level: 0.4655 (0.4189), real noise ratio: 0.4670
Client 29, noise level: 0.6947 (0.6253), real noise ratio: 0.6840
Client 30, noise level: 0.9713 (0.8741), real noise ratio: 0.9640
Client 32, noise level: 0.3903 (0.3512), real noise ratio: 0.3930
Client 33, noise level: 0.8324 (0.7492), real noise ratio: 0.8250
Client 35, noise level: 0.4230 (0.3807), real noise ratio: 0.4150
Client 38, noise level: 0.9771 (0.8794), real noise ratio: 0.9750
Client 41, noise level: 0.7686 (0.6917), real noise ratio: 0.7640
Client 42, noise level: 0.3765 (0.3389), real noise ratio: 0.3700
Client 47, noise level: 0.4886 (0.4397), real noise ratio: 0.4790
Client 48, noise level: 0.7551 (0.6796), real noise ratio: 0.7650
Rounds 0 early training:
Round 0 train loss  3.9115
Round 0 global test acc  1.6000 

Rounds 1 early training:
Round 1 train loss  3.7205
Round 1 global test acc  3.6100 

Rounds 2 early training:
Round 2 train loss  3.1318
Round 2 global test acc  6.8700 

Rounds 3 early training:
Round 3 train loss  1.6786
Round 3 global test acc  13.8500 

Rounds 4 early training:
Round 4 train loss  -1.0782
Round 4 global test acc  13.2800 

Rounds 5 early training:
Round 5 train loss  -3.9781
Round 5 global test acc  17.2200 

Rounds 6 early training:
Round 6 train loss  -8.1424
Round 6 global test acc  15.6500 

Rounds 7 early training:
Round 7 train loss  -10.2143
Round 7 global test acc  19.9200 

Rounds 8 early training:
Round 8 train loss  -14.4038
Round 8 global test acc  20.1500 

Rounds 9 early training:
Round 9 train loss  -18.0325
Round 9 global test acc  22.6300 

Rounds 10 early training:
Round 10 train loss  -20.8611
Round 10 global test acc  24.4600 

Rounds 11 filter noisy data:
Round 11 train loss  -26.4477
Round 11 global test acc  26.0900 

Rounds 12 filter noisy data:
Round 12 train loss  -27.8696
Round 12 global test acc  26.6300 

Rounds 13 filter noisy data:
Round 13 train loss  -28.3660
Round 13 global test acc  25.9300 

Rounds 14 filter noisy data:
Round 14 train loss  -28.1860
Round 14 global test acc  27.7900 

Rounds 15 filter noisy data:
Round 15 train loss  -28.4709
Round 15 global test acc  29.0100 

Rounds 16 filter noisy data:
Round 16 train loss  -28.7819
Round 16 global test acc  30.3800 

Rounds 17 filter noisy data:
Round 17 train loss  -28.6826
Round 17 global test acc  30.1500 

Rounds 18 filter noisy data:
Round 18 train loss  -29.0385
Round 18 global test acc  31.9400 

Rounds 19 filter noisy data:
Round 19 train loss  -29.1488
Round 19 global test acc  30.9200 

Rounds 20 filter noisy data:
Round 20 train loss  -29.4211
Round 20 global test acc  31.7600 

Rounds 21 filter noisy data:
Round 21 train loss  -29.5856
Round 21 global test acc  33.3900 

Rounds 22 filter noisy data:
Round 22 train loss  -29.6317
Round 22 global test acc  28.8700 

Rounds 23 filter noisy data:
Round 23 train loss  -29.9893
Round 23 global test acc  34.7400 

Rounds 24 filter noisy data:
Round 24 train loss  -29.7722
Round 24 global test acc  35.2000 

Rounds 25 filter noisy data:
Round 25 train loss  -29.9659
Round 25 global test acc  34.7600 

Rounds 26 filter noisy data:
Round 26 train loss  -30.3323
Round 26 global test acc  35.5700 

Rounds 27 filter noisy data:
Round 27 train loss  -30.1028
Round 27 global test acc  37.0500 

Rounds 28 filter noisy data:
Round 28 train loss  -30.3416
Round 28 global test acc  37.3100 

Rounds 29 filter noisy data:
Round 29 train loss  -30.3443
Round 29 global test acc  38.0300 

Rounds 30 filter noisy data:
Round 30 train loss  -30.5634
Round 30 global test acc  38.0300 

Rounds 31 filter noisy data:
Round 31 train loss  -30.6220
Round 31 global test acc  38.9200 

Rounds 32 filter noisy data:
Round 32 train loss  -31.0073
Round 32 global test acc  40.0800 

Rounds 33 filter noisy data:
Round 33 train loss  -31.0678
Round 33 global test acc  39.8000 

Rounds 34 filter noisy data:
Round 34 train loss  -31.3284
Round 34 global test acc  40.8600 

Rounds 35 filter noisy data:
Round 35 train loss  -30.9025
Round 35 global test acc  40.7700 

Rounds 36 filter noisy data:
Round 36 train loss  -31.0096
Round 36 global test acc  41.0900 

Rounds 37 filter noisy data:
Round 37 train loss  -30.9578
Round 37 global test acc  41.0500 

Rounds 38 filter noisy data:
Round 38 train loss  -31.2608
Round 38 global test acc  40.5400 

Rounds 39 filter noisy data:
Round 39 train loss  -31.4753
Round 39 global test acc  42.8400 

Rounds 40 filter noisy data:
Round 40 train loss  -31.4515
Round 40 global test acc  42.2800 

Rounds 41 filter noisy data:
Round 41 train loss  -31.3444
Round 41 global test acc  42.8100 

Rounds 42 filter noisy data:
Round 42 train loss  -31.6643
Round 42 global test acc  43.1000 

Rounds 43 filter noisy data:
Round 43 train loss  -31.7785
Round 43 global test acc  43.8100 

Rounds 44 filter noisy data:
Round 44 train loss  -31.7949
Round 44 global test acc  44.2500 

Rounds 45 filter noisy data:
Round 45 train loss  -32.1752
Round 45 global test acc  45.1500 

Rounds 46 filter noisy data:
Round 46 train loss  -31.7415
Round 46 global test acc  44.3200 

Rounds 47 filter noisy data:
Round 47 train loss  -31.4307
Round 47 global test acc  42.9100 

Rounds 48 filter noisy data:
Round 48 train loss  -31.6847
Round 48 global test acc  42.0300 

Rounds 49 filter noisy data:
Round 49 train loss  -31.9925
Round 49 global test acc  44.7200 

Rounds 50 filter noisy data:
Round 50 train loss  -32.1559
Round 50 global test acc  44.3900 

Rounds 51 filter noisy data:
Round 51 train loss  -31.4272
Round 51 global test acc  43.0300 

Rounds 52 filter noisy data:
Round 52 train loss  -32.5177
Round 52 global test acc  45.9800 

Rounds 53 filter noisy data:
Round 53 train loss  -32.7427
Round 53 global test acc  46.2600 

Rounds 54 filter noisy data:
Round 54 train loss  -32.1287
Round 54 global test acc  46.6000 

Rounds 55 filter noisy data:
Round 55 train loss  -32.1582
Round 55 global test acc  46.0200 

Rounds 56 filter noisy data:
Round 56 train loss  -32.3426
Round 56 global test acc  46.4700 

Rounds 57 filter noisy data:
Round 57 train loss  -32.5873
Round 57 global test acc  47.4100 

Rounds 58 filter noisy data:
Round 58 train loss  -32.1867
Round 58 global test acc  46.3900 

Rounds 59 filter noisy data:
Round 59 train loss  -32.3333
Round 59 global test acc  45.2000 

Rounds 60 filter noisy data:
Round 60 train loss  -32.9735
Round 60 global test acc  47.7700 

Rounds 61 filter noisy data:
Round 61 train loss  -32.2511
Round 61 global test acc  45.9800 

Rounds 62 filter noisy data:
Round 62 train loss  -32.7872
Round 62 global test acc  47.0200 

Rounds 63 filter noisy data:
Round 63 train loss  -32.6094
Round 63 global test acc  46.0600 

Rounds 64 filter noisy data:
Round 64 train loss  -32.3712
Round 64 global test acc  45.6800 

Rounds 65 filter noisy data:
Round 65 train loss  -32.7818
Round 65 global test acc  45.7300 

Rounds 66 filter noisy data:
Round 66 train loss  -32.7156
Round 66 global test acc  46.0500 

Rounds 67 filter noisy data:
Round 67 train loss  -32.9492
Round 67 global test acc  47.7400 

Rounds 68 filter noisy data:
Round 68 train loss  -33.1396
Round 68 global test acc  48.8700 

Rounds 69 filter noisy data:
Round 69 train loss  -32.7672
Round 69 global test acc  48.7000 

Rounds 70 filter noisy data:
Round 70 train loss  -33.0736
Round 70 global test acc  49.4100 

Rounds 71 filter noisy data:
Round 71 train loss  -32.7625
Round 71 global test acc  48.1300 

Rounds 72 filter noisy data:
Round 72 train loss  -33.0143
Round 72 global test acc  47.0400 

Rounds 73 filter noisy data:
Round 73 train loss  -32.9325
Round 73 global test acc  48.9600 

Rounds 74 filter noisy data:
Round 74 train loss  -33.2831
Round 74 global test acc  49.4100 

Rounds 75 filter noisy data:
Round 75 train loss  -33.3250
Round 75 global test acc  49.4200 

Rounds 76 filter noisy data:
Round 76 train loss  -33.3639
Round 76 global test acc  50.0400 

Rounds 77 filter noisy data:
Round 77 train loss  -33.2187
Round 77 global test acc  50.4500 

Rounds 78 filter noisy data:
Round 78 train loss  -32.8169
Round 78 global test acc  49.9300 

Rounds 79 filter noisy data:
Round 79 train loss  -33.0187
Round 79 global test acc  49.4600 

Rounds 80 filter noisy data:
Round 80 train loss  -33.3179
Round 80 global test acc  50.6100 

Rounds 81 filter noisy data:
Round 81 train loss  -33.3587
Round 81 global test acc  50.1700 

Rounds 82 filter noisy data:
Round 82 train loss  -33.3088
Round 82 global test acc  49.7600 

Rounds 83 filter noisy data:
Round 83 train loss  -33.2465
Round 83 global test acc  50.0400 

Rounds 84 filter noisy data:
Round 84 train loss  -33.5322
Round 84 global test acc  50.4600 

Rounds 85 filter noisy data:
Round 85 train loss  -33.5200
Round 85 global test acc  50.6300 

Rounds 86 filter noisy data:
Round 86 train loss  -33.7298
Round 86 global test acc  51.1800 

Rounds 87 filter noisy data:
Round 87 train loss  -33.2234
Round 87 global test acc  50.0500 

Rounds 88 filter noisy data:
Round 88 train loss  -33.5486
Round 88 global test acc  50.1600 

Rounds 89 filter noisy data:
Round 89 train loss  -33.8772
Round 89 global test acc  51.1800 

Rounds 90 filter noisy data:
Round 90 train loss  -33.4203
Round 90 global test acc  51.9200 

Rounds 91 filter noisy data:
Round 91 train loss  -33.7416
Round 91 global test acc  50.9500 

Rounds 92 filter noisy data:
Round 92 train loss  -33.9420
Round 92 global test acc  51.8200 

Rounds 93 filter noisy data:
Round 93 train loss  -33.5135
Round 93 global test acc  51.8300 

Rounds 94 filter noisy data:
Round 94 train loss  -34.1513
Round 94 global test acc  52.5700 

Rounds 95 filter noisy data:
Round 95 train loss  -33.7041
Round 95 global test acc  51.8900 

Rounds 96 filter noisy data:
Round 96 train loss  -33.6386
Round 96 global test acc  50.4600 

Rounds 97 filter noisy data:
Round 97 train loss  -34.1624
Round 97 global test acc  52.4900 

Rounds 98 filter noisy data:
Round 98 train loss  -33.5055
Round 98 global test acc  49.2200 

Rounds 99 filter noisy data:
Round 99 train loss  -33.9022
Round 99 global test acc  51.5800 

Rounds 100 filter noisy data:
Round 100 train loss  -33.8871
Round 100 global test acc  52.0000 

Rounds 101 filter noisy data:
Round 101 train loss  -33.7392
Round 101 global test acc  50.5100 

Rounds 102 filter noisy data:
Round 102 train loss  -33.7476
Round 102 global test acc  51.2300 

Rounds 103 filter noisy data:
Round 103 train loss  -33.7816
Round 103 global test acc  50.2400 

Rounds 104 filter noisy data:
Round 104 train loss  -33.5833
Round 104 global test acc  51.6600 

Rounds 105 filter noisy data:
Round 105 train loss  -33.8708
Round 105 global test acc  50.1000 

Rounds 106 filter noisy data:
Round 106 train loss  -34.2161
Round 106 global test acc  51.8000 

Rounds 107 filter noisy data:
Round 107 train loss  -34.3482
Round 107 global test acc  52.3900 

Rounds 108 filter noisy data:
Round 108 train loss  -33.9280
Round 108 global test acc  51.0800 

Rounds 109 filter noisy data:
Round 109 train loss  -33.9584
Round 109 global test acc  51.5500 

Rounds 110 filter noisy data:
Round 110 train loss  -34.4010
Round 110 global test acc  52.7200 

Rounds 111 filter noisy data:
Round 111 train loss  -34.2390
Round 111 global test acc  51.9900 

Rounds 112 filter noisy data:
Round 112 train loss  -34.0882
Round 112 global test acc  52.7100 

Rounds 113 filter noisy data:
Round 113 train loss  -34.4492
Round 113 global test acc  53.2500 

Rounds 114 filter noisy data:
Round 114 train loss  -34.4318
Round 114 global test acc  53.5200 

Rounds 115 filter noisy data:
Round 115 train loss  -33.8820
Round 115 global test acc  51.9900 

Rounds 116 filter noisy data:
Round 116 train loss  -34.2667
Round 116 global test acc  52.3200 

Rounds 117 filter noisy data:
Round 117 train loss  -34.1269
Round 117 global test acc  52.3700 

Rounds 118 filter noisy data:
Round 118 train loss  -34.4225
Round 118 global test acc  51.1600 

Rounds 119 filter noisy data:
Round 119 train loss  -34.6094
Round 119 global test acc  52.9900 

Rounds 120 filter noisy data:
Round 120 train loss  -33.7598
Round 120 global test acc  52.3100 

Rounds 121 filter noisy data:
Round 121 train loss  -34.2918
Round 121 global test acc  53.6700 

Rounds 122 filter noisy data:
Round 122 train loss  -34.1245
Round 122 global test acc  53.1700 

Rounds 123 filter noisy data:
Round 123 train loss  -34.0636
Round 123 global test acc  51.7300 

Rounds 124 filter noisy data:
Round 124 train loss  -34.3667
Round 124 global test acc  53.1600 

Rounds 125 filter noisy data:
Round 125 train loss  -34.6316
Round 125 global test acc  53.8400 

Rounds 126 filter noisy data:
Round 126 train loss  -34.1514
Round 126 global test acc  51.0500 

Rounds 127 filter noisy data:
Round 127 train loss  -34.1099
Round 127 global test acc  52.0300 

Rounds 128 filter noisy data:
Round 128 train loss  -34.1817
Round 128 global test acc  52.5100 

Rounds 129 filter noisy data:
Round 129 train loss  -34.8046
Round 129 global test acc  54.5200 

Rounds 130 filter noisy data:
Round 130 train loss  -34.5651
Round 130 global test acc  54.8800 

Rounds 131 filter noisy data:
Round 131 train loss  -34.3861
Round 131 global test acc  53.8700 

Rounds 132 filter noisy data:
Round 132 train loss  -34.4531
Round 132 global test acc  53.5700 

Rounds 133 filter noisy data:
Round 133 train loss  -34.2234
Round 133 global test acc  49.7200 

Rounds 134 filter noisy data:
Round 134 train loss  -34.1835
Round 134 global test acc  53.3500 

Rounds 135 filter noisy data:
Round 135 train loss  -34.6364
Round 135 global test acc  54.8800 

Rounds 136 filter noisy data:
Round 136 train loss  -34.5452
Round 136 global test acc  54.7100 

Rounds 137 filter noisy data:
Round 137 train loss  -34.7243
Round 137 global test acc  54.3600 

Rounds 138 filter noisy data:
Round 138 train loss  -34.3273
Round 138 global test acc  53.6000 

Rounds 139 filter noisy data:
Round 139 train loss  -34.2327
Round 139 global test acc  50.5800 

Rounds 140 filter noisy data:
Round 140 train loss  -34.3906
Round 140 global test acc  51.6600 

Rounds 141 filter noisy data:
Round 141 train loss  -34.2678
Round 141 global test acc  52.0400 

Rounds 142 filter noisy data:
Round 142 train loss  -34.4797
Round 142 global test acc  53.7100 

Rounds 143 filter noisy data:
Round 143 train loss  -34.5933
Round 143 global test acc  54.3500 

Rounds 144 filter noisy data:
Round 144 train loss  -34.7624
Round 144 global test acc  53.9500 

Rounds 145 filter noisy data:
Round 145 train loss  -34.5434
Round 145 global test acc  53.1400 

Rounds 146 filter noisy data:
Round 146 train loss  -34.8117
Round 146 global test acc  53.4600 

Rounds 147 filter noisy data:
Round 147 train loss  -34.1673
Round 147 global test acc  40.3200 

Rounds 148 filter noisy data:
Round 148 train loss  -34.6298
Round 148 global test acc  49.4800 

Rounds 149 filter noisy data:
Round 149 train loss  -34.6591
Round 149 global test acc  53.4000 

Rounds 150 filter noisy data:
Round 150 train loss  -34.7037
Round 150 global test acc  53.3300 

Rounds 151 filter noisy data:
Round 151 train loss  -34.8502
Round 151 global test acc  53.5900 

Rounds 152 filter noisy data:
Round 152 train loss  -34.8305
Round 152 global test acc  54.6900 

Rounds 153 filter noisy data:
Round 153 train loss  -34.8083
Round 153 global test acc  54.6200 

Rounds 154 filter noisy data:
Round 154 train loss  -34.6104
Round 154 global test acc  53.7300 

Rounds 155 filter noisy data:
Round 155 train loss  -34.7849
Round 155 global test acc  53.6800 

Rounds 156 filter noisy data:
Round 156 train loss  -34.5751
Round 156 global test acc  53.1200 

Rounds 157 filter noisy data:
Round 157 train loss  -34.9388
Round 157 global test acc  54.4700 

Rounds 158 filter noisy data:
Round 158 train loss  -34.8129
Round 158 global test acc  54.1300 

Rounds 159 filter noisy data:
Round 159 train loss  -34.6802
Round 159 global test acc  53.3600 

Rounds 160 filter noisy data:
Round 160 train loss  -34.7947
Round 160 global test acc  53.9100 

Rounds 161 filter noisy data:
Round 161 train loss  -34.8175
Round 161 global test acc  53.9500 

Rounds 162 filter noisy data:
Round 162 train loss  -34.8757
Round 162 global test acc  54.1900 

Rounds 163 filter noisy data:
Round 163 train loss  -34.8562
Round 163 global test acc  54.2800 

Rounds 164 filter noisy data:
Round 164 train loss  -35.0744
Round 164 global test acc  53.9800 

Rounds 165 filter noisy data:
Round 165 train loss  -34.9545
Round 165 global test acc  54.5600 

Rounds 166 filter noisy data:
Round 166 train loss  -34.7732
Round 166 global test acc  53.8000 

Rounds 167 filter noisy data:
Round 167 train loss  -35.0284
Round 167 global test acc  54.7500 

Rounds 168 filter noisy data:
Round 168 train loss  -35.0909
Round 168 global test acc  54.2800 

Rounds 169 filter noisy data:
Round 169 train loss  -34.9300
Round 169 global test acc  53.8600 

Rounds 170 filter noisy data:
Round 170 train loss  -34.9146
Round 170 global test acc  52.1000 

Rounds 171 filter noisy data:
Round 171 train loss  -34.7390
Round 171 global test acc  51.7200 

Rounds 172 filter noisy data:
Round 172 train loss  -35.1451
Round 172 global test acc  55.3600 

Rounds 173 filter noisy data:
Round 173 train loss  -34.9777
Round 173 global test acc  55.0300 

Rounds 174 filter noisy data:
Round 174 train loss  -34.8935
Round 174 global test acc  55.0500 

Rounds 175 filter noisy data:
Round 175 train loss  -35.1403
Round 175 global test acc  54.3900 

Rounds 176 filter noisy data:
Round 176 train loss  -34.7314
Round 176 global test acc  53.0500 

Rounds 177 filter noisy data:
Round 177 train loss  -35.2362
Round 177 global test acc  55.2200 

Rounds 178 filter noisy data:
Round 178 train loss  -34.9665
Round 178 global test acc  54.9900 

Rounds 179 filter noisy data:
Round 179 train loss  -34.9801
Round 179 global test acc  54.4400 

Rounds 180 filter noisy data:
Round 180 train loss  -35.2988
Round 180 global test acc  55.5800 

Rounds 181 filter noisy data:
Round 181 train loss  -34.7112
Round 181 global test acc  52.7300 

Rounds 182 filter noisy data:
Round 182 train loss  -34.9355
Round 182 global test acc  53.2500 

Rounds 183 filter noisy data:
Round 183 train loss  -35.1200
Round 183 global test acc  55.0700 

Rounds 184 filter noisy data:
Round 184 train loss  -34.6242
Round 184 global test acc  46.9400 

Rounds 185 filter noisy data:
Round 185 train loss  -35.1653
Round 185 global test acc  53.6200 

Rounds 186 filter noisy data:
Round 186 train loss  -35.0721
Round 186 global test acc  54.3900 

Rounds 187 filter noisy data:
Round 187 train loss  -35.0108
Round 187 global test acc  54.8400 

Rounds 188 filter noisy data:
Round 188 train loss  -35.0438
Round 188 global test acc  54.7600 

Rounds 189 filter noisy data:
Round 189 train loss  -35.1787
Round 189 global test acc  54.9200 

Rounds 190 filter noisy data:
Round 190 train loss  -35.2703
Round 190 global test acc  55.0800 

Rounds 191 filter noisy data:
Round 191 train loss  -35.0218
Round 191 global test acc  53.2500 

Rounds 192 filter noisy data:
Round 192 train loss  -35.0985
Round 192 global test acc  55.4900 

Rounds 193 filter noisy data:
Round 193 train loss  -35.2929
Round 193 global test acc  54.9600 

Rounds 194 filter noisy data:
Round 194 train loss  -35.1242
Round 194 global test acc  55.2500 

Rounds 195 filter noisy data:
Round 195 train loss  -35.2030
Round 195 global test acc  54.8800 

Rounds 196 filter noisy data:
Round 196 train loss  -35.1536
Round 196 global test acc  55.8600 

Rounds 197 filter noisy data:
Round 197 train loss  -34.7647
Round 197 global test acc  52.5300 

Rounds 198 filter noisy data:
Round 198 train loss  -35.1697
Round 198 global test acc  54.2200 

Rounds 199 filter noisy data:
Round 199 train loss  -35.3784
Round 199 global test acc  55.6000 

Rounds 200 filter noisy data:
Round 200 train loss  -35.0445
Round 200 global test acc  53.3000 

Rounds 201 filter noisy data:
Round 201 train loss  -35.4137
Round 201 global test acc  56.0000 

Rounds 202 filter noisy data:
Round 202 train loss  -34.9776
Round 202 global test acc  55.4800 

Rounds 203 filter noisy data:
Round 203 train loss  -35.0364
Round 203 global test acc  54.4100 

Rounds 204 filter noisy data:
Round 204 train loss  -35.1436
Round 204 global test acc  55.3000 

Rounds 205 filter noisy data:
Round 205 train loss  -35.1727
Round 205 global test acc  55.2500 

Rounds 206 filter noisy data:
Round 206 train loss  -35.2341
Round 206 global test acc  55.2600 

Rounds 207 filter noisy data:
Round 207 train loss  -35.0000
Round 207 global test acc  52.5700 

Rounds 208 filter noisy data:
Round 208 train loss  -35.1817
Round 208 global test acc  53.8600 

Rounds 209 filter noisy data:
Round 209 train loss  -35.4060
Round 209 global test acc  56.3700 

Rounds 210 filter noisy data:
Round 210 train loss  -34.9777
Round 210 global test acc  53.2400 

Rounds 211 filter noisy data:
Round 211 train loss  -35.4840
Round 211 global test acc  55.8700 

Rounds 212 filter noisy data:
Round 212 train loss  -35.0875
Round 212 global test acc  54.2100 

Rounds 213 filter noisy data:
Round 213 train loss  -35.4197
Round 213 global test acc  55.4900 

Rounds 214 filter noisy data:
Round 214 train loss  -35.3523
Round 214 global test acc  54.7300 

Rounds 215 filter noisy data:
Round 215 train loss  -35.3532
Round 215 global test acc  53.6500 

Rounds 216 filter noisy data:
Round 216 train loss  -35.2470
Round 216 global test acc  54.6400 

Rounds 217 filter noisy data:
Round 217 train loss  -35.3187
Round 217 global test acc  55.3200 

Rounds 218 filter noisy data:
Round 218 train loss  -35.0838
Round 218 global test acc  52.8000 

Rounds 219 filter noisy data:
Round 219 train loss  -35.3675
Round 219 global test acc  55.7900 

Rounds 220 filter noisy data:
Round 220 train loss  -35.2654
Round 220 global test acc  56.0400 

Rounds 221 filter noisy data:
Round 221 train loss  -35.3872
Round 221 global test acc  55.3700 

Rounds 222 filter noisy data:
Round 222 train loss  -35.1573
Round 222 global test acc  53.0000 

Rounds 223 filter noisy data:
Round 223 train loss  -35.2576
Round 223 global test acc  55.2700 

Rounds 224 filter noisy data:
Round 224 train loss  -35.2656
Round 224 global test acc  55.4700 

Rounds 225 filter noisy data:
Round 225 train loss  -35.3427
Round 225 global test acc  54.9500 

Rounds 226 filter noisy data:
Round 226 train loss  -35.1925
Round 226 global test acc  53.4800 

Rounds 227 filter noisy data:
Round 227 train loss  -35.4434
Round 227 global test acc  55.3900 

Rounds 228 filter noisy data:
Round 228 train loss  -35.1271
Round 228 global test acc  53.4300 

Rounds 229 filter noisy data:
Round 229 train loss  -35.3847
Round 229 global test acc  55.5700 

Rounds 230 filter noisy data:
Round 230 train loss  -35.2694
Round 230 global test acc  48.8900 

Rounds 231 filter noisy data:
Round 231 train loss  -35.4860
Round 231 global test acc  56.2000 

Rounds 232 filter noisy data:
Round 232 train loss  -35.5831
Round 232 global test acc  56.0000 

Rounds 233 filter noisy data:
Round 233 train loss  -35.5156
Round 233 global test acc  55.1000 

Rounds 234 filter noisy data:
Round 234 train loss  -35.3900
Round 234 global test acc  56.1100 

Rounds 235 filter noisy data:
Round 235 train loss  -35.4723
Round 235 global test acc  55.9700 

Rounds 236 filter noisy data:
Round 236 train loss  -35.4585
Round 236 global test acc  56.0400 

Rounds 237 filter noisy data:
Round 237 train loss  -35.3851
Round 237 global test acc  55.8000 

Rounds 238 filter noisy data:
Round 238 train loss  -35.5827
Round 238 global test acc  55.4100 

Rounds 239 filter noisy data:
Round 239 train loss  -35.4562
Round 239 global test acc  55.4000 

Rounds 240 filter noisy data:
Round 240 train loss  -35.3805
Round 240 global test acc  55.5900 

Rounds 241 filter noisy data:
Round 241 train loss  -35.5429
Round 241 global test acc  56.1900 

Rounds 242 filter noisy data:
Round 242 train loss  -35.5563
Round 242 global test acc  56.0800 

Rounds 243 filter noisy data:
Round 243 train loss  -35.1631
Round 243 global test acc  51.7900 

Rounds 244 filter noisy data:
Round 244 train loss  -35.4881
Round 244 global test acc  55.2000 

Rounds 245 filter noisy data:
Round 245 train loss  -35.5615
Round 245 global test acc  55.9200 

Rounds 246 filter noisy data:
Round 246 train loss  -35.4176
Round 246 global test acc  55.0800 

Rounds 247 filter noisy data:
Round 247 train loss  -35.5775
Round 247 global test acc  56.3400 

Rounds 248 filter noisy data:
Round 248 train loss  -35.2963
Round 248 global test acc  54.0000 

Rounds 249 filter noisy data:
Round 249 train loss  -35.6627
Round 249 global test acc  56.2400 

Rounds 250 filter noisy data:
Round 250 train loss  -35.3869
Round 250 global test acc  56.6900 

Rounds 251 filter noisy data:
Round 251 train loss  -35.2831
Round 251 global test acc  49.8100 

Rounds 252 filter noisy data:
Round 252 train loss  -35.4761
Round 252 global test acc  56.2100 

Rounds 253 filter noisy data:
Round 253 train loss  -35.5405
Round 253 global test acc  56.1400 

Rounds 254 filter noisy data:
Round 254 train loss  -35.3993
Round 254 global test acc  54.2200 

Rounds 255 filter noisy data:
Round 255 train loss  -35.4253
Round 255 global test acc  54.8700 

Rounds 256 filter noisy data:
Round 256 train loss  -35.3351
Round 256 global test acc  53.3100 

Rounds 257 filter noisy data:
Round 257 train loss  -35.4941
Round 257 global test acc  55.4800 

Rounds 258 filter noisy data:
Round 258 train loss  -35.3768
Round 258 global test acc  53.1700 

Rounds 259 filter noisy data:
Round 259 train loss  -35.5084
Round 259 global test acc  55.6300 

Rounds 260 filter noisy data:
Round 260 train loss  -35.4984
Round 260 global test acc  54.9600 

Rounds 261 filter noisy data:
Round 261 train loss  -35.5670
Round 261 global test acc  56.8400 

Rounds 262 filter noisy data:
Round 262 train loss  -35.6342
Round 262 global test acc  56.1800 

Rounds 263 filter noisy data:
Round 263 train loss  -35.5397
Round 263 global test acc  55.6800 

Rounds 264 filter noisy data:
Round 264 train loss  -35.5576
Round 264 global test acc  55.6200 

Rounds 265 filter noisy data:
Round 265 train loss  -35.4828
Round 265 global test acc  54.7300 

Rounds 266 filter noisy data:
Round 266 train loss  -35.5738
Round 266 global test acc  55.4600 

Rounds 267 filter noisy data:
Round 267 train loss  -35.4809
Round 267 global test acc  52.8300 

Rounds 268 filter noisy data:
Round 268 train loss  -35.4609
Round 268 global test acc  54.2600 

Rounds 269 filter noisy data:
Round 269 train loss  -35.4430
Round 269 global test acc  55.9900 

Rounds 270 filter noisy data:
Round 270 train loss  -35.4362
Round 270 global test acc  53.2400 

Rounds 271 filter noisy data:
Round 271 train loss  -35.5384
Round 271 global test acc  54.7200 

Rounds 272 filter noisy data:
Round 272 train loss  -35.5104
Round 272 global test acc  53.3000 

Rounds 273 filter noisy data:
Round 273 train loss  -35.2801
Round 273 global test acc  52.0600 

Rounds 274 filter noisy data:
Round 274 train loss  -35.5337
Round 274 global test acc  53.5700 

Rounds 275 filter noisy data:
Round 275 train loss  -35.5745
Round 275 global test acc  55.1500 

Rounds 276 filter noisy data:
Round 276 train loss  -35.6102
Round 276 global test acc  56.5700 

Rounds 277 filter noisy data:
Round 277 train loss  -35.5683
Round 277 global test acc  56.2000 

Rounds 278 filter noisy data:
Round 278 train loss  -35.7203
Round 278 global test acc  57.1900 

Rounds 279 filter noisy data:
Round 279 train loss  -35.6195
Round 279 global test acc  56.2800 

Rounds 280 filter noisy data:
Round 280 train loss  -35.6141
Round 280 global test acc  54.1500 

Rounds 281 filter noisy data:
Round 281 train loss  -35.5418
Round 281 global test acc  55.8300 

Rounds 282 filter noisy data:
Round 282 train loss  -35.5207
Round 282 global test acc  56.1600 

Rounds 283 filter noisy data:
Round 283 train loss  -35.6857
Round 283 global test acc  55.6500 

Rounds 284 filter noisy data:
Round 284 train loss  -35.6683
Round 284 global test acc  56.4900 

Rounds 285 filter noisy data:
Round 285 train loss  -35.6847
Round 285 global test acc  56.8900 

Rounds 286 filter noisy data:
Round 286 train loss  -35.4245
Round 286 global test acc  52.3000 

Rounds 287 filter noisy data:
Round 287 train loss  -35.6800
Round 287 global test acc  55.2300 

Rounds 288 filter noisy data:
Round 288 train loss  -35.7662
Round 288 global test acc  57.3500 

Rounds 289 filter noisy data:
Round 289 train loss  -35.5680
Round 289 global test acc  55.0400 

Rounds 290 filter noisy data:
Round 290 train loss  -35.4705
Round 290 global test acc  49.1100 

Rounds 291 filter noisy data:
Round 291 train loss  -35.7234
Round 291 global test acc  56.1500 

Rounds 292 filter noisy data:
Round 292 train loss  -35.7633
Round 292 global test acc  57.0100 

Rounds 293 filter noisy data:
Round 293 train loss  -35.6430
Round 293 global test acc  55.7600 

Rounds 294 filter noisy data:
Round 294 train loss  -35.7770
Round 294 global test acc  56.5800 

Rounds 295 filter noisy data:
Round 295 train loss  -35.6918
Round 295 global test acc  56.3300 

Rounds 296 filter noisy data:
Round 296 train loss  -35.8129
Round 296 global test acc  57.5200 

Rounds 297 filter noisy data:
Round 297 train loss  -35.6048
Round 297 global test acc  55.6000 

Rounds 298 filter noisy data:
Round 298 train loss  -35.6357
Round 298 global test acc  55.3500 

Rounds 299 filter noisy data:
Round 299 train loss  -35.7208
Round 299 global test acc  55.8000 

Rounds 300 filter noisy data:
Round 300 train loss  -35.5930
Round 300 global test acc  51.3300 

Rounds 301 filter noisy data:
Round 301 train loss  -35.4998
Round 301 global test acc  53.9900 

Rounds 302 filter noisy data:
Round 302 train loss  -35.7011
Round 302 global test acc  55.2200 

Rounds 303 filter noisy data:
Round 303 train loss  -35.6554
Round 303 global test acc  55.7100 

Rounds 304 filter noisy data:
Round 304 train loss  -35.8907
Round 304 global test acc  56.7300 

Rounds 305 filter noisy data:
Round 305 train loss  -35.7125
Round 305 global test acc  56.4000 

Rounds 306 filter noisy data:
Round 306 train loss  -35.7039
Round 306 global test acc  54.6600 

Rounds 307 filter noisy data:
Round 307 train loss  -35.5065
Round 307 global test acc  54.2600 

Rounds 308 filter noisy data:
Round 308 train loss  -35.7775
Round 308 global test acc  55.5700 

Rounds 309 filter noisy data:
Round 309 train loss  -35.7530
Round 309 global test acc  55.4400 

Rounds 310 filter noisy data:
Round 310 train loss  -35.7702
Round 310 global test acc  56.4500 

Rounds 311 filter noisy data:
Round 311 train loss  -35.5037
Round 311 global test acc  54.9600 

Rounds 312 filter noisy data:
Round 312 train loss  -35.6155
Round 312 global test acc  53.6000 

Rounds 313 filter noisy data:
Round 313 train loss  -35.7400
Round 313 global test acc  56.0400 

Rounds 314 filter noisy data:
Round 314 train loss  -35.6263
Round 314 global test acc  49.8600 

Rounds 315 filter noisy data:
Round 315 train loss  -35.7145
Round 315 global test acc  54.8700 

Rounds 316 filter noisy data:
Round 316 train loss  -35.6858
Round 316 global test acc  52.2500 

Rounds 317 filter noisy data:
Round 317 train loss  -35.8612
Round 317 global test acc  56.7900 

Rounds 318 filter noisy data:
Round 318 train loss  -35.5012
Round 318 global test acc  54.2800 

Rounds 319 filter noisy data:
Round 319 train loss  -35.7403
Round 319 global test acc  56.7300 

Rounds 320 filter noisy data:
Round 320 train loss  -35.6488
Round 320 global test acc  54.2100 

Rounds 321 filter noisy data:
Round 321 train loss  -35.6682
Round 321 global test acc  54.8000 

Rounds 322 filter noisy data:
Round 322 train loss  -35.7188
Round 322 global test acc  55.9900 

Rounds 323 filter noisy data:
Round 323 train loss  -35.6622
Round 323 global test acc  52.7400 

Rounds 324 filter noisy data:
Round 324 train loss  -35.7076
Round 324 global test acc  55.5200 

Rounds 325 filter noisy data:
Round 325 train loss  -35.7684
Round 325 global test acc  55.9300 

Rounds 326 filter noisy data:
Round 326 train loss  -35.8669
Round 326 global test acc  56.7600 

Rounds 327 filter noisy data:
Round 327 train loss  -35.7050
Round 327 global test acc  51.6800 

Rounds 328 filter noisy data:
Round 328 train loss  -35.9182
Round 328 global test acc  57.0200 

Rounds 329 filter noisy data:
Round 329 train loss  -35.7233
Round 329 global test acc  55.6500 

Rounds 330 filter noisy data:
Round 330 train loss  -35.5400
Round 330 global test acc  53.7800 

Rounds 331 filter noisy data:
Round 331 train loss  -35.7719
Round 331 global test acc  56.5400 

Rounds 332 filter noisy data:
Round 332 train loss  -35.7219
Round 332 global test acc  55.6000 

Rounds 333 filter noisy data:
Round 333 train loss  -35.5689
Round 333 global test acc  51.0900 

Rounds 334 filter noisy data:
Round 334 train loss  -35.8743
Round 334 global test acc  56.6200 

Rounds 335 filter noisy data:
Round 335 train loss  -35.7195
Round 335 global test acc  55.0800 

Rounds 336 filter noisy data:
Round 336 train loss  -35.7856
Round 336 global test acc  55.4400 

Rounds 337 filter noisy data:
Round 337 train loss  -35.6780
Round 337 global test acc  53.3300 

Rounds 338 filter noisy data:
Round 338 train loss  -35.7824
Round 338 global test acc  55.1400 

Rounds 339 filter noisy data:
Round 339 train loss  -35.6200
Round 339 global test acc  55.1000 

Rounds 340 filter noisy data:
Round 340 train loss  -35.6460
Round 340 global test acc  53.5700 

Rounds 341 filter noisy data:
Round 341 train loss  -35.8480
Round 341 global test acc  55.6200 

Rounds 342 filter noisy data:
Round 342 train loss  -35.7104
Round 342 global test acc  52.9500 

Rounds 343 filter noisy data:
Round 343 train loss  -35.8872
Round 343 global test acc  55.8500 

Rounds 344 filter noisy data:
Round 344 train loss  -35.6552
Round 344 global test acc  51.9500 

Rounds 345 filter noisy data:
Round 345 train loss  -35.6873
Round 345 global test acc  54.2000 

Rounds 346 filter noisy data:
Round 346 train loss  -35.7489
Round 346 global test acc  53.9400 

Rounds 347 filter noisy data:
Round 347 train loss  -35.7516
Round 347 global test acc  56.8100 

Rounds 348 filter noisy data:
Round 348 train loss  -35.7553
Round 348 global test acc  55.4300 

Rounds 349 filter noisy data:
Round 349 train loss  -35.7574
Round 349 global test acc  55.2500 

Rounds 350 filter noisy data:
Round 350 train loss  -35.6244
Round 350 global test acc  53.6200 

Rounds 351 filter noisy data:
Round 351 train loss  -35.7893
Round 351 global test acc  53.3200 

Rounds 352 filter noisy data:
Round 352 train loss  -35.6794
Round 352 global test acc  52.3600 

Rounds 353 filter noisy data:
Round 353 train loss  -35.7878
Round 353 global test acc  54.9400 

Rounds 354 filter noisy data:
Round 354 train loss  -35.8115
Round 354 global test acc  55.0900 

Rounds 355 filter noisy data:
Round 355 train loss  -35.8981
Round 355 global test acc  56.1000 

Rounds 356 filter noisy data:
Round 356 train loss  -35.9130
Round 356 global test acc  56.1200 

Rounds 357 filter noisy data:
Round 357 train loss  -35.9413
Round 357 global test acc  56.5300 

Rounds 358 filter noisy data:
Round 358 train loss  -35.9057
Round 358 global test acc  56.9200 

Rounds 359 filter noisy data:
Round 359 train loss  -35.7925
Round 359 global test acc  54.0800 

Rounds 360 filter noisy data:
Round 360 train loss  -35.8474
Round 360 global test acc  55.9400 

Rounds 361 filter noisy data:
Round 361 train loss  -35.7997
Round 361 global test acc  54.6100 

Rounds 362 filter noisy data:
Round 362 train loss  -35.7571
Round 362 global test acc  55.4600 

Rounds 363 filter noisy data:
Round 363 train loss  -35.8184
Round 363 global test acc  56.6400 

Rounds 364 filter noisy data:
Round 364 train loss  -35.8358
Round 364 global test acc  55.2000 

Rounds 365 filter noisy data:
Round 365 train loss  -35.8058
Round 365 global test acc  55.7500 

Rounds 366 filter noisy data:
Round 366 train loss  -35.8260
Round 366 global test acc  54.0100 

Rounds 367 filter noisy data:
Round 367 train loss  -35.8889
Round 367 global test acc  55.7100 

Rounds 368 filter noisy data:
Round 368 train loss  -35.8282
Round 368 global test acc  53.6400 

Rounds 369 filter noisy data:
Round 369 train loss  -35.7263
Round 369 global test acc  52.8400 

Rounds 370 filter noisy data:
Round 370 train loss  -35.8883
Round 370 global test acc  55.1000 

Rounds 371 filter noisy data:
Round 371 train loss  -35.8181
Round 371 global test acc  55.7700 

Rounds 372 filter noisy data:
Round 372 train loss  -35.8538
Round 372 global test acc  56.0000 

Rounds 373 filter noisy data:
Round 373 train loss  -35.8754
Round 373 global test acc  54.8400 

Rounds 374 filter noisy data:
Round 374 train loss  -35.7009
Round 374 global test acc  52.0700 

Rounds 375 filter noisy data:
Round 375 train loss  -35.8854
Round 375 global test acc  56.7500 

Rounds 376 filter noisy data:
Round 376 train loss  -35.7473
Round 376 global test acc  51.1600 

Rounds 377 filter noisy data:
Round 377 train loss  -35.8315
Round 377 global test acc  55.1200 

Rounds 378 filter noisy data:
Round 378 train loss  -35.7685
Round 378 global test acc  53.8100 

Rounds 379 filter noisy data:
Round 379 train loss  -35.8918
Round 379 global test acc  54.9500 

Rounds 380 filter noisy data:
Round 380 train loss  -35.9235
Round 380 global test acc  55.2400 

Rounds 381 filter noisy data:
Round 381 train loss  -35.8739
Round 381 global test acc  55.2400 

Rounds 382 filter noisy data:
Round 382 train loss  -35.7719
Round 382 global test acc  53.1900 

Rounds 383 filter noisy data:
Round 383 train loss  -35.9980
Round 383 global test acc  56.2200 

Rounds 384 filter noisy data:
Round 384 train loss  -35.8746
Round 384 global test acc  55.5500 

Rounds 385 filter noisy data:
Round 385 train loss  -35.8617
Round 385 global test acc  54.1100 

Rounds 386 filter noisy data:
Round 386 train loss  -35.8045
Round 386 global test acc  52.3900 

Rounds 387 filter noisy data:
Round 387 train loss  -35.7615
Round 387 global test acc  51.5500 

Rounds 388 filter noisy data:
Round 388 train loss  -35.9432
Round 388 global test acc  55.3100 

Rounds 389 filter noisy data:
Round 389 train loss  -35.7076
Round 389 global test acc  48.9600 

Rounds 390 filter noisy data:
Round 390 train loss  -35.9596
Round 390 global test acc  55.8500 

Rounds 391 filter noisy data:
Round 391 train loss  -35.8783
Round 391 global test acc  53.9700 

Rounds 392 filter noisy data:
Round 392 train loss  -35.8158
Round 392 global test acc  54.4800 

Rounds 393 filter noisy data:
Round 393 train loss  -35.8525
Round 393 global test acc  54.9800 

Rounds 394 filter noisy data:
Round 394 train loss  -35.8727
Round 394 global test acc  54.4100 

Rounds 395 filter noisy data:
Round 395 train loss  -35.9377
Round 395 global test acc  55.7400 

Rounds 396 filter noisy data:
Round 396 train loss  -35.8706
Round 396 global test acc  53.1800 

Rounds 397 filter noisy data:
Round 397 train loss  -35.9376
Round 397 global test acc  55.3300 

Rounds 398 filter noisy data:
Round 398 train loss  -35.9012
Round 398 global test acc  55.7500 

Rounds 399 filter noisy data:
Round 399 train loss  -35.9814
Round 399 global test acc  56.2700 

Rounds 400 filter noisy data:
Round 400 train loss  -35.9274
Round 400 global test acc  56.4000 

Rounds 401 filter noisy data:
Round 401 train loss  -35.9529
Round 401 global test acc  56.2200 

Rounds 402 filter noisy data:
Round 402 train loss  -35.7753
Round 402 global test acc  51.6900 

Rounds 403 filter noisy data:
Round 403 train loss  -36.0518
Round 403 global test acc  55.6500 

Rounds 404 filter noisy data:
Round 404 train loss  -35.8512
Round 404 global test acc  54.0800 

Rounds 405 filter noisy data:
Round 405 train loss  -35.7794
Round 405 global test acc  52.4200 

Rounds 406 filter noisy data:
Round 406 train loss  -35.7963
Round 406 global test acc  52.5900 

Rounds 407 filter noisy data:
Round 407 train loss  -35.8037
Round 407 global test acc  52.5700 

Rounds 408 filter noisy data:
Round 408 train loss  -35.9817
Round 408 global test acc  54.8500 

Rounds 409 filter noisy data:
Round 409 train loss  -35.8617
Round 409 global test acc  52.1600 

Rounds 410 filter noisy data:
Round 410 train loss  -35.8510
Round 410 global test acc  53.6400 

Rounds 411 filter noisy data:
Round 411 train loss  -35.9618
Round 411 global test acc  56.3000 

Rounds 412 filter noisy data:
Round 412 train loss  -35.9364
Round 412 global test acc  54.2800 

Rounds 413 filter noisy data:
Round 413 train loss  -36.0743
Round 413 global test acc  57.0100 

Rounds 414 filter noisy data:
Round 414 train loss  -35.8754
Round 414 global test acc  55.3800 

Rounds 415 filter noisy data:
Round 415 train loss  -35.7694
Round 415 global test acc  47.7700 

Rounds 416 filter noisy data:
Round 416 train loss  -36.0149
Round 416 global test acc  55.5700 

Rounds 417 filter noisy data:
Round 417 train loss  -35.8578
Round 417 global test acc  51.3600 

Rounds 418 filter noisy data:
Round 418 train loss  -35.8192
Round 418 global test acc  52.0700 

Rounds 419 filter noisy data:
Round 419 train loss  -35.8696
Round 419 global test acc  50.5400 

Rounds 420 filter noisy data:
Round 420 train loss  -35.9084
Round 420 global test acc  53.3200 

Rounds 421 filter noisy data:
Round 421 train loss  -35.8946
Round 421 global test acc  54.9900 

Rounds 422 filter noisy data:
Round 422 train loss  -35.9714
Round 422 global test acc  54.6800 

Rounds 423 filter noisy data:
Round 423 train loss  -35.7884
Round 423 global test acc  47.9000 

Rounds 424 filter noisy data:
Round 424 train loss  -35.9077
Round 424 global test acc  50.5400 

Rounds 425 filter noisy data:
Round 425 train loss  -36.0059
Round 425 global test acc  51.6400 

Rounds 426 filter noisy data:
Round 426 train loss  -35.8710
Round 426 global test acc  53.8400 

Rounds 427 filter noisy data:
Round 427 train loss  -35.8989
Round 427 global test acc  54.1600 

Rounds 428 filter noisy data:
Round 428 train loss  -35.9539
Round 428 global test acc  51.0900 

Rounds 429 filter noisy data:
Round 429 train loss  -35.8974
Round 429 global test acc  51.7900 

Rounds 430 filter noisy data:
Round 430 train loss  -35.9806
Round 430 global test acc  54.4600 

Rounds 431 filter noisy data:
Round 431 train loss  -35.8962
Round 431 global test acc  53.1500 

Rounds 432 filter noisy data:
Round 432 train loss  -36.0924
Round 432 global test acc  56.6800 

Rounds 433 filter noisy data:
Round 433 train loss  -35.9578
Round 433 global test acc  52.6600 

Rounds 434 filter noisy data:
Round 434 train loss  -35.9502
Round 434 global test acc  52.9100 

Rounds 435 filter noisy data:
Round 435 train loss  -36.0218
Round 435 global test acc  55.3200 

Rounds 436 filter noisy data:
Round 436 train loss  -35.9085
Round 436 global test acc  51.8400 

Rounds 437 filter noisy data:
Round 437 train loss  -35.8775
Round 437 global test acc  52.4500 

Rounds 438 filter noisy data:
Round 438 train loss  -35.8836
Round 438 global test acc  51.5100 

Rounds 439 filter noisy data:
Round 439 train loss  -36.0239
Round 439 global test acc  55.9300 

Rounds 440 filter noisy data:
Round 440 train loss  -36.0136
Round 440 global test acc  54.9900 

Rounds 441 filter noisy data:
Round 441 train loss  -35.9880
Round 441 global test acc  55.2200 

Rounds 442 filter noisy data:
Round 442 train loss  -35.9423
Round 442 global test acc  55.4600 

Rounds 443 filter noisy data:
Round 443 train loss  -35.8678
Round 443 global test acc  55.6300 

Rounds 444 filter noisy data:
Round 444 train loss  -36.0336
Round 444 global test acc  55.3300 

Rounds 445 filter noisy data:
Round 445 train loss  -35.9903
Round 445 global test acc  54.1400 

Rounds 446 filter noisy data:
Round 446 train loss  -35.9772
Round 446 global test acc  53.1200 

Rounds 447 filter noisy data:
Round 447 train loss  -35.9632
Round 447 global test acc  54.7100 

Rounds 448 filter noisy data:
Round 448 train loss  -35.9664
Round 448 global test acc  54.2400 

Rounds 449 filter noisy data:
Round 449 train loss  -35.9937
Round 449 global test acc  53.6000 
Round 449 Fscore 
[0.3881355822086334, 0.9989989995956421, 0.7711288928985596, 0.7929781675338745, 0.7024902105331421, 0.9974937438964844, 0.1302027851343155, 0.4226289391517639, 0.7181164026260376, 0.47626975178718567, 0.995983898639679, 0.995983898639679, 0.9979959726333618, 0.5891696810722351, 0.9979959726333618, 0.7272727489471436, 0.998497724533081, 0.9979959726333618, 0.9989989995956421, 0.996990978717804, 0.5518831610679626, 0.9974937438964844, 0.9979959726333618, 0.6460674405097961, 0.9979959726333618, 0.9964876770973206, 0.7509434223175049, 0.6930171847343445, 0.9954797029495239, 0.502011239528656, 0.09703503549098969, 0.9964876770973206, 0.7550251483917236, 0.3291626572608948, 0.9974937438964844, 0.7467866539955139, 0.9979959726333618, 0.995983898639679, 0.0679347813129425, 0.9949748516082764, 0.9989989995956421, 0.4188576638698578, 0.7768080234527588, 0.9979959726333618, 0.9964876770973206, 0.9974937438964844, 0.9949748516082764, 0.6947791576385498, 0.3999999761581421, 0.9979959726333618]
time : 198960.70450234413
