('algorithm', 'FedProx')
('gpu', 1)
('seed', 13)
('save_dir', './record/')
('rounds2', 450)
('local_ep', 5)
('frac2', 0.2)
('num_users', 50)
('local_bs', 32)
('lr', 0.01)
('model', 'resnet34')
('num_classes', 10)
('level_n_system', 0.0)
('level_n_lowerb', 0.0)
('alpha_dirichlet', 10)
('non_iid_prob_class', 0.7)
('dataset', 'cifar100')
('iid', False)
('LID_k', 20)
('iteration1', 5)
('rounds1', 200)
('frac1', 0.01)
('pretrained', False)
('mixup', False)
('alpha', 1)
('beta', 5)
('relabel_ratio', 0.5)
('confidence_thres', 0.5)
('clean_set_thres', 0.1)
('fine_tuning', True)
('correction', True)
('T_pl', 100)
('lambda_cen', 1.0)
('lambda_e', 0.8)
('num_gradual', 10)
('forget_rate', 0.2)
('lr_decay', 0.1)
('schedule', [])
('momentum', 0.5)
('weight_decay', 0.0001)
('feature_dim', 128)
('plr', 0.01)
('lamda', 15)
('K', 5)
('gamma', 1)
('begin_sel', 10)
('max_beta', 2)
('mu', 0.01)
('device', device(type='cuda', index=1))
Files already downloaded and verified
Files already downloaded and verified
Round 0 global test acc  1.0000
Round 1 global test acc  3.6700
Round 2 global test acc  7.4500
Round 3 global test acc  12.1000
Round 4 global test acc  14.8900
Round 5 global test acc  18.7800
Round 6 global test acc  19.3200
Round 7 global test acc  20.9800
Round 8 global test acc  23.1800
Round 9 global test acc  24.0200
Round 10 global test acc  26.4700
Round 11 global test acc  28.5100
Round 12 global test acc  29.6400
Round 13 global test acc  31.6900
Round 14 global test acc  32.4400
Round 15 global test acc  32.2600
Round 16 global test acc  34.5700
Round 17 global test acc  36.0600
Round 18 global test acc  35.8500
Round 19 global test acc  37.2500
Round 20 global test acc  39.4300
Round 21 global test acc  40.7200
Round 22 global test acc  41.7700
Round 23 global test acc  42.0500
Round 24 global test acc  43.4600
Round 25 global test acc  43.2900
Round 26 global test acc  44.2800
Round 27 global test acc  45.2100
Round 28 global test acc  46.0700
Round 29 global test acc  46.1600
Round 30 global test acc  47.7600
Round 31 global test acc  47.0700
Round 32 global test acc  48.1700
Round 33 global test acc  49.3100
Round 34 global test acc  48.3800
Round 35 global test acc  49.9800
Round 36 global test acc  49.9400
Round 37 global test acc  50.7200
Round 38 global test acc  50.4000
Round 39 global test acc  49.6900
Round 40 global test acc  51.6000
Round 41 global test acc  52.2600
Round 42 global test acc  52.4500
Round 43 global test acc  52.2800
Round 44 global test acc  53.5800
Round 45 global test acc  52.2200
Round 46 global test acc  53.5000
Round 47 global test acc  54.2000
Round 48 global test acc  53.7600
Round 49 global test acc  55.1500
Round 50 global test acc  55.4400
Round 51 global test acc  55.3300
Round 52 global test acc  54.9100
Round 53 global test acc  54.4000
Round 54 global test acc  55.3600
Round 55 global test acc  56.0400
Round 56 global test acc  55.3900
Round 57 global test acc  56.2600
Round 58 global test acc  56.9400
Round 59 global test acc  56.8400
Round 60 global test acc  56.7900
Round 61 global test acc  56.6800
Round 62 global test acc  57.7600
Round 63 global test acc  58.0100
Round 64 global test acc  57.8600
Round 65 global test acc  57.6000
Round 66 global test acc  57.9600
Round 67 global test acc  57.6500
Round 68 global test acc  58.1500
Round 69 global test acc  58.4500
Round 70 global test acc  57.5900
Round 71 global test acc  58.5000
Round 72 global test acc  59.0600
Round 73 global test acc  58.9300
Round 74 global test acc  59.2600
Round 75 global test acc  59.0600
Round 76 global test acc  58.8600
Round 77 global test acc  58.8900
Round 78 global test acc  59.8000
Round 79 global test acc  60.0000
Round 80 global test acc  60.3900
Round 81 global test acc  60.0500
Round 82 global test acc  59.7000
Round 83 global test acc  59.3800
Round 84 global test acc  60.8600
Round 85 global test acc  60.4100
Round 86 global test acc  60.8600
Round 87 global test acc  61.4200
Round 88 global test acc  61.0400
Round 89 global test acc  60.7100
Round 90 global test acc  61.3200
Round 91 global test acc  61.0500
Round 92 global test acc  60.9000
Round 93 global test acc  61.0700
Round 94 global test acc  61.2200
Round 95 global test acc  61.4900
Round 96 global test acc  62.2200
Round 97 global test acc  61.3200
Round 98 global test acc  61.0100
Round 99 global test acc  61.8900
Round 100 global test acc  61.6900
Round 101 global test acc  61.7400
Round 102 global test acc  61.6700
Round 103 global test acc  62.1700
Round 104 global test acc  62.6000
Round 105 global test acc  62.7000
Round 106 global test acc  61.8700
Round 107 global test acc  62.8700
Round 108 global test acc  62.7400
Round 109 global test acc  63.2800
Round 110 global test acc  62.7700
Round 111 global test acc  63.2100
Round 112 global test acc  62.1700
Round 113 global test acc  62.3100
Round 114 global test acc  63.0500
Round 115 global test acc  63.4400
Round 116 global test acc  63.0500
Round 117 global test acc  63.4900
Round 118 global test acc  63.7200
Round 119 global test acc  63.3500
Round 120 global test acc  63.8100
Round 121 global test acc  63.6700
Round 122 global test acc  63.1700
Round 123 global test acc  64.3000
Round 124 global test acc  63.9000
Round 125 global test acc  63.7400
Round 126 global test acc  63.4300
Round 127 global test acc  63.7000
Round 128 global test acc  63.0700
Round 129 global test acc  64.1900
Round 130 global test acc  64.4700
Round 131 global test acc  64.1200
Round 132 global test acc  63.7900
Round 133 global test acc  64.3300
Round 134 global test acc  63.8300
Round 135 global test acc  64.2200
Round 136 global test acc  64.2300
Round 137 global test acc  64.0800
Round 138 global test acc  64.0800
Round 139 global test acc  64.6800
Round 140 global test acc  64.9100
Round 141 global test acc  64.4600
Round 142 global test acc  64.5700
Round 143 global test acc  64.0000
Round 144 global test acc  64.9200
Round 145 global test acc  64.9600
Round 146 global test acc  64.3400
Round 147 global test acc  64.3800
Round 148 global test acc  64.6900
Round 149 global test acc  64.4500
Round 150 global test acc  65.2100
Round 151 global test acc  64.4300
Round 152 global test acc  64.5600
Round 153 global test acc  64.7000
Round 154 global test acc  64.4800
Round 155 global test acc  64.4400
Round 156 global test acc  64.5500
Round 157 global test acc  64.6900
Round 158 global test acc  64.8200
Round 159 global test acc  65.2200
Round 160 global test acc  65.3700
Round 161 global test acc  65.1300
Round 162 global test acc  65.5400
Round 163 global test acc  64.9200
Round 164 global test acc  65.2500
Round 165 global test acc  65.9800
Round 166 global test acc  65.4300
Round 167 global test acc  65.4800
Round 168 global test acc  65.5000
Round 169 global test acc  65.5600
Round 170 global test acc  65.3700
Round 171 global test acc  65.4700
Round 172 global test acc  65.2300
Round 173 global test acc  66.1100
Round 174 global test acc  65.8300
Round 175 global test acc  66.1200
Round 176 global test acc  65.6900
Round 177 global test acc  65.8100
Round 178 global test acc  66.2100
Round 179 global test acc  66.3200
Round 180 global test acc  65.9800
Round 181 global test acc  65.8300
Round 182 global test acc  66.2400
Round 183 global test acc  66.2200
Round 184 global test acc  66.0200
Round 185 global test acc  66.4500
Round 186 global test acc  65.7700
Round 187 global test acc  66.5000
Round 188 global test acc  66.0900
Round 189 global test acc  66.5300
Round 190 global test acc  65.6800
Round 191 global test acc  66.5400
Round 192 global test acc  66.7600
Round 193 global test acc  66.0100
Round 194 global test acc  66.1500
Round 195 global test acc  66.1000
Round 196 global test acc  66.3400
Round 197 global test acc  66.2200
Round 198 global test acc  66.5800
Round 199 global test acc  65.9600
Round 200 global test acc  66.4300
Round 201 global test acc  66.0700
Round 202 global test acc  66.6700
Round 203 global test acc  66.8800
Round 204 global test acc  66.4200
Round 205 global test acc  66.6100
Round 206 global test acc  66.3200
Round 207 global test acc  66.5700
Round 208 global test acc  66.3300
Round 209 global test acc  66.4000
Round 210 global test acc  66.2500
Round 211 global test acc  66.8500
Round 212 global test acc  66.5300
Round 213 global test acc  66.7700
Round 214 global test acc  65.4300
Round 215 global test acc  66.3800
Round 216 global test acc  66.6400
Round 217 global test acc  67.1500
Round 218 global test acc  66.3900
Round 219 global test acc  66.8600
Round 220 global test acc  66.2600
Round 221 global test acc  67.2900
Round 222 global test acc  66.9500
Round 223 global test acc  66.8900
Round 224 global test acc  67.2700
Round 225 global test acc  66.9100
Round 226 global test acc  67.7800
Round 227 global test acc  67.4000
Round 228 global test acc  67.0100
Round 229 global test acc  66.8100
Round 230 global test acc  66.7000
Round 231 global test acc  66.8200
Round 232 global test acc  67.0500
Round 233 global test acc  67.4400
Round 234 global test acc  67.0600
Round 235 global test acc  66.9800
Round 236 global test acc  66.3300
Round 237 global test acc  67.6700
Round 238 global test acc  67.2400
Round 239 global test acc  67.5700
Round 240 global test acc  67.4100
Round 241 global test acc  67.5700
Round 242 global test acc  67.1400
Round 243 global test acc  66.9100
Round 244 global test acc  67.8700
Round 245 global test acc  67.7400
Round 246 global test acc  66.9800
Round 247 global test acc  67.9800
Round 248 global test acc  67.9800
Round 249 global test acc  67.8700
Round 250 global test acc  67.3600
Round 251 global test acc  67.7300
Round 252 global test acc  67.6100
Round 253 global test acc  67.1300
Round 254 global test acc  67.7800
Round 255 global test acc  66.9500
Round 256 global test acc  67.5400
Round 257 global test acc  67.3600
Round 258 global test acc  68.0100
Round 259 global test acc  68.2700
Round 260 global test acc  68.2300
Round 261 global test acc  68.0900
Round 262 global test acc  67.6300
Round 263 global test acc  67.4200
Round 264 global test acc  67.9800
Round 265 global test acc  67.7100
Round 266 global test acc  68.1300
Round 267 global test acc  68.0200
Round 268 global test acc  67.6000
Round 269 global test acc  68.1300
Round 270 global test acc  67.8000
Round 271 global test acc  67.2000
Round 272 global test acc  67.9300
Round 273 global test acc  67.6800
Round 274 global test acc  67.2700
Round 275 global test acc  67.2000
Round 276 global test acc  67.6100
Round 277 global test acc  68.4900
Round 278 global test acc  67.9200
Round 279 global test acc  67.8700
Round 280 global test acc  68.1900
Round 281 global test acc  68.7900
Round 282 global test acc  68.1100
Round 283 global test acc  67.5900
Round 284 global test acc  68.1300
Round 285 global test acc  68.3100
Round 286 global test acc  68.0800
Round 287 global test acc  68.3000
Round 288 global test acc  68.0500
Round 289 global test acc  68.5700
Round 290 global test acc  67.7100
Round 291 global test acc  68.6000
Round 292 global test acc  67.9800
Round 293 global test acc  68.2100
Round 294 global test acc  68.4700
Round 295 global test acc  68.6000
Round 296 global test acc  67.5500
Round 297 global test acc  67.9500
Round 298 global test acc  68.1100
Round 299 global test acc  68.3900
Round 300 global test acc  68.0300
Round 301 global test acc  68.4900
Round 302 global test acc  68.0500
Round 303 global test acc  68.0600
Round 304 global test acc  68.7300
Round 305 global test acc  67.9600
Round 306 global test acc  68.4500
Round 307 global test acc  68.8900
Round 308 global test acc  68.9200
Round 309 global test acc  68.8100
Round 310 global test acc  68.4700
Round 311 global test acc  68.7000
Round 312 global test acc  68.5900
Round 313 global test acc  68.9700
Round 314 global test acc  68.3100
Round 315 global test acc  67.9200
Round 316 global test acc  68.5900
Round 317 global test acc  68.5400
Round 318 global test acc  68.2000
Round 319 global test acc  68.2100
Round 320 global test acc  69.0500
Round 321 global test acc  69.0600
Round 322 global test acc  68.7100
Round 323 global test acc  69.1100
Round 324 global test acc  68.8800
Round 325 global test acc  69.2200
Round 326 global test acc  69.2700
Round 327 global test acc  68.8700
Round 328 global test acc  68.9200
Round 329 global test acc  68.9900
Round 330 global test acc  68.5300
Round 331 global test acc  69.0300
Round 332 global test acc  68.9100
Round 333 global test acc  69.2700
Round 334 global test acc  68.2900
Round 335 global test acc  69.0300
Round 336 global test acc  69.3300
Round 337 global test acc  69.1200
Round 338 global test acc  69.0100
Round 339 global test acc  69.3700
Round 340 global test acc  69.4100
Round 341 global test acc  69.1200
Round 342 global test acc  69.2100
Round 343 global test acc  68.7600
Round 344 global test acc  68.8100
Round 345 global test acc  68.9800
Round 346 global test acc  68.1300
Round 347 global test acc  69.4600
Round 348 global test acc  68.7800
Round 349 global test acc  69.1400
Round 350 global test acc  69.1900
Round 351 global test acc  69.0200
Round 352 global test acc  69.4600
Round 353 global test acc  69.3500
Round 354 global test acc  69.5200
Round 355 global test acc  69.3100
Round 356 global test acc  69.4500
Round 357 global test acc  69.0900
Round 358 global test acc  69.2600
Round 359 global test acc  69.1300
Round 360 global test acc  69.2900
Round 361 global test acc  69.4900
Round 362 global test acc  69.0800
Round 363 global test acc  68.6300
Round 364 global test acc  68.6800
Round 365 global test acc  68.9600
Round 366 global test acc  68.8100
Round 367 global test acc  69.1700
Round 368 global test acc  69.3800
Round 369 global test acc  69.3300
Round 370 global test acc  69.0200
Round 371 global test acc  69.4600
Round 372 global test acc  69.4800
Round 373 global test acc  69.1700
Round 374 global test acc  68.7300
Round 375 global test acc  68.6100
Round 376 global test acc  69.2900
Round 377 global test acc  69.1100
Round 378 global test acc  69.0800
Round 379 global test acc  69.6500
Round 380 global test acc  69.1500
Round 381 global test acc  69.6800
Round 382 global test acc  69.5900
Round 383 global test acc  69.5200
Round 384 global test acc  68.9700
Round 385 global test acc  69.5000
Round 386 global test acc  69.2600
Round 387 global test acc  69.4300
Round 388 global test acc  69.4400
Round 389 global test acc  69.5100
Round 390 global test acc  69.6700
Round 391 global test acc  69.3000
Round 392 global test acc  69.4900
Round 393 global test acc  70.0100
Round 394 global test acc  69.5900
Round 395 global test acc  69.3400
Round 396 global test acc  69.5500
Round 397 global test acc  69.6900
Round 398 global test acc  69.7500
Round 399 global test acc  69.6700
Round 400 global test acc  69.1700
Round 401 global test acc  69.1300
Round 402 global test acc  69.7600
Round 403 global test acc  69.7300
Round 404 global test acc  69.8000
Round 405 global test acc  69.3400
Round 406 global test acc  69.6600
Round 407 global test acc  69.3100
Round 408 global test acc  68.9500
Round 409 global test acc  69.1800
Round 410 global test acc  69.2600
Round 411 global test acc  69.9700
Round 412 global test acc  69.6500
Round 413 global test acc  69.3900
Round 414 global test acc  69.3500
Round 415 global test acc  69.5100
Round 416 global test acc  69.1200
Round 417 global test acc  69.4000
Round 418 global test acc  69.2400
Round 419 global test acc  70.0000
Round 420 global test acc  70.0900
Round 421 global test acc  69.7300
Round 422 global test acc  69.2400
Round 423 global test acc  69.7400
Round 424 global test acc  69.2900
Round 425 global test acc  70.4800
Round 426 global test acc  68.8600
Round 427 global test acc  69.8100
Round 428 global test acc  69.9500
Round 429 global test acc  70.1300
Round 430 global test acc  70.0200
Round 431 global test acc  69.6100
Round 432 global test acc  69.9500
Round 433 global test acc  70.0700
Round 434 global test acc  69.6000
Round 435 global test acc  69.9600
Round 436 global test acc  70.0700
Round 437 global test acc  70.3400
Round 438 global test acc  70.1000
Round 439 global test acc  70.6600
Round 440 global test acc  69.9400
Round 441 global test acc  69.6700
Round 442 global test acc  69.3100
Round 443 global test acc  68.8500
Round 444 global test acc  69.7400
Round 445 global test acc  69.3900
Round 446 global test acc  69.6000
Round 447 global test acc  70.2900
Round 448 global test acc  69.9400
Round 449 global test acc  69.9300
time : 43056.22179412842
   
max_beta = 1.0
('algorithm', 'FedProx')
('gpu', 1)
('seed', 13)
('save_dir', './record/')
('rounds2', 450)
('local_ep', 5)
('frac2', 0.2)
('num_users', 50)
('local_bs', 32)
('lr', 0.01)
('model', 'resnet34')
('num_classes', 10)
('level_n_system', 0.0)
('level_n_lowerb', 0.0)
('alpha_dirichlet', 10)
('non_iid_prob_class', 0.7)
('dataset', 'cifar100')
('iid', False)
('LID_k', 20)
('iteration1', 5)
('rounds1', 200)
('frac1', 0.001)
('pretrained', False)
('mixup', False)
('alpha', 1)
('beta', 5)
('relabel_ratio', 0.5)
('confidence_thres', 0.5)
('clean_set_thres', 0.1)
('fine_tuning', True)
('correction', True)
('T_pl', 100)
('lambda_cen', 1.0)
('lambda_e', 0.8)
('num_gradual', 10)
('forget_rate', 0.2)
('lr_decay', 0.1)
('schedule', [])
('momentum', 0.5)
('weight_decay', 0.0001)
('feature_dim', 128)
('plr', 0.01)
('lamda', 15)
('K', 5)
('gamma', 1)
('begin_sel', 10)
('max_beta', 1.0)
('with_correction', False)
('without_CR', False)
('without_alternative_update', False)
('without_regularization_term', False)
('mu', 0.01)
('device', device(type='cuda', index=1))
Files already downloaded and verified
Files already downloaded and verified
Round 0 global test acc  1.0100
Round 1 global test acc  3.6800
Round 2 global test acc  7.7600
Round 3 global test acc  12.0000
Round 4 global test acc  15.2700
Round 5 global test acc  18.5200
Round 6 global test acc  18.7800
Round 7 global test acc  21.1800
Round 8 global test acc  23.5800
Round 9 global test acc  24.3100
Round 10 global test acc  26.5900
Round 11 global test acc  28.3700
Round 12 global test acc  29.4000
Round 13 global test acc  31.3800
Round 14 global test acc  32.6700
Round 15 global test acc  32.4600
Round 16 global test acc  34.4900
Round 17 global test acc  35.5400
Round 18 global test acc  36.1400
Round 19 global test acc  37.3500
Round 20 global test acc  39.6200
Round 21 global test acc  39.5100
Round 22 global test acc  41.5100
Round 23 global test acc  42.4700
Round 24 global test acc  42.7800
Round 25 global test acc  43.4900
Round 26 global test acc  43.5600
Round 27 global test acc  44.7500
Round 28 global test acc  45.6500
Round 29 global test acc  46.4800
Round 30 global test acc  47.2000
Round 31 global test acc  47.1500
Round 32 global test acc  47.1400
Round 33 global test acc  48.6100
Round 34 global test acc  48.1100
Round 35 global test acc  49.1800
Round 36 global test acc  49.6700
Round 37 global test acc  50.3900
Round 38 global test acc  50.2900
Round 39 global test acc  49.6400
Round 40 global test acc  51.2200
Round 41 global test acc  51.9200
Round 42 global test acc  51.8600
Round 43 global test acc  52.4100
Round 44 global test acc  52.6600
Round 45 global test acc  52.0500
Round 46 global test acc  53.0400
Round 47 global test acc  53.8000
Round 48 global test acc  53.2600
Round 49 global test acc  54.4500
Round 50 global test acc  55.0400
Round 51 global test acc  55.0700
Round 52 global test acc  55.3100
Round 53 global test acc  54.4200
Round 54 global test acc  54.8700
Round 55 global test acc  55.4500
Round 56 global test acc  55.2100
Round 57 global test acc  55.8000
Round 58 global test acc  56.3400
Round 59 global test acc  56.2600
Round 60 global test acc  56.7900
Round 61 global test acc  56.9200
Round 62 global test acc  57.2700
Round 63 global test acc  56.9000
Round 64 global test acc  57.3900
Round 65 global test acc  57.3700
Round 66 global test acc  57.8500
Round 67 global test acc  57.3700
Round 68 global test acc  57.0300
Round 69 global test acc  58.0700
Round 70 global test acc  57.5800
Round 71 global test acc  58.1600
Round 72 global test acc  58.7600
Round 73 global test acc  58.5300
Round 74 global test acc  59.1800
Round 75 global test acc  58.9400
Round 76 global test acc  59.1200
Round 77 global test acc  58.7400
Round 78 global test acc  59.5900
Round 79 global test acc  59.3800
Round 80 global test acc  59.4000
Round 81 global test acc  59.5700
Round 82 global test acc  59.8100
Round 83 global test acc  59.6400
Round 84 global test acc  60.3600
Round 85 global test acc  60.3800
Round 86 global test acc  60.6200
Round 87 global test acc  61.1400
Round 88 global test acc  60.8100
Round 89 global test acc  60.6600
Round 90 global test acc  61.7000
Round 91 global test acc  61.2300
Round 92 global test acc  61.3400
Round 93 global test acc  60.8100
Round 94 global test acc  60.8500
Round 95 global test acc  61.3800
Round 96 global test acc  61.6600
Round 97 global test acc  60.7800
Round 98 global test acc  61.4700
Round 99 global test acc  61.4500
Round 100 global test acc  61.4000
Round 101 global test acc  61.3700
Round 102 global test acc  60.7800
Round 103 global test acc  61.9300
Round 104 global test acc  62.4000
Round 105 global test acc  62.6900
Round 106 global test acc  61.5800
Round 107 global test acc  62.8700
Round 108 global test acc  62.2400
Round 109 global test acc  62.5200
Round 110 global test acc  62.6800
Round 111 global test acc  62.6700
Round 112 global test acc  62.3400
Round 113 global test acc  62.5900
Round 114 global test acc  63.2000
Round 115 global test acc  63.1800
Round 116 global test acc  62.9500
Round 117 global test acc  63.3600
Round 118 global test acc  63.2800
Round 119 global test acc  63.1500
Round 120 global test acc  63.2900
Round 121 global test acc  64.0100
Round 122 global test acc  63.7200
Round 123 global test acc  64.3200
Round 124 global test acc  63.6800
Round 125 global test acc  63.6000
Round 126 global test acc  63.6000
Round 127 global test acc  64.0800
Round 128 global test acc  63.4600
Round 129 global test acc  64.0600
Round 130 global test acc  64.2100
Round 131 global test acc  64.0200
Round 132 global test acc  63.8100
Round 133 global test acc  63.8400
Round 134 global test acc  64.2700
Round 135 global test acc  64.2800
Round 136 global test acc  63.9600
Round 137 global test acc  63.9400
Round 138 global test acc  64.2900
Round 139 global test acc  64.2900
Round 140 global test acc  64.6600
Round 141 global test acc  64.1400
Round 142 global test acc  64.2200
Round 143 global test acc  64.3600
Round 144 global test acc  64.7300
Round 145 global test acc  64.6500
Round 146 global test acc  64.0900
Round 147 global test acc  64.2600
Round 148 global test acc  64.7500
Round 149 global test acc  64.7000
Round 150 global test acc  65.0000
Round 151 global test acc  64.1700
Round 152 global test acc  64.8900
Round 153 global test acc  64.7800
Round 154 global test acc  64.8800
Round 155 global test acc  64.5000
Round 156 global test acc  64.8300
Round 157 global test acc  63.8400
Round 158 global test acc  64.9800
Round 159 global test acc  65.3000
Round 160 global test acc  65.5400
Round 161 global test acc  65.1600
Round 162 global test acc  65.3900
Round 163 global test acc  65.5100
Round 164 global test acc  65.3600
Round 165 global test acc  65.8200
Round 166 global test acc  65.5900
Round 167 global test acc  65.5200
Round 168 global test acc  65.4400
Round 169 global test acc  65.4800
Round 170 global test acc  65.2700
Round 171 global test acc  65.5000
Round 172 global test acc  65.7100
Round 173 global test acc  65.9800
Round 174 global test acc  65.5300
Round 175 global test acc  65.6800
Round 176 global test acc  65.7500
Round 177 global test acc  66.0400
Round 178 global test acc  65.6700
Round 179 global test acc  66.3600
Round 180 global test acc  66.2100
Round 181 global test acc  65.7100
Round 182 global test acc  66.3500
Round 183 global test acc  66.3200
Round 184 global test acc  66.4400
Round 185 global test acc  65.9500
Round 186 global test acc  66.1700
Round 187 global test acc  66.4500
Round 188 global test acc  65.9700
Round 189 global test acc  66.4100
Round 190 global test acc  65.6800
Round 191 global test acc  66.4500
Round 192 global test acc  66.6700
Round 193 global test acc  66.0300
Round 194 global test acc  66.4200
Round 195 global test acc  66.2500
Round 196 global test acc  66.4000
Round 197 global test acc  66.7300
Round 198 global test acc  66.7000
Round 199 global test acc  66.0300
Round 200 global test acc  66.7700
Round 201 global test acc  66.4000
Round 202 global test acc  66.9200
Round 203 global test acc  66.7300
Round 204 global test acc  66.9300
Round 205 global test acc  67.0300
Round 206 global test acc  66.4500
Round 207 global test acc  66.8200
Round 208 global test acc  66.8400
Round 209 global test acc  66.8100
Round 210 global test acc  66.3700
Round 211 global test acc  66.4500
Round 212 global test acc  66.9100
Round 213 global test acc  66.6600
Round 214 global test acc  66.4000
Round 215 global test acc  66.7600
Round 216 global test acc  67.1200
Round 217 global test acc  66.9700
Round 218 global test acc  66.1600
Round 219 global test acc  66.8400
Round 220 global test acc  66.3500
Round 221 global test acc  67.2600
Round 222 global test acc  67.0200
Round 223 global test acc  66.5000
Round 224 global test acc  66.9600
Round 225 global test acc  66.8800
Round 226 global test acc  67.6900
Round 227 global test acc  67.3400
Round 228 global test acc  66.6900
Round 229 global test acc  66.6300
Round 230 global test acc  67.0900
Round 231 global test acc  67.2700
Round 232 global test acc  67.2600
Round 233 global test acc  67.4100
Round 234 global test acc  66.9300
Round 235 global test acc  66.6900
Round 236 global test acc  66.4800
Round 237 global test acc  67.2900
Round 238 global test acc  67.6400
Round 239 global test acc  67.6400
Round 240 global test acc  67.6000
Round 241 global test acc  67.9200
Round 242 global test acc  67.2000
Round 243 global test acc  67.3100
Round 244 global test acc  67.8500
Round 245 global test acc  67.5700
Round 246 global test acc  67.1900
Round 247 global test acc  68.2900
Round 248 global test acc  67.9500
Round 249 global test acc  67.6700
Round 250 global test acc  67.8700
Round 251 global test acc  67.0700
Round 252 global test acc  67.4700
Round 253 global test acc  66.7700
Round 254 global test acc  67.6500
Round 255 global test acc  66.2100
Round 256 global test acc  68.3100
Round 257 global test acc  67.2400
Round 258 global test acc  68.2000
Round 259 global test acc  67.8200
Round 260 global test acc  67.9300
Round 261 global test acc  67.4100
Round 262 global test acc  67.4600
Round 263 global test acc  67.5400
Round 264 global test acc  67.9700
Round 265 global test acc  67.2500
Round 266 global test acc  68.6000
Round 267 global test acc  67.8100
Round 268 global test acc  68.0000
Round 269 global test acc  68.0100
Round 270 global test acc  67.4900
Round 271 global test acc  67.6500
Round 272 global test acc  67.7200
Round 273 global test acc  67.2700
Round 274 global test acc  67.8100
Round 275 global test acc  67.7800
Round 276 global test acc  67.9000
Round 277 global test acc  68.3700
Round 278 global test acc  67.8200
Round 279 global test acc  68.1400
Round 280 global test acc  68.0300
Round 281 global test acc  68.5600
Round 282 global test acc  68.0900
Round 283 global test acc  67.9000
Round 284 global test acc  67.9900
Round 285 global test acc  68.6300
Round 286 global test acc  67.8200
Round 287 global test acc  68.4300
Round 288 global test acc  68.0500
Round 289 global test acc  67.9300
Round 290 global test acc  68.2300
Round 291 global test acc  68.3600
Round 292 global test acc  68.3500
Round 293 global test acc  68.1300
Round 294 global test acc  68.4400
Round 295 global test acc  68.5800
Round 296 global test acc  68.2500
Round 297 global test acc  68.3000
Round 298 global test acc  68.1100
Round 299 global test acc  68.1100
Round 300 global test acc  68.3900
Round 301 global test acc  68.4600
Round 302 global test acc  68.0500
Round 303 global test acc  68.3200
Round 304 global test acc  68.5900
Round 305 global test acc  68.4200
Round 306 global test acc  68.2300
Round 307 global test acc  69.2000
Round 308 global test acc  68.8100
Round 309 global test acc  68.4700
Round 310 global test acc  68.0700
Round 311 global test acc  68.3600
Round 312 global test acc  68.0300
Round 313 global test acc  68.5700
Round 314 global test acc  67.9900
Round 315 global test acc  68.0800
Round 316 global test acc  68.5600
Round 317 global test acc  68.6300
Round 318 global test acc  68.6800
Round 319 global test acc  68.5100
Round 320 global test acc  68.6300
Round 321 global test acc  68.4700
Round 322 global test acc  68.4100
Round 323 global test acc  68.8300
Round 324 global test acc  68.6400
Round 325 global test acc  69.0000
Round 326 global test acc  68.8200
Round 327 global test acc  68.6200
Round 328 global test acc  68.7200
Round 329 global test acc  68.0200
Round 330 global test acc  68.7000
Round 331 global test acc  68.4700
Round 332 global test acc  68.8600
Round 333 global test acc  69.3600
Round 334 global test acc  67.2300
Round 335 global test acc  68.4800
Round 336 global test acc  69.0100
Round 337 global test acc  68.7900
Round 338 global test acc  68.9000
Round 339 global test acc  68.7700
Round 340 global test acc  68.7000
Round 341 global test acc  68.9700
Round 342 global test acc  68.5100
Round 343 global test acc  68.5800
Round 344 global test acc  68.9700
Round 345 global test acc  69.2500
Round 346 global test acc  68.5600
Round 347 global test acc  68.9000
Round 348 global test acc  69.0400
Round 349 global test acc  69.0000
Round 350 global test acc  69.0900
Round 351 global test acc  69.2700
Round 352 global test acc  69.1000
Round 353 global test acc  68.7500
Round 354 global test acc  68.7000
Round 355 global test acc  68.6800
Round 356 global test acc  68.9500
Round 357 global test acc  68.9700
Round 358 global test acc  68.9600
Round 359 global test acc  69.0100
Round 360 global test acc  69.7300
Round 361 global test acc  69.4000
Round 362 global test acc  68.9800
Round 363 global test acc  69.1500
Round 364 global test acc  68.7400
Round 365 global test acc  69.1000
Round 366 global test acc  69.4800
Round 367 global test acc  68.7700
Round 368 global test acc  69.3300
Round 369 global test acc  68.9600
Round 370 global test acc  68.9700
Round 371 global test acc  69.2200
Round 372 global test acc  69.5200
Round 373 global test acc  69.2300
Round 374 global test acc  68.9700
Round 375 global test acc  68.9900
Round 376 global test acc  69.1800
Round 377 global test acc  69.5100
Round 378 global test acc  68.7900
Round 379 global test acc  68.5900
Round 380 global test acc  69.4100
Round 381 global test acc  69.4400
Round 382 global test acc  69.2900
Round 383 global test acc  69.9100
Round 384 global test acc  69.1200
Round 385 global test acc  69.1500
Round 386 global test acc  69.4000
Round 387 global test acc  69.8100
Round 388 global test acc  69.6100
Round 389 global test acc  69.4500
Round 390 global test acc  69.4400
Round 391 global test acc  68.9200
Round 392 global test acc  69.3600
Round 393 global test acc  69.1000
Round 394 global test acc  69.2600
Round 395 global test acc  69.3900
Round 396 global test acc  69.3400
Round 397 global test acc  69.4400
Round 398 global test acc  69.0300
Round 399 global test acc  69.7100
Round 400 global test acc  68.9600
Round 401 global test acc  68.6600
Round 402 global test acc  69.5200
Round 403 global test acc  69.8600
Round 404 global test acc  69.8300
Round 405 global test acc  69.3400
Round 406 global test acc  69.7500
Round 407 global test acc  69.2100
Round 408 global test acc  69.1900
Round 409 global test acc  69.5200
Round 410 global test acc  69.2800
Round 411 global test acc  69.6600
Round 412 global test acc  69.8400
Round 413 global test acc  69.2800
Round 414 global test acc  69.9900
Round 415 global test acc  69.9200
Round 416 global test acc  69.7000
Round 417 global test acc  69.2100
Round 418 global test acc  69.3700
Round 419 global test acc  70.0200
Round 420 global test acc  69.3100
Round 421 global test acc  69.8800
Round 422 global test acc  69.3300
Round 423 global test acc  69.2600
Round 424 global test acc  69.0000
Round 425 global test acc  70.0000
Round 426 global test acc  69.7200
Round 427 global test acc  68.5200
Round 428 global test acc  69.8100
Round 429 global test acc  68.9800
Round 430 global test acc  69.8700
Round 431 global test acc  69.5200
Round 432 global test acc  69.0700
Round 433 global test acc  69.4400
Round 434 global test acc  69.7200
Round 435 global test acc  69.2700
Round 436 global test acc  69.8500
Round 437 global test acc  69.9900
Round 438 global test acc  69.7600
Round 439 global test acc  70.1900
Round 440 global test acc  69.6500
Round 441 global test acc  69.7000
Round 442 global test acc  69.2200
Round 443 global test acc  68.7100
Round 444 global test acc  70.0500
Round 445 global test acc  69.8200
Round 446 global test acc  69.2300
Round 447 global test acc  70.0400
Round 448 global test acc  69.5100
Round 449 global test acc  69.9600
time : 33577.48356294632
