('algorithm', 'RFL')
('gpu', 0)
('seed', 13)
('save_dir', './record/')
('rounds2', 200)
('local_ep', 5)
('frac2', 0.1)
('num_users', 100)
('local_bs', 32)
('lr', 0.1)
('model', 'lenet')
('num_classes', 10)
('level_n_system', 1.0)
('level_n_lowerb', 0.5)
('alpha_dirichlet', 10)
('non_iid_prob_class', 0.3)
('dataset', 'mnist')
('iid', False)
('LID_k', 20)
('iteration1', 5)
('rounds1', 200)
('frac1', 0.01)
('pretrained', False)
('mixup', False)
('alpha', 1)
('beta', 5)
('relabel_ratio', 0.5)
('confidence_thres', 0.5)
('clean_set_thres', 0.1)
('fine_tuning', True)
('correction', True)
('T_pl', 100)
('lambda_cen', 1.0)
('lambda_e', 0.8)
('num_gradual', 10)
('forget_rate', 0.2)
('lr_decay', 0.1)
('schedule', [])
('momentum', 0.5)
('weight_decay', 0.0001)
('feature_dim', 128)
('plr', 0.05)
('lamda', 15)
('K', 5)
('gamma', 1)
('begin_sel', 10)
('max_beta', 2)
('mu', 0.01)
('device', device(type='cuda', index=0))
Client 0, noise level: 0.8484 (0.7635), real noise ratio: 0.7418
Client 1, noise level: 0.9815 (0.8834), real noise ratio: 0.8855
Client 2, noise level: 0.6389 (0.5750), real noise ratio: 0.5508
Client 3, noise level: 0.6168 (0.5551), real noise ratio: 0.5359
Client 4, noise level: 0.9228 (0.8306), real noise ratio: 0.7772
Client 5, noise level: 0.6121 (0.5509), real noise ratio: 0.5269
Client 6, noise level: 0.8445 (0.7600), real noise ratio: 0.7630
Client 7, noise level: 0.5767 (0.5191), real noise ratio: 0.5274
Client 8, noise level: 0.6018 (0.5416), real noise ratio: 0.5386
Client 9, noise level: 0.5338 (0.4804), real noise ratio: 0.4692
Client 10, noise level: 0.8747 (0.7873), real noise ratio: 0.8126
Client 11, noise level: 0.5900 (0.5310), real noise ratio: 0.5260
Client 12, noise level: 0.5621 (0.5059), real noise ratio: 0.5234
Client 13, noise level: 0.6124 (0.5512), real noise ratio: 0.5431
Client 14, noise level: 0.6397 (0.5758), real noise ratio: 0.5783
Client 15, noise level: 0.5169 (0.4652), real noise ratio: 0.4635
Client 16, noise level: 0.6272 (0.5645), real noise ratio: 0.5728
Client 17, noise level: 0.8344 (0.7510), real noise ratio: 0.7295
Client 18, noise level: 0.8800 (0.7920), real noise ratio: 0.7716
Client 19, noise level: 0.6130 (0.5517), real noise ratio: 0.5278
Client 20, noise level: 0.8059 (0.7253), real noise ratio: 0.7195
Client 21, noise level: 0.9561 (0.8605), real noise ratio: 0.8505
Client 22, noise level: 0.7708 (0.6937), real noise ratio: 0.7044
Client 23, noise level: 0.6870 (0.6183), real noise ratio: 0.6006
Client 24, noise level: 0.5066 (0.4559), real noise ratio: 0.4477
Client 25, noise level: 0.9147 (0.8232), real noise ratio: 0.8286
Client 26, noise level: 0.9083 (0.8175), real noise ratio: 0.7948
Client 27, noise level: 0.5399 (0.4859), real noise ratio: 0.4991
Client 28, noise level: 0.5858 (0.5273), real noise ratio: 0.5271
Client 29, noise level: 0.9191 (0.8272), real noise ratio: 0.8568
Client 30, noise level: 0.7821 (0.7039), real noise ratio: 0.7528
Client 31, noise level: 0.6749 (0.6074), real noise ratio: 0.6173
Client 32, noise level: 0.5725 (0.5153), real noise ratio: 0.5074
Client 33, noise level: 0.5493 (0.4943), real noise ratio: 0.5449
Client 34, noise level: 0.7801 (0.7021), real noise ratio: 0.6743
Client 35, noise level: 0.8550 (0.7695), real noise ratio: 0.7722
Client 36, noise level: 0.9754 (0.8779), real noise ratio: 0.9137
Client 37, noise level: 0.8740 (0.7866), real noise ratio: 0.8110
Client 38, noise level: 0.6861 (0.6175), real noise ratio: 0.6223
Client 39, noise level: 0.8792 (0.7913), real noise ratio: 0.7892
Client 40, noise level: 0.5355 (0.4820), real noise ratio: 0.4996
Client 41, noise level: 0.8109 (0.7298), real noise ratio: 0.7335
Client 42, noise level: 0.8604 (0.7743), real noise ratio: 0.7683
Client 43, noise level: 0.5209 (0.4688), real noise ratio: 0.4669
Client 44, noise level: 0.6976 (0.6279), real noise ratio: 0.6361
Client 45, noise level: 0.5807 (0.5226), real noise ratio: 0.5120
Client 46, noise level: 0.6380 (0.5742), real noise ratio: 0.5463
Client 47, noise level: 0.6133 (0.5519), real noise ratio: 0.5664
Client 48, noise level: 0.6523 (0.5871), real noise ratio: 0.5806
Client 49, noise level: 0.5681 (0.5113), real noise ratio: 0.4927
Client 50, noise level: 0.8471 (0.7624), real noise ratio: 0.7179
Client 51, noise level: 0.5264 (0.4738), real noise ratio: 0.4771
Client 52, noise level: 0.7907 (0.7116), real noise ratio: 0.7267
Client 53, noise level: 0.5899 (0.5309), real noise ratio: 0.5255
Client 54, noise level: 0.7533 (0.6780), real noise ratio: 0.6541
Client 55, noise level: 0.6408 (0.5767), real noise ratio: 0.5953
Client 56, noise level: 0.6850 (0.6165), real noise ratio: 0.6143
Client 57, noise level: 0.7523 (0.6770), real noise ratio: 0.6733
Client 58, noise level: 0.5612 (0.5050), real noise ratio: 0.5000
Client 59, noise level: 0.5653 (0.5088), real noise ratio: 0.5139
Client 60, noise level: 0.9222 (0.8300), real noise ratio: 0.8430
Client 61, noise level: 0.6961 (0.6265), real noise ratio: 0.6483
Client 62, noise level: 0.5848 (0.5263), real noise ratio: 0.5381
Client 63, noise level: 0.9006 (0.8105), real noise ratio: 0.7879
Client 64, noise level: 0.9551 (0.8596), real noise ratio: 0.8093
Client 65, noise level: 0.9148 (0.8233), real noise ratio: 0.8143
Client 66, noise level: 0.8570 (0.7713), real noise ratio: 0.7758
Client 67, noise level: 0.5497 (0.4947), real noise ratio: 0.4843
Client 68, noise level: 0.9567 (0.8610), real noise ratio: 0.8645
Client 69, noise level: 0.7890 (0.7101), real noise ratio: 0.7081
Client 70, noise level: 0.9501 (0.8551), real noise ratio: 0.8381
Client 71, noise level: 0.7818 (0.7036), real noise ratio: 0.6819
Client 72, noise level: 0.5049 (0.4544), real noise ratio: 0.5026
Client 73, noise level: 0.9971 (0.8974), real noise ratio: 0.8798
Client 74, noise level: 0.5662 (0.5096), real noise ratio: 0.5016
Client 75, noise level: 0.8463 (0.7617), real noise ratio: 0.7603
Client 76, noise level: 0.6671 (0.6004), real noise ratio: 0.6364
Client 77, noise level: 0.5901 (0.5311), real noise ratio: 0.5363
Client 78, noise level: 0.5703 (0.5133), real noise ratio: 0.4893
Client 79, noise level: 0.8346 (0.7512), real noise ratio: 0.7167
Client 80, noise level: 0.6519 (0.5867), real noise ratio: 0.5628
Client 81, noise level: 0.8068 (0.7261), real noise ratio: 0.7090
Client 82, noise level: 0.9678 (0.8710), real noise ratio: 0.8617
Client 83, noise level: 0.6015 (0.5413), real noise ratio: 0.5045
Client 84, noise level: 0.5598 (0.5038), real noise ratio: 0.5635
Client 85, noise level: 0.6961 (0.6265), real noise ratio: 0.6071
Client 86, noise level: 0.8473 (0.7625), real noise ratio: 0.7749
Client 87, noise level: 0.9725 (0.8752), real noise ratio: 0.8713
Client 88, noise level: 0.5817 (0.5235), real noise ratio: 0.4955
Client 89, noise level: 0.7294 (0.6564), real noise ratio: 0.6263
Client 90, noise level: 0.6394 (0.5755), real noise ratio: 0.5477
Client 91, noise level: 0.6023 (0.5421), real noise ratio: 0.5374
Client 92, noise level: 0.6542 (0.5888), real noise ratio: 0.5766
Client 93, noise level: 0.8978 (0.8080), real noise ratio: 0.8322
Client 94, noise level: 0.5464 (0.4918), real noise ratio: 0.5215
Client 95, noise level: 0.9345 (0.8411), real noise ratio: 0.8307
Client 96, noise level: 0.9169 (0.8252), real noise ratio: 0.7895
Client 97, noise level: 0.8409 (0.7568), real noise ratio: 0.7258
Client 98, noise level: 0.6479 (0.5831), real noise ratio: 0.6226
Client 99, noise level: 0.5831 (0.5248), real noise ratio: 0.4848
LeNet(
  (conv1): Conv2d(1, 6, kernel_size=(5, 5), stride=(1, 1))
  (conv2): Conv2d(6, 16, kernel_size=(5, 5), stride=(1, 1))
  (batch_norm): BatchNorm2d(16, eps=1e-05, momentum=0.1, affine=True, track_running_stats=True)
  (fc1): Linear(in_features=400, out_features=120, bias=True)
  (fc2): Linear(in_features=120, out_features=84, bias=True)
  (fc3): Linear(in_features=84, out_features=10, bias=True)
)
Round 0 global test acc  37.7900
Round 0 Fscore 

[]
Round 1 global test acc  34.7200
Round 1 Fscore 

[]
Round 2 global test acc  61.7600
Round 2 Fscore 

[]
Round 3 global test acc  56.6600
Round 3 Fscore 

[]
Round 4 global test acc  57.9900
Round 4 Fscore 

[]
Round 5 global test acc  63.0500
Round 5 Fscore 

[]
Round 6 global test acc  68.9900
Round 6 Fscore 

[]
Round 7 global test acc  69.7100
Round 7 Fscore 

[]
Round 8 global test acc  79.5500
Round 8 Fscore 

[]
Round 9 global test acc  71.4200
Round 9 Fscore 

[]
Round 10 global test acc  69.3200
Round 10 Fscore 

[]
Round 11 global test acc  80.7700
Round 11 Fscore 

[]
Round 12 global test acc  77.2600
Round 12 Fscore 

[]
Round 13 global test acc  78.4800
Round 13 Fscore 

[]
Round 14 global test acc  78.6000
Round 14 Fscore 

[]
Round 15 global test acc  81.3300
Round 15 Fscore 

[]
Round 16 global test acc  78.8800
Round 16 Fscore 

[]
Round 17 global test acc  87.6100
Round 17 Fscore 

[]
Round 18 global test acc  75.2700
Round 18 Fscore 

[]
Round 19 global test acc  78.5400
Round 19 Fscore 

[]
Round 20 global test acc  80.1200
Round 20 Fscore 

[]
Round 21 global test acc  83.1900
Round 21 Fscore 

[]
Round 22 global test acc  87.1400
Round 22 Fscore 

[]
Round 23 global test acc  89.4400
Round 23 Fscore 

[]
Round 24 global test acc  83.7200
Round 24 Fscore 

[]
Round 25 global test acc  88.8600
Round 25 Fscore 

[]
Round 26 global test acc  87.4500
Round 26 Fscore 

[]
Round 27 global test acc  89.1800
Round 27 Fscore 

[]
Round 28 global test acc  87.7100
Round 28 Fscore 

[]
Round 29 global test acc  88.0400
Round 29 Fscore 

[]
Round 30 global test acc  89.8500
Round 30 Fscore 

[]
Round 31 global test acc  90.1800
Round 31 Fscore 

[]
Round 32 global test acc  90.1000
Round 32 Fscore 

[]
Round 33 global test acc  89.8400
Round 33 Fscore 

[]
Round 34 global test acc  90.0600
Round 34 Fscore 

[]
Round 35 global test acc  86.4500
Round 35 Fscore 

[]
Round 36 global test acc  90.5500
Round 36 Fscore 

[]
Round 37 global test acc  92.9400
Round 37 Fscore 

[]
Round 38 global test acc  92.7100
Round 38 Fscore 

[]
Round 39 global test acc  91.5500
Round 39 Fscore 

[]
Round 40 global test acc  92.9900
Round 40 Fscore 

[]
Round 41 global test acc  90.5200
Round 41 Fscore 

[]
Round 42 global test acc  92.9900
Round 42 Fscore 

[]
Round 43 global test acc  93.0300
Round 43 Fscore 

[]
Round 44 global test acc  92.8700
Round 44 Fscore 

[]
Round 45 global test acc  90.5000
Round 45 Fscore 

[]
Round 46 global test acc  91.5900
Round 46 Fscore 

[]
Round 47 global test acc  89.3300
Round 47 Fscore 

[]
Round 48 global test acc  92.0100
Round 48 Fscore 

[]
Round 49 global test acc  93.3900
Round 49 Fscore 

[]
Round 50 global test acc  92.7800
Round 50 Fscore 

[]
Round 51 global test acc  93.0400
Round 51 Fscore 

[]
Round 52 global test acc  92.8600
Round 52 Fscore 

[]
Round 53 global test acc  91.5000
Round 53 Fscore 

[]
Round 54 global test acc  90.0000
Round 54 Fscore 

[]
Round 55 global test acc  93.8700
Round 55 Fscore 

[]
Round 56 global test acc  90.8900
Round 56 Fscore 

[]
Round 57 global test acc  93.6400
Round 57 Fscore 

[]
Round 58 global test acc  93.5100
Round 58 Fscore 

[]
Round 59 global test acc  91.7600
Round 59 Fscore 

[]
Round 60 global test acc  93.8300
Round 60 Fscore 

[]
Round 61 global test acc  93.6400
Round 61 Fscore 

[]
Round 62 global test acc  93.2500
Round 62 Fscore 

[]
Round 63 global test acc  93.5400
Round 63 Fscore 

[]
Round 64 global test acc  94.2700
Round 64 Fscore 

[]
Round 65 global test acc  92.2000
Round 65 Fscore 

[]
Round 66 global test acc  92.8500
Round 66 Fscore 

[]
Round 67 global test acc  93.5400
Round 67 Fscore 

[]
Round 68 global test acc  93.9400
Round 68 Fscore 

[]
Round 69 global test acc  93.4600
Round 69 Fscore 

[]
Round 70 global test acc  93.2100
Round 70 Fscore 

[]
Round 71 global test acc  93.9200
Round 71 Fscore 

[]
Round 72 global test acc  89.4000
Round 72 Fscore 

[]
Round 73 global test acc  88.4400
Round 73 Fscore 

[]
Round 74 global test acc  94.0900
Round 74 Fscore 

[]
Round 75 global test acc  93.3400
Round 75 Fscore 

[]
Round 76 global test acc  91.8200
Round 76 Fscore 

[]
Round 77 global test acc  93.0600
Round 77 Fscore 

[]
Round 78 global test acc  94.7000
Round 78 Fscore 

[]
Round 79 global test acc  92.2900
Round 79 Fscore 

[]
Round 80 global test acc  93.4400
Round 80 Fscore 

[]
Round 81 global test acc  93.7400
Round 81 Fscore 

[]
Round 82 global test acc  92.8500
Round 82 Fscore 

[]
Round 83 global test acc  93.7000
Round 83 Fscore 

[]
Round 84 global test acc  93.6700
Round 84 Fscore 

[]
Round 85 global test acc  94.0300
Round 85 Fscore 

[]
Round 86 global test acc  92.7500
Round 86 Fscore 

[]
Round 87 global test acc  94.2400
Round 87 Fscore 

[]
Round 88 global test acc  92.1500
Round 88 Fscore 

[]
Round 89 global test acc  93.5800
Round 89 Fscore 

[]
Round 90 global test acc  94.3700
Round 90 Fscore 

[]
Round 91 global test acc  93.8000
Round 91 Fscore 

[]
Round 92 global test acc  93.9300
Round 92 Fscore 

[]
Round 93 global test acc  94.9800
Round 93 Fscore 

[]
Round 94 global test acc  94.3700
Round 94 Fscore 

[]
Round 95 global test acc  93.6700
Round 95 Fscore 

[]
Round 96 global test acc  94.6100
Round 96 Fscore 

[]
Round 97 global test acc  94.8500
Round 97 Fscore 

[]
Round 98 global test acc  94.4900
Round 98 Fscore 

[]
Round 99 global test acc  93.6400
Round 99 Fscore 

[]
Round 100 global test acc  92.3300
Round 100 Fscore 

[]
Round 101 global test acc  91.1200
Round 101 Fscore 

[]
Round 102 global test acc  89.2700
Round 102 Fscore 

[]
Round 103 global test acc  90.2900
Round 103 Fscore 

[]
Round 104 global test acc  90.6600
Round 104 Fscore 

[]
Round 105 global test acc  90.3200
Round 105 Fscore 

[]
Round 106 global test acc  90.7600
Round 106 Fscore 

[]
Round 107 global test acc  91.6500
Round 107 Fscore 

[]
Round 108 global test acc  91.6200
Round 108 Fscore 

[]
Round 109 global test acc  91.1300
Round 109 Fscore 

[]
Round 110 global test acc  92.4400
Round 110 Fscore 

[]
Round 111 global test acc  91.6100
Round 111 Fscore 

[]
Round 112 global test acc  90.4800
Round 112 Fscore 

[]
Round 113 global test acc  90.8300
Round 113 Fscore 

[]
Round 114 global test acc  88.6200
Round 114 Fscore 

[]
Round 115 global test acc  87.6700
Round 115 Fscore 

[]
Round 116 global test acc  86.7800
Round 116 Fscore 

[]
Round 117 global test acc  86.4300
Round 117 Fscore 

[]
Round 118 global test acc  86.4800
Round 118 Fscore 

[]
Round 119 global test acc  86.2700
Round 119 Fscore 

[]
Round 120 global test acc  86.4800
Round 120 Fscore 

[]
Round 121 global test acc  85.8900
Round 121 Fscore 

[]
Round 122 global test acc  84.7100
Round 122 Fscore 

[]
Round 123 global test acc  84.1400
Round 123 Fscore 

[]
Round 124 global test acc  85.5100
Round 124 Fscore 

[]
Round 125 global test acc  83.9700
Round 125 Fscore 

[]
Round 126 global test acc  84.3700
Round 126 Fscore 

[]
Round 127 global test acc  86.2200
Round 127 Fscore 

[]
Round 128 global test acc  84.0900
Round 128 Fscore 

[]
Round 129 global test acc  86.4900
Round 129 Fscore 

[]
Round 130 global test acc  85.6300
Round 130 Fscore 

[]
Round 131 global test acc  87.1700
Round 131 Fscore 

[]
Round 132 global test acc  86.8600
Round 132 Fscore 

[]
Round 133 global test acc  85.2100
Round 133 Fscore 

[]
Round 134 global test acc  85.9200
Round 134 Fscore 

[]
Round 135 global test acc  86.4300
Round 135 Fscore 

[]
Round 136 global test acc  87.3200
Round 136 Fscore 

[]
Round 137 global test acc  84.8200
Round 137 Fscore 

[]
Round 138 global test acc  85.4500
Round 138 Fscore 

[]
Round 139 global test acc  83.4500
Round 139 Fscore 

[]
Round 140 global test acc  81.0200
Round 140 Fscore 

[]
Round 141 global test acc  81.3800
Round 141 Fscore 

[]
Round 142 global test acc  83.4500
Round 142 Fscore 

[]
Round 143 global test acc  82.3000
Round 143 Fscore 

[]
Round 144 global test acc  81.3400
Round 144 Fscore 

[]
Round 145 global test acc  77.4700
Round 145 Fscore 

[]
Round 146 global test acc  79.9100
Round 146 Fscore 

[]
Round 147 global test acc  75.1200
Round 147 Fscore 

[]
Round 148 global test acc  72.7900
Round 148 Fscore 

[]
Round 149 global test acc  72.4200
Round 149 Fscore 

[]
Round 150 global test acc  71.1900
Round 150 Fscore 

[]
Round 151 global test acc  70.4500
Round 151 Fscore 

[]
Round 152 global test acc  69.2800
Round 152 Fscore 

[]
Round 153 global test acc  66.5900
Round 153 Fscore 

[]
Round 154 global test acc  66.2600
Round 154 Fscore 

[]
Round 155 global test acc  68.6000
Round 155 Fscore 

[]
Round 156 global test acc  67.7800
Round 156 Fscore 

[]
Round 157 global test acc  65.3200
Round 157 Fscore 

[]
Round 158 global test acc  63.8300
Round 158 Fscore 

[]
Round 159 global test acc  65.4700
Round 159 Fscore 

[]
Round 160 global test acc  63.1500
Round 160 Fscore 

[]
Round 161 global test acc  61.9200
Round 161 Fscore 

[]
Round 162 global test acc  60.9600
Round 162 Fscore 

[]
Round 163 global test acc  59.8600
Round 163 Fscore 

[]
Round 164 global test acc  50.2900
Round 164 Fscore 

[]
Round 165 global test acc  43.5400
Round 165 Fscore 

[]
Round 166 global test acc  40.4100
Round 166 Fscore 

[]
Round 167 global test acc  42.4600
Round 167 Fscore 

[]
Round 168 global test acc  36.6800
Round 168 Fscore 

[]
Round 169 global test acc  32.6800
Round 169 Fscore 

[]
Round 170 global test acc  31.0200
Round 170 Fscore 

[]
Round 171 global test acc  33.6500
Round 171 Fscore 

[]
Round 172 global test acc  30.3000
Round 172 Fscore 

[]
Round 173 global test acc  32.4700
Round 173 Fscore 

[]
Round 174 global test acc  34.6900
Round 174 Fscore 

[]
Round 175 global test acc  32.8400
Round 175 Fscore 

[]
Round 176 global test acc  27.4900
Round 176 Fscore 

[]
Round 177 global test acc  26.4000
Round 177 Fscore 

[]
Round 178 global test acc  27.5200
Round 178 Fscore 

[]
Round 179 global test acc  27.0300
Round 179 Fscore 

[]
Round 180 global test acc  28.4600
Round 180 Fscore 

[]
Round 181 global test acc  30.6600
Round 181 Fscore 

[]
Round 182 global test acc  28.6900
Round 182 Fscore 

[]
Round 183 global test acc  26.0100
Round 183 Fscore 

[]
Round 184 global test acc  24.2100
Round 184 Fscore 

[]
Round 185 global test acc  24.4500
Round 185 Fscore 

[]
Round 186 global test acc  24.0200
Round 186 Fscore 

[]
Round 187 global test acc  24.2800
Round 187 Fscore 

[]
Round 188 global test acc  25.2700
Round 188 Fscore 

[]
Round 189 global test acc  25.0700
Round 189 Fscore 

[]
Round 190 global test acc  25.2600
Round 190 Fscore 

[]
Round 191 global test acc  25.3900
Round 191 Fscore 

[]
Round 192 global test acc  26.3200
Round 192 Fscore 

[]
Round 193 global test acc  26.9300
Round 193 Fscore 

[]
Round 194 global test acc  25.4600
Round 194 Fscore 

[]
Round 195 global test acc  25.0700
Round 195 Fscore 

[]
Round 196 global test acc  22.0700
Round 196 Fscore 

[]
Round 197 global test acc  23.6600
Round 197 Fscore 

[]
Round 198 global test acc  24.6600
Round 198 Fscore 

[]
Round 199 global test acc  23.2600
Round 199 Fscore 

[0.6463157534599304, 0.5135135054588318, 0.8134777545928955, 0.7919254899024963, 0.5629630088806152, 0.8178913593292236, 0.6298342943191528, 0.7597254514694214, 0.8481481075286865, 0.8382978439331055, 0.5384615659713745, 0.8250652551651001, 0.8239130973815918, 0.8281462788581848, 0.7710843682289124, 0.8663181066513062, 0.7917059659957886, 0.6631016135215759, 0.6006006002426147, 0.8206185102462769, 0.6980108022689819, 0.528662383556366, 0.6666666269302368, 0.7677419781684875, 0.863095223903656, 0.5684210062026978, 0.5858209133148193, 0.8169464468955994, 0.8251747488975525, 0.5130434632301331, 0.6086956262588501, 0.7667515277862549, 0.8269230723381042, 0.8062827587127686, 0.7104794979095459, 0.6158192753791809, 0.28125, 0.5871121883392334, 0.7523147463798523, 0.6028985977172852, 0.8335644602775574, 0.6707566380500793, 0.6247689723968506, 0.8708643913269043, 0.7754490375518799, 0.8646288514137268, 0.8127853870391846, 0.8123209476470947, 0.8124076128005981, 0.8513932228088379, 0.7023411393165588, 0.8445078730583191, 0.6556473970413208, 0.8119800686836243, 0.6997635960578918, 0.7633987069129944, 0.7901785969734192, 0.7213541865348816, 0.8640000224113464, 0.8243430256843567, 0.5000000596046448, 0.7284768223762512, 0.8207792639732361, 0.6129666566848755, 0.612500011920929, 0.5593869686126709, 0.6636770963668823, 0.8505747318267822, 0.4528301954269409, 0.684210479259491, 0.5157894492149353, 0.6843657493591309, 0.7314815521240234, 0.42384108901023865, 0.8349788784980774, 0.6701030731201172, 0.7967032790184021, 0.8085106611251831, 0.8377065658569336, 0.6778625845909119, 0.782997727394104, 0.6863354444503784, 0.46973365545272827, 0.8371558785438538, 0.7460317611694336, 0.7567566633224487, 0.5831775665283203, 0.43089431524276733, 0.8286713361740112, 0.7758620381355286, 0.7972028255462646, 0.8007590174674988, 0.7861507534980774, 0.5199161767959595, 0.8269962072372437, 0.5219638347625732, 0.5938864946365356, 0.6879432797431946, 0.7728813290596008, 0.8403756022453308]
time : 11551.255088090897
('algorithm', 'RFL')
('gpu', 0)
('seed', 13)
('save_dir', './record/')
('rounds2', 200)
('local_ep', 5)
('frac2', 0.1)
('num_users', 100)
('local_bs', 32)
('lr', 0.1)
('model', 'lenet')
('num_classes', 10)
('level_n_system', 1.0)
('level_n_lowerb', 0.5)
('alpha_dirichlet', 10)
('non_iid_prob_class', 0.5)
('dataset', 'mnist')
('iid', False)
('LID_k', 20)
('iteration1', 5)
('rounds1', 200)
('frac1', 0.01)
('pretrained', False)
('mixup', False)
('alpha', 1)
('beta', 5)
('relabel_ratio', 0.5)
('confidence_thres', 0.5)
('clean_set_thres', 0.1)
('fine_tuning', True)
('correction', True)
('T_pl', 100)
('lambda_cen', 1.0)
('lambda_e', 0.8)
('num_gradual', 10)
('forget_rate', 0.2)
('lr_decay', 0.1)
('schedule', [])
('momentum', 0.5)
('weight_decay', 0.0001)
('feature_dim', 128)
('plr', 0.1)
('lamda', 15)
('K', 1)
('gamma', 1)
('begin_sel', 10)
('max_beta', 2)
('mu', 0.01)
('device', device(type='cuda', index=0))
Client 0, noise level: 0.8484 (0.7635), real noise ratio: 0.7622
Client 1, noise level: 0.9815 (0.8834), real noise ratio: 0.9146
Client 2, noise level: 0.6389 (0.5750), real noise ratio: 0.5685
Client 3, noise level: 0.6168 (0.5551), real noise ratio: 0.5291
Client 4, noise level: 0.9228 (0.8306), real noise ratio: 0.8280
Client 5, noise level: 0.6121 (0.5509), real noise ratio: 0.5169
Client 6, noise level: 0.8445 (0.7600), real noise ratio: 0.7428
Client 7, noise level: 0.5767 (0.5191), real noise ratio: 0.5263
Client 8, noise level: 0.6018 (0.5416), real noise ratio: 0.5077
Client 9, noise level: 0.5338 (0.4804), real noise ratio: 0.4917
Client 10, noise level: 0.8747 (0.7873), real noise ratio: 0.7912
Client 11, noise level: 0.5900 (0.5310), real noise ratio: 0.5320
Client 12, noise level: 0.5621 (0.5059), real noise ratio: 0.5283
Client 13, noise level: 0.6124 (0.5512), real noise ratio: 0.5409
Client 14, noise level: 0.6397 (0.5758), real noise ratio: 0.5909
Client 15, noise level: 0.5169 (0.4652), real noise ratio: 0.4493
Client 16, noise level: 0.6272 (0.5645), real noise ratio: 0.5718
Client 17, noise level: 0.8344 (0.7510), real noise ratio: 0.7479
Client 18, noise level: 0.8800 (0.7920), real noise ratio: 0.7993
Client 19, noise level: 0.6130 (0.5517), real noise ratio: 0.5489
Client 20, noise level: 0.8059 (0.7253), real noise ratio: 0.7437
Client 21, noise level: 0.9561 (0.8605), real noise ratio: 0.8731
Client 22, noise level: 0.7708 (0.6937), real noise ratio: 0.7105
Client 23, noise level: 0.6870 (0.6183), real noise ratio: 0.6296
Client 24, noise level: 0.5066 (0.4559), real noise ratio: 0.4494
Client 25, noise level: 0.9147 (0.8232), real noise ratio: 0.8264
Client 26, noise level: 0.9083 (0.8175), real noise ratio: 0.8031
Client 27, noise level: 0.5399 (0.4859), real noise ratio: 0.4731
Client 28, noise level: 0.5858 (0.5273), real noise ratio: 0.5309
Client 29, noise level: 0.9191 (0.8272), real noise ratio: 0.8255
Client 30, noise level: 0.7821 (0.7039), real noise ratio: 0.7163
Client 31, noise level: 0.6749 (0.6074), real noise ratio: 0.6107
Client 32, noise level: 0.5725 (0.5153), real noise ratio: 0.5481
Client 33, noise level: 0.5493 (0.4943), real noise ratio: 0.4519
Client 34, noise level: 0.7801 (0.7021), real noise ratio: 0.6620
Client 35, noise level: 0.8550 (0.7695), real noise ratio: 0.7981
Client 36, noise level: 0.9754 (0.8779), real noise ratio: 0.8755
Client 37, noise level: 0.8740 (0.7866), real noise ratio: 0.7905
Client 38, noise level: 0.6861 (0.6175), real noise ratio: 0.6011
Client 39, noise level: 0.8792 (0.7913), real noise ratio: 0.7986
Client 40, noise level: 0.5355 (0.4820), real noise ratio: 0.4811
Client 41, noise level: 0.8109 (0.7298), real noise ratio: 0.7134
Client 42, noise level: 0.8604 (0.7743), real noise ratio: 0.7773
Client 43, noise level: 0.5209 (0.4688), real noise ratio: 0.4968
Client 44, noise level: 0.6976 (0.6279), real noise ratio: 0.6546
Client 45, noise level: 0.5807 (0.5226), real noise ratio: 0.4715
Client 46, noise level: 0.6380 (0.5742), real noise ratio: 0.5481
Client 47, noise level: 0.6133 (0.5519), real noise ratio: 0.5697
Client 48, noise level: 0.6523 (0.5871), real noise ratio: 0.5908
Client 49, noise level: 0.5681 (0.5113), real noise ratio: 0.4918
Client 50, noise level: 0.8471 (0.7624), real noise ratio: 0.7598
Client 51, noise level: 0.5264 (0.4738), real noise ratio: 0.4846
Client 52, noise level: 0.7907 (0.7116), real noise ratio: 0.7219
Client 53, noise level: 0.5899 (0.5309), real noise ratio: 0.5643
Client 54, noise level: 0.7533 (0.6780), real noise ratio: 0.6947
Client 55, noise level: 0.6408 (0.5767), real noise ratio: 0.5791
Client 56, noise level: 0.6850 (0.6165), real noise ratio: 0.5917
Client 57, noise level: 0.7523 (0.6770), real noise ratio: 0.6715
Client 58, noise level: 0.5612 (0.5050), real noise ratio: 0.5310
Client 59, noise level: 0.5653 (0.5088), real noise ratio: 0.5495
Client 60, noise level: 0.9222 (0.8300), real noise ratio: 0.8266
Client 61, noise level: 0.6961 (0.6265), real noise ratio: 0.6424
Client 62, noise level: 0.5848 (0.5263), real noise ratio: 0.5398
Client 63, noise level: 0.9006 (0.8105), real noise ratio: 0.8316
Client 64, noise level: 0.9551 (0.8596), real noise ratio: 0.8336
Client 65, noise level: 0.9148 (0.8233), real noise ratio: 0.8407
Client 66, noise level: 0.8570 (0.7713), real noise ratio: 0.7371
Client 67, noise level: 0.5497 (0.4947), real noise ratio: 0.4597
Client 68, noise level: 0.9567 (0.8610), real noise ratio: 0.8910
Client 69, noise level: 0.7890 (0.7101), real noise ratio: 0.7198
Client 70, noise level: 0.9501 (0.8551), real noise ratio: 0.8404
Client 71, noise level: 0.7818 (0.7036), real noise ratio: 0.6927
Client 72, noise level: 0.5049 (0.4544), real noise ratio: 0.4943
Client 73, noise level: 0.9971 (0.8974), real noise ratio: 0.8933
Client 74, noise level: 0.5662 (0.5096), real noise ratio: 0.5243
Client 75, noise level: 0.8463 (0.7617), real noise ratio: 0.7204
Client 76, noise level: 0.6671 (0.6004), real noise ratio: 0.5972
Client 77, noise level: 0.5901 (0.5311), real noise ratio: 0.5317
Client 78, noise level: 0.5703 (0.5133), real noise ratio: 0.4906
Client 79, noise level: 0.8346 (0.7512), real noise ratio: 0.7384
Client 80, noise level: 0.6519 (0.5867), real noise ratio: 0.5912
Client 81, noise level: 0.8068 (0.7261), real noise ratio: 0.7453
Client 82, noise level: 0.9678 (0.8710), real noise ratio: 0.8519
Client 83, noise level: 0.6015 (0.5413), real noise ratio: 0.5054
Client 84, noise level: 0.5598 (0.5038), real noise ratio: 0.5460
Client 85, noise level: 0.6961 (0.6265), real noise ratio: 0.6575
Client 86, noise level: 0.8473 (0.7625), real noise ratio: 0.7575
Client 87, noise level: 0.9725 (0.8752), real noise ratio: 0.8637
Client 88, noise level: 0.5817 (0.5235), real noise ratio: 0.5145
Client 89, noise level: 0.7294 (0.6564), real noise ratio: 0.6725
Client 90, noise level: 0.6394 (0.5755), real noise ratio: 0.5969
Client 91, noise level: 0.6023 (0.5421), real noise ratio: 0.5253
Client 92, noise level: 0.6542 (0.5888), real noise ratio: 0.5783
Client 93, noise level: 0.8978 (0.8080), real noise ratio: 0.7881
Client 94, noise level: 0.5464 (0.4918), real noise ratio: 0.4579
Client 95, noise level: 0.9345 (0.8411), real noise ratio: 0.8514
Client 96, noise level: 0.9169 (0.8252), real noise ratio: 0.8193
Client 97, noise level: 0.8409 (0.7568), real noise ratio: 0.7313
Client 98, noise level: 0.6479 (0.5831), real noise ratio: 0.6106
Client 99, noise level: 0.5831 (0.5248), real noise ratio: 0.5007
LeNet(
  (conv1): Conv2d(1, 6, kernel_size=(5, 5), stride=(1, 1))
  (conv2): Conv2d(6, 16, kernel_size=(5, 5), stride=(1, 1))
  (batch_norm): BatchNorm2d(16, eps=1e-05, momentum=0.1, affine=True, track_running_stats=True)
  (fc1): Linear(in_features=400, out_features=120, bias=True)
  (fc2): Linear(in_features=120, out_features=84, bias=True)
  (fc3): Linear(in_features=84, out_features=10, bias=True)
)
Round 0 global test acc  32.8500
Round 1 global test acc  51.7100
Round 2 global test acc  61.6900
Round 3 global test acc  69.5100
Round 4 global test acc  62.6700
Round 5 global test acc  76.7400
Round 6 global test acc  75.6200
Round 7 global test acc  71.1800
Round 8 global test acc  82.4600
Round 9 global test acc  77.8000
Round 10 global test acc  74.3000
Round 11 global test acc  79.9800
Round 12 global test acc  86.0000
Round 13 global test acc  84.6000
Round 14 global test acc  80.7300
Round 15 global test acc  85.9800
Round 16 global test acc  87.0600
Round 17 global test acc  87.5200
Round 18 global test acc  84.4800
Round 19 global test acc  88.4800
Round 20 global test acc  89.0300
Round 21 global test acc  85.0300
Round 22 global test acc  89.9800
Round 23 global test acc  91.6700
Round 24 global test acc  89.8300
Round 25 global test acc  90.8100
Round 26 global test acc  88.4200
Round 27 global test acc  89.0300
Round 28 global test acc  90.4500
Round 29 global test acc  90.2700
Round 30 global test acc  91.0700
Round 31 global test acc  88.4100
Round 32 global test acc  90.9100
Round 33 global test acc  90.7600
Round 34 global test acc  90.9900
Round 35 global test acc  90.6700
Round 36 global test acc  91.6200
Round 37 global test acc  91.7200
Round 38 global test acc  92.9300
Round 39 global test acc  90.9800
Round 40 global test acc  93.1300
Round 41 global test acc  92.4800
Round 42 global test acc  92.7400
Round 43 global test acc  93.4200
Round 44 global test acc  92.5400
Round 45 global test acc  92.4300
Round 46 global test acc  93.8700
Round 47 global test acc  94.1000
Round 48 global test acc  93.0600
Round 49 global test acc  92.9200
Round 50 global test acc  91.1200
Round 51 global test acc  93.3700
Round 52 global test acc  92.7500
Round 53 global test acc  92.5400
Round 54 global test acc  93.7700
Round 55 global test acc  93.9300
Round 56 global test acc  94.1500
Round 57 global test acc  92.8400
Round 58 global test acc  94.6700
Round 59 global test acc  94.7700
Round 60 global test acc  94.6900
Round 61 global test acc  94.3000
Round 62 global test acc  94.5700
Round 63 global test acc  94.4100
Round 64 global test acc  94.7400
Round 65 global test acc  94.2100
Round 66 global test acc  95.2600
Round 67 global test acc  94.6400
Round 68 global test acc  94.2800
Round 69 global test acc  94.3100
Round 70 global test acc  95.5700
Round 71 global test acc  94.2000
Round 72 global test acc  94.8200
Round 73 global test acc  94.3900
Round 74 global test acc  94.3900
Round 75 global test acc  94.5200
Round 76 global test acc  94.1800
Round 77 global test acc  94.3000
Round 78 global test acc  94.7900
Round 79 global test acc  95.4200
Round 80 global test acc  94.5900
Round 81 global test acc  94.7200
Round 82 global test acc  94.9000
Round 83 global test acc  94.7000
Round 84 global test acc  94.7100
Round 85 global test acc  94.7800
Round 86 global test acc  95.2900
Round 87 global test acc  95.2300
Round 88 global test acc  95.0200
Round 89 global test acc  94.9600
Round 90 global test acc  94.4800
Round 91 global test acc  95.7200
Round 92 global test acc  95.2400
Round 93 global test acc  94.4800
Round 94 global test acc  95.0900
Round 95 global test acc  93.9800
Round 96 global test acc  94.1300
Round 97 global test acc  94.9500
Round 98 global test acc  95.7400
Round 99 global test acc  95.7100
Round 100 global test acc  95.6200
Round 101 global test acc  95.3200
Round 102 global test acc  95.3100
Round 103 global test acc  94.4700
Round 104 global test acc  94.1600
Round 105 global test acc  93.7900
Round 106 global test acc  94.4100
Round 107 global test acc  94.6200
Round 108 global test acc  94.8900
Round 109 global test acc  94.9600
Round 110 global test acc  93.2900
Round 111 global test acc  94.1400
Round 112 global test acc  94.5400
Round 113 global test acc  94.5900
Round 114 global test acc  94.8800
Round 115 global test acc  94.8000
Round 116 global test acc  94.6000
Round 117 global test acc  93.7400
Round 118 global test acc  94.2400
Round 119 global test acc  94.6500
Round 120 global test acc  94.1400
Round 121 global test acc  94.2300
Round 122 global test acc  93.3800
Round 123 global test acc  94.2500
Round 124 global test acc  93.4900
Round 125 global test acc  92.9700
Round 126 global test acc  92.9900
Round 127 global test acc  93.6800
Round 128 global test acc  93.9700
Round 129 global test acc  93.7000
Round 130 global test acc  92.7200
Round 131 global test acc  92.5700
Round 132 global test acc  93.1500
Round 133 global test acc  93.0800
Round 134 global test acc  92.6400
Round 135 global test acc  92.5400
Round 136 global test acc  93.1600
Round 137 global test acc  93.2900
Round 138 global test acc  93.2000
Round 139 global test acc  93.5800
Round 140 global test acc  92.7800
Round 141 global test acc  92.8400
Round 142 global test acc  93.2400
Round 143 global test acc  93.6400
Round 144 global test acc  93.7500
Round 145 global test acc  93.9100
Round 146 global test acc  93.9300
Round 147 global test acc  93.8300
Round 148 global test acc  93.8400
Round 149 global test acc  94.1400
Round 150 global test acc  94.4500
Round 151 global test acc  93.6600
Round 152 global test acc  94.1300
Round 153 global test acc  93.7600
Round 154 global test acc  93.8100
Round 155 global test acc  93.5800
Round 156 global test acc  93.6100
Round 157 global test acc  93.6600
Round 158 global test acc  93.4300
Round 159 global test acc  93.8700
Round 160 global test acc  93.8900
Round 161 global test acc  94.3600
Round 162 global test acc  93.6100
Round 163 global test acc  93.2800
Round 164 global test acc  93.1700
Round 165 global test acc  93.0600
Round 166 global test acc  92.1200
Round 167 global test acc  92.0800
Round 168 global test acc  91.7700
Round 169 global test acc  92.5300
Round 170 global test acc  92.6200
Round 171 global test acc  92.5500
Round 172 global test acc  92.9000
Round 173 global test acc  90.7500
Round 174 global test acc  92.3200
Round 175 global test acc  93.0200
Round 176 global test acc  92.2500
Round 177 global test acc  92.6700
Round 178 global test acc  92.1700
Round 179 global test acc  92.7400
Round 180 global test acc  93.3600
Round 181 global test acc  92.7400
Round 182 global test acc  92.3500
Round 183 global test acc  92.6500
Round 184 global test acc  93.2900
Round 185 global test acc  93.3700
Round 186 global test acc  93.7700
Round 187 global test acc  93.4700
Round 188 global test acc  94.0000
Round 189 global test acc  93.4000
Round 190 global test acc  93.2700
Round 191 global test acc  92.7500
Round 192 global test acc  92.8100
Round 193 global test acc  93.2500
Round 194 global test acc  93.4800
Round 195 global test acc  94.0000
Round 196 global test acc  93.5400
Round 197 global test acc  93.8900
Round 198 global test acc  94.2500
Round 199 global test acc  94.1200
time : 11673.20687365532
('algorithm', 'RFL')
('gpu', 0)
('seed', 13)
('save_dir', './record/')
('rounds2', 200)
('local_ep', 5)
('frac2', 0.1)
('num_users', 100)
('local_bs', 32)
('lr', 0.1)
('model', 'lenet')
('num_classes', 10)
('level_n_system', 1.0)
('level_n_lowerb', 0.5)
('alpha_dirichlet', 10)
('non_iid_prob_class', 0.7)
('dataset', 'mnist')
('iid', False)
('LID_k', 20)
('iteration1', 5)
('rounds1', 200)
('frac1', 0.01)
('pretrained', False)
('mixup', False)
('alpha', 1)
('beta', 5)
('relabel_ratio', 0.5)
('confidence_thres', 0.5)
('clean_set_thres', 0.1)
('fine_tuning', True)
('correction', True)
('T_pl', 100)
('lambda_cen', 1.0)
('lambda_e', 0.8)
('num_gradual', 10)
('forget_rate', 0.2)
('lr_decay', 0.1)
('schedule', [])
('momentum', 0.5)
('weight_decay', 0.0001)
('feature_dim', 128)
('plr', 0.1)
('lamda', 15)
('K', 1)
('gamma', 1)
('begin_sel', 10)
('max_beta', 2)
('mu', 0.01)
('device', device(type='cuda', index=0))
Client 0, noise level: 0.8484 (0.7635), real noise ratio: 0.7560
Client 1, noise level: 0.9815 (0.8834), real noise ratio: 0.8836
Client 2, noise level: 0.6389 (0.5750), real noise ratio: 0.5859
Client 3, noise level: 0.6168 (0.5551), real noise ratio: 0.5282
Client 4, noise level: 0.9228 (0.8306), real noise ratio: 0.8376
Client 5, noise level: 0.6121 (0.5509), real noise ratio: 0.5354
Client 6, noise level: 0.8445 (0.7600), real noise ratio: 0.7468
Client 7, noise level: 0.5767 (0.5191), real noise ratio: 0.4941
Client 8, noise level: 0.6018 (0.5416), real noise ratio: 0.5693
Client 9, noise level: 0.5338 (0.4804), real noise ratio: 0.4698
Client 10, noise level: 0.8747 (0.7873), real noise ratio: 0.7910
Client 11, noise level: 0.5900 (0.5310), real noise ratio: 0.5223
Client 12, noise level: 0.5621 (0.5059), real noise ratio: 0.5229
Client 13, noise level: 0.6124 (0.5512), real noise ratio: 0.5098
Client 14, noise level: 0.6397 (0.5758), real noise ratio: 0.5687
Client 15, noise level: 0.5169 (0.4652), real noise ratio: 0.4687
Client 16, noise level: 0.6272 (0.5645), real noise ratio: 0.5382
Client 17, noise level: 0.8344 (0.7510), real noise ratio: 0.7437
Client 18, noise level: 0.8800 (0.7920), real noise ratio: 0.8122
Client 19, noise level: 0.6130 (0.5517), real noise ratio: 0.5450
Client 20, noise level: 0.8059 (0.7253), real noise ratio: 0.7477
Client 21, noise level: 0.9561 (0.8605), real noise ratio: 0.8850
Client 22, noise level: 0.7708 (0.6937), real noise ratio: 0.7213
Client 23, noise level: 0.6870 (0.6183), real noise ratio: 0.6038
Client 24, noise level: 0.5066 (0.4559), real noise ratio: 0.4389
Client 25, noise level: 0.9147 (0.8232), real noise ratio: 0.8302
Client 26, noise level: 0.9083 (0.8175), real noise ratio: 0.8270
Client 27, noise level: 0.5399 (0.4859), real noise ratio: 0.4742
Client 28, noise level: 0.5858 (0.5273), real noise ratio: 0.5407
Client 29, noise level: 0.9191 (0.8272), real noise ratio: 0.8395
Client 30, noise level: 0.7821 (0.7039), real noise ratio: 0.7004
Client 31, noise level: 0.6749 (0.6074), real noise ratio: 0.6164
Client 32, noise level: 0.5725 (0.5153), real noise ratio: 0.5022
Client 33, noise level: 0.5493 (0.4943), real noise ratio: 0.5014
Client 34, noise level: 0.7801 (0.7021), real noise ratio: 0.6947
Client 35, noise level: 0.8550 (0.7695), real noise ratio: 0.7844
Client 36, noise level: 0.9754 (0.8779), real noise ratio: 0.8818
Client 37, noise level: 0.8740 (0.7866), real noise ratio: 0.7907
Client 38, noise level: 0.6861 (0.6175), real noise ratio: 0.6518
Client 39, noise level: 0.8792 (0.7913), real noise ratio: 0.7873
Client 40, noise level: 0.5355 (0.4820), real noise ratio: 0.4785
Client 41, noise level: 0.8109 (0.7298), real noise ratio: 0.7151
Client 42, noise level: 0.8604 (0.7743), real noise ratio: 0.7760
Client 43, noise level: 0.5209 (0.4688), real noise ratio: 0.4627
Client 44, noise level: 0.6976 (0.6279), real noise ratio: 0.6729
Client 45, noise level: 0.5807 (0.5226), real noise ratio: 0.5331
Client 46, noise level: 0.6380 (0.5742), real noise ratio: 0.5643
Client 47, noise level: 0.6133 (0.5519), real noise ratio: 0.5399
Client 48, noise level: 0.6523 (0.5871), real noise ratio: 0.5671
Client 49, noise level: 0.5681 (0.5113), real noise ratio: 0.4913
Client 50, noise level: 0.8471 (0.7624), real noise ratio: 0.7598
Client 51, noise level: 0.5264 (0.4738), real noise ratio: 0.4834
Client 52, noise level: 0.7907 (0.7116), real noise ratio: 0.6959
Client 53, noise level: 0.5899 (0.5309), real noise ratio: 0.5084
Client 54, noise level: 0.7533 (0.6780), real noise ratio: 0.6698
Client 55, noise level: 0.6408 (0.5767), real noise ratio: 0.5928
Client 56, noise level: 0.6850 (0.6165), real noise ratio: 0.6271
Client 57, noise level: 0.7523 (0.6770), real noise ratio: 0.7048
Client 58, noise level: 0.5612 (0.5050), real noise ratio: 0.4621
Client 59, noise level: 0.5653 (0.5088), real noise ratio: 0.5422
Client 60, noise level: 0.9222 (0.8300), real noise ratio: 0.8401
Client 61, noise level: 0.6961 (0.6265), real noise ratio: 0.6476
Client 62, noise level: 0.5848 (0.5263), real noise ratio: 0.5178
Client 63, noise level: 0.9006 (0.8105), real noise ratio: 0.8043
Client 64, noise level: 0.9551 (0.8596), real noise ratio: 0.8548
Client 65, noise level: 0.9148 (0.8233), real noise ratio: 0.8341
Client 66, noise level: 0.8570 (0.7713), real noise ratio: 0.7561
Client 67, noise level: 0.5497 (0.4947), real noise ratio: 0.5049
Client 68, noise level: 0.9567 (0.8610), real noise ratio: 0.8659
Client 69, noise level: 0.7890 (0.7101), real noise ratio: 0.6973
Client 70, noise level: 0.9501 (0.8551), real noise ratio: 0.8671
Client 71, noise level: 0.7818 (0.7036), real noise ratio: 0.7149
Client 72, noise level: 0.5049 (0.4544), real noise ratio: 0.4590
Client 73, noise level: 0.9971 (0.8974), real noise ratio: 0.8942
Client 74, noise level: 0.5662 (0.5096), real noise ratio: 0.5356
Client 75, noise level: 0.8463 (0.7617), real noise ratio: 0.7688
Client 76, noise level: 0.6671 (0.6004), real noise ratio: 0.5550
Client 77, noise level: 0.5901 (0.5311), real noise ratio: 0.5161
Client 78, noise level: 0.5703 (0.5133), real noise ratio: 0.5427
Client 79, noise level: 0.8346 (0.7512), real noise ratio: 0.7432
Client 80, noise level: 0.6519 (0.5867), real noise ratio: 0.6231
Client 81, noise level: 0.8068 (0.7261), real noise ratio: 0.7030
Client 82, noise level: 0.9678 (0.8710), real noise ratio: 0.8990
Client 83, noise level: 0.6015 (0.5413), real noise ratio: 0.5333
Client 84, noise level: 0.5598 (0.5038), real noise ratio: 0.4892
Client 85, noise level: 0.6961 (0.6265), real noise ratio: 0.6347
Client 86, noise level: 0.8473 (0.7625), real noise ratio: 0.7667
Client 87, noise level: 0.9725 (0.8752), real noise ratio: 0.8649
Client 88, noise level: 0.5817 (0.5235), real noise ratio: 0.5187
Client 89, noise level: 0.7294 (0.6564), real noise ratio: 0.6343
Client 90, noise level: 0.6394 (0.5755), real noise ratio: 0.5640
Client 91, noise level: 0.6023 (0.5421), real noise ratio: 0.5223
Client 92, noise level: 0.6542 (0.5888), real noise ratio: 0.5620
Client 93, noise level: 0.8978 (0.8080), real noise ratio: 0.8160
Client 94, noise level: 0.5464 (0.4918), real noise ratio: 0.4641
Client 95, noise level: 0.9345 (0.8411), real noise ratio: 0.8136
Client 96, noise level: 0.9169 (0.8252), real noise ratio: 0.8161
Client 97, noise level: 0.8409 (0.7568), real noise ratio: 0.7565
Client 98, noise level: 0.6479 (0.5831), real noise ratio: 0.6003
Client 99, noise level: 0.5831 (0.5248), real noise ratio: 0.5380
LeNet(
  (conv1): Conv2d(1, 6, kernel_size=(5, 5), stride=(1, 1))
  (conv2): Conv2d(6, 16, kernel_size=(5, 5), stride=(1, 1))
  (batch_norm): BatchNorm2d(16, eps=1e-05, momentum=0.1, affine=True, track_running_stats=True)
  (fc1): Linear(in_features=400, out_features=120, bias=True)
  (fc2): Linear(in_features=120, out_features=84, bias=True)
  (fc3): Linear(in_features=84, out_features=10, bias=True)
)
Round 0 global test acc  32.8000
Round 0 Fscore 

[]
Round 1 global test acc  34.8700
Round 1 Fscore 

[]
Round 2 global test acc  55.9300
Round 2 Fscore 

[]
Round 3 global test acc  62.1900
Round 3 Fscore 

[]
Round 4 global test acc  66.6200
Round 4 Fscore 

[]
Round 5 global test acc  71.9200
Round 5 Fscore 

[]
Round 6 global test acc  76.5200
Round 6 Fscore 

[]
Round 7 global test acc  72.3200
Round 7 Fscore 

[]
Round 8 global test acc  78.8500
Round 8 Fscore 

[]
Round 9 global test acc  83.0800
Round 9 Fscore 

[]
Round 10 global test acc  81.2000
Round 10 Fscore 

[]
Round 11 global test acc  84.0000
Round 11 Fscore 

[]
Round 12 global test acc  83.3200
Round 12 Fscore 

[]
Round 13 global test acc  79.0900
Round 13 Fscore 

[]
Round 14 global test acc  79.7500
Round 14 Fscore 

[]
Round 15 global test acc  86.7100
Round 15 Fscore 

[]
Round 16 global test acc  88.4300
Round 16 Fscore 

[]
Round 17 global test acc  88.6700
Round 17 Fscore 

[]
Round 18 global test acc  85.2400
Round 18 Fscore 

[]
Round 19 global test acc  89.2700
Round 19 Fscore 

[]
Round 20 global test acc  90.3400
Round 20 Fscore 

[]
Round 21 global test acc  89.0800
Round 21 Fscore 

[]
Round 22 global test acc  89.5200
Round 22 Fscore 

[]
Round 23 global test acc  87.2000
Round 23 Fscore 

[]
Round 24 global test acc  88.9100
Round 24 Fscore 

[]
Round 25 global test acc  91.2700
Round 25 Fscore 

[]
Round 26 global test acc  91.1800
Round 26 Fscore 

[]
Round 27 global test acc  90.6000
Round 27 Fscore 

[]
Round 28 global test acc  91.1000
Round 28 Fscore 

[]
Round 29 global test acc  92.4400
Round 29 Fscore 

[]
Round 30 global test acc  93.0000
Round 30 Fscore 

[]
Round 31 global test acc  93.1500
Round 31 Fscore 

[]
Round 32 global test acc  91.6200
Round 32 Fscore 

[]
Round 33 global test acc  89.5000
Round 33 Fscore 

[]
Round 34 global test acc  91.6600
Round 34 Fscore 

[]
Round 35 global test acc  93.0100
Round 35 Fscore 

[]
Round 36 global test acc  92.5100
Round 36 Fscore 

[]
Round 37 global test acc  91.8100
Round 37 Fscore 

[]
Round 38 global test acc  93.3200
Round 38 Fscore 

[]
Round 39 global test acc  92.7100
Round 39 Fscore 

[]
Round 40 global test acc  92.8600
Round 40 Fscore 

[]
Round 41 global test acc  84.4700
Round 41 Fscore 

[]
Round 42 global test acc  90.3900
Round 42 Fscore 

[]
Round 43 global test acc  90.9400
Round 43 Fscore 

[]
Round 44 global test acc  93.1100
Round 44 Fscore 

[]
Round 45 global test acc  93.2300
Round 45 Fscore 

[]
Round 46 global test acc  93.0000
Round 46 Fscore 

[]
Round 47 global test acc  92.3100
Round 47 Fscore 

[]
Round 48 global test acc  93.6100
Round 48 Fscore 

[]
Round 49 global test acc  93.2700
Round 49 Fscore 

[]
Round 50 global test acc  93.8000
Round 50 Fscore 

[]
Round 51 global test acc  94.6200
Round 51 Fscore 

[]
Round 52 global test acc  93.7200
Round 52 Fscore 

[]
Round 53 global test acc  94.2000
Round 53 Fscore 

[]
Round 54 global test acc  93.1300
Round 54 Fscore 

[]
Round 55 global test acc  94.7600
Round 55 Fscore 

[]
Round 56 global test acc  93.8300
Round 56 Fscore 

[]
Round 57 global test acc  94.0000
Round 57 Fscore 

[]
Round 58 global test acc  94.5900
Round 58 Fscore 

[]
Round 59 global test acc  94.6800
Round 59 Fscore 

[]
Round 60 global test acc  94.4800
Round 60 Fscore 

[]
Round 61 global test acc  94.6800
Round 61 Fscore 

[]
Round 62 global test acc  93.2700
Round 62 Fscore 

[]
Round 63 global test acc  93.5500
Round 63 Fscore 

[]
Round 64 global test acc  94.7000
Round 64 Fscore 

[]
Round 65 global test acc  93.7900
Round 65 Fscore 

[]
Round 66 global test acc  94.6100
Round 66 Fscore 

[]
Round 67 global test acc  94.3400
Round 67 Fscore 

[]
Round 68 global test acc  94.9000
Round 68 Fscore 

[]
Round 69 global test acc  95.2100
Round 69 Fscore 

[]
Round 70 global test acc  95.4400
Round 70 Fscore 

[]
Round 71 global test acc  94.3900
Round 71 Fscore 

[]
Round 72 global test acc  94.3500
Round 72 Fscore 

[]
Round 73 global test acc  95.0700
Round 73 Fscore 

[]
Round 74 global test acc  94.2600
Round 74 Fscore 

[]
Round 75 global test acc  95.5100
Round 75 Fscore 

[]
Round 76 global test acc  95.1200
Round 76 Fscore 

[]
Round 77 global test acc  94.8700
Round 77 Fscore 

[]
Round 78 global test acc  94.9900
Round 78 Fscore 

[]
Round 79 global test acc  94.1000
Round 79 Fscore 

[]
Round 80 global test acc  95.4700
Round 80 Fscore 

[]
Round 81 global test acc  94.5500
Round 81 Fscore 

[]
Round 82 global test acc  94.1800
Round 82 Fscore 

[]
Round 83 global test acc  94.5100
Round 83 Fscore 

[]
Round 84 global test acc  95.5200
Round 84 Fscore 

[]
Round 85 global test acc  93.6000
Round 85 Fscore 

[]
Round 86 global test acc  93.9800
Round 86 Fscore 

[]
Round 87 global test acc  95.0400
Round 87 Fscore 

[]
Round 88 global test acc  94.9900
Round 88 Fscore 

[]
Round 89 global test acc  94.6400
Round 89 Fscore 

[]
Round 90 global test acc  93.8600
Round 90 Fscore 

[]
Round 91 global test acc  95.3900
Round 91 Fscore 

[]
Round 92 global test acc  95.1600
Round 92 Fscore 

[]
Round 93 global test acc  94.5800
Round 93 Fscore 

[]
Round 94 global test acc  94.5100
Round 94 Fscore 

[]
Round 95 global test acc  93.1700
Round 95 Fscore 

[]
Round 96 global test acc  94.3700
Round 96 Fscore 

[]
Round 97 global test acc  95.0300
Round 97 Fscore 

[]
Round 98 global test acc  95.8400
Round 98 Fscore 

[]
Round 99 global test acc  95.8700
Round 99 Fscore 

[]
Round 100 global test acc  95.9300
Round 100 Fscore 

[]
Round 101 global test acc  95.6900
Round 101 Fscore 

[]
Round 102 global test acc  95.5000
Round 102 Fscore 

[]
Round 103 global test acc  92.9400
Round 103 Fscore 

[]
Round 104 global test acc  94.8300
Round 104 Fscore 

[]
Round 105 global test acc  95.0700
Round 105 Fscore 

[]
Round 106 global test acc  95.5700
Round 106 Fscore 

[]
Round 107 global test acc  95.4100
Round 107 Fscore 

[]
Round 108 global test acc  95.4000
Round 108 Fscore 

[]
Round 109 global test acc  94.7500
Round 109 Fscore 

[]
Round 110 global test acc  94.9000
Round 110 Fscore 

[]
Round 111 global test acc  95.1500
Round 111 Fscore 

[]
Round 112 global test acc  95.2900
Round 112 Fscore 

[]
Round 113 global test acc  95.1200
Round 113 Fscore 

[]
Round 114 global test acc  95.3900
Round 114 Fscore 

[]
Round 115 global test acc  95.6200
Round 115 Fscore 

[]
Round 116 global test acc  95.0700
Round 116 Fscore 

[]
Round 117 global test acc  95.7200
Round 117 Fscore 

[]
Round 118 global test acc  95.5400
Round 118 Fscore 

[]
Round 119 global test acc  95.2600
Round 119 Fscore 

[]
Round 120 global test acc  95.3500
Round 120 Fscore 

[]
Round 121 global test acc  95.3300
Round 121 Fscore 

[]
Round 122 global test acc  95.6400
Round 122 Fscore 

[]
Round 123 global test acc  95.2000
Round 123 Fscore 

[]
Round 124 global test acc  95.4000
Round 124 Fscore 

[]
Round 125 global test acc  95.4200
Round 125 Fscore 

[]
Round 126 global test acc  95.5200
Round 126 Fscore 

[]
Round 127 global test acc  95.1700
Round 127 Fscore 

[]
Round 128 global test acc  95.5400
Round 128 Fscore 

[]
Round 129 global test acc  95.6400
Round 129 Fscore 

[]
Round 130 global test acc  95.2200
Round 130 Fscore 

[]
Round 131 global test acc  95.4500
Round 131 Fscore 

[]
Round 132 global test acc  95.4500
Round 132 Fscore 

[]
Round 133 global test acc  95.4300
Round 133 Fscore 

[]
Round 134 global test acc  95.9100
Round 134 Fscore 

[]
Round 135 global test acc  95.8000
Round 135 Fscore 

[]
Round 136 global test acc  95.4700
Round 136 Fscore 

[]
Round 137 global test acc  94.8500
Round 137 Fscore 

[]
Round 138 global test acc  94.9400
Round 138 Fscore 

[]
Round 139 global test acc  94.8400
Round 139 Fscore 

[]
Round 140 global test acc  94.8700
Round 140 Fscore 

[]
Round 141 global test acc  95.1800
Round 141 Fscore 

[]
Round 142 global test acc  94.6500
Round 142 Fscore 

[]
Round 143 global test acc  94.7500
Round 143 Fscore 

[]
Round 144 global test acc  94.9500
Round 144 Fscore 

[]
Round 145 global test acc  95.2400
Round 145 Fscore 

[]
Round 146 global test acc  95.1300
Round 146 Fscore 

[]
Round 147 global test acc  95.6500
Round 147 Fscore 

[]
Round 148 global test acc  95.5700
Round 148 Fscore 

[]
Round 149 global test acc  95.6800
Round 149 Fscore 

[]
Round 150 global test acc  95.7900
Round 150 Fscore 

[]
Round 151 global test acc  95.8000
Round 151 Fscore 

[]
Round 152 global test acc  95.5000
Round 152 Fscore 

[]
Round 153 global test acc  94.4200
Round 153 Fscore 

[]
Round 154 global test acc  95.6400
Round 154 Fscore 

[]
Round 155 global test acc  95.3500
Round 155 Fscore 

[]
Round 156 global test acc  95.1500
Round 156 Fscore 

[]
Round 157 global test acc  95.2500
Round 157 Fscore 

[]
Round 158 global test acc  95.4300
Round 158 Fscore 

[]
Round 159 global test acc  95.5400
Round 159 Fscore 

[]
Round 160 global test acc  95.3500
Round 160 Fscore 

[]
Round 161 global test acc  95.3600
Round 161 Fscore 

[]
Round 162 global test acc  95.4500
Round 162 Fscore 

[]
Round 163 global test acc  95.6600
Round 163 Fscore 

[]
Round 164 global test acc  95.6100
Round 164 Fscore 

[]
Round 165 global test acc  95.4700
Round 165 Fscore 

[]
Round 166 global test acc  95.5700
Round 166 Fscore 

[]
Round 167 global test acc  95.8500
Round 167 Fscore 

[]
Round 168 global test acc  95.8500
Round 168 Fscore 

[]
Round 169 global test acc  95.4100
Round 169 Fscore 

[]
Round 170 global test acc  95.6200
Round 170 Fscore 

[]
Round 171 global test acc  95.6400
Round 171 Fscore 

[]
Round 172 global test acc  95.4100
Round 172 Fscore 

[]
Round 173 global test acc  95.2000
Round 173 Fscore 

[]
Round 174 global test acc  94.4900
Round 174 Fscore 

[]
Round 175 global test acc  94.6200
Round 175 Fscore 

[]
Round 176 global test acc  94.9400
Round 176 Fscore 

[]
Round 177 global test acc  95.0400
Round 177 Fscore 

[]
Round 178 global test acc  95.4500
Round 178 Fscore 

[]
Round 179 global test acc  94.7800
Round 179 Fscore 

[]
Round 180 global test acc  94.9100
Round 180 Fscore 

[]
Round 181 global test acc  94.9900
Round 181 Fscore 

[]
Round 182 global test acc  95.2600
Round 182 Fscore 

[]
Round 183 global test acc  95.3400
Round 183 Fscore 

[]
Round 184 global test acc  95.8300
Round 184 Fscore 

[]
Round 185 global test acc  95.7400
Round 185 Fscore 

[]
Round 186 global test acc  95.4100
Round 186 Fscore 

[]
Round 187 global test acc  95.4400
Round 187 Fscore 

[]
Round 188 global test acc  95.8700
Round 188 Fscore 

[]
Round 189 global test acc  95.6500
Round 189 Fscore 

[]
Round 190 global test acc  95.3300
Round 190 Fscore 

[]
Round 191 global test acc  94.8500
Round 191 Fscore 

[]
Round 192 global test acc  94.8600
Round 192 Fscore 

[]
Round 193 global test acc  95.3800
Round 193 Fscore 

[]
Round 194 global test acc  95.7800
Round 194 Fscore 

[]
Round 195 global test acc  95.6300
Round 195 Fscore 

[]
Round 196 global test acc  95.2600
Round 196 Fscore 

[]
Round 197 global test acc  95.6300
Round 197 Fscore 

[]
Round 198 global test acc  95.0400
Round 198 Fscore 

[]
Round 199 global test acc  95.5700
Round 199 Fscore 

[0.7770700454711914, 0.49635034799575806, 0.8488612771034241, 0.8599168062210083, 0.5769230723381042, 0.8662042021751404, 0.7472527027130127, 0.8877418637275696, 0.841911792755127, 0.8912037014961243, 0.642276406288147, 0.8562162518501282, 0.8666666746139526, 0.8697182536125183, 0.8585018515586853, 0.9028036594390869, 0.8686326742172241, 0.7136150598526001, 0.6157518029212952, 0.8435373902320862, 0.6987179517745972, 0.462395578622818, 0.7112970948219299, 0.8239609003067017, 0.8828829526901245, 0.5763547420501709, 0.5695363879203796, 0.9160997271537781, 0.8603352308273315, 0.5751295685768127, 0.7325102686882019, 0.8645533323287964, 0.8807106614112854, 0.8714107275009155, 0.7450000643730164, 0.6451613306999207, 0.46351927518844604, 0.6958763003349304, 0.7649573087692261, 0.6090713143348694, 0.8605577945709229, 0.7599999904632568, 0.685512363910675, 0.8983606696128845, 0.786749541759491, 0.8546144366264343, 0.8470149040222168, 0.8521400690078735, 0.8548168540000916, 0.8694214820861816, 0.6864864826202393, 0.8863158226013184, 0.7580299377441406, 0.8736060261726379, 0.8115383982658386, 0.8311687707901001, 0.8424437642097473, 0.7121951580047607, 0.8863919973373413, 0.8636364340782166, 0.5867347121238708, 0.7781819105148315, 0.8645358085632324, 0.6507936120033264, 0.5245282649993896, 0.5318352580070496, 0.7012448310852051, 0.855195939540863, 0.5340599417686462, 0.7445254921913147, 0.5552050471305847, 0.7235142588615417, 0.8924855589866638, 0.47826087474823, 0.8631578683853149, 0.7283236980438232, 0.8549107313156128, 0.851711094379425, 0.8383838534355164, 0.6864686608314514, 0.8042327761650085, 0.75968998670578, 0.4188481569290161, 0.84375, 0.8853409886360168, 0.7993921637535095, 0.7026087641716003, 0.5207756757736206, 0.8402777910232544, 0.8075709342956543, 0.8571429252624512, 0.879452109336853, 0.8587786555290222, 0.5807962417602539, 0.8784313797950745, 0.6090534925460815, 0.5985401272773743, 0.6848484873771667, 0.8114629983901978, 0.846846878528595]
time : 8837.55223107338
('algorithm', 'RFL')
('gpu', 0)
('seed', 13)
('save_dir', './record/')
('rounds2', 200)
('local_ep', 5)
('frac2', 0.1)
('num_users', 100)
('local_bs', 32)
('lr', 0.1)
('model', 'lenet')
('num_classes', 10)
('level_n_system', 1.0)
('level_n_lowerb', 0.5)
('alpha_dirichlet', 10)
('non_iid_prob_class', 0.9)
('dataset', 'mnist')
('iid', False)
('LID_k', 20)
('iteration1', 5)
('rounds1', 200)
('frac1', 0.01)
('pretrained', False)
('mixup', False)
('alpha', 1)
('beta', 5)
('relabel_ratio', 0.5)
('confidence_thres', 0.5)
('clean_set_thres', 0.1)
('fine_tuning', True)
('correction', True)
('T_pl', 100)
('lambda_cen', 1.0)
('lambda_e', 0.8)
('num_gradual', 10)
('forget_rate', 0.2)
('lr_decay', 0.1)
('schedule', [])
('momentum', 0.5)
('weight_decay', 0.0001)
('feature_dim', 128)
('plr', 0.05)
('lamda', 15)
('K', 5)
('gamma', 1)
('begin_sel', 10)
('max_beta', 2)
('mu', 0.01)
('device', device(type='cuda', index=0))
Client 0, noise level: 0.8484 (0.7635), real noise ratio: 0.7594
Client 1, noise level: 0.9815 (0.8834), real noise ratio: 0.8646
Client 2, noise level: 0.6389 (0.5750), real noise ratio: 0.5925
Client 3, noise level: 0.6168 (0.5551), real noise ratio: 0.5479
Client 4, noise level: 0.9228 (0.8306), real noise ratio: 0.8425
Client 5, noise level: 0.6121 (0.5509), real noise ratio: 0.5595
Client 6, noise level: 0.8445 (0.7600), real noise ratio: 0.7496
Client 7, noise level: 0.5767 (0.5191), real noise ratio: 0.4991
Client 8, noise level: 0.6018 (0.5416), real noise ratio: 0.4991
Client 9, noise level: 0.5338 (0.4804), real noise ratio: 0.4668
Client 10, noise level: 0.8747 (0.7873), real noise ratio: 0.7807
Client 11, noise level: 0.5900 (0.5310), real noise ratio: 0.5329
Client 12, noise level: 0.5621 (0.5059), real noise ratio: 0.4983
Client 13, noise level: 0.6124 (0.5512), real noise ratio: 0.5629
Client 14, noise level: 0.6397 (0.5758), real noise ratio: 0.5886
Client 15, noise level: 0.5169 (0.4652), real noise ratio: 0.4919
Client 16, noise level: 0.6272 (0.5645), real noise ratio: 0.5686
Client 17, noise level: 0.8344 (0.7510), real noise ratio: 0.7593
Client 18, noise level: 0.8800 (0.7920), real noise ratio: 0.7941
Client 19, noise level: 0.6130 (0.5517), real noise ratio: 0.5564
Client 20, noise level: 0.8059 (0.7253), real noise ratio: 0.6914
Client 21, noise level: 0.9561 (0.8605), real noise ratio: 0.8709
Client 22, noise level: 0.7708 (0.6937), real noise ratio: 0.6783
Client 23, noise level: 0.6870 (0.6183), real noise ratio: 0.6122
Client 24, noise level: 0.5066 (0.4559), real noise ratio: 0.4580
Client 25, noise level: 0.9147 (0.8232), real noise ratio: 0.8094
Client 26, noise level: 0.9083 (0.8175), real noise ratio: 0.8128
Client 27, noise level: 0.5399 (0.4859), real noise ratio: 0.4941
Client 28, noise level: 0.5858 (0.5273), real noise ratio: 0.5214
Client 29, noise level: 0.9191 (0.8272), real noise ratio: 0.8155
Client 30, noise level: 0.7821 (0.7039), real noise ratio: 0.6904
Client 31, noise level: 0.6749 (0.6074), real noise ratio: 0.5969
Client 32, noise level: 0.5725 (0.5153), real noise ratio: 0.5016
Client 33, noise level: 0.5493 (0.4943), real noise ratio: 0.5251
Client 34, noise level: 0.7801 (0.7021), real noise ratio: 0.6985
Client 35, noise level: 0.8550 (0.7695), real noise ratio: 0.7715
Client 36, noise level: 0.9754 (0.8779), real noise ratio: 0.8744
Client 37, noise level: 0.8740 (0.7866), real noise ratio: 0.8015
Client 38, noise level: 0.6861 (0.6175), real noise ratio: 0.6005
Client 39, noise level: 0.8792 (0.7913), real noise ratio: 0.8066
Client 40, noise level: 0.5355 (0.4820), real noise ratio: 0.4835
Client 41, noise level: 0.8109 (0.7298), real noise ratio: 0.7516
Client 42, noise level: 0.8604 (0.7743), real noise ratio: 0.8098
Client 43, noise level: 0.5209 (0.4688), real noise ratio: 0.4708
Client 44, noise level: 0.6976 (0.6279), real noise ratio: 0.6009
Client 45, noise level: 0.5807 (0.5226), real noise ratio: 0.4870
Client 46, noise level: 0.6380 (0.5742), real noise ratio: 0.5770
Client 47, noise level: 0.6133 (0.5519), real noise ratio: 0.5770
Client 48, noise level: 0.6523 (0.5871), real noise ratio: 0.5727
Client 49, noise level: 0.5681 (0.5113), real noise ratio: 0.4904
Client 50, noise level: 0.8471 (0.7624), real noise ratio: 0.7477
Client 51, noise level: 0.5264 (0.4738), real noise ratio: 0.4803
Client 52, noise level: 0.7907 (0.7116), real noise ratio: 0.7042
Client 53, noise level: 0.5899 (0.5309), real noise ratio: 0.5242
Client 54, noise level: 0.7533 (0.6780), real noise ratio: 0.6521
Client 55, noise level: 0.6408 (0.5767), real noise ratio: 0.5803
Client 56, noise level: 0.6850 (0.6165), real noise ratio: 0.6229
Client 57, noise level: 0.7523 (0.6770), real noise ratio: 0.7093
Client 58, noise level: 0.5612 (0.5050), real noise ratio: 0.5136
Client 59, noise level: 0.5653 (0.5088), real noise ratio: 0.5341
Client 60, noise level: 0.9222 (0.8300), real noise ratio: 0.8103
Client 61, noise level: 0.6961 (0.6265), real noise ratio: 0.6263
Client 62, noise level: 0.5848 (0.5263), real noise ratio: 0.5378
Client 63, noise level: 0.9006 (0.8105), real noise ratio: 0.8256
Client 64, noise level: 0.9551 (0.8596), real noise ratio: 0.8137
Client 65, noise level: 0.9148 (0.8233), real noise ratio: 0.8515
Client 66, noise level: 0.8570 (0.7713), real noise ratio: 0.7783
Client 67, noise level: 0.5497 (0.4947), real noise ratio: 0.5067
Client 68, noise level: 0.9567 (0.8610), real noise ratio: 0.8406
Client 69, noise level: 0.7890 (0.7101), real noise ratio: 0.6819
Client 70, noise level: 0.9501 (0.8551), real noise ratio: 0.8671
Client 71, noise level: 0.7818 (0.7036), real noise ratio: 0.7189
Client 72, noise level: 0.5049 (0.4544), real noise ratio: 0.4608
Client 73, noise level: 0.9971 (0.8974), real noise ratio: 0.8895
Client 74, noise level: 0.5662 (0.5096), real noise ratio: 0.5068
Client 75, noise level: 0.8463 (0.7617), real noise ratio: 0.7569
Client 76, noise level: 0.6671 (0.6004), real noise ratio: 0.6159
Client 77, noise level: 0.5901 (0.5311), real noise ratio: 0.5378
Client 78, noise level: 0.5703 (0.5133), real noise ratio: 0.5159
Client 79, noise level: 0.8346 (0.7512), real noise ratio: 0.7542
Client 80, noise level: 0.6519 (0.5867), real noise ratio: 0.5631
Client 81, noise level: 0.8068 (0.7261), real noise ratio: 0.7156
Client 82, noise level: 0.9678 (0.8710), real noise ratio: 0.8626
Client 83, noise level: 0.6015 (0.5413), real noise ratio: 0.5662
Client 84, noise level: 0.5598 (0.5038), real noise ratio: 0.4970
Client 85, noise level: 0.6961 (0.6265), real noise ratio: 0.6098
Client 86, noise level: 0.8473 (0.7625), real noise ratio: 0.8131
Client 87, noise level: 0.9725 (0.8752), real noise ratio: 0.8569
Client 88, noise level: 0.5817 (0.5235), real noise ratio: 0.5054
Client 89, noise level: 0.7294 (0.6564), real noise ratio: 0.6066
Client 90, noise level: 0.6394 (0.5755), real noise ratio: 0.5875
Client 91, noise level: 0.6023 (0.5421), real noise ratio: 0.5365
Client 92, noise level: 0.6542 (0.5888), real noise ratio: 0.5673
Client 93, noise level: 0.8978 (0.8080), real noise ratio: 0.8145
Client 94, noise level: 0.5464 (0.4918), real noise ratio: 0.4798
Client 95, noise level: 0.9345 (0.8411), real noise ratio: 0.7979
Client 96, noise level: 0.9169 (0.8252), real noise ratio: 0.8110
Client 97, noise level: 0.8409 (0.7568), real noise ratio: 0.7894
Client 98, noise level: 0.6479 (0.5831), real noise ratio: 0.5955
Client 99, noise level: 0.5831 (0.5248), real noise ratio: 0.5262
LeNet(
  (conv1): Conv2d(1, 6, kernel_size=(5, 5), stride=(1, 1))
  (conv2): Conv2d(6, 16, kernel_size=(5, 5), stride=(1, 1))
  (batch_norm): BatchNorm2d(16, eps=1e-05, momentum=0.1, affine=True, track_running_stats=True)
  (fc1): Linear(in_features=400, out_features=120, bias=True)
  (fc2): Linear(in_features=120, out_features=84, bias=True)
  (fc3): Linear(in_features=84, out_features=10, bias=True)
)
Round 0 global test acc  32.2600
Round 0 Fscore 

[]
Round 1 global test acc  26.3600
Round 1 Fscore 

[]
Round 2 global test acc  60.6000
Round 2 Fscore 

[]
Round 3 global test acc  63.6500
Round 3 Fscore 

[]
Round 4 global test acc  69.2100
Round 4 Fscore 

[]
Round 5 global test acc  73.1000
Round 5 Fscore 

[]
Round 6 global test acc  75.4800
Round 6 Fscore 

[]
Round 7 global test acc  78.8300
Round 7 Fscore 

[]
Round 8 global test acc  80.8600
Round 8 Fscore 

[]
Round 9 global test acc  84.7900
Round 9 Fscore 

[]
Round 10 global test acc  85.0100
Round 10 Fscore 

[]
Round 11 global test acc  83.0100
Round 11 Fscore 

[]
Round 12 global test acc  83.0700
Round 12 Fscore 

[]
Round 13 global test acc  88.4100
Round 13 Fscore 

[]
Round 14 global test acc  88.9300
Round 14 Fscore 

[]
Round 15 global test acc  89.7700
Round 15 Fscore 

[]
Round 16 global test acc  80.6000
Round 16 Fscore 

[]
Round 17 global test acc  86.4200
Round 17 Fscore 

[]
Round 18 global test acc  85.3000
Round 18 Fscore 

[]
Round 19 global test acc  87.9400
Round 19 Fscore 

[]
Round 20 global test acc  89.2500
Round 20 Fscore 

[]
Round 21 global test acc  89.7200
Round 21 Fscore 

[]
Round 22 global test acc  90.6600
Round 22 Fscore 

[]
Round 23 global test acc  90.1200
Round 23 Fscore 

[]
Round 24 global test acc  91.0500
Round 24 Fscore 

[]
Round 25 global test acc  89.0300
Round 25 Fscore 

[]
Round 26 global test acc  91.5000
Round 26 Fscore 

[]
Round 27 global test acc  91.4600
Round 27 Fscore 

[]
Round 28 global test acc  92.5700
Round 28 Fscore 

[]
Round 29 global test acc  92.3200
Round 29 Fscore 

[]
Round 30 global test acc  92.8300
Round 30 Fscore 

[]
Round 31 global test acc  91.9500
Round 31 Fscore 

[]
Round 32 global test acc  92.2900
Round 32 Fscore 

[]
Round 33 global test acc  90.3300
Round 33 Fscore 

[]
Round 34 global test acc  92.2600
Round 34 Fscore 

[]
Round 35 global test acc  92.8600
Round 35 Fscore 

[]
Round 36 global test acc  91.8800
Round 36 Fscore 

[]
Round 37 global test acc  90.3000
Round 37 Fscore 

[]
Round 38 global test acc  91.8600
Round 38 Fscore 

[]
Round 39 global test acc  91.3100
Round 39 Fscore 

[]
Round 40 global test acc  91.7700
Round 40 Fscore 

[]
Round 41 global test acc  93.6300
Round 41 Fscore 

[]
Round 42 global test acc  94.1900
Round 42 Fscore 

[]
Round 43 global test acc  93.1200
Round 43 Fscore 

[]
Round 44 global test acc  92.8700
Round 44 Fscore 

[]
Round 45 global test acc  94.0600
Round 45 Fscore 

[]
Round 46 global test acc  93.1600
Round 46 Fscore 

[]
Round 47 global test acc  93.1000
Round 47 Fscore 

[]
Round 48 global test acc  92.3300
Round 48 Fscore 

[]
Round 49 global test acc  92.8100
Round 49 Fscore 

[]
Round 50 global test acc  94.0500
Round 50 Fscore 

[]
Round 51 global test acc  92.7700
Round 51 Fscore 

[]
Round 52 global test acc  94.1400
Round 52 Fscore 

[]
Round 53 global test acc  94.4600
Round 53 Fscore 

[]
Round 54 global test acc  94.0600
Round 54 Fscore 

[]
Round 55 global test acc  93.5100
Round 55 Fscore 

[]
Round 56 global test acc  86.1200
Round 56 Fscore 

[]
Round 57 global test acc  94.1700
Round 57 Fscore 

[]
Round 58 global test acc  93.0500
Round 58 Fscore 

[]
Round 59 global test acc  94.4300
Round 59 Fscore 

[]
Round 60 global test acc  95.0600
Round 60 Fscore 

[]
Round 61 global test acc  94.4800
Round 61 Fscore 

[]
Round 62 global test acc  94.4500
Round 62 Fscore 

[]
Round 63 global test acc  94.8300
Round 63 Fscore 

[]
Round 64 global test acc  94.9200
Round 64 Fscore 

[]
Round 65 global test acc  94.5200
Round 65 Fscore 

[]
Round 66 global test acc  94.9400
Round 66 Fscore 

[]
Round 67 global test acc  94.8500
Round 67 Fscore 

[]
Round 68 global test acc  94.8600
Round 68 Fscore 

[]
Round 69 global test acc  95.0000
Round 69 Fscore 

[]
Round 70 global test acc  94.4600
Round 70 Fscore 

[]
Round 71 global test acc  94.7400
Round 71 Fscore 

[]
Round 72 global test acc  94.0000
Round 72 Fscore 

[]
Round 73 global test acc  95.0400
Round 73 Fscore 

[]
Round 74 global test acc  94.0800
Round 74 Fscore 

[]
Round 75 global test acc  94.5600
Round 75 Fscore 

[]
Round 76 global test acc  94.1100
Round 76 Fscore 

[]
Round 77 global test acc  95.4700
Round 77 Fscore 

[]
Round 78 global test acc  94.9100
Round 78 Fscore 

[]
Round 79 global test acc  92.7300
Round 79 Fscore 

[]
Round 80 global test acc  94.2000
Round 80 Fscore 

[]
Round 81 global test acc  95.1100
Round 81 Fscore 

[]
Round 82 global test acc  95.2600
Round 82 Fscore 

[]
Round 83 global test acc  94.6800
Round 83 Fscore 

[]
Round 84 global test acc  95.3100
Round 84 Fscore 

[]
Round 85 global test acc  95.4900
Round 85 Fscore 

[]
Round 86 global test acc  95.0900
Round 86 Fscore 

[]
Round 87 global test acc  94.8500
Round 87 Fscore 

[]
Round 88 global test acc  95.5200
Round 88 Fscore 

[]
Round 89 global test acc  95.3400
Round 89 Fscore 

[]
Round 90 global test acc  95.2500
Round 90 Fscore 

[]
Round 91 global test acc  93.6800
Round 91 Fscore 

[]
Round 92 global test acc  94.4900
Round 92 Fscore 

[]
Round 93 global test acc  95.0400
Round 93 Fscore 

[]
Round 94 global test acc  94.3300
Round 94 Fscore 

[]
Round 95 global test acc  95.2900
Round 95 Fscore 

[]
Round 96 global test acc  95.3200
Round 96 Fscore 

[]
Round 97 global test acc  95.1100
Round 97 Fscore 

[]
Round 98 global test acc  95.7200
Round 98 Fscore 

[]
Round 99 global test acc  95.6400
Round 99 Fscore 

[]
Round 100 global test acc  96.1600
Round 100 Fscore 

[]
Round 101 global test acc  95.1800
Round 101 Fscore 

[]
Round 102 global test acc  95.1800
Round 102 Fscore 

[]
Round 103 global test acc  95.5200
Round 103 Fscore 

[]
Round 104 global test acc  95.6300
Round 104 Fscore 

[]
Round 105 global test acc  95.3900
Round 105 Fscore 

[]
Round 106 global test acc  94.6300
Round 106 Fscore 

[]
Round 107 global test acc  95.0800
Round 107 Fscore 

[]
Round 108 global test acc  94.9600
Round 108 Fscore 

[]
Round 109 global test acc  95.0800
Round 109 Fscore 

[]
Round 110 global test acc  95.0000
Round 110 Fscore 

[]
Round 111 global test acc  95.0400
Round 111 Fscore 

[]
Round 112 global test acc  95.5900
Round 112 Fscore 

[]
Round 113 global test acc  95.4200
Round 113 Fscore 

[]
Round 114 global test acc  95.3900
Round 114 Fscore 

[]
Round 115 global test acc  95.4300
Round 115 Fscore 

[]
Round 116 global test acc  95.5600
Round 116 Fscore 

[]
Round 117 global test acc  95.4900
Round 117 Fscore 

[]
Round 118 global test acc  95.3100
Round 118 Fscore 

[]
Round 119 global test acc  95.4500
Round 119 Fscore 

[]
Round 120 global test acc  95.1900
Round 120 Fscore 

[]
Round 121 global test acc  95.4600
Round 121 Fscore 

[]
Round 122 global test acc  95.4400
Round 122 Fscore 

[]
Round 123 global test acc  95.4800
Round 123 Fscore 

[]
Round 124 global test acc  96.0100
Round 124 Fscore 

[]
Round 125 global test acc  95.5900
Round 125 Fscore 

[]
Round 126 global test acc  95.9900
Round 126 Fscore 

[]
Round 127 global test acc  95.9700
Round 127 Fscore 

[]
Round 128 global test acc  95.8700
Round 128 Fscore 

[]
Round 129 global test acc  95.7600
Round 129 Fscore 

[]
Round 130 global test acc  93.5500
Round 130 Fscore 

[]
Round 131 global test acc  94.7900
Round 131 Fscore 

[]
Round 132 global test acc  95.0400
Round 132 Fscore 

[]
Round 133 global test acc  95.3000
Round 133 Fscore 

[]
Round 134 global test acc  95.2900
Round 134 Fscore 

[]
Round 135 global test acc  95.6700
Round 135 Fscore 

[]
Round 136 global test acc  95.3400
Round 136 Fscore 

[]
Round 137 global test acc  95.1900
Round 137 Fscore 

[]
Round 138 global test acc  94.8300
Round 138 Fscore 

[]
Round 139 global test acc  95.4000
Round 139 Fscore 

[]
Round 140 global test acc  95.4800
Round 140 Fscore 

[]
Round 141 global test acc  95.7000
Round 141 Fscore 

[]
Round 142 global test acc  95.6000
Round 142 Fscore 

[]
Round 143 global test acc  95.5900
Round 143 Fscore 

[]
Round 144 global test acc  95.7100
Round 144 Fscore 

[]
Round 145 global test acc  95.7700
Round 145 Fscore 

[]
Round 146 global test acc  96.0600
Round 146 Fscore 

[]
Round 147 global test acc  95.9200
Round 147 Fscore 

[]
Round 148 global test acc  95.9000
Round 148 Fscore 

[]
Round 149 global test acc  95.8400
Round 149 Fscore 

[]
Round 150 global test acc  95.7800
Round 150 Fscore 

[]
Round 151 global test acc  95.3300
Round 151 Fscore 

[]
Round 152 global test acc  95.4400
Round 152 Fscore 

[]
Round 153 global test acc  95.7300
Round 153 Fscore 

[]
Round 154 global test acc  95.8000
Round 154 Fscore 

[]
Round 155 global test acc  95.9000
Round 155 Fscore 

[]
Round 156 global test acc  96.1800
Round 156 Fscore 

[]
Round 157 global test acc  96.0100
Round 157 Fscore 

[]
Round 158 global test acc  96.1200
Round 158 Fscore 

[]
Round 159 global test acc  96.0000
Round 159 Fscore 

[]
Round 160 global test acc  96.0900
Round 160 Fscore 

[]
Round 161 global test acc  95.9400
Round 161 Fscore 

[]
Round 162 global test acc  95.8900
Round 162 Fscore 

[]
Round 163 global test acc  95.5000
Round 163 Fscore 

[]
Round 164 global test acc  95.6200
Round 164 Fscore 

[]
Round 165 global test acc  96.0000
Round 165 Fscore 

[]
Round 166 global test acc  95.9500
Round 166 Fscore 

[]
Round 167 global test acc  95.9300
Round 167 Fscore 

[]
Round 168 global test acc  95.5300
Round 168 Fscore 

[]
Round 169 global test acc  95.5700
Round 169 Fscore 

[]
Round 170 global test acc  95.7300
Round 170 Fscore 

[]
Round 171 global test acc  95.8000
Round 171 Fscore 

[]
Round 172 global test acc  95.8500
Round 172 Fscore 

[]
Round 173 global test acc  95.6000
Round 173 Fscore 

[]
Round 174 global test acc  95.6900
Round 174 Fscore 

[]
Round 175 global test acc  95.6900
Round 175 Fscore 

[]
Round 176 global test acc  96.2000
Round 176 Fscore 

[]
Round 177 global test acc  95.9100
Round 177 Fscore 

[]
Round 178 global test acc  95.9000
Round 178 Fscore 

[]
Round 179 global test acc  95.8000
Round 179 Fscore 

[]
Round 180 global test acc  95.8600
Round 180 Fscore 

[]
Round 181 global test acc  95.6300
Round 181 Fscore 

[]
Round 182 global test acc  95.9200
Round 182 Fscore 

[]
Round 183 global test acc  96.1000
Round 183 Fscore 

[]
Round 184 global test acc  95.5900
Round 184 Fscore 

[]
Round 185 global test acc  95.6300
Round 185 Fscore 

[]
Round 186 global test acc  95.8700
Round 186 Fscore 

[]
Round 187 global test acc  96.4300
Round 187 Fscore 

[]
Round 188 global test acc  96.0300
Round 188 Fscore 

[]
Round 189 global test acc  96.0000
Round 189 Fscore 

[]
Round 190 global test acc  96.0200
Round 190 Fscore 

[]
Round 191 global test acc  96.2900
Round 191 Fscore 

[]
Round 192 global test acc  96.3400
Round 192 Fscore 

[]
Round 193 global test acc  96.0200
Round 193 Fscore 

[]
Round 194 global test acc  96.1200
Round 194 Fscore 

[]
Round 195 global test acc  96.1300
Round 195 Fscore 

[]
Round 196 global test acc  96.1600
Round 196 Fscore 

[]
Round 197 global test acc  96.3800
Round 197 Fscore 

[]
Round 198 global test acc  96.4100
Round 198 Fscore 

[]
Round 199 global test acc  96.2600
Round 199 Fscore 

[0.6546546816825867, 0.4985337257385254, 0.8027210831642151, 0.8425787091255188, 0.5584045648574829, 0.840506374835968, 0.6749999523162842, 0.845930278301239, 0.843894898891449, 0.8866499066352844, 0.623115599155426, 0.8247162699699402, 0.8472622632980347, 0.8246154189109802, 0.807881772518158, 0.8843750357627869, 0.8006088137626648, 0.644257664680481, 0.620895504951477, 0.8300282955169678, 0.7279999852180481, 0.48630136251449585, 0.7268722057342529, 0.7764706611633301, 0.8697354793548584, 0.6025974154472351, 0.5559322237968445, 0.8457711935043335, 0.8371466994285583, 0.5960591435432434, 0.7166361808776855, 0.7910959124565125, 0.8575304746627808, 0.8188406229019165, 0.7511962056159973, 0.63670414686203, 0.4573002755641937, 0.6276346445083618, 0.7836539149284363, 0.5866666436195374, 0.8631922006607056, 0.6935123205184937, 0.6033898591995239, 0.875, 0.7871720194816589, 0.8634020686149597, 0.805152952671051, 0.8132911920547485, 0.8242245316505432, 0.8552278876304626, 0.6421405076980591, 0.8653294444084167, 0.7350000143051147, 0.8415584564208984, 0.7818930149078369, 0.8007662892341614, 0.8165374398231506, 0.6960557103157043, 0.8635579347610474, 0.8424068689346313, 0.6012657880783081, 0.7852761149406433, 0.8571429252624512, 0.5741626620292664, 0.5791855454444885, 0.5071429014205933, 0.6409638524055481, 0.855140209197998, 0.5108433365821838, 0.7601625919342041, 0.4925816059112549, 0.73617023229599, 0.8793103098869324, 0.4357142448425293, 0.8428874015808105, 0.6395348906517029, 0.8085867166519165, 0.8436974287033081, 0.823699414730072, 0.6803069114685059, 0.8244766592979431, 0.7198067307472229, 0.4728682041168213, 0.8159721493721008, 0.8655569553375244, 0.7791303992271423, 0.6086956262588501, 0.4871060252189636, 0.8703956604003906, 0.8166351318359375, 0.822510838508606, 0.8441330194473267, 0.813559353351593, 0.5714285373687744, 0.8821917772293091, 0.6086956262588501, 0.5968109369277954, 0.6174496412277222, 0.7976011633872986, 0.846368670463562]
time : 9734.463220357895













/Users/jixinyuan/opt/anaconda3/envs/pytorch/bin/python /Applications/PyCharm.app/Contents/plugins/python/helpers/pydev/pydevd.py --multiprocess --qt-support=auto --client 127.0.0.1 --port 58853 --file /Users/jixinyuan///FedNoisyLabelLearning/main.py -algo RFL --non_iid_prob_class 0.3
 pydev ( 223.8617.48)max_beta = 2
('algorithm', 'RFL')
('gpu', 0)
('seed', 13)
('save_dir', './record/')
('rounds2', 300)
('local_ep', 5)
('frac2', 0.1)
('num_users', 100)
('local_bs', 32)
('lr', 0.1)
('model', 'lenet')
('num_classes', 10)
('level_n_system', 1)
('level_n_lowerb', 0.5)
('alpha_dirichlet', 10)
('non_iid_prob_class', 0.3)
('dataset', 'mnist')
('iid', False)
('LID_k', 20)
('iteration1', 5)
('rounds1', 200)
('frac1', 0.001)
('pretrained', False)
('mixup', False)
('alpha', 1)
('beta', 5)
('relabel_ratio', 0.5)
('confidence_thres', 0.5)
('clean_set_thres', 0.1)
('fine_tuning', True)
('correction', True)
('T_pl', 100)
('lambda_cen', 1.0)
('lambda_e', 0.8)
('num_gradual', 10)
('forget_rate', 0.2)
('feature_dim', 128)
('plr', 0.05)
('lamda', 15)
('K', 5)
('gamma', 1)
('begin_sel', 10)
('max_beta', 2)
('with_correction', False)
('without_CR', False)
('without_alternative_update', False)
('without_regularization_term', False)
('mu', 0.01)
('device', device(type='cpu'))
Client 0, noise level: 0.8484 (0.7635), real noise ratio: 0.7418
Client 1, noise level: 0.9815 (0.8834), real noise ratio: 0.8855
Client 2, noise level: 0.6389 (0.5750), real noise ratio: 0.5508
Client 3, noise level: 0.6168 (0.5551), real noise ratio: 0.5359
Client 4, noise level: 0.9228 (0.8306), real noise ratio: 0.7772
Client 5, noise level: 0.6121 (0.5509), real noise ratio: 0.5269
Client 6, noise level: 0.8445 (0.7600), real noise ratio: 0.7630
Client 7, noise level: 0.5767 (0.5191), real noise ratio: 0.5274
Client 8, noise level: 0.6018 (0.5416), real noise ratio: 0.5386
Client 9, noise level: 0.5338 (0.4804), real noise ratio: 0.4692
Client 10, noise level: 0.8747 (0.7873), real noise ratio: 0.8126
Client 11, noise level: 0.5900 (0.5310), real noise ratio: 0.5260
Client 12, noise level: 0.5621 (0.5059), real noise ratio: 0.5234
Client 13, noise level: 0.6124 (0.5512), real noise ratio: 0.5431
Client 14, noise level: 0.6397 (0.5758), real noise ratio: 0.5783
Client 15, noise level: 0.5169 (0.4652), real noise ratio: 0.4635
Client 16, noise level: 0.6272 (0.5645), real noise ratio: 0.5728
Client 17, noise level: 0.8344 (0.7510), real noise ratio: 0.7295
Client 18, noise level: 0.8800 (0.7920), real noise ratio: 0.7716
Client 19, noise level: 0.6130 (0.5517), real noise ratio: 0.5278
Client 20, noise level: 0.8059 (0.7253), real noise ratio: 0.7195
Client 21, noise level: 0.9561 (0.8605), real noise ratio: 0.8505
Client 22, noise level: 0.7708 (0.6937), real noise ratio: 0.7044
Client 23, noise level: 0.6870 (0.6183), real noise ratio: 0.6006
Client 24, noise level: 0.5066 (0.4559), real noise ratio: 0.4477
Client 25, noise level: 0.9147 (0.8232), real noise ratio: 0.8286
Client 26, noise level: 0.9083 (0.8175), real noise ratio: 0.7948
Client 27, noise level: 0.5399 (0.4859), real noise ratio: 0.4991
Client 28, noise level: 0.5858 (0.5273), real noise ratio: 0.5271
Client 29, noise level: 0.9191 (0.8272), real noise ratio: 0.8568
Client 30, noise level: 0.7821 (0.7039), real noise ratio: 0.7528
Client 31, noise level: 0.6749 (0.6074), real noise ratio: 0.6173
Client 32, noise level: 0.5725 (0.5153), real noise ratio: 0.5074
Client 33, noise level: 0.5493 (0.4943), real noise ratio: 0.5449
Client 34, noise level: 0.7801 (0.7021), real noise ratio: 0.6743
Client 35, noise level: 0.8550 (0.7695), real noise ratio: 0.7722
Client 36, noise level: 0.9754 (0.8779), real noise ratio: 0.9137
Client 37, noise level: 0.8740 (0.7866), real noise ratio: 0.8110
Client 38, noise level: 0.6861 (0.6175), real noise ratio: 0.6223
Client 39, noise level: 0.8792 (0.7913), real noise ratio: 0.7892
Client 40, noise level: 0.5355 (0.4820), real noise ratio: 0.4996
Client 41, noise level: 0.8109 (0.7298), real noise ratio: 0.7335
Client 42, noise level: 0.8604 (0.7743), real noise ratio: 0.7683
Client 43, noise level: 0.5209 (0.4688), real noise ratio: 0.4669
Client 44, noise level: 0.6976 (0.6279), real noise ratio: 0.6361
Client 45, noise level: 0.5807 (0.5226), real noise ratio: 0.5120
Client 46, noise level: 0.6380 (0.5742), real noise ratio: 0.5463
Client 47, noise level: 0.6133 (0.5519), real noise ratio: 0.5664
Client 48, noise level: 0.6523 (0.5871), real noise ratio: 0.5806
Client 49, noise level: 0.5681 (0.5113), real noise ratio: 0.4927
Client 50, noise level: 0.8471 (0.7624), real noise ratio: 0.7179
Client 51, noise level: 0.5264 (0.4738), real noise ratio: 0.4771
Client 52, noise level: 0.7907 (0.7116), real noise ratio: 0.7267
Client 53, noise level: 0.5899 (0.5309), real noise ratio: 0.5255
Client 54, noise level: 0.7533 (0.6780), real noise ratio: 0.6541
Client 55, noise level: 0.6408 (0.5767), real noise ratio: 0.5953
Client 56, noise level: 0.6850 (0.6165), real noise ratio: 0.6143
Client 57, noise level: 0.7523 (0.6770), real noise ratio: 0.6733
Client 58, noise level: 0.5612 (0.5050), real noise ratio: 0.5000
Client 59, noise level: 0.5653 (0.5088), real noise ratio: 0.5139
Client 60, noise level: 0.9222 (0.8300), real noise ratio: 0.8430
Client 61, noise level: 0.6961 (0.6265), real noise ratio: 0.6483
Client 62, noise level: 0.5848 (0.5263), real noise ratio: 0.5381
Client 63, noise level: 0.9006 (0.8105), real noise ratio: 0.7879
Client 64, noise level: 0.9551 (0.8596), real noise ratio: 0.8093
Client 65, noise level: 0.9148 (0.8233), real noise ratio: 0.8143
Client 66, noise level: 0.8570 (0.7713), real noise ratio: 0.7758
Client 67, noise level: 0.5497 (0.4947), real noise ratio: 0.4843
Client 68, noise level: 0.9567 (0.8610), real noise ratio: 0.8645
Client 69, noise level: 0.7890 (0.7101), real noise ratio: 0.7081
Client 70, noise level: 0.9501 (0.8551), real noise ratio: 0.8381
Client 71, noise level: 0.7818 (0.7036), real noise ratio: 0.6819
Client 72, noise level: 0.5049 (0.4544), real noise ratio: 0.5026
Client 73, noise level: 0.9971 (0.8974), real noise ratio: 0.8798
Client 74, noise level: 0.5662 (0.5096), real noise ratio: 0.5016
Client 75, noise level: 0.8463 (0.7617), real noise ratio: 0.7603
Client 76, noise level: 0.6671 (0.6004), real noise ratio: 0.6364
Client 77, noise level: 0.5901 (0.5311), real noise ratio: 0.5363
Client 78, noise level: 0.5703 (0.5133), real noise ratio: 0.4893
Client 79, noise level: 0.8346 (0.7512), real noise ratio: 0.7167
Client 80, noise level: 0.6519 (0.5867), real noise ratio: 0.5628
Client 81, noise level: 0.8068 (0.7261), real noise ratio: 0.7090
Client 82, noise level: 0.9678 (0.8710), real noise ratio: 0.8617
Client 83, noise level: 0.6015 (0.5413), real noise ratio: 0.5045
Client 84, noise level: 0.5598 (0.5038), real noise ratio: 0.5635
Client 85, noise level: 0.6961 (0.6265), real noise ratio: 0.6071
Client 86, noise level: 0.8473 (0.7625), real noise ratio: 0.7749
Client 87, noise level: 0.9725 (0.8752), real noise ratio: 0.8713
Client 88, noise level: 0.5817 (0.5235), real noise ratio: 0.4955
Client 89, noise level: 0.7294 (0.6564), real noise ratio: 0.6263
Client 90, noise level: 0.6394 (0.5755), real noise ratio: 0.5477
Client 91, noise level: 0.6023 (0.5421), real noise ratio: 0.5374
Client 92, noise level: 0.6542 (0.5888), real noise ratio: 0.5766
Client 93, noise level: 0.8978 (0.8080), real noise ratio: 0.8322
Client 94, noise level: 0.5464 (0.4918), real noise ratio: 0.5215
Client 95, noise level: 0.9345 (0.8411), real noise ratio: 0.8307
Client 96, noise level: 0.9169 (0.8252), real noise ratio: 0.7895
Client 97, noise level: 0.8409 (0.7568), real noise ratio: 0.7258
Client 98, noise level: 0.6479 (0.5831), real noise ratio: 0.6226
Client 99, noise level: 0.5831 (0.5248), real noise ratio: 0.4848
LeNet(
  (conv1): Conv2d(1, 6, kernel_size=(5, 5), stride=(1, 1))
  (conv2): Conv2d(6, 16, kernel_size=(5, 5), stride=(1, 1))
  (batch_norm): BatchNorm2d(16, eps=1e-05, momentum=0.1, affine=True, track_running_stats=True)
  (fc1): Linear(in_features=400, out_features=120, bias=True)
  (fc2): Linear(in_features=120, out_features=84, bias=True)
  (fc3): Linear(in_features=84, out_features=10, bias=True)
)
Round 0 global test acc  39.4700
Round 0 Fscore

[]
Round 1 global test acc  32.3400
Round 1 Fscore

[]
Round 2 global test acc  58.8100
Round 2 Fscore

[]
Round 3 global test acc  58.1900
Round 3 Fscore

[]
Round 4 global test acc  60.8700
Round 4 Fscore

[]
Round 5 global test acc  61.3500
Round 5 Fscore

[]
Round 6 global test acc  66.7300
Round 6 Fscore

[]
Round 7 global test acc  73.3000
Round 7 Fscore

[]
Round 8 global test acc  76.1200
Round 8 Fscore

[]
Round 9 global test acc  71.0800
Round 9 Fscore

[]
Round 10 global test acc  67.4500
Round 10 Fscore

[]
Round 11 global test acc  79.0900
Round 11 Fscore

[]
Round 12 global test acc  77.2500
Round 12 Fscore

[]
Round 13 global test acc  80.8800
Round 13 Fscore

[]
Round 14 global test acc  79.9500
Round 14 Fscore

[]
Round 15 global test acc  84.1700
Round 15 Fscore

[]
Round 16 global test acc  79.1200
Round 16 Fscore

[]
Round 17 global test acc  85.9700
Round 17 Fscore

[]
Round 18 global test acc  78.9600
Round 18 Fscore

[]
Round 19 global test acc  78.0600
Round 19 Fscore

[]
Round 20 global test acc  80.6600
Round 20 Fscore

[]
Round 21 global test acc  85.2600
Round 21 Fscore

[]
Round 22 global test acc  91.1500
Round 22 Fscore

[]
Round 23 global test acc  89.3500
Round 23 Fscore

[]
Round 24 global test acc  85.0700
Round 24 Fscore

[]
Round 25 global test acc  88.2400
Round 25 Fscore

[]
Round 26 global test acc  89.8900
Round 26 Fscore

[]
Round 27 global test acc  90.7700
Round 27 Fscore

[]
Round 28 global test acc  88.0800
Round 28 Fscore

[]
Round 29 global test acc  88.8100
Round 29 Fscore

[]
Round 30 global test acc  90.7600
Round 30 Fscore

[]
Round 31 global test acc  89.5200
Round 31 Fscore

[]
Round 32 global test acc  90.3200
Round 32 Fscore

[]
Round 33 global test acc  87.5200
Round 33 Fscore

[]
Round 34 global test acc  87.6200
Round 34 Fscore

[]
Round 35 global test acc  86.5100
Round 35 Fscore

[]
Round 36 global test acc  87.7500
Round 36 Fscore

[]
Round 37 global test acc  89.5000
Round 37 Fscore

[]
Round 38 global test acc  92.4900
Round 38 Fscore

[]
Round 39 global test acc  90.7300
Round 39 Fscore

[]
Round 40 global test acc  92.5000
Round 40 Fscore

[]
Round 41 global test acc  92.1500
Round 41 Fscore

[]
Round 42 global test acc  91.8300
Round 42 Fscore

[]
Round 43 global test acc  91.4800
Round 43 Fscore

[]
Round 44 global test acc  92.4800
Round 44 Fscore

[]
Round 45 global test acc  89.7000
Round 45 Fscore

[]
Round 46 global test acc  92.7400
Round 46 Fscore

[]
Round 47 global test acc  90.4300
Round 47 Fscore

[]
Round 48 global test acc  93.2300
Round 48 Fscore

[]
Round 49 global test acc  93.0400
Round 49 Fscore

[]
Round 50 global test acc  93.4700
Round 50 Fscore

[]
Round 51 global test acc  93.9200
Round 51 Fscore

[]
Round 52 global test acc  92.5900
Round 52 Fscore

[]
Round 53 global test acc  90.5700
Round 53 Fscore

[]
Round 54 global test acc  89.6200
Round 54 Fscore

[]
Round 55 global test acc  93.6900
Round 55 Fscore

[]
Round 56 global test acc  90.4300
Round 56 Fscore

[]
Round 57 global test acc  93.8900
Round 57 Fscore

[]
Round 58 global test acc  91.6500
Round 58 Fscore

[]
Round 59 global test acc  92.5000
Round 59 Fscore

[]
Round 60 global test acc  94.1200
Round 60 Fscore

[]
Round 61 global test acc  93.3600
Round 61 Fscore

[]
Round 62 global test acc  94.7300
Round 62 Fscore

[]
Round 63 global test acc  94.3200
Round 63 Fscore

[]
Round 64 global test acc  94.2100
Round 64 Fscore

[]
Round 65 global test acc  92.7700
Round 65 Fscore

[]
Round 66 global test acc  94.3700
Round 66 Fscore

[]
Round 67 global test acc  94.0800
Round 67 Fscore

[]
Round 68 global test acc  94.7700
Round 68 Fscore

[]
Round 69 global test acc  93.8600
Round 69 Fscore

[]
Round 70 global test acc  94.4900
Round 70 Fscore

[]
Round 71 global test acc  94.2200
Round 71 Fscore

[]
Round 72 global test acc  92.3000
Round 72 Fscore

[]
Round 73 global test acc  88.9300
Round 73 Fscore

[]
Round 74 global test acc  94.6400
Round 74 Fscore

[]
Round 75 global test acc  91.0000
Round 75 Fscore

[]
Round 76 global test acc  90.8400
Round 76 Fscore

[]
Round 77 global test acc  93.4800
Round 77 Fscore

[]
Round 78 global test acc  94.3800
Round 78 Fscore

[]
Round 79 global test acc  92.5600
Round 79 Fscore

[]
Round 80 global test acc  93.9200
Round 80 Fscore

[]
Round 81 global test acc  94.7800
Round 81 Fscore

[]
Round 82 global test acc  94.5500
Round 82 Fscore

[]
Round 83 global test acc  94.9200
Round 83 Fscore

[]
Round 84 global test acc  94.4900
Round 84 Fscore

[]
Round 85 global test acc  94.3900
Round 85 Fscore

[]
Round 86 global test acc  93.2200
Round 86 Fscore

[]
Round 87 global test acc  94.7800
Round 87 Fscore

[]
Round 88 global test acc  93.2300
Round 88 Fscore

[]
Round 89 global test acc  93.8300
Round 89 Fscore

[]
Round 90 global test acc  94.6200
Round 90 Fscore

[]
Round 91 global test acc  94.8100
Round 91 Fscore

[]
Round 92 global test acc  94.4100
Round 92 Fscore

[]
Round 93 global test acc  94.8300
Round 93 Fscore

[]
Round 94 global test acc  93.5700
Round 94 Fscore

[]
Round 95 global test acc  93.0800
Round 95 Fscore

[]
Round 96 global test acc  93.8400
Round 96 Fscore

[]
Round 97 global test acc  94.9600
Round 97 Fscore

[]
Round 98 global test acc  94.7400
Round 98 Fscore

[]
Round 99 global test acc  93.8600
Round 99 Fscore

[]
Round 100 global test acc  93.7800
Round 100 Fscore

[]
Round 101 global test acc  90.7600
Round 101 Fscore

[]
Round 102 global test acc  89.7700
Round 102 Fscore

[]
Round 103 global test acc  90.3700
Round 103 Fscore

[]
Round 104 global test acc  89.8500
Round 104 Fscore

[]
Round 105 global test acc  89.1200
Round 105 Fscore

[]
Round 106 global test acc  88.8300
Round 106 Fscore

[]
Round 107 global test acc  90.3400
Round 107 Fscore

[]
Round 108 global test acc  90.8800
Round 108 Fscore

[]
Round 109 global test acc  91.6200
Round 109 Fscore

[]
Round 110 global test acc  90.0500
Round 110 Fscore

[]
Round 111 global test acc  89.9400
Round 111 Fscore

[]
Round 112 global test acc  89.6800
Round 112 Fscore

[]
Round 113 global test acc  88.8500
Round 113 Fscore

[]
Round 114 global test acc  87.0900
Round 114 Fscore

[]
Round 115 global test acc  84.6500
Round 115 Fscore

[]
Round 116 global test acc  78.9500
Round 116 Fscore

[]
Round 117 global test acc  78.2500
Round 117 Fscore

[]
Round 118 global test acc  76.7600
Round 118 Fscore

[]
Round 119 global test acc  76.4800
Round 119 Fscore

[]
Round 120 global test acc  70.8700
Round 120 Fscore

[]
Round 121 global test acc  69.3200
Round 121 Fscore

[]
Round 122 global test acc  68.8100
Round 122 Fscore

[]
Round 123 global test acc  67.4900
Round 123 Fscore

[]
Round 124 global test acc  65.0400
Round 124 Fscore

[]
Round 125 global test acc  64.3600
Round 125 Fscore

[]
Round 126 global test acc  58.2200
Round 126 Fscore

[]
Round 127 global test acc  61.3600
Round 127 Fscore

[]
Round 128 global test acc  57.8000
Round 128 Fscore

[]
Round 129 global test acc  59.6000
Round 129 Fscore

[]
Round 130 global test acc  62.2700
Round 130 Fscore

[]
Round 131 global test acc  62.7000
Round 131 Fscore

[]
Round 132 global test acc  59.9200
Round 132 Fscore

[]
Round 133 global test acc  60.7400
Round 133 Fscore

[]
Round 134 global test acc  55.9100
Round 134 Fscore

[]
Round 135 global test acc  52.7100
Round 135 Fscore

[]
Round 136 global test acc  48.5000
Round 136 Fscore

[]
Round 137 global test acc  46.1100
Round 137 Fscore

[]
Round 138 global test acc  45.0500
Round 138 Fscore

[]
Round 139 global test acc  41.7700
Round 139 Fscore

[]
Round 140 global test acc  40.3300
Round 140 Fscore

[]
Round 141 global test acc  41.4900
Round 141 Fscore

[]
Round 142 global test acc  45.4900
Round 142 Fscore

[]
Round 143 global test acc  41.2600
Round 143 Fscore

[]
Round 144 global test acc  38.8700
Round 144 Fscore

[]
Round 145 global test acc  35.3600
Round 145 Fscore

[]
Round 146 global test acc  38.4800
Round 146 Fscore

[]
Round 147 global test acc  33.6900
Round 147 Fscore

[]
Round 148 global test acc  37.8500
Round 148 Fscore

[]
Round 149 global test acc  39.7600
Round 149 Fscore

[]
Round 150 global test acc  37.2700
Round 150 Fscore

[]
Round 151 global test acc  37.2500
Round 151 Fscore

[]
Round 152 global test acc  35.1200
Round 152 Fscore

[]
Round 153 global test acc  31.2600
Round 153 Fscore

[]
Round 154 global test acc  30.4500
Round 154 Fscore

[]
Round 155 global test acc  33.7100
Round 155 Fscore

[]
Round 156 global test acc  34.3600
Round 156 Fscore

[]
Round 157 global test acc  34.5500
Round 157 Fscore

[]
Round 158 global test acc  34.9900
Round 158 Fscore

[]
Round 159 global test acc  36.6400
Round 159 Fscore

[]
Round 160 global test acc  35.0800
Round 160 Fscore

[]
Round 161 global test acc  32.3000
Round 161 Fscore

[]
Round 162 global test acc  31.9600
Round 162 Fscore

[]
Round 163 global test acc  35.7000
Round 163 Fscore

[]
Round 164 global test acc  35.9900
Round 164 Fscore

[]
Round 165 global test acc  36.0200
Round 165 Fscore

[]
Round 166 global test acc  36.0200
Round 166 Fscore

[]
Round 167 global test acc  34.2000
Round 167 Fscore

[]
Round 168 global test acc  34.8200
Round 168 Fscore

[]
Round 169 global test acc  33.6000
Round 169 Fscore

[]
Round 170 global test acc  32.7000
Round 170 Fscore

[]
Round 171 global test acc  33.8100
Round 171 Fscore

[]
Round 172 global test acc  32.3800
Round 172 Fscore

[]
Round 173 global test acc  32.2000
Round 173 Fscore

[]
Round 174 global test acc  33.8100
Round 174 Fscore

[]
Round 175 global test acc  34.0300
Round 175 Fscore

[]
Round 176 global test acc  33.2900
Round 176 Fscore

[]
Round 177 global test acc  35.8200
Round 177 Fscore

[]
Round 178 global test acc  34.5800
Round 178 Fscore

[]
Round 179 global test acc  35.0200
Round 179 Fscore

[]
Round 180 global test acc  34.6200
Round 180 Fscore

[]
Round 181 global test acc  37.5900
Round 181 Fscore

[]
Round 182 global test acc  37.3800
Round 182 Fscore

[]
Round 183 global test acc  36.3000
Round 183 Fscore

[]
Round 184 global test acc  36.0800
Round 184 Fscore

[]
Round 185 global test acc  36.2000
Round 185 Fscore

[]
Round 186 global test acc  36.8100
Round 186 Fscore

[]
Round 187 global test acc  37.4700
Round 187 Fscore

[]
Round 188 global test acc  36.4700
Round 188 Fscore

[]
Round 189 global test acc  36.2200
Round 189 Fscore

[]
Round 190 global test acc  35.3400
Round 190 Fscore

[]
Round 191 global test acc  36.5000
Round 191 Fscore

[]
Round 192 global test acc  37.6400
Round 192 Fscore

[]
Round 193 global test acc  37.1200
Round 193 Fscore

[]
Round 194 global test acc  35.8600
Round 194 Fscore

[]
Round 195 global test acc  36.1000
Round 195 Fscore

[]
Round 196 global test acc  34.8600
Round 196 Fscore

[]
Round 197 global test acc  34.6600
Round 197 Fscore

[]
Round 198 global test acc  33.8000
Round 198 Fscore

[]
Round 199 global test acc  33.8000
Round 199 Fscore

[0.6427104473114014, 0.4137931764125824, 0.8023810386657715, 0.8066465854644775, 0.5441176295280457, 0.8213165998458862, 0.6132404208183289, 0.7828055024147034, 0.7816901206970215, 0.8613445162773132, 0.4923076927661896, 0.796019971370697, 0.802534282207489, 0.8157181739807129, 0.7160493731498718, 0.8339376449584961, 0.7756233215332031, 0.6562499403953552, 0.6265060305595398, 0.8198019862174988, 0.6566164493560791, 0.4191919267177582, 0.6274192929267883, 0.8092105388641357, 0.8524590730667114, 0.5615763664245605, 0.5371621251106262, 0.8209190964698792, 0.8189415335655212, 0.4656488299369812, 0.6376811265945435, 0.7722269296646118, 0.8333333134651184, 0.7749999761581421, 0.6798029541969299, 0.5491183400154114, 0.3243243098258972, 0.5573033094406128, 0.7420814633369446, 0.5121951103210449, 0.8129973411560059, 0.7002095580101013, 0.5872193574905396, 0.8634453415870667, 0.7569141387939453, 0.7982832193374634, 0.8044943809509277, 0.75218266248703, 0.8143883943557739, 0.8165680170059204, 0.6461538076400757, 0.8140161037445068, 0.6335078477859497, 0.8252911567687988, 0.7183098196983337, 0.7941953539848328, 0.7766990065574646, 0.6909090876579285, 0.8483290076255798, 0.8174386620521545, 0.44262295961380005, 0.6745562553405762, 0.7742748856544495, 0.5413793325424194, 0.5730993747711182, 0.47665053606033325, 0.5882352590560913, 0.7668393850326538, 0.41807910799980164, 0.6521738767623901, 0.5244216322898865, 0.6820809245109558, 0.7945204973220825, 0.42580646276474, 0.8150209188461304, 0.6251993775367737, 0.7636363506317139, 0.7933884263038635, 0.8153701424598694, 0.6355931758880615, 0.7645788788795471, 0.6943165063858032, 0.38658779859542847, 0.8374165296554565, 0.7519999742507935, 0.6650831699371338, 0.602996289730072, 0.4444444179534912, 0.801980197429657, 0.7885714173316956, 0.781800389289856, 0.8323699235916138, 0.7838383913040161, 0.47784197330474854, 0.8098391890525818, 0.5206185579299927, 0.6605504155158997, 0.6433566212654114, 0.6686930060386658, 0.8027211427688599]
time : 6146.2499141693115

,0
