('algorithm', 'RFL')
('gpu', 0)
('seed', 13)
('save_dir', './record/')
('rounds2', 450)
('local_ep', 5)
('frac2', 0.1)
('num_users', 100)
('local_bs', 32)
('lr', 0.01)
('model', 'resnet18')
('num_classes', 10)
('level_n_system', 1.0)
('level_n_lowerb', 0.5)
('alpha_dirichlet', 10)
('non_iid_prob_class', 0.7)
('dataset', 'cifar10')
('iid', True)
('LID_k', 20)
('iteration1', 5)
('rounds1', 200)
('frac1', 0.01)
('pretrained', False)
('mixup', False)
('alpha', 1)
('beta', 5)
('relabel_ratio', 0.5)
('confidence_thres', 0.5)
('clean_set_thres', 0.1)
('fine_tuning', True)
('correction', True)
('T_pl', 100)
('lambda_cen', 1.0)
('lambda_e', 0.8)
('num_gradual', 10)
('forget_rate', 0.2)
('lr_decay', 0.1)
('schedule', [])
('momentum', 0.5)
('weight_decay', 0.0001)
('feature_dim', 128)
('plr', 0.01)
('lamda', 15)
('K', 1)
('gamma', 1)
('begin_sel', 10)
('max_beta', 2)
('mu', 0.01)
('device', device(type='cuda', index=0))
Files already downloaded and verified
Files already downloaded and verified
Client 0, noise level: 0.8484 (0.7635), real noise ratio: 0.7540
Client 1, noise level: 0.9815 (0.8834), real noise ratio: 0.8920
Client 2, noise level: 0.6389 (0.5750), real noise ratio: 0.5780
Client 3, noise level: 0.6168 (0.5551), real noise ratio: 0.5340
Client 4, noise level: 0.9228 (0.8306), real noise ratio: 0.8380
Client 5, noise level: 0.6121 (0.5509), real noise ratio: 0.5400
Client 6, noise level: 0.8445 (0.7600), real noise ratio: 0.7520
Client 7, noise level: 0.5767 (0.5191), real noise ratio: 0.5040
Client 8, noise level: 0.6018 (0.5416), real noise ratio: 0.5100
Client 9, noise level: 0.5338 (0.4804), real noise ratio: 0.4820
Client 10, noise level: 0.8747 (0.7873), real noise ratio: 0.7380
Client 11, noise level: 0.5900 (0.5310), real noise ratio: 0.5420
Client 12, noise level: 0.5621 (0.5059), real noise ratio: 0.4860
Client 13, noise level: 0.6124 (0.5512), real noise ratio: 0.5340
Client 14, noise level: 0.6397 (0.5758), real noise ratio: 0.5740
Client 15, noise level: 0.5169 (0.4652), real noise ratio: 0.4240
Client 16, noise level: 0.6272 (0.5645), real noise ratio: 0.6060
Client 17, noise level: 0.8344 (0.7510), real noise ratio: 0.7540
Client 18, noise level: 0.8800 (0.7920), real noise ratio: 0.7840
Client 19, noise level: 0.6130 (0.5517), real noise ratio: 0.5780
Client 20, noise level: 0.8059 (0.7253), real noise ratio: 0.7740
Client 21, noise level: 0.9561 (0.8605), real noise ratio: 0.8520
Client 22, noise level: 0.7708 (0.6937), real noise ratio: 0.7080
Client 23, noise level: 0.6870 (0.6183), real noise ratio: 0.6120
Client 24, noise level: 0.5066 (0.4559), real noise ratio: 0.4560
Client 25, noise level: 0.9147 (0.8232), real noise ratio: 0.8280
Client 26, noise level: 0.9083 (0.8175), real noise ratio: 0.8140
Client 27, noise level: 0.5399 (0.4859), real noise ratio: 0.4820
Client 28, noise level: 0.5858 (0.5273), real noise ratio: 0.5280
Client 29, noise level: 0.9191 (0.8272), real noise ratio: 0.7980
Client 30, noise level: 0.7821 (0.7039), real noise ratio: 0.7000
Client 31, noise level: 0.6749 (0.6074), real noise ratio: 0.5540
Client 32, noise level: 0.5725 (0.5153), real noise ratio: 0.5200
Client 33, noise level: 0.5493 (0.4943), real noise ratio: 0.4600
Client 34, noise level: 0.7801 (0.7021), real noise ratio: 0.6940
Client 35, noise level: 0.8550 (0.7695), real noise ratio: 0.7360
Client 36, noise level: 0.9754 (0.8779), real noise ratio: 0.8800
Client 37, noise level: 0.8740 (0.7866), real noise ratio: 0.7900
Client 38, noise level: 0.6861 (0.6175), real noise ratio: 0.5900
Client 39, noise level: 0.8792 (0.7913), real noise ratio: 0.7420
Client 40, noise level: 0.5355 (0.4820), real noise ratio: 0.4660
Client 41, noise level: 0.8109 (0.7298), real noise ratio: 0.7300
Client 42, noise level: 0.8604 (0.7743), real noise ratio: 0.7960
Client 43, noise level: 0.5209 (0.4688), real noise ratio: 0.4580
Client 44, noise level: 0.6976 (0.6279), real noise ratio: 0.6180
Client 45, noise level: 0.5807 (0.5226), real noise ratio: 0.5220
Client 46, noise level: 0.6380 (0.5742), real noise ratio: 0.6180
Client 47, noise level: 0.6133 (0.5519), real noise ratio: 0.5460
Client 48, noise level: 0.6523 (0.5871), real noise ratio: 0.5580
Client 49, noise level: 0.5681 (0.5113), real noise ratio: 0.5300
Client 50, noise level: 0.8471 (0.7624), real noise ratio: 0.7780
Client 51, noise level: 0.5264 (0.4738), real noise ratio: 0.5160
Client 52, noise level: 0.7907 (0.7116), real noise ratio: 0.7120
Client 53, noise level: 0.5899 (0.5309), real noise ratio: 0.5000
Client 54, noise level: 0.7533 (0.6780), real noise ratio: 0.6680
Client 55, noise level: 0.6408 (0.5767), real noise ratio: 0.5480
Client 56, noise level: 0.6850 (0.6165), real noise ratio: 0.6240
Client 57, noise level: 0.7523 (0.6770), real noise ratio: 0.6900
Client 58, noise level: 0.5612 (0.5050), real noise ratio: 0.4840
Client 59, noise level: 0.5653 (0.5088), real noise ratio: 0.5160
Client 60, noise level: 0.9222 (0.8300), real noise ratio: 0.8300
Client 61, noise level: 0.6961 (0.6265), real noise ratio: 0.6480
Client 62, noise level: 0.5848 (0.5263), real noise ratio: 0.5400
Client 63, noise level: 0.9006 (0.8105), real noise ratio: 0.8280
Client 64, noise level: 0.9551 (0.8596), real noise ratio: 0.8680
Client 65, noise level: 0.9148 (0.8233), real noise ratio: 0.8040
Client 66, noise level: 0.8570 (0.7713), real noise ratio: 0.7580
Client 67, noise level: 0.5497 (0.4947), real noise ratio: 0.4500
Client 68, noise level: 0.9567 (0.8610), real noise ratio: 0.8440
Client 69, noise level: 0.7890 (0.7101), real noise ratio: 0.7140
Client 70, noise level: 0.9501 (0.8551), real noise ratio: 0.8240
Client 71, noise level: 0.7818 (0.7036), real noise ratio: 0.6860
Client 72, noise level: 0.5049 (0.4544), real noise ratio: 0.4480
Client 73, noise level: 0.9971 (0.8974), real noise ratio: 0.9100
Client 74, noise level: 0.5662 (0.5096), real noise ratio: 0.4940
Client 75, noise level: 0.8463 (0.7617), real noise ratio: 0.7300
Client 76, noise level: 0.6671 (0.6004), real noise ratio: 0.6040
Client 77, noise level: 0.5901 (0.5311), real noise ratio: 0.5380
Client 78, noise level: 0.5703 (0.5133), real noise ratio: 0.5280
Client 79, noise level: 0.8346 (0.7512), real noise ratio: 0.7600
Client 80, noise level: 0.6519 (0.5867), real noise ratio: 0.5640
Client 81, noise level: 0.8068 (0.7261), real noise ratio: 0.7280
Client 82, noise level: 0.9678 (0.8710), real noise ratio: 0.8680
Client 83, noise level: 0.6015 (0.5413), real noise ratio: 0.5680
Client 84, noise level: 0.5598 (0.5038), real noise ratio: 0.4660
Client 85, noise level: 0.6961 (0.6265), real noise ratio: 0.6460
Client 86, noise level: 0.8473 (0.7625), real noise ratio: 0.7720
Client 87, noise level: 0.9725 (0.8752), real noise ratio: 0.8800
Client 88, noise level: 0.5817 (0.5235), real noise ratio: 0.4940
Client 89, noise level: 0.7294 (0.6564), real noise ratio: 0.6340
Client 90, noise level: 0.6394 (0.5755), real noise ratio: 0.5760
Client 91, noise level: 0.6023 (0.5421), real noise ratio: 0.5520
Client 92, noise level: 0.6542 (0.5888), real noise ratio: 0.5880
Client 93, noise level: 0.8978 (0.8080), real noise ratio: 0.7820
Client 94, noise level: 0.5464 (0.4918), real noise ratio: 0.5100
Client 95, noise level: 0.9345 (0.8411), real noise ratio: 0.8480
Client 96, noise level: 0.9169 (0.8252), real noise ratio: 0.8460
Client 97, noise level: 0.8409 (0.7568), real noise ratio: 0.7540
Client 98, noise level: 0.6479 (0.5831), real noise ratio: 0.5960
Client 99, noise level: 0.5831 (0.5248), real noise ratio: 0.5480
ResNet(
  (conv1): Conv2d(3, 64, kernel_size=(3, 3), stride=(1, 1), padding=(1, 1), bias=False)
  (bn1): BatchNorm2d(64, eps=1e-05, momentum=0.1, affine=True, track_running_stats=True)
  (layer1): Sequential(
    (0): BasicBlock(
      (conv1): Conv2d(64, 64, kernel_size=(3, 3), stride=(1, 1), padding=(1, 1), bias=False)
      (bn1): BatchNorm2d(64, eps=1e-05, momentum=0.1, affine=True, track_running_stats=True)
      (conv2): Conv2d(64, 64, kernel_size=(3, 3), stride=(1, 1), padding=(1, 1), bias=False)
      (bn2): BatchNorm2d(64, eps=1e-05, momentum=0.1, affine=True, track_running_stats=True)
      (shortcut): Sequential()
    )
    (1): BasicBlock(
      (conv1): Conv2d(64, 64, kernel_size=(3, 3), stride=(1, 1), padding=(1, 1), bias=False)
      (bn1): BatchNorm2d(64, eps=1e-05, momentum=0.1, affine=True, track_running_stats=True)
      (conv2): Conv2d(64, 64, kernel_size=(3, 3), stride=(1, 1), padding=(1, 1), bias=False)
      (bn2): BatchNorm2d(64, eps=1e-05, momentum=0.1, affine=True, track_running_stats=True)
      (shortcut): Sequential()
    )
  )
  (layer2): Sequential(
    (0): BasicBlock(
      (conv1): Conv2d(64, 128, kernel_size=(3, 3), stride=(2, 2), padding=(1, 1), bias=False)
      (bn1): BatchNorm2d(128, eps=1e-05, momentum=0.1, affine=True, track_running_stats=True)
      (conv2): Conv2d(128, 128, kernel_size=(3, 3), stride=(1, 1), padding=(1, 1), bias=False)
      (bn2): BatchNorm2d(128, eps=1e-05, momentum=0.1, affine=True, track_running_stats=True)
      (shortcut): Sequential(
        (0): Conv2d(64, 128, kernel_size=(1, 1), stride=(2, 2), bias=False)
        (1): BatchNorm2d(128, eps=1e-05, momentum=0.1, affine=True, track_running_stats=True)
      )
    )
    (1): BasicBlock(
      (conv1): Conv2d(128, 128, kernel_size=(3, 3), stride=(1, 1), padding=(1, 1), bias=False)
      (bn1): BatchNorm2d(128, eps=1e-05, momentum=0.1, affine=True, track_running_stats=True)
      (conv2): Conv2d(128, 128, kernel_size=(3, 3), stride=(1, 1), padding=(1, 1), bias=False)
      (bn2): BatchNorm2d(128, eps=1e-05, momentum=0.1, affine=True, track_running_stats=True)
      (shortcut): Sequential()
    )
  )
  (layer3): Sequential(
    (0): BasicBlock(
      (conv1): Conv2d(128, 256, kernel_size=(3, 3), stride=(2, 2), padding=(1, 1), bias=False)
      (bn1): BatchNorm2d(256, eps=1e-05, momentum=0.1, affine=True, track_running_stats=True)
      (conv2): Conv2d(256, 256, kernel_size=(3, 3), stride=(1, 1), padding=(1, 1), bias=False)
      (bn2): BatchNorm2d(256, eps=1e-05, momentum=0.1, affine=True, track_running_stats=True)
      (shortcut): Sequential(
        (0): Conv2d(128, 256, kernel_size=(1, 1), stride=(2, 2), bias=False)
        (1): BatchNorm2d(256, eps=1e-05, momentum=0.1, affine=True, track_running_stats=True)
      )
    )
    (1): BasicBlock(
      (conv1): Conv2d(256, 256, kernel_size=(3, 3), stride=(1, 1), padding=(1, 1), bias=False)
      (bn1): BatchNorm2d(256, eps=1e-05, momentum=0.1, affine=True, track_running_stats=True)
      (conv2): Conv2d(256, 256, kernel_size=(3, 3), stride=(1, 1), padding=(1, 1), bias=False)
      (bn2): BatchNorm2d(256, eps=1e-05, momentum=0.1, affine=True, track_running_stats=True)
      (shortcut): Sequential()
    )
  )
  (layer4): Sequential(
    (0): BasicBlock(
      (conv1): Conv2d(256, 512, kernel_size=(3, 3), stride=(2, 2), padding=(1, 1), bias=False)
      (bn1): BatchNorm2d(512, eps=1e-05, momentum=0.1, affine=True, track_running_stats=True)
      (conv2): Conv2d(512, 512, kernel_size=(3, 3), stride=(1, 1), padding=(1, 1), bias=False)
      (bn2): BatchNorm2d(512, eps=1e-05, momentum=0.1, affine=True, track_running_stats=True)
      (shortcut): Sequential(
        (0): Conv2d(256, 512, kernel_size=(1, 1), stride=(2, 2), bias=False)
        (1): BatchNorm2d(512, eps=1e-05, momentum=0.1, affine=True, track_running_stats=True)
      )
    )
    (1): BasicBlock(
      (conv1): Conv2d(512, 512, kernel_size=(3, 3), stride=(1, 1), padding=(1, 1), bias=False)
      (bn1): BatchNorm2d(512, eps=1e-05, momentum=0.1, affine=True, track_running_stats=True)
      (conv2): Conv2d(512, 512, kernel_size=(3, 3), stride=(1, 1), padding=(1, 1), bias=False)
      (bn2): BatchNorm2d(512, eps=1e-05, momentum=0.1, affine=True, track_running_stats=True)
      (shortcut): Sequential()
    )
  )
  (avgpool): AdaptiveAvgPool2d(output_size=(1, 1))
  (fc1): Linear(in_features=512, out_features=10, bias=True)
)
Round 0 global test acc  9.9900
Round 1 global test acc  15.5000
Round 2 global test acc  22.9100
Round 3 global test acc  29.5700
Round 4 global test acc  30.4400
Round 5 global test acc  35.4300
Round 6 global test acc  37.3700
Round 7 global test acc  38.7900
Round 8 global test acc  37.5900
Round 9 global test acc  41.0100
Round 10 global test acc  41.2200
Round 11 global test acc  40.1900
Round 12 global test acc  42.0500
Round 13 global test acc  43.7100
Round 14 global test acc  44.1300
Round 15 global test acc  45.2000
Round 16 global test acc  45.3400
Round 17 global test acc  43.9100
Round 18 global test acc  44.5900
Round 19 global test acc  43.3600
Round 20 global test acc  46.3400
Round 21 global test acc  46.1700
Round 22 global test acc  46.5900
Round 23 global test acc  46.3200
Round 24 global test acc  46.2000
Round 25 global test acc  49.1700
Round 26 global test acc  48.9800
Round 27 global test acc  47.6400
Round 28 global test acc  46.4700
Round 29 global test acc  47.9200
Round 30 global test acc  47.2200
Round 31 global test acc  49.3600
Round 32 global test acc  49.5900
Round 33 global test acc  48.8900
Round 34 global test acc  48.3700
Round 35 global test acc  46.6100
Round 36 global test acc  49.2800
Round 37 global test acc  46.2300
Round 38 global test acc  47.5100
Round 39 global test acc  48.8900
Round 40 global test acc  48.4200
Round 41 global test acc  50.4400
Round 42 global test acc  46.8200
Round 43 global test acc  49.4900
Round 44 global test acc  46.0600
Round 45 global test acc  49.6800
Round 46 global test acc  46.6300
Round 47 global test acc  48.3500
Round 48 global test acc  47.0700
Round 49 global test acc  45.8500
Round 50 global test acc  48.9700
Round 51 global test acc  44.9200
Round 52 global test acc  46.5700
Round 53 global test acc  43.8900
Round 54 global test acc  45.1900
Round 55 global test acc  45.0100
Round 56 global test acc  46.8700
Round 57 global test acc  45.4100
Round 58 global test acc  45.0200
Round 59 global test acc  46.3600
Round 60 global test acc  43.1000
Round 61 global test acc  44.2900
Round 62 global test acc  44.7500
Round 63 global test acc  45.4500
Round 64 global test acc  48.5600
Round 65 global test acc  47.5900
Round 66 global test acc  45.4700
Round 67 global test acc  43.6000
Round 68 global test acc  45.6100
Round 69 global test acc  45.6600
Round 70 global test acc  44.0200
Round 71 global test acc  48.3600
Round 72 global test acc  44.6900
Round 73 global test acc  46.5700
Round 74 global test acc  47.1500
Round 75 global test acc  43.6800
Round 76 global test acc  49.1200
Round 77 global test acc  49.5200
Round 78 global test acc  46.0200
Round 79 global test acc  49.4000
Round 80 global test acc  45.8400
Round 81 global test acc  47.4600
Round 82 global test acc  47.6300
Round 83 global test acc  45.8600
Round 84 global test acc  46.0100
Round 85 global test acc  49.5200
Round 86 global test acc  47.7000
Round 87 global test acc  46.8000
Round 88 global test acc  44.9300
Round 89 global test acc  46.3800
Round 90 global test acc  45.4800
Round 91 global test acc  45.1800
Round 92 global test acc  45.8000
Round 93 global test acc  46.5000
Round 94 global test acc  42.1000
Round 95 global test acc  47.4100
Round 96 global test acc  47.7400
Round 97 global test acc  46.4600
Round 98 global test acc  44.5300
Round 99 global test acc  42.4100
Round 100 global test acc  50.7000
Round 101 global test acc  52.8900
Round 102 global test acc  54.3100
Round 103 global test acc  53.2900
Round 104 global test acc  53.8100
Round 105 global test acc  54.0100
Round 106 global test acc  53.4500
Round 107 global test acc  52.9700
Round 108 global test acc  53.6600
Round 109 global test acc  53.5500
Round 110 global test acc  54.2600
Round 111 global test acc  54.2800
Round 112 global test acc  54.3900
Round 113 global test acc  54.4000
Round 114 global test acc  54.8300
Round 115 global test acc  54.5200
Round 116 global test acc  54.4800
Round 117 global test acc  53.9400
Round 118 global test acc  54.0300
Round 119 global test acc  54.3000
Round 120 global test acc  54.7100
Round 121 global test acc  54.6600
Round 122 global test acc  54.4300
Round 123 global test acc  53.5100
Round 124 global test acc  54.2000
Round 125 global test acc  54.1100
Round 126 global test acc  53.7800
Round 127 global test acc  54.3800
Round 128 global test acc  54.0300
Round 129 global test acc  53.9500
Round 130 global test acc  53.6900
Round 131 global test acc  54.3000
Round 132 global test acc  54.1900
Round 133 global test acc  54.4300
Round 134 global test acc  54.0800
Round 135 global test acc  54.3200
Round 136 global test acc  54.3600
Round 137 global test acc  54.5900
Round 138 global test acc  54.6000
Round 139 global test acc  54.4800
Round 140 global test acc  54.7300
Round 141 global test acc  54.3600
Round 142 global test acc  54.9600
Round 143 global test acc  54.3700
Round 144 global test acc  54.3700
Round 145 global test acc  54.7200
Round 146 global test acc  54.6100
Round 147 global test acc  54.8300
Round 148 global test acc  54.2100
Round 149 global test acc  54.2300
Round 150 global test acc  54.0600
Round 151 global test acc  54.6600
Round 152 global test acc  55.0400
Round 153 global test acc  54.9400
Round 154 global test acc  54.5400
Round 155 global test acc  54.0200
Round 156 global test acc  53.8400
Round 157 global test acc  52.9500
Round 158 global test acc  53.9600
Round 159 global test acc  53.8400
Round 160 global test acc  54.1000
Round 161 global test acc  54.0000
Round 162 global test acc  54.1900
Round 163 global test acc  54.0400
Round 164 global test acc  54.1300
Round 165 global test acc  53.9600
Round 166 global test acc  53.5100
Round 167 global test acc  53.7700
Round 168 global test acc  54.3100
Round 169 global test acc  54.7600
Round 170 global test acc  54.0400
Round 171 global test acc  54.7700
Round 172 global test acc  55.2100
Round 173 global test acc  54.6200
Round 174 global test acc  54.6500
Round 175 global test acc  54.9600
Round 176 global test acc  54.7800
Round 177 global test acc  54.7800
Round 178 global test acc  54.4300
Round 179 global test acc  54.5400
Round 180 global test acc  54.1000
Round 181 global test acc  53.5000
Round 182 global test acc  54.3000
Round 183 global test acc  54.1200
Round 184 global test acc  54.2600
Round 185 global test acc  55.1300
Round 186 global test acc  54.8600
Round 187 global test acc  54.7400
Round 188 global test acc  54.4600
Round 189 global test acc  54.5100
Round 190 global test acc  54.8600
Round 191 global test acc  54.9400
Round 192 global test acc  54.7400
Round 193 global test acc  54.5800
Round 194 global test acc  55.0000
Round 195 global test acc  55.2200
Round 196 global test acc  55.1900
Round 197 global test acc  55.9400
Round 198 global test acc  55.3100
Round 199 global test acc  54.7700
Round 200 global test acc  54.6700
Round 201 global test acc  54.2400
Round 202 global test acc  54.2900
Round 203 global test acc  54.2800
Round 204 global test acc  54.1600
Round 205 global test acc  54.0500
Round 206 global test acc  54.6600
Round 207 global test acc  54.7200
Round 208 global test acc  55.1700
Round 209 global test acc  54.5900
Round 210 global test acc  55.0000
Round 211 global test acc  55.2400
Round 212 global test acc  54.4400
Round 213 global test acc  54.7300
Round 214 global test acc  54.5400
Round 215 global test acc  54.9700
Round 216 global test acc  54.6500
Round 217 global test acc  55.0200
Round 218 global test acc  55.0300
Round 219 global test acc  54.9800
Round 220 global test acc  54.7400
Round 221 global test acc  54.7900
Round 222 global test acc  54.8000
Round 223 global test acc  55.0900
Round 224 global test acc  54.9400
Round 225 global test acc  54.8100
Round 226 global test acc  54.9000
Round 227 global test acc  54.4500
Round 228 global test acc  54.8800
Round 229 global test acc  54.9700
Round 230 global test acc  55.0800
Round 231 global test acc  55.5000
Round 232 global test acc  54.9500
Round 233 global test acc  54.4700
Round 234 global test acc  54.4700
Round 235 global test acc  54.9000
Round 236 global test acc  54.8500
Round 237 global test acc  55.1200
Round 238 global test acc  55.1600
Round 239 global test acc  55.6100
Round 240 global test acc  55.2000
Round 241 global test acc  55.1800
Round 242 global test acc  55.3100
Round 243 global test acc  55.8700
Round 244 global test acc  55.9600
Round 245 global test acc  55.4500
Round 246 global test acc  55.5900
Round 247 global test acc  55.5400
Round 248 global test acc  55.5200
Round 249 global test acc  55.1400
Round 250 global test acc  55.4800
Round 251 global test acc  55.3100
Round 252 global test acc  55.5100
Round 253 global test acc  55.5900
Round 254 global test acc  55.8700
Round 255 global test acc  55.7500
Round 256 global test acc  55.9100
Round 257 global test acc  55.9600
Round 258 global test acc  55.8700
Round 259 global test acc  56.0300
Round 260 global test acc  55.6600
Round 261 global test acc  55.2700
Round 262 global test acc  55.5700
Round 263 global test acc  55.6000
Round 264 global test acc  55.8800
Round 265 global test acc  55.4600
Round 266 global test acc  55.8000
Round 267 global test acc  55.7400
Round 268 global test acc  56.0800
Round 269 global test acc  55.9700
Round 270 global test acc  55.4500
Round 271 global test acc  55.7800
Round 272 global test acc  55.5700
Round 273 global test acc  55.6800
Round 274 global test acc  55.8800
Round 275 global test acc  55.8100
Round 276 global test acc  56.0300
Round 277 global test acc  55.7000
Round 278 global test acc  56.0200
Round 279 global test acc  56.1500
Round 280 global test acc  56.6200
Round 281 global test acc  56.4200
Round 282 global test acc  56.5600
Round 283 global test acc  55.9100
Round 284 global test acc  55.6800
Round 285 global test acc  55.5100
Round 286 global test acc  55.9200
Round 287 global test acc  55.4000
Round 288 global test acc  55.6900
Round 289 global test acc  55.2800
Round 290 global test acc  54.9900
Round 291 global test acc  55.3600
Round 292 global test acc  55.2500
Round 293 global test acc  55.6800
Round 294 global test acc  55.1600
Round 295 global test acc  54.8100
Round 296 global test acc  55.3200
Round 297 global test acc  55.2500
Round 298 global test acc  55.7500
Round 299 global test acc  54.8200
Round 300 global test acc  55.2000
Round 301 global test acc  55.3800
Round 302 global test acc  55.0900
Round 303 global test acc  55.2300
Round 304 global test acc  55.2400
Round 305 global test acc  55.1300
Round 306 global test acc  54.7700
Round 307 global test acc  55.0200
Round 308 global test acc  54.9800
Round 309 global test acc  55.2700
Round 310 global test acc  54.8400
Round 311 global test acc  55.1700
Round 312 global test acc  55.0500
Round 313 global test acc  55.5500
Round 314 global test acc  55.9400
Round 315 global test acc  55.4800
Round 316 global test acc  55.5000
Round 317 global test acc  55.3000
Round 318 global test acc  55.3800
Round 319 global test acc  55.7600
Round 320 global test acc  55.4800
Round 321 global test acc  55.6500
Round 322 global test acc  55.4900
Round 323 global test acc  54.9600
Round 324 global test acc  55.8100
Round 325 global test acc  55.6600
Round 326 global test acc  55.3700
Round 327 global test acc  55.1200
Round 328 global test acc  55.9400
Round 329 global test acc  55.3800
Round 330 global test acc  55.3900
Round 331 global test acc  55.6000
Round 332 global test acc  55.4300
Round 333 global test acc  55.5300
Round 334 global test acc  55.2000
Round 335 global test acc  55.4900
Round 336 global test acc  55.9800
Round 337 global test acc  55.3700
Round 338 global test acc  55.3900
Round 339 global test acc  55.3300
Round 340 global test acc  54.9300
Round 341 global test acc  55.2600
Round 342 global test acc  54.9200
Round 343 global test acc  55.6400
Round 344 global test acc  54.9900
Round 345 global test acc  55.4900
Round 346 global test acc  55.5200
Round 347 global test acc  55.2500
Round 348 global test acc  55.6400
Round 349 global test acc  55.0200
Round 350 global test acc  55.2900
Round 351 global test acc  55.1600
Round 352 global test acc  55.1700
Round 353 global test acc  54.7700
Round 354 global test acc  55.6800
Round 355 global test acc  56.0800
Round 356 global test acc  56.2700
Round 357 global test acc  55.5100
Round 358 global test acc  55.9500
Round 359 global test acc  55.9200
Round 360 global test acc  55.3300
Round 361 global test acc  55.4200
Round 362 global test acc  55.3600
Round 363 global test acc  55.4300
Round 364 global test acc  55.8600
Round 365 global test acc  55.5000
Round 366 global test acc  55.4400
Round 367 global test acc  55.2800
Round 368 global test acc  54.4500
Round 369 global test acc  54.9100
Round 370 global test acc  55.4500
Round 371 global test acc  55.3000
Round 372 global test acc  55.0400
Round 373 global test acc  55.6300
Round 374 global test acc  55.5000
Round 375 global test acc  55.6800
Round 376 global test acc  55.7600
Round 377 global test acc  54.3400
Round 378 global test acc  54.8800
Round 379 global test acc  55.3200
Round 380 global test acc  54.9200
Round 381 global test acc  55.4400
Round 382 global test acc  55.7300
Round 383 global test acc  55.5000
Round 384 global test acc  55.5600
Round 385 global test acc  55.7900
Round 386 global test acc  55.8800
Round 387 global test acc  55.1000
Round 388 global test acc  54.9600
Round 389 global test acc  55.0300
Round 390 global test acc  55.5100
Round 391 global test acc  55.2400
Round 392 global test acc  55.6400
Round 393 global test acc  55.9900
Round 394 global test acc  56.1000
Round 395 global test acc  55.9100
Round 396 global test acc  55.8200
Round 397 global test acc  55.8200
Round 398 global test acc  56.4000
Round 399 global test acc  55.9000
Round 400 global test acc  56.0300
Round 401 global test acc  55.0100
Round 402 global test acc  55.4500
Round 403 global test acc  55.5100
Round 404 global test acc  55.5700
Round 405 global test acc  55.8400
Round 406 global test acc  55.7200
Round 407 global test acc  55.4700
Round 408 global test acc  55.6200
Round 409 global test acc  54.7600
Round 410 global test acc  54.8300
Round 411 global test acc  55.1100
Round 412 global test acc  55.0100
Round 413 global test acc  55.3900
Round 414 global test acc  55.8000
Round 415 global test acc  55.5500
Round 416 global test acc  55.3600
Round 417 global test acc  55.4100
Round 418 global test acc  55.5500
Round 419 global test acc  55.2400
Round 420 global test acc  55.0300
Round 421 global test acc  55.0900
Round 422 global test acc  55.5500
Round 423 global test acc  55.0800
Round 424 global test acc  55.2700
Round 425 global test acc  55.1000
Round 426 global test acc  55.2500
Round 427 global test acc  54.9800
Round 428 global test acc  54.7800
Round 429 global test acc  54.3700
Round 430 global test acc  55.1700
Round 431 global test acc  55.6200
Round 432 global test acc  55.4300
Round 433 global test acc  55.7200
Round 434 global test acc  55.9400
Round 435 global test acc  55.4100
Round 436 global test acc  55.2800
Round 437 global test acc  55.3800
Round 438 global test acc  55.6100
Round 439 global test acc  55.2900
Round 440 global test acc  55.1900
Round 441 global test acc  55.3900
Round 442 global test acc  55.7100
Round 443 global test acc  55.1300
Round 444 global test acc  54.8500
Round 445 global test acc  54.8500
Round 446 global test acc  55.1100
Round 447 global test acc  55.4100
Round 448 global test acc  55.2400
Round 449 global test acc  55.2500
Traceback (most recent call last):
  File "main.py", line 65, in <module>
    run(args)
  File "main.py", line 53, in run
    eval(args.algorithm)(args)
  File "/home/xinyuan/cifar/FedNoisyLabelLearning/baselines/RFL.py", line 105, in RFL
    for idx in all_idxs_users:
  File "/home/xinyuan/cifar/FedNoisyLabelLearning/metrics.py", line 10, in cal_fscore
    client_y_train = y_train[list(idxs)]
TypeError: 'numpy.int64' object is not iterable
('algorithm', 'RFL')
('gpu', 0)
('seed', 13)
('save_dir', './record/')
('rounds2', 450)
('local_ep', 5)
('frac2', 0.1)
('num_users', 100)
('local_bs', 32)
('lr', 0.01)
('model', 'resnet18')
('num_classes', 10)
('level_n_system', 1.0)
('level_n_lowerb', 0.5)
('alpha_dirichlet', 10)
('non_iid_prob_class', 0.7)
('dataset', 'cifar10')
('iid', True)
('LID_k', 20)
('iteration1', 5)
('rounds1', 200)
('frac1', 0.01)
('pretrained', False)
('mixup', False)
('alpha', 1)
('beta', 5)
('relabel_ratio', 0.5)
('confidence_thres', 0.5)
('clean_set_thres', 0.1)
('fine_tuning', True)
('correction', True)
('T_pl', 100)
('lambda_cen', 1.0)
('lambda_e', 0.8)
('num_gradual', 10)
('forget_rate', 0.2)
('lr_decay', 0.1)
('schedule', [])
('momentum', 0.5)
('weight_decay', 0.0001)
('feature_dim', 128)
('plr', 0.01)
('lamda', 15)
('K', 5)
('gamma', 1)
('begin_sel', 10)
('max_beta', 2)
('mu', 0.01)
('device', device(type='cuda', index=0))
Files already downloaded and verified
Files already downloaded and verified
Client 0, noise level: 0.8484 (0.7635), real noise ratio: 0.7540
Client 1, noise level: 0.9815 (0.8834), real noise ratio: 0.8920
Client 2, noise level: 0.6389 (0.5750), real noise ratio: 0.5780
Client 3, noise level: 0.6168 (0.5551), real noise ratio: 0.5340
Client 4, noise level: 0.9228 (0.8306), real noise ratio: 0.8380
Client 5, noise level: 0.6121 (0.5509), real noise ratio: 0.5400
Client 6, noise level: 0.8445 (0.7600), real noise ratio: 0.7520
Client 7, noise level: 0.5767 (0.5191), real noise ratio: 0.5040
Client 8, noise level: 0.6018 (0.5416), real noise ratio: 0.5100
Client 9, noise level: 0.5338 (0.4804), real noise ratio: 0.4820
Client 10, noise level: 0.8747 (0.7873), real noise ratio: 0.7380
Client 11, noise level: 0.5900 (0.5310), real noise ratio: 0.5420
Client 12, noise level: 0.5621 (0.5059), real noise ratio: 0.4860
Client 13, noise level: 0.6124 (0.5512), real noise ratio: 0.5340
Client 14, noise level: 0.6397 (0.5758), real noise ratio: 0.5740
Client 15, noise level: 0.5169 (0.4652), real noise ratio: 0.4240
Client 16, noise level: 0.6272 (0.5645), real noise ratio: 0.6060
Client 17, noise level: 0.8344 (0.7510), real noise ratio: 0.7540
Client 18, noise level: 0.8800 (0.7920), real noise ratio: 0.7840
Client 19, noise level: 0.6130 (0.5517), real noise ratio: 0.5780
Client 20, noise level: 0.8059 (0.7253), real noise ratio: 0.7740
Client 21, noise level: 0.9561 (0.8605), real noise ratio: 0.8520
Client 22, noise level: 0.7708 (0.6937), real noise ratio: 0.7080
Client 23, noise level: 0.6870 (0.6183), real noise ratio: 0.6120
Client 24, noise level: 0.5066 (0.4559), real noise ratio: 0.4560
Client 25, noise level: 0.9147 (0.8232), real noise ratio: 0.8280
Client 26, noise level: 0.9083 (0.8175), real noise ratio: 0.8140
Client 27, noise level: 0.5399 (0.4859), real noise ratio: 0.4820
Client 28, noise level: 0.5858 (0.5273), real noise ratio: 0.5280
Client 29, noise level: 0.9191 (0.8272), real noise ratio: 0.7980
Client 30, noise level: 0.7821 (0.7039), real noise ratio: 0.7000
Client 31, noise level: 0.6749 (0.6074), real noise ratio: 0.5540
Client 32, noise level: 0.5725 (0.5153), real noise ratio: 0.5200
Client 33, noise level: 0.5493 (0.4943), real noise ratio: 0.4600
Client 34, noise level: 0.7801 (0.7021), real noise ratio: 0.6940
Client 35, noise level: 0.8550 (0.7695), real noise ratio: 0.7360
Client 36, noise level: 0.9754 (0.8779), real noise ratio: 0.8800
Client 37, noise level: 0.8740 (0.7866), real noise ratio: 0.7900
Client 38, noise level: 0.6861 (0.6175), real noise ratio: 0.5900
Client 39, noise level: 0.8792 (0.7913), real noise ratio: 0.7420
Client 40, noise level: 0.5355 (0.4820), real noise ratio: 0.4660
Client 41, noise level: 0.8109 (0.7298), real noise ratio: 0.7300
Client 42, noise level: 0.8604 (0.7743), real noise ratio: 0.7960
Client 43, noise level: 0.5209 (0.4688), real noise ratio: 0.4580
Client 44, noise level: 0.6976 (0.6279), real noise ratio: 0.6180
Client 45, noise level: 0.5807 (0.5226), real noise ratio: 0.5220
Client 46, noise level: 0.6380 (0.5742), real noise ratio: 0.6180
Client 47, noise level: 0.6133 (0.5519), real noise ratio: 0.5460
Client 48, noise level: 0.6523 (0.5871), real noise ratio: 0.5580
Client 49, noise level: 0.5681 (0.5113), real noise ratio: 0.5300
Client 50, noise level: 0.8471 (0.7624), real noise ratio: 0.7780
Client 51, noise level: 0.5264 (0.4738), real noise ratio: 0.5160
Client 52, noise level: 0.7907 (0.7116), real noise ratio: 0.7120
Client 53, noise level: 0.5899 (0.5309), real noise ratio: 0.5000
Client 54, noise level: 0.7533 (0.6780), real noise ratio: 0.6680
Client 55, noise level: 0.6408 (0.5767), real noise ratio: 0.5480
Client 56, noise level: 0.6850 (0.6165), real noise ratio: 0.6240
Client 57, noise level: 0.7523 (0.6770), real noise ratio: 0.6900
Client 58, noise level: 0.5612 (0.5050), real noise ratio: 0.4840
Client 59, noise level: 0.5653 (0.5088), real noise ratio: 0.5160
Client 60, noise level: 0.9222 (0.8300), real noise ratio: 0.8300
Client 61, noise level: 0.6961 (0.6265), real noise ratio: 0.6480
Client 62, noise level: 0.5848 (0.5263), real noise ratio: 0.5400
Client 63, noise level: 0.9006 (0.8105), real noise ratio: 0.8280
Client 64, noise level: 0.9551 (0.8596), real noise ratio: 0.8680
Client 65, noise level: 0.9148 (0.8233), real noise ratio: 0.8040
Client 66, noise level: 0.8570 (0.7713), real noise ratio: 0.7580
Client 67, noise level: 0.5497 (0.4947), real noise ratio: 0.4500
Client 68, noise level: 0.9567 (0.8610), real noise ratio: 0.8440
Client 69, noise level: 0.7890 (0.7101), real noise ratio: 0.7140
Client 70, noise level: 0.9501 (0.8551), real noise ratio: 0.8240
Client 71, noise level: 0.7818 (0.7036), real noise ratio: 0.6860
Client 72, noise level: 0.5049 (0.4544), real noise ratio: 0.4480
Client 73, noise level: 0.9971 (0.8974), real noise ratio: 0.9100
Client 74, noise level: 0.5662 (0.5096), real noise ratio: 0.4940
Client 75, noise level: 0.8463 (0.7617), real noise ratio: 0.7300
Client 76, noise level: 0.6671 (0.6004), real noise ratio: 0.6040
Client 77, noise level: 0.5901 (0.5311), real noise ratio: 0.5380
Client 78, noise level: 0.5703 (0.5133), real noise ratio: 0.5280
Client 79, noise level: 0.8346 (0.7512), real noise ratio: 0.7600
Client 80, noise level: 0.6519 (0.5867), real noise ratio: 0.5640
Client 81, noise level: 0.8068 (0.7261), real noise ratio: 0.7280
Client 82, noise level: 0.9678 (0.8710), real noise ratio: 0.8680
Client 83, noise level: 0.6015 (0.5413), real noise ratio: 0.5680
Client 84, noise level: 0.5598 (0.5038), real noise ratio: 0.4660
Client 85, noise level: 0.6961 (0.6265), real noise ratio: 0.6460
Client 86, noise level: 0.8473 (0.7625), real noise ratio: 0.7720
Client 87, noise level: 0.9725 (0.8752), real noise ratio: 0.8800
Client 88, noise level: 0.5817 (0.5235), real noise ratio: 0.4940
Client 89, noise level: 0.7294 (0.6564), real noise ratio: 0.6340
Client 90, noise level: 0.6394 (0.5755), real noise ratio: 0.5760
Client 91, noise level: 0.6023 (0.5421), real noise ratio: 0.5520
Client 92, noise level: 0.6542 (0.5888), real noise ratio: 0.5880
Client 93, noise level: 0.8978 (0.8080), real noise ratio: 0.7820
Client 94, noise level: 0.5464 (0.4918), real noise ratio: 0.5100
Client 95, noise level: 0.9345 (0.8411), real noise ratio: 0.8480
Client 96, noise level: 0.9169 (0.8252), real noise ratio: 0.8460
Client 97, noise level: 0.8409 (0.7568), real noise ratio: 0.7540
Client 98, noise level: 0.6479 (0.5831), real noise ratio: 0.5960
Client 99, noise level: 0.5831 (0.5248), real noise ratio: 0.5480
ResNet(
  (conv1): Conv2d(3, 64, kernel_size=(3, 3), stride=(1, 1), padding=(1, 1), bias=False)
  (bn1): BatchNorm2d(64, eps=1e-05, momentum=0.1, affine=True, track_running_stats=True)
  (layer1): Sequential(
    (0): BasicBlock(
      (conv1): Conv2d(64, 64, kernel_size=(3, 3), stride=(1, 1), padding=(1, 1), bias=False)
      (bn1): BatchNorm2d(64, eps=1e-05, momentum=0.1, affine=True, track_running_stats=True)
      (conv2): Conv2d(64, 64, kernel_size=(3, 3), stride=(1, 1), padding=(1, 1), bias=False)
      (bn2): BatchNorm2d(64, eps=1e-05, momentum=0.1, affine=True, track_running_stats=True)
      (shortcut): Sequential()
    )
    (1): BasicBlock(
      (conv1): Conv2d(64, 64, kernel_size=(3, 3), stride=(1, 1), padding=(1, 1), bias=False)
      (bn1): BatchNorm2d(64, eps=1e-05, momentum=0.1, affine=True, track_running_stats=True)
      (conv2): Conv2d(64, 64, kernel_size=(3, 3), stride=(1, 1), padding=(1, 1), bias=False)
      (bn2): BatchNorm2d(64, eps=1e-05, momentum=0.1, affine=True, track_running_stats=True)
      (shortcut): Sequential()
    )
  )
  (layer2): Sequential(
    (0): BasicBlock(
      (conv1): Conv2d(64, 128, kernel_size=(3, 3), stride=(2, 2), padding=(1, 1), bias=False)
      (bn1): BatchNorm2d(128, eps=1e-05, momentum=0.1, affine=True, track_running_stats=True)
      (conv2): Conv2d(128, 128, kernel_size=(3, 3), stride=(1, 1), padding=(1, 1), bias=False)
      (bn2): BatchNorm2d(128, eps=1e-05, momentum=0.1, affine=True, track_running_stats=True)
      (shortcut): Sequential(
        (0): Conv2d(64, 128, kernel_size=(1, 1), stride=(2, 2), bias=False)
        (1): BatchNorm2d(128, eps=1e-05, momentum=0.1, affine=True, track_running_stats=True)
      )
    )
    (1): BasicBlock(
      (conv1): Conv2d(128, 128, kernel_size=(3, 3), stride=(1, 1), padding=(1, 1), bias=False)
      (bn1): BatchNorm2d(128, eps=1e-05, momentum=0.1, affine=True, track_running_stats=True)
      (conv2): Conv2d(128, 128, kernel_size=(3, 3), stride=(1, 1), padding=(1, 1), bias=False)
      (bn2): BatchNorm2d(128, eps=1e-05, momentum=0.1, affine=True, track_running_stats=True)
      (shortcut): Sequential()
    )
  )
  (layer3): Sequential(
    (0): BasicBlock(
      (conv1): Conv2d(128, 256, kernel_size=(3, 3), stride=(2, 2), padding=(1, 1), bias=False)
      (bn1): BatchNorm2d(256, eps=1e-05, momentum=0.1, affine=True, track_running_stats=True)
      (conv2): Conv2d(256, 256, kernel_size=(3, 3), stride=(1, 1), padding=(1, 1), bias=False)
      (bn2): BatchNorm2d(256, eps=1e-05, momentum=0.1, affine=True, track_running_stats=True)
      (shortcut): Sequential(
        (0): Conv2d(128, 256, kernel_size=(1, 1), stride=(2, 2), bias=False)
        (1): BatchNorm2d(256, eps=1e-05, momentum=0.1, affine=True, track_running_stats=True)
      )
    )
    (1): BasicBlock(
      (conv1): Conv2d(256, 256, kernel_size=(3, 3), stride=(1, 1), padding=(1, 1), bias=False)
      (bn1): BatchNorm2d(256, eps=1e-05, momentum=0.1, affine=True, track_running_stats=True)
      (conv2): Conv2d(256, 256, kernel_size=(3, 3), stride=(1, 1), padding=(1, 1), bias=False)
      (bn2): BatchNorm2d(256, eps=1e-05, momentum=0.1, affine=True, track_running_stats=True)
      (shortcut): Sequential()
    )
  )
  (layer4): Sequential(
    (0): BasicBlock(
      (conv1): Conv2d(256, 512, kernel_size=(3, 3), stride=(2, 2), padding=(1, 1), bias=False)
      (bn1): BatchNorm2d(512, eps=1e-05, momentum=0.1, affine=True, track_running_stats=True)
      (conv2): Conv2d(512, 512, kernel_size=(3, 3), stride=(1, 1), padding=(1, 1), bias=False)
      (bn2): BatchNorm2d(512, eps=1e-05, momentum=0.1, affine=True, track_running_stats=True)
      (shortcut): Sequential(
        (0): Conv2d(256, 512, kernel_size=(1, 1), stride=(2, 2), bias=False)
        (1): BatchNorm2d(512, eps=1e-05, momentum=0.1, affine=True, track_running_stats=True)
      )
    )
    (1): BasicBlock(
      (conv1): Conv2d(512, 512, kernel_size=(3, 3), stride=(1, 1), padding=(1, 1), bias=False)
      (bn1): BatchNorm2d(512, eps=1e-05, momentum=0.1, affine=True, track_running_stats=True)
      (conv2): Conv2d(512, 512, kernel_size=(3, 3), stride=(1, 1), padding=(1, 1), bias=False)
      (bn2): BatchNorm2d(512, eps=1e-05, momentum=0.1, affine=True, track_running_stats=True)
      (shortcut): Sequential()
    )
  )
  (avgpool): AdaptiveAvgPool2d(output_size=(1, 1))
  (fc1): Linear(in_features=512, out_features=10, bias=True)
)
Round 0 global test acc  9.9900
Round 0 Fscore 

[]
Round 1 global test acc  14.5400
Round 1 Fscore 

[]
Round 2 global test acc  23.0400
Round 2 Fscore 

[]
Round 3 global test acc  30.6000
Round 3 Fscore 

[]
Round 4 global test acc  31.2400
Round 4 Fscore 

[]
Round 5 global test acc  36.1100
Round 5 Fscore 

[]
Round 6 global test acc  36.7400
Round 6 Fscore 

[]
Round 7 global test acc  38.0800
Round 7 Fscore 

[]
Round 8 global test acc  37.9200
Round 8 Fscore 

[]
Round 9 global test acc  40.8000
Round 9 Fscore 

[]
Round 10 global test acc  41.7000
Round 10 Fscore 

[]
Round 11 global test acc  40.9100
Round 11 Fscore 

[]
Round 12 global test acc  42.6000
Round 12 Fscore 

[]
Round 13 global test acc  44.1000
Round 13 Fscore 

[]
Round 14 global test acc  43.3100
Round 14 Fscore 

[]
Round 15 global test acc  44.7200
Round 15 Fscore 

[]
Round 16 global test acc  44.9900
Round 16 Fscore 

[]
Round 17 global test acc  43.8200
Round 17 Fscore 

[]
Round 18 global test acc  45.4800
Round 18 Fscore 

[]
Round 19 global test acc  43.1800
Round 19 Fscore 

[]
Round 20 global test acc  46.6400
Round 20 Fscore 

[]
Round 21 global test acc  46.7700
Round 21 Fscore 

[]
Round 22 global test acc  45.7600
Round 22 Fscore 

[]
Round 23 global test acc  47.0600
Round 23 Fscore 

[]
Round 24 global test acc  45.1500
Round 24 Fscore 

[]
Round 25 global test acc  49.4200
Round 25 Fscore 

[]
Round 26 global test acc  48.4200
Round 26 Fscore 

[]
Round 27 global test acc  46.8600
Round 27 Fscore 

[]
Round 28 global test acc  46.5200
Round 28 Fscore 

[]
Round 29 global test acc  48.2000
Round 29 Fscore 

[]
Round 30 global test acc  48.3900
Round 30 Fscore 

[]
Round 31 global test acc  49.3200
Round 31 Fscore 

[]
Round 32 global test acc  49.5000
Round 32 Fscore 

[]
Round 33 global test acc  49.3500
Round 33 Fscore 

[]
Round 34 global test acc  48.2400
Round 34 Fscore 

[]
Round 35 global test acc  46.8100
Round 35 Fscore 

[]
Round 36 global test acc  48.8800
Round 36 Fscore 

[]
Round 37 global test acc  47.7000
Round 37 Fscore 

[]
Round 38 global test acc  49.0600
Round 38 Fscore 

[]
Round 39 global test acc  51.0600
Round 39 Fscore 

[]
Round 40 global test acc  47.8700
Round 40 Fscore 

[]
Round 41 global test acc  50.8900
Round 41 Fscore 

[]
Round 42 global test acc  46.7700
Round 42 Fscore 

[]
Round 43 global test acc  50.1900
Round 43 Fscore 

[]
Round 44 global test acc  47.6100
Round 44 Fscore 

[]
Round 45 global test acc  49.1200
Round 45 Fscore 

[]
Round 46 global test acc  46.0600
Round 46 Fscore 

[]
Round 47 global test acc  49.6300
Round 47 Fscore 

[]
Round 48 global test acc  46.7900
Round 48 Fscore 

[]
Round 49 global test acc  46.6400
Round 49 Fscore 

[]
Round 50 global test acc  48.9800
Round 50 Fscore 

[]
Round 51 global test acc  46.5300
Round 51 Fscore 

[]
Round 52 global test acc  45.6800
Round 52 Fscore 

[]
Round 53 global test acc  46.5100
Round 53 Fscore 

[]
Round 54 global test acc  44.9400
Round 54 Fscore 

[]
Round 55 global test acc  46.9500
Round 55 Fscore 

[]
Round 56 global test acc  47.3300
Round 56 Fscore 

[]
Round 57 global test acc  45.8800
Round 57 Fscore 

[]
Round 58 global test acc  45.8700
Round 58 Fscore 

[]
Round 59 global test acc  46.8900
Round 59 Fscore 

[]
Round 60 global test acc  44.0400
Round 60 Fscore 

[]
Round 61 global test acc  44.9200
Round 61 Fscore 

[]
Round 62 global test acc  44.9900
Round 62 Fscore 

[]
Round 63 global test acc  45.4600
Round 63 Fscore 

[]
Round 64 global test acc  48.6600
Round 64 Fscore 

[]
Round 65 global test acc  48.0700
Round 65 Fscore 

[]
Round 66 global test acc  45.8600
Round 66 Fscore 

[]
Round 67 global test acc  42.8900
Round 67 Fscore 

[]
Round 68 global test acc  46.3400
Round 68 Fscore 

[]
Round 69 global test acc  45.2300
Round 69 Fscore 

[]
Round 70 global test acc  45.1300
Round 70 Fscore 

[]
Round 71 global test acc  49.2000
Round 71 Fscore 

[]
Round 72 global test acc  45.6600
Round 72 Fscore 

[]
Round 73 global test acc  47.0000
Round 73 Fscore 

[]
Round 74 global test acc  48.1200
Round 74 Fscore 

[]
Round 75 global test acc  44.9500
Round 75 Fscore 

[]
Round 76 global test acc  49.2100
Round 76 Fscore 

[]
Round 77 global test acc  50.0100
Round 77 Fscore 

[]
Round 78 global test acc  46.4000
Round 78 Fscore 

[]
Round 79 global test acc  49.8900
Round 79 Fscore 

[]
Round 80 global test acc  47.0400
Round 80 Fscore 

[]
Round 81 global test acc  49.1800
Round 81 Fscore 

[]
Round 82 global test acc  47.8600
Round 82 Fscore 

[]
Round 83 global test acc  46.3900
Round 83 Fscore 

[]
Round 84 global test acc  46.6600
Round 84 Fscore 

[]
Round 85 global test acc  49.8700
Round 85 Fscore 

[]
Round 86 global test acc  48.1500
Round 86 Fscore 

[]
Round 87 global test acc  46.9600
Round 87 Fscore 

[]
Round 88 global test acc  47.2800
Round 88 Fscore 

[]
Round 89 global test acc  46.3900
Round 89 Fscore 

[]
Round 90 global test acc  47.1600
Round 90 Fscore 

[]
Round 91 global test acc  45.8200
Round 91 Fscore 

[]
Round 92 global test acc  45.7200
Round 92 Fscore 

[]
Round 93 global test acc  46.0300
Round 93 Fscore 

[]
Round 94 global test acc  43.7900
Round 94 Fscore 

[]
Round 95 global test acc  48.1600
Round 95 Fscore 

[]
Round 96 global test acc  47.8900
Round 96 Fscore 

[]
Round 97 global test acc  46.9200
Round 97 Fscore 

[]
Round 98 global test acc  44.0800
Round 98 Fscore 

[]
Round 99 global test acc  44.3000
Round 99 Fscore 

[]
Round 100 global test acc  51.4000
Round 100 Fscore 

[]
Round 101 global test acc  53.7300
Round 101 Fscore 

[]
Round 102 global test acc  54.3400
Round 102 Fscore 

[]
Round 103 global test acc  54.2200
Round 103 Fscore 

[]
Round 104 global test acc  54.5200
Round 104 Fscore 

[]
Round 105 global test acc  53.9600
Round 105 Fscore 

[]
Round 106 global test acc  54.1300
Round 106 Fscore 

[]
Round 107 global test acc  54.2600
Round 107 Fscore 

[]
Round 108 global test acc  54.5500
Round 108 Fscore 

[]
Round 109 global test acc  54.4900
Round 109 Fscore 

[]
Round 110 global test acc  54.2700
Round 110 Fscore 

[]
Round 111 global test acc  54.2200
Round 111 Fscore 

[]
Round 112 global test acc  54.1400
Round 112 Fscore 

[]
Round 113 global test acc  53.6500
Round 113 Fscore 

[]
Round 114 global test acc  53.9300
Round 114 Fscore 

[]
Round 115 global test acc  54.5100
Round 115 Fscore 

[]
Round 116 global test acc  54.7500
Round 116 Fscore 

[]
Round 117 global test acc  54.4800
Round 117 Fscore 

[]
Round 118 global test acc  54.5000
Round 118 Fscore 

[]
Round 119 global test acc  54.3600
Round 119 Fscore 

[]
Round 120 global test acc  54.3800
Round 120 Fscore 

[]
Round 121 global test acc  54.4300
Round 121 Fscore 

[]
Round 122 global test acc  54.1600
Round 122 Fscore 

[]
Round 123 global test acc  54.4000
Round 123 Fscore 

[]
Round 124 global test acc  54.2200
Round 124 Fscore 

[]
Round 125 global test acc  54.0200
Round 125 Fscore 

[]
Round 126 global test acc  54.1800
Round 126 Fscore 

[]
Round 127 global test acc  53.6500
Round 127 Fscore 

[]
Round 128 global test acc  53.6100
Round 128 Fscore 

[]
Round 129 global test acc  53.5700
Round 129 Fscore 

[]
Round 130 global test acc  53.5300
Round 130 Fscore 

[]
Round 131 global test acc  54.3200
Round 131 Fscore 

[]
Round 132 global test acc  54.1900
Round 132 Fscore 

[]
Round 133 global test acc  54.2400
Round 133 Fscore 

[]
Round 134 global test acc  53.7400
Round 134 Fscore 

[]
Round 135 global test acc  53.8200
Round 135 Fscore 

[]
Round 136 global test acc  53.8000
Round 136 Fscore 

[]
Round 137 global test acc  53.8500
Round 137 Fscore 

[]
Round 138 global test acc  53.5900
Round 138 Fscore 

[]
Round 139 global test acc  53.9700
Round 139 Fscore 

[]
Round 140 global test acc  54.2500
Round 140 Fscore 

[]
Round 141 global test acc  54.5900
Round 141 Fscore 

[]
Round 142 global test acc  54.4100
Round 142 Fscore 

[]
Round 143 global test acc  54.1800
Round 143 Fscore 

[]
Round 144 global test acc  54.5800
Round 144 Fscore 

[]
Round 145 global test acc  54.5500
Round 145 Fscore 

[]
Round 146 global test acc  54.7500
Round 146 Fscore 

[]
Round 147 global test acc  53.9100
Round 147 Fscore 

[]
Round 148 global test acc  53.3800
Round 148 Fscore 

[]
Round 149 global test acc  53.9100
Round 149 Fscore 

[]
Round 150 global test acc  53.8100
Round 150 Fscore 

[]
Round 151 global test acc  54.2700
Round 151 Fscore 

[]
Round 152 global test acc  54.2900
Round 152 Fscore 

[]
Round 153 global test acc  53.7100
Round 153 Fscore 

[]
Round 154 global test acc  54.1600
Round 154 Fscore 

[]
Round 155 global test acc  54.0900
Round 155 Fscore 

[]
Round 156 global test acc  53.7500
Round 156 Fscore 

[]
Round 157 global test acc  53.3300
Round 157 Fscore 

[]
Round 158 global test acc  53.1000
Round 158 Fscore 

[]
Round 159 global test acc  53.1200
Round 159 Fscore 

[]
Round 160 global test acc  53.6700
Round 160 Fscore 

[]
Round 161 global test acc  53.7000
Round 161 Fscore 

[]
Round 162 global test acc  53.3100
Round 162 Fscore 

[]
Round 163 global test acc  53.1300
Round 163 Fscore 

[]
Round 164 global test acc  53.7400
Round 164 Fscore 

[]
Round 165 global test acc  53.3500
Round 165 Fscore 

[]
Round 166 global test acc  53.7300
Round 166 Fscore 

[]
Round 167 global test acc  53.8400
Round 167 Fscore 

[]
Round 168 global test acc  53.8900
Round 168 Fscore 

[]
Round 169 global test acc  53.6500
Round 169 Fscore 

[]
Round 170 global test acc  53.6700
Round 170 Fscore 

[]
Round 171 global test acc  53.6000
Round 171 Fscore 

[]
Round 172 global test acc  53.9200
Round 172 Fscore 

[]
Round 173 global test acc  53.6200
Round 173 Fscore 

[]
Round 174 global test acc  53.5400
Round 174 Fscore 

[]
Round 175 global test acc  53.4400
Round 175 Fscore 

[]
Round 176 global test acc  53.8500
Round 176 Fscore 

[]
Round 177 global test acc  54.3300
Round 177 Fscore 

[]
Round 178 global test acc  54.3500
Round 178 Fscore 

[]
Round 179 global test acc  54.2800
Round 179 Fscore 

[]
Round 180 global test acc  54.1500
Round 180 Fscore 

[]
Round 181 global test acc  53.6000
Round 181 Fscore 

[]
Round 182 global test acc  53.9900
Round 182 Fscore 

[]
Round 183 global test acc  54.0000
Round 183 Fscore 

[]
Round 184 global test acc  53.7900
Round 184 Fscore 

[]
Round 185 global test acc  53.6600
Round 185 Fscore 

[]
Round 186 global test acc  53.7200
Round 186 Fscore 

[]
Round 187 global test acc  54.0700
Round 187 Fscore 

[]
Round 188 global test acc  54.1100
Round 188 Fscore 

[]
Round 189 global test acc  55.0300
Round 189 Fscore 

[]
Round 190 global test acc  54.9000
Round 190 Fscore 

[]
Round 191 global test acc  54.6200
Round 191 Fscore 

[]
Round 192 global test acc  54.4500
Round 192 Fscore 

[]
Round 193 global test acc  53.7000
Round 193 Fscore 

[]
Round 194 global test acc  53.7300
Round 194 Fscore 

[]
Round 195 global test acc  54.0700
Round 195 Fscore 

[]
Round 196 global test acc  53.9400
Round 196 Fscore 

[]
Round 197 global test acc  54.2600
Round 197 Fscore 

[]
Round 198 global test acc  53.9700
Round 198 Fscore 

[]
Round 199 global test acc  54.2600
Round 199 Fscore 

[]
Round 200 global test acc  54.3600
Round 200 Fscore 

[]
Round 201 global test acc  54.1500
Round 201 Fscore 

[]
Round 202 global test acc  54.7100
Round 202 Fscore 

[]
Round 203 global test acc  54.5400
Round 203 Fscore 

[]
Round 204 global test acc  54.0900
Round 204 Fscore 

[]
Round 205 global test acc  53.9700
Round 205 Fscore 

[]
Round 206 global test acc  54.1900
Round 206 Fscore 

[]
Round 207 global test acc  53.7400
Round 207 Fscore 

[]
Round 208 global test acc  54.3400
Round 208 Fscore 

[]
Round 209 global test acc  53.8700
Round 209 Fscore 

[]
Round 210 global test acc  53.7900
Round 210 Fscore 

[]
Round 211 global test acc  53.8100
Round 211 Fscore 

[]
Round 212 global test acc  53.2800
Round 212 Fscore 

[]
Round 213 global test acc  53.5100
Round 213 Fscore 

[]
Round 214 global test acc  53.7900
Round 214 Fscore 

[]
Round 215 global test acc  54.0700
Round 215 Fscore 

[]
Round 216 global test acc  53.5400
Round 216 Fscore 

[]
Round 217 global test acc  54.2400
Round 217 Fscore 

[]
Round 218 global test acc  54.3000
Round 218 Fscore 

[]
Round 219 global test acc  54.4600
Round 219 Fscore 

[]
Round 220 global test acc  54.0100
Round 220 Fscore 

[]
Round 221 global test acc  53.1500
Round 221 Fscore 

[]
Round 222 global test acc  52.9600
Round 222 Fscore 

[]
Round 223 global test acc  52.9000
Round 223 Fscore 

[]
Round 224 global test acc  52.9800
Round 224 Fscore 

[]
Round 225 global test acc  53.2000
Round 225 Fscore 

[]
Round 226 global test acc  53.4100
Round 226 Fscore 

[]
Round 227 global test acc  53.1500
Round 227 Fscore 

[]
Round 228 global test acc  53.3000
Round 228 Fscore 

[]
Round 229 global test acc  53.5900
Round 229 Fscore 

[]
Round 230 global test acc  54.2200
Round 230 Fscore 

[]
Round 231 global test acc  54.2700
Round 231 Fscore 

[]
Round 232 global test acc  53.9200
Round 232 Fscore 

[]
Round 233 global test acc  53.1600
Round 233 Fscore 

[]
Round 234 global test acc  53.5100
Round 234 Fscore 

[]
Round 235 global test acc  53.7500
Round 235 Fscore 

[]
Round 236 global test acc  53.4000
Round 236 Fscore 

[]
Round 237 global test acc  53.6800
Round 237 Fscore 

[]
Round 238 global test acc  53.6600
Round 238 Fscore 

[]
Round 239 global test acc  53.8000
Round 239 Fscore 

[]
Round 240 global test acc  53.5500
Round 240 Fscore 

[]
Round 241 global test acc  53.8200
Round 241 Fscore 

[]
Round 242 global test acc  53.9800
Round 242 Fscore 

[]
Round 243 global test acc  53.6400
Round 243 Fscore 

[]
Round 244 global test acc  54.2700
Round 244 Fscore 

[]
Round 245 global test acc  53.7900
Round 245 Fscore 

[]
Round 246 global test acc  54.1500
Round 246 Fscore 

[]
Round 247 global test acc  53.6400
Round 247 Fscore 

[]
Round 248 global test acc  54.0200
Round 248 Fscore 

[]
Round 249 global test acc  53.6600
Round 249 Fscore 

[]
Round 250 global test acc  53.2300
Round 250 Fscore 

[]
Round 251 global test acc  53.3400
Round 251 Fscore 

[]
Round 252 global test acc  53.5000
Round 252 Fscore 

[]
Round 253 global test acc  53.7000
Round 253 Fscore 

[]
Round 254 global test acc  54.1100
Round 254 Fscore 

[]
Round 255 global test acc  54.0000
Round 255 Fscore 

[]
Round 256 global test acc  53.8700
Round 256 Fscore 

[]
Round 257 global test acc  53.8200
Round 257 Fscore 

[]
Round 258 global test acc  53.8000
Round 258 Fscore 

[]
Round 259 global test acc  54.0600
Round 259 Fscore 

[]
Round 260 global test acc  53.7700
Round 260 Fscore 

[]
Round 261 global test acc  53.4600
Round 261 Fscore 

[]
Round 262 global test acc  53.6200
Round 262 Fscore 

[]
Round 263 global test acc  52.9000
Round 263 Fscore 

[]
Round 264 global test acc  53.3500
Round 264 Fscore 

[]
Round 265 global test acc  53.5500
Round 265 Fscore 

[]
Round 266 global test acc  53.8700
Round 266 Fscore 

[]
Round 267 global test acc  54.3100
Round 267 Fscore 

[]
Round 268 global test acc  53.7200
Round 268 Fscore 

[]
Round 269 global test acc  53.9900
Round 269 Fscore 

[]
Round 270 global test acc  53.7700
Round 270 Fscore 

[]
Round 271 global test acc  53.4400
Round 271 Fscore 

[]
Round 272 global test acc  53.4400
Round 272 Fscore 

[]
Round 273 global test acc  53.3900
Round 273 Fscore 

[]
Round 274 global test acc  53.6700
Round 274 Fscore 

[]
Round 275 global test acc  54.1300
Round 275 Fscore 

[]
Round 276 global test acc  53.7900
Round 276 Fscore 

[]
Round 277 global test acc  53.5800
Round 277 Fscore 

[]
Round 278 global test acc  53.3600
Round 278 Fscore 

[]
Round 279 global test acc  53.3600
Round 279 Fscore 

[]
Round 280 global test acc  53.1800
Round 280 Fscore 

[]
Round 281 global test acc  53.6100
Round 281 Fscore 

[]
Round 282 global test acc  53.9200
Round 282 Fscore 

[]
Round 283 global test acc  54.2900
Round 283 Fscore 

[]
Round 284 global test acc  53.9600
Round 284 Fscore 

[]
Round 285 global test acc  53.4200
Round 285 Fscore 

[]
Round 286 global test acc  53.5200
Round 286 Fscore 

[]
Round 287 global test acc  52.9000
Round 287 Fscore 

[]
Round 288 global test acc  53.4100
Round 288 Fscore 

[]
Round 289 global test acc  53.1500
Round 289 Fscore 

[]
Round 290 global test acc  53.0000
Round 290 Fscore 

[]
Round 291 global test acc  53.1400
Round 291 Fscore 

[]
Round 292 global test acc  53.3200
Round 292 Fscore 

[]
Round 293 global test acc  53.3200
Round 293 Fscore 

[]
Round 294 global test acc  53.3600
Round 294 Fscore 

[]
Round 295 global test acc  53.7900
Round 295 Fscore 

[]
Round 296 global test acc  53.9800
Round 296 Fscore 

[]
Round 297 global test acc  53.4100
Round 297 Fscore 

[]
Round 298 global test acc  53.5800
Round 298 Fscore 

[]
Round 299 global test acc  53.4600
Round 299 Fscore 

[]
Round 300 global test acc  52.9800
Round 300 Fscore 

[]
Round 301 global test acc  53.8800
Round 301 Fscore 

[]
Round 302 global test acc  53.6600
Round 302 Fscore 

[]
Round 303 global test acc  53.2700
Round 303 Fscore 

[]
Round 304 global test acc  53.4400
Round 304 Fscore 

[]
Round 305 global test acc  53.8300
Round 305 Fscore 

[]
Round 306 global test acc  53.5400
Round 306 Fscore 

[]
Round 307 global test acc  53.5100
Round 307 Fscore 

[]
Round 308 global test acc  53.3600
Round 308 Fscore 

[]
Round 309 global test acc  53.4600
Round 309 Fscore 

[]
Round 310 global test acc  53.5900
Round 310 Fscore 

[]
Round 311 global test acc  53.2900
Round 311 Fscore 

[]
Round 312 global test acc  53.4200
Round 312 Fscore 

[]
Round 313 global test acc  54.0100
Round 313 Fscore 

[]
Round 314 global test acc  53.7200
Round 314 Fscore 

[]
Round 315 global test acc  52.6500
Round 315 Fscore 

[]
Round 316 global test acc  52.9800
Round 316 Fscore 

[]
Round 317 global test acc  53.5700
Round 317 Fscore 

[]
Round 318 global test acc  53.7700
Round 318 Fscore 

[]
Round 319 global test acc  53.5300
Round 319 Fscore 

[]
Round 320 global test acc  53.6500
Round 320 Fscore 

[]
Round 321 global test acc  53.1200
Round 321 Fscore 

[]
Round 322 global test acc  52.9200
Round 322 Fscore 

[]
Round 323 global test acc  53.3100
Round 323 Fscore 

[]
Round 324 global test acc  53.7800
Round 324 Fscore 

[]
Round 325 global test acc  53.4200
Round 325 Fscore 

[]
Round 326 global test acc  53.3400
Round 326 Fscore 

[]
Round 327 global test acc  53.2300
Round 327 Fscore 

[]
Round 328 global test acc  53.5000
Round 328 Fscore 

[]
Round 329 global test acc  53.2900
Round 329 Fscore 

[]
Round 330 global test acc  53.2300
Round 330 Fscore 

[]
Round 331 global test acc  53.8800
Round 331 Fscore 

[]
Round 332 global test acc  53.1600
Round 332 Fscore 

[]
Round 333 global test acc  53.2000
Round 333 Fscore 

[]
Round 334 global test acc  53.1300
Round 334 Fscore 

[]
Round 335 global test acc  53.5600
Round 335 Fscore 

[]
Round 336 global test acc  53.7100
Round 336 Fscore 

[]
Round 337 global test acc  53.3500
Round 337 Fscore 

[]
Round 338 global test acc  53.0500
Round 338 Fscore 

[]
Round 339 global test acc  53.2000
Round 339 Fscore 

[]
Round 340 global test acc  53.3900
Round 340 Fscore 

[]
Round 341 global test acc  53.1700
Round 341 Fscore 

[]
Round 342 global test acc  53.5800
Round 342 Fscore 

[]
Round 343 global test acc  53.9700
Round 343 Fscore 

[]
Round 344 global test acc  52.6800
Round 344 Fscore 

[]
Round 345 global test acc  52.6800
Round 345 Fscore 

[]
Round 346 global test acc  53.2100
Round 346 Fscore 

[]
Round 347 global test acc  53.4500
Round 347 Fscore 

[]
Round 348 global test acc  53.4200
Round 348 Fscore 

[]
Round 349 global test acc  53.1400
Round 349 Fscore 

[]
Round 350 global test acc  53.7400
Round 350 Fscore 

[]
Round 351 global test acc  53.0600
Round 351 Fscore 

[]
Round 352 global test acc  53.0400
Round 352 Fscore 

[]
Round 353 global test acc  53.2100
Round 353 Fscore 

[]
Round 354 global test acc  53.6200
Round 354 Fscore 

[]
Round 355 global test acc  53.8900
Round 355 Fscore 

[]
Round 356 global test acc  53.6600
Round 356 Fscore 

[]
Round 357 global test acc  53.9600
Round 357 Fscore 

[]
Round 358 global test acc  53.9400
Round 358 Fscore 

[]
Round 359 global test acc  53.8500
Round 359 Fscore 

[]
Round 360 global test acc  53.3500
Round 360 Fscore 

[]
Round 361 global test acc  53.6200
Round 361 Fscore 

[]
Round 362 global test acc  53.5300
Round 362 Fscore 

[]
Round 363 global test acc  53.9900
Round 363 Fscore 

[]
Round 364 global test acc  53.9500
Round 364 Fscore 

[]
Round 365 global test acc  53.9300
Round 365 Fscore 

[]
Round 366 global test acc  53.6600
Round 366 Fscore 

[]
Round 367 global test acc  53.1800
Round 367 Fscore 

[]
Round 368 global test acc  53.3500
Round 368 Fscore 

[]
Round 369 global test acc  53.4800
Round 369 Fscore 

[]
Round 370 global test acc  53.6700
Round 370 Fscore 

[]
Round 371 global test acc  53.7800
Round 371 Fscore 

[]
Round 372 global test acc  53.9000
Round 372 Fscore 

[]
Round 373 global test acc  53.3100
Round 373 Fscore 

[]
Round 374 global test acc  53.8000
Round 374 Fscore 

[]
Round 375 global test acc  53.7800
Round 375 Fscore 

[]
Round 376 global test acc  53.8800
Round 376 Fscore 

[]
Round 377 global test acc  53.4500
Round 377 Fscore 

[]
Round 378 global test acc  53.0800
Round 378 Fscore 

[]
Round 379 global test acc  53.2800
Round 379 Fscore 

[]
Round 380 global test acc  53.3500
Round 380 Fscore 

[]
Round 381 global test acc  53.2400
Round 381 Fscore 

[]
Round 382 global test acc  53.3600
Round 382 Fscore 

[]
Round 383 global test acc  52.6500
Round 383 Fscore 

[]
Round 384 global test acc  52.6700
Round 384 Fscore 

[]
Round 385 global test acc  52.8400
Round 385 Fscore 

[]
Round 386 global test acc  53.3400
Round 386 Fscore 

[]
Round 387 global test acc  53.1300
Round 387 Fscore 

[]
Round 388 global test acc  53.2400
Round 388 Fscore 

[]
Round 389 global test acc  53.5900
Round 389 Fscore 

[]
Round 390 global test acc  53.2700
Round 390 Fscore 

[]
Round 391 global test acc  53.6600
Round 391 Fscore 

[]
Round 392 global test acc  53.9900
Round 392 Fscore 

[]
Round 393 global test acc  53.8100
Round 393 Fscore 

[]
Round 394 global test acc  53.9000
Round 394 Fscore 

[]
Round 395 global test acc  53.5300
Round 395 Fscore 

[]
Round 396 global test acc  53.3800
Round 396 Fscore 

[]
Round 397 global test acc  53.9700
Round 397 Fscore 

[]
Round 398 global test acc  53.4500
Round 398 Fscore 

[]
Round 399 global test acc  53.7600
Round 399 Fscore 

[]
Round 400 global test acc  53.4200
Round 400 Fscore 

[]
Round 401 global test acc  53.3100
Round 401 Fscore 

[]
Round 402 global test acc  52.9100
Round 402 Fscore 

[]
Round 403 global test acc  53.5100
Round 403 Fscore 

[]
Round 404 global test acc  53.3300
Round 404 Fscore 

[]
Round 405 global test acc  53.1100
Round 405 Fscore 

[]
Round 406 global test acc  52.8400
Round 406 Fscore 

[]
Round 407 global test acc  53.5200
Round 407 Fscore 

[]
Round 408 global test acc  53.5400
Round 408 Fscore 

[]
Round 409 global test acc  53.3300
Round 409 Fscore 

[]
Round 410 global test acc  53.5200
Round 410 Fscore 

[]
Round 411 global test acc  53.6000
Round 411 Fscore 

[]
Round 412 global test acc  53.3900
Round 412 Fscore 

[]
Round 413 global test acc  52.9100
Round 413 Fscore 

[]
Round 414 global test acc  53.2300
Round 414 Fscore 

[]
Round 415 global test acc  53.3800
Round 415 Fscore 

[]
Round 416 global test acc  53.2400
Round 416 Fscore 

[]
Round 417 global test acc  53.0900
Round 417 Fscore 

[]
Round 418 global test acc  52.8400
Round 418 Fscore 

[]
Round 419 global test acc  53.6600
Round 419 Fscore 

[]
Round 420 global test acc  53.4600
Round 420 Fscore 

[]
Round 421 global test acc  53.3000
Round 421 Fscore 

[]
Round 422 global test acc  53.1500
Round 422 Fscore 

[]
Round 423 global test acc  52.9700
Round 423 Fscore 

[]
Round 424 global test acc  53.3100
Round 424 Fscore 

[]
Round 425 global test acc  53.1300
Round 425 Fscore 

[]
Round 426 global test acc  52.6800
Round 426 Fscore 

[]
Round 427 global test acc  53.3300
Round 427 Fscore 

[]
Round 428 global test acc  52.9400
Round 428 Fscore 

[]
Round 429 global test acc  53.0600
Round 429 Fscore 

[]
Round 430 global test acc  53.3100
Round 430 Fscore 

[]
Round 431 global test acc  53.4800
Round 431 Fscore 

[]
Round 432 global test acc  53.4600
Round 432 Fscore 

[]
Round 433 global test acc  53.7400
Round 433 Fscore 

[]
Round 434 global test acc  53.9400
Round 434 Fscore 

[]
Round 435 global test acc  53.7300
Round 435 Fscore 

[]
Round 436 global test acc  53.8700
Round 436 Fscore 

[]
Round 437 global test acc  53.6100
Round 437 Fscore 

[]
Round 438 global test acc  53.3700
Round 438 Fscore 

[]
Round 439 global test acc  53.5400
Round 439 Fscore 

[]
Round 440 global test acc  53.7600
Round 440 Fscore 

[]
Round 441 global test acc  53.9900
Round 441 Fscore 

[]
Round 442 global test acc  54.0100
Round 442 Fscore 

[]
Round 443 global test acc  53.3200
Round 443 Fscore 

[]
Round 444 global test acc  53.5100
Round 444 Fscore 

[]
Round 445 global test acc  53.1500
Round 445 Fscore 

[]
Round 446 global test acc  53.2300
Round 446 Fscore 

[]
Round 447 global test acc  53.2000
Round 447 Fscore 

[]
Round 448 global test acc  53.5200
Round 448 Fscore 

[]
Round 449 global test acc  53.3900
Round 449 Fscore 

[0.5185185670852661, 0.31446540355682373, 0.7096773386001587, 0.7434555292129517, 0.40519481897354126, 0.7551724314689636, 0.5484633445739746, 0.7836456298828125, 0.7628865838050842, 0.7980294823646545, 0.5995315909385681, 0.7744227647781372, 0.7907742857933044, 0.7513227462768555, 0.7252747416496277, 0.8235293626785278, 0.7090559005737305, 0.5560975670814514, 0.4999999403953552, 0.7166362404823303, 0.5071769952774048, 0.3893333077430725, 0.6048564910888672, 0.6828358173370361, 0.8069620728492737, 0.43478259444236755, 0.4517766535282135, 0.8160534501075745, 0.7798318862915039, 0.47979798913002014, 0.6157205104827881, 0.7351915836334229, 0.7551020383834839, 0.8083735704421997, 0.6140725016593933, 0.5688073635101318, 0.3255814015865326, 0.5049999952316284, 0.7134935259819031, 0.5655171871185303, 0.7909968495368958, 0.5707864761352539, 0.4848484694957733, 0.8158730268478394, 0.6966291666030884, 0.7373737692832947, 0.6829268336296082, 0.7667844891548157, 0.7353463768959045, 0.7500000596046448, 0.530927836894989, 0.7583892941474915, 0.574999988079071, 0.785591721534729, 0.6522678136825562, 0.7675675749778748, 0.6850394010543823, 0.6215644478797913, 0.7747163772583008, 0.773553729057312, 0.41038966178894043, 0.6497064232826233, 0.781085729598999, 0.44565218687057495, 0.37388721108436584, 0.47570329904556274, 0.5101580023765564, 0.809448778629303, 0.3966941833496094, 0.5990990996360779, 0.4297082722187042, 0.6336206793785095, 0.8274760842323303, 0.27184462547302246, 0.7790507078170776, 0.5636364221572876, 0.701298713684082, 0.7504362463951111, 0.7533783316612244, 0.5298328995704651, 0.7285463809967041, 0.5863636136054993, 0.3641791045665741, 0.7677903175354004, 0.8012819886207581, 0.6666666865348816, 0.5144230723381042, 0.32478630542755127, 0.783171534538269, 0.6653696298599243, 0.7421150803565979, 0.720848023891449, 0.7262773513793945, 0.4902912974357605, 0.7697479128837585, 0.3684210479259491, 0.40871933102607727, 0.5321100950241089, 0.7290076017379761, 0.7385158538818359]
time : 16651.922016620636
('algorithm', 'RFL')
('gpu', 0)
('seed', 13)
('save_dir', './record/')
('rounds2', 450)
('local_ep', 5)
('frac2', 0.1)
('num_users', 100)
('local_bs', 32)
('lr', 0.01)
('model', 'resnet18')
('num_classes', 10)
('level_n_system', 1.0)
('level_n_lowerb', 0.5)
('alpha_dirichlet', 10)
('non_iid_prob_class', 0.7)
('dataset', 'cifar10')
('iid', True)
('LID_k', 20)
('iteration1', 5)
('rounds1', 200)
('frac1', 0.01)
('pretrained', False)
('mixup', False)
('alpha', 1)
('beta', 5)
('relabel_ratio', 0.5)
('confidence_thres', 0.5)
('clean_set_thres', 0.1)
('fine_tuning', True)
('correction', True)
('T_pl', 100)
('lambda_cen', 1.0)
('lambda_e', 0.8)
('num_gradual', 10)
('forget_rate', 0.2)
('lr_decay', 0.1)
('schedule', [])
('momentum', 0.5)
('weight_decay', 0.0001)
('feature_dim', 128)
('plr', 0.01)
('lamda', 15)
('K', 5)
('gamma', 1)
('begin_sel', 10)
('max_beta', 2)
('mu', 0.01)
('device', device(type='cuda', index=0))
Files already downloaded and verified
Files already downloaded and verified
Client 0, noise level: 0.8484 (0.7635), real noise ratio: 0.7540
Client 1, noise level: 0.9815 (0.8834), real noise ratio: 0.8920
Client 2, noise level: 0.6389 (0.5750), real noise ratio: 0.5780
Client 3, noise level: 0.6168 (0.5551), real noise ratio: 0.5340
Client 4, noise level: 0.9228 (0.8306), real noise ratio: 0.8380
Client 5, noise level: 0.6121 (0.5509), real noise ratio: 0.5400
Client 6, noise level: 0.8445 (0.7600), real noise ratio: 0.7520
Client 7, noise level: 0.5767 (0.5191), real noise ratio: 0.5040
Client 8, noise level: 0.6018 (0.5416), real noise ratio: 0.5100
Client 9, noise level: 0.5338 (0.4804), real noise ratio: 0.4820
Client 10, noise level: 0.8747 (0.7873), real noise ratio: 0.7380
Client 11, noise level: 0.5900 (0.5310), real noise ratio: 0.5420
Client 12, noise level: 0.5621 (0.5059), real noise ratio: 0.4860
Client 13, noise level: 0.6124 (0.5512), real noise ratio: 0.5340
Client 14, noise level: 0.6397 (0.5758), real noise ratio: 0.5740
Client 15, noise level: 0.5169 (0.4652), real noise ratio: 0.4240
Client 16, noise level: 0.6272 (0.5645), real noise ratio: 0.6060
Client 17, noise level: 0.8344 (0.7510), real noise ratio: 0.7540
Client 18, noise level: 0.8800 (0.7920), real noise ratio: 0.7840
Client 19, noise level: 0.6130 (0.5517), real noise ratio: 0.5780
Client 20, noise level: 0.8059 (0.7253), real noise ratio: 0.7740
Client 21, noise level: 0.9561 (0.8605), real noise ratio: 0.8520
Client 22, noise level: 0.7708 (0.6937), real noise ratio: 0.7080
Client 23, noise level: 0.6870 (0.6183), real noise ratio: 0.6120
Client 24, noise level: 0.5066 (0.4559), real noise ratio: 0.4560
Client 25, noise level: 0.9147 (0.8232), real noise ratio: 0.8280
Client 26, noise level: 0.9083 (0.8175), real noise ratio: 0.8140
Client 27, noise level: 0.5399 (0.4859), real noise ratio: 0.4820
Client 28, noise level: 0.5858 (0.5273), real noise ratio: 0.5280
Client 29, noise level: 0.9191 (0.8272), real noise ratio: 0.7980
Client 30, noise level: 0.7821 (0.7039), real noise ratio: 0.7000
Client 31, noise level: 0.6749 (0.6074), real noise ratio: 0.5540
Client 32, noise level: 0.5725 (0.5153), real noise ratio: 0.5200
Client 33, noise level: 0.5493 (0.4943), real noise ratio: 0.4600
Client 34, noise level: 0.7801 (0.7021), real noise ratio: 0.6940
Client 35, noise level: 0.8550 (0.7695), real noise ratio: 0.7360
Client 36, noise level: 0.9754 (0.8779), real noise ratio: 0.8800
Client 37, noise level: 0.8740 (0.7866), real noise ratio: 0.7900
Client 38, noise level: 0.6861 (0.6175), real noise ratio: 0.5900
Client 39, noise level: 0.8792 (0.7913), real noise ratio: 0.7420
Client 40, noise level: 0.5355 (0.4820), real noise ratio: 0.4660
Client 41, noise level: 0.8109 (0.7298), real noise ratio: 0.7300
Client 42, noise level: 0.8604 (0.7743), real noise ratio: 0.7960
Client 43, noise level: 0.5209 (0.4688), real noise ratio: 0.4580
Client 44, noise level: 0.6976 (0.6279), real noise ratio: 0.6180
Client 45, noise level: 0.5807 (0.5226), real noise ratio: 0.5220
Client 46, noise level: 0.6380 (0.5742), real noise ratio: 0.6180
Client 47, noise level: 0.6133 (0.5519), real noise ratio: 0.5460
Client 48, noise level: 0.6523 (0.5871), real noise ratio: 0.5580
Client 49, noise level: 0.5681 (0.5113), real noise ratio: 0.5300
Client 50, noise level: 0.8471 (0.7624), real noise ratio: 0.7780
Client 51, noise level: 0.5264 (0.4738), real noise ratio: 0.5160
Client 52, noise level: 0.7907 (0.7116), real noise ratio: 0.7120
Client 53, noise level: 0.5899 (0.5309), real noise ratio: 0.5000
Client 54, noise level: 0.7533 (0.6780), real noise ratio: 0.6680
Client 55, noise level: 0.6408 (0.5767), real noise ratio: 0.5480
Client 56, noise level: 0.6850 (0.6165), real noise ratio: 0.6240
Client 57, noise level: 0.7523 (0.6770), real noise ratio: 0.6900
Client 58, noise level: 0.5612 (0.5050), real noise ratio: 0.4840
Client 59, noise level: 0.5653 (0.5088), real noise ratio: 0.5160
Client 60, noise level: 0.9222 (0.8300), real noise ratio: 0.8300
Client 61, noise level: 0.6961 (0.6265), real noise ratio: 0.6480
Client 62, noise level: 0.5848 (0.5263), real noise ratio: 0.5400
Client 63, noise level: 0.9006 (0.8105), real noise ratio: 0.8280
Client 64, noise level: 0.9551 (0.8596), real noise ratio: 0.8680
Client 65, noise level: 0.9148 (0.8233), real noise ratio: 0.8040
Client 66, noise level: 0.8570 (0.7713), real noise ratio: 0.7580
Client 67, noise level: 0.5497 (0.4947), real noise ratio: 0.4500
Client 68, noise level: 0.9567 (0.8610), real noise ratio: 0.8440
Client 69, noise level: 0.7890 (0.7101), real noise ratio: 0.7140
Client 70, noise level: 0.9501 (0.8551), real noise ratio: 0.8240
Client 71, noise level: 0.7818 (0.7036), real noise ratio: 0.6860
Client 72, noise level: 0.5049 (0.4544), real noise ratio: 0.4480
Client 73, noise level: 0.9971 (0.8974), real noise ratio: 0.9100
Client 74, noise level: 0.5662 (0.5096), real noise ratio: 0.4940
Client 75, noise level: 0.8463 (0.7617), real noise ratio: 0.7300
Client 76, noise level: 0.6671 (0.6004), real noise ratio: 0.6040
Client 77, noise level: 0.5901 (0.5311), real noise ratio: 0.5380
Client 78, noise level: 0.5703 (0.5133), real noise ratio: 0.5280
Client 79, noise level: 0.8346 (0.7512), real noise ratio: 0.7600
Client 80, noise level: 0.6519 (0.5867), real noise ratio: 0.5640
Client 81, noise level: 0.8068 (0.7261), real noise ratio: 0.7280
Client 82, noise level: 0.9678 (0.8710), real noise ratio: 0.8680
Client 83, noise level: 0.6015 (0.5413), real noise ratio: 0.5680
Client 84, noise level: 0.5598 (0.5038), real noise ratio: 0.4660
Client 85, noise level: 0.6961 (0.6265), real noise ratio: 0.6460
Client 86, noise level: 0.8473 (0.7625), real noise ratio: 0.7720
Client 87, noise level: 0.9725 (0.8752), real noise ratio: 0.8800
Client 88, noise level: 0.5817 (0.5235), real noise ratio: 0.4940
Client 89, noise level: 0.7294 (0.6564), real noise ratio: 0.6340
Client 90, noise level: 0.6394 (0.5755), real noise ratio: 0.5760
Client 91, noise level: 0.6023 (0.5421), real noise ratio: 0.5520
Client 92, noise level: 0.6542 (0.5888), real noise ratio: 0.5880
Client 93, noise level: 0.8978 (0.8080), real noise ratio: 0.7820
Client 94, noise level: 0.5464 (0.4918), real noise ratio: 0.5100
Client 95, noise level: 0.9345 (0.8411), real noise ratio: 0.8480
Client 96, noise level: 0.9169 (0.8252), real noise ratio: 0.8460
Client 97, noise level: 0.8409 (0.7568), real noise ratio: 0.7540
Client 98, noise level: 0.6479 (0.5831), real noise ratio: 0.5960
Client 99, noise level: 0.5831 (0.5248), real noise ratio: 0.5480
ResNet(
  (conv1): Conv2d(3, 64, kernel_size=(3, 3), stride=(1, 1), padding=(1, 1), bias=False)
  (bn1): BatchNorm2d(64, eps=1e-05, momentum=0.1, affine=True, track_running_stats=True)
  (layer1): Sequential(
    (0): BasicBlock(
      (conv1): Conv2d(64, 64, kernel_size=(3, 3), stride=(1, 1), padding=(1, 1), bias=False)
      (bn1): BatchNorm2d(64, eps=1e-05, momentum=0.1, affine=True, track_running_stats=True)
      (conv2): Conv2d(64, 64, kernel_size=(3, 3), stride=(1, 1), padding=(1, 1), bias=False)
      (bn2): BatchNorm2d(64, eps=1e-05, momentum=0.1, affine=True, track_running_stats=True)
      (shortcut): Sequential()
    )
    (1): BasicBlock(
      (conv1): Conv2d(64, 64, kernel_size=(3, 3), stride=(1, 1), padding=(1, 1), bias=False)
      (bn1): BatchNorm2d(64, eps=1e-05, momentum=0.1, affine=True, track_running_stats=True)
      (conv2): Conv2d(64, 64, kernel_size=(3, 3), stride=(1, 1), padding=(1, 1), bias=False)
      (bn2): BatchNorm2d(64, eps=1e-05, momentum=0.1, affine=True, track_running_stats=True)
      (shortcut): Sequential()
    )
  )
  (layer2): Sequential(
    (0): BasicBlock(
      (conv1): Conv2d(64, 128, kernel_size=(3, 3), stride=(2, 2), padding=(1, 1), bias=False)
      (bn1): BatchNorm2d(128, eps=1e-05, momentum=0.1, affine=True, track_running_stats=True)
      (conv2): Conv2d(128, 128, kernel_size=(3, 3), stride=(1, 1), padding=(1, 1), bias=False)
      (bn2): BatchNorm2d(128, eps=1e-05, momentum=0.1, affine=True, track_running_stats=True)
      (shortcut): Sequential(
        (0): Conv2d(64, 128, kernel_size=(1, 1), stride=(2, 2), bias=False)
        (1): BatchNorm2d(128, eps=1e-05, momentum=0.1, affine=True, track_running_stats=True)
      )
    )
    (1): BasicBlock(
      (conv1): Conv2d(128, 128, kernel_size=(3, 3), stride=(1, 1), padding=(1, 1), bias=False)
      (bn1): BatchNorm2d(128, eps=1e-05, momentum=0.1, affine=True, track_running_stats=True)
      (conv2): Conv2d(128, 128, kernel_size=(3, 3), stride=(1, 1), padding=(1, 1), bias=False)
      (bn2): BatchNorm2d(128, eps=1e-05, momentum=0.1, affine=True, track_running_stats=True)
      (shortcut): Sequential()
    )
  )
  (layer3): Sequential(
    (0): BasicBlock(
      (conv1): Conv2d(128, 256, kernel_size=(3, 3), stride=(2, 2), padding=(1, 1), bias=False)
      (bn1): BatchNorm2d(256, eps=1e-05, momentum=0.1, affine=True, track_running_stats=True)
      (conv2): Conv2d(256, 256, kernel_size=(3, 3), stride=(1, 1), padding=(1, 1), bias=False)
      (bn2): BatchNorm2d(256, eps=1e-05, momentum=0.1, affine=True, track_running_stats=True)
      (shortcut): Sequential(
        (0): Conv2d(128, 256, kernel_size=(1, 1), stride=(2, 2), bias=False)
        (1): BatchNorm2d(256, eps=1e-05, momentum=0.1, affine=True, track_running_stats=True)
      )
    )
    (1): BasicBlock(
      (conv1): Conv2d(256, 256, kernel_size=(3, 3), stride=(1, 1), padding=(1, 1), bias=False)
      (bn1): BatchNorm2d(256, eps=1e-05, momentum=0.1, affine=True, track_running_stats=True)
      (conv2): Conv2d(256, 256, kernel_size=(3, 3), stride=(1, 1), padding=(1, 1), bias=False)
      (bn2): BatchNorm2d(256, eps=1e-05, momentum=0.1, affine=True, track_running_stats=True)
      (shortcut): Sequential()
    )
  )
  (layer4): Sequential(
    (0): BasicBlock(
      (conv1): Conv2d(256, 512, kernel_size=(3, 3), stride=(2, 2), padding=(1, 1), bias=False)
      (bn1): BatchNorm2d(512, eps=1e-05, momentum=0.1, affine=True, track_running_stats=True)
      (conv2): Conv2d(512, 512, kernel_size=(3, 3), stride=(1, 1), padding=(1, 1), bias=False)
      (bn2): BatchNorm2d(512, eps=1e-05, momentum=0.1, affine=True, track_running_stats=True)
      (shortcut): Sequential(
        (0): Conv2d(256, 512, kernel_size=(1, 1), stride=(2, 2), bias=False)
        (1): BatchNorm2d(512, eps=1e-05, momentum=0.1, affine=True, track_running_stats=True)
      )
    )
    (1): BasicBlock(
      (conv1): Conv2d(512, 512, kernel_size=(3, 3), stride=(1, 1), padding=(1, 1), bias=False)
      (bn1): BatchNorm2d(512, eps=1e-05, momentum=0.1, affine=True, track_running_stats=True)
      (conv2): Conv2d(512, 512, kernel_size=(3, 3), stride=(1, 1), padding=(1, 1), bias=False)
      (bn2): BatchNorm2d(512, eps=1e-05, momentum=0.1, affine=True, track_running_stats=True)
      (shortcut): Sequential()
    )
  )
  (avgpool): AdaptiveAvgPool2d(output_size=(1, 1))
  (fc1): Linear(in_features=512, out_features=10, bias=True)
)
Round 0 global test acc  10.0100
Round 0 Fscore 

[]
Round 1 global test acc  16.2900
Round 1 Fscore 

[]
Round 2 global test acc  23.0800
Round 2 Fscore 

[]
Round 3 global test acc  31.9200
Round 3 Fscore 

[]
Round 4 global test acc  32.4300
Round 4 Fscore 

[]
Round 5 global test acc  36.5800
Round 5 Fscore 

[]
Round 6 global test acc  36.9500
Round 6 Fscore 

[]
Round 7 global test acc  37.6300
Round 7 Fscore 

[]
Round 8 global test acc  40.2200
Round 8 Fscore 

[]
Round 9 global test acc  40.4900
Round 9 Fscore 

[]
Round 10 global test acc  41.6000
Round 10 Fscore 

[]
Round 11 global test acc  41.0200
Round 11 Fscore 

[]
Round 12 global test acc  40.5600
Round 12 Fscore 

[]
Round 13 global test acc  43.7100
Round 13 Fscore 

[]
Round 14 global test acc  43.7000
Round 14 Fscore 

[]
Round 15 global test acc  44.9100
Round 15 Fscore 

[]
Round 16 global test acc  45.6500
Round 16 Fscore 

[]
Round 17 global test acc  44.5100
Round 17 Fscore 

[]
Round 18 global test acc  44.6800
Round 18 Fscore 

[]
Round 19 global test acc  44.8200
Round 19 Fscore 

[]
Round 20 global test acc  46.3900
Round 20 Fscore 

[]
Round 21 global test acc  45.8200
Round 21 Fscore 

[]
Round 22 global test acc  46.8000
Round 22 Fscore 

[]
Round 23 global test acc  45.9700
Round 23 Fscore 

[]
Round 24 global test acc  45.7000
Round 24 Fscore 

[]
Round 25 global test acc  48.6100
Round 25 Fscore 

[]
Round 26 global test acc  49.4400
Round 26 Fscore 

[]
Round 27 global test acc  48.9100
Round 27 Fscore 

[]
Round 28 global test acc  47.4900
Round 28 Fscore 

[]
Round 29 global test acc  49.0200
Round 29 Fscore 

[]
Round 30 global test acc  47.7200
Round 30 Fscore 

[]
Round 31 global test acc  49.5000
Round 31 Fscore 

[]
Round 32 global test acc  50.2100
Round 32 Fscore 

[]
Round 33 global test acc  48.6800
Round 33 Fscore 

[]
Round 34 global test acc  48.8500
Round 34 Fscore 

[]
Round 35 global test acc  47.5800
Round 35 Fscore 

[]
Round 36 global test acc  49.7300
Round 36 Fscore 

[]
Round 37 global test acc  47.6100
Round 37 Fscore 

[]
Round 38 global test acc  48.2400
Round 38 Fscore 

[]
Round 39 global test acc  49.1600
Round 39 Fscore 

[]
Round 40 global test acc  46.9200
Round 40 Fscore 

[]
Round 41 global test acc  50.1600
Round 41 Fscore 

[]
Round 42 global test acc  46.8300
Round 42 Fscore 

[]
Round 43 global test acc  49.0400
Round 43 Fscore 

[]
Round 44 global test acc  46.1600
Round 44 Fscore 

[]
Round 45 global test acc  49.4300
Round 45 Fscore 

[]
Round 46 global test acc  46.5500
Round 46 Fscore 

[]
Round 47 global test acc  49.0200
Round 47 Fscore 

[]
Round 48 global test acc  45.4600
Round 48 Fscore 

[]
Round 49 global test acc  48.2100
Round 49 Fscore 

[]
Round 50 global test acc  49.4100
Round 50 Fscore 

[]
Round 51 global test acc  45.5000
Round 51 Fscore 

[]
Round 52 global test acc  45.3500
Round 52 Fscore 

[]
Round 53 global test acc  45.1300
Round 53 Fscore 

[]
Round 54 global test acc  44.0800
Round 54 Fscore 

[]
Round 55 global test acc  47.2300
Round 55 Fscore 

[]
Round 56 global test acc  47.7700
Round 56 Fscore 

[]
Round 57 global test acc  45.9800
Round 57 Fscore 

[]
Round 58 global test acc  45.7600
Round 58 Fscore 

[]
Round 59 global test acc  46.1100
Round 59 Fscore 

[]
Round 60 global test acc  42.5300
Round 60 Fscore 

[]
Round 61 global test acc  43.7400
Round 61 Fscore 

[]
Round 62 global test acc  44.5700
Round 62 Fscore 

[]
Round 63 global test acc  45.5900
Round 63 Fscore 

[]
Round 64 global test acc  48.5800
Round 64 Fscore 

[]
Round 65 global test acc  48.5600
Round 65 Fscore 

[]
Round 66 global test acc  45.5500
Round 66 Fscore 

[]
Round 67 global test acc  43.1200
Round 67 Fscore 

[]
Round 68 global test acc  44.4200
Round 68 Fscore 

[]
Round 69 global test acc  45.7100
Round 69 Fscore 

[]
Round 70 global test acc  43.6800
Round 70 Fscore 

[]
Round 71 global test acc  48.8700
Round 71 Fscore 

[]
Round 72 global test acc  44.8100
Round 72 Fscore 

[]
Round 73 global test acc  45.7000
Round 73 Fscore 

[]
Round 74 global test acc  47.6300
Round 74 Fscore 

[]
Round 75 global test acc  43.1500
Round 75 Fscore 

[]
Round 76 global test acc  48.7500
Round 76 Fscore 

[]
Round 77 global test acc  49.5400
Round 77 Fscore 

[]
Round 78 global test acc  45.6700
Round 78 Fscore 

[]
Round 79 global test acc  48.5200
Round 79 Fscore 

[]
Round 80 global test acc  46.1300
Round 80 Fscore 

[]
Round 81 global test acc  47.6400
Round 81 Fscore 

[]
Round 82 global test acc  47.3600
Round 82 Fscore 

[]
Round 83 global test acc  45.8400
Round 83 Fscore 

[]
Round 84 global test acc  45.0700
Round 84 Fscore 

[]
Round 85 global test acc  48.2700
Round 85 Fscore 

[]
Round 86 global test acc  46.8400
Round 86 Fscore 

[]
Round 87 global test acc  45.1100
Round 87 Fscore 

[]
Round 88 global test acc  45.8200
Round 88 Fscore 

[]
Round 89 global test acc  46.7100
Round 89 Fscore 

[]
Round 90 global test acc  46.3400
Round 90 Fscore 

[]
Round 91 global test acc  45.7700
Round 91 Fscore 

[]
Round 92 global test acc  46.3400
Round 92 Fscore 

[]
Round 93 global test acc  46.0800
Round 93 Fscore 

[]
Round 94 global test acc  42.9700
Round 94 Fscore 

[]
Round 95 global test acc  46.8700
Round 95 Fscore 

[]
Round 96 global test acc  47.9100
Round 96 Fscore 

[]
Round 97 global test acc  47.5400
Round 97 Fscore 

[]
Round 98 global test acc  44.7200
Round 98 Fscore 

[]
Round 99 global test acc  42.5700
Round 99 Fscore 

[]
Round 100 global test acc  50.2000
Round 100 Fscore 

[]
Round 101 global test acc  52.7700
Round 101 Fscore 

[]
Round 102 global test acc  54.3800
Round 102 Fscore 

[]
Round 103 global test acc  54.3900
Round 103 Fscore 

[]
Round 104 global test acc  54.6600
Round 104 Fscore 

[]
Round 105 global test acc  53.8800
Round 105 Fscore 

[]
Round 106 global test acc  54.0400
Round 106 Fscore 

[]
Round 107 global test acc  53.9100
Round 107 Fscore 

[]
Round 108 global test acc  54.0600
Round 108 Fscore 

[]
Round 109 global test acc  53.9400
Round 109 Fscore 

[]
Round 110 global test acc  54.3500
Round 110 Fscore 

[]
Round 111 global test acc  54.0500
Round 111 Fscore 

[]
Round 112 global test acc  53.6100
Round 112 Fscore 

[]
Round 113 global test acc  53.6400
Round 113 Fscore 

[]
Round 114 global test acc  53.9300
Round 114 Fscore 

[]
Round 115 global test acc  54.4000
Round 115 Fscore 

[]
Round 116 global test acc  54.4800
Round 116 Fscore 

[]
Round 117 global test acc  54.2900
Round 117 Fscore 

[]
Round 118 global test acc  53.7500
Round 118 Fscore 

[]
Round 119 global test acc  54.3300
Round 119 Fscore 

[]
Round 120 global test acc  54.3200
Round 120 Fscore 

[]
Round 121 global test acc  53.8700
Round 121 Fscore 

[]
Round 122 global test acc  53.9300
Round 122 Fscore 

[]
Round 123 global test acc  53.5100
Round 123 Fscore 

[]
Round 124 global test acc  54.0200
Round 124 Fscore 

[]
Round 125 global test acc  53.5100
Round 125 Fscore 

[]
Round 126 global test acc  53.5800
Round 126 Fscore 

[]
Round 127 global test acc  53.9600
Round 127 Fscore 

[]
Round 128 global test acc  53.7700
Round 128 Fscore 

[]
Round 129 global test acc  53.6500
Round 129 Fscore 

[]
Round 130 global test acc  54.1200
Round 130 Fscore 

[]
Round 131 global test acc  54.6000
Round 131 Fscore 

[]
Round 132 global test acc  54.5300
Round 132 Fscore 

[]
Round 133 global test acc  54.6200
Round 133 Fscore 

[]
Round 134 global test acc  54.4000
Round 134 Fscore 

[]
Round 135 global test acc  54.2300
Round 135 Fscore 

[]
Round 136 global test acc  54.6000
Round 136 Fscore 

[]
Round 137 global test acc  54.8000
Round 137 Fscore 

[]
Round 138 global test acc  54.7000
Round 138 Fscore 

[]
Round 139 global test acc  54.8200
Round 139 Fscore 

[]
Round 140 global test acc  55.1300
Round 140 Fscore 

[]
Round 141 global test acc  55.3100
Round 141 Fscore 

[]
Round 142 global test acc  55.3900
Round 142 Fscore 

[]
Round 143 global test acc  55.2000
Round 143 Fscore 

[]
Round 144 global test acc  55.0900
Round 144 Fscore 

[]
Round 145 global test acc  54.8800
Round 145 Fscore 

[]
Round 146 global test acc  54.2500
Round 146 Fscore 

[]
Round 147 global test acc  54.5600
Round 147 Fscore 

[]
Round 148 global test acc  54.4000
Round 148 Fscore 

[]
Round 149 global test acc  53.7100
Round 149 Fscore 

[]
Round 150 global test acc  54.3900
Round 150 Fscore 

[]
Round 151 global test acc  54.7400
Round 151 Fscore 

[]
Round 152 global test acc  54.9500
Round 152 Fscore 

[]
Round 153 global test acc  55.4800
Round 153 Fscore 

[]
Round 154 global test acc  55.1100
Round 154 Fscore 

[]
Round 155 global test acc  55.1700
Round 155 Fscore 

[]
Round 156 global test acc  54.5400
Round 156 Fscore 

[]
Round 157 global test acc  54.8100
Round 157 Fscore 

[]
Round 158 global test acc  54.5100
Round 158 Fscore 

[]
Round 159 global test acc  54.6300
Round 159 Fscore 

[]
Round 160 global test acc  54.3200
Round 160 Fscore 

[]
Round 161 global test acc  54.1800
Round 161 Fscore 

[]
Round 162 global test acc  53.7700
Round 162 Fscore 

[]
Round 163 global test acc  53.8100
Round 163 Fscore 

[]
Round 164 global test acc  53.6600
Round 164 Fscore 

[]
Round 165 global test acc  53.7200
Round 165 Fscore 

[]
Round 166 global test acc  53.6300
Round 166 Fscore 

[]
Round 167 global test acc  54.2800
Round 167 Fscore 

[]
Round 168 global test acc  54.5000
Round 168 Fscore 

[]
Round 169 global test acc  54.3500
Round 169 Fscore 

[]
Round 170 global test acc  54.4200
Round 170 Fscore 

[]
Round 171 global test acc  54.6200
Round 171 Fscore 

[]
Round 172 global test acc  54.4500
Round 172 Fscore 

[]
Round 173 global test acc  54.0300
Round 173 Fscore 

[]
Round 174 global test acc  54.0500
Round 174 Fscore 

[]
Round 175 global test acc  54.1100
Round 175 Fscore 

[]
Round 176 global test acc  54.0800
Round 176 Fscore 

[]
Round 177 global test acc  54.0900
Round 177 Fscore 

[]
Round 178 global test acc  54.5900
Round 178 Fscore 

[]
Round 179 global test acc  54.2800
Round 179 Fscore 

[]
Round 180 global test acc  54.7700
Round 180 Fscore 

[]
Round 181 global test acc  54.3400
Round 181 Fscore 

[]
Round 182 global test acc  54.4700
Round 182 Fscore 

[]
Round 183 global test acc  54.1300
Round 183 Fscore 

[]
Round 184 global test acc  54.4000
Round 184 Fscore 

[]
Round 185 global test acc  54.5700
Round 185 Fscore 

[]
Round 186 global test acc  54.6200
Round 186 Fscore 

[]
Round 187 global test acc  54.5800
Round 187 Fscore 

[]
Round 188 global test acc  54.6500
Round 188 Fscore 

[]
Round 189 global test acc  54.9000
Round 189 Fscore 

[]
Round 190 global test acc  55.5200
Round 190 Fscore 

[]
Round 191 global test acc  55.7600
Round 191 Fscore 

[]
Round 192 global test acc  55.1800
Round 192 Fscore 

[]
Round 193 global test acc  54.9200
Round 193 Fscore 

[]
Round 194 global test acc  55.2500
Round 194 Fscore 

[]
Round 195 global test acc  54.5600
Round 195 Fscore 

[]
Round 196 global test acc  54.6100
Round 196 Fscore 

[]
Round 197 global test acc  55.0600
Round 197 Fscore 

[]
Round 198 global test acc  55.3300
Round 198 Fscore 

[]
Round 199 global test acc  55.2700
Round 199 Fscore 

[]
Round 200 global test acc  55.8200
Round 200 Fscore 

[]
Round 201 global test acc  55.0700
Round 201 Fscore 

[]
Round 202 global test acc  55.5000
Round 202 Fscore 

[]
Round 203 global test acc  54.9900
Round 203 Fscore 

[]
Round 204 global test acc  54.8000
Round 204 Fscore 

[]
Round 205 global test acc  54.5200
Round 205 Fscore 

[]
Round 206 global test acc  54.9300
Round 206 Fscore 

[]
Round 207 global test acc  55.4400
Round 207 Fscore 

[]
Round 208 global test acc  55.4200
Round 208 Fscore 

[]
Round 209 global test acc  55.3400
Round 209 Fscore 

[]
Round 210 global test acc  55.1000
Round 210 Fscore 

[]
Round 211 global test acc  54.5000
Round 211 Fscore 

[]
Round 212 global test acc  54.1600
Round 212 Fscore 

[]
Round 213 global test acc  54.4400
Round 213 Fscore 

[]
Round 214 global test acc  54.6400
Round 214 Fscore 

[]
Round 215 global test acc  54.8900
Round 215 Fscore 

[]
Round 216 global test acc  54.8100
Round 216 Fscore 

[]
Round 217 global test acc  55.2300
Round 217 Fscore 

[]
Round 218 global test acc  55.8900
Round 218 Fscore 

[]
Round 219 global test acc  55.2100
Round 219 Fscore 

[]
Round 220 global test acc  55.0700
Round 220 Fscore 

[]
Round 221 global test acc  55.1300
Round 221 Fscore 

[]
Round 222 global test acc  54.8700
Round 222 Fscore 

[]
Round 223 global test acc  55.2000
Round 223 Fscore 

[]
Round 224 global test acc  55.1500
Round 224 Fscore 

[]
Round 225 global test acc  55.4700
Round 225 Fscore 

[]
Round 226 global test acc  55.2200
Round 226 Fscore 

[]
Round 227 global test acc  55.0300
Round 227 Fscore 

[]
Round 228 global test acc  55.3100
Round 228 Fscore 

[]
Round 229 global test acc  54.9700
Round 229 Fscore 

[]
Round 230 global test acc  54.9600
Round 230 Fscore 

[]
Round 231 global test acc  55.0400
Round 231 Fscore 

[]
Round 232 global test acc  54.8700
Round 232 Fscore 

[]
Round 233 global test acc  55.2400
Round 233 Fscore 

[]
Round 234 global test acc  54.5700
Round 234 Fscore 

[]
Round 235 global test acc  54.7300
Round 235 Fscore 

[]
Round 236 global test acc  54.8300
Round 236 Fscore 

[]
Round 237 global test acc  55.4500
Round 237 Fscore 

[]
Round 238 global test acc  55.0000
Round 238 Fscore 

[]
Round 239 global test acc  55.2900
Round 239 Fscore 

[]
Round 240 global test acc  54.7300
Round 240 Fscore 

[]
Round 241 global test acc  54.6200
Round 241 Fscore 

[]
Round 242 global test acc  55.0000
Round 242 Fscore 

[]
Round 243 global test acc  55.0500
Round 243 Fscore 

[]
Round 244 global test acc  55.2400
Round 244 Fscore 

[]
Round 245 global test acc  55.2300
Round 245 Fscore 

[]
Round 246 global test acc  55.2800
Round 246 Fscore 

[]
Round 247 global test acc  55.0000
Round 247 Fscore 

[]
Round 248 global test acc  55.3600
Round 248 Fscore 

[]
Round 249 global test acc  55.0000
Round 249 Fscore 

[]
