('algorithm', 'RFL')
('gpu', 0)
('seed', 13)
('save_dir', './record/')
('rounds2', 450)
('local_ep', 5)
('frac2', 0.1)
('num_users', 100)
('local_bs', 32)
('lr', 0.01)
('model', 'resnet18')
('num_classes', 10)
('level_n_system', 0.5)
('level_n_lowerb', 0.3)
('alpha_dirichlet', 10)
('non_iid_prob_class', 0.7)
('dataset', 'cifar10')
('iid', False)
('LID_k', 20)
('iteration1', 5)
('rounds1', 200)
('frac1', 0.01)
('pretrained', False)
('mixup', False)
('alpha', 1)
('beta', 5)
('relabel_ratio', 0.5)
('confidence_thres', 0.5)
('clean_set_thres', 0.1)
('fine_tuning', True)
('correction', True)
('T_pl', 100)
('lambda_cen', 1.0)
('lambda_e', 0.8)
('num_gradual', 10)
('forget_rate', 0.2)
('lr_decay', 0.1)
('schedule', [])
('momentum', 0.5)
('weight_decay', 0.0001)
('feature_dim', 128)
('plr', 0.01)
('lamda', 15)
('K', 1)
('gamma', 1)
('begin_sel', 10)
('max_beta', 2)
('mu', 0.01)
('device', device(type='cuda', index=0))
Files already downloaded and verified
Files already downloaded and verified
Client 0, noise level: 0.7877 (0.7089), real noise ratio: 0.6849
Client 2, noise level: 0.4944 (0.4450), real noise ratio: 0.4213
Client 3, noise level: 0.4635 (0.4172), real noise ratio: 0.4220
Client 4, noise level: 0.8920 (0.8028), real noise ratio: 0.7864
Client 6, noise level: 0.7822 (0.7040), real noise ratio: 0.6866
Client 7, noise level: 0.4074 (0.3667), real noise ratio: 0.3603
Client 8, noise level: 0.4425 (0.3983), real noise ratio: 0.3875
Client 9, noise level: 0.3473 (0.3126), real noise ratio: 0.2902
Client 13, noise level: 0.4574 (0.4116), real noise ratio: 0.3900
Client 15, noise level: 0.3237 (0.2913), real noise ratio: 0.3000
Client 20, noise level: 0.7283 (0.6555), real noise ratio: 0.6064
Client 23, noise level: 0.5618 (0.5056), real noise ratio: 0.5083
Client 26, noise level: 0.8716 (0.7844), real noise ratio: 0.8110
Client 27, noise level: 0.3558 (0.3202), real noise ratio: 0.3030
Client 29, noise level: 0.8867 (0.7980), real noise ratio: 0.7710
Client 30, noise level: 0.6949 (0.6254), real noise ratio: 0.6273
Client 32, noise level: 0.4015 (0.3614), real noise ratio: 0.3656
Client 33, noise level: 0.3690 (0.3321), real noise ratio: 0.3277
Client 35, noise level: 0.7970 (0.7173), real noise ratio: 0.6865
Client 38, noise level: 0.5606 (0.5045), real noise ratio: 0.4812
Client 41, noise level: 0.7353 (0.6618), real noise ratio: 0.6471
Client 42, noise level: 0.8045 (0.7240), real noise ratio: 0.7386
Client 47, noise level: 0.4586 (0.4127), real noise ratio: 0.4375
Client 48, noise level: 0.5133 (0.4620), real noise ratio: 0.4387
Client 50, noise level: 0.7860 (0.7074), real noise ratio: 0.7242
Client 51, noise level: 0.3370 (0.3033), real noise ratio: 0.3001
Client 56, noise level: 0.5591 (0.5031), real noise ratio: 0.4976
Client 57, noise level: 0.6532 (0.5879), real noise ratio: 0.6010
Client 59, noise level: 0.3915 (0.3523), real noise ratio: 0.3665
Client 60, noise level: 0.8911 (0.8020), real noise ratio: 0.8147
Client 62, noise level: 0.4187 (0.3768), real noise ratio: 0.3394
Client 67, noise level: 0.3696 (0.3326), real noise ratio: 0.3230
Client 68, noise level: 0.9393 (0.8454), real noise ratio: 0.8435
Client 69, noise level: 0.7046 (0.6341), real noise ratio: 0.6347
Client 72, noise level: 0.3069 (0.2762), real noise ratio: 0.3033
Client 75, noise level: 0.7848 (0.7064), real noise ratio: 0.7050
Client 78, noise level: 0.3984 (0.3586), real noise ratio: 0.3569
Client 79, noise level: 0.7685 (0.6916), real noise ratio: 0.7247
Client 80, noise level: 0.5127 (0.4614), real noise ratio: 0.4719
Client 83, noise level: 0.4420 (0.3978), real noise ratio: 0.3924
Client 88, noise level: 0.4144 (0.3729), real noise ratio: 0.3728
Client 90, noise level: 0.4952 (0.4457), real noise ratio: 0.4216
Client 91, noise level: 0.4432 (0.3989), real noise ratio: 0.3849
Client 94, noise level: 0.3650 (0.3285), real noise ratio: 0.3444
Client 98, noise level: 0.5071 (0.4564), real noise ratio: 0.4470
Client 99, noise level: 0.4163 (0.3747), real noise ratio: 0.4020
ResNet(
  (conv1): Conv2d(3, 64, kernel_size=(3, 3), stride=(1, 1), padding=(1, 1), bias=False)
  (bn1): BatchNorm2d(64, eps=1e-05, momentum=0.1, affine=True, track_running_stats=True)
  (layer1): Sequential(
    (0): BasicBlock(
      (conv1): Conv2d(64, 64, kernel_size=(3, 3), stride=(1, 1), padding=(1, 1), bias=False)
      (bn1): BatchNorm2d(64, eps=1e-05, momentum=0.1, affine=True, track_running_stats=True)
      (conv2): Conv2d(64, 64, kernel_size=(3, 3), stride=(1, 1), padding=(1, 1), bias=False)
      (bn2): BatchNorm2d(64, eps=1e-05, momentum=0.1, affine=True, track_running_stats=True)
      (shortcut): Sequential()
    )
    (1): BasicBlock(
      (conv1): Conv2d(64, 64, kernel_size=(3, 3), stride=(1, 1), padding=(1, 1), bias=False)
      (bn1): BatchNorm2d(64, eps=1e-05, momentum=0.1, affine=True, track_running_stats=True)
      (conv2): Conv2d(64, 64, kernel_size=(3, 3), stride=(1, 1), padding=(1, 1), bias=False)
      (bn2): BatchNorm2d(64, eps=1e-05, momentum=0.1, affine=True, track_running_stats=True)
      (shortcut): Sequential()
    )
  )
  (layer2): Sequential(
    (0): BasicBlock(
      (conv1): Conv2d(64, 128, kernel_size=(3, 3), stride=(2, 2), padding=(1, 1), bias=False)
      (bn1): BatchNorm2d(128, eps=1e-05, momentum=0.1, affine=True, track_running_stats=True)
      (conv2): Conv2d(128, 128, kernel_size=(3, 3), stride=(1, 1), padding=(1, 1), bias=False)
      (bn2): BatchNorm2d(128, eps=1e-05, momentum=0.1, affine=True, track_running_stats=True)
      (shortcut): Sequential(
        (0): Conv2d(64, 128, kernel_size=(1, 1), stride=(2, 2), bias=False)
        (1): BatchNorm2d(128, eps=1e-05, momentum=0.1, affine=True, track_running_stats=True)
      )
    )
    (1): BasicBlock(
      (conv1): Conv2d(128, 128, kernel_size=(3, 3), stride=(1, 1), padding=(1, 1), bias=False)
      (bn1): BatchNorm2d(128, eps=1e-05, momentum=0.1, affine=True, track_running_stats=True)
      (conv2): Conv2d(128, 128, kernel_size=(3, 3), stride=(1, 1), padding=(1, 1), bias=False)
      (bn2): BatchNorm2d(128, eps=1e-05, momentum=0.1, affine=True, track_running_stats=True)
      (shortcut): Sequential()
    )
  )
  (layer3): Sequential(
    (0): BasicBlock(
      (conv1): Conv2d(128, 256, kernel_size=(3, 3), stride=(2, 2), padding=(1, 1), bias=False)
      (bn1): BatchNorm2d(256, eps=1e-05, momentum=0.1, affine=True, track_running_stats=True)
      (conv2): Conv2d(256, 256, kernel_size=(3, 3), stride=(1, 1), padding=(1, 1), bias=False)
      (bn2): BatchNorm2d(256, eps=1e-05, momentum=0.1, affine=True, track_running_stats=True)
      (shortcut): Sequential(
        (0): Conv2d(128, 256, kernel_size=(1, 1), stride=(2, 2), bias=False)
        (1): BatchNorm2d(256, eps=1e-05, momentum=0.1, affine=True, track_running_stats=True)
      )
    )
    (1): BasicBlock(
      (conv1): Conv2d(256, 256, kernel_size=(3, 3), stride=(1, 1), padding=(1, 1), bias=False)
      (bn1): BatchNorm2d(256, eps=1e-05, momentum=0.1, affine=True, track_running_stats=True)
      (conv2): Conv2d(256, 256, kernel_size=(3, 3), stride=(1, 1), padding=(1, 1), bias=False)
      (bn2): BatchNorm2d(256, eps=1e-05, momentum=0.1, affine=True, track_running_stats=True)
      (shortcut): Sequential()
    )
  )
  (layer4): Sequential(
    (0): BasicBlock(
      (conv1): Conv2d(256, 512, kernel_size=(3, 3), stride=(2, 2), padding=(1, 1), bias=False)
      (bn1): BatchNorm2d(512, eps=1e-05, momentum=0.1, affine=True, track_running_stats=True)
      (conv2): Conv2d(512, 512, kernel_size=(3, 3), stride=(1, 1), padding=(1, 1), bias=False)
      (bn2): BatchNorm2d(512, eps=1e-05, momentum=0.1, affine=True, track_running_stats=True)
      (shortcut): Sequential(
        (0): Conv2d(256, 512, kernel_size=(1, 1), stride=(2, 2), bias=False)
        (1): BatchNorm2d(512, eps=1e-05, momentum=0.1, affine=True, track_running_stats=True)
      )
    )
    (1): BasicBlock(
      (conv1): Conv2d(512, 512, kernel_size=(3, 3), stride=(1, 1), padding=(1, 1), bias=False)
      (bn1): BatchNorm2d(512, eps=1e-05, momentum=0.1, affine=True, track_running_stats=True)
      (conv2): Conv2d(512, 512, kernel_size=(3, 3), stride=(1, 1), padding=(1, 1), bias=False)
      (bn2): BatchNorm2d(512, eps=1e-05, momentum=0.1, affine=True, track_running_stats=True)
      (shortcut): Sequential()
    )
  )
  (avgpool): AdaptiveAvgPool2d(output_size=(1, 1))
  (fc1): Linear(in_features=512, out_features=10, bias=True)
)
Round 0 global test acc  17.2800
Round 1 global test acc  29.4300
Round 2 global test acc  35.2100
Round 3 global test acc  38.2400
Round 4 global test acc  39.3700
Round 5 global test acc  44.6300
Round 6 global test acc  45.1400
Round 7 global test acc  48.1100
Round 8 global test acc  49.0100
Round 9 global test acc  51.2300
Round 10 global test acc  47.7700
Round 11 global test acc  51.4800
Round 12 global test acc  50.2400
Round 13 global test acc  53.0900
Round 14 global test acc  58.6500
Round 15 global test acc  54.3500
Round 16 global test acc  59.5500
Round 17 global test acc  59.7800
Round 18 global test acc  59.6500
Round 19 global test acc  60.0900
Round 20 global test acc  61.2600
Round 21 global test acc  60.9400
Round 22 global test acc  62.7700
Round 23 global test acc  63.5400
Round 24 global test acc  63.9800
Round 25 global test acc  63.4200
Round 26 global test acc  63.5400
Round 27 global test acc  64.5900
Round 28 global test acc  65.7100
Round 29 global test acc  65.5400
Round 30 global test acc  66.1700
Round 31 global test acc  66.5200
Round 32 global test acc  65.8500
Round 33 global test acc  66.0300
Round 34 global test acc  67.5800
Round 35 global test acc  67.1300
Round 36 global test acc  67.5100
Round 37 global test acc  69.0000
Round 38 global test acc  66.8300
Round 39 global test acc  67.4200
Round 40 global test acc  67.1400
Round 41 global test acc  67.6500
Round 42 global test acc  69.2100
Round 43 global test acc  69.4400
Round 44 global test acc  71.2200
Round 45 global test acc  69.1300
Round 46 global test acc  70.1700
Round 47 global test acc  69.4000
Round 48 global test acc  70.3400
Round 49 global test acc  70.4300
Round 50 global test acc  71.2900
Round 51 global test acc  69.8700
Round 52 global test acc  69.5800
Round 53 global test acc  70.8400
Round 54 global test acc  59.0300
Round 55 global test acc  71.6900
Round 56 global test acc  70.5700
Round 57 global test acc  70.3700
Round 58 global test acc  70.8600
Round 59 global test acc  71.6000
Round 60 global test acc  73.4100
Round 61 global test acc  71.7800
Round 62 global test acc  71.5400
Round 63 global test acc  71.8000
Round 64 global test acc  72.4100
Round 65 global test acc  71.9600
Round 66 global test acc  72.1300
Round 67 global test acc  73.6500
Round 68 global test acc  72.2700
Round 69 global test acc  74.6600
Round 70 global test acc  74.2800
Round 71 global test acc  73.8500
Round 72 global test acc  72.2000
Round 73 global test acc  72.9900
Round 74 global test acc  72.4400
Round 75 global test acc  74.3900
Round 76 global test acc  73.2800
Round 77 global test acc  75.4900
Round 78 global test acc  73.4400
Round 79 global test acc  74.6400
Round 80 global test acc  75.1700
Round 81 global test acc  74.2100
Round 82 global test acc  76.0900
Round 83 global test acc  74.9700
Round 84 global test acc  72.2800
Round 85 global test acc  73.6100
Round 86 global test acc  74.9600
Round 87 global test acc  74.8800
Round 88 global test acc  75.8800
Round 89 global test acc  75.1400
Round 90 global test acc  71.8300
Round 91 global test acc  74.7000
Round 92 global test acc  75.0300
Round 93 global test acc  74.8400
Round 94 global test acc  76.4400
Round 95 global test acc  76.7700
Round 96 global test acc  76.0300
Round 97 global test acc  77.2900
Round 98 global test acc  76.5100
Round 99 global test acc  76.5500
Round 100 global test acc  77.5700
Round 101 global test acc  76.6600
Round 102 global test acc  76.7500
Round 103 global test acc  76.4500
Round 104 global test acc  75.9800
Round 105 global test acc  76.4100
Round 106 global test acc  76.0500
Round 107 global test acc  75.9100
Round 108 global test acc  76.1900
Round 109 global test acc  76.8400
Round 110 global test acc  76.8300
Round 111 global test acc  76.2900
Round 112 global test acc  77.1900
Round 113 global test acc  77.6100
Round 114 global test acc  77.2600
Round 115 global test acc  77.2100
Round 116 global test acc  76.6100
Round 117 global test acc  76.9900
Round 118 global test acc  77.2600
Round 119 global test acc  77.3100
Round 120 global test acc  77.6800
Round 121 global test acc  77.1500
Round 122 global test acc  77.5100
Round 123 global test acc  77.3400
Round 124 global test acc  77.2500
Round 125 global test acc  78.3200
Round 126 global test acc  78.0300
Round 127 global test acc  77.9400
Round 128 global test acc  77.1700
Round 129 global test acc  77.1400
Round 130 global test acc  77.7200
Round 131 global test acc  78.4500
Round 132 global test acc  77.2900
Round 133 global test acc  77.3800
Round 134 global test acc  77.8100
Round 135 global test acc  78.1800
Round 136 global test acc  78.0200
Round 137 global test acc  78.3000
Round 138 global test acc  78.2800
Round 139 global test acc  78.2600
Round 140 global test acc  78.7400
Round 141 global test acc  78.8900
Round 142 global test acc  78.6700
Round 143 global test acc  79.0100
Round 144 global test acc  78.9800
Round 145 global test acc  79.2100
Round 146 global test acc  78.5100
Round 147 global test acc  79.0500
Round 148 global test acc  78.8300
Round 149 global test acc  78.1200
Round 150 global test acc  78.7200
Round 151 global test acc  78.4800
Round 152 global test acc  78.2500
Round 153 global test acc  77.7600
Round 154 global test acc  78.2900
Round 155 global test acc  79.0700
Round 156 global test acc  79.5900
Round 157 global test acc  79.2800
Round 158 global test acc  79.3900
Round 159 global test acc  78.0800
Round 160 global test acc  78.3300
Round 161 global test acc  78.5300
Round 162 global test acc  79.2600
Round 163 global test acc  79.0500
Round 164 global test acc  79.3500
Round 165 global test acc  79.4900
Round 166 global test acc  79.4500
Round 167 global test acc  79.7800
Round 168 global test acc  78.8100
Round 169 global test acc  79.1400
Round 170 global test acc  79.1400
Round 171 global test acc  79.3800
Round 172 global test acc  79.6300
Round 173 global test acc  79.9800
Round 174 global test acc  78.7700
Round 175 global test acc  79.6900
Round 176 global test acc  79.8400
Round 177 global test acc  79.1400
Round 178 global test acc  79.8300
Round 179 global test acc  79.6700
Round 180 global test acc  79.9100
Round 181 global test acc  79.6900
Round 182 global test acc  79.8400
Round 183 global test acc  79.8500
Round 184 global test acc  79.9500
Round 185 global test acc  79.9400
Round 186 global test acc  80.0300
Round 187 global test acc  80.3300
Round 188 global test acc  79.8400
Round 189 global test acc  79.7100
Round 190 global test acc  79.7300
Round 191 global test acc  80.2000
Round 192 global test acc  79.6500
Round 193 global test acc  79.7000
Round 194 global test acc  80.1600
Round 195 global test acc  80.5900
Round 196 global test acc  80.3300
Round 197 global test acc  80.5000
Round 198 global test acc  80.2300
Round 199 global test acc  80.5500
Round 200 global test acc  80.8100
Round 201 global test acc  80.5500
Round 202 global test acc  80.4700
Round 203 global test acc  80.7900
Round 204 global test acc  80.6100
Round 205 global test acc  79.6600
Round 206 global test acc  80.1400
Round 207 global test acc  80.1900
Round 208 global test acc  80.0400
Round 209 global test acc  80.3900
Round 210 global test acc  80.2900
Round 211 global test acc  80.5300
Round 212 global test acc  80.5300
Round 213 global test acc  80.6600
Round 214 global test acc  80.4000
Round 215 global test acc  80.6700
Round 216 global test acc  80.6200
Round 217 global test acc  81.3400
Round 218 global test acc  80.8100
Round 219 global test acc  80.9300
Round 220 global test acc  80.9700
Round 221 global test acc  80.6900
Round 222 global test acc  80.5300
Round 223 global test acc  81.1500
Round 224 global test acc  80.9700
Round 225 global test acc  81.2700
Round 226 global test acc  81.0400
Round 227 global test acc  81.0800
Round 228 global test acc  81.3800
Round 229 global test acc  81.5600
Round 230 global test acc  81.4400
Round 231 global test acc  81.4300
Round 232 global test acc  80.1000
Round 233 global test acc  81.1000
Round 234 global test acc  81.3600
Round 235 global test acc  81.1800
Round 236 global test acc  81.4500
Round 237 global test acc  81.3500
Round 238 global test acc  81.3500
Round 239 global test acc  80.1000
Round 240 global test acc  80.7900
Round 241 global test acc  81.4700
Round 242 global test acc  81.1200
Round 243 global test acc  81.3000
Round 244 global test acc  81.3600
Round 245 global test acc  81.6100
Round 246 global test acc  81.6700
Round 247 global test acc  80.8900
Round 248 global test acc  81.2200
Round 249 global test acc  77.4300
Round 250 global test acc  81.1100
Round 251 global test acc  81.2300
Round 252 global test acc  81.7100
Round 253 global test acc  81.5400
Round 254 global test acc  81.7700
Round 255 global test acc  81.6300
Round 256 global test acc  81.7700
Round 257 global test acc  81.3800
Round 258 global test acc  81.5100
Round 259 global test acc  80.9400
Round 260 global test acc  80.6600
Round 261 global test acc  81.4000
Round 262 global test acc  81.5600
Round 263 global test acc  81.7800
Round 264 global test acc  81.8000
Round 265 global test acc  81.7400
Round 266 global test acc  81.9900
Round 267 global test acc  80.7000
Round 268 global test acc  81.4200
Round 269 global test acc  81.4500
Round 270 global test acc  81.5200
Round 271 global test acc  81.6000
Round 272 global test acc  81.8800
Round 273 global test acc  82.2600
Round 274 global test acc  81.9800
Round 275 global test acc  82.3000
Round 276 global test acc  82.3500
Round 277 global test acc  82.2500
Round 278 global test acc  82.1400
Round 279 global test acc  81.7500
Round 280 global test acc  82.1400
Round 281 global test acc  81.3200
Round 282 global test acc  81.3000
Round 283 global test acc  82.0400
Round 284 global test acc  82.2100
Round 285 global test acc  82.0700
Round 286 global test acc  82.3700
Round 287 global test acc  82.2900
Round 288 global test acc  82.3300
Round 289 global test acc  82.0400
Round 290 global test acc  81.9000
Round 291 global test acc  82.1300
Round 292 global test acc  82.2000
Round 293 global test acc  81.9400
Round 294 global test acc  82.0000
Round 295 global test acc  82.3800
Round 296 global test acc  82.1500
Round 297 global test acc  82.1600
Round 298 global test acc  82.0400
Round 299 global test acc  81.6500
Round 300 global test acc  81.5400
Round 301 global test acc  81.7800
Round 302 global test acc  82.1100
Round 303 global test acc  81.8600
Round 304 global test acc  81.8800
Round 305 global test acc  81.6100
Round 306 global test acc  82.1000
Round 307 global test acc  82.3600
Round 308 global test acc  82.4500
Round 309 global test acc  81.4300
Round 310 global test acc  80.9500
Round 311 global test acc  82.1300
Round 312 global test acc  82.0400
Round 313 global test acc  81.9500
Round 314 global test acc  81.8800
Round 315 global test acc  82.3000
Round 316 global test acc  82.5000
Round 317 global test acc  81.6600
Round 318 global test acc  82.2700
Round 319 global test acc  82.7200
Round 320 global test acc  82.5500
Round 321 global test acc  81.8000
Round 322 global test acc  82.4600
Round 323 global test acc  82.6500
Round 324 global test acc  82.5100
Round 325 global test acc  82.8000
Round 326 global test acc  82.5400
Round 327 global test acc  81.9000
Round 328 global test acc  82.0000
Round 329 global test acc  82.3300
Round 330 global test acc  82.6900
Round 331 global test acc  82.1300
Round 332 global test acc  81.8300
Round 333 global test acc  82.1800
Round 334 global test acc  82.5400
Round 335 global test acc  82.7000
Round 336 global test acc  82.2600
Round 337 global test acc  82.7600
Round 338 global test acc  82.6700
Round 339 global test acc  82.8000
Round 340 global test acc  82.4000
Round 341 global test acc  82.7000
Round 342 global test acc  82.7600
Round 343 global test acc  83.0400
Round 344 global test acc  82.7200
Round 345 global test acc  82.8200
Round 346 global test acc  81.5100
Round 347 global test acc  82.6900
Round 348 global test acc  82.7200
Round 349 global test acc  82.9700
Round 350 global test acc  82.0100
Round 351 global test acc  82.7000
Round 352 global test acc  83.0300
Round 353 global test acc  83.4100
Round 354 global test acc  83.0300
Round 355 global test acc  82.9700
Round 356 global test acc  82.8600
Round 357 global test acc  82.8600
Round 358 global test acc  83.2300
Round 359 global test acc  82.8400
Round 360 global test acc  81.3900
Round 361 global test acc  82.4100
Round 362 global test acc  82.7700
Round 363 global test acc  82.6300
Round 364 global test acc  82.7400
Round 365 global test acc  83.0900
Round 366 global test acc  82.8500
Round 367 global test acc  83.4000
Round 368 global test acc  82.9800
Round 369 global test acc  82.8300
Round 370 global test acc  82.9900
Round 371 global test acc  83.1300
Round 372 global test acc  82.9400
Round 373 global test acc  83.2100
Round 374 global test acc  83.2800
Round 375 global test acc  83.0700
Round 376 global test acc  83.3300
Round 377 global test acc  82.9800
Round 378 global test acc  83.1200
Round 379 global test acc  83.1500
Round 380 global test acc  83.3900
Round 381 global test acc  83.0900
Round 382 global test acc  83.2200
Round 383 global test acc  83.1600
Round 384 global test acc  82.4700
Round 385 global test acc  83.2300
Round 386 global test acc  83.1100
Round 387 global test acc  83.1800
Round 388 global test acc  83.0200
Round 389 global test acc  83.3300
Round 390 global test acc  83.2800
Round 391 global test acc  83.4200
Round 392 global test acc  83.4100
Round 393 global test acc  83.3500
Round 394 global test acc  83.8800
Round 395 global test acc  80.9900
Round 396 global test acc  82.8400
Round 397 global test acc  83.4800
Round 398 global test acc  83.4600
Round 399 global test acc  83.5100
Round 400 global test acc  83.6300
Round 401 global test acc  83.5900
Round 402 global test acc  83.2400
Round 403 global test acc  83.5300
Round 404 global test acc  83.2100
Round 405 global test acc  83.5600
Round 406 global test acc  83.4100
Round 407 global test acc  83.4800
Round 408 global test acc  83.1300
Round 409 global test acc  83.1500
Round 410 global test acc  83.3000
Round 411 global test acc  82.6100
Round 412 global test acc  83.4200
Round 413 global test acc  83.0600
Round 414 global test acc  83.3800
Round 415 global test acc  83.6000
Round 416 global test acc  83.5000
Round 417 global test acc  83.6600
Round 418 global test acc  83.4600
Round 419 global test acc  83.6400
Round 420 global test acc  83.8400
Round 421 global test acc  83.6400
Round 422 global test acc  83.7900
Round 423 global test acc  83.7300
Round 424 global test acc  83.5200
Round 425 global test acc  83.4100
Round 426 global test acc  83.4700
Round 427 global test acc  83.6200
Round 428 global test acc  83.5600
Round 429 global test acc  83.0300
Round 430 global test acc  83.3800
Round 431 global test acc  83.4600
Round 432 global test acc  83.7700
Round 433 global test acc  83.9000
Round 434 global test acc  83.6800
Round 435 global test acc  84.0800
Round 436 global test acc  84.1400
Round 437 global test acc  83.4000
Round 438 global test acc  83.8300
Round 439 global test acc  83.6900
Round 440 global test acc  83.6900
Round 441 global test acc  82.4700
Round 442 global test acc  83.2900
Round 443 global test acc  83.4600
Round 444 global test acc  83.8600
Round 445 global test acc  83.9300
Round 446 global test acc  84.0000
Round 447 global test acc  83.9600
Round 448 global test acc  83.8900
Round 449 global test acc  84.1100
Traceback (most recent call last):
  File "main.py", line 65, in <module>
  File "main.py", line 53, in run
    args.lr = float(args.lr)
  File "/home/xinyuan/cifar/FedNoisyLabelLearning/baselines/RFL.py", line 105, in RFL
    for idx in all_idxs_users:
  File "/home/xinyuan/cifar/FedNoisyLabelLearning/metrics.py", line 10, in cal_fscore
    client_y_train = y_train[list(idxs)]
TypeError: 'numpy.int64' object is not iterable
('algorithm', 'RFL')
('gpu', 0)
('seed', 13)
('save_dir', './record/')
('rounds2', 450)
('local_ep', 5)
('frac2', 0.1)
('num_users', 100)
('local_bs', 32)
('lr', 0.01)
('model', 'resnet18')
('num_classes', 10)
('level_n_system', 0.5)
('level_n_lowerb', 0.3)
('alpha_dirichlet', 10)
('non_iid_prob_class', 0.7)
('dataset', 'cifar10')
('iid', False)
('LID_k', 20)
('iteration1', 5)
('rounds1', 200)
('frac1', 0.01)
('pretrained', False)
('mixup', False)
('alpha', 1)
('beta', 5)
('relabel_ratio', 0.5)
('confidence_thres', 0.5)
('clean_set_thres', 0.1)
('fine_tuning', True)
('correction', True)
('T_pl', 100)
('lambda_cen', 1.0)
('lambda_e', 0.8)
('num_gradual', 10)
('forget_rate', 0.2)
('lr_decay', 0.1)
('schedule', [])
('momentum', 0.5)
('weight_decay', 0.0001)
('feature_dim', 128)
('plr', 0.01)
('lamda', 15)
('K', 5)
('gamma', 1)
('begin_sel', 10)
('max_beta', 2)
('mu', 0.01)
('device', device(type='cuda', index=0))
Files already downloaded and verified
Files already downloaded and verified
Client 0, noise level: 0.7877 (0.7089), real noise ratio: 0.6849
Client 2, noise level: 0.4944 (0.4450), real noise ratio: 0.4213
Client 3, noise level: 0.4635 (0.4172), real noise ratio: 0.4220
Client 4, noise level: 0.8920 (0.8028), real noise ratio: 0.7864
Client 6, noise level: 0.7822 (0.7040), real noise ratio: 0.6866
Client 7, noise level: 0.4074 (0.3667), real noise ratio: 0.3603
Client 8, noise level: 0.4425 (0.3983), real noise ratio: 0.3875
Client 9, noise level: 0.3473 (0.3126), real noise ratio: 0.2902
Client 13, noise level: 0.4574 (0.4116), real noise ratio: 0.3900
Client 15, noise level: 0.3237 (0.2913), real noise ratio: 0.3000
Client 20, noise level: 0.7283 (0.6555), real noise ratio: 0.6064
Client 23, noise level: 0.5618 (0.5056), real noise ratio: 0.5083
Client 26, noise level: 0.8716 (0.7844), real noise ratio: 0.8110
Client 27, noise level: 0.3558 (0.3202), real noise ratio: 0.3030
Client 29, noise level: 0.8867 (0.7980), real noise ratio: 0.7710
Client 30, noise level: 0.6949 (0.6254), real noise ratio: 0.6273
Client 32, noise level: 0.4015 (0.3614), real noise ratio: 0.3656
Client 33, noise level: 0.3690 (0.3321), real noise ratio: 0.3277
Client 35, noise level: 0.7970 (0.7173), real noise ratio: 0.6865
Client 38, noise level: 0.5606 (0.5045), real noise ratio: 0.4812
Client 41, noise level: 0.7353 (0.6618), real noise ratio: 0.6471
Client 42, noise level: 0.8045 (0.7240), real noise ratio: 0.7386
Client 47, noise level: 0.4586 (0.4127), real noise ratio: 0.4375
Client 48, noise level: 0.5133 (0.4620), real noise ratio: 0.4387
Client 50, noise level: 0.7860 (0.7074), real noise ratio: 0.7242
Client 51, noise level: 0.3370 (0.3033), real noise ratio: 0.3001
Client 56, noise level: 0.5591 (0.5031), real noise ratio: 0.4976
Client 57, noise level: 0.6532 (0.5879), real noise ratio: 0.6010
Client 59, noise level: 0.3915 (0.3523), real noise ratio: 0.3665
Client 60, noise level: 0.8911 (0.8020), real noise ratio: 0.8147
Client 62, noise level: 0.4187 (0.3768), real noise ratio: 0.3394
Client 67, noise level: 0.3696 (0.3326), real noise ratio: 0.3230
Client 68, noise level: 0.9393 (0.8454), real noise ratio: 0.8435
Client 69, noise level: 0.7046 (0.6341), real noise ratio: 0.6347
Client 72, noise level: 0.3069 (0.2762), real noise ratio: 0.3033
Client 75, noise level: 0.7848 (0.7064), real noise ratio: 0.7050
Client 78, noise level: 0.3984 (0.3586), real noise ratio: 0.3569
Client 79, noise level: 0.7685 (0.6916), real noise ratio: 0.7247
Client 80, noise level: 0.5127 (0.4614), real noise ratio: 0.4719
Client 83, noise level: 0.4420 (0.3978), real noise ratio: 0.3924
Client 88, noise level: 0.4144 (0.3729), real noise ratio: 0.3728
Client 90, noise level: 0.4952 (0.4457), real noise ratio: 0.4216
Client 91, noise level: 0.4432 (0.3989), real noise ratio: 0.3849
Client 94, noise level: 0.3650 (0.3285), real noise ratio: 0.3444
Client 98, noise level: 0.5071 (0.4564), real noise ratio: 0.4470
Client 99, noise level: 0.4163 (0.3747), real noise ratio: 0.4020
ResNet(
  (conv1): Conv2d(3, 64, kernel_size=(3, 3), stride=(1, 1), padding=(1, 1), bias=False)
  (bn1): BatchNorm2d(64, eps=1e-05, momentum=0.1, affine=True, track_running_stats=True)
  (layer1): Sequential(
    (0): BasicBlock(
      (conv1): Conv2d(64, 64, kernel_size=(3, 3), stride=(1, 1), padding=(1, 1), bias=False)
      (bn1): BatchNorm2d(64, eps=1e-05, momentum=0.1, affine=True, track_running_stats=True)
      (conv2): Conv2d(64, 64, kernel_size=(3, 3), stride=(1, 1), padding=(1, 1), bias=False)
      (bn2): BatchNorm2d(64, eps=1e-05, momentum=0.1, affine=True, track_running_stats=True)
      (shortcut): Sequential()
    )
    (1): BasicBlock(
      (conv1): Conv2d(64, 64, kernel_size=(3, 3), stride=(1, 1), padding=(1, 1), bias=False)
      (bn1): BatchNorm2d(64, eps=1e-05, momentum=0.1, affine=True, track_running_stats=True)
      (conv2): Conv2d(64, 64, kernel_size=(3, 3), stride=(1, 1), padding=(1, 1), bias=False)
      (bn2): BatchNorm2d(64, eps=1e-05, momentum=0.1, affine=True, track_running_stats=True)
      (shortcut): Sequential()
    )
  )
  (layer2): Sequential(
    (0): BasicBlock(
      (conv1): Conv2d(64, 128, kernel_size=(3, 3), stride=(2, 2), padding=(1, 1), bias=False)
      (bn1): BatchNorm2d(128, eps=1e-05, momentum=0.1, affine=True, track_running_stats=True)
      (conv2): Conv2d(128, 128, kernel_size=(3, 3), stride=(1, 1), padding=(1, 1), bias=False)
      (bn2): BatchNorm2d(128, eps=1e-05, momentum=0.1, affine=True, track_running_stats=True)
      (shortcut): Sequential(
        (0): Conv2d(64, 128, kernel_size=(1, 1), stride=(2, 2), bias=False)
        (1): BatchNorm2d(128, eps=1e-05, momentum=0.1, affine=True, track_running_stats=True)
      )
    )
    (1): BasicBlock(
      (conv1): Conv2d(128, 128, kernel_size=(3, 3), stride=(1, 1), padding=(1, 1), bias=False)
      (bn1): BatchNorm2d(128, eps=1e-05, momentum=0.1, affine=True, track_running_stats=True)
      (conv2): Conv2d(128, 128, kernel_size=(3, 3), stride=(1, 1), padding=(1, 1), bias=False)
      (bn2): BatchNorm2d(128, eps=1e-05, momentum=0.1, affine=True, track_running_stats=True)
      (shortcut): Sequential()
    )
  )
  (layer3): Sequential(
    (0): BasicBlock(
      (conv1): Conv2d(128, 256, kernel_size=(3, 3), stride=(2, 2), padding=(1, 1), bias=False)
      (bn1): BatchNorm2d(256, eps=1e-05, momentum=0.1, affine=True, track_running_stats=True)
      (conv2): Conv2d(256, 256, kernel_size=(3, 3), stride=(1, 1), padding=(1, 1), bias=False)
      (bn2): BatchNorm2d(256, eps=1e-05, momentum=0.1, affine=True, track_running_stats=True)
      (shortcut): Sequential(
        (0): Conv2d(128, 256, kernel_size=(1, 1), stride=(2, 2), bias=False)
        (1): BatchNorm2d(256, eps=1e-05, momentum=0.1, affine=True, track_running_stats=True)
      )
    )
    (1): BasicBlock(
      (conv1): Conv2d(256, 256, kernel_size=(3, 3), stride=(1, 1), padding=(1, 1), bias=False)
      (bn1): BatchNorm2d(256, eps=1e-05, momentum=0.1, affine=True, track_running_stats=True)
      (conv2): Conv2d(256, 256, kernel_size=(3, 3), stride=(1, 1), padding=(1, 1), bias=False)
      (bn2): BatchNorm2d(256, eps=1e-05, momentum=0.1, affine=True, track_running_stats=True)
      (shortcut): Sequential()
    )
  )
  (layer4): Sequential(
    (0): BasicBlock(
      (conv1): Conv2d(256, 512, kernel_size=(3, 3), stride=(2, 2), padding=(1, 1), bias=False)
      (bn1): BatchNorm2d(512, eps=1e-05, momentum=0.1, affine=True, track_running_stats=True)
      (conv2): Conv2d(512, 512, kernel_size=(3, 3), stride=(1, 1), padding=(1, 1), bias=False)
      (bn2): BatchNorm2d(512, eps=1e-05, momentum=0.1, affine=True, track_running_stats=True)
      (shortcut): Sequential(
        (0): Conv2d(256, 512, kernel_size=(1, 1), stride=(2, 2), bias=False)
        (1): BatchNorm2d(512, eps=1e-05, momentum=0.1, affine=True, track_running_stats=True)
      )
    )
    (1): BasicBlock(
      (conv1): Conv2d(512, 512, kernel_size=(3, 3), stride=(1, 1), padding=(1, 1), bias=False)
      (bn1): BatchNorm2d(512, eps=1e-05, momentum=0.1, affine=True, track_running_stats=True)
      (conv2): Conv2d(512, 512, kernel_size=(3, 3), stride=(1, 1), padding=(1, 1), bias=False)
      (bn2): BatchNorm2d(512, eps=1e-05, momentum=0.1, affine=True, track_running_stats=True)
      (shortcut): Sequential()
    )
  )
  (avgpool): AdaptiveAvgPool2d(output_size=(1, 1))
  (fc1): Linear(in_features=512, out_features=10, bias=True)
)
Round 0 global test acc  16.7800
Round 0 Fscore 

[]
Round 1 global test acc  30.7400
Round 1 Fscore 

[]
Round 2 global test acc  34.1800
Round 2 Fscore 

[]
Round 3 global test acc  39.5300
Round 3 Fscore 

[]
Round 4 global test acc  40.2700
Round 4 Fscore 

[]
Round 5 global test acc  44.4700
Round 5 Fscore 

[]
Round 6 global test acc  46.2700
Round 6 Fscore 

[]
Round 7 global test acc  46.5300
Round 7 Fscore 

[]
Round 8 global test acc  49.7900
Round 8 Fscore 

[]
Round 9 global test acc  51.3200
Round 9 Fscore 

[]
Round 10 global test acc  50.3900
Round 10 Fscore 

[]
Round 11 global test acc  49.3400
Round 11 Fscore 

[]
Round 12 global test acc  49.2100
Round 12 Fscore 

[]
Round 13 global test acc  53.1900
Round 13 Fscore 

[]
Round 14 global test acc  58.1100
Round 14 Fscore 

[]
Round 15 global test acc  57.0400
Round 15 Fscore 

[]
Round 16 global test acc  58.4300
Round 16 Fscore 

[]
Round 17 global test acc  58.0500
Round 17 Fscore 

[]
Round 18 global test acc  60.4500
Round 18 Fscore 

[]
Round 19 global test acc  60.3800
Round 19 Fscore 

[]
Round 20 global test acc  61.5800
Round 20 Fscore 

[]
Round 21 global test acc  62.3800
Round 21 Fscore 

[]
Round 22 global test acc  62.4000
Round 22 Fscore 

[]
Round 23 global test acc  63.6700
Round 23 Fscore 

[]
Round 24 global test acc  64.2900
Round 24 Fscore 

[]
Round 25 global test acc  62.0500
Round 25 Fscore 

[]
Round 26 global test acc  63.6100
Round 26 Fscore 

[]
Round 27 global test acc  65.5600
Round 27 Fscore 

[]
Round 28 global test acc  65.4200
Round 28 Fscore 

[]
Round 29 global test acc  65.0500
Round 29 Fscore 

[]
Round 30 global test acc  65.9700
Round 30 Fscore 

[]
Round 31 global test acc  65.3800
Round 31 Fscore 

[]
Round 32 global test acc  66.4700
Round 32 Fscore 

[]
Round 33 global test acc  66.6000
Round 33 Fscore 

[]
Round 34 global test acc  66.5900
Round 34 Fscore 

[]
Round 35 global test acc  66.9500
Round 35 Fscore 

[]
Round 36 global test acc  67.4100
Round 36 Fscore 

[]
Round 37 global test acc  67.2800
Round 37 Fscore 

[]
Round 38 global test acc  68.0700
Round 38 Fscore 

[]
Round 39 global test acc  67.2600
Round 39 Fscore 

[]
Round 40 global test acc  67.1300
Round 40 Fscore 

[]
Round 41 global test acc  67.4100
Round 41 Fscore 

[]
Round 42 global test acc  69.7600
Round 42 Fscore 

[]
Round 43 global test acc  69.1600
Round 43 Fscore 

[]
Round 44 global test acc  70.7300
Round 44 Fscore 

[]
Round 45 global test acc  69.3300
Round 45 Fscore 

[]
Round 46 global test acc  69.3400
Round 46 Fscore 

[]
Round 47 global test acc  67.8800
Round 47 Fscore 

[]
Round 48 global test acc  69.9900
Round 48 Fscore 

[]
Round 49 global test acc  69.4400
Round 49 Fscore 

[]
Round 50 global test acc  70.1000
Round 50 Fscore 

[]
Round 51 global test acc  69.8800
Round 51 Fscore 

[]
Round 52 global test acc  67.8600
Round 52 Fscore 

[]
Round 53 global test acc  69.8900
Round 53 Fscore 

[]
Round 54 global test acc  48.1700
Round 54 Fscore 

[]
Round 55 global test acc  71.7600
Round 55 Fscore 

[]
Round 56 global test acc  69.4700
Round 56 Fscore 

[]
Round 57 global test acc  70.8400
Round 57 Fscore 

[]
Round 58 global test acc  70.6600
Round 58 Fscore 

[]
Round 59 global test acc  70.7400
Round 59 Fscore 

[]
Round 60 global test acc  73.8000
Round 60 Fscore 

[]
Round 61 global test acc  70.2600
Round 61 Fscore 

[]
Round 62 global test acc  71.8700
Round 62 Fscore 

[]
Round 63 global test acc  71.0900
Round 63 Fscore 

[]
Round 64 global test acc  72.0200
Round 64 Fscore 

[]
Round 65 global test acc  72.0100
Round 65 Fscore 

[]
Round 66 global test acc  72.5200
Round 66 Fscore 

[]
Round 67 global test acc  72.9900
Round 67 Fscore 

[]
Round 68 global test acc  72.1700
Round 68 Fscore 

[]
Round 69 global test acc  73.9700
Round 69 Fscore 

[]
Round 70 global test acc  73.7300
Round 70 Fscore 

[]
Round 71 global test acc  73.5900
Round 71 Fscore 

[]
Round 72 global test acc  72.2100
Round 72 Fscore 

[]
Round 73 global test acc  72.5100
Round 73 Fscore 

[]
Round 74 global test acc  69.9500
Round 74 Fscore 

[]
Round 75 global test acc  74.8300
Round 75 Fscore 

[]
Round 76 global test acc  73.2000
Round 76 Fscore 

[]
Round 77 global test acc  74.7400
Round 77 Fscore 

[]
Round 78 global test acc  74.2800
Round 78 Fscore 

[]
Round 79 global test acc  73.0400
Round 79 Fscore 

[]
Round 80 global test acc  74.7100
Round 80 Fscore 

[]
Round 81 global test acc  73.3700
Round 81 Fscore 

[]
Round 82 global test acc  75.2600
Round 82 Fscore 

[]
Round 83 global test acc  73.8100
Round 83 Fscore 

[]
Round 84 global test acc  72.7700
Round 84 Fscore 

[]
Round 85 global test acc  73.8000
Round 85 Fscore 

[]
Round 86 global test acc  74.9300
Round 86 Fscore 

[]
Round 87 global test acc  75.4300
Round 87 Fscore 

[]
Round 88 global test acc  75.6500
Round 88 Fscore 

[]
Round 89 global test acc  74.9200
Round 89 Fscore 

[]
Round 90 global test acc  74.3100
Round 90 Fscore 

[]
Round 91 global test acc  73.5900
Round 91 Fscore 

[]
Round 92 global test acc  74.8500
Round 92 Fscore 

[]
Round 93 global test acc  75.1600
Round 93 Fscore 

[]
Round 94 global test acc  76.7300
Round 94 Fscore 

[]
Round 95 global test acc  76.3300
Round 95 Fscore 

[]
Round 96 global test acc  75.5800
Round 96 Fscore 

[]
Round 97 global test acc  76.6800
Round 97 Fscore 

[]
Round 98 global test acc  76.1500
Round 98 Fscore 

[]
Round 99 global test acc  76.1200
Round 99 Fscore 

[]
Round 100 global test acc  76.8700
Round 100 Fscore 

[]
Round 101 global test acc  76.1100
Round 101 Fscore 

[]
Round 102 global test acc  75.8100
Round 102 Fscore 

[]
Round 103 global test acc  75.2500
Round 103 Fscore 

[]
Round 104 global test acc  73.4900
Round 104 Fscore 

[]
Round 105 global test acc  75.6300
Round 105 Fscore 

[]
Round 106 global test acc  75.7200
Round 106 Fscore 

[]
Round 107 global test acc  75.7100
Round 107 Fscore 

[]
Round 108 global test acc  75.7500
Round 108 Fscore 

[]
Round 109 global test acc  75.6100
Round 109 Fscore 

[]
Round 110 global test acc  75.8900
Round 110 Fscore 

[]
Round 111 global test acc  75.3600
Round 111 Fscore 

[]
Round 112 global test acc  76.5500
Round 112 Fscore 

[]
Round 113 global test acc  76.7600
Round 113 Fscore 

[]
Round 114 global test acc  75.9700
Round 114 Fscore 

[]
Round 115 global test acc  76.4700
Round 115 Fscore 

[]
Round 116 global test acc  76.3700
Round 116 Fscore 

[]
Round 117 global test acc  76.8100
Round 117 Fscore 

[]
Round 118 global test acc  76.6600
Round 118 Fscore 

[]
Round 119 global test acc  76.7900
Round 119 Fscore 

[]
Round 120 global test acc  76.9100
Round 120 Fscore 

[]
Round 121 global test acc  76.9300
Round 121 Fscore 

[]
Round 122 global test acc  77.2000
Round 122 Fscore 

[]
Round 123 global test acc  77.6600
Round 123 Fscore 

[]
Round 124 global test acc  76.6100
Round 124 Fscore 

[]
Round 125 global test acc  76.5800
Round 125 Fscore 

[]
Round 126 global test acc  77.2400
Round 126 Fscore 

[]
Round 127 global test acc  77.4500
Round 127 Fscore 

[]
Round 128 global test acc  77.1400
Round 128 Fscore 

[]
Round 129 global test acc  77.0700
Round 129 Fscore 

[]
Round 130 global test acc  77.0700
Round 130 Fscore 

[]
Round 131 global test acc  77.5200
Round 131 Fscore 

[]
Round 132 global test acc  77.4900
Round 132 Fscore 

[]
Round 133 global test acc  76.5800
Round 133 Fscore 

[]
Round 134 global test acc  77.2700
Round 134 Fscore 

[]
Round 135 global test acc  77.6300
Round 135 Fscore 

[]
Round 136 global test acc  77.6700
Round 136 Fscore 

[]
Round 137 global test acc  77.9900
Round 137 Fscore 

[]
Round 138 global test acc  78.0300
Round 138 Fscore 

[]
Round 139 global test acc  77.6600
Round 139 Fscore 

[]
Round 140 global test acc  78.2800
Round 140 Fscore 

[]
Round 141 global test acc  78.3000
Round 141 Fscore 

[]
Round 142 global test acc  78.5500
Round 142 Fscore 

[]
Round 143 global test acc  78.5900
Round 143 Fscore 

[]
Round 144 global test acc  78.3100
Round 144 Fscore 

[]
Round 145 global test acc  78.6400
Round 145 Fscore 

[]
Round 146 global test acc  78.3100
Round 146 Fscore 

[]
Round 147 global test acc  78.6400
Round 147 Fscore 

[]
Round 148 global test acc  77.9000
Round 148 Fscore 

[]
Round 149 global test acc  77.1900
Round 149 Fscore 

[]
Round 150 global test acc  77.9900
Round 150 Fscore 

[]
Round 151 global test acc  78.3300
Round 151 Fscore 

[]
Round 152 global test acc  78.0700
Round 152 Fscore 

[]
Round 153 global test acc  78.2200
Round 153 Fscore 

[]
Round 154 global test acc  78.2000
Round 154 Fscore 

[]
Round 155 global test acc  78.9000
Round 155 Fscore 

[]
Round 156 global test acc  79.2000
Round 156 Fscore 

[]
Round 157 global test acc  78.7000
Round 157 Fscore 

[]
Round 158 global test acc  78.9300
Round 158 Fscore 

[]
Round 159 global test acc  78.4000
Round 159 Fscore 

[]
Round 160 global test acc  78.8500
Round 160 Fscore 

[]
Round 161 global test acc  78.7200
Round 161 Fscore 

[]
Round 162 global test acc  78.9900
Round 162 Fscore 

[]
Round 163 global test acc  78.4700
Round 163 Fscore 

[]
Round 164 global test acc  79.0500
Round 164 Fscore 

[]
Round 165 global test acc  79.3200
Round 165 Fscore 

[]
Round 166 global test acc  79.6000
Round 166 Fscore 

[]
Round 167 global test acc  79.8800
Round 167 Fscore 

[]
Round 168 global test acc  79.1600
Round 168 Fscore 

[]
Round 169 global test acc  79.2200
Round 169 Fscore 

[]
Round 170 global test acc  79.3500
Round 170 Fscore 

[]
Round 171 global test acc  79.6200
Round 171 Fscore 

[]
Round 172 global test acc  79.6300
Round 172 Fscore 

[]
Round 173 global test acc  79.3200
Round 173 Fscore 

[]
Round 174 global test acc  79.3100
Round 174 Fscore 

[]
Round 175 global test acc  79.4900
Round 175 Fscore 

[]
Round 176 global test acc  79.2100
Round 176 Fscore 

[]
Round 177 global test acc  79.1600
Round 177 Fscore 

[]
Round 178 global test acc  79.4200
Round 178 Fscore 

[]
Round 179 global test acc  79.2700
Round 179 Fscore 

[]
Round 180 global test acc  79.9800
Round 180 Fscore 

[]
Round 181 global test acc  79.6000
Round 181 Fscore 

[]
Round 182 global test acc  79.5700
Round 182 Fscore 

[]
Round 183 global test acc  79.8300
Round 183 Fscore 

[]
Round 184 global test acc  80.0600
Round 184 Fscore 

[]
Round 185 global test acc  80.1500
Round 185 Fscore 

[]
Round 186 global test acc  80.3000
Round 186 Fscore 

[]
Round 187 global test acc  80.6600
Round 187 Fscore 

[]
Round 188 global test acc  80.4500
Round 188 Fscore 

[]
Round 189 global test acc  80.4700
Round 189 Fscore 

[]
Round 190 global test acc  80.5600
Round 190 Fscore 

[]
Round 191 global test acc  80.6200
Round 191 Fscore 

[]
Round 192 global test acc  79.9900
Round 192 Fscore 

[]
Round 193 global test acc  79.9000
Round 193 Fscore 

[]
Round 194 global test acc  80.4100
Round 194 Fscore 

[]
Round 195 global test acc  80.7100
Round 195 Fscore 

[]
Round 196 global test acc  80.2800
Round 196 Fscore 

[]
Round 197 global test acc  80.4800
Round 197 Fscore 

[]
Round 198 global test acc  80.5800
Round 198 Fscore 

[]
Round 199 global test acc  80.3900
Round 199 Fscore 

[]
Round 200 global test acc  80.6100
Round 200 Fscore 

[]
Round 201 global test acc  80.5900
Round 201 Fscore 

[]
Round 202 global test acc  80.5500
Round 202 Fscore 

[]
Round 203 global test acc  80.7700
Round 203 Fscore 

[]
Round 204 global test acc  80.6600
Round 204 Fscore 

[]
Round 205 global test acc  80.5400
Round 205 Fscore 

[]
Round 206 global test acc  80.8300
Round 206 Fscore 

[]
Round 207 global test acc  80.5200
Round 207 Fscore 

[]
Round 208 global test acc  80.4700
Round 208 Fscore 

[]
Round 209 global test acc  80.0500
Round 209 Fscore 

[]
Round 210 global test acc  80.5200
Round 210 Fscore 

[]
Round 211 global test acc  80.6900
Round 211 Fscore 

[]
Round 212 global test acc  81.2300
Round 212 Fscore 

[]
Round 213 global test acc  81.1800
Round 213 Fscore 

[]
Round 214 global test acc  80.2600
Round 214 Fscore 

[]
Round 215 global test acc  80.2100
Round 215 Fscore 

[]
Round 216 global test acc  80.3200
Round 216 Fscore 

[]
Round 217 global test acc  80.9200
Round 217 Fscore 

[]
Round 218 global test acc  80.9300
Round 218 Fscore 

[]
Round 219 global test acc  80.7200
Round 219 Fscore 

[]
Round 220 global test acc  81.2100
Round 220 Fscore 

[]
Round 221 global test acc  80.8200
Round 221 Fscore 

[]
Round 222 global test acc  80.9200
Round 222 Fscore 

[]
Round 223 global test acc  81.1100
Round 223 Fscore 

[]
Round 224 global test acc  81.2100
Round 224 Fscore 

[]
Round 225 global test acc  81.0500
Round 225 Fscore 

[]
Round 226 global test acc  80.6600
Round 226 Fscore 

[]
Round 227 global test acc  80.8500
Round 227 Fscore 

[]
Round 228 global test acc  80.6500
Round 228 Fscore 

[]
Round 229 global test acc  81.3800
Round 229 Fscore 

[]
Round 230 global test acc  81.1300
Round 230 Fscore 

[]
Round 231 global test acc  81.1200
Round 231 Fscore 

[]
Round 232 global test acc  80.6100
Round 232 Fscore 

[]
Round 233 global test acc  80.9400
Round 233 Fscore 

[]
Round 234 global test acc  81.1200
Round 234 Fscore 

[]
Round 235 global test acc  81.2400
Round 235 Fscore 

[]
Round 236 global test acc  81.3300
Round 236 Fscore 

[]
Round 237 global test acc  81.2600
Round 237 Fscore 

[]
Round 238 global test acc  81.1100
Round 238 Fscore 

[]
Round 239 global test acc  80.4900
Round 239 Fscore 

[]
Round 240 global test acc  81.1200
Round 240 Fscore 

[]
Round 241 global test acc  81.2700
Round 241 Fscore 

[]
Round 242 global test acc  81.1400
Round 242 Fscore 

[]
Round 243 global test acc  81.4300
Round 243 Fscore 

[]
Round 244 global test acc  81.3100
Round 244 Fscore 

[]
Round 245 global test acc  81.3100
Round 245 Fscore 

[]
Round 246 global test acc  81.6800
Round 246 Fscore 

[]
Round 247 global test acc  81.6600
Round 247 Fscore 

[]
Round 248 global test acc  81.5100
Round 248 Fscore 

[]
Round 249 global test acc  79.3500
Round 249 Fscore 

[]
Round 250 global test acc  81.2600
Round 250 Fscore 

[]
Round 251 global test acc  81.1800
Round 251 Fscore 

[]
Round 252 global test acc  81.2500
Round 252 Fscore 

[]
Round 253 global test acc  81.2100
Round 253 Fscore 

[]
Round 254 global test acc  81.6100
Round 254 Fscore 

[]
Round 255 global test acc  81.3500
Round 255 Fscore 

[]
Round 256 global test acc  81.2300
Round 256 Fscore 

[]
Round 257 global test acc  81.2900
Round 257 Fscore 

[]
Round 258 global test acc  81.3500
Round 258 Fscore 

[]
Round 259 global test acc  81.3100
Round 259 Fscore 

[]
Round 260 global test acc  80.5800
Round 260 Fscore 

[]
Round 261 global test acc  81.2000
Round 261 Fscore 

[]
Round 262 global test acc  81.2500
Round 262 Fscore 

[]
Round 263 global test acc  81.6900
Round 263 Fscore 

[]
Round 264 global test acc  81.2300
Round 264 Fscore 

[]
Round 265 global test acc  81.6300
Round 265 Fscore 

[]
Round 266 global test acc  81.8800
Round 266 Fscore 

[]
Round 267 global test acc  81.7000
Round 267 Fscore 

[]
Round 268 global test acc  82.0500
Round 268 Fscore 

[]
Round 269 global test acc  81.8200
Round 269 Fscore 

[]
Round 270 global test acc  81.7200
Round 270 Fscore 

[]
Round 271 global test acc  81.8400
Round 271 Fscore 

[]
Round 272 global test acc  81.4000
Round 272 Fscore 

[]
Round 273 global test acc  81.7900
Round 273 Fscore 

[]
Round 274 global test acc  81.6200
Round 274 Fscore 

[]
Round 275 global test acc  81.9100
Round 275 Fscore 

[]
Round 276 global test acc  82.2200
Round 276 Fscore 

[]
Round 277 global test acc  82.0600
Round 277 Fscore 

[]
Round 278 global test acc  81.8000
Round 278 Fscore 

[]
Round 279 global test acc  81.4600
Round 279 Fscore 

[]
Round 280 global test acc  82.0400
Round 280 Fscore 

[]
Round 281 global test acc  80.8700
Round 281 Fscore 

[]
Round 282 global test acc  81.1100
Round 282 Fscore 

[]
Round 283 global test acc  81.7700
Round 283 Fscore 

[]
Round 284 global test acc  81.7100
Round 284 Fscore 

[]
Round 285 global test acc  81.9900
Round 285 Fscore 

[]
Round 286 global test acc  82.0800
Round 286 Fscore 

[]
Round 287 global test acc  82.5400
Round 287 Fscore 

[]
Round 288 global test acc  82.1600
Round 288 Fscore 

[]
Round 289 global test acc  81.6700
Round 289 Fscore 

[]
Round 290 global test acc  81.9500
Round 290 Fscore 

[]
Round 291 global test acc  82.0000
Round 291 Fscore 

[]
Round 292 global test acc  82.1100
Round 292 Fscore 

[]
Round 293 global test acc  82.1500
Round 293 Fscore 

[]
Round 294 global test acc  82.4100
Round 294 Fscore 

[]
Round 295 global test acc  82.5000
Round 295 Fscore 

[]
Round 296 global test acc  82.2700
Round 296 Fscore 

[]
Round 297 global test acc  82.2500
Round 297 Fscore 

[]
Round 298 global test acc  82.4700
Round 298 Fscore 

[]
Round 299 global test acc  82.5600
Round 299 Fscore 

[]
Round 300 global test acc  82.5800
Round 300 Fscore 

[]
Round 301 global test acc  82.5500
Round 301 Fscore 

[]
Round 302 global test acc  82.6000
Round 302 Fscore 

[]
Round 303 global test acc  81.0300
Round 303 Fscore 

[]
Round 304 global test acc  81.5400
Round 304 Fscore 

[]
Round 305 global test acc  81.9700
Round 305 Fscore 

[]
Round 306 global test acc  82.4000
Round 306 Fscore 

[]
Round 307 global test acc  82.3700
Round 307 Fscore 

[]
Round 308 global test acc  82.2900
Round 308 Fscore 

[]
Round 309 global test acc  81.9900
Round 309 Fscore 

[]
Round 310 global test acc  80.0600
Round 310 Fscore 

[]
Round 311 global test acc  81.0300
Round 311 Fscore 

[]
Round 312 global test acc  82.2500
Round 312 Fscore 

[]
Round 313 global test acc  81.8900
Round 313 Fscore 

[]
Round 314 global test acc  81.8800
Round 314 Fscore 

[]
Round 315 global test acc  82.4800
Round 315 Fscore 

[]
Round 316 global test acc  82.7400
Round 316 Fscore 

[]
Round 317 global test acc  82.0400
Round 317 Fscore 

[]
Round 318 global test acc  82.1400
Round 318 Fscore 

[]
Round 319 global test acc  82.3800
Round 319 Fscore 

[]
Round 320 global test acc  82.8100
Round 320 Fscore 

[]
Round 321 global test acc  81.8300
Round 321 Fscore 

[]
Round 322 global test acc  82.5400
Round 322 Fscore 

[]
Round 323 global test acc  82.8000
Round 323 Fscore 

[]
Round 324 global test acc  82.6300
Round 324 Fscore 

[]
Round 325 global test acc  83.1700
Round 325 Fscore 

[]
Round 326 global test acc  82.6900
Round 326 Fscore 

[]
Round 327 global test acc  82.6200
Round 327 Fscore 

[]
Round 328 global test acc  82.5900
Round 328 Fscore 

[]
Round 329 global test acc  82.5400
Round 329 Fscore 

[]
Round 330 global test acc  82.6800
Round 330 Fscore 

[]
Round 331 global test acc  82.2800
Round 331 Fscore 

[]
Round 332 global test acc  81.2200
Round 332 Fscore 

[]
Round 333 global test acc  82.3300
Round 333 Fscore 

[]
Round 334 global test acc  82.4500
Round 334 Fscore 

[]
Round 335 global test acc  82.6500
Round 335 Fscore 

[]
Round 336 global test acc  82.8200
Round 336 Fscore 

[]
Round 337 global test acc  82.5100
Round 337 Fscore 

[]
Round 338 global test acc  82.8400
Round 338 Fscore 

[]
Round 339 global test acc  82.9300
Round 339 Fscore 

[]
Round 340 global test acc  82.6700
Round 340 Fscore 

[]
Round 341 global test acc  83.0800
Round 341 Fscore 

[]
Round 342 global test acc  82.9100
Round 342 Fscore 

[]
Round 343 global test acc  82.7400
Round 343 Fscore 

[]
Round 344 global test acc  82.5500
Round 344 Fscore 

[]
Round 345 global test acc  82.8600
Round 345 Fscore 

[]
Round 346 global test acc  82.7300
Round 346 Fscore 

[]
Round 347 global test acc  82.6100
Round 347 Fscore 

[]
Round 348 global test acc  82.9400
Round 348 Fscore 

[]
Round 349 global test acc  82.3900
Round 349 Fscore 

[]
Round 350 global test acc  82.3100
Round 350 Fscore 

[]
Round 351 global test acc  82.6900
Round 351 Fscore 

[]
Round 352 global test acc  82.7200
Round 352 Fscore 

[]
Round 353 global test acc  83.0500
Round 353 Fscore 

[]
Round 354 global test acc  83.0000
Round 354 Fscore 

[]
Round 355 global test acc  83.3000
Round 355 Fscore 

[]
Round 356 global test acc  83.1000
Round 356 Fscore 

[]
Round 357 global test acc  83.0000
Round 357 Fscore 

[]
Round 358 global test acc  83.1800
Round 358 Fscore 

[]
Round 359 global test acc  83.1000
Round 359 Fscore 

[]
Round 360 global test acc  80.0800
Round 360 Fscore 

[]
Round 361 global test acc  82.3400
Round 361 Fscore 

[]
Round 362 global test acc  83.0600
Round 362 Fscore 

[]
Round 363 global test acc  82.8200
Round 363 Fscore 

[]
Round 364 global test acc  82.9200
Round 364 Fscore 

[]
Round 365 global test acc  83.1900
Round 365 Fscore 

[]
Round 366 global test acc  82.9100
Round 366 Fscore 

[]
Round 367 global test acc  83.1000
Round 367 Fscore 

[]
Round 368 global test acc  82.8800
Round 368 Fscore 

[]
Round 369 global test acc  83.0500
Round 369 Fscore 

[]
Round 370 global test acc  83.4200
Round 370 Fscore 

[]
Round 371 global test acc  83.4000
Round 371 Fscore 

[]
Round 372 global test acc  83.0500
Round 372 Fscore 

[]
Round 373 global test acc  83.2700
Round 373 Fscore 

[]
Round 374 global test acc  83.3300
Round 374 Fscore 

[]
Round 375 global test acc  83.2700
Round 375 Fscore 

[]
Round 376 global test acc  83.0400
Round 376 Fscore 

[]
Round 377 global test acc  82.8000
Round 377 Fscore 

[]
Round 378 global test acc  82.9300
Round 378 Fscore 

[]
Round 379 global test acc  83.1100
Round 379 Fscore 

[]
Round 380 global test acc  82.8800
Round 380 Fscore 

[]
Round 381 global test acc  82.9600
Round 381 Fscore 

[]
Round 382 global test acc  83.1600
Round 382 Fscore 

[]
Round 383 global test acc  82.4800
Round 383 Fscore 

[]
Round 384 global test acc  81.4500
Round 384 Fscore 

[]
Round 385 global test acc  82.7800
Round 385 Fscore 

[]
Round 386 global test acc  83.0500
Round 386 Fscore 

[]
Round 387 global test acc  83.0800
Round 387 Fscore 

[]
Round 388 global test acc  83.2600
Round 388 Fscore 

[]
Round 389 global test acc  83.2300
Round 389 Fscore 

[]
Round 390 global test acc  83.0300
Round 390 Fscore 

[]
Round 391 global test acc  82.3300
Round 391 Fscore 

[]
Round 392 global test acc  82.3800
Round 392 Fscore 

[]
Round 393 global test acc  82.8700
Round 393 Fscore 

[]
Round 394 global test acc  82.9800
Round 394 Fscore 

[]
Round 395 global test acc  81.6300
Round 395 Fscore 

[]
Round 396 global test acc  82.2600
Round 396 Fscore 

[]
Round 397 global test acc  82.9700
Round 397 Fscore 

[]
Round 398 global test acc  83.1000
Round 398 Fscore 

[]
Round 399 global test acc  82.8800
Round 399 Fscore 

[]
Round 400 global test acc  83.2700
Round 400 Fscore 

[]
Round 401 global test acc  82.8700
Round 401 Fscore 

[]
Round 402 global test acc  82.8300
Round 402 Fscore 

[]
Round 403 global test acc  83.3500
Round 403 Fscore 

[]
Round 404 global test acc  83.2300
Round 404 Fscore 

[]
Round 405 global test acc  83.1800
Round 405 Fscore 

[]
Round 406 global test acc  82.6900
Round 406 Fscore 

[]
Round 407 global test acc  83.2200
Round 407 Fscore 

[]
Round 408 global test acc  83.0100
Round 408 Fscore 

[]
Round 409 global test acc  83.2300
Round 409 Fscore 

[]
Round 410 global test acc  82.8100
Round 410 Fscore 

[]
Round 411 global test acc  82.9800
Round 411 Fscore 

[]
Round 412 global test acc  82.8100
Round 412 Fscore 

[]
Round 413 global test acc  83.1200
Round 413 Fscore 

[]
Round 414 global test acc  83.3000
Round 414 Fscore 

[]
Round 415 global test acc  83.5400
Round 415 Fscore 

[]
Round 416 global test acc  83.5500
Round 416 Fscore 

[]
Round 417 global test acc  83.4000
Round 417 Fscore 

[]
Round 418 global test acc  83.2800
Round 418 Fscore 

[]
Round 419 global test acc  83.8300
Round 419 Fscore 

[]
Round 420 global test acc  83.4400
Round 420 Fscore 

[]
Round 421 global test acc  83.4400
Round 421 Fscore 

[]
Round 422 global test acc  83.2300
Round 422 Fscore 

[]
Round 423 global test acc  83.3700
Round 423 Fscore 

[]
Round 424 global test acc  83.2800
Round 424 Fscore 

[]
Round 425 global test acc  83.2100
Round 425 Fscore 

[]
Round 426 global test acc  83.2100
Round 426 Fscore 

[]
Round 427 global test acc  83.0700
Round 427 Fscore 

[]
Round 428 global test acc  83.5800
Round 428 Fscore 

[]
Round 429 global test acc  83.5200
Round 429 Fscore 

[]
Round 430 global test acc  83.4000
Round 430 Fscore 

[]
Round 431 global test acc  83.4100
Round 431 Fscore 

[]
Round 432 global test acc  83.7500
Round 432 Fscore 

[]
Round 433 global test acc  83.5100
Round 433 Fscore 

[]
Round 434 global test acc  83.2000
Round 434 Fscore 

[]
Round 435 global test acc  83.7400
Round 435 Fscore 

[]
Round 436 global test acc  83.5400
Round 436 Fscore 

[]
Round 437 global test acc  83.4300
Round 437 Fscore 

[]
Round 438 global test acc  83.3800
Round 438 Fscore 

[]
Round 439 global test acc  83.2900
Round 439 Fscore 

[]
Round 440 global test acc  83.5600
Round 440 Fscore 

[]
Round 441 global test acc  82.6500
Round 441 Fscore 

[]
Round 442 global test acc  83.0500
Round 442 Fscore 

[]
Round 443 global test acc  83.3700
Round 443 Fscore 

[]
Round 444 global test acc  83.4000
Round 444 Fscore 

[]
Round 445 global test acc  83.2300
Round 445 Fscore 

[]
Round 446 global test acc  83.2000
Round 446 Fscore 

[]
Round 447 global test acc  83.5100
Round 447 Fscore 

[]
Round 448 global test acc  83.0400
Round 448 Fscore 

[]
Round 449 global test acc  83.7300
Round 449 Fscore 

[0.7513811588287354, 0.9847389459609985, 0.8838951587677002, 0.8684627413749695, 0.6068965792655945, 0.9881129264831543, 0.7246375679969788, 0.9211986660957336, 0.9106753468513489, 0.9164086580276489, 0.9886178970336914, 0.9851694703102112, 0.9905163049697876, 0.8993710279464722, 0.991439700126648, 0.9296740889549255, 0.9842519760131836, 0.9894534349441528, 0.9895833134651184, 0.9900771975517273, 0.7702702879905701, 0.9906736016273499, 0.9893616437911987, 0.8598130941390991, 0.9881592988967896, 0.9928673505783081, 0.626086950302124, 0.9300411343574524, 0.9906666874885559, 0.6224784255027771, 0.7676056027412415, 0.9931033849716187, 0.8932584524154663, 0.9114583134651184, 0.9905955791473389, 0.7262569665908813, 0.9901167750358582, 0.980571448802948, 0.8595988750457764, 0.9867675304412842, 0.9873417615890503, 0.7530648112297058, 0.7081711888313293, 0.9889503121376038, 0.9866666793823242, 0.9922600984573364, 0.9900552034378052, 0.8908297419548035, 0.8710218071937561, 0.9849784970283508, 0.7019497752189636, 0.9273468852043152, 0.9925094246864319, 0.9844311475753784, 0.9885057806968689, 0.9909090995788574, 0.8631578087806702, 0.7927461266517639, 0.9818496108055115, 0.9066666960716248, 0.572115421295166, 0.9925134181976318, 0.9094203114509583, 0.9821240901947021, 0.9931454658508301, 0.9822335243225098, 0.9900568127632141, 0.9216216206550598, 0.5085713863372803, 0.7711712121963501, 0.9920565485954285, 0.9941657185554504, 0.9318918585777283, 0.989399254322052, 0.997140109539032, 0.7407407164573669, 0.9914675951004028, 0.9906541705131531, 0.9230769276618958, 0.6959706544876099, 0.8345978260040283, 0.9917936325073242, 0.9870465993881226, 0.8938907384872437, 0.992125928401947, 0.9874352812767029, 0.988727867603302, 0.995488703250885, 0.9023860692977905, 0.9888983964920044, 0.8709677457809448, 0.9022005200386047, 0.9874551892280579, 0.9848637580871582, 0.928909957408905, 0.9832133650779724, 0.9932773113250732, 0.9884225726127625, 0.8738461136817932, 0.8900255560874939]
time : 17454.80749440193
