('algorithm', 'RFL')
('gpu', 0)
('seed', 13)
('save_dir', './record/')
('rounds2', 450)
('local_ep', 5)
('frac2', 0.1)
('num_users', 100)
('local_bs', 32)
('lr', 0.01)
('model', 'resnet18')
('num_classes', 10)
('level_n_system', 0.0)
('level_n_lowerb', 0.0)
('alpha_dirichlet', 10)
('non_iid_prob_class', 0.7)
('dataset', 'cifar10')
('iid', True)
('LID_k', 20)
('iteration1', 5)
('rounds1', 200)
('frac1', 0.01)
('pretrained', False)
('mixup', False)
('alpha', 1)
('beta', 5)
('relabel_ratio', 0.5)
('confidence_thres', 0.5)
('clean_set_thres', 0.1)
('fine_tuning', True)
('correction', True)
('T_pl', 100)
('lambda_cen', 1.0)
('lambda_e', 0.8)
('num_gradual', 10)
('forget_rate', 0.2)
('lr_decay', 0.1)
('schedule', [])
('momentum', 0.5)
('weight_decay', 0.0001)
('feature_dim', 128)
('plr', 0.01)
('lamda', 15)
('K', 1)
('gamma', 1)
('begin_sel', 10)
('max_beta', 2)
('mu', 0.01)
('device', device(type='cuda', index=0))
Files already downloaded and verified
Files already downloaded and verified
ResNet(
  (conv1): Conv2d(3, 64, kernel_size=(3, 3), stride=(1, 1), padding=(1, 1), bias=False)
  (bn1): BatchNorm2d(64, eps=1e-05, momentum=0.1, affine=True, track_running_stats=True)
  (layer1): Sequential(
    (0): BasicBlock(
      (conv1): Conv2d(64, 64, kernel_size=(3, 3), stride=(1, 1), padding=(1, 1), bias=False)
      (bn1): BatchNorm2d(64, eps=1e-05, momentum=0.1, affine=True, track_running_stats=True)
      (conv2): Conv2d(64, 64, kernel_size=(3, 3), stride=(1, 1), padding=(1, 1), bias=False)
      (bn2): BatchNorm2d(64, eps=1e-05, momentum=0.1, affine=True, track_running_stats=True)
      (shortcut): Sequential()
    )
    (1): BasicBlock(
      (conv1): Conv2d(64, 64, kernel_size=(3, 3), stride=(1, 1), padding=(1, 1), bias=False)
      (bn1): BatchNorm2d(64, eps=1e-05, momentum=0.1, affine=True, track_running_stats=True)
      (conv2): Conv2d(64, 64, kernel_size=(3, 3), stride=(1, 1), padding=(1, 1), bias=False)
      (bn2): BatchNorm2d(64, eps=1e-05, momentum=0.1, affine=True, track_running_stats=True)
      (shortcut): Sequential()
    )
  )
  (layer2): Sequential(
    (0): BasicBlock(
      (conv1): Conv2d(64, 128, kernel_size=(3, 3), stride=(2, 2), padding=(1, 1), bias=False)
      (bn1): BatchNorm2d(128, eps=1e-05, momentum=0.1, affine=True, track_running_stats=True)
      (conv2): Conv2d(128, 128, kernel_size=(3, 3), stride=(1, 1), padding=(1, 1), bias=False)
      (bn2): BatchNorm2d(128, eps=1e-05, momentum=0.1, affine=True, track_running_stats=True)
      (shortcut): Sequential(
        (0): Conv2d(64, 128, kernel_size=(1, 1), stride=(2, 2), bias=False)
        (1): BatchNorm2d(128, eps=1e-05, momentum=0.1, affine=True, track_running_stats=True)
      )
    )
    (1): BasicBlock(
      (conv1): Conv2d(128, 128, kernel_size=(3, 3), stride=(1, 1), padding=(1, 1), bias=False)
      (bn1): BatchNorm2d(128, eps=1e-05, momentum=0.1, affine=True, track_running_stats=True)
      (conv2): Conv2d(128, 128, kernel_size=(3, 3), stride=(1, 1), padding=(1, 1), bias=False)
      (bn2): BatchNorm2d(128, eps=1e-05, momentum=0.1, affine=True, track_running_stats=True)
      (shortcut): Sequential()
    )
  )
  (layer3): Sequential(
    (0): BasicBlock(
      (conv1): Conv2d(128, 256, kernel_size=(3, 3), stride=(2, 2), padding=(1, 1), bias=False)
      (bn1): BatchNorm2d(256, eps=1e-05, momentum=0.1, affine=True, track_running_stats=True)
      (conv2): Conv2d(256, 256, kernel_size=(3, 3), stride=(1, 1), padding=(1, 1), bias=False)
      (bn2): BatchNorm2d(256, eps=1e-05, momentum=0.1, affine=True, track_running_stats=True)
      (shortcut): Sequential(
        (0): Conv2d(128, 256, kernel_size=(1, 1), stride=(2, 2), bias=False)
        (1): BatchNorm2d(256, eps=1e-05, momentum=0.1, affine=True, track_running_stats=True)
      )
    )
    (1): BasicBlock(
      (conv1): Conv2d(256, 256, kernel_size=(3, 3), stride=(1, 1), padding=(1, 1), bias=False)
      (bn1): BatchNorm2d(256, eps=1e-05, momentum=0.1, affine=True, track_running_stats=True)
      (conv2): Conv2d(256, 256, kernel_size=(3, 3), stride=(1, 1), padding=(1, 1), bias=False)
      (bn2): BatchNorm2d(256, eps=1e-05, momentum=0.1, affine=True, track_running_stats=True)
      (shortcut): Sequential()
    )
  )
  (layer4): Sequential(
    (0): BasicBlock(
      (conv1): Conv2d(256, 512, kernel_size=(3, 3), stride=(2, 2), padding=(1, 1), bias=False)
      (bn1): BatchNorm2d(512, eps=1e-05, momentum=0.1, affine=True, track_running_stats=True)
      (conv2): Conv2d(512, 512, kernel_size=(3, 3), stride=(1, 1), padding=(1, 1), bias=False)
      (bn2): BatchNorm2d(512, eps=1e-05, momentum=0.1, affine=True, track_running_stats=True)
      (shortcut): Sequential(
        (0): Conv2d(256, 512, kernel_size=(1, 1), stride=(2, 2), bias=False)
        (1): BatchNorm2d(512, eps=1e-05, momentum=0.1, affine=True, track_running_stats=True)
      )
    )
    (1): BasicBlock(
      (conv1): Conv2d(512, 512, kernel_size=(3, 3), stride=(1, 1), padding=(1, 1), bias=False)
      (bn1): BatchNorm2d(512, eps=1e-05, momentum=0.1, affine=True, track_running_stats=True)
      (conv2): Conv2d(512, 512, kernel_size=(3, 3), stride=(1, 1), padding=(1, 1), bias=False)
      (bn2): BatchNorm2d(512, eps=1e-05, momentum=0.1, affine=True, track_running_stats=True)
      (shortcut): Sequential()
    )
  )
  (avgpool): AdaptiveAvgPool2d(output_size=(1, 1))
  (fc1): Linear(in_features=512, out_features=10, bias=True)
)
Round 0 global test acc  20.0300
Round 1 global test acc  33.9600
Round 2 global test acc  38.3500
Round 3 global test acc  43.9200
Round 4 global test acc  47.8900
Round 5 global test acc  50.1900
Round 6 global test acc  51.7200
Round 7 global test acc  53.8200
Round 8 global test acc  55.8600
Round 9 global test acc  57.5000
Round 10 global test acc  57.9700
Round 11 global test acc  59.8900
Round 12 global test acc  59.0700
Round 13 global test acc  62.1600
Round 14 global test acc  61.6000
Round 15 global test acc  63.5500
Round 16 global test acc  63.8800
Round 17 global test acc  64.1800
Round 18 global test acc  65.3400
Round 19 global test acc  66.0700
Round 20 global test acc  66.1500
Round 21 global test acc  66.8600
Round 22 global test acc  67.9200
Round 23 global test acc  67.5300
Round 24 global test acc  67.9900
Round 25 global test acc  68.0000
Round 26 global test acc  68.3000
Round 27 global test acc  69.9300
Round 28 global test acc  69.9500
Round 29 global test acc  69.7200
Round 30 global test acc  69.7300
Round 31 global test acc  70.4300
Round 32 global test acc  70.0000
Round 33 global test acc  71.3500
Round 34 global test acc  71.9400
Round 35 global test acc  72.4300
Round 36 global test acc  72.6500
Round 37 global test acc  72.3000
Round 38 global test acc  72.8900
Round 39 global test acc  74.0600
Round 40 global test acc  73.9300
Round 41 global test acc  73.4200
Round 42 global test acc  74.7900
Round 43 global test acc  74.8200
Round 44 global test acc  74.6400
Round 45 global test acc  74.4600
Round 46 global test acc  75.5900
Round 47 global test acc  75.4500
Round 48 global test acc  75.3600
Round 49 global test acc  75.6700
Round 50 global test acc  76.5400
Round 51 global test acc  76.5000
Round 52 global test acc  76.4300
Round 53 global test acc  76.2700
Round 54 global test acc  77.2500
Round 55 global test acc  76.7300
Round 56 global test acc  77.1300
Round 57 global test acc  76.9900
Round 58 global test acc  77.5800
Round 59 global test acc  77.7800
Round 60 global test acc  77.7100
Round 61 global test acc  78.0200
Round 62 global test acc  77.6100
Round 63 global test acc  78.3700
Round 64 global test acc  78.1700
Round 65 global test acc  78.3800
Round 66 global test acc  78.4400
Round 67 global test acc  78.2900
Round 68 global test acc  78.6600
Round 69 global test acc  79.0700
Round 70 global test acc  79.1500
Round 71 global test acc  79.7000
Round 72 global test acc  79.8400
Round 73 global test acc  79.7400
Round 74 global test acc  79.8400
Round 75 global test acc  79.4300
Round 76 global test acc  79.7100
Round 77 global test acc  80.4800
Round 78 global test acc  80.3800
Round 79 global test acc  80.4200
Round 80 global test acc  80.3100
Round 81 global test acc  80.3500
Round 82 global test acc  80.2000
Round 83 global test acc  80.6700
Round 84 global test acc  80.9800
Round 85 global test acc  80.6400
Round 86 global test acc  80.7900
Round 87 global test acc  80.8300
Round 88 global test acc  81.4600
Round 89 global test acc  80.1800
Round 90 global test acc  81.2600
Round 91 global test acc  81.4800
Round 92 global test acc  81.2100
Round 93 global test acc  81.2100
Round 94 global test acc  81.4700
Round 95 global test acc  81.6200
Round 96 global test acc  81.5400
Round 97 global test acc  81.2600
Round 98 global test acc  81.7400
Round 99 global test acc  81.8300
Round 100 global test acc  81.4200
Round 101 global test acc  81.0100
Round 102 global test acc  80.0900
Round 103 global test acc  81.3500
Round 104 global test acc  81.4300
Round 105 global test acc  81.2900
Round 106 global test acc  81.5000
Round 107 global test acc  81.3000
Round 108 global test acc  81.4700
Round 109 global test acc  81.2700
Round 110 global test acc  81.2700
Round 111 global test acc  81.1100
Round 112 global test acc  81.2800
Round 113 global test acc  81.0900
Round 114 global test acc  81.1300
Round 115 global test acc  81.4600
Round 116 global test acc  81.8000
Round 117 global test acc  81.4300
Round 118 global test acc  81.7100
Round 119 global test acc  81.5500
Round 120 global test acc  81.4700
Round 121 global test acc  81.5600
Round 122 global test acc  81.5600
Round 123 global test acc  81.4400
Round 124 global test acc  81.3900
Round 125 global test acc  81.8500
Round 126 global test acc  81.9800
Round 127 global test acc  81.6800
Round 128 global test acc  81.8800
Round 129 global test acc  81.8800
Round 130 global test acc  81.9200
Round 131 global test acc  82.0800
Round 132 global test acc  81.7600
Round 133 global test acc  81.4900
Round 134 global test acc  81.9800
Round 135 global test acc  81.7400
Round 136 global test acc  81.5700
Round 137 global test acc  81.8800
Round 138 global test acc  82.1300
Round 139 global test acc  81.5900
Round 140 global test acc  81.7100
Round 141 global test acc  81.9300
Round 142 global test acc  82.5500
Round 143 global test acc  82.3800
Round 144 global test acc  82.5900
Round 145 global test acc  82.0300
Round 146 global test acc  82.1500
Round 147 global test acc  82.3000
Round 148 global test acc  82.5500
Round 149 global test acc  82.5500
Round 150 global test acc  81.9600
Round 151 global test acc  82.3700
Round 152 global test acc  82.7000
Round 153 global test acc  82.5900
Round 154 global test acc  82.3200
Round 155 global test acc  82.6200
Round 156 global test acc  82.6700
Round 157 global test acc  82.9000
Round 158 global test acc  82.9200
Round 159 global test acc  82.6000
Round 160 global test acc  82.6500
Round 161 global test acc  82.8300
Round 162 global test acc  82.5500
Round 163 global test acc  82.4700
Round 164 global test acc  82.7500
Round 165 global test acc  82.4000
Round 166 global test acc  82.4200
Round 167 global test acc  82.6100
Round 168 global test acc  82.4600
Round 169 global test acc  82.3400
Round 170 global test acc  82.5800
Round 171 global test acc  82.8200
Round 172 global test acc  83.0900
Round 173 global test acc  82.5300
Round 174 global test acc  82.6600
Round 175 global test acc  82.7800
Round 176 global test acc  83.1000
Round 177 global test acc  82.7500
Round 178 global test acc  82.8100
Round 179 global test acc  82.8200
Round 180 global test acc  83.1300
Round 181 global test acc  83.1200
Round 182 global test acc  82.8600
Round 183 global test acc  83.0500
Round 184 global test acc  82.7700
Round 185 global test acc  82.5000
Round 186 global test acc  82.5500
Round 187 global test acc  83.1100
Round 188 global test acc  83.1000
Round 189 global test acc  83.0100
Round 190 global test acc  82.8300
Round 191 global test acc  82.9400
Round 192 global test acc  83.2100
Round 193 global test acc  83.2700
Round 194 global test acc  83.3200
Round 195 global test acc  83.4200
Round 196 global test acc  83.4800
Round 197 global test acc  83.4100
Round 198 global test acc  83.3200
Round 199 global test acc  83.6400
Round 200 global test acc  83.4000
Round 201 global test acc  83.4300
Round 202 global test acc  83.5700
Round 203 global test acc  83.0200
Round 204 global test acc  83.2200
Round 205 global test acc  83.0300
Round 206 global test acc  83.2400
Round 207 global test acc  83.4300
Round 208 global test acc  83.5300
Round 209 global test acc  83.4800
Round 210 global test acc  83.3200
Round 211 global test acc  83.5600
Round 212 global test acc  83.5100
Round 213 global test acc  83.6100
Round 214 global test acc  83.4300
Round 215 global test acc  83.7100
Round 216 global test acc  83.6200
Round 217 global test acc  83.5300
Round 218 global test acc  83.4900
Round 219 global test acc  83.4200
Round 220 global test acc  83.2400
Round 221 global test acc  83.6900
Round 222 global test acc  83.7000
Round 223 global test acc  83.9800
Round 224 global test acc  83.6700
Round 225 global test acc  83.5400
Round 226 global test acc  83.7000
Round 227 global test acc  83.8700
Round 228 global test acc  83.5300
Round 229 global test acc  83.6100
Round 230 global test acc  83.4900
Round 231 global test acc  83.4600
Round 232 global test acc  83.6100
Round 233 global test acc  83.7400
Round 234 global test acc  83.8300
Round 235 global test acc  84.0500
Round 236 global test acc  83.7400
Round 237 global test acc  83.8200
Round 238 global test acc  83.6000
Round 239 global test acc  83.8000
Round 240 global test acc  83.7200
Round 241 global test acc  83.6000
Round 242 global test acc  83.9000
Round 243 global test acc  83.7100
Round 244 global test acc  83.8700
Round 245 global test acc  83.9300
Round 246 global test acc  84.1300
Round 247 global test acc  84.1600
Round 248 global test acc  84.3200
Round 249 global test acc  83.8800
Round 250 global test acc  84.0400
Round 251 global test acc  83.9800
Round 252 global test acc  84.0400
Round 253 global test acc  84.2100
Round 254 global test acc  83.8900
Round 255 global test acc  84.3300
Round 256 global test acc  83.9800
Round 257 global test acc  83.9700
Round 258 global test acc  83.9600
Round 259 global test acc  83.9300
Round 260 global test acc  83.6200
Round 261 global test acc  84.0600
Round 262 global test acc  83.8100
Round 263 global test acc  84.0200
Round 264 global test acc  83.9200
Round 265 global test acc  83.9500
Round 266 global test acc  84.3600
Round 267 global test acc  84.2100
Round 268 global test acc  84.1200
Round 269 global test acc  84.0400
Round 270 global test acc  84.2200
Round 271 global test acc  84.5200
Round 272 global test acc  84.2700
Round 273 global test acc  83.9100
Round 274 global test acc  84.2200
Round 275 global test acc  83.8800
Round 276 global test acc  83.7100
Round 277 global test acc  84.3700
Round 278 global test acc  84.2500
Round 279 global test acc  84.3200
Round 280 global test acc  84.3600
Round 281 global test acc  84.1600
Round 282 global test acc  84.2400
Round 283 global test acc  84.2100
Round 284 global test acc  84.2900
Round 285 global test acc  84.4400
Round 286 global test acc  84.2400
Round 287 global test acc  83.9000
Round 288 global test acc  84.1000
Round 289 global test acc  84.1100
Round 290 global test acc  84.1500
Round 291 global test acc  83.9300
Round 292 global test acc  83.9900
Round 293 global test acc  84.2400
Round 294 global test acc  84.5100
Round 295 global test acc  84.3800
Round 296 global test acc  84.1700
Round 297 global test acc  84.3500
Round 298 global test acc  84.6800
Round 299 global test acc  84.3500
Round 300 global test acc  84.1100
Round 301 global test acc  84.6900
Round 302 global test acc  84.5200
Round 303 global test acc  84.6200
Round 304 global test acc  84.5700
Round 305 global test acc  84.7400
Round 306 global test acc  84.8400
Round 307 global test acc  84.7100
Round 308 global test acc  84.7300
Round 309 global test acc  84.6000
Round 310 global test acc  84.5700
Round 311 global test acc  84.6300
Round 312 global test acc  84.9600
Round 313 global test acc  84.3400
Round 314 global test acc  84.4000
Round 315 global test acc  84.9500
Round 316 global test acc  85.1000
Round 317 global test acc  84.9800
Round 318 global test acc  84.7500
Round 319 global test acc  84.1700
Round 320 global test acc  84.6000
Round 321 global test acc  84.5900
Round 322 global test acc  84.7900
Round 323 global test acc  84.9700
Round 324 global test acc  84.8000
Round 325 global test acc  85.0300
Round 326 global test acc  84.9200
Round 327 global test acc  84.8700
Round 328 global test acc  85.0900
Round 329 global test acc  85.1500
Round 330 global test acc  84.9900
Round 331 global test acc  84.9800
Round 332 global test acc  85.0600
Round 333 global test acc  85.0700
Round 334 global test acc  85.0800
Round 335 global test acc  84.9900
Round 336 global test acc  84.8700
Round 337 global test acc  85.1500
Round 338 global test acc  85.2200
Round 339 global test acc  85.0900
Round 340 global test acc  85.1700
Round 341 global test acc  85.0500
Round 342 global test acc  85.1400
Round 343 global test acc  84.7100
Round 344 global test acc  84.9100
Round 345 global test acc  84.9300
Round 346 global test acc  84.9100
Round 347 global test acc  85.0200
Round 348 global test acc  85.2400
Round 349 global test acc  85.2000
Round 350 global test acc  85.2000
Round 351 global test acc  85.2400
Round 352 global test acc  85.3500
Round 353 global test acc  85.3100
Round 354 global test acc  85.3700
Round 355 global test acc  85.0900
Round 356 global test acc  85.4400
Round 357 global test acc  85.0900
Round 358 global test acc  85.0700
Round 359 global test acc  85.4000
Round 360 global test acc  84.8700
Round 361 global test acc  85.1100
Round 362 global test acc  84.8300
Round 363 global test acc  84.9700
Round 364 global test acc  85.1100
Round 365 global test acc  84.8700
Round 366 global test acc  84.9100
Round 367 global test acc  85.0600
Round 368 global test acc  85.2100
Round 369 global test acc  85.4300
Round 370 global test acc  85.0600
Round 371 global test acc  85.1200
Round 372 global test acc  85.3400
Round 373 global test acc  85.2700
Round 374 global test acc  85.2400
Round 375 global test acc  85.5700
Round 376 global test acc  85.4700
Round 377 global test acc  85.2800
Round 378 global test acc  85.4700
Round 379 global test acc  85.3500
Round 380 global test acc  85.3500
Round 381 global test acc  85.2600
Round 382 global test acc  85.0500
Round 383 global test acc  84.9800
Round 384 global test acc  85.0900
Round 385 global test acc  84.8200
Round 386 global test acc  85.2900
Round 387 global test acc  85.4500
Round 388 global test acc  85.5500
Round 389 global test acc  85.4000
Round 390 global test acc  85.4300
Round 391 global test acc  85.3600
Round 392 global test acc  84.9000
Round 393 global test acc  84.8700
Round 394 global test acc  85.5200
Round 395 global test acc  85.3400
Round 396 global test acc  85.2600
Round 397 global test acc  85.1900
Round 398 global test acc  85.2000
Round 399 global test acc  85.2800
Round 400 global test acc  85.1000
Round 401 global test acc  84.7400
Round 402 global test acc  84.8400
Round 403 global test acc  85.1900
Round 404 global test acc  85.4500
Round 405 global test acc  85.1800
Round 406 global test acc  84.9800
Round 407 global test acc  85.0900
Round 408 global test acc  85.2200
Round 409 global test acc  85.3600
Round 410 global test acc  85.2000
Round 411 global test acc  85.6000
Round 412 global test acc  85.2300
Round 413 global test acc  85.3200
Round 414 global test acc  85.4700
Round 415 global test acc  85.1100
Round 416 global test acc  85.4500
Round 417 global test acc  85.6500
Round 418 global test acc  85.7200
Round 419 global test acc  85.4700
Round 420 global test acc  85.0700
Round 421 global test acc  85.3600
Round 422 global test acc  85.3500
Round 423 global test acc  85.4400
Round 424 global test acc  85.1200
Round 425 global test acc  85.4700
Round 426 global test acc  85.4100
Round 427 global test acc  85.1800
Round 428 global test acc  85.5300
Round 429 global test acc  85.3600
Round 430 global test acc  85.0900
Round 431 global test acc  85.6200
Round 432 global test acc  85.8500
Round 433 global test acc  85.5300
Round 434 global test acc  85.4900
Round 435 global test acc  85.5700
Round 436 global test acc  85.8700
Round 437 global test acc  85.9000
Round 438 global test acc  85.6600
Round 439 global test acc  85.6700
Round 440 global test acc  85.9400
Round 441 global test acc  85.5100
Round 442 global test acc  85.4800
Round 443 global test acc  85.7800
Round 444 global test acc  85.6900
Round 445 global test acc  85.4300
Round 446 global test acc  85.6300
Round 447 global test acc  85.5700
Round 448 global test acc  85.5600
Round 449 global test acc  85.7500
Traceback (most recent call last):
  File "main.py", line 65, in <module>
  File "main.py", line 53, in run
    args.lr = float(args.lr)
  File "/home/xinyuan/cifar/FedNoisyLabelLearning/baselines/RFL.py", line 105, in RFL
    for idx in all_idxs_users:
  File "/home/xinyuan/cifar/FedNoisyLabelLearning/metrics.py", line 10, in cal_fscore
    client_y_train = y_train[list(idxs)]
TypeError: 'numpy.int64' object is not iterable
('algorithm', 'RFL')
('gpu', 0)
('seed', 13)
('save_dir', './record/')
('rounds2', 450)
('local_ep', 5)
('frac2', 0.1)
('num_users', 100)
('local_bs', 32)
('lr', 0.01)
('model', 'resnet18')
('num_classes', 10)
('level_n_system', 0.0)
('level_n_lowerb', 0.0)
('alpha_dirichlet', 10)
('non_iid_prob_class', 0.7)
('dataset', 'cifar10')
('iid', True)
('LID_k', 20)
('iteration1', 5)
('rounds1', 200)
('frac1', 0.01)
('pretrained', False)
('mixup', False)
('alpha', 1)
('beta', 5)
('relabel_ratio', 0.5)
('confidence_thres', 0.5)
('clean_set_thres', 0.1)
('fine_tuning', True)
('correction', True)
('T_pl', 100)
('lambda_cen', 1.0)
('lambda_e', 0.8)
('num_gradual', 10)
('forget_rate', 0.2)
('lr_decay', 0.1)
('schedule', [])
('momentum', 0.5)
('weight_decay', 0.0001)
('feature_dim', 128)
('plr', 0.01)
('lamda', 15)
('K', 5)
('gamma', 1)
('begin_sel', 10)
('max_beta', 2)
('mu', 0.01)
('device', device(type='cuda', index=0))
Files already downloaded and verified
Files already downloaded and verified
ResNet(
  (conv1): Conv2d(3, 64, kernel_size=(3, 3), stride=(1, 1), padding=(1, 1), bias=False)
  (bn1): BatchNorm2d(64, eps=1e-05, momentum=0.1, affine=True, track_running_stats=True)
  (layer1): Sequential(
    (0): BasicBlock(
      (conv1): Conv2d(64, 64, kernel_size=(3, 3), stride=(1, 1), padding=(1, 1), bias=False)
      (bn1): BatchNorm2d(64, eps=1e-05, momentum=0.1, affine=True, track_running_stats=True)
      (conv2): Conv2d(64, 64, kernel_size=(3, 3), stride=(1, 1), padding=(1, 1), bias=False)
      (bn2): BatchNorm2d(64, eps=1e-05, momentum=0.1, affine=True, track_running_stats=True)
      (shortcut): Sequential()
    )
    (1): BasicBlock(
      (conv1): Conv2d(64, 64, kernel_size=(3, 3), stride=(1, 1), padding=(1, 1), bias=False)
      (bn1): BatchNorm2d(64, eps=1e-05, momentum=0.1, affine=True, track_running_stats=True)
      (conv2): Conv2d(64, 64, kernel_size=(3, 3), stride=(1, 1), padding=(1, 1), bias=False)
      (bn2): BatchNorm2d(64, eps=1e-05, momentum=0.1, affine=True, track_running_stats=True)
      (shortcut): Sequential()
    )
  )
  (layer2): Sequential(
    (0): BasicBlock(
      (conv1): Conv2d(64, 128, kernel_size=(3, 3), stride=(2, 2), padding=(1, 1), bias=False)
      (bn1): BatchNorm2d(128, eps=1e-05, momentum=0.1, affine=True, track_running_stats=True)
      (conv2): Conv2d(128, 128, kernel_size=(3, 3), stride=(1, 1), padding=(1, 1), bias=False)
      (bn2): BatchNorm2d(128, eps=1e-05, momentum=0.1, affine=True, track_running_stats=True)
      (shortcut): Sequential(
        (0): Conv2d(64, 128, kernel_size=(1, 1), stride=(2, 2), bias=False)
        (1): BatchNorm2d(128, eps=1e-05, momentum=0.1, affine=True, track_running_stats=True)
      )
    )
    (1): BasicBlock(
      (conv1): Conv2d(128, 128, kernel_size=(3, 3), stride=(1, 1), padding=(1, 1), bias=False)
      (bn1): BatchNorm2d(128, eps=1e-05, momentum=0.1, affine=True, track_running_stats=True)
      (conv2): Conv2d(128, 128, kernel_size=(3, 3), stride=(1, 1), padding=(1, 1), bias=False)
      (bn2): BatchNorm2d(128, eps=1e-05, momentum=0.1, affine=True, track_running_stats=True)
      (shortcut): Sequential()
    )
  )
  (layer3): Sequential(
    (0): BasicBlock(
      (conv1): Conv2d(128, 256, kernel_size=(3, 3), stride=(2, 2), padding=(1, 1), bias=False)
      (bn1): BatchNorm2d(256, eps=1e-05, momentum=0.1, affine=True, track_running_stats=True)
      (conv2): Conv2d(256, 256, kernel_size=(3, 3), stride=(1, 1), padding=(1, 1), bias=False)
      (bn2): BatchNorm2d(256, eps=1e-05, momentum=0.1, affine=True, track_running_stats=True)
      (shortcut): Sequential(
        (0): Conv2d(128, 256, kernel_size=(1, 1), stride=(2, 2), bias=False)
        (1): BatchNorm2d(256, eps=1e-05, momentum=0.1, affine=True, track_running_stats=True)
      )
    )
    (1): BasicBlock(
      (conv1): Conv2d(256, 256, kernel_size=(3, 3), stride=(1, 1), padding=(1, 1), bias=False)
      (bn1): BatchNorm2d(256, eps=1e-05, momentum=0.1, affine=True, track_running_stats=True)
      (conv2): Conv2d(256, 256, kernel_size=(3, 3), stride=(1, 1), padding=(1, 1), bias=False)
      (bn2): BatchNorm2d(256, eps=1e-05, momentum=0.1, affine=True, track_running_stats=True)
      (shortcut): Sequential()
    )
  )
  (layer4): Sequential(
    (0): BasicBlock(
      (conv1): Conv2d(256, 512, kernel_size=(3, 3), stride=(2, 2), padding=(1, 1), bias=False)
      (bn1): BatchNorm2d(512, eps=1e-05, momentum=0.1, affine=True, track_running_stats=True)
      (conv2): Conv2d(512, 512, kernel_size=(3, 3), stride=(1, 1), padding=(1, 1), bias=False)
      (bn2): BatchNorm2d(512, eps=1e-05, momentum=0.1, affine=True, track_running_stats=True)
      (shortcut): Sequential(
        (0): Conv2d(256, 512, kernel_size=(1, 1), stride=(2, 2), bias=False)
        (1): BatchNorm2d(512, eps=1e-05, momentum=0.1, affine=True, track_running_stats=True)
      )
    )
    (1): BasicBlock(
      (conv1): Conv2d(512, 512, kernel_size=(3, 3), stride=(1, 1), padding=(1, 1), bias=False)
      (bn1): BatchNorm2d(512, eps=1e-05, momentum=0.1, affine=True, track_running_stats=True)
      (conv2): Conv2d(512, 512, kernel_size=(3, 3), stride=(1, 1), padding=(1, 1), bias=False)
      (bn2): BatchNorm2d(512, eps=1e-05, momentum=0.1, affine=True, track_running_stats=True)
      (shortcut): Sequential()
    )
  )
  (avgpool): AdaptiveAvgPool2d(output_size=(1, 1))
  (fc1): Linear(in_features=512, out_features=10, bias=True)
)
Round 0 global test acc  19.6500
Round 0 Fscore 

[]
Round 1 global test acc  33.8200
Round 1 Fscore 

[]
Round 2 global test acc  38.3000
Round 2 Fscore 

[]
Round 3 global test acc  42.8700
Round 3 Fscore 

[]
Round 4 global test acc  48.0800
Round 4 Fscore 

[]
Round 5 global test acc  49.5900
Round 5 Fscore 

[]
Round 6 global test acc  50.1100
Round 6 Fscore 

[]
Round 7 global test acc  54.4600
Round 7 Fscore 

[]
Round 8 global test acc  54.9200
Round 8 Fscore 

[]
Round 9 global test acc  57.2100
Round 9 Fscore 

[]
Round 10 global test acc  58.7500
Round 10 Fscore 

[]
Round 11 global test acc  60.2600
Round 11 Fscore 

[]
Round 12 global test acc  60.0200
Round 12 Fscore 

[]
Round 13 global test acc  61.8800
Round 13 Fscore 

[]
Round 14 global test acc  62.0400
Round 14 Fscore 

[]
Round 15 global test acc  62.9100
Round 15 Fscore 

[]
Round 16 global test acc  63.5400
Round 16 Fscore 

[]
Round 17 global test acc  64.2400
Round 17 Fscore 

[]
Round 18 global test acc  65.3900
Round 18 Fscore 

[]
Round 19 global test acc  65.7700
Round 19 Fscore 

[]
Round 20 global test acc  66.5000
Round 20 Fscore 

[]
Round 21 global test acc  66.7900
Round 21 Fscore 

[]
Round 22 global test acc  67.1500
Round 22 Fscore 

[]
Round 23 global test acc  66.6100
Round 23 Fscore 

[]
Round 24 global test acc  68.2100
Round 24 Fscore 

[]
Round 25 global test acc  68.1100
Round 25 Fscore 

[]
Round 26 global test acc  68.8600
Round 26 Fscore 

[]
Round 27 global test acc  69.6100
Round 27 Fscore 

[]
Round 28 global test acc  70.3200
Round 28 Fscore 

[]
Round 29 global test acc  70.1300
Round 29 Fscore 

[]
Round 30 global test acc  69.1700
Round 30 Fscore 

[]
Round 31 global test acc  70.7600
Round 31 Fscore 

[]
Round 32 global test acc  70.6400
Round 32 Fscore 

[]
Round 33 global test acc  70.4200
Round 33 Fscore 

[]
Round 34 global test acc  72.2000
Round 34 Fscore 

[]
Round 35 global test acc  71.5600
Round 35 Fscore 

[]
Round 36 global test acc  71.9800
Round 36 Fscore 

[]
Round 37 global test acc  72.3500
Round 37 Fscore 

[]
Round 38 global test acc  72.8800
Round 38 Fscore 

[]
Round 39 global test acc  73.4800
Round 39 Fscore 

[]
Round 40 global test acc  73.2900
Round 40 Fscore 

[]
Round 41 global test acc  73.4600
Round 41 Fscore 

[]
Round 42 global test acc  73.5600
Round 42 Fscore 

[]
Round 43 global test acc  73.4500
Round 43 Fscore 

[]
Round 44 global test acc  73.7100
Round 44 Fscore 

[]
Round 45 global test acc  74.4200
Round 45 Fscore 

[]
Round 46 global test acc  74.9800
Round 46 Fscore 

[]
Round 47 global test acc  74.6500
Round 47 Fscore 

[]
Round 48 global test acc  74.6700
Round 48 Fscore 

[]
Round 49 global test acc  75.1900
Round 49 Fscore 

[]
Round 50 global test acc  76.0300
Round 50 Fscore 

[]
Round 51 global test acc  76.1800
Round 51 Fscore 

[]
Round 52 global test acc  76.1100
Round 52 Fscore 

[]
Round 53 global test acc  76.5500
Round 53 Fscore 

[]
Round 54 global test acc  76.2600
Round 54 Fscore 

[]
Round 55 global test acc  76.3900
Round 55 Fscore 

[]
Round 56 global test acc  76.7400
Round 56 Fscore 

[]
Round 57 global test acc  76.7700
Round 57 Fscore 

[]
Round 58 global test acc  77.1400
Round 58 Fscore 

[]
Round 59 global test acc  77.5100
Round 59 Fscore 

[]
Round 60 global test acc  77.3000
Round 60 Fscore 

[]
Round 61 global test acc  77.4500
Round 61 Fscore 

[]
Round 62 global test acc  76.8300
Round 62 Fscore 

[]
Round 63 global test acc  78.0200
Round 63 Fscore 

[]
Round 64 global test acc  78.2800
Round 64 Fscore 

[]
Round 65 global test acc  78.4300
Round 65 Fscore 

[]
Round 66 global test acc  78.6300
Round 66 Fscore 

[]
Round 67 global test acc  78.6400
Round 67 Fscore 

[]
Round 68 global test acc  78.4500
Round 68 Fscore 

[]
Round 69 global test acc  78.6300
Round 69 Fscore 

[]
Round 70 global test acc  78.6900
Round 70 Fscore 

[]
Round 71 global test acc  79.1600
Round 71 Fscore 

[]
Round 72 global test acc  79.0600
Round 72 Fscore 

[]
Round 73 global test acc  79.3500
Round 73 Fscore 

[]
Round 74 global test acc  79.6600
Round 74 Fscore 

[]
Round 75 global test acc  79.2300
Round 75 Fscore 

[]
Round 76 global test acc  79.7700
Round 76 Fscore 

[]
Round 77 global test acc  79.3000
Round 77 Fscore 

[]
Round 78 global test acc  79.5900
Round 78 Fscore 

[]
Round 79 global test acc  79.1900
Round 79 Fscore 

[]
Round 80 global test acc  79.9500
Round 80 Fscore 

[]
Round 81 global test acc  80.2800
Round 81 Fscore 

[]
Round 82 global test acc  80.2400
Round 82 Fscore 

[]
Round 83 global test acc  79.9000
Round 83 Fscore 

[]
Round 84 global test acc  80.3800
Round 84 Fscore 

[]
Round 85 global test acc  80.2100
Round 85 Fscore 

[]
Round 86 global test acc  80.3100
Round 86 Fscore 

[]
Round 87 global test acc  80.7300
Round 87 Fscore 

[]
Round 88 global test acc  80.3100
Round 88 Fscore 

[]
Round 89 global test acc  80.4300
Round 89 Fscore 

[]
Round 90 global test acc  81.1000
Round 90 Fscore 

[]
Round 91 global test acc  81.1700
Round 91 Fscore 

[]
Round 92 global test acc  80.8600
Round 92 Fscore 

[]
Round 93 global test acc  80.7500
Round 93 Fscore 

[]
Round 94 global test acc  80.6500
Round 94 Fscore 

[]
Round 95 global test acc  80.7200
Round 95 Fscore 

[]
Round 96 global test acc  81.4700
Round 96 Fscore 

[]
Round 97 global test acc  81.6500
Round 97 Fscore 

[]
Round 98 global test acc  81.2900
Round 98 Fscore 

[]
Round 99 global test acc  81.2400
Round 99 Fscore 

[]
Round 100 global test acc  80.7400
Round 100 Fscore 

[]
Round 101 global test acc  80.5100
Round 101 Fscore 

[]
Round 102 global test acc  80.5600
Round 102 Fscore 

[]
Round 103 global test acc  79.8900
Round 103 Fscore 

[]
Round 104 global test acc  80.1200
Round 104 Fscore 

[]
Round 105 global test acc  80.6500
Round 105 Fscore 

[]
Round 106 global test acc  80.4300
Round 106 Fscore 

[]
Round 107 global test acc  80.5700
Round 107 Fscore 

[]
Round 108 global test acc  80.6300
Round 108 Fscore 

[]
Round 109 global test acc  80.6600
Round 109 Fscore 

[]
Round 110 global test acc  80.4900
Round 110 Fscore 

[]
Round 111 global test acc  80.7100
Round 111 Fscore 

[]
Round 112 global test acc  80.7400
Round 112 Fscore 

[]
Round 113 global test acc  81.1600
Round 113 Fscore 

[]
Round 114 global test acc  80.5600
Round 114 Fscore 

[]
Round 115 global test acc  81.5600
Round 115 Fscore 

[]
Round 116 global test acc  81.2600
Round 116 Fscore 

[]
Round 117 global test acc  80.7200
Round 117 Fscore 

[]
Round 118 global test acc  81.1800
Round 118 Fscore 

[]
Round 119 global test acc  81.3900
Round 119 Fscore 

[]
Round 120 global test acc  81.6100
Round 120 Fscore 

[]
Round 121 global test acc  81.3100
Round 121 Fscore 

[]
Round 122 global test acc  81.7200
Round 122 Fscore 

[]
Round 123 global test acc  81.1900
Round 123 Fscore 

[]
Round 124 global test acc  80.9900
Round 124 Fscore 

[]
Round 125 global test acc  81.2500
Round 125 Fscore 

[]
Round 126 global test acc  80.3900
Round 126 Fscore 

[]
Round 127 global test acc  81.3900
Round 127 Fscore 

[]
Round 128 global test acc  81.2000
Round 128 Fscore 

[]
Round 129 global test acc  80.6400
Round 129 Fscore 

[]
Round 130 global test acc  80.7800
Round 130 Fscore 

[]
Round 131 global test acc  81.0300
Round 131 Fscore 

[]
Round 132 global test acc  80.9900
Round 132 Fscore 

[]
Round 133 global test acc  81.4100
Round 133 Fscore 

[]
Round 134 global test acc  81.4200
Round 134 Fscore 

[]
Round 135 global test acc  81.3800
Round 135 Fscore 

[]
Round 136 global test acc  81.4100
Round 136 Fscore 

[]
Round 137 global test acc  81.6200
Round 137 Fscore 

[]
Round 138 global test acc  81.8100
Round 138 Fscore 

[]
Round 139 global test acc  81.7300
Round 139 Fscore 

[]
Round 140 global test acc  81.6700
Round 140 Fscore 

[]
Round 141 global test acc  81.3700
Round 141 Fscore 

[]
Round 142 global test acc  81.9400
Round 142 Fscore 

[]
Round 143 global test acc  81.8100
Round 143 Fscore 

[]
Round 144 global test acc  81.2800
Round 144 Fscore 

[]
Round 145 global test acc  81.8500
Round 145 Fscore 

[]
Round 146 global test acc  81.8600
Round 146 Fscore 

[]
Round 147 global test acc  81.8500
Round 147 Fscore 

[]
Round 148 global test acc  81.9900
Round 148 Fscore 

[]
Round 149 global test acc  82.0100
Round 149 Fscore 

[]
Round 150 global test acc  82.3000
Round 150 Fscore 

[]
Round 151 global test acc  82.0800
Round 151 Fscore 

[]
Round 152 global test acc  81.9100
Round 152 Fscore 

[]
Round 153 global test acc  81.9000
Round 153 Fscore 

[]
Round 154 global test acc  82.1600
Round 154 Fscore 

[]
Round 155 global test acc  82.0800
Round 155 Fscore 

[]
Round 156 global test acc  82.1700
Round 156 Fscore 

[]
Round 157 global test acc  81.9700
Round 157 Fscore 

[]
Round 158 global test acc  82.0000
Round 158 Fscore 

[]
Round 159 global test acc  81.9500
Round 159 Fscore 

[]
Round 160 global test acc  82.2700
Round 160 Fscore 

[]
Round 161 global test acc  81.9500
Round 161 Fscore 

[]
Round 162 global test acc  82.3800
Round 162 Fscore 

[]
Round 163 global test acc  82.3400
Round 163 Fscore 

[]
Round 164 global test acc  82.5400
Round 164 Fscore 

[]
Round 165 global test acc  82.6000
Round 165 Fscore 

[]
Round 166 global test acc  82.6000
Round 166 Fscore 

[]
Round 167 global test acc  82.4800
Round 167 Fscore 

[]
Round 168 global test acc  82.7500
Round 168 Fscore 

[]
Round 169 global test acc  82.5800
Round 169 Fscore 

[]
Round 170 global test acc  82.9900
Round 170 Fscore 

[]
Round 171 global test acc  82.4700
Round 171 Fscore 

[]
Round 172 global test acc  82.2800
Round 172 Fscore 

[]
Round 173 global test acc  82.0500
Round 173 Fscore 

[]
Round 174 global test acc  82.5200
Round 174 Fscore 

[]
Round 175 global test acc  82.7500
Round 175 Fscore 

[]
Round 176 global test acc  82.3400
Round 176 Fscore 

[]
Round 177 global test acc  82.0600
Round 177 Fscore 

[]
Round 178 global test acc  82.6600
Round 178 Fscore 

[]
Round 179 global test acc  82.0000
Round 179 Fscore 

[]
Round 180 global test acc  82.7100
Round 180 Fscore 

[]
Round 181 global test acc  83.0000
Round 181 Fscore 

[]
Round 182 global test acc  82.4200
Round 182 Fscore 

[]
Round 183 global test acc  82.3200
Round 183 Fscore 

[]
Round 184 global test acc  82.4300
Round 184 Fscore 

[]
Round 185 global test acc  82.4200
Round 185 Fscore 

[]
Round 186 global test acc  82.9000
Round 186 Fscore 

[]
Round 187 global test acc  83.1300
Round 187 Fscore 

[]
Round 188 global test acc  82.8700
Round 188 Fscore 

[]
Round 189 global test acc  82.5700
Round 189 Fscore 

[]
Round 190 global test acc  82.8800
Round 190 Fscore 

[]
Round 191 global test acc  82.5000
Round 191 Fscore 

[]
Round 192 global test acc  82.6200
Round 192 Fscore 

[]
Round 193 global test acc  82.9000
Round 193 Fscore 

[]
Round 194 global test acc  83.0200
Round 194 Fscore 

[]
Round 195 global test acc  82.6900
Round 195 Fscore 

[]
Round 196 global test acc  82.7900
Round 196 Fscore 

[]
Round 197 global test acc  82.8500
Round 197 Fscore 

[]
Round 198 global test acc  83.3000
Round 198 Fscore 

[]
Round 199 global test acc  83.4700
Round 199 Fscore 

[]
Round 200 global test acc  82.7800
Round 200 Fscore 

[]
Round 201 global test acc  83.3700
Round 201 Fscore 

[]
Round 202 global test acc  83.0300
Round 202 Fscore 

[]
Round 203 global test acc  82.9900
Round 203 Fscore 

[]
Round 204 global test acc  82.8000
Round 204 Fscore 

[]
Round 205 global test acc  82.5100
Round 205 Fscore 

[]
Round 206 global test acc  82.5700
Round 206 Fscore 

[]
Round 207 global test acc  82.6200
Round 207 Fscore 

[]
Round 208 global test acc  82.8200
Round 208 Fscore 

[]
Round 209 global test acc  82.5800
Round 209 Fscore 

[]
Round 210 global test acc  82.9600
Round 210 Fscore 

[]
Round 211 global test acc  82.9400
Round 211 Fscore 

[]
Round 212 global test acc  83.1400
Round 212 Fscore 

[]
Round 213 global test acc  83.4600
Round 213 Fscore 

[]
Round 214 global test acc  83.2600
Round 214 Fscore 

[]
Round 215 global test acc  83.2600
Round 215 Fscore 

[]
Round 216 global test acc  83.3100
Round 216 Fscore 

[]
Round 217 global test acc  83.3100
Round 217 Fscore 

[]
Round 218 global test acc  83.3100
Round 218 Fscore 

[]
Round 219 global test acc  83.4600
Round 219 Fscore 

[]
Round 220 global test acc  83.3000
Round 220 Fscore 

[]
Round 221 global test acc  83.5600
Round 221 Fscore 

[]
Round 222 global test acc  83.3800
Round 222 Fscore 

[]
Round 223 global test acc  83.4300
Round 223 Fscore 

[]
Round 224 global test acc  83.6000
Round 224 Fscore 

[]
Round 225 global test acc  83.4200
Round 225 Fscore 

[]
Round 226 global test acc  83.2500
Round 226 Fscore 

[]
Round 227 global test acc  83.5200
Round 227 Fscore 

[]
Round 228 global test acc  83.5000
Round 228 Fscore 

[]
Round 229 global test acc  83.4100
Round 229 Fscore 

[]
Round 230 global test acc  83.2500
Round 230 Fscore 

[]
Round 231 global test acc  83.6200
Round 231 Fscore 

[]
Round 232 global test acc  83.7000
Round 232 Fscore 

[]
Round 233 global test acc  83.9300
Round 233 Fscore 

[]
Round 234 global test acc  83.7100
Round 234 Fscore 

[]
Round 235 global test acc  83.5500
Round 235 Fscore 

[]
Round 236 global test acc  83.6000
Round 236 Fscore 

[]
Round 237 global test acc  83.3400
Round 237 Fscore 

[]
Round 238 global test acc  83.3200
Round 238 Fscore 

[]
Round 239 global test acc  83.5800
Round 239 Fscore 

[]
Round 240 global test acc  83.5200
Round 240 Fscore 

[]
Round 241 global test acc  83.6200
Round 241 Fscore 

[]
Round 242 global test acc  83.6900
Round 242 Fscore 

[]
Round 243 global test acc  83.4700
Round 243 Fscore 

[]
Round 244 global test acc  83.6200
Round 244 Fscore 

[]
Round 245 global test acc  83.9900
Round 245 Fscore 

[]
Round 246 global test acc  83.5200
Round 246 Fscore 

[]
Round 247 global test acc  83.5700
Round 247 Fscore 

[]
Round 248 global test acc  83.5000
Round 248 Fscore 

[]
Round 249 global test acc  83.7800
Round 249 Fscore 

[]
Round 250 global test acc  83.8500
Round 250 Fscore 

[]
Round 251 global test acc  83.9800
Round 251 Fscore 

[]
Round 252 global test acc  83.5800
Round 252 Fscore 

[]
Round 253 global test acc  83.9600
Round 253 Fscore 

[]
Round 254 global test acc  84.1200
Round 254 Fscore 

[]
Round 255 global test acc  83.9800
Round 255 Fscore 

[]
Round 256 global test acc  83.9100
Round 256 Fscore 

[]
Round 257 global test acc  84.1800
Round 257 Fscore 

[]
Round 258 global test acc  84.1300
Round 258 Fscore 

[]
Round 259 global test acc  84.2200
Round 259 Fscore 

[]
Round 260 global test acc  83.9200
Round 260 Fscore 

[]
Round 261 global test acc  84.0200
Round 261 Fscore 

[]
Round 262 global test acc  83.9100
Round 262 Fscore 

[]
Round 263 global test acc  83.8400
Round 263 Fscore 

[]
Round 264 global test acc  83.9200
Round 264 Fscore 

[]
Round 265 global test acc  84.1700
Round 265 Fscore 

[]
Round 266 global test acc  84.1800
Round 266 Fscore 

[]
Round 267 global test acc  84.3800
Round 267 Fscore 

[]
Round 268 global test acc  84.1600
Round 268 Fscore 

[]
Round 269 global test acc  84.0300
Round 269 Fscore 

[]
Round 270 global test acc  84.1200
Round 270 Fscore 

[]
Round 271 global test acc  84.1900
Round 271 Fscore 

[]
Round 272 global test acc  84.3800
Round 272 Fscore 

[]
Round 273 global test acc  84.4100
Round 273 Fscore 

[]
Round 274 global test acc  84.1200
Round 274 Fscore 

[]
Round 275 global test acc  84.0100
Round 275 Fscore 

[]
Round 276 global test acc  84.0200
Round 276 Fscore 

[]
Round 277 global test acc  84.0500
Round 277 Fscore 

[]
Round 278 global test acc  83.8300
Round 278 Fscore 

[]
Round 279 global test acc  84.1800
Round 279 Fscore 

[]
Round 280 global test acc  83.7200
Round 280 Fscore 

[]
Round 281 global test acc  83.9200
Round 281 Fscore 

[]
Round 282 global test acc  84.1600
Round 282 Fscore 

[]
Round 283 global test acc  84.0000
Round 283 Fscore 

[]
Round 284 global test acc  84.1900
Round 284 Fscore 

[]
Round 285 global test acc  83.7000
Round 285 Fscore 

[]
Round 286 global test acc  83.6500
Round 286 Fscore 

[]
Round 287 global test acc  84.1000
Round 287 Fscore 

[]
Round 288 global test acc  84.2100
Round 288 Fscore 

[]
Round 289 global test acc  84.3900
Round 289 Fscore 

[]
Round 290 global test acc  84.0700
Round 290 Fscore 

[]
Round 291 global test acc  83.9900
Round 291 Fscore 

[]
Round 292 global test acc  83.9700
Round 292 Fscore 

[]
Round 293 global test acc  84.3000
Round 293 Fscore 

[]
Round 294 global test acc  84.2700
Round 294 Fscore 

[]
Round 295 global test acc  84.3300
Round 295 Fscore 

[]
Round 296 global test acc  84.3800
Round 296 Fscore 

[]
Round 297 global test acc  84.2000
Round 297 Fscore 

[]
Round 298 global test acc  84.2200
Round 298 Fscore 

[]
Round 299 global test acc  84.5200
Round 299 Fscore 

[]
Round 300 global test acc  84.6200
Round 300 Fscore 

[]
Round 301 global test acc  84.4000
Round 301 Fscore 

[]
Round 302 global test acc  84.4700
Round 302 Fscore 

[]
Round 303 global test acc  84.7600
Round 303 Fscore 

[]
Round 304 global test acc  84.5100
Round 304 Fscore 

[]
Round 305 global test acc  84.6000
Round 305 Fscore 

[]
Round 306 global test acc  84.6100
Round 306 Fscore 

[]
Round 307 global test acc  84.8900
Round 307 Fscore 

[]
Round 308 global test acc  84.4300
Round 308 Fscore 

[]
Round 309 global test acc  84.5700
Round 309 Fscore 

[]
Round 310 global test acc  84.7000
Round 310 Fscore 

[]
Round 311 global test acc  84.3900
Round 311 Fscore 

[]
Round 312 global test acc  84.5300
Round 312 Fscore 

[]
Round 313 global test acc  84.2400
Round 313 Fscore 

[]
Round 314 global test acc  84.0100
Round 314 Fscore 

[]
Round 315 global test acc  84.5000
Round 315 Fscore 

[]
Round 316 global test acc  84.7200
Round 316 Fscore 

[]
Round 317 global test acc  84.7800
Round 317 Fscore 

[]
Round 318 global test acc  84.8700
Round 318 Fscore 

[]
Round 319 global test acc  84.7800
Round 319 Fscore 

[]
Round 320 global test acc  84.9200
Round 320 Fscore 

[]
Round 321 global test acc  84.6100
Round 321 Fscore 

[]
Round 322 global test acc  84.9800
Round 322 Fscore 

[]
Round 323 global test acc  84.5300
Round 323 Fscore 

[]
Round 324 global test acc  85.0400
Round 324 Fscore 

[]
Round 325 global test acc  84.8000
Round 325 Fscore 

[]
Round 326 global test acc  84.9200
Round 326 Fscore 

[]
Round 327 global test acc  84.9300
Round 327 Fscore 

[]
Round 328 global test acc  84.8400
Round 328 Fscore 

[]
Round 329 global test acc  84.7700
Round 329 Fscore 

[]
Round 330 global test acc  84.8300
Round 330 Fscore 

[]
Round 331 global test acc  84.8500
Round 331 Fscore 

[]
Round 332 global test acc  84.6800
Round 332 Fscore 

[]
Round 333 global test acc  84.6100
Round 333 Fscore 

[]
Round 334 global test acc  84.7400
Round 334 Fscore 

[]
Round 335 global test acc  84.6700
Round 335 Fscore 

[]
Round 336 global test acc  84.8300
Round 336 Fscore 

[]
Round 337 global test acc  84.7100
Round 337 Fscore 

[]
Round 338 global test acc  85.1100
Round 338 Fscore 

[]
Round 339 global test acc  85.0000
Round 339 Fscore 

[]
Round 340 global test acc  85.1500
Round 340 Fscore 

[]
Round 341 global test acc  85.1400
Round 341 Fscore 

[]
Round 342 global test acc  85.0600
Round 342 Fscore 

[]
Round 343 global test acc  84.7500
Round 343 Fscore 

[]
Round 344 global test acc  84.6100
Round 344 Fscore 

[]
Round 345 global test acc  84.9200
Round 345 Fscore 

[]
Round 346 global test acc  84.9900
Round 346 Fscore 

[]
Round 347 global test acc  85.0100
Round 347 Fscore 

[]
Round 348 global test acc  84.7300
Round 348 Fscore 

[]
Round 349 global test acc  84.9200
Round 349 Fscore 

[]
Round 350 global test acc  85.1600
Round 350 Fscore 

[]
Round 351 global test acc  84.9400
Round 351 Fscore 

[]
Round 352 global test acc  84.9300
Round 352 Fscore 

[]
Round 353 global test acc  84.8700
Round 353 Fscore 

[]
Round 354 global test acc  84.8600
Round 354 Fscore 

[]
Round 355 global test acc  84.7100
Round 355 Fscore 

[]
Round 356 global test acc  84.8200
Round 356 Fscore 

[]
Round 357 global test acc  84.7300
Round 357 Fscore 

[]
Round 358 global test acc  84.7700
Round 358 Fscore 

[]
Round 359 global test acc  84.6700
Round 359 Fscore 

[]
Round 360 global test acc  84.5100
Round 360 Fscore 

[]
Round 361 global test acc  84.6700
Round 361 Fscore 

[]
Round 362 global test acc  85.0500
Round 362 Fscore 

[]
Round 363 global test acc  84.6200
Round 363 Fscore 

[]
Round 364 global test acc  84.7700
Round 364 Fscore 

[]
Round 365 global test acc  85.0700
Round 365 Fscore 

[]
Round 366 global test acc  84.9000
Round 366 Fscore 

[]
Round 367 global test acc  84.7800
Round 367 Fscore 

[]
Round 368 global test acc  84.9900
Round 368 Fscore 

[]
Round 369 global test acc  84.9000
Round 369 Fscore 

[]
Round 370 global test acc  84.6300
Round 370 Fscore 

[]
Round 371 global test acc  85.2500
Round 371 Fscore 

[]
Round 372 global test acc  84.9900
Round 372 Fscore 

[]
Round 373 global test acc  84.8800
Round 373 Fscore 

[]
Round 374 global test acc  85.1700
Round 374 Fscore 

[]
Round 375 global test acc  85.0400
Round 375 Fscore 

[]
Round 376 global test acc  84.9700
Round 376 Fscore 

[]
Round 377 global test acc  85.0100
Round 377 Fscore 

[]
Round 378 global test acc  85.4500
Round 378 Fscore 

[]
Round 379 global test acc  85.5200
Round 379 Fscore 

[]
Round 380 global test acc  85.3200
Round 380 Fscore 

[]
Round 381 global test acc  85.5400
Round 381 Fscore 

[]
Round 382 global test acc  85.3700
Round 382 Fscore 

[]
Round 383 global test acc  85.2100
Round 383 Fscore 

[]
Round 384 global test acc  85.0100
Round 384 Fscore 

[]
Round 385 global test acc  85.0700
Round 385 Fscore 

[]
Round 386 global test acc  85.2200
Round 386 Fscore 

[]
Round 387 global test acc  85.2000
Round 387 Fscore 

[]
Round 388 global test acc  84.8800
Round 388 Fscore 

[]
Round 389 global test acc  84.9700
Round 389 Fscore 

[]
Round 390 global test acc  85.2700
Round 390 Fscore 

[]
Round 391 global test acc  85.2600
Round 391 Fscore 

[]
Round 392 global test acc  85.0100
Round 392 Fscore 

[]
Round 393 global test acc  84.9300
Round 393 Fscore 

[]
Round 394 global test acc  84.7100
Round 394 Fscore 

[]
Round 395 global test acc  85.0400
Round 395 Fscore 

[]
Round 396 global test acc  84.9600
Round 396 Fscore 

[]
Round 397 global test acc  85.0800
Round 397 Fscore 

[]
Round 398 global test acc  84.9600
Round 398 Fscore 

[]
Round 399 global test acc  85.2000
Round 399 Fscore 

[]
Round 400 global test acc  85.2000
Round 400 Fscore 

[]
Round 401 global test acc  85.2300
Round 401 Fscore 

[]
Round 402 global test acc  85.1000
Round 402 Fscore 

[]
Round 403 global test acc  85.0200
Round 403 Fscore 

[]
Round 404 global test acc  85.3300
Round 404 Fscore 

[]
Round 405 global test acc  85.2500
Round 405 Fscore 

[]
Round 406 global test acc  85.2900
Round 406 Fscore 

[]
Round 407 global test acc  85.3300
Round 407 Fscore 

[]
Round 408 global test acc  85.0600
Round 408 Fscore 

[]
Round 409 global test acc  85.2600
Round 409 Fscore 

[]
Round 410 global test acc  85.0300
Round 410 Fscore 

[]
Round 411 global test acc  85.1200
Round 411 Fscore 

[]
Round 412 global test acc  84.9300
Round 412 Fscore 

[]
Round 413 global test acc  85.2000
Round 413 Fscore 

[]
Round 414 global test acc  85.2800
Round 414 Fscore 

[]
Round 415 global test acc  85.4000
Round 415 Fscore 

[]
Round 416 global test acc  85.0000
Round 416 Fscore 

[]
Round 417 global test acc  85.1300
Round 417 Fscore 

[]
Round 418 global test acc  85.2700
Round 418 Fscore 

[]
Round 419 global test acc  85.4000
Round 419 Fscore 

[]
Round 420 global test acc  84.9500
Round 420 Fscore 

[]
Round 421 global test acc  85.2200
Round 421 Fscore 

[]
Round 422 global test acc  85.2500
Round 422 Fscore 

[]
Round 423 global test acc  85.3300
Round 423 Fscore 

[]
Round 424 global test acc  85.2100
Round 424 Fscore 

[]
Round 425 global test acc  85.3500
Round 425 Fscore 

[]
Round 426 global test acc  85.1700
Round 426 Fscore 

[]
Round 427 global test acc  85.5400
Round 427 Fscore 

[]
Round 428 global test acc  85.5300
Round 428 Fscore 

[]
Round 429 global test acc  85.2400
Round 429 Fscore 

[]
Round 430 global test acc  85.5000
Round 430 Fscore 

[]
Round 431 global test acc  85.6300
Round 431 Fscore 

[]
Round 432 global test acc  85.6300
Round 432 Fscore 

[]
Round 433 global test acc  85.2800
Round 433 Fscore 

[]
Round 434 global test acc  85.4400
Round 434 Fscore 

[]
Round 435 global test acc  85.5700
Round 435 Fscore 

[]
Round 436 global test acc  85.4500
Round 436 Fscore 

[]
Round 437 global test acc  85.2500
Round 437 Fscore 

[]
Round 438 global test acc  85.6000
Round 438 Fscore 

[]
Round 439 global test acc  85.7500
Round 439 Fscore 

[]
Round 440 global test acc  85.5700
Round 440 Fscore 

[]
Round 441 global test acc  85.6600
Round 441 Fscore 

[]
Round 442 global test acc  85.4300
Round 442 Fscore 

[]
Round 443 global test acc  85.7400
Round 443 Fscore 

[]
Round 444 global test acc  85.4800
Round 444 Fscore 

[]
Round 445 global test acc  85.4000
Round 445 Fscore 

[]
Round 446 global test acc  85.7000
Round 446 Fscore 

[]
Round 447 global test acc  85.5200
Round 447 Fscore 

[]
Round 448 global test acc  85.4600
Round 448 Fscore 

[]
Round 449 global test acc  85.3400
Round 449 Fscore 

[0.9837397933006287, 0.981670081615448, 0.9888776540756226, 0.9795917868614197, 0.9898989200592041, 0.9837397933006287, 0.9837397933006287, 0.9847716093063354, 0.9795917868614197, 0.9919354915618896, 0.9878542423248291, 0.9837397933006287, 0.9878542423248291, 0.9878542423248291, 0.9806320071220398, 0.9888776540756226, 0.9878542423248291, 0.9858012199401855, 0.9847716093063354, 0.9858012199401855, 0.9806320071220398, 0.9868287444114685, 0.9858012199401855, 0.9754098653793335, 0.9837397933006287, 0.9909182786941528, 0.9837397933006287, 0.9847716093063354, 0.9939637780189514, 0.9847716093063354, 0.9888776540756226, 0.9868287444114685, 0.9868287444114685, 0.9898989200592041, 0.9858012199401855, 0.9847716093063354, 0.9868287444114685, 0.9795917868614197, 0.9827060103416443, 0.9795917868614197, 0.9858012199401855, 0.9847716093063354, 0.9858012199401855, 0.9847716093063354, 0.9949748516082764, 0.9858012199401855, 0.9837397933006287, 0.9888776540756226, 0.9888776540756226, 0.9888776540756226, 0.9898989200592041, 0.9827060103416443, 0.9806320071220398, 0.9868287444114685, 0.9858012199401855, 0.9868287444114685, 0.9827060103416443, 0.9858012199401855, 0.9888776540756226, 0.9888776540756226, 0.981670081615448, 0.9878542423248291, 0.9898989200592041, 0.9847716093063354, 0.9909182786941528, 0.9837397933006287, 0.9806320071220398, 0.9858012199401855, 0.9888776540756226, 0.978549599647522, 0.9837397933006287, 0.9888776540756226, 0.9888776540756226, 0.9827060103416443, 0.9898989200592041, 0.9795917868614197, 0.9858012199401855, 0.9858012199401855, 0.9827060103416443, 0.9858012199401855, 0.9878542423248291, 0.9929506182670593, 0.977505087852478, 0.9878542423248291, 0.9837397933006287, 0.9888776540756226, 0.9888776540756226, 0.9847716093063354, 0.9827060103416443, 0.9898989200592041, 0.9837397933006287, 0.9868287444114685, 0.9837397933006287, 0.9878542423248291, 0.9888776540756226, 0.9909182786941528, 0.9858012199401855, 0.9868287444114685, 0.9878542423248291, 0.9847716093063354]
time : 19690.79772424698
('algorithm', 'RFL')
('gpu', 0)
('seed', 13)
('save_dir', './record/')
('rounds2', 450)
('local_ep', 5)
('frac2', 0.1)
('num_users', 100)
('local_bs', 32)
('lr', 0.01)
('model', 'resnet18')
('num_classes', 10)
('level_n_system', 0.0)
('level_n_lowerb', 0.0)
('alpha_dirichlet', 10)
('non_iid_prob_class', 0.7)
('dataset', 'cifar10')
('iid', True)
('LID_k', 20)
('iteration1', 5)
('rounds1', 200)
('frac1', 0.01)
('pretrained', False)
('mixup', False)
('alpha', 1)
('beta', 5)
('relabel_ratio', 0.5)
('confidence_thres', 0.5)
('clean_set_thres', 0.1)
('fine_tuning', True)
('correction', True)
('T_pl', 100)
('lambda_cen', 1.0)
('lambda_e', 0.8)
('num_gradual', 10)
('forget_rate', 0.2)
('lr_decay', 0.1)
('schedule', [])
('momentum', 0.5)
('weight_decay', 0.0001)
('feature_dim', 128)
('plr', 0.01)
('lamda', 15)
('K', 5)
('gamma', 1)
('begin_sel', 10)
('max_beta', 2)
('mu', 0.01)
('device', device(type='cuda', index=0))
Files already downloaded and verified
Files already downloaded and verified
ResNet(
  (conv1): Conv2d(3, 64, kernel_size=(3, 3), stride=(1, 1), padding=(1, 1), bias=False)
  (bn1): BatchNorm2d(64, eps=1e-05, momentum=0.1, affine=True, track_running_stats=True)
  (layer1): Sequential(
    (0): BasicBlock(
      (conv1): Conv2d(64, 64, kernel_size=(3, 3), stride=(1, 1), padding=(1, 1), bias=False)
      (bn1): BatchNorm2d(64, eps=1e-05, momentum=0.1, affine=True, track_running_stats=True)
      (conv2): Conv2d(64, 64, kernel_size=(3, 3), stride=(1, 1), padding=(1, 1), bias=False)
      (bn2): BatchNorm2d(64, eps=1e-05, momentum=0.1, affine=True, track_running_stats=True)
      (shortcut): Sequential()
    )
    (1): BasicBlock(
      (conv1): Conv2d(64, 64, kernel_size=(3, 3), stride=(1, 1), padding=(1, 1), bias=False)
      (bn1): BatchNorm2d(64, eps=1e-05, momentum=0.1, affine=True, track_running_stats=True)
      (conv2): Conv2d(64, 64, kernel_size=(3, 3), stride=(1, 1), padding=(1, 1), bias=False)
      (bn2): BatchNorm2d(64, eps=1e-05, momentum=0.1, affine=True, track_running_stats=True)
      (shortcut): Sequential()
    )
  )
  (layer2): Sequential(
    (0): BasicBlock(
      (conv1): Conv2d(64, 128, kernel_size=(3, 3), stride=(2, 2), padding=(1, 1), bias=False)
      (bn1): BatchNorm2d(128, eps=1e-05, momentum=0.1, affine=True, track_running_stats=True)
      (conv2): Conv2d(128, 128, kernel_size=(3, 3), stride=(1, 1), padding=(1, 1), bias=False)
      (bn2): BatchNorm2d(128, eps=1e-05, momentum=0.1, affine=True, track_running_stats=True)
      (shortcut): Sequential(
        (0): Conv2d(64, 128, kernel_size=(1, 1), stride=(2, 2), bias=False)
        (1): BatchNorm2d(128, eps=1e-05, momentum=0.1, affine=True, track_running_stats=True)
      )
    )
    (1): BasicBlock(
      (conv1): Conv2d(128, 128, kernel_size=(3, 3), stride=(1, 1), padding=(1, 1), bias=False)
      (bn1): BatchNorm2d(128, eps=1e-05, momentum=0.1, affine=True, track_running_stats=True)
      (conv2): Conv2d(128, 128, kernel_size=(3, 3), stride=(1, 1), padding=(1, 1), bias=False)
      (bn2): BatchNorm2d(128, eps=1e-05, momentum=0.1, affine=True, track_running_stats=True)
      (shortcut): Sequential()
    )
  )
  (layer3): Sequential(
    (0): BasicBlock(
      (conv1): Conv2d(128, 256, kernel_size=(3, 3), stride=(2, 2), padding=(1, 1), bias=False)
      (bn1): BatchNorm2d(256, eps=1e-05, momentum=0.1, affine=True, track_running_stats=True)
      (conv2): Conv2d(256, 256, kernel_size=(3, 3), stride=(1, 1), padding=(1, 1), bias=False)
      (bn2): BatchNorm2d(256, eps=1e-05, momentum=0.1, affine=True, track_running_stats=True)
      (shortcut): Sequential(
        (0): Conv2d(128, 256, kernel_size=(1, 1), stride=(2, 2), bias=False)
        (1): BatchNorm2d(256, eps=1e-05, momentum=0.1, affine=True, track_running_stats=True)
      )
    )
    (1): BasicBlock(
      (conv1): Conv2d(256, 256, kernel_size=(3, 3), stride=(1, 1), padding=(1, 1), bias=False)
      (bn1): BatchNorm2d(256, eps=1e-05, momentum=0.1, affine=True, track_running_stats=True)
      (conv2): Conv2d(256, 256, kernel_size=(3, 3), stride=(1, 1), padding=(1, 1), bias=False)
      (bn2): BatchNorm2d(256, eps=1e-05, momentum=0.1, affine=True, track_running_stats=True)
      (shortcut): Sequential()
    )
  )
  (layer4): Sequential(
    (0): BasicBlock(
      (conv1): Conv2d(256, 512, kernel_size=(3, 3), stride=(2, 2), padding=(1, 1), bias=False)
      (bn1): BatchNorm2d(512, eps=1e-05, momentum=0.1, affine=True, track_running_stats=True)
      (conv2): Conv2d(512, 512, kernel_size=(3, 3), stride=(1, 1), padding=(1, 1), bias=False)
      (bn2): BatchNorm2d(512, eps=1e-05, momentum=0.1, affine=True, track_running_stats=True)
      (shortcut): Sequential(
        (0): Conv2d(256, 512, kernel_size=(1, 1), stride=(2, 2), bias=False)
        (1): BatchNorm2d(512, eps=1e-05, momentum=0.1, affine=True, track_running_stats=True)
      )
    )
    (1): BasicBlock(
      (conv1): Conv2d(512, 512, kernel_size=(3, 3), stride=(1, 1), padding=(1, 1), bias=False)
      (bn1): BatchNorm2d(512, eps=1e-05, momentum=0.1, affine=True, track_running_stats=True)
      (conv2): Conv2d(512, 512, kernel_size=(3, 3), stride=(1, 1), padding=(1, 1), bias=False)
      (bn2): BatchNorm2d(512, eps=1e-05, momentum=0.1, affine=True, track_running_stats=True)
      (shortcut): Sequential()
    )
  )
  (avgpool): AdaptiveAvgPool2d(output_size=(1, 1))
  (fc1): Linear(in_features=512, out_features=10, bias=True)
)
Round 0 global test acc  20.8900
Round 0 Fscore 

[]
Round 1 global test acc  33.7400
Round 1 Fscore 

[]
Round 2 global test acc  38.1600
Round 2 Fscore 

[]
Round 3 global test acc  43.1800
Round 3 Fscore 

[]
Round 4 global test acc  48.4600
Round 4 Fscore 

[]
Round 5 global test acc  50.0600
Round 5 Fscore 

[]
Round 6 global test acc  51.9400
Round 6 Fscore 

[]
Round 7 global test acc  53.3300
Round 7 Fscore 

[]
Round 8 global test acc  55.6700
Round 8 Fscore 

[]
Round 9 global test acc  57.0200
Round 9 Fscore 

[]
Round 10 global test acc  58.3700
Round 10 Fscore 

[]
Round 11 global test acc  60.0900
Round 11 Fscore 

[]
Round 12 global test acc  59.4800
Round 12 Fscore 

[]
Round 13 global test acc  62.7000
Round 13 Fscore 

[]
Round 14 global test acc  62.0900
Round 14 Fscore 

[]
Round 15 global test acc  63.3100
Round 15 Fscore 

[]
Round 16 global test acc  64.5200
Round 16 Fscore 

[]
Round 17 global test acc  64.1800
Round 17 Fscore 

[]
Round 18 global test acc  65.5500
Round 18 Fscore 

[]
Round 19 global test acc  66.4000
Round 19 Fscore 

[]
Round 20 global test acc  65.6600
Round 20 Fscore 

[]
Round 21 global test acc  67.1400
Round 21 Fscore 

[]
Round 22 global test acc  67.6900
Round 22 Fscore 

[]
Round 23 global test acc  67.9600
Round 23 Fscore 

[]
Round 24 global test acc  68.3100
Round 24 Fscore 

[]
Round 25 global test acc  68.0700
Round 25 Fscore 

[]
Round 26 global test acc  67.8000
Round 26 Fscore 

[]
Round 27 global test acc  67.9800
Round 27 Fscore 

[]
Round 28 global test acc  70.1500
Round 28 Fscore 

[]
Round 29 global test acc  69.1100
Round 29 Fscore 

[]
Round 30 global test acc  70.4500
Round 30 Fscore 

[]
Round 31 global test acc  70.6400
Round 31 Fscore 

[]
Round 32 global test acc  70.8100
Round 32 Fscore 

[]
Round 33 global test acc  71.6900
Round 33 Fscore 

[]
Round 34 global test acc  71.7900
Round 34 Fscore 

[]
Round 35 global test acc  71.7500
Round 35 Fscore 

[]
Round 36 global test acc  72.3700
Round 36 Fscore 

[]
Round 37 global test acc  72.7100
Round 37 Fscore 

[]
Round 38 global test acc  73.0600
Round 38 Fscore 

[]
Round 39 global test acc  73.6200
Round 39 Fscore 

[]
Round 40 global test acc  73.5600
Round 40 Fscore 

[]
Round 41 global test acc  73.5300
Round 41 Fscore 

[]
Round 42 global test acc  73.6600
Round 42 Fscore 

[]
Round 43 global test acc  74.4700
Round 43 Fscore 

[]
Round 44 global test acc  73.8900
Round 44 Fscore 

[]
Round 45 global test acc  74.3300
Round 45 Fscore 

[]
Round 46 global test acc  74.9200
Round 46 Fscore 

[]
Round 47 global test acc  75.5900
Round 47 Fscore 

[]
Round 48 global test acc  74.8500
Round 48 Fscore 

[]
Round 49 global test acc  75.7500
Round 49 Fscore 

[]
Round 50 global test acc  75.5900
Round 50 Fscore 

[]
Round 51 global test acc  75.7300
Round 51 Fscore 

[]
Round 52 global test acc  75.8500
Round 52 Fscore 

[]
Round 53 global test acc  76.3000
Round 53 Fscore 

[]
Round 54 global test acc  75.8500
Round 54 Fscore 

[]
Round 55 global test acc  76.7700
Round 55 Fscore 

[]
Round 56 global test acc  76.8400
Round 56 Fscore 

[]
Round 57 global test acc  76.4600
Round 57 Fscore 

[]
Round 58 global test acc  76.8500
Round 58 Fscore 

[]
Round 59 global test acc  77.4400
Round 59 Fscore 

[]
Round 60 global test acc  76.5300
Round 60 Fscore 

[]
Round 61 global test acc  77.1100
Round 61 Fscore 

[]
Round 62 global test acc  77.8300
Round 62 Fscore 

[]
Round 63 global test acc  78.0100
Round 63 Fscore 

[]
Round 64 global test acc  77.5400
Round 64 Fscore 

[]
Round 65 global test acc  78.0800
Round 65 Fscore 

[]
Round 66 global test acc  77.9700
Round 66 Fscore 

[]
Round 67 global test acc  78.4900
Round 67 Fscore 

[]
Round 68 global test acc  78.5600
Round 68 Fscore 

[]
Round 69 global test acc  78.7400
Round 69 Fscore 

[]
Round 70 global test acc  78.8800
Round 70 Fscore 

[]
Round 71 global test acc  79.0000
Round 71 Fscore 

[]
Round 72 global test acc  79.0700
Round 72 Fscore 

[]
Round 73 global test acc  79.3900
Round 73 Fscore 

[]
Round 74 global test acc  79.4700
Round 74 Fscore 

[]
Round 75 global test acc  79.0300
Round 75 Fscore 

[]
Round 76 global test acc  79.9100
Round 76 Fscore 

[]
Round 77 global test acc  79.5700
Round 77 Fscore 

[]
Round 78 global test acc  79.3100
Round 78 Fscore 

[]
Round 79 global test acc  79.9100
Round 79 Fscore 

[]
Round 80 global test acc  79.8100
Round 80 Fscore 

[]
Round 81 global test acc  79.6000
Round 81 Fscore 

[]
Round 82 global test acc  79.8700
Round 82 Fscore 

[]
Round 83 global test acc  80.3500
Round 83 Fscore 

[]
Round 84 global test acc  80.3100
Round 84 Fscore 

[]
Round 85 global test acc  80.5700
Round 85 Fscore 

[]
Round 86 global test acc  80.4700
Round 86 Fscore 

[]
Round 87 global test acc  80.4600
Round 87 Fscore 

[]
Round 88 global test acc  80.8900
Round 88 Fscore 

[]
Round 89 global test acc  80.8900
Round 89 Fscore 

[]
Round 90 global test acc  81.1200
Round 90 Fscore 

[]
Round 91 global test acc  81.0700
Round 91 Fscore 

[]
Round 92 global test acc  81.0500
Round 92 Fscore 

[]
Round 93 global test acc  80.2100
Round 93 Fscore 

[]
Round 94 global test acc  81.1200
Round 94 Fscore 

[]
Round 95 global test acc  80.7800
Round 95 Fscore 

[]
Round 96 global test acc  81.2800
Round 96 Fscore 

[]
Round 97 global test acc  80.8700
Round 97 Fscore 

[]
Round 98 global test acc  81.0400
Round 98 Fscore 

[]
Round 99 global test acc  81.4300
Round 99 Fscore 

[]
Round 100 global test acc  80.8900
Round 100 Fscore 

[]
Round 101 global test acc  80.6100
Round 101 Fscore 

[]
Round 102 global test acc  80.3700
Round 102 Fscore 

[]
Round 103 global test acc  80.3100
Round 103 Fscore 

[]
Round 104 global test acc  79.9500
Round 104 Fscore 

[]
Round 105 global test acc  80.7000
Round 105 Fscore 

[]
Round 106 global test acc  80.5600
Round 106 Fscore 

[]
Round 107 global test acc  80.7400
Round 107 Fscore 

[]
Round 108 global test acc  80.5600
Round 108 Fscore 

[]
Round 109 global test acc  81.0700
Round 109 Fscore 

[]
Round 110 global test acc  80.5700
Round 110 Fscore 

[]
Round 111 global test acc  80.7600
Round 111 Fscore 

[]
Round 112 global test acc  80.9800
Round 112 Fscore 

[]
Round 113 global test acc  80.5400
Round 113 Fscore 

[]
Round 114 global test acc  80.6700
Round 114 Fscore 

[]
Round 115 global test acc  80.9300
Round 115 Fscore 

[]
Round 116 global test acc  81.0500
Round 116 Fscore 

[]
Round 117 global test acc  80.8700
Round 117 Fscore 

[]
Round 118 global test acc  80.7400
Round 118 Fscore 

[]
Round 119 global test acc  81.0600
Round 119 Fscore 

[]
Round 120 global test acc  80.9800
Round 120 Fscore 

[]
Round 121 global test acc  80.9800
Round 121 Fscore 

[]
Round 122 global test acc  79.9800
Round 122 Fscore 

[]
Round 123 global test acc  80.3300
Round 123 Fscore 

[]
Round 124 global test acc  80.6200
Round 124 Fscore 

[]
Round 125 global test acc  80.8100
Round 125 Fscore 

[]
Round 126 global test acc  81.0400
Round 126 Fscore 

[]
Round 127 global test acc  80.8500
Round 127 Fscore 

[]
Round 128 global test acc  80.8400
Round 128 Fscore 

[]
Round 129 global test acc  81.4400
Round 129 Fscore 

[]
Round 130 global test acc  81.5600
Round 130 Fscore 

[]
Round 131 global test acc  81.3200
Round 131 Fscore 

[]
Round 132 global test acc  81.2100
Round 132 Fscore 

[]
Round 133 global test acc  81.6000
Round 133 Fscore 

[]
Round 134 global test acc  81.7500
Round 134 Fscore 

[]
Round 135 global test acc  81.5900
Round 135 Fscore 

[]
Round 136 global test acc  81.6800
Round 136 Fscore 

[]
Round 137 global test acc  81.6600
Round 137 Fscore 

[]
Round 138 global test acc  81.8400
Round 138 Fscore 

[]
Round 139 global test acc  81.5000
Round 139 Fscore 

[]
Round 140 global test acc  81.5600
Round 140 Fscore 

[]
Round 141 global test acc  81.6800
Round 141 Fscore 

[]
Round 142 global test acc  81.9100
Round 142 Fscore 

[]
Round 143 global test acc  81.5100
Round 143 Fscore 

[]
Round 144 global test acc  82.2700
Round 144 Fscore 

[]
Round 145 global test acc  82.0800
Round 145 Fscore 

[]
Round 146 global test acc  82.2300
Round 146 Fscore 

[]
Round 147 global test acc  82.2700
Round 147 Fscore 

[]
Round 148 global test acc  82.4400
Round 148 Fscore 

[]
Round 149 global test acc  82.3100
Round 149 Fscore 

[]
Round 150 global test acc  82.2700
Round 150 Fscore 

[]
Round 151 global test acc  81.8300
Round 151 Fscore 

[]
Round 152 global test acc  82.1500
Round 152 Fscore 

[]
Round 153 global test acc  82.2400
Round 153 Fscore 

[]
Round 154 global test acc  82.4800
Round 154 Fscore 

[]
Round 155 global test acc  82.3700
Round 155 Fscore 

[]
Round 156 global test acc  82.3300
Round 156 Fscore 

[]
Round 157 global test acc  82.4800
Round 157 Fscore 

[]
Round 158 global test acc  82.2900
Round 158 Fscore 

[]
Round 159 global test acc  82.3100
Round 159 Fscore 

[]
Round 160 global test acc  82.6800
Round 160 Fscore 

[]
Round 161 global test acc  81.7700
Round 161 Fscore 

[]
Round 162 global test acc  82.2900
Round 162 Fscore 

[]
Round 163 global test acc  82.3800
Round 163 Fscore 

[]
Round 164 global test acc  82.4500
Round 164 Fscore 

[]
Round 165 global test acc  82.3200
Round 165 Fscore 

[]
Round 166 global test acc  82.3200
Round 166 Fscore 

[]
Round 167 global test acc  82.5800
Round 167 Fscore 

[]
Round 168 global test acc  82.7300
Round 168 Fscore 

[]
Round 169 global test acc  82.3300
Round 169 Fscore 

[]
Round 170 global test acc  81.5600
Round 170 Fscore 

[]
Round 171 global test acc  82.2000
Round 171 Fscore 

[]
Round 172 global test acc  82.6700
Round 172 Fscore 

[]
Round 173 global test acc  82.5700
Round 173 Fscore 

[]
Round 174 global test acc  82.5000
Round 174 Fscore 

[]
Round 175 global test acc  82.3200
Round 175 Fscore 

[]
Round 176 global test acc  82.7600
Round 176 Fscore 

[]
Round 177 global test acc  82.2900
Round 177 Fscore 

[]
Round 178 global test acc  82.5900
Round 178 Fscore 

[]
Round 179 global test acc  82.6800
Round 179 Fscore 

[]
Round 180 global test acc  82.5300
Round 180 Fscore 

[]
Round 181 global test acc  82.7400
Round 181 Fscore 

[]
Round 182 global test acc  82.4300
Round 182 Fscore 

[]
Round 183 global test acc  82.5000
Round 183 Fscore 

[]
Round 184 global test acc  82.6200
Round 184 Fscore 

[]
Round 185 global test acc  82.8000
Round 185 Fscore 

[]
Round 186 global test acc  82.4600
Round 186 Fscore 

[]
Round 187 global test acc  83.1000
Round 187 Fscore 

[]
Round 188 global test acc  83.1100
Round 188 Fscore 

[]
Round 189 global test acc  82.9900
Round 189 Fscore 

[]
Round 190 global test acc  82.9300
Round 190 Fscore 

[]
Round 191 global test acc  82.9700
Round 191 Fscore 

[]
Round 192 global test acc  82.8500
Round 192 Fscore 

[]
Round 193 global test acc  83.2400
Round 193 Fscore 

[]
Round 194 global test acc  82.8600
Round 194 Fscore 

[]
Round 195 global test acc  83.1200
Round 195 Fscore 

[]
Round 196 global test acc  82.6900
Round 196 Fscore 

[]
Round 197 global test acc  82.7300
Round 197 Fscore 

[]
Round 198 global test acc  82.7200
Round 198 Fscore 

[]
Round 199 global test acc  82.8100
Round 199 Fscore 

[]
Round 200 global test acc  82.6600
Round 200 Fscore 

[]
Round 201 global test acc  82.7700
Round 201 Fscore 

[]
Round 202 global test acc  83.0100
Round 202 Fscore 

[]
Round 203 global test acc  83.4300
Round 203 Fscore 

[]
Round 204 global test acc  83.0600
Round 204 Fscore 

[]
Round 205 global test acc  83.2900
Round 205 Fscore 

[]
Round 206 global test acc  83.2300
Round 206 Fscore 

[]
Round 207 global test acc  82.9900
Round 207 Fscore 

[]
Round 208 global test acc  83.1000
Round 208 Fscore 

[]
Round 209 global test acc  83.2600
Round 209 Fscore 

[]
Round 210 global test acc  83.1000
Round 210 Fscore 

[]
Round 211 global test acc  83.4000
Round 211 Fscore 

[]
Round 212 global test acc  83.5100
Round 212 Fscore 

[]
Round 213 global test acc  83.7200
Round 213 Fscore 

[]
Round 214 global test acc  83.3600
Round 214 Fscore 

[]
Round 215 global test acc  83.2800
Round 215 Fscore 

[]
Round 216 global test acc  83.6100
Round 216 Fscore 

[]
Round 217 global test acc  83.6100
Round 217 Fscore 

[]
Round 218 global test acc  83.4900
Round 218 Fscore 

[]
Round 219 global test acc  83.1000
Round 219 Fscore 

[]
Round 220 global test acc  83.1200
Round 220 Fscore 

[]
Round 221 global test acc  83.1900
Round 221 Fscore 

[]
Round 222 global test acc  83.7700
Round 222 Fscore 

[]
Round 223 global test acc  83.3000
Round 223 Fscore 

[]
Round 224 global test acc  83.0800
Round 224 Fscore 

[]
Round 225 global test acc  83.1300
Round 225 Fscore 

[]
Round 226 global test acc  83.4000
Round 226 Fscore 

[]
Round 227 global test acc  83.2500
Round 227 Fscore 

[]
Round 228 global test acc  83.6500
Round 228 Fscore 

[]
Round 229 global test acc  83.3500
Round 229 Fscore 

[]
Round 230 global test acc  83.2200
Round 230 Fscore 

[]
Round 231 global test acc  83.3900
Round 231 Fscore 

[]
Round 232 global test acc  83.7700
Round 232 Fscore 

[]
Round 233 global test acc  83.6900
Round 233 Fscore 

[]
Round 234 global test acc  83.7500
Round 234 Fscore 

[]
Round 235 global test acc  83.9200
Round 235 Fscore 

[]
Round 236 global test acc  83.9100
Round 236 Fscore 

[]
Round 237 global test acc  83.8700
Round 237 Fscore 

[]
Round 238 global test acc  83.8600
Round 238 Fscore 

[]
Round 239 global test acc  83.9900
Round 239 Fscore 

[]
Round 240 global test acc  83.7600
Round 240 Fscore 

[]
Round 241 global test acc  83.7100
Round 241 Fscore 

[]
Round 242 global test acc  83.8300
Round 242 Fscore 

[]
Round 243 global test acc  83.6500
Round 243 Fscore 

[]
Round 244 global test acc  83.7600
Round 244 Fscore 

[]
Round 245 global test acc  83.7600
Round 245 Fscore 

[]
Round 246 global test acc  83.6300
Round 246 Fscore 

[]
Round 247 global test acc  83.9500
Round 247 Fscore 

[]
Round 248 global test acc  84.0400
Round 248 Fscore 

[]
Round 249 global test acc  83.9300
Round 249 Fscore 

[]
Round 250 global test acc  83.7900
Round 250 Fscore 

[]
Round 251 global test acc  83.8100
Round 251 Fscore 

[]
