('algorithm', 'MR')
('gpu', 0)
('seed', 13)
('save_dir', './record/')
('rounds2', 200)
('local_ep', 5)
('frac2', 0.1)
('num_users', 100)
('local_bs', 32)
('lr', 0.1)
('model', 'lenet')
('num_classes', 10)
('level_n_system', 0.0)
('level_n_lowerb', 0.0)
('alpha_dirichlet', 10)
('non_iid_prob_class', 0.5)
('dataset', 'mnist')
('iid', False)
('LID_k', 20)
('iteration1', 5)
('rounds1', 200)
('frac1', 0.01)
('pretrained', False)
('mixup', False)
('alpha', 1)
('beta', 5)
('relabel_ratio', 0.5)
('confidence_thres', 0.5)
('clean_set_thres', 0.1)
('fine_tuning', True)
('correction', True)
('T_pl', 100)
('lambda_cen', 1.0)
('lambda_e', 0.8)
('num_gradual', 10)
('forget_rate', 0.2)
('lr_decay', 0.1)
('schedule', [])
('momentum', 0.5)
('weight_decay', 0.0001)
('feature_dim', 128)
('plr', 0.1)
('lamda', 15)
('K', 1)
('gamma', 1)
('begin_sel', 10)
('max_beta', 2)
('mu', 0.01)
('device', device(type='cuda', index=0))
Round 0 global test acc  32.0000
Round 1 global test acc  70.9897
Round 2 global test acc  63.4639
Round 3 global test acc  76.5052
Round 4 global test acc  83.2680
Round 5 global test acc  45.1856
Round 6 global test acc  78.9691
Round 7 global test acc  76.2887
Round 8 global test acc  89.3505
Round 9 global test acc  91.6701
Round 10 global test acc  91.6392
Round 11 global test acc  92.2990
Round 12 global test acc  93.4021
Round 13 global test acc  89.1649
Round 14 global test acc  91.6907
Round 15 global test acc  92.0928
Round 16 global test acc  93.6598
Round 17 global test acc  79.3711
Round 18 global test acc  92.2268
Round 19 global test acc  92.3608
Round 20 global test acc  94.2577
Round 21 global test acc  94.7526
Round 22 global test acc  93.9485
Round 23 global test acc  94.4948
Round 24 global test acc  94.9897
Round 25 global test acc  95.2474
Round 26 global test acc  91.6598
Round 27 global test acc  93.9588
Round 28 global test acc  95.0206
Round 29 global test acc  95.3711
Round 30 global test acc  76.0309
Round 31 global test acc  94.8969
Round 32 global test acc  95.5670
Round 33 global test acc  95.9485
Round 34 global test acc  96.1031
Round 35 global test acc  93.8454
Round 36 global test acc  94.9381
Round 37 global test acc  87.0515
Round 38 global test acc  92.6495
Round 39 global test acc  95.8660
Round 40 global test acc  95.8247
Round 41 global test acc  95.5670
Round 42 global test acc  94.8041
Round 43 global test acc  96.0825
Round 44 global test acc  95.5258
Round 45 global test acc  94.5464
Round 46 global test acc  92.9897
Round 47 global test acc  95.8763
Round 48 global test acc  96.6907
Round 49 global test acc  95.2371
Round 50 global test acc  95.3196
Round 51 global test acc  87.1443
Round 52 global test acc  95.9485
Round 53 global test acc  90.6495
Round 54 global test acc  95.9485
Round 55 global test acc  96.2990
Round 56 global test acc  94.9381
Round 57 global test acc  96.2268
Round 58 global test acc  95.6701
Round 59 global test acc  96.4639
Round 60 global test acc  93.7113
Round 61 global test acc  84.1649
Round 62 global test acc  93.5979
Round 63 global test acc  93.7835
Round 64 global test acc  95.8557
Round 65 global test acc  96.0309
Round 66 global test acc  96.2680
Round 67 global test acc  96.1340
Round 68 global test acc  96.1753
Round 69 global test acc  96.1959
Round 70 global test acc  96.5155
Round 71 global test acc  96.6082
Round 72 global test acc  96.2268
Round 73 global test acc  96.2474
Round 74 global test acc  96.6392
Round 75 global test acc  96.3505
Round 76 global test acc  96.6289
Round 77 global test acc  96.5670
Round 78 global test acc  96.7732
Round 79 global test acc  96.4948
Round 80 global test acc  96.7113
Round 81 global test acc  96.4433
Round 82 global test acc  96.5258
Round 83 global test acc  96.7938
Round 84 global test acc  95.1753
Round 85 global test acc  96.1959
Round 86 global test acc  96.3711
Round 87 global test acc  96.7732
Round 88 global test acc  96.9175
Round 89 global test acc  96.4742
Round 90 global test acc  96.7423
Round 91 global test acc  96.8557
Round 92 global test acc  96.8144
Round 93 global test acc  96.7216
Round 94 global test acc  96.5567
Round 95 global test acc  96.3196
Round 96 global test acc  92.6082
Round 97 global test acc  95.3299
Round 98 global test acc  95.8660
Round 99 global test acc  96.0309
Round 100 global test acc  96.5464
Round 101 global test acc  96.5464
Round 102 global test acc  96.8763
Round 103 global test acc  96.8351
Round 104 global test acc  96.6186
Round 105 global test acc  96.5361
Round 106 global test acc  96.8557
Round 107 global test acc  96.7320
Round 108 global test acc  96.8660
Round 109 global test acc  97.2990
Round 110 global test acc  96.9794
Round 111 global test acc  96.2577
Round 112 global test acc  96.8866
Round 113 global test acc  96.3505
Round 114 global test acc  96.5567
Round 115 global test acc  97.0206
Round 116 global test acc  97.0515
Round 117 global test acc  96.8247
Round 118 global test acc  96.5979
Round 119 global test acc  96.7526
Round 120 global test acc  96.8660
Round 121 global test acc  96.7732
Round 122 global test acc  96.8866
Round 123 global test acc  84.8557
Round 124 global test acc  96.1959
Round 125 global test acc  96.8351
Round 126 global test acc  93.6701
Round 127 global test acc  96.4639
Round 128 global test acc  96.2165
Round 129 global test acc  95.9278
Round 130 global test acc  96.3299
Round 131 global test acc  96.1959
Round 132 global test acc  96.8866
Round 133 global test acc  96.8247
Round 134 global test acc  96.5773
Round 135 global test acc  96.8660
Round 136 global test acc  96.5979
Round 137 global test acc  97.0206
Round 138 global test acc  96.7732
Round 139 global test acc  96.5464
Round 140 global test acc  96.6907
Round 141 global test acc  96.8557
Round 142 global test acc  96.9072
Round 143 global test acc  97.0103
Round 144 global test acc  93.0309
Round 145 global test acc  96.8866
Round 146 global test acc  96.7629
Round 147 global test acc  96.7629
Round 148 global test acc  97.1237
Round 149 global test acc  96.8660
Round 150 global test acc  96.6907
Round 151 global test acc  96.9381
Round 152 global test acc  96.7423
Round 153 global test acc  97.0515
Round 154 global test acc  95.6392
Round 155 global test acc  96.9691
Round 156 global test acc  96.5876
Round 157 global test acc  96.2887
Round 158 global test acc  96.9381
Round 159 global test acc  97.0722
Round 160 global test acc  96.9175
Round 161 global test acc  96.9381
Round 162 global test acc  96.8454
Round 163 global test acc  97.2062
Round 164 global test acc  97.2887
Round 165 global test acc  97.0515
Round 166 global test acc  96.7629
Round 167 global test acc  96.7835
Round 168 global test acc  97.0825
Round 169 global test acc  96.0825
Round 170 global test acc  97.1856
Round 171 global test acc  97.1546
Round 172 global test acc  97.0412
Round 173 global test acc  97.1649
Round 174 global test acc  97.0515
Round 175 global test acc  97.0103
Round 176 global test acc  97.1237
Round 177 global test acc  97.3918
Round 178 global test acc  96.7216
Round 179 global test acc  96.3505
Round 180 global test acc  96.9278
Round 181 global test acc  97.0825
Round 182 global test acc  96.7835
Round 183 global test acc  96.8969
Round 184 global test acc  97.1443
Round 185 global test acc  94.4845
Round 186 global test acc  96.9072
Round 187 global test acc  96.3711
Round 188 global test acc  96.7216
Round 189 global test acc  96.5876
Round 190 global test acc  97.1340
Round 191 global test acc  96.8454
Round 192 global test acc  75.3608
Round 193 global test acc  97.0515
Round 194 global test acc  96.9794
Round 195 global test acc  97.1856
Round 196 global test acc  96.9381
Round 197 global test acc  97.1649
Round 198 global test acc  96.9381
Round 199 global test acc  97.1237
time : 1076.0296840667725
('algorithm', 'MR')
('gpu', 0)
('seed', 13)
('save_dir', './record/')
('rounds2', 200)
('local_ep', 5)
('frac2', 0.1)
('num_users', 100)
('local_bs', 32)
('lr', 0.1)
('model', 'lenet')
('num_classes', 10)
('level_n_system', 0.0)
('level_n_lowerb', 0.0)
('alpha_dirichlet', 10)
('non_iid_prob_class', 0.5)
('dataset', 'mnist')
('iid', False)
('LID_k', 20)
('iteration1', 5)
('rounds1', 200)
('frac1', 0.01)
('pretrained', False)
('mixup', False)
('alpha', 1)
('beta', 5)
('relabel_ratio', 0.5)
('confidence_thres', 0.5)
('clean_set_thres', 0.1)
('fine_tuning', True)
('correction', True)
('T_pl', 100)
('lambda_cen', 1.0)
('lambda_e', 0.8)
('num_gradual', 10)
('forget_rate', 0.2)
('lr_decay', 0.1)
('schedule', [])
('momentum', 0.5)
('weight_decay', 0.0001)
('feature_dim', 128)
('plr', 0.1)
('lamda', 15)
('K', 1)
('gamma', 1)
('begin_sel', 10)
('max_beta', 2)
('mu', 0.01)
('device', device(type='cuda', index=0))
Round 0 global test acc  31.9691
Round 1 global test acc  56.3608
Round 2 global test acc  35.3814
Round 3 global test acc  76.3608
Round 4 global test acc  82.8041
Round 5 global test acc  66.8866
Round 6 global test acc  87.4536
Round 7 global test acc  87.6082
Round 8 global test acc  85.8969
Round 9 global test acc  92.6186
Round 10 global test acc  91.9278
Round 11 global test acc  91.1237
Round 12 global test acc  93.6701
Round 13 global test acc  92.2990
Round 14 global test acc  92.9897
Round 15 global test acc  92.8144
Round 16 global test acc  87.4021
Round 17 global test acc  91.6289
Round 18 global test acc  85.8351
Round 19 global test acc  93.2680
Round 20 global test acc  94.8351
Round 21 global test acc  95.3196
Round 22 global test acc  95.7216
Round 23 global test acc  94.5773
Round 24 global test acc  90.3402
Round 25 global test acc  94.9278
Round 26 global test acc  93.6289
Round 27 global test acc  95.5773
Round 28 global test acc  91.2990
Round 29 global test acc  94.9794
Round 30 global test acc  95.4742
Round 31 global test acc  96.0309
Round 32 global test acc  95.7010
Round 33 global test acc  41.3918
Round 34 global test acc  95.3402
Round 35 global test acc  95.6701
Round 36 global test acc  94.9485
Round 37 global test acc  95.9072
Round 38 global test acc  95.0412
Round 39 global test acc  96.1237
Round 40 global test acc  96.3608
Round 41 global test acc  96.2887
Round 42 global test acc  96.5052
Round 43 global test acc  96.4948
Round 44 global test acc  96.2990
Round 45 global test acc  95.9588
Round 46 global test acc  96.2268
Round 47 global test acc  96.4536
Round 48 global test acc  96.7320
Round 49 global test acc  95.9691
Round 50 global test acc  95.9175
Round 51 global test acc  96.3402
Round 52 global test acc  96.3093
Round 53 global test acc  96.4330
Round 54 global test acc  96.3918
Round 55 global test acc  96.6392
Round 56 global test acc  94.9175
Round 57 global test acc  96.4124
Round 58 global test acc  95.7320
Round 59 global test acc  94.9691
Round 60 global test acc  95.4742
Round 61 global test acc  96.7010
Round 62 global test acc  96.4845
Round 63 global test acc  96.7010
Round 64 global test acc  96.8144
Round 65 global test acc  96.5155
Round 66 global test acc  96.1340
Round 67 global test acc  96.9794
Round 68 global test acc  95.8866
Round 69 global test acc  96.7629
Round 70 global test acc  96.8660
Round 71 global test acc  96.7938
Round 72 global test acc  97.1443
Round 73 global test acc  96.5567
Round 74 global test acc  96.9072
Round 75 global test acc  96.8454
Round 76 global test acc  97.0619
Round 77 global test acc  96.9691
Round 78 global test acc  96.9485
Round 79 global test acc  97.1340
Round 80 global test acc  95.7938
Round 81 global test acc  97.0309
Round 82 global test acc  97.0309
Round 83 global test acc  97.3196
Round 84 global test acc  96.9897
Round 85 global test acc  96.7835
Round 86 global test acc  97.3608
Round 87 global test acc  97.0412
Round 88 global test acc  96.3402
Round 89 global test acc  97.0412
Round 90 global test acc  97.0206
Round 91 global test acc  97.1443
Round 92 global test acc  97.1237
Round 93 global test acc  94.4639
Round 94 global test acc  86.8969
Round 95 global test acc  96.1340
Round 96 global test acc  96.3608
Round 97 global test acc  96.6186
Round 98 global test acc  97.2165
Round 99 global test acc  96.8763
Round 100 global test acc  95.1443
Round 101 global test acc  97.0619
Round 102 global test acc  96.9897
Round 103 global test acc  96.5155
Round 104 global test acc  97.1237
Round 105 global test acc  96.8763
Round 106 global test acc  97.1340
Round 107 global test acc  97.1546
Round 108 global test acc  97.3402
Round 109 global test acc  97.3608
Round 110 global test acc  97.2371
Round 111 global test acc  96.9691
Round 112 global test acc  97.2062
Round 113 global test acc  97.0000
Round 114 global test acc  94.5361
Round 115 global test acc  97.2371
Round 116 global test acc  96.3608
Round 117 global test acc  95.6186
Round 118 global test acc  96.8041
Round 119 global test acc  96.7835
Round 120 global test acc  97.0412
Round 121 global test acc  96.8969
Round 122 global test acc  97.0412
Round 123 global test acc  97.0515
Round 124 global test acc  96.8454
Round 125 global test acc  97.1443
Round 126 global test acc  97.1649
Round 127 global test acc  97.1649
Round 128 global test acc  97.0309
Round 129 global test acc  97.1031
Round 130 global test acc  96.9897
Round 131 global test acc  96.8351
Round 132 global test acc  97.3093
Round 133 global test acc  97.4124
Round 134 global test acc  97.3093
Round 135 global test acc  97.1649
Round 136 global test acc  97.2680
Round 137 global test acc  96.9072
Round 138 global test acc  96.4330
Round 139 global test acc  97.0515
Round 140 global test acc  97.0928
Round 141 global test acc  96.9278
Round 142 global test acc  97.2887
Round 143 global test acc  97.2887
Round 144 global test acc  97.3299
Round 145 global test acc  97.3299
Round 146 global test acc  97.2784
Round 147 global test acc  97.2680
Round 148 global test acc  90.9175
Round 149 global test acc  96.9381
Round 150 global test acc  97.0515
Round 151 global test acc  97.2887
Round 152 global test acc  97.1649
Round 153 global test acc  97.4536
Round 154 global test acc  97.2577
Round 155 global test acc  97.1856
Round 156 global test acc  97.2371
Round 157 global test acc  95.9794
Round 158 global test acc  97.1959
Round 159 global test acc  97.0825
Round 160 global test acc  97.0000
Round 161 global test acc  97.3711
Round 162 global test acc  96.8351
Round 163 global test acc  97.5052
Round 164 global test acc  97.4433
Round 165 global test acc  97.4330
Round 166 global test acc  97.0206
Round 167 global test acc  97.1649
Round 168 global test acc  97.3608
Round 169 global test acc  95.1959
Round 170 global test acc  97.2165
Round 171 global test acc  97.2680
Round 172 global test acc  97.3093
Round 173 global test acc  97.1031
Round 174 global test acc  96.2062
Round 175 global test acc  96.6804
Round 176 global test acc  97.2784
Round 177 global test acc  97.1959
Round 178 global test acc  97.2784
Round 179 global test acc  97.2165
Round 180 global test acc  97.4124
Round 181 global test acc  96.8660
Round 182 global test acc  97.2577
Round 183 global test acc  97.3299
Round 184 global test acc  97.3918
Round 185 global test acc  96.6495
Round 186 global test acc  97.5361
Round 187 global test acc  97.4227
Round 188 global test acc  97.2784
Round 189 global test acc  97.4536
Round 190 global test acc  97.4330
Round 191 global test acc  94.4021
Round 192 global test acc  97.2577
Round 193 global test acc  97.4330
Round 194 global test acc  97.4536
Round 195 global test acc  97.4845
Round 196 global test acc  97.3505
Round 197 global test acc  97.5567
Round 198 global test acc  97.4021
Round 199 global test acc  97.4845
time : 1067.9149100780487
('algorithm', 'MR')
('gpu', 0)
('seed', 13)
('save_dir', './record/')
('rounds2', 200)
('local_ep', 5)
('frac2', 0.1)
('num_users', 100)
('local_bs', 32)
('lr', 0.1)
('model', 'lenet')
('num_classes', 10)
('level_n_system', 0.0)
('level_n_lowerb', 0.0)
('alpha_dirichlet', 10)
('non_iid_prob_class', 0.5)
('dataset', 'mnist')
('iid', False)
('LID_k', 20)
('iteration1', 5)
('rounds1', 200)
('frac1', 0.01)
('pretrained', False)
('mixup', False)
('alpha', 1)
('beta', 5)
('relabel_ratio', 0.5)
('confidence_thres', 0.5)
('clean_set_thres', 0.1)
('fine_tuning', True)
('correction', True)
('T_pl', 100)
('lambda_cen', 1.0)
('lambda_e', 0.8)
('num_gradual', 10)
('forget_rate', 0.2)
('lr_decay', 0.1)
('schedule', [])
('momentum', 0.5)
('weight_decay', 0.0001)
('feature_dim', 128)
('plr', 0.1)
('lamda', 15)
('K', 1)
('gamma', 1)
('begin_sel', 10)
('max_beta', 2)
('mu', 0.01)
('device', device(type='cuda', index=0))
Round 0 global test acc  31.7526
Round 0 Fscore 

[]
Round 1 global test acc  63.7835
Round 1 Fscore 

[]
Round 2 global test acc  40.7732
Round 2 Fscore 

[]
Round 3 global test acc  70.3299
Round 3 Fscore 

[]
Round 4 global test acc  80.7216
Round 4 Fscore 

[]
Round 5 global test acc  81.3608
Round 5 Fscore 

[]
Round 6 global test acc  84.0412
Round 6 Fscore 

[]
Round 7 global test acc  25.4742
Round 7 Fscore 

[]
Round 8 global test acc  82.3814
Round 8 Fscore 

[]
Round 9 global test acc  88.3093
Round 9 Fscore 

[]
Round 10 global test acc  91.6392
Round 10 Fscore 

[]
Round 11 global test acc  91.0412
Round 11 Fscore 

[]
Round 12 global test acc  91.9278
Round 12 Fscore 

[]
Round 13 global test acc  93.8247
Round 13 Fscore 

[]
Round 14 global test acc  68.3505
Round 14 Fscore 

[]
Round 15 global test acc  90.5361
Round 15 Fscore 

[]
Round 16 global test acc  74.8969
Round 16 Fscore 

[]
Round 17 global test acc  86.4227
Round 17 Fscore 

[]
Round 18 global test acc  89.1959
Round 18 Fscore 

[]
Round 19 global test acc  91.9485
Round 19 Fscore 

[]
Round 20 global test acc  94.4330
Round 20 Fscore 

[]
Round 21 global test acc  95.0309
Round 21 Fscore 

[]
Round 22 global test acc  95.1237
Round 22 Fscore 

[]
Round 23 global test acc  89.5567
Round 23 Fscore 

[]
Round 24 global test acc  91.9175
Round 24 Fscore 

[]
Round 25 global test acc  95.3402
Round 25 Fscore 

[]
Round 26 global test acc  94.5979
Round 26 Fscore 

[]
Round 27 global test acc  95.4639
Round 27 Fscore 

[]
Round 28 global test acc  95.8351
Round 28 Fscore 

[]
Round 29 global test acc  96.1031
Round 29 Fscore 

[]
Round 30 global test acc  94.6804
Round 30 Fscore 

[]
Round 31 global test acc  93.4536
Round 31 Fscore 

[]
Round 32 global test acc  85.7113
Round 32 Fscore 

[]
Round 33 global test acc  95.9588
Round 33 Fscore 

[]
Round 34 global test acc  96.2680
Round 34 Fscore 

[]
Round 35 global test acc  95.4433
Round 35 Fscore 

[]
Round 36 global test acc  83.6907
Round 36 Fscore 

[]
Round 37 global test acc  95.6598
Round 37 Fscore 

[]
Round 38 global test acc  95.2680
Round 38 Fscore 

[]
Round 39 global test acc  95.6392
Round 39 Fscore 

[]
Round 40 global test acc  95.4227
Round 40 Fscore 

[]
Round 41 global test acc  95.4021
Round 41 Fscore 

[]
Round 42 global test acc  96.0000
Round 42 Fscore 

[]
Round 43 global test acc  96.3299
Round 43 Fscore 

[]
Round 44 global test acc  96.3814
Round 44 Fscore 

[]
Round 45 global test acc  87.9588
Round 45 Fscore 

[]
Round 46 global test acc  94.9072
Round 46 Fscore 

[]
Round 47 global test acc  94.8454
Round 47 Fscore 

[]
Round 48 global test acc  96.2062
Round 48 Fscore 

[]
Round 49 global test acc  94.6598
Round 49 Fscore 

[]
Round 50 global test acc  95.0722
Round 50 Fscore 

[]
Round 51 global test acc  94.2990
Round 51 Fscore 

[]
Round 52 global test acc  96.2062
Round 52 Fscore 

[]
Round 53 global test acc  95.6186
Round 53 Fscore 

[]
Round 54 global test acc  95.9278
Round 54 Fscore 

[]
Round 55 global test acc  91.4639
Round 55 Fscore 

[]
Round 56 global test acc  93.6495
Round 56 Fscore 

[]
Round 57 global test acc  96.6598
Round 57 Fscore 

[]
Round 58 global test acc  96.1546
Round 58 Fscore 

[]
Round 59 global test acc  96.5670
Round 59 Fscore 

[]
Round 60 global test acc  94.7216
Round 60 Fscore 

[]
Round 61 global test acc  95.8763
Round 61 Fscore 

[]
Round 62 global test acc  86.9175
Round 62 Fscore 

[]
Round 63 global test acc  96.6392
Round 63 Fscore 

[]
Round 64 global test acc  95.2474
Round 64 Fscore 

[]
Round 65 global test acc  96.4536
Round 65 Fscore 

[]
Round 66 global test acc  96.6907
Round 66 Fscore 

[]
Round 67 global test acc  96.7113
Round 67 Fscore 

[]
Round 68 global test acc  96.8969
Round 68 Fscore 

[]
Round 69 global test acc  96.7629
Round 69 Fscore 

[]
Round 70 global test acc  96.9588
Round 70 Fscore 

[]
Round 71 global test acc  93.1443
Round 71 Fscore 

[]
Round 72 global test acc  96.4845
Round 72 Fscore 

[]
Round 73 global test acc  96.5361
Round 73 Fscore 

[]
Round 74 global test acc  96.8866
Round 74 Fscore 

[]
Round 75 global test acc  94.8557
Round 75 Fscore 

[]
Round 76 global test acc  96.5876
Round 76 Fscore 

[]
Round 77 global test acc  96.5670
Round 77 Fscore 

[]
Round 78 global test acc  96.9381
Round 78 Fscore 

[]
Round 79 global test acc  91.4948
Round 79 Fscore 

[]
Round 80 global test acc  96.7629
Round 80 Fscore 

[]
Round 81 global test acc  96.8351
Round 81 Fscore 

[]
Round 82 global test acc  96.6082
Round 82 Fscore 

[]
Round 83 global test acc  97.0206
Round 83 Fscore 

[]
Round 84 global test acc  96.1031
Round 84 Fscore 

[]
Round 85 global test acc  95.6907
Round 85 Fscore 

[]
Round 86 global test acc  96.5052
Round 86 Fscore 

[]
Round 87 global test acc  96.9794
Round 87 Fscore 

[]
Round 88 global test acc  97.1546
Round 88 Fscore 

[]
Round 89 global test acc  35.5670
Round 89 Fscore 

[]
Round 90 global test acc  91.1546
Round 90 Fscore 

[]
Round 91 global test acc  96.3402
Round 91 Fscore 

[]
Round 92 global test acc  96.3814
Round 92 Fscore 

[]
Round 93 global test acc  96.2680
Round 93 Fscore 

[]
Round 94 global test acc  96.3608
Round 94 Fscore 

[]
Round 95 global test acc  96.0206
Round 95 Fscore 

[]
Round 96 global test acc  93.4536
Round 96 Fscore 

[]
Round 97 global test acc  95.7320
Round 97 Fscore 

[]
Round 98 global test acc  96.7113
Round 98 Fscore 

[]
Round 99 global test acc  95.5670
Round 99 Fscore 

[]
Round 100 global test acc  96.5052
Round 100 Fscore 

[]
Round 101 global test acc  96.2887
Round 101 Fscore 

[]
Round 102 global test acc  96.4639
Round 102 Fscore 

[]
Round 103 global test acc  95.8144
Round 103 Fscore 

[]
Round 104 global test acc  96.3093
Round 104 Fscore 

[]
Round 105 global test acc  96.5567
Round 105 Fscore 

[]
Round 106 global test acc  96.2577
Round 106 Fscore 

[]
Round 107 global test acc  96.6289
Round 107 Fscore 

[]
Round 108 global test acc  96.3402
Round 108 Fscore 

[]
Round 109 global test acc  97.0722
Round 109 Fscore 

[]
Round 110 global test acc  96.8969
Round 110 Fscore 

[]
Round 111 global test acc  96.4845
Round 111 Fscore 

[]
Round 112 global test acc  96.2784
Round 112 Fscore 

[]
Round 113 global test acc  95.8454
Round 113 Fscore 

[]
Round 114 global test acc  96.2371
Round 114 Fscore 

[]
Round 115 global test acc  97.1856
Round 115 Fscore 

[]
Round 116 global test acc  97.0412
Round 116 Fscore 

[]
Round 117 global test acc  96.4845
Round 117 Fscore 

[]
Round 118 global test acc  96.7629
Round 118 Fscore 

[]
Round 119 global test acc  96.1959
Round 119 Fscore 

[]
Round 120 global test acc  96.7732
Round 120 Fscore 

[]
Round 121 global test acc  95.0412
Round 121 Fscore 

[]
Round 122 global test acc  96.5979
Round 122 Fscore 

[]
Round 123 global test acc  96.8454
Round 123 Fscore 

[]
Round 124 global test acc  96.7526
Round 124 Fscore 

[]
Round 125 global test acc  96.8969
Round 125 Fscore 

[]
Round 126 global test acc  96.3608
Round 126 Fscore 

[]
Round 127 global test acc  96.8763
Round 127 Fscore 

[]
Round 128 global test acc  96.5567
Round 128 Fscore 

[]
Round 129 global test acc  96.3093
Round 129 Fscore 

[]
Round 130 global test acc  92.4742
Round 130 Fscore 

[]
Round 131 global test acc  95.3918
Round 131 Fscore 

[]
Round 132 global test acc  96.8969
Round 132 Fscore 

[]
Round 133 global test acc  96.5979
Round 133 Fscore 

[]
Round 134 global test acc  96.7216
Round 134 Fscore 

[]
Round 135 global test acc  95.9072
Round 135 Fscore 

[]
Round 136 global test acc  96.8041
Round 136 Fscore 

[]
Round 137 global test acc  96.8351
Round 137 Fscore 

[]
Round 138 global test acc  95.5670
Round 138 Fscore 

[]
Round 139 global test acc  96.8660
Round 139 Fscore 

[]
Round 140 global test acc  96.8144
Round 140 Fscore 

[]
Round 141 global test acc  97.2062
Round 141 Fscore 

[]
Round 142 global test acc  96.9691
Round 142 Fscore 

[]
Round 143 global test acc  96.9794
Round 143 Fscore 

[]
Round 144 global test acc  96.8866
Round 144 Fscore 

[]
Round 145 global test acc  97.0309
Round 145 Fscore 

[]
Round 146 global test acc  96.7629
Round 146 Fscore 

[]
Round 147 global test acc  97.0412
Round 147 Fscore 

[]
Round 148 global test acc  96.9691
Round 148 Fscore 

[]
Round 149 global test acc  96.8351
Round 149 Fscore 

[]
Round 150 global test acc  96.8454
Round 150 Fscore 

[]
Round 151 global test acc  97.1443
Round 151 Fscore 

[]
Round 152 global test acc  96.9691
Round 152 Fscore 

[]
Round 153 global test acc  97.0000
Round 153 Fscore 

[]
Round 154 global test acc  94.9485
Round 154 Fscore 

[]
Round 155 global test acc  96.8660
Round 155 Fscore 

[]
Round 156 global test acc  97.0825
Round 156 Fscore 

[]
Round 157 global test acc  96.6907
Round 157 Fscore 

[]
Round 158 global test acc  96.8660
Round 158 Fscore 

[]
Round 159 global test acc  96.9072
Round 159 Fscore 

[]
Round 160 global test acc  96.5361
Round 160 Fscore 

[]
Round 161 global test acc  97.0309
Round 161 Fscore 

[]
Round 162 global test acc  96.9381
Round 162 Fscore 

[]
Round 163 global test acc  97.1031
Round 163 Fscore 

[]
Round 164 global test acc  97.0619
Round 164 Fscore 

[]
Round 165 global test acc  96.0722
Round 165 Fscore 

[]
Round 166 global test acc  92.4639
Round 166 Fscore 

[]
Round 167 global test acc  96.4433
Round 167 Fscore 

[]
Round 168 global test acc  96.8660
Round 168 Fscore 

[]
Round 169 global test acc  96.7629
Round 169 Fscore 

[]
Round 170 global test acc  97.0928
Round 170 Fscore 

[]
Round 171 global test acc  97.3918
Round 171 Fscore 

[]
Round 172 global test acc  97.2371
Round 172 Fscore 

[]
Round 173 global test acc  96.8557
Round 173 Fscore 

[]
Round 174 global test acc  92.5876
Round 174 Fscore 

[]
Round 175 global test acc  97.0103
Round 175 Fscore 

[]
Round 176 global test acc  97.0000
Round 176 Fscore 

[]
Round 177 global test acc  97.2268
Round 177 Fscore 

[]
Round 178 global test acc  96.9897
Round 178 Fscore 

[]
Round 179 global test acc  96.9175
Round 179 Fscore 

[]
Round 180 global test acc  97.0206
Round 180 Fscore 

[]
Round 181 global test acc  97.1031
Round 181 Fscore 

[]
Round 182 global test acc  90.6289
Round 182 Fscore 

[]
Round 183 global test acc  96.2371
Round 183 Fscore 

[]
Round 184 global test acc  96.8660
Round 184 Fscore 

[]
Round 185 global test acc  96.7320
Round 185 Fscore 

[]
Round 186 global test acc  97.0515
Round 186 Fscore 

[]
Round 187 global test acc  96.8247
Round 187 Fscore 

[]
Round 188 global test acc  97.1237
Round 188 Fscore 

[]
Round 189 global test acc  96.8454
Round 189 Fscore 

[]
Round 190 global test acc  97.0206
Round 190 Fscore 

[]
Round 191 global test acc  96.4021
Round 191 Fscore 

[]
Round 192 global test acc  96.9175
Round 192 Fscore 

[]
Round 193 global test acc  97.1031
Round 193 Fscore 

[]
Round 194 global test acc  96.8763
Round 194 Fscore 

[]
Round 195 global test acc  97.0206
Round 195 Fscore 

[]
Round 196 global test acc  97.2165
Round 196 Fscore 

[]
Round 197 global test acc  97.2577
Round 197 Fscore 

[]
Round 198 global test acc  96.8763
Round 198 Fscore 

[]
Round 199 global test acc  96.9897
Round 199 Fscore 

[0.9999999403953552, 1.0, 1.0, 1.0, 1.0, 1.0, 1.0, 1.0, 0.9999999403953552, 1.0, 1.0, 1.0, 1.0, 1.0, 1.0, 1.0, 1.0, 1.0, 1.0, 1.0, 0.9991862773895264, 1.0, 1.0, 1.0, 1.0, 0.9970501065254211, 1.0, 1.0, 1.0, 1.0, 1.0, 1.0, 1.0, 1.0, 1.0, 1.0, 0.9980353116989136, 1.0, 1.0, 1.0, 0.9999999403953552, 1.0, 1.0, 1.0, 1.0, 1.0, 0.9992758631706238, 1.0, 0.9999999403953552, 1.0, 1.0, 1.0, 1.0, 1.0, 1.0, 1.0, 1.0, 1.0, 0.997732400894165, 1.0, 1.0, 1.0, 1.0, 1.0, 1.0, 1.0, 0.9999999403953552, 1.0, 0.9999999403953552, 1.0, 1.0, 1.0, 1.0, 1.0, 1.0, 0.9989847540855408, 1.0, 1.0, 1.0, 1.0, 1.0, 0.9999999403953552, 1.0, 1.0, 1.0, 1.0, 1.0, 1.0, 1.0, 0.998745322227478, 1.0, 1.0, 1.0, 1.0, 1.0, 1.0, 1.0, 1.0, 1.0, 1.0]
time : 1052.4607458114624
('algorithm', 'MR')
('gpu', 0)
('seed', 13)
('save_dir', './record/')
('rounds2', 200)
('local_ep', 5)
('frac2', 0.1)
('num_users', 100)
('local_bs', 32)
('lr', 0.1)
('model', 'lenet')
('num_classes', 10)
('level_n_system', 0.0)
('level_n_lowerb', 0.0)
('alpha_dirichlet', 10)
('non_iid_prob_class', 0.5)
('dataset', 'mnist')
('iid', False)
('LID_k', 20)
('iteration1', 5)
('rounds1', 200)
('frac1', 0.01)
('pretrained', False)
('mixup', False)
('alpha', 1)
('beta', 5)
('relabel_ratio', 0.5)
('confidence_thres', 0.5)
('clean_set_thres', 0.1)
('fine_tuning', True)
('correction', True)
('T_pl', 100)
('lambda_cen', 1.0)
('lambda_e', 0.8)
('num_gradual', 10)
('forget_rate', 0.2)
('lr_decay', 0.1)
('schedule', [])
('momentum', 0.5)
('weight_decay', 0.0001)
('feature_dim', 128)
('plr', 0.1)
('lamda', 15)
('K', 5)
('gamma', 1)
('begin_sel', 10)
('max_beta', 2)
('mu', 0.01)
('device', device(type='cuda', index=0))
Round 0 global test acc  38.7835
Round 0 Fscore 

[]
Round 1 global test acc  61.4227
Round 1 Fscore 

[]
Round 2 global test acc  18.6495
Round 2 Fscore 

[]
Round 3 global test acc  73.5464
Round 3 Fscore 

[]
Round 4 global test acc  66.6289
Round 4 Fscore 

[]
Round 5 global test acc  83.3918
Round 5 Fscore 

[]
Round 6 global test acc  87.7010
Round 6 Fscore 

[]
Round 7 global test acc  84.8351
Round 7 Fscore 

[]
Round 8 global test acc  76.8041
Round 8 Fscore 

[]
Round 9 global test acc  80.4124
Round 9 Fscore 

[]
Round 10 global test acc  91.3402
Round 10 Fscore 

[]
Round 11 global test acc  91.0928
Round 11 Fscore 

[]
Round 12 global test acc  89.5052
Round 12 Fscore 

[]
Round 13 global test acc  84.8557
Round 13 Fscore 

[]
Round 14 global test acc  91.9381
Round 14 Fscore 

[]
Round 15 global test acc  92.2577
Round 15 Fscore 

[]
Round 16 global test acc  92.0412
Round 16 Fscore 

[]
Round 17 global test acc  91.4639
Round 17 Fscore 

[]
Round 18 global test acc  93.8866
Round 18 Fscore 

[]
Round 19 global test acc  94.1753
Round 19 Fscore 

[]
Round 20 global test acc  93.8660
Round 20 Fscore 

[]
Round 21 global test acc  95.1340
Round 21 Fscore 

[]
Round 22 global test acc  95.6082
Round 22 Fscore 

[]
Round 23 global test acc  93.8557
Round 23 Fscore 

[]
Round 24 global test acc  94.8557
Round 24 Fscore 

[]
Round 25 global test acc  95.6804
Round 25 Fscore 

[]
Round 26 global test acc  94.1443
Round 26 Fscore 

[]
Round 27 global test acc  94.0619
Round 27 Fscore 

[]
Round 28 global test acc  91.5773
Round 28 Fscore 

[]
Round 29 global test acc  95.5670
Round 29 Fscore 

[]
Round 30 global test acc  95.9278
Round 30 Fscore 

[]
Round 31 global test acc  96.3196
Round 31 Fscore 

[]
Round 32 global test acc  95.7526
Round 32 Fscore 

[]
Round 33 global test acc  96.0206
Round 33 Fscore 

[]
Round 34 global test acc  96.1237
Round 34 Fscore 

[]
Round 35 global test acc  95.9691
Round 35 Fscore 

[]
Round 36 global test acc  94.0103
Round 36 Fscore 

[]
Round 37 global test acc  94.2474
Round 37 Fscore 

[]
Round 38 global test acc  95.7732
Round 38 Fscore 

[]
Round 39 global test acc  96.4330
Round 39 Fscore 

[]
Round 40 global test acc  96.4845
Round 40 Fscore 

[]
Round 41 global test acc  95.9278
Round 41 Fscore 

[]
Round 42 global test acc  82.3505
Round 42 Fscore 

[]
Round 43 global test acc  83.2474
Round 43 Fscore 

[]
Round 44 global test acc  94.9691
Round 44 Fscore 

[]
Round 45 global test acc  95.7423
Round 45 Fscore 

[]
Round 46 global test acc  96.3299
Round 46 Fscore 

[]
Round 47 global test acc  96.0309
Round 47 Fscore 

[]
Round 48 global test acc  96.3402
Round 48 Fscore 

[]
Round 49 global test acc  95.2268
Round 49 Fscore 

[]
Round 50 global test acc  95.2990
Round 50 Fscore 

[]
Round 51 global test acc  96.0722
Round 51 Fscore 

[]
Round 52 global test acc  95.9485
Round 52 Fscore 

[]
Round 53 global test acc  95.7113
Round 53 Fscore 

[]
Round 54 global test acc  96.1340
Round 54 Fscore 

[]
Round 55 global test acc  96.4330
Round 55 Fscore 

[]
Round 56 global test acc  96.1753
Round 56 Fscore 

[]
Round 57 global test acc  96.5773
Round 57 Fscore 

[]
Round 58 global test acc  96.0722
Round 58 Fscore 

[]
Round 59 global test acc  95.3608
Round 59 Fscore 

[]
Round 60 global test acc  95.8660
Round 60 Fscore 

[]
Round 61 global test acc  96.6495
Round 61 Fscore 

[]
Round 62 global test acc  96.6186
Round 62 Fscore 

[]
Round 63 global test acc  96.5464
Round 63 Fscore 

[]
Round 64 global test acc  96.7320
Round 64 Fscore 

[]
Round 65 global test acc  96.6598
Round 65 Fscore 

[]
Round 66 global test acc  96.9485
Round 66 Fscore 

[]
Round 67 global test acc  96.4433
Round 67 Fscore 

[]
Round 68 global test acc  97.1340
Round 68 Fscore 

[]
Round 69 global test acc  96.5361
Round 69 Fscore 

[]
Round 70 global test acc  96.9897
Round 70 Fscore 

[]
Round 71 global test acc  96.8144
Round 71 Fscore 

[]
Round 72 global test acc  96.9278
Round 72 Fscore 

[]
Round 73 global test acc  96.8247
Round 73 Fscore 

[]
Round 74 global test acc  96.9588
Round 74 Fscore 

[]
Round 75 global test acc  90.0722
Round 75 Fscore 

[]
Round 76 global test acc  96.9278
Round 76 Fscore 

[]
Round 77 global test acc  96.9485
Round 77 Fscore 

[]
Round 78 global test acc  97.0000
Round 78 Fscore 

[]
Round 79 global test acc  96.7938
Round 79 Fscore 

[]
Round 80 global test acc  97.2268
Round 80 Fscore 

[]
Round 81 global test acc  97.1649
Round 81 Fscore 

[]
Round 82 global test acc  96.7526
Round 82 Fscore 

[]
Round 83 global test acc  97.0928
Round 83 Fscore 

[]
Round 84 global test acc  97.0103
Round 84 Fscore 

[]
Round 85 global test acc  96.5876
Round 85 Fscore 

[]
Round 86 global test acc  97.1649
Round 86 Fscore 

[]
Round 87 global test acc  97.1546
Round 87 Fscore 

[]
Round 88 global test acc  96.8660
Round 88 Fscore 

[]
Round 89 global test acc  97.0825
Round 89 Fscore 

[]
Round 90 global test acc  97.4227
Round 90 Fscore 

[]
Round 91 global test acc  97.2577
Round 91 Fscore 

[]
Round 92 global test acc  97.1856
Round 92 Fscore 

[]
Round 93 global test acc  96.8866
Round 93 Fscore 

[]
Round 94 global test acc  96.7629
Round 94 Fscore 

[]
Round 95 global test acc  96.8454
Round 95 Fscore 

[]
Round 96 global test acc  95.9897
Round 96 Fscore 

[]
Round 97 global test acc  96.7113
Round 97 Fscore 

[]
Round 98 global test acc  96.7320
Round 98 Fscore 

[]
Round 99 global test acc  96.8866
Round 99 Fscore 

[]
Round 100 global test acc  97.1546
Round 100 Fscore 

[]
Round 101 global test acc  97.1649
Round 101 Fscore 

[]
Round 102 global test acc  97.3918
Round 102 Fscore 

[]
Round 103 global test acc  91.6082
Round 103 Fscore 

[]
Round 104 global test acc  97.2887
Round 104 Fscore 

[]
Round 105 global test acc  96.7113
Round 105 Fscore 

[]
Round 106 global test acc  96.8247
Round 106 Fscore 

[]
Round 107 global test acc  97.0722
Round 107 Fscore 

[]
Round 108 global test acc  97.2784
Round 108 Fscore 

[]
Round 109 global test acc  97.3711
Round 109 Fscore 

[]
Round 110 global test acc  97.3711
Round 110 Fscore 

[]
Round 111 global test acc  96.7938
Round 111 Fscore 

[]
Round 112 global test acc  96.8041
Round 112 Fscore 

[]
Round 113 global test acc  96.7938
Round 113 Fscore 

[]
Round 114 global test acc  97.1134
Round 114 Fscore 

[]
Round 115 global test acc  97.5464
Round 115 Fscore 

[]
Round 116 global test acc  97.2784
Round 116 Fscore 

[]
Round 117 global test acc  97.0103
Round 117 Fscore 

[]
Round 118 global test acc  96.9691
Round 118 Fscore 

[]
Round 119 global test acc  95.7938
Round 119 Fscore 

[]
Round 120 global test acc  97.1753
Round 120 Fscore 

[]
Round 121 global test acc  97.4021
Round 121 Fscore 

[]
Round 122 global test acc  97.2371
Round 122 Fscore 

[]
Round 123 global test acc  97.1753
Round 123 Fscore 

[]
Round 124 global test acc  96.8866
Round 124 Fscore 

[]
Round 125 global test acc  97.0825
Round 125 Fscore 

[]
Round 126 global test acc  97.2268
Round 126 Fscore 

[]
Round 127 global test acc  97.2268
Round 127 Fscore 

[]
Round 128 global test acc  96.9381
Round 128 Fscore 

[]
Round 129 global test acc  96.6495
Round 129 Fscore 

[]
Round 130 global test acc  96.9794
Round 130 Fscore 

[]
Round 131 global test acc  96.8763
Round 131 Fscore 

[]
Round 132 global test acc  97.3711
Round 132 Fscore 

[]
Round 133 global test acc  97.3505
Round 133 Fscore 

[]
Round 134 global test acc  97.2268
Round 134 Fscore 

[]
Round 135 global test acc  97.0515
Round 135 Fscore 

[]
Round 136 global test acc  97.1134
Round 136 Fscore 

[]
Round 137 global test acc  97.2062
Round 137 Fscore 

[]
Round 138 global test acc  97.3711
Round 138 Fscore 

[]
Round 139 global test acc  97.1856
Round 139 Fscore 

[]
Round 140 global test acc  97.2784
Round 140 Fscore 

[]
Round 141 global test acc  97.4433
Round 141 Fscore 

[]
Round 142 global test acc  97.3402
Round 142 Fscore 

[]
Round 143 global test acc  97.3402
Round 143 Fscore 

[]
Round 144 global test acc  97.2371
Round 144 Fscore 

[]
Round 145 global test acc  96.9897
Round 145 Fscore 

[]
Round 146 global test acc  97.2680
Round 146 Fscore 

[]
Round 147 global test acc  97.3093
Round 147 Fscore 

[]
Round 148 global test acc  96.5361
Round 148 Fscore 

[]
Round 149 global test acc  91.0722
Round 149 Fscore 

[]
Round 150 global test acc  96.3402
Round 150 Fscore 

[]
Round 151 global test acc  96.8557
Round 151 Fscore 

[]
Round 152 global test acc  96.9485
Round 152 Fscore 

[]
Round 153 global test acc  97.0515
Round 153 Fscore 

[]
Round 154 global test acc  97.0722
Round 154 Fscore 

[]
Round 155 global test acc  97.2165
Round 155 Fscore 

[]
Round 156 global test acc  97.3711
Round 156 Fscore 

[]
Round 157 global test acc  96.7938
Round 157 Fscore 

[]
Round 158 global test acc  96.9278
Round 158 Fscore 

[]
Round 159 global test acc  97.0000
Round 159 Fscore 

[]
Round 160 global test acc  97.0515
Round 160 Fscore 

[]
Round 161 global test acc  97.4227
Round 161 Fscore 

[]
Round 162 global test acc  97.2577
Round 162 Fscore 

[]
Round 163 global test acc  97.4742
Round 163 Fscore 

[]
Round 164 global test acc  97.3196
Round 164 Fscore 

[]
Round 165 global test acc  97.3093
Round 165 Fscore 

[]
Round 166 global test acc  97.4433
Round 166 Fscore 

[]
Round 167 global test acc  97.3608
Round 167 Fscore 

[]
Round 168 global test acc  97.4330
Round 168 Fscore 

[]
Round 169 global test acc  97.2990
Round 169 Fscore 

[]
Round 170 global test acc  97.4124
Round 170 Fscore 

[]
Round 171 global test acc  94.3505
Round 171 Fscore 

[]
Round 172 global test acc  97.1134
Round 172 Fscore 

[]
Round 173 global test acc  97.1031
Round 173 Fscore 

[]
Round 174 global test acc  97.2577
Round 174 Fscore 

[]
Round 175 global test acc  97.3814
Round 175 Fscore 

[]
Round 176 global test acc  97.2062
Round 176 Fscore 

[]
Round 177 global test acc  97.5052
Round 177 Fscore 

[]
Round 178 global test acc  91.1546
Round 178 Fscore 

[]
Round 179 global test acc  97.1134
Round 179 Fscore 

[]
Round 180 global test acc  96.8660
Round 180 Fscore 

[]
Round 181 global test acc  15.8763
Round 181 Fscore 

[]
Round 182 global test acc  90.5258
Round 182 Fscore 

[]
Round 183 global test acc  95.5258
Round 183 Fscore 

[]
Round 184 global test acc  95.6804
Round 184 Fscore 

[]
Round 185 global test acc  84.8454
Round 185 Fscore 

[]
Round 186 global test acc  95.6907
Round 186 Fscore 

[]
Round 187 global test acc  96.4742
Round 187 Fscore 

[]
Round 188 global test acc  95.6907
Round 188 Fscore 

[]
Round 189 global test acc  96.6082
Round 189 Fscore 

[]
Round 190 global test acc  96.7629
Round 190 Fscore 

[]
Round 191 global test acc  96.2474
Round 191 Fscore 

[]
Round 192 global test acc  96.5979
Round 192 Fscore 

[]
Round 193 global test acc  96.9175
Round 193 Fscore 

[]
Round 194 global test acc  96.6907
Round 194 Fscore 

[]
Round 195 global test acc  96.8144
Round 195 Fscore 

[]
Round 196 global test acc  96.6392
Round 196 Fscore 

[]
Round 197 global test acc  97.1649
Round 197 Fscore 

[]
Round 198 global test acc  96.7216
Round 198 Fscore 

[]
Round 199 global test acc  97.0825
Round 199 Fscore 

[1.0, 1.0, 1.0, 1.0, 1.0, 0.9999999403953552, 1.0, 1.0, 0.9979296326637268, 0.9999999403953552, 0.9989827275276184, 1.0, 1.0, 1.0, 1.0, 1.0, 0.9994579553604126, 0.9999999403953552, 1.0, 1.0, 0.9991862773895264, 1.0, 1.0, 1.0, 1.0, 1.0, 1.0, 1.0, 1.0, 1.0, 1.0, 1.0, 0.9987966418266296, 1.0, 1.0, 1.0, 1.0, 1.0, 0.9989372491836548, 1.0, 0.9999999403953552, 1.0, 1.0, 1.0, 1.0, 1.0, 1.0, 1.0, 1.0, 1.0, 0.9991645216941833, 1.0, 1.0, 1.0, 1.0, 1.0, 0.9994093179702759, 1.0, 0.9977426528930664, 1.0, 1.0, 1.0, 1.0, 1.0, 1.0, 1.0, 0.9999999403953552, 1.0, 1.0, 1.0, 1.0, 1.0, 1.0, 1.0, 0.9999999403953552, 0.9980276226997375, 1.0, 1.0, 0.9999999403953552, 1.0, 1.0, 1.0, 1.0, 1.0, 0.9999999403953552, 1.0, 1.0, 1.0, 1.0, 1.0, 1.0, 1.0, 1.0, 1.0, 0.9992406964302063, 1.0, 1.0, 1.0, 0.9999999403953552, 0.9990715384483337]
time : 1016.7659072875977
('algorithm', 'MR')
('gpu', 1)
('seed', 13)
('save_dir', './record/')
('rounds2', 200)
('local_ep', 5)
('frac2', 0.1)
('num_users', 100)
('local_bs', 32)
('lr', 0.1)
('model', 'lenet')
('num_classes', 10)
('level_n_system', 0.0)
('level_n_lowerb', 0.0)
('alpha_dirichlet', 10)
('non_iid_prob_class', 0.5)
('dataset', 'mnist')
('iid', False)
('LID_k', 20)
('iteration1', 5)
('rounds1', 200)
('frac1', 0.01)
('pretrained', False)
('mixup', False)
('alpha', 1)
('beta', 5)
('relabel_ratio', 0.5)
('confidence_thres', 0.5)
('clean_set_thres', 0.1)
('fine_tuning', True)
('correction', True)
('T_pl', 100)
('lambda_cen', 1.0)
('lambda_e', 0.8)
('num_gradual', 10)
('forget_rate', 0.2)
('lr_decay', 0.1)
('schedule', [])
('momentum', 0.5)
('weight_decay', 0.0001)
('feature_dim', 128)
('plr', 0.1)
('lamda', 15)
('K', 5)
('gamma', 1)
('begin_sel', 10)
('max_beta', 2)
('mu', 0.01)
('device', device(type='cuda', index=1))
Round 0 global test acc  43.8454
Round 0 Fscore 

[]
Round 1 global test acc  57.3196
Round 1 Fscore 

[]
Round 2 global test acc  53.7113
Round 2 Fscore 

[]
Round 3 global test acc  64.4330
Round 3 Fscore 

[]
Round 4 global test acc  85.4124
Round 4 Fscore 

[]
Round 5 global test acc  83.7526
Round 5 Fscore 

[]
Round 6 global test acc  83.1649
Round 6 Fscore 

[]
Round 7 global test acc  87.2577
Round 7 Fscore 

[]
Round 8 global test acc  87.2268
Round 8 Fscore 

[]
Round 9 global test acc  90.6289
Round 9 Fscore 

[]
Round 10 global test acc  91.9897
Round 10 Fscore 

[]
Round 11 global test acc  93.4021
Round 11 Fscore 

[]
Round 12 global test acc  94.2887
Round 12 Fscore 

[]
Round 13 global test acc  93.9588
Round 13 Fscore 

[]
Round 14 global test acc  93.0309
Round 14 Fscore 

[]
Round 15 global test acc  90.6701
Round 15 Fscore 

[]
Round 16 global test acc  92.5052
Round 16 Fscore 

[]
Round 17 global test acc  88.8660
Round 17 Fscore 

[]
Round 18 global test acc  94.3299
Round 18 Fscore 

[]
Round 19 global test acc  94.7732
Round 19 Fscore 

[]
Round 20 global test acc  83.1546
Round 20 Fscore 

[]
Round 21 global test acc  94.5876
Round 21 Fscore 

[]
Round 22 global test acc  95.1031
Round 22 Fscore 

[]
Round 23 global test acc  94.6495
Round 23 Fscore 

[]
Round 24 global test acc  95.1237
Round 24 Fscore 

[]
Round 25 global test acc  95.7629
Round 25 Fscore 

[]
Round 26 global test acc  95.1237
Round 26 Fscore 

[]
Round 27 global test acc  94.5876
Round 27 Fscore 

[]
Round 28 global test acc  96.1031
Round 28 Fscore 

[]
Round 29 global test acc  94.3402
Round 29 Fscore 

[]
Round 30 global test acc  95.3505
Round 30 Fscore 

[]
Round 31 global test acc  95.9588
Round 31 Fscore 

[]
Round 32 global test acc  95.9794
Round 32 Fscore 

[]
Round 33 global test acc  96.1546
Round 33 Fscore 

[]
Round 34 global test acc  88.4124
Round 34 Fscore 

[]
Round 35 global test acc  94.5670
Round 35 Fscore 

[]
Round 36 global test acc  94.4742
Round 36 Fscore 

[]
Round 37 global test acc  95.4948
Round 37 Fscore 

[]
Round 38 global test acc  95.9072
Round 38 Fscore 

[]
Round 39 global test acc  96.4330
Round 39 Fscore 

[]
Round 40 global test acc  83.9072
Round 40 Fscore 

[]
Round 41 global test acc  95.2887
Round 41 Fscore 

[]
Round 42 global test acc  96.1237
Round 42 Fscore 

[]
Round 43 global test acc  96.2887
Round 43 Fscore 

[]
Round 44 global test acc  89.4330
Round 44 Fscore 

[]
Round 45 global test acc  95.8557
Round 45 Fscore 

[]
Round 46 global test acc  95.3608
Round 46 Fscore 

[]
Round 47 global test acc  96.1546
Round 47 Fscore 

[]
Round 48 global test acc  96.5773
Round 48 Fscore 

[]
Round 49 global test acc  95.3196
Round 49 Fscore 

[]
Round 50 global test acc  95.4948
Round 50 Fscore 

[]
Round 51 global test acc  96.4330
Round 51 Fscore 

[]
Round 52 global test acc  96.2474
Round 52 Fscore 

[]
Round 53 global test acc  95.8041
Round 53 Fscore 

[]
Round 54 global test acc  94.8247
Round 54 Fscore 

[]
Round 55 global test acc  96.0928
Round 55 Fscore 

[]
Round 56 global test acc  96.4536
Round 56 Fscore 

[]
Round 57 global test acc  95.5155
Round 57 Fscore 

[]
Round 58 global test acc  95.7732
Round 58 Fscore 

[]
Round 59 global test acc  96.3608
Round 59 Fscore 

[]
Round 60 global test acc  96.3196
Round 60 Fscore 

[]
Round 61 global test acc  96.5258
Round 61 Fscore 

[]
Round 62 global test acc  96.4433
Round 62 Fscore 

[]
Round 63 global test acc  96.7216
Round 63 Fscore 

[]
Round 64 global test acc  96.5670
Round 64 Fscore 

[]
Round 65 global test acc  95.5876
Round 65 Fscore 

[]
Round 66 global test acc  96.4433
Round 66 Fscore 

[]
Round 67 global test acc  96.4433
Round 67 Fscore 

[]
Round 68 global test acc  96.8763
Round 68 Fscore 

[]
Round 69 global test acc  96.3505
Round 69 Fscore 

[]
Round 70 global test acc  96.7010
Round 70 Fscore 

[]
Round 71 global test acc  95.7010
Round 71 Fscore 

[]
Round 72 global test acc  96.5773
Round 72 Fscore 

[]
Round 73 global test acc  96.2990
Round 73 Fscore 

[]
Round 74 global test acc  96.7010
Round 74 Fscore 

[]
Round 75 global test acc  96.5567
Round 75 Fscore 

[]
Round 76 global test acc  96.6598
Round 76 Fscore 

[]
Round 77 global test acc  96.0412
Round 77 Fscore 

[]
Round 78 global test acc  96.5670
Round 78 Fscore 

[]
Round 79 global test acc  96.5773
Round 79 Fscore 

[]
Round 80 global test acc  96.6701
Round 80 Fscore 

[]
Round 81 global test acc  96.7732
Round 81 Fscore 

[]
Round 82 global test acc  96.8763
Round 82 Fscore 

[]
Round 83 global test acc  96.9175
Round 83 Fscore 

[]
Round 84 global test acc  96.7216
Round 84 Fscore 

[]
Round 85 global test acc  96.5258
Round 85 Fscore 

[]
Round 86 global test acc  96.7938
Round 86 Fscore 

[]
Round 87 global test acc  96.7629
Round 87 Fscore 

[]
Round 88 global test acc  88.5876
Round 88 Fscore 

[]
Round 89 global test acc  94.2990
Round 89 Fscore 

[]
Round 90 global test acc  96.9072
Round 90 Fscore 

[]
Round 91 global test acc  96.8866
Round 91 Fscore 

[]
Round 92 global test acc  96.8866
Round 92 Fscore 

[]
Round 93 global test acc  96.7526
Round 93 Fscore 

[]
Round 94 global test acc  96.6289
Round 94 Fscore 

[]
Round 95 global test acc  96.3402
Round 95 Fscore 

[]
Round 96 global test acc  96.2784
Round 96 Fscore 

[]
Round 97 global test acc  96.3402
Round 97 Fscore 

[]
Round 98 global test acc  96.9278
Round 98 Fscore 

[]
Round 99 global test acc  96.7216
Round 99 Fscore 

[]
Round 100 global test acc  96.7629
Round 100 Fscore 

[]
Round 101 global test acc  97.1134
Round 101 Fscore 

[]
Round 102 global test acc  97.1134
Round 102 Fscore 

[]
Round 103 global test acc  96.5773
Round 103 Fscore 

[]
Round 104 global test acc  97.1340
Round 104 Fscore 

[]
Round 105 global test acc  97.0515
Round 105 Fscore 

[]
Round 106 global test acc  96.9485
Round 106 Fscore 

[]
Round 107 global test acc  97.0412
Round 107 Fscore 

[]
Round 108 global test acc  95.3299
Round 108 Fscore 

[]
Round 109 global test acc  97.1443
Round 109 Fscore 

[]
Round 110 global test acc  96.7835
Round 110 Fscore 

[]
Round 111 global test acc  96.5567
Round 111 Fscore 

[]
Round 112 global test acc  96.7423
Round 112 Fscore 

[]
Round 113 global test acc  96.3299
Round 113 Fscore 

[]
Round 114 global test acc  96.4948
Round 114 Fscore 

[]
Round 115 global test acc  97.1134
Round 115 Fscore 

[]
Round 116 global test acc  97.1753
Round 116 Fscore 

[]
Round 117 global test acc  96.9691
Round 117 Fscore 

[]
Round 118 global test acc  97.2268
Round 118 Fscore 

[]
Round 119 global test acc  97.2577
Round 119 Fscore 

[]
Round 120 global test acc  96.3505
Round 120 Fscore 

[]
Round 121 global test acc  96.8969
Round 121 Fscore 

[]
Round 122 global test acc  96.9485
Round 122 Fscore 

[]
Round 123 global test acc  97.0309
Round 123 Fscore 

[]
Round 124 global test acc  93.6289
Round 124 Fscore 

[]
Round 125 global test acc  96.2268
Round 125 Fscore 

[]
Round 126 global test acc  96.7216
Round 126 Fscore 

[]
Round 127 global test acc  96.7113
Round 127 Fscore 

[]
Round 128 global test acc  96.6289
Round 128 Fscore 

[]
Round 129 global test acc  96.3918
Round 129 Fscore 

[]
Round 130 global test acc  96.6907
Round 130 Fscore 

[]
Round 131 global test acc  96.4433
Round 131 Fscore 

[]
Round 132 global test acc  97.0206
Round 132 Fscore 

[]
Round 133 global test acc  97.0309
Round 133 Fscore 

[]
Round 134 global test acc  96.9381
Round 134 Fscore 

[]
Round 135 global test acc  96.8763
Round 135 Fscore 

[]
Round 136 global test acc  97.2268
Round 136 Fscore 

[]
Round 137 global test acc  97.0103
Round 137 Fscore 

[]
Round 138 global test acc  95.4021
Round 138 Fscore 

[]
Round 139 global test acc  96.9691
Round 139 Fscore 

[]
Round 140 global test acc  96.2887
Round 140 Fscore 

[]
Round 141 global test acc  96.9381
Round 141 Fscore 

[]
Round 142 global test acc  97.1134
Round 142 Fscore 

[]
Round 143 global test acc  97.2474
Round 143 Fscore 

[]
Round 144 global test acc  96.9588
Round 144 Fscore 

[]
Round 145 global test acc  97.3196
Round 145 Fscore 

[]
Round 146 global test acc  97.2062
Round 146 Fscore 

[]
Round 147 global test acc  97.0206
Round 147 Fscore 

[]
Round 148 global test acc  97.1237
Round 148 Fscore 

[]
Round 149 global test acc  97.0103
Round 149 Fscore 

[]
Round 150 global test acc  97.0309
Round 150 Fscore 

[]
Round 151 global test acc  97.4433
Round 151 Fscore 

[]
Round 152 global test acc  96.5876
Round 152 Fscore 

[]
Round 153 global test acc  97.0515
Round 153 Fscore 

[]
Round 154 global test acc  92.7423
Round 154 Fscore 

[]
Round 155 global test acc  96.4845
Round 155 Fscore 

[]
Round 156 global test acc  96.9072
Round 156 Fscore 

[]
Round 157 global test acc  96.8660
Round 157 Fscore 

[]
Round 158 global test acc  96.8351
Round 158 Fscore 

[]
Round 159 global test acc  97.0412
Round 159 Fscore 

[]
Round 160 global test acc  96.8660
Round 160 Fscore 

[]
Round 161 global test acc  96.1340
Round 161 Fscore 

[]
Round 162 global test acc  96.8557
Round 162 Fscore 

[]
Round 163 global test acc  97.3608
Round 163 Fscore 

[]
Round 164 global test acc  97.2165
Round 164 Fscore 

[]
Round 165 global test acc  97.3608
Round 165 Fscore 

[]
Round 166 global test acc  97.0619
Round 166 Fscore 

[]
Round 167 global test acc  97.2784
Round 167 Fscore 

[]
Round 168 global test acc  83.8660
Round 168 Fscore 

[]
Round 169 global test acc  92.9588
Round 169 Fscore 

[]
Round 170 global test acc  96.3918
Round 170 Fscore 

[]
Round 171 global test acc  97.0206
Round 171 Fscore 

[]
Round 172 global test acc  97.0309
Round 172 Fscore 

[]
Round 173 global test acc  95.8247
Round 173 Fscore 

[]
Round 174 global test acc  95.9588
Round 174 Fscore 

[]
Round 175 global test acc  96.9794
Round 175 Fscore 

[]
Round 176 global test acc  96.9381
Round 176 Fscore 

[]
Round 177 global test acc  97.2165
Round 177 Fscore 

[]
Round 178 global test acc  96.9381
Round 178 Fscore 

[]
Round 179 global test acc  97.0000
Round 179 Fscore 

[]
Round 180 global test acc  97.2990
Round 180 Fscore 

[]
Round 181 global test acc  97.1649
Round 181 Fscore 

[]
Round 182 global test acc  97.0722
Round 182 Fscore 

[]
Round 183 global test acc  97.3505
Round 183 Fscore 

[]
Round 184 global test acc  97.2474
Round 184 Fscore 

[]
Round 185 global test acc  97.0722
Round 185 Fscore 

[]
Round 186 global test acc  97.1134
Round 186 Fscore 

[]
Round 187 global test acc  97.0825
Round 187 Fscore 

[]
Round 188 global test acc  97.0309
Round 188 Fscore 

[]
Round 189 global test acc  97.2474
Round 189 Fscore 

[]
Round 190 global test acc  97.3196
Round 190 Fscore 

[]
Round 191 global test acc  96.9278
Round 191 Fscore 

[]
Round 192 global test acc  97.2474
Round 192 Fscore 

[]
Round 193 global test acc  97.3608
Round 193 Fscore 

[]
Round 194 global test acc  96.8454
Round 194 Fscore 

[]
Round 195 global test acc  96.3196
Round 195 Fscore 

[]
Round 196 global test acc  97.0722
Round 196 Fscore 

[]
Round 197 global test acc  97.4227
Round 197 Fscore 

[]
Round 198 global test acc  96.9072
Round 198 Fscore 

[]
Round 199 global test acc  97.2371
Round 199 Fscore 

[0.9999999403953552, 0.9999999403953552, 1.0, 1.0, 1.0, 1.0, 1.0, 0.9999999403953552, 1.0, 1.0, 1.0, 1.0, 1.0, 1.0, 0.9999999403953552, 0.9999999403953552, 0.9994562268257141, 1.0, 1.0, 1.0, 1.0, 1.0, 1.0, 1.0, 0.9991312026977539, 0.9942196607589722, 1.0, 1.0, 1.0, 1.0, 0.9984201788902283, 1.0, 1.0, 1.0, 1.0, 1.0, 0.9980276226997375, 1.0, 1.0, 1.0, 0.9999999403953552, 1.0, 1.0, 1.0, 1.0, 1.0, 1.0, 0.9999999403953552, 1.0, 1.0, 1.0, 0.9985775351524353, 1.0, 1.0, 0.9999999403953552, 1.0, 1.0, 1.0, 0.9999999403953552, 1.0, 0.9999999403953552, 1.0, 1.0, 1.0, 1.0, 1.0, 0.9999999403953552, 1.0, 0.9999999403953552, 1.0, 1.0, 1.0, 1.0, 1.0, 1.0, 1.0, 1.0, 1.0, 1.0, 1.0, 1.0, 1.0, 0.9999999403953552, 1.0, 1.0, 0.9989484548568726, 1.0, 1.0, 1.0, 1.0, 1.0, 1.0, 1.0, 1.0, 1.0, 1.0, 1.0, 1.0, 1.0, 1.0]
time : 1774.9308676719666
