('algorithm', 'RFL')
('gpu', 0)
('seed', 13)
('save_dir', './record/')
('rounds2', 200)
('local_ep', 5)
('frac2', 0.1)
('num_users', 100)
('local_bs', 32)
('lr', 0.1)
('model', 'lenet')
('num_classes', 10)
('level_n_system', 0.0)
('level_n_lowerb', 0.0)
('alpha_dirichlet', 10)
('non_iid_prob_class', 0.5)
('dataset', 'mnist')
('iid', False)
('LID_k', 20)
('iteration1', 5)
('rounds1', 200)
('frac1', 0.01)
('pretrained', False)
('mixup', False)
('alpha', 1)
('beta', 5)
('relabel_ratio', 0.5)
('confidence_thres', 0.5)
('clean_set_thres', 0.1)
('fine_tuning', True)
('correction', True)
('T_pl', 100)
('lambda_cen', 1.0)
('lambda_e', 0.8)
('num_gradual', 10)
('forget_rate', 0.2)
('lr_decay', 0.1)
('schedule', [])
('momentum', 0.5)
('weight_decay', 0.0001)
('feature_dim', 128)
('plr', 0.1)
('lamda', 15)
('K', 1)
('gamma', 1)
('begin_sel', 10)
('max_beta', 2)
('mu', 0.01)
('device', device(type='cuda', index=0))
LeNet(
  (conv1): Conv2d(1, 6, kernel_size=(5, 5), stride=(1, 1))
  (conv2): Conv2d(6, 16, kernel_size=(5, 5), stride=(1, 1))
  (batch_norm): BatchNorm2d(16, eps=1e-05, momentum=0.1, affine=True, track_running_stats=True)
  (fc1): Linear(in_features=400, out_features=120, bias=True)
  (fc2): Linear(in_features=120, out_features=84, bias=True)
  (fc3): Linear(in_features=84, out_features=10, bias=True)
)
Round 0 global test acc  38.0800
Round 1 global test acc  73.9900
Round 2 global test acc  70.7000
Round 3 global test acc  75.1900
Round 4 global test acc  82.1600
Round 5 global test acc  86.7200
Round 6 global test acc  80.9100
Round 7 global test acc  61.0100
Round 8 global test acc  77.7600
Round 9 global test acc  85.6000
Round 10 global test acc  40.0100
Round 11 global test acc  86.7900
Round 12 global test acc  86.0000
Round 13 global test acc  90.6600
Round 14 global test acc  89.8300
Round 15 global test acc  90.2100
Round 16 global test acc  90.9800
Round 17 global test acc  91.1000
Round 18 global test acc  88.1000
Round 19 global test acc  64.9000
Round 20 global test acc  18.8100
Round 21 global test acc  88.3400
Round 22 global test acc  88.7500
Round 23 global test acc  90.7200
Round 24 global test acc  90.5800
Round 25 global test acc  90.5200
Round 26 global test acc  90.3700
Round 27 global test acc  91.9800
Round 28 global test acc  59.1200
Round 29 global test acc  91.5100
Round 30 global test acc  92.3700
Round 31 global test acc  92.1800
Round 32 global test acc  91.9200
Round 33 global test acc  92.2300
Round 34 global test acc  92.4500
Round 35 global test acc  70.4200
Round 36 global test acc  81.1900
Round 37 global test acc  90.2200
Round 38 global test acc  91.6000
Round 39 global test acc  90.8300
Round 40 global test acc  91.8800
Round 41 global test acc  91.9100
Round 42 global test acc  92.4300
Round 43 global test acc  92.9700
Round 44 global test acc  92.4500
Round 45 global test acc  92.5800
Round 46 global test acc  90.3100
Round 47 global test acc  92.9200
Round 48 global test acc  86.5100
Round 49 global test acc  92.1100
Round 50 global test acc  92.2400
Round 51 global test acc  92.7200
Round 52 global test acc  91.3800
Round 53 global test acc  92.7200
Round 54 global test acc  92.9400
Round 55 global test acc  93.2400
Round 56 global test acc  93.4300
Round 57 global test acc  93.2700
Round 58 global test acc  91.6700
Round 59 global test acc  78.6800
Round 60 global test acc  89.4100
Round 61 global test acc  92.8500
Round 62 global test acc  93.1700
Round 63 global test acc  93.4300
Round 64 global test acc  93.1200
Round 65 global test acc  93.4800
Round 66 global test acc  93.3600
Round 67 global test acc  92.6800
Round 68 global test acc  93.1400
Round 69 global test acc  89.4500
Round 70 global test acc  92.3900
Round 71 global test acc  92.6200
Round 72 global test acc  92.4600
Round 73 global test acc  92.3300
Round 74 global test acc  85.0100
Round 75 global test acc  92.7700
Round 76 global test acc  93.5200
Round 77 global test acc  92.4200
Round 78 global test acc  92.8300
Round 79 global test acc  92.8400
Round 80 global test acc  92.7800
Round 81 global test acc  93.4000
Round 82 global test acc  93.4300
Round 83 global test acc  90.7100
Round 84 global test acc  92.2700
Round 85 global test acc  93.2700
Round 86 global test acc  93.3500
Round 87 global test acc  93.2900
Round 88 global test acc  93.2000
Round 89 global test acc  91.6900
Round 90 global test acc  92.5900
Round 91 global test acc  93.2500
Round 92 global test acc  93.1500
Round 93 global test acc  93.2400
Round 94 global test acc  93.5300
Round 95 global test acc  92.0100
Round 96 global test acc  93.6300
Round 97 global test acc  93.7500
Round 98 global test acc  93.8100
Round 99 global test acc  93.4400
Round 100 global test acc  92.8200
Round 101 global test acc  91.5900
Round 102 global test acc  90.6900
Round 103 global test acc  91.3000
Round 104 global test acc  91.4300
Round 105 global test acc  91.2900
Round 106 global test acc  84.5900
Round 107 global test acc  88.0400
Round 108 global test acc  89.4200
Round 109 global test acc  89.1800
Round 110 global test acc  89.5400
Round 111 global test acc  89.4000
Round 112 global test acc  89.2400
Round 113 global test acc  89.2200
Round 114 global test acc  89.0900
Round 115 global test acc  88.7400
Round 116 global test acc  88.9000
Round 117 global test acc  87.6900
Round 118 global test acc  88.1100
Round 119 global test acc  87.6700
Round 120 global test acc  86.6500
Round 121 global test acc  85.5000
Round 122 global test acc  86.7100
Round 123 global test acc  87.7700
Round 124 global test acc  88.3500
Round 125 global test acc  88.6700
Round 126 global test acc  88.9000
Round 127 global test acc  88.5100
Round 128 global test acc  88.6900
Round 129 global test acc  88.0700
Round 130 global test acc  87.2200
Round 131 global test acc  86.9400
Round 132 global test acc  86.8500
Round 133 global test acc  87.3900
Round 134 global test acc  87.1700
Round 135 global test acc  87.5900
Round 136 global test acc  87.8600
Round 137 global test acc  86.8300
Round 138 global test acc  86.9600
Round 139 global test acc  87.3700
Round 140 global test acc  87.1900
Round 141 global test acc  86.5700
Round 142 global test acc  87.0700
Round 143 global test acc  87.6000
Round 144 global test acc  87.5200
Round 145 global test acc  88.3400
Round 146 global test acc  88.0300
Round 147 global test acc  88.2400
Round 148 global test acc  84.3500
Round 149 global test acc  85.7000
Round 150 global test acc  86.6400
Round 151 global test acc  87.8900
Round 152 global test acc  87.9700
Round 153 global test acc  88.1100
Round 154 global test acc  87.6800
Round 155 global test acc  87.1200
Round 156 global test acc  87.1600
Round 157 global test acc  88.6000
Round 158 global test acc  88.1300
Round 159 global test acc  89.1300
Round 160 global test acc  88.8900
Round 161 global test acc  89.2500
Round 162 global test acc  88.7500
Round 163 global test acc  88.8500
Round 164 global test acc  88.5900
Round 165 global test acc  88.6900
Round 166 global test acc  88.6900
Round 167 global test acc  88.7800
Round 168 global test acc  88.6400
Round 169 global test acc  87.8900
Round 170 global test acc  88.1800
Round 171 global test acc  87.5100
Round 172 global test acc  88.2400
Round 173 global test acc  88.8400
Round 174 global test acc  88.8900
Round 175 global test acc  88.5100
Round 176 global test acc  88.8700
Round 177 global test acc  88.0400
Round 178 global test acc  88.2900
Round 179 global test acc  88.5500
Round 180 global test acc  88.3700
Round 181 global test acc  89.2600
Round 182 global test acc  89.4000
Round 183 global test acc  89.6500
Round 184 global test acc  89.5800
Round 185 global test acc  90.0600
Round 186 global test acc  89.6000
Round 187 global test acc  89.2100
Round 188 global test acc  89.3900
Round 189 global test acc  89.8200
Round 190 global test acc  90.0900
Round 191 global test acc  89.9000
Round 192 global test acc  89.4800
Round 193 global test acc  90.1700
Round 194 global test acc  90.1000
Round 195 global test acc  90.0500
Round 196 global test acc  90.0700
Round 197 global test acc  90.2600
Round 198 global test acc  90.2300
Round 199 global test acc  89.7900
time : 11594.24560546875
('algorithm', 'RFL')
('gpu', 0)
('seed', 13)
('save_dir', './record/')
('rounds2', 200)
('local_ep', 5)
('frac2', 0.1)
('num_users', 100)
('local_bs', 32)
('lr', 0.1)
('model', 'lenet')
('num_classes', 10)
('level_n_system', 0.0)
('level_n_lowerb', 0.0)
('alpha_dirichlet', 10)
('non_iid_prob_class', 0.5)
('dataset', 'mnist')
('iid', False)
('LID_k', 20)
('iteration1', 5)
('rounds1', 200)
('frac1', 0.01)
('pretrained', False)
('mixup', False)
('alpha', 1)
('beta', 5)
('relabel_ratio', 0.5)
('confidence_thres', 0.5)
('clean_set_thres', 0.1)
('fine_tuning', True)
('correction', True)
('T_pl', 100)
('lambda_cen', 1.0)
('lambda_e', 0.8)
('num_gradual', 10)
('forget_rate', 0.2)
('lr_decay', 0.1)
('schedule', [])
('momentum', 0.5)
('weight_decay', 0.0001)
('feature_dim', 128)
('plr', 0.1)
('lamda', 15)
('K', 1)
('gamma', 1)
('begin_sel', 10)
('max_beta', 2)
('mu', 0.01)
('device', device(type='cuda', index=0))
LeNet(
  (conv1): Conv2d(1, 6, kernel_size=(5, 5), stride=(1, 1))
  (conv2): Conv2d(6, 16, kernel_size=(5, 5), stride=(1, 1))
  (batch_norm): BatchNorm2d(16, eps=1e-05, momentum=0.1, affine=True, track_running_stats=True)
  (fc1): Linear(in_features=400, out_features=120, bias=True)
  (fc2): Linear(in_features=120, out_features=84, bias=True)
  (fc3): Linear(in_features=84, out_features=10, bias=True)
)
Round 0 global test acc  36.8500
Round 1 global test acc  69.4000
Round 2 global test acc  68.0200
Round 3 global test acc  75.0900
Round 4 global test acc  81.9500
Round 5 global test acc  86.7000
Round 6 global test acc  87.4400
Round 7 global test acc  26.0400
Round 8 global test acc  63.2800
Round 9 global test acc  83.5600
Round 10 global test acc  83.6500
Round 11 global test acc  88.5400
Round 12 global test acc  90.4000
Round 13 global test acc  91.6300
Round 14 global test acc  90.4100
Round 15 global test acc  90.8200
Round 16 global test acc  91.5000
Round 17 global test acc  91.4600
Round 18 global test acc  91.5600
Round 19 global test acc  87.2500
Round 20 global test acc  82.9100
Round 21 global test acc  91.6200
Round 22 global test acc  92.2500
Round 23 global test acc  92.3400
Round 24 global test acc  89.9200
Round 25 global test acc  92.9500
Round 26 global test acc  90.3800
Round 27 global test acc  93.0900
Round 28 global test acc  79.2600
Round 29 global test acc  90.7000
Round 30 global test acc  92.4900
Round 31 global test acc  93.1200
Round 32 global test acc  92.3400
Round 33 global test acc  92.7600
Round 34 global test acc  93.5400
Round 35 global test acc  93.2900
Round 36 global test acc  92.0700
Round 37 global test acc  93.4200
Round 38 global test acc  93.1200
Round 39 global test acc  92.1800
Round 40 global test acc  93.8600
Round 41 global test acc  93.7200
Round 42 global test acc  94.1400
Round 43 global test acc  91.0700
Round 44 global test acc  93.1500
Round 45 global test acc  93.6800
Round 46 global test acc  89.7200
Round 47 global test acc  93.9300
Round 48 global test acc  93.6400
Round 49 global test acc  93.3500
Round 50 global test acc  91.8200
Round 51 global test acc  93.9200
Round 52 global test acc  93.7400
Round 53 global test acc  88.1900
Round 54 global test acc  92.5800
Round 55 global test acc  93.7800
Round 56 global test acc  93.9000
Round 57 global test acc  75.2600
Round 58 global test acc  93.6800
Round 59 global test acc  91.5100
Round 60 global test acc  93.1200
Round 61 global test acc  92.7300
Round 62 global test acc  93.8500
Round 63 global test acc  93.9400
Round 64 global test acc  94.2300
Round 65 global test acc  94.2500
Round 66 global test acc  94.5000
Round 67 global test acc  93.3200
Round 68 global test acc  93.9700
Round 69 global test acc  93.0500
Round 70 global test acc  93.9900
Round 71 global test acc  94.3400
Round 72 global test acc  94.9100
Round 73 global test acc  94.6800
Round 74 global test acc  94.9100
Round 75 global test acc  94.3800
Round 76 global test acc  94.9000
Round 77 global test acc  94.9500
Round 78 global test acc  92.4100
Round 79 global test acc  94.2900
Round 80 global test acc  94.6700
Round 81 global test acc  94.7800
Round 82 global test acc  91.7600
Round 83 global test acc  71.2600
Round 84 global test acc  92.2200
Round 85 global test acc  93.5800
Round 86 global test acc  94.1000
Round 87 global test acc  94.5900
Round 88 global test acc  94.7200
Round 89 global test acc  90.7600
Round 90 global test acc  94.4200
Round 91 global test acc  95.0700
Round 92 global test acc  94.9200
Round 93 global test acc  95.0800
Round 94 global test acc  95.2200
Round 95 global test acc  95.1700
Round 96 global test acc  95.2900
Round 97 global test acc  95.1900
Round 98 global test acc  95.2000
Round 99 global test acc  95.2700
Round 100 global test acc  93.9800
Round 101 global test acc  92.5800
Round 102 global test acc  91.4400
Round 103 global test acc  90.6500
Round 104 global test acc  91.5400
Round 105 global test acc  91.0100
Round 106 global test acc  90.1100
Round 107 global test acc  88.8700
Round 108 global test acc  88.9700
Round 109 global test acc  89.0000
Round 110 global test acc  88.0200
Round 111 global test acc  88.2800
Round 112 global test acc  87.9300
Round 113 global test acc  87.3600
Round 114 global test acc  86.2900
Round 115 global test acc  87.5500
Round 116 global test acc  86.4200
Round 117 global test acc  86.3500
Round 118 global test acc  87.2500
Round 119 global test acc  86.8600
Round 120 global test acc  86.7200
Round 121 global test acc  87.6700
Round 122 global test acc  87.8900
Round 123 global test acc  88.1700
Round 124 global test acc  88.3800
Round 125 global test acc  88.1800
Round 126 global test acc  88.1600
Round 127 global test acc  88.4400
Round 128 global test acc  88.0100
Round 129 global test acc  86.7600
Round 130 global test acc  86.7500
Round 131 global test acc  85.6700
Round 132 global test acc  86.4600
Round 133 global test acc  87.0200
Round 134 global test acc  86.9500
Round 135 global test acc  86.3900
Round 136 global test acc  86.7700
Round 137 global test acc  86.7300
Round 138 global test acc  86.6500
Round 139 global test acc  86.9800
Round 140 global test acc  85.9500
Round 141 global test acc  85.7400
Round 142 global test acc  85.9100
Round 143 global test acc  85.6300
Round 144 global test acc  85.4600
Round 145 global test acc  87.1500
Round 146 global test acc  87.0500
Round 147 global test acc  86.7800
Round 148 global test acc  86.5700
Round 149 global test acc  87.7000
Round 150 global test acc  87.4800
Round 151 global test acc  87.7400
Round 152 global test acc  87.4700
Round 153 global test acc  87.9200
Round 154 global test acc  87.8200
Round 155 global test acc  87.6600
Round 156 global test acc  87.6800
Round 157 global test acc  87.0600
Round 158 global test acc  86.4700
Round 159 global test acc  86.9000
Round 160 global test acc  86.8400
Round 161 global test acc  87.1400
Round 162 global test acc  87.9300
Round 163 global test acc  88.2900
Round 164 global test acc  88.4200
Round 165 global test acc  88.1400
Round 166 global test acc  87.6200
Round 167 global test acc  87.6500
Round 168 global test acc  87.4600
Round 169 global test acc  86.5300
Round 170 global test acc  87.2300
Round 171 global test acc  87.7700
Round 172 global test acc  88.3000
Round 173 global test acc  88.7600
Round 174 global test acc  88.7100
Round 175 global test acc  89.0600
Round 176 global test acc  89.3700
Round 177 global test acc  89.4200
Round 178 global test acc  89.4400
Round 179 global test acc  89.5200
Round 180 global test acc  89.3100
Round 181 global test acc  89.2900
Round 182 global test acc  89.5300
Round 183 global test acc  89.8100
Round 184 global test acc  89.8700
Round 185 global test acc  90.0900
Round 186 global test acc  89.9800
Round 187 global test acc  90.2000
Round 188 global test acc  89.5200
Round 189 global test acc  89.7000
Round 190 global test acc  90.0800
Round 191 global test acc  89.4500
Round 192 global test acc  89.5000
Round 193 global test acc  89.6800
Round 194 global test acc  89.5200
Round 195 global test acc  89.8100
Round 196 global test acc  90.2300
Round 197 global test acc  90.4000
Round 198 global test acc  90.3400
Round 199 global test acc  90.3200
Traceback (most recent call last):
  File "main.py", line 65, in <module>
    run(args)
  File "main.py", line 53, in run
    eval(args.algorithm)(args)
  File "/data/jij/szl/FedNoisyLabelLearning/baselines/RFL.py", line 105, in RFL
    f_scores.append(cal_fscore(args, net_glob.to(args.device), dataset_train, y_train, idx))
  File "/data/jij/szl/FedNoisyLabelLearning/metrics.py", line 10, in cal_fscore
    client_y_train = y_train[list(idxs)]
TypeError: 'numpy.int64' object is not iterable
('algorithm', 'RFL')
('gpu', 0)
('seed', 13)
('save_dir', './record/')
('rounds2', 200)
('local_ep', 5)
('frac2', 0.1)
('num_users', 100)
('local_bs', 32)
('lr', 0.1)
('model', 'lenet')
('num_classes', 10)
('level_n_system', 0.0)
('level_n_lowerb', 0.0)
('alpha_dirichlet', 10)
('non_iid_prob_class', 0.5)
('dataset', 'mnist')
('iid', False)
('LID_k', 20)
('iteration1', 5)
('rounds1', 200)
('frac1', 0.01)
('pretrained', False)
('mixup', False)
('alpha', 1)
('beta', 5)
('relabel_ratio', 0.5)
('confidence_thres', 0.5)
('clean_set_thres', 0.1)
('fine_tuning', True)
('correction', True)
('T_pl', 100)
('lambda_cen', 1.0)
('lambda_e', 0.8)
('num_gradual', 10)
('forget_rate', 0.2)
('lr_decay', 0.1)
('schedule', [])
('momentum', 0.5)
('weight_decay', 0.0001)
('feature_dim', 128)
('plr', 0.1)
('lamda', 15)
('K', 1)
('gamma', 1)
('begin_sel', 10)
('max_beta', 2)
('mu', 0.01)
('device', device(type='cuda', index=0))
LeNet(
  (conv1): Conv2d(1, 6, kernel_size=(5, 5), stride=(1, 1))
  (conv2): Conv2d(6, 16, kernel_size=(5, 5), stride=(1, 1))
  (batch_norm): BatchNorm2d(16, eps=1e-05, momentum=0.1, affine=True, track_running_stats=True)
  (fc1): Linear(in_features=400, out_features=120, bias=True)
  (fc2): Linear(in_features=120, out_features=84, bias=True)
  (fc3): Linear(in_features=84, out_features=10, bias=True)
)
Round 0 global test acc  37.5300
Round 0 Fscore 

[]
Round 1 global test acc  72.0400
Round 1 Fscore 

[]
Round 2 global test acc  71.6800
Round 2 Fscore 

[]
Round 3 global test acc  80.3300
Round 3 Fscore 

[]
Round 4 global test acc  81.8500
Round 4 Fscore 

[]
Round 5 global test acc  88.0300
Round 5 Fscore 

[]
Round 6 global test acc  87.2400
Round 6 Fscore 

[]
Round 7 global test acc  68.0600
Round 7 Fscore 

[]
Round 8 global test acc  80.6300
Round 8 Fscore 

[]
Round 9 global test acc  70.1600
Round 9 Fscore 

[]
Round 10 global test acc  80.0100
Round 10 Fscore 

[]
Round 11 global test acc  89.3400
Round 11 Fscore 

[]
Round 12 global test acc  86.6900
Round 12 Fscore 

[]
Round 13 global test acc  90.8700
Round 13 Fscore 

[]
Round 14 global test acc  89.1000
Round 14 Fscore 

[]
Round 15 global test acc  90.1500
Round 15 Fscore 

[]
Round 16 global test acc  85.6500
Round 16 Fscore 

[]
Round 17 global test acc  87.2000
Round 17 Fscore 

[]
Round 18 global test acc  87.0400
Round 18 Fscore 

[]
Round 19 global test acc  85.9200
Round 19 Fscore 

[]
Round 20 global test acc  77.0200
Round 20 Fscore 

[]
Round 21 global test acc  90.2800
Round 21 Fscore 

[]
Round 22 global test acc  92.3400
Round 22 Fscore 

[]
Round 23 global test acc  90.6400
Round 23 Fscore 

[]
Round 24 global test acc  90.4600
Round 24 Fscore 

[]
Round 25 global test acc  92.0600
Round 25 Fscore 

[]
Round 26 global test acc  91.3100
Round 26 Fscore 

[]
Round 27 global test acc  93.0800
Round 27 Fscore 

[]
Round 28 global test acc  87.2600
Round 28 Fscore 

[]
Round 29 global test acc  91.2600
Round 29 Fscore 

[]
Round 30 global test acc  92.5100
Round 30 Fscore 

[]
Round 31 global test acc  92.4500
Round 31 Fscore 

[]
Round 32 global test acc  92.9800
Round 32 Fscore 

[]
Round 33 global test acc  92.9600
Round 33 Fscore 

[]
Round 34 global test acc  92.8900
Round 34 Fscore 

[]
Round 35 global test acc  88.0800
Round 35 Fscore 

[]
Round 36 global test acc  92.6600
Round 36 Fscore 

[]
Round 37 global test acc  92.7500
Round 37 Fscore 

[]
Round 38 global test acc  92.7000
Round 38 Fscore 

[]
Round 39 global test acc  92.5100
Round 39 Fscore 

[]
Round 40 global test acc  92.7100
Round 40 Fscore 

[]
Round 41 global test acc  91.2200
Round 41 Fscore 

[]
Round 42 global test acc  92.8300
Round 42 Fscore 

[]
Round 43 global test acc  93.0300
Round 43 Fscore 

[]
Round 44 global test acc  93.2500
Round 44 Fscore 

[]
Round 45 global test acc  92.2200
Round 45 Fscore 

[]
Round 46 global test acc  93.3500
Round 46 Fscore 

[]
Round 47 global test acc  92.3800
Round 47 Fscore 

[]
Round 48 global test acc  93.1400
Round 48 Fscore 

[]
Round 49 global test acc  93.5400
Round 49 Fscore 

[]
Round 50 global test acc  93.3500
Round 50 Fscore 

[]
Round 51 global test acc  94.1500
Round 51 Fscore 

[]
Round 52 global test acc  93.6900
Round 52 Fscore 

[]
Round 53 global test acc  94.3900
Round 53 Fscore 

[]
Round 54 global test acc  92.6600
Round 54 Fscore 

[]
Round 55 global test acc  94.1100
Round 55 Fscore 

[]
Round 56 global test acc  94.3300
Round 56 Fscore 

[]
Round 57 global test acc  84.6200
Round 57 Fscore 

[]
Round 58 global test acc  87.6300
Round 58 Fscore 

[]
Round 59 global test acc  90.2700
Round 59 Fscore 

[]
Round 60 global test acc  93.2900
Round 60 Fscore 

[]
Round 61 global test acc  93.4700
Round 61 Fscore 

[]
Round 62 global test acc  90.3600
Round 62 Fscore 

[]
Round 63 global test acc  93.7500
Round 63 Fscore 

[]
Round 64 global test acc  93.2500
Round 64 Fscore 

[]
Round 65 global test acc  93.5800
Round 65 Fscore 

[]
Round 66 global test acc  94.1900
Round 66 Fscore 

[]
Round 67 global test acc  94.2700
Round 67 Fscore 

[]
Round 68 global test acc  94.6100
Round 68 Fscore 

[]
Round 69 global test acc  92.5600
Round 69 Fscore 

[]
Round 70 global test acc  94.4700
Round 70 Fscore 

[]
Round 71 global test acc  94.4600
Round 71 Fscore 

[]
Round 72 global test acc  92.1500
Round 72 Fscore 

[]
Round 73 global test acc  93.7000
Round 73 Fscore 

[]
Round 74 global test acc  92.8500
Round 74 Fscore 

[]
Round 75 global test acc  94.1900
Round 75 Fscore 

[]
Round 76 global test acc  94.1900
Round 76 Fscore 

[]
Round 77 global test acc  94.4300
Round 77 Fscore 

[]
Round 78 global test acc  91.7100
Round 78 Fscore 

[]
Round 79 global test acc  93.2400
Round 79 Fscore 

[]
Round 80 global test acc  93.5200
Round 80 Fscore 

[]
Round 81 global test acc  94.2600
Round 81 Fscore 

[]
Round 82 global test acc  94.0600
Round 82 Fscore 

[]
Round 83 global test acc  93.0400
Round 83 Fscore 

[]
Round 84 global test acc  91.9800
Round 84 Fscore 

[]
Round 85 global test acc  93.5500
Round 85 Fscore 

[]
Round 86 global test acc  94.1600
Round 86 Fscore 

[]
Round 87 global test acc  94.0600
Round 87 Fscore 

[]
Round 88 global test acc  94.2700
Round 88 Fscore 

[]
Round 89 global test acc  93.0500
Round 89 Fscore 

[]
Round 90 global test acc  94.0200
Round 90 Fscore 

[]
Round 91 global test acc  94.1500
Round 91 Fscore 

[]
Round 92 global test acc  94.7400
Round 92 Fscore 

[]
Round 93 global test acc  94.6000
Round 93 Fscore 

[]
Round 94 global test acc  94.6700
Round 94 Fscore 

[]
Round 95 global test acc  94.2400
Round 95 Fscore 

[]
Round 96 global test acc  94.3400
Round 96 Fscore 

[]
Round 97 global test acc  94.4600
Round 97 Fscore 

[]
Round 98 global test acc  94.5600
Round 98 Fscore 

[]
Round 99 global test acc  94.5300
Round 99 Fscore 

[]
Round 100 global test acc  93.1100
Round 100 Fscore 

[]
Round 101 global test acc  91.9200
Round 101 Fscore 

[]
Round 102 global test acc  89.9400
Round 102 Fscore 

[]
Round 103 global test acc  90.7400
Round 103 Fscore 

[]
Round 104 global test acc  91.4200
Round 104 Fscore 

[]
Round 105 global test acc  90.0300
Round 105 Fscore 

[]
Round 106 global test acc  90.0700
Round 106 Fscore 

[]
Round 107 global test acc  88.8400
Round 107 Fscore 

[]
Round 108 global test acc  89.1200
Round 108 Fscore 

[]
Round 109 global test acc  89.9000
Round 109 Fscore 

[]
Round 110 global test acc  90.2600
Round 110 Fscore 

[]
Round 111 global test acc  89.9200
Round 111 Fscore 

[]
Round 112 global test acc  89.4800
Round 112 Fscore 

[]
Round 113 global test acc  88.8700
Round 113 Fscore 

[]
Round 114 global test acc  88.4500
Round 114 Fscore 

[]
Round 115 global test acc  87.8900
Round 115 Fscore 

[]
Round 116 global test acc  88.4500
Round 116 Fscore 

[]
Round 117 global test acc  88.1200
Round 117 Fscore 

[]
Round 118 global test acc  88.5700
Round 118 Fscore 

[]
Round 119 global test acc  88.1900
Round 119 Fscore 

[]
Round 120 global test acc  88.4900
Round 120 Fscore 

[]
Round 121 global test acc  88.9700
Round 121 Fscore 

[]
Round 122 global test acc  88.4600
Round 122 Fscore 

[]
Round 123 global test acc  88.6900
Round 123 Fscore 

[]
Round 124 global test acc  89.0800
Round 124 Fscore 

[]
Round 125 global test acc  88.6700
Round 125 Fscore 

[]
Round 126 global test acc  88.7200
Round 126 Fscore 

[]
Round 127 global test acc  87.9100
Round 127 Fscore 

[]
Round 128 global test acc  89.1500
Round 128 Fscore 

[]
Round 129 global test acc  88.3900
Round 129 Fscore 

[]
Round 130 global test acc  87.7900
Round 130 Fscore 

[]
Round 131 global test acc  86.9000
Round 131 Fscore 

[]
Round 132 global test acc  86.9600
Round 132 Fscore 

[]
Round 133 global test acc  87.9000
Round 133 Fscore 

[]
Round 134 global test acc  87.9100
Round 134 Fscore 

[]
Round 135 global test acc  88.8400
Round 135 Fscore 

[]
Round 136 global test acc  88.7500
Round 136 Fscore 

[]
Round 137 global test acc  88.7400
Round 137 Fscore 

[]
Round 138 global test acc  87.8500
Round 138 Fscore 

[]
Round 139 global test acc  88.0000
Round 139 Fscore 

[]
Round 140 global test acc  86.8000
Round 140 Fscore 

[]
Round 141 global test acc  87.3600
Round 141 Fscore 

[]
Round 142 global test acc  87.6400
Round 142 Fscore 

[]
Round 143 global test acc  86.9900
Round 143 Fscore 

[]
Round 144 global test acc  87.5000
Round 144 Fscore 

[]
Round 145 global test acc  87.9700
Round 145 Fscore 

[]
Round 146 global test acc  87.7400
Round 146 Fscore 

[]
Round 147 global test acc  88.0500
Round 147 Fscore 

[]
Round 148 global test acc  87.1100
Round 148 Fscore 

[]
Round 149 global test acc  88.1100
Round 149 Fscore 

[]
Round 150 global test acc  87.7500
Round 150 Fscore 

[]
Round 151 global test acc  87.8900
Round 151 Fscore 

[]
Round 152 global test acc  88.0900
Round 152 Fscore 

[]
Round 153 global test acc  88.2400
Round 153 Fscore 

[]
Round 154 global test acc  87.9800
Round 154 Fscore 

[]
Round 155 global test acc  88.6900
Round 155 Fscore 

[]
Round 156 global test acc  88.2400
Round 156 Fscore 

[]
Round 157 global test acc  88.5300
Round 157 Fscore 

[]
Round 158 global test acc  87.8100
Round 158 Fscore 

[]
Round 159 global test acc  87.8600
Round 159 Fscore 

[]
Round 160 global test acc  88.3100
Round 160 Fscore 

[]
Round 161 global test acc  88.8300
Round 161 Fscore 

[]
Round 162 global test acc  89.4200
Round 162 Fscore 

[]
Round 163 global test acc  89.1800
Round 163 Fscore 

[]
Round 164 global test acc  88.9600
Round 164 Fscore 

[]
Round 165 global test acc  88.7700
Round 165 Fscore 

[]
Round 166 global test acc  88.2800
Round 166 Fscore 

[]
Round 167 global test acc  88.4200
Round 167 Fscore 

[]
Round 168 global test acc  88.2200
Round 168 Fscore 

[]
Round 169 global test acc  87.4900
Round 169 Fscore 

[]
Round 170 global test acc  87.3600
Round 170 Fscore 

[]
Round 171 global test acc  88.0200
Round 171 Fscore 

[]
Round 172 global test acc  88.4800
Round 172 Fscore 

[]
Round 173 global test acc  89.1300
Round 173 Fscore 

[]
Round 174 global test acc  88.3700
Round 174 Fscore 

[]
Round 175 global test acc  88.5700
Round 175 Fscore 

[]
Round 176 global test acc  88.6500
Round 176 Fscore 

[]
Round 177 global test acc  89.0400
Round 177 Fscore 

[]
Round 178 global test acc  88.5700
Round 178 Fscore 

[]
Round 179 global test acc  88.5900
Round 179 Fscore 

[]
Round 180 global test acc  88.6600
Round 180 Fscore 

[]
Round 181 global test acc  88.8200
Round 181 Fscore 

[]
Round 182 global test acc  88.4700
Round 182 Fscore 

[]
Round 183 global test acc  88.6100
Round 183 Fscore 

[]
Round 184 global test acc  88.3600
Round 184 Fscore 

[]
Round 185 global test acc  88.6800
Round 185 Fscore 

[]
Round 186 global test acc  89.3100
Round 186 Fscore 

[]
Round 187 global test acc  89.2200
Round 187 Fscore 

[]
Round 188 global test acc  89.1000
Round 188 Fscore 

[]
Round 189 global test acc  89.5000
Round 189 Fscore 

[]
Round 190 global test acc  89.1800
Round 190 Fscore 

[]
Round 191 global test acc  88.8800
Round 191 Fscore 

[]
Round 192 global test acc  89.1500
Round 192 Fscore 

[]
Round 193 global test acc  89.2300
Round 193 Fscore 

[]
Round 194 global test acc  89.3800
Round 194 Fscore 

[]
Round 195 global test acc  89.0100
Round 195 Fscore 

[]
Round 196 global test acc  89.3400
Round 196 Fscore 

[]
Round 197 global test acc  89.7500
Round 197 Fscore 

[]
Round 198 global test acc  89.1600
Round 198 Fscore 

[]
Round 199 global test acc  89.7600
Round 199 Fscore 

[0.9948024749755859, 0.9969419240951538, 0.993914783000946, 0.9917743802070618, 0.9974895715713501, 0.9978888034820557, 0.9927536249160767, 0.9917657971382141, 0.9935815334320068, 0.9969742894172668, 0.9963235259056091, 0.9966216087341309, 0.9933862090110779, 0.9973081946372986, 0.9947275519371033, 0.9903475046157837, 0.9959977269172668, 0.994960367679596, 0.9990697503089905, 0.9903100728988647, 0.9925925731658936, 0.9937695264816284, 0.9957601428031921, 0.9949135184288025, 0.9954338073730469, 0.9958506226539612, 0.9986111521720886, 0.9950358867645264, 0.9895833134651184, 0.989830493927002, 0.9928571581840515, 0.9955193996429443, 0.9908256530761719, 0.9975903630256653, 0.9914773106575012, 0.9927361011505127, 0.9941291809082031, 0.993034839630127, 0.9928571581840515, 0.9946714043617249, 0.9957746863365173, 0.9955021739006042, 0.9932065010070801, 0.9967845678329468, 0.9953391551971436, 0.9942638874053955, 0.9975903630256653, 0.995854914188385, 0.9942386746406555, 0.9962377548217773, 0.9934171438217163, 0.9941973090171814, 0.9900708794593811, 0.9926362037658691, 0.9944064617156982, 0.9941520094871521, 0.9922359585762024, 0.992647111415863, 0.9964157342910767, 0.9935691356658936, 0.997481107711792, 0.9908257126808167, 0.9969325065612793, 0.9942270517349243, 0.9962476491928101, 0.9864108562469482, 0.9868995547294617, 0.9946751594543457, 0.9892215728759766, 0.9923922419548035, 0.9992169737815857, 0.9917507171630859, 0.9930875301361084, 0.9890480041503906, 0.9938982725143433, 0.9944133758544922, 1.0, 0.9929078221321106, 0.9940968155860901, 0.9941792488098145, 0.9959758520126343, 0.9963476657867432, 0.9937888383865356, 0.9918699264526367, 0.9951014518737793, 0.9942196607589722, 0.9935204386711121, 0.9944055676460266, 0.9957652688026428, 0.9990300536155701, 0.9947713017463684, 0.996692419052124, 0.994535505771637, 0.993537962436676, 0.9939557313919067, 0.9914759397506714, 0.9955995678901672, 0.9905837774276733, 0.9965108036994934, 0.9953177571296692]
time : 8192.376773357391
('algorithm', 'RFL')
('gpu', 1)
('seed', 13)
('save_dir', './record/')
('rounds2', 200)
('local_ep', 5)
('frac2', 0.1)
('num_users', 100)
('local_bs', 32)
('lr', 0.1)
('model', 'lenet')
('num_classes', 10)
('level_n_system', 0.0)
('level_n_lowerb', 0.0)
('alpha_dirichlet', 10)
('non_iid_prob_class', 0.5)
('dataset', 'mnist')
('iid', False)
('LID_k', 20)
('iteration1', 5)
('rounds1', 200)
('frac1', 0.01)
('pretrained', False)
('mixup', False)
('alpha', 1)
('beta', 5)
('relabel_ratio', 0.5)
('confidence_thres', 0.5)
('clean_set_thres', 0.1)
('fine_tuning', True)
('correction', True)
('T_pl', 100)
('lambda_cen', 1.0)
('lambda_e', 0.8)
('num_gradual', 10)
('forget_rate', 0.2)
('lr_decay', 0.1)
('schedule', [])
('momentum', 0.5)
('weight_decay', 0.0001)
('feature_dim', 128)
('plr', 0.1)
('lamda', 15)
('K', 5)
('gamma', 1)
('begin_sel', 10)
('max_beta', 2)
('mu', 0.01)
('device', device(type='cuda', index=1))
LeNet(
  (conv1): Conv2d(1, 6, kernel_size=(5, 5), stride=(1, 1))
  (conv2): Conv2d(6, 16, kernel_size=(5, 5), stride=(1, 1))
  (batch_norm): BatchNorm2d(16, eps=1e-05, momentum=0.1, affine=True, track_running_stats=True)
  (fc1): Linear(in_features=400, out_features=120, bias=True)
  (fc2): Linear(in_features=120, out_features=84, bias=True)
  (fc3): Linear(in_features=84, out_features=10, bias=True)
)
Round 0 global test acc  37.3700
Round 0 Fscore 

[]
Round 1 global test acc  71.1200
Round 1 Fscore 

[]
Round 2 global test acc  68.2800
Round 2 Fscore 

[]
Round 3 global test acc  76.1300
Round 3 Fscore 

[]
Round 4 global test acc  81.0600
Round 4 Fscore 

[]
Round 5 global test acc  85.7300
Round 5 Fscore 

[]
Round 6 global test acc  86.6900
Round 6 Fscore 

[]
Round 7 global test acc  30.1100
Round 7 Fscore 

[]
Round 8 global test acc  81.0500
Round 8 Fscore 

[]
Round 9 global test acc  88.9000
Round 9 Fscore 

[]
Round 10 global test acc  89.6500
Round 10 Fscore 

[]
Round 11 global test acc  90.0900
Round 11 Fscore 

[]
Round 12 global test acc  85.9700
Round 12 Fscore 

[]
Round 13 global test acc  92.0100
Round 13 Fscore 

[]
Round 14 global test acc  92.2100
Round 14 Fscore 

[]
Round 15 global test acc  91.4600
Round 15 Fscore 

[]
Round 16 global test acc  90.9600
Round 16 Fscore 

[]
Round 17 global test acc  91.8600
Round 17 Fscore 

[]
Round 18 global test acc  89.6900
Round 18 Fscore 

[]
Round 19 global test acc  90.2500
Round 19 Fscore 

[]
Round 20 global test acc  82.9800
Round 20 Fscore 

[]
Round 21 global test acc  90.9500
Round 21 Fscore 

[]
Round 22 global test acc  92.1600
Round 22 Fscore 

[]
Round 23 global test acc  92.4300
Round 23 Fscore 

[]
Round 24 global test acc  88.2500
Round 24 Fscore 

[]
Round 25 global test acc  91.9400
Round 25 Fscore 

[]
Round 26 global test acc  88.5500
Round 26 Fscore 

[]
Round 27 global test acc  93.3400
Round 27 Fscore 

[]
Round 28 global test acc  66.9300
Round 28 Fscore 

[]
Round 29 global test acc  90.5500
Round 29 Fscore 

[]
Round 30 global test acc  93.3100
Round 30 Fscore 

[]
Round 31 global test acc  91.9600
Round 31 Fscore 

[]
Round 32 global test acc  92.4300
Round 32 Fscore 

[]
Round 33 global test acc  92.9800
Round 33 Fscore 

[]
Round 34 global test acc  93.3200
Round 34 Fscore 

[]
Round 35 global test acc  92.9500
Round 35 Fscore 

[]
Round 36 global test acc  84.5100
Round 36 Fscore 

[]
Round 37 global test acc  92.8600
Round 37 Fscore 

[]
Round 38 global test acc  93.6000
Round 38 Fscore 

[]
Round 39 global test acc  89.0300
Round 39 Fscore 

[]
Round 40 global test acc  93.6100
Round 40 Fscore 

[]
Round 41 global test acc  93.1100
Round 41 Fscore 

[]
Round 42 global test acc  93.5000
Round 42 Fscore 

[]
Round 43 global test acc  93.4600
Round 43 Fscore 

[]
Round 44 global test acc  93.2700
Round 44 Fscore 

[]
Round 45 global test acc  93.7600
Round 45 Fscore 

[]
Round 46 global test acc  93.5000
Round 46 Fscore 

[]
Round 47 global test acc  90.8700
Round 47 Fscore 

[]
Round 48 global test acc  88.6900
Round 48 Fscore 

[]
Round 49 global test acc  92.9600
Round 49 Fscore 

[]
Round 50 global test acc  93.1400
Round 50 Fscore 

[]
Round 51 global test acc  93.8200
Round 51 Fscore 

[]
Round 52 global test acc  94.0900
Round 52 Fscore 

[]
Round 53 global test acc  92.5300
Round 53 Fscore 

[]
Round 54 global test acc  93.8300
Round 54 Fscore 

[]
Round 55 global test acc  93.9200
Round 55 Fscore 

[]
Round 56 global test acc  94.2600
Round 56 Fscore 

[]
Round 57 global test acc  94.0100
Round 57 Fscore 

[]
Round 58 global test acc  94.2000
Round 58 Fscore 

[]
Round 59 global test acc  87.5200
Round 59 Fscore 

[]
Round 60 global test acc  92.8000
Round 60 Fscore 

[]
Round 61 global test acc  93.7600
Round 61 Fscore 

[]
Round 62 global test acc  93.8600
Round 62 Fscore 

[]
Round 63 global test acc  94.2200
Round 63 Fscore 

[]
Round 64 global test acc  94.3200
Round 64 Fscore 

[]
Round 65 global test acc  94.6100
Round 65 Fscore 

[]
Round 66 global test acc  94.7700
Round 66 Fscore 

[]
Round 67 global test acc  94.5400
Round 67 Fscore 

[]
Round 68 global test acc  94.6600
Round 68 Fscore 

[]
Round 69 global test acc  94.2600
Round 69 Fscore 

[]
Round 70 global test acc  93.7600
Round 70 Fscore 

[]
Round 71 global test acc  94.5100
Round 71 Fscore 

[]
Round 72 global test acc  94.0100
Round 72 Fscore 

[]
Round 73 global test acc  94.3200
Round 73 Fscore 

[]
Round 74 global test acc  92.0400
Round 74 Fscore 

[]
Round 75 global test acc  94.2100
Round 75 Fscore 

[]
Round 76 global test acc  94.5800
Round 76 Fscore 

[]
Round 77 global test acc  94.8400
Round 77 Fscore 

[]
Round 78 global test acc  89.9600
Round 78 Fscore 

[]
Round 79 global test acc  91.9200
Round 79 Fscore 

[]
Round 80 global test acc  93.7400
Round 80 Fscore 

[]
Round 81 global test acc  94.4400
Round 81 Fscore 

[]
Round 82 global test acc  93.7000
Round 82 Fscore 

[]
Round 83 global test acc  18.9900
Round 83 Fscore 

[]
Round 84 global test acc  91.1000
Round 84 Fscore 

[]
Round 85 global test acc  93.0500
Round 85 Fscore 

[]
Round 86 global test acc  93.2100
Round 86 Fscore 

[]
Round 87 global test acc  93.7400
Round 87 Fscore 

[]
Round 88 global test acc  93.6000
Round 88 Fscore 

[]
Round 89 global test acc  93.1000
Round 89 Fscore 

[]
Round 90 global test acc  92.9500
Round 90 Fscore 

[]
Round 91 global test acc  94.3200
Round 91 Fscore 

[]
Round 92 global test acc  94.2600
Round 92 Fscore 

[]
Round 93 global test acc  94.2700
Round 93 Fscore 

[]
Round 94 global test acc  93.9500
Round 94 Fscore 

[]
Round 95 global test acc  93.4200
Round 95 Fscore 

[]
Round 96 global test acc  93.1700
Round 96 Fscore 

[]
Round 97 global test acc  93.3500
Round 97 Fscore 

[]
Round 98 global test acc  94.2800
Round 98 Fscore 

[]
Round 99 global test acc  93.9200
Round 99 Fscore 

[]
Round 100 global test acc  89.8500
Round 100 Fscore 

[]
Round 101 global test acc  88.7100
Round 101 Fscore 

[]
Round 102 global test acc  86.2700
Round 102 Fscore 

[]
Round 103 global test acc  86.4900
Round 103 Fscore 

[]
Round 104 global test acc  87.9300
Round 104 Fscore 

[]
Round 105 global test acc  88.8300
Round 105 Fscore 

[]
Round 106 global test acc  88.4800
Round 106 Fscore 

[]
Round 107 global test acc  88.1400
Round 107 Fscore 

[]
Round 108 global test acc  88.2900
Round 108 Fscore 

[]
Round 109 global test acc  88.2500
Round 109 Fscore 

[]
Round 110 global test acc  87.5800
Round 110 Fscore 

[]
Round 111 global test acc  86.5200
Round 111 Fscore 

[]
Round 112 global test acc  86.9000
Round 112 Fscore 

[]
Round 113 global test acc  86.7200
Round 113 Fscore 

[]
Round 114 global test acc  86.0400
Round 114 Fscore 

[]
Round 115 global test acc  86.6500
Round 115 Fscore 

[]
Round 116 global test acc  86.9700
Round 116 Fscore 

[]
Round 117 global test acc  84.4600
Round 117 Fscore 

[]
Round 118 global test acc  86.2100
Round 118 Fscore 

[]
Round 119 global test acc  86.2300
Round 119 Fscore 

[]
Round 120 global test acc  86.2700
Round 120 Fscore 

[]
Round 121 global test acc  86.4600
Round 121 Fscore 

[]
Round 122 global test acc  86.7700
Round 122 Fscore 

[]
Round 123 global test acc  87.8700
Round 123 Fscore 

[]
Round 124 global test acc  88.2700
Round 124 Fscore 

[]
Round 125 global test acc  87.5300
Round 125 Fscore 

[]
Round 126 global test acc  87.8000
Round 126 Fscore 

[]
Round 127 global test acc  88.1100
Round 127 Fscore 

[]
Round 128 global test acc  88.4100
Round 128 Fscore 

[]
Round 129 global test acc  87.3600
Round 129 Fscore 

[]
Round 130 global test acc  86.8300
Round 130 Fscore 

[]
Round 131 global test acc  86.5200
Round 131 Fscore 

[]
Round 132 global test acc  86.4000
Round 132 Fscore 

[]
Round 133 global test acc  86.9600
Round 133 Fscore 

[]
Round 134 global test acc  86.2400
Round 134 Fscore 

[]
Round 135 global test acc  87.1200
Round 135 Fscore 

[]
Round 136 global test acc  87.2300
Round 136 Fscore 

[]
Round 137 global test acc  87.3100
Round 137 Fscore 

[]
Round 138 global test acc  87.9400
Round 138 Fscore 

[]
Round 139 global test acc  88.0400
Round 139 Fscore 

[]
Round 140 global test acc  87.8700
Round 140 Fscore 

[]
Round 141 global test acc  87.5800
Round 141 Fscore 

[]
Round 142 global test acc  87.4200
Round 142 Fscore 

[]
Round 143 global test acc  87.5100
Round 143 Fscore 

[]
Round 144 global test acc  87.6800
Round 144 Fscore 

[]
Round 145 global test acc  88.5100
Round 145 Fscore 

[]
Round 146 global test acc  88.1800
Round 146 Fscore 

[]
Round 147 global test acc  88.0900
Round 147 Fscore 

[]
Round 148 global test acc  87.3200
Round 148 Fscore 

[]
Round 149 global test acc  88.1700
Round 149 Fscore 

[]
Round 150 global test acc  87.5400
Round 150 Fscore 

[]
Round 151 global test acc  87.7200
Round 151 Fscore 

[]
Round 152 global test acc  88.1400
Round 152 Fscore 

[]
Round 153 global test acc  88.6400
Round 153 Fscore 

[]
Round 154 global test acc  88.6500
Round 154 Fscore 

[]
Round 155 global test acc  87.6900
Round 155 Fscore 

[]
Round 156 global test acc  88.1200
Round 156 Fscore 

[]
Round 157 global test acc  88.4000
Round 157 Fscore 

[]
Round 158 global test acc  88.4100
Round 158 Fscore 

[]
Round 159 global test acc  88.5900
Round 159 Fscore 

[]
Round 160 global test acc  89.4400
Round 160 Fscore 

[]
Round 161 global test acc  89.3100
Round 161 Fscore 

[]
Round 162 global test acc  89.0700
Round 162 Fscore 

[]
Round 163 global test acc  89.2600
Round 163 Fscore 

[]
Round 164 global test acc  89.6300
Round 164 Fscore 

[]
Round 165 global test acc  89.7900
Round 165 Fscore 

[]
Round 166 global test acc  89.1700
Round 166 Fscore 

[]
Round 167 global test acc  89.3300
Round 167 Fscore 

[]
Round 168 global test acc  88.2900
Round 168 Fscore 

[]
Round 169 global test acc  87.4400
Round 169 Fscore 

[]
Round 170 global test acc  88.1500
Round 170 Fscore 

[]
Round 171 global test acc  88.7900
Round 171 Fscore 

[]
Round 172 global test acc  89.0400
Round 172 Fscore 

[]
Round 173 global test acc  89.4400
Round 173 Fscore 

[]
Round 174 global test acc  89.1000
Round 174 Fscore 

[]
Round 175 global test acc  88.9100
Round 175 Fscore 

[]
Round 176 global test acc  89.0600
Round 176 Fscore 

[]
Round 177 global test acc  89.2500
Round 177 Fscore 

[]
Round 178 global test acc  88.3400
Round 178 Fscore 

[]
Round 179 global test acc  88.2600
Round 179 Fscore 

[]
Round 180 global test acc  89.0500
Round 180 Fscore 

[]
Round 181 global test acc  88.7800
Round 181 Fscore 

[]
Round 182 global test acc  89.0500
Round 182 Fscore 

[]
Round 183 global test acc  89.1200
Round 183 Fscore 

[]
Round 184 global test acc  89.6400
Round 184 Fscore 

[]
Round 185 global test acc  89.9000
Round 185 Fscore 

[]
Round 186 global test acc  90.2400
Round 186 Fscore 

[]
Round 187 global test acc  90.3700
Round 187 Fscore 

[]
Round 188 global test acc  89.7600
Round 188 Fscore 

[]
Round 189 global test acc  90.2300
Round 189 Fscore 

[]
Round 190 global test acc  89.6700
Round 190 Fscore 

[]
Round 191 global test acc  89.6500
Round 191 Fscore 

[]
Round 192 global test acc  89.3300
Round 192 Fscore 

[]
Round 193 global test acc  90.0000
Round 193 Fscore 

[]
Round 194 global test acc  90.2200
Round 194 Fscore 

[]
Round 195 global test acc  90.0000
Round 195 Fscore 

[]
Round 196 global test acc  90.3000
Round 196 Fscore 

[]
Round 197 global test acc  89.8400
Round 197 Fscore 

[]
Round 198 global test acc  89.9400
Round 198 Fscore 

[]
Round 199 global test acc  89.8100
Round 199 Fscore 

[0.9953246712684631, 0.9938650131225586, 0.9949341416358948, 0.9917743802070618, 0.9966499209403992, 0.9964763522148132, 0.9954832792282104, 0.9936072826385498, 0.9935815334320068, 0.9954545497894287, 0.997245192527771, 0.9949238896369934, 0.9893758296966553, 0.995279848575592, 0.9947275519371033, 0.9922928810119629, 0.991963267326355, 0.9942362904548645, 0.9990697503089905, 0.9873663783073425, 0.9925925731658936, 0.9921996593475342, 0.9951515793800354, 0.9979715347290039, 0.9914865493774414, 0.9979296326637268, 0.9958217144012451, 0.9933701157569885, 0.9869452118873596, 0.9846678376197815, 0.9946523904800415, 0.9959283471107483, 0.9828270077705383, 0.9975903630256653, 0.9943342804908752, 0.9933454394340515, 0.9841896891593933, 0.9910268783569336, 0.9928571581840515, 0.9964539408683777, 0.9964813590049744, 0.9970059990882874, 0.9918367266654968, 0.9962466955184937, 0.9942975640296936, 0.9904030561447144, 0.9959774613380432, 0.9963749051094055, 0.9942386746406555, 0.9954819083213806, 0.9934171438217163, 0.9980732202529907, 0.9886363744735718, 0.9963316321372986, 0.9919002652168274, 0.9941520094871521, 0.993017852306366, 0.9920294284820557, 0.9976133108139038, 0.9943774938583374, 0.996216893196106, 0.9908257126808167, 0.9961627125740051, 0.9929351210594177, 0.9981273412704468, 0.9872204661369324, 0.9891067743301392, 0.9957446455955505, 0.9952380657196045, 0.994940996170044, 0.9944925308227539, 0.9889705777168274, 0.9907621145248413, 0.9907485246658325, 0.9932157397270203, 0.9953488111495972, 1.0, 0.9884238243103027, 0.9940968155860901, 0.9959326386451721, 0.992936372756958, 0.9941434860229492, 0.9948293566703796, 0.9945945739746094, 0.9958041906356812, 0.989547073841095, 0.9946062564849854, 0.9929971694946289, 0.996372401714325, 0.9951314330101013, 0.9921363592147827, 0.9944751262664795, 0.9912280440330505, 0.993537962436676, 0.9973226189613342, 0.9964286088943481, 0.9950467944145203, 0.9943714141845703, 0.9958100318908691, 0.9946452975273132]
time : 19718.487810373306
('algorithm', 'RFL')
('gpu', 1)
('seed', 13)
('save_dir', './record/')
('rounds2', 200)
('local_ep', 5)
('frac2', 0.1)
('num_users', 100)
('local_bs', 32)
('lr', 0.1)
('model', 'lenet')
('num_classes', 10)
('level_n_system', 0.0)
('level_n_lowerb', 0.0)
('alpha_dirichlet', 10)
('non_iid_prob_class', 0.5)
('dataset', 'mnist')
('iid', False)
('LID_k', 20)
('iteration1', 5)
('rounds1', 200)
('frac1', 0.01)
('pretrained', False)
('mixup', False)
('alpha', 1)
('beta', 5)
('relabel_ratio', 0.5)
('confidence_thres', 0.5)
('clean_set_thres', 0.1)
('fine_tuning', True)
('correction', True)
('T_pl', 100)
('lambda_cen', 1.0)
('lambda_e', 0.8)
('num_gradual', 10)
('forget_rate', 0.2)
('lr_decay', 0.1)
('schedule', [])
('momentum', 0.5)
('weight_decay', 0.0001)
('feature_dim', 128)
('plr', 0.05)
('lamda', 15)
('K', 5)
('gamma', 1)
('begin_sel', 10)
('max_beta', 2)
('mu', 0.01)
('device', device(type='cuda', index=1))
LeNet(
  (conv1): Conv2d(1, 6, kernel_size=(5, 5), stride=(1, 1))
  (conv2): Conv2d(6, 16, kernel_size=(5, 5), stride=(1, 1))
  (batch_norm): BatchNorm2d(16, eps=1e-05, momentum=0.1, affine=True, track_running_stats=True)
  (fc1): Linear(in_features=400, out_features=120, bias=True)
  (fc2): Linear(in_features=120, out_features=84, bias=True)
  (fc3): Linear(in_features=84, out_features=10, bias=True)
)
Round 0 global test acc  36.7100
Round 0 Fscore 

[]
Round 1 global test acc  68.6800
Round 1 Fscore 

[]
Round 2 global test acc  70.4300
Round 2 Fscore 

[]
Round 3 global test acc  76.9600
Round 3 Fscore 

[]
Round 4 global test acc  78.9900
Round 4 Fscore 

[]
Round 5 global test acc  84.9800
Round 5 Fscore 

[]
Round 6 global test acc  84.1200
Round 6 Fscore 

[]
Round 7 global test acc  74.8600
Round 7 Fscore 

[]
Round 8 global test acc  85.7800
Round 8 Fscore 

[]
Round 9 global test acc  80.7200
Round 9 Fscore 

[]
Round 10 global test acc  87.8900
Round 10 Fscore 

[]
Round 11 global test acc  91.0600
Round 11 Fscore 

[]
Round 12 global test acc  91.5000
Round 12 Fscore 

[]
Round 13 global test acc  91.5400
Round 13 Fscore 

[]
Round 14 global test acc  91.1400
Round 14 Fscore 

[]
Round 15 global test acc  90.9100
Round 15 Fscore 

[]
Round 16 global test acc  77.7400
Round 16 Fscore 

[]
Round 17 global test acc  90.4500
Round 17 Fscore 

[]
Round 18 global test acc  91.2700
Round 18 Fscore 

[]
Round 19 global test acc  88.9900
Round 19 Fscore 

[]
Round 20 global test acc  30.5800
Round 20 Fscore 

[]
Round 21 global test acc  90.6100
Round 21 Fscore 

[]
Round 22 global test acc  92.3300
Round 22 Fscore 

[]
Round 23 global test acc  91.3400
Round 23 Fscore 

[]
Round 24 global test acc  90.6500
Round 24 Fscore 

[]
Round 25 global test acc  90.5400
Round 25 Fscore 

[]
Round 26 global test acc  89.7100
Round 26 Fscore 

[]
Round 27 global test acc  93.6500
Round 27 Fscore 

[]
Round 28 global test acc  92.4300
Round 28 Fscore 

[]
Round 29 global test acc  83.5600
Round 29 Fscore 

[]
Round 30 global test acc  92.4100
Round 30 Fscore 

[]
Round 31 global test acc  92.7400
Round 31 Fscore 

[]
Round 32 global test acc  93.2900
Round 32 Fscore 

[]
Round 33 global test acc  93.7800
Round 33 Fscore 

[]
Round 34 global test acc  93.2500
Round 34 Fscore 

[]
Round 35 global test acc  90.3000
Round 35 Fscore 

[]
Round 36 global test acc  91.5200
Round 36 Fscore 

[]
Round 37 global test acc  92.8000
Round 37 Fscore 

[]
Round 38 global test acc  92.9500
Round 38 Fscore 

[]
Round 39 global test acc  77.8700
Round 39 Fscore 

[]
Round 40 global test acc  92.6200
Round 40 Fscore 

[]
Round 41 global test acc  92.9000
Round 41 Fscore 

[]
Round 42 global test acc  92.7600
Round 42 Fscore 

[]
Round 43 global test acc  91.8200
Round 43 Fscore 

[]
Round 44 global test acc  93.6000
Round 44 Fscore 

[]
Round 45 global test acc  93.1200
Round 45 Fscore 

[]
Round 46 global test acc  90.0600
Round 46 Fscore 

[]
Round 47 global test acc  93.8600
Round 47 Fscore 

[]
Round 48 global test acc  93.0100
Round 48 Fscore 

[]
Round 49 global test acc  93.5400
Round 49 Fscore 

[]
Round 50 global test acc  92.9400
Round 50 Fscore 

[]
Round 51 global test acc  93.0200
Round 51 Fscore 

[]
Round 52 global test acc  92.7500
Round 52 Fscore 

[]
Round 53 global test acc  89.6300
Round 53 Fscore 

[]
Round 54 global test acc  93.0800
Round 54 Fscore 

[]
Round 55 global test acc  93.2700
Round 55 Fscore 

[]
Round 56 global test acc  94.0700
Round 56 Fscore 

[]
Round 57 global test acc  93.9700
Round 57 Fscore 

[]
Round 58 global test acc  89.5400
Round 58 Fscore 

[]
Round 59 global test acc  92.6900
Round 59 Fscore 

[]
Round 60 global test acc  92.9900
Round 60 Fscore 

[]
Round 61 global test acc  94.2100
Round 61 Fscore 

[]
Round 62 global test acc  94.3200
Round 62 Fscore 

[]
Round 63 global test acc  93.3500
Round 63 Fscore 

[]
Round 64 global test acc  94.2500
Round 64 Fscore 

[]
Round 65 global test acc  93.5000
Round 65 Fscore 

[]
Round 66 global test acc  94.4300
Round 66 Fscore 

[]
Round 67 global test acc  92.9600
Round 67 Fscore 

[]
Round 68 global test acc  94.7600
Round 68 Fscore 

[]
Round 69 global test acc  92.7500
Round 69 Fscore 

[]
Round 70 global test acc  94.3400
Round 70 Fscore 

[]
Round 71 global test acc  94.4200
Round 71 Fscore 

[]
Round 72 global test acc  94.0400
Round 72 Fscore 

[]
Round 73 global test acc  94.0200
Round 73 Fscore 

[]
Round 74 global test acc  92.0900
Round 74 Fscore 

[]
Round 75 global test acc  94.2000
Round 75 Fscore 

[]
Round 76 global test acc  94.4400
Round 76 Fscore 

[]
Round 77 global test acc  94.4100
Round 77 Fscore 

[]
Round 78 global test acc  94.6400
Round 78 Fscore 

[]
Round 79 global test acc  94.5700
Round 79 Fscore 

[]
Round 80 global test acc  93.5500
Round 80 Fscore 

[]
Round 81 global test acc  94.5700
Round 81 Fscore 

[]
Round 82 global test acc  86.1500
Round 82 Fscore 

[]
Round 83 global test acc  91.9100
Round 83 Fscore 

[]
Round 84 global test acc  93.4800
Round 84 Fscore 

[]
Round 85 global test acc  94.8600
Round 85 Fscore 

[]
Round 86 global test acc  94.6700
Round 86 Fscore 

[]
Round 87 global test acc  94.3100
Round 87 Fscore 

[]
Round 88 global test acc  94.6000
Round 88 Fscore 

[]
Round 89 global test acc  91.0900
Round 89 Fscore 

[]
Round 90 global test acc  94.2300
Round 90 Fscore 

[]
Round 91 global test acc  94.5300
Round 91 Fscore 

[]
Round 92 global test acc  94.7400
Round 92 Fscore 

[]
Round 93 global test acc  94.6400
Round 93 Fscore 

[]
Round 94 global test acc  94.7300
Round 94 Fscore 

[]
Round 95 global test acc  94.7700
Round 95 Fscore 

[]
Round 96 global test acc  94.4700
Round 96 Fscore 

[]
Round 97 global test acc  94.7100
Round 97 Fscore 

[]
Round 98 global test acc  94.9500
Round 98 Fscore 

[]
Round 99 global test acc  94.7800
Round 99 Fscore 

[]
Round 100 global test acc  93.5300
Round 100 Fscore 

[]
Round 101 global test acc  91.7600
Round 101 Fscore 

[]
Round 102 global test acc  90.7800
Round 102 Fscore 

[]
Round 103 global test acc  91.3000
Round 103 Fscore 

[]
Round 104 global test acc  91.1800
Round 104 Fscore 

[]
Round 105 global test acc  90.5900
Round 105 Fscore 

[]
Round 106 global test acc  88.7800
Round 106 Fscore 

[]
Round 107 global test acc  90.1700
Round 107 Fscore 

[]
Round 108 global test acc  90.8500
Round 108 Fscore 

[]
Round 109 global test acc  90.1600
Round 109 Fscore 

[]
Round 110 global test acc  90.2600
Round 110 Fscore 

[]
Round 111 global test acc  90.0400
Round 111 Fscore 

[]
Round 112 global test acc  89.5900
Round 112 Fscore 

[]
Round 113 global test acc  89.0700
Round 113 Fscore 

[]
Round 114 global test acc  88.3400
Round 114 Fscore 

[]
Round 115 global test acc  88.2100
Round 115 Fscore 

[]
Round 116 global test acc  88.4400
Round 116 Fscore 

[]
Round 117 global test acc  89.4800
Round 117 Fscore 

[]
Round 118 global test acc  89.8200
Round 118 Fscore 

[]
Round 119 global test acc  89.6300
Round 119 Fscore 

[]
Round 120 global test acc  90.8000
Round 120 Fscore 

[]
Round 121 global test acc  89.3800
Round 121 Fscore 

[]
Round 122 global test acc  89.1400
Round 122 Fscore 

[]
Round 123 global test acc  88.9200
Round 123 Fscore 

[]
Round 124 global test acc  89.6400
Round 124 Fscore 

[]
Round 125 global test acc  89.9000
Round 125 Fscore 

[]
Round 126 global test acc  90.1600
Round 126 Fscore 

[]
Round 127 global test acc  89.8100
Round 127 Fscore 

[]
Round 128 global test acc  90.5800
Round 128 Fscore 

[]
Round 129 global test acc  89.8500
Round 129 Fscore 

[]
Round 130 global test acc  90.2200
Round 130 Fscore 

[]
Round 131 global test acc  89.4200
Round 131 Fscore 

[]
Round 132 global test acc  89.7900
Round 132 Fscore 

[]
Round 133 global test acc  89.8000
Round 133 Fscore 

[]
Round 134 global test acc  89.6000
Round 134 Fscore 

[]
Round 135 global test acc  90.1500
Round 135 Fscore 

[]
Round 136 global test acc  89.7200
Round 136 Fscore 

[]
Round 137 global test acc  89.5900
Round 137 Fscore 

[]
Round 138 global test acc  89.7600
Round 138 Fscore 

[]
Round 139 global test acc  89.0400
Round 139 Fscore 

[]
Round 140 global test acc  88.4300
Round 140 Fscore 

[]
Round 141 global test acc  88.6200
Round 141 Fscore 

[]
Round 142 global test acc  88.7100
Round 142 Fscore 

[]
Round 143 global test acc  88.6700
Round 143 Fscore 

[]
Round 144 global test acc  89.3000
Round 144 Fscore 

[]
Round 145 global test acc  89.3300
Round 145 Fscore 

[]
Round 146 global test acc  89.5700
Round 146 Fscore 

[]
Round 147 global test acc  89.9100
Round 147 Fscore 

[]
Round 148 global test acc  89.5400
Round 148 Fscore 

[]
Round 149 global test acc  89.4200
Round 149 Fscore 

[]
Round 150 global test acc  89.1200
Round 150 Fscore 

[]
Round 151 global test acc  89.5400
Round 151 Fscore 

[]
Round 152 global test acc  89.2200
Round 152 Fscore 

[]
Round 153 global test acc  88.7200
Round 153 Fscore 

[]
Round 154 global test acc  88.3800
Round 154 Fscore 

[]
Round 155 global test acc  89.1500
Round 155 Fscore 

[]
Round 156 global test acc  89.1700
Round 156 Fscore 

[]
Round 157 global test acc  89.8600
Round 157 Fscore 

[]
Round 158 global test acc  90.1600
Round 158 Fscore 

[]
Round 159 global test acc  90.2300
Round 159 Fscore 

[]
Round 160 global test acc  90.1600
Round 160 Fscore 

[]
Round 161 global test acc  90.4300
Round 161 Fscore 

[]
Round 162 global test acc  89.8900
Round 162 Fscore 

[]
Round 163 global test acc  89.9800
Round 163 Fscore 

[]
Round 164 global test acc  90.1000
Round 164 Fscore 

[]
Round 165 global test acc  89.8500
Round 165 Fscore 

[]
Round 166 global test acc  89.4700
Round 166 Fscore 

[]
Round 167 global test acc  89.7100
Round 167 Fscore 

[]
Round 168 global test acc  89.9400
Round 168 Fscore 

[]
Round 169 global test acc  89.4900
Round 169 Fscore 

[]
Round 170 global test acc  89.2900
Round 170 Fscore 

[]
Round 171 global test acc  89.5500
Round 171 Fscore 

[]
Round 172 global test acc  89.9000
Round 172 Fscore 

[]
Round 173 global test acc  89.0700
Round 173 Fscore 

[]
Round 174 global test acc  88.8100
Round 174 Fscore 

[]
Round 175 global test acc  89.2500
Round 175 Fscore 

[]
Round 176 global test acc  89.1300
Round 176 Fscore 

[]
Round 177 global test acc  89.5900
Round 177 Fscore 

[]
Round 178 global test acc  89.3600
Round 178 Fscore 

[]
Round 179 global test acc  89.8000
Round 179 Fscore 

[]
Round 180 global test acc  89.9100
Round 180 Fscore 

[]
Round 181 global test acc  89.7500
Round 181 Fscore 

[]
Round 182 global test acc  89.6700
Round 182 Fscore 

[]
Round 183 global test acc  90.1300
Round 183 Fscore 

[]
Round 184 global test acc  90.3800
Round 184 Fscore 

[]
Round 185 global test acc  90.2300
Round 185 Fscore 

[]
Round 186 global test acc  90.5300
Round 186 Fscore 

[]
Round 187 global test acc  90.6600
Round 187 Fscore 

[]
Round 188 global test acc  91.0100
Round 188 Fscore 

[]
Round 189 global test acc  90.9400
Round 189 Fscore 

[]
Round 190 global test acc  90.5300
Round 190 Fscore 

[]
Round 191 global test acc  90.4800
Round 191 Fscore 

[]
Round 192 global test acc  90.2100
Round 192 Fscore 

[]
Round 193 global test acc  90.5800
Round 193 Fscore 

[]
Round 194 global test acc  90.2500
Round 194 Fscore 

[]
Round 195 global test acc  90.2300
Round 195 Fscore 

[]
Round 196 global test acc  90.3300
Round 196 Fscore 

[]
Round 197 global test acc  90.2000
Round 197 Fscore 

[]
Round 198 global test acc  90.7200
Round 198 Fscore 

[]
Round 199 global test acc  90.5100
Round 199 Fscore 

[0.9937564730644226, 0.9938650131225586, 0.9959513545036316, 0.9870129823684692, 0.9974895715713501, 0.9985935091972351, 0.9900091290473938, 0.9917657971382141, 0.9922879338264465, 0.9969742894172668, 0.9954001903533936, 0.9949238896369934, 0.9927200078964233, 0.9979825615882874, 0.9911816716194153, 0.9961612820625305, 0.9931192398071289, 0.994960367679596, 0.9990697503089905, 0.9922630190849304, 0.9925925731658936, 0.9953343272209167, 0.9951515793800354, 0.9969543218612671, 0.9954338073730469, 0.9958506226539612, 0.9965205788612366, 0.9922566413879395, 0.9948186278343201, 0.989830493927002, 0.9928571581840515, 0.9947003126144409, 0.9921466112136841, 0.9951691031455994, 0.9971750974655151, 0.9921259880065918, 0.9921568632125854, 0.9910268783569336, 0.9883407950401306, 0.9937777519226074, 0.9929378032684326, 0.9962547421455383, 0.991150438785553, 0.9962466955184937, 0.9953391551971436, 0.992337167263031, 0.9967845678329468, 0.9948133230209351, 0.9958915114402771, 0.993966817855835, 0.9952210187911987, 0.9961389899253845, 0.987197756767273, 0.9933774471282959, 0.9944064617156982, 0.9941520094871521, 0.9883086681365967, 0.993880033493042, 0.9952153563499451, 0.9919484853744507, 0.996216893196106, 0.9908257126808167, 0.9946194887161255, 0.9961587190628052, 0.9953051805496216, 0.9864108562469482, 0.9891067743301392, 0.9957446455955505, 0.9867947101593018, 0.9932432174682617, 0.9984326362609863, 0.9908257126808167, 0.9954023361206055, 0.9915966391563416, 0.9959404468536377, 0.9953488111495972, 0.9984176754951477, 0.9937998056411743, 0.9940968155860901, 0.9935935139656067, 0.992936372756958, 0.9970802664756775, 0.9927461743354797, 0.9945945739746094, 0.9951014518737793, 0.9918887615203857, 0.9902492165565491, 0.9929971694946289, 0.996372401714325, 0.9980582594871521, 0.9914753437042236, 0.9944751262664795, 0.9901207685470581, 0.994350254535675, 0.9946308135986328, 0.9914759397506714, 0.9939393997192383, 0.9867675304412842, 0.9951083064079285, 0.9953177571296692]
time : 20321.297639131546
