('algorithm', 'FedCorr')
('gpu', 0)
('seed', 13)
('save_dir', './record/')
('rounds2', 200)
('local_ep', 5)
('frac2', 0.1)
('num_users', 100)
('local_bs', 32)
('lr', 0.1)
('model', 'lenet')
('num_classes', 10)
('level_n_system', 0.5)
('level_n_lowerb', 0.3)
('alpha_dirichlet', 10)
('non_iid_prob_class', 0.5)
('dataset', 'mnist')
('iid', False)
('LID_k', 20)
('iteration1', 5)
('rounds1', 200)
('frac1', 0.01)
('pretrained', False)
('mixup', False)
('alpha', 1)
('beta', 5)
('relabel_ratio', 0.5)
('confidence_thres', 0.5)
('clean_set_thres', 0.1)
('fine_tuning', True)
('correction', True)
('T_pl', 100)
('lambda_cen', 1.0)
('lambda_e', 0.8)
('num_gradual', 10)
('forget_rate', 0.2)
('lr_decay', 0.1)
('schedule', [])
('momentum', 0.5)
('weight_decay', 0.0001)
('feature_dim', 128)
('plr', 0.1)
('lamda', 15)
('K', 1)
('gamma', 1)
('begin_sel', 10)
('max_beta', 2)
('mu', 0.01)
('device', device(type='cuda', index=0))
Client 0, noise level: 0.7877 (0.7089), real noise ratio: 0.7084
Client 2, noise level: 0.4944 (0.4450), real noise ratio: 0.4637
Client 3, noise level: 0.4635 (0.4172), real noise ratio: 0.3893
Client 4, noise level: 0.8920 (0.8028), real noise ratio: 0.8197
Client 6, noise level: 0.7822 (0.7040), real noise ratio: 0.6835
Client 7, noise level: 0.4074 (0.3667), real noise ratio: 0.3430
Client 8, noise level: 0.4425 (0.3983), real noise ratio: 0.3878
Client 9, noise level: 0.3473 (0.3126), real noise ratio: 0.2941
Client 13, noise level: 0.4574 (0.4116), real noise ratio: 0.3772
Client 15, noise level: 0.3237 (0.2913), real noise ratio: 0.2639
Client 20, noise level: 0.7283 (0.6555), real noise ratio: 0.6618
Client 23, noise level: 0.5618 (0.5056), real noise ratio: 0.5101
Client 26, noise level: 0.8716 (0.7844), real noise ratio: 0.8017
Client 27, noise level: 0.3558 (0.3202), real noise ratio: 0.3216
Client 29, noise level: 0.8867 (0.7980), real noise ratio: 0.7718
Client 30, noise level: 0.6949 (0.6254), real noise ratio: 0.6170
Client 32, noise level: 0.4015 (0.3614), real noise ratio: 0.3610
Client 33, noise level: 0.3690 (0.3321), real noise ratio: 0.3510
Client 35, noise level: 0.7970 (0.7173), real noise ratio: 0.7115
Client 38, noise level: 0.5606 (0.5045), real noise ratio: 0.5355
Client 41, noise level: 0.7353 (0.6618), real noise ratio: 0.6358
Client 42, noise level: 0.8045 (0.7240), real noise ratio: 0.7328
Client 47, noise level: 0.4586 (0.4127), real noise ratio: 0.4035
Client 48, noise level: 0.5133 (0.4620), real noise ratio: 0.4697
Client 50, noise level: 0.7860 (0.7074), real noise ratio: 0.6849
Client 51, noise level: 0.3370 (0.3033), real noise ratio: 0.2308
Client 56, noise level: 0.5591 (0.5031), real noise ratio: 0.5177
Client 57, noise level: 0.6532 (0.5879), real noise ratio: 0.5888
Client 59, noise level: 0.3915 (0.3523), real noise ratio: 0.3866
Client 60, noise level: 0.8911 (0.8020), real noise ratio: 0.8367
Client 62, noise level: 0.4187 (0.3768), real noise ratio: 0.3960
Client 67, noise level: 0.3696 (0.3326), real noise ratio: 0.3242
Client 68, noise level: 0.9393 (0.8454), real noise ratio: 0.8389
Client 69, noise level: 0.7046 (0.6341), real noise ratio: 0.6174
Client 72, noise level: 0.3069 (0.2762), real noise ratio: 0.2586
Client 75, noise level: 0.7848 (0.7064), real noise ratio: 0.7148
Client 78, noise level: 0.3984 (0.3586), real noise ratio: 0.3650
Client 79, noise level: 0.7685 (0.6916), real noise ratio: 0.6956
Client 80, noise level: 0.5127 (0.4614), real noise ratio: 0.4529
Client 83, noise level: 0.4420 (0.3978), real noise ratio: 0.4113
Client 88, noise level: 0.4144 (0.3729), real noise ratio: 0.3976
Client 90, noise level: 0.4952 (0.4457), real noise ratio: 0.4382
Client 91, noise level: 0.4432 (0.3989), real noise ratio: 0.4505
Client 94, noise level: 0.3650 (0.3285), real noise ratio: 0.3178
Client 98, noise level: 0.5071 (0.4564), real noise ratio: 0.4965
Client 99, noise level: 0.4163 (0.3747), real noise ratio: 0.3808
LeNet(
  (conv1): Conv2d(1, 6, kernel_size=(5, 5), stride=(1, 1))
  (conv2): Conv2d(6, 16, kernel_size=(5, 5), stride=(1, 1))
  (batch_norm): BatchNorm2d(16, eps=1e-05, momentum=0.1, affine=True, track_running_stats=True)
  (fc1): Linear(in_features=400, out_features=120, bias=True)
  (fc2): Linear(in_features=120, out_features=84, bias=True)
  (fc3): Linear(in_features=84, out_features=10, bias=True)
)
/data/jij/szl/FedNoisyLabelLearning/util/util.py:66: RuntimeWarning: divide by zero encountered in log
  f = lambda v: - k / (np.sum(np.log(v / (v[-1]+eps)))+eps)
Round 0 global test acc  97.0000
Round 1 global test acc  97.0500
Round 2 global test acc  96.0500
Round 3 global test acc  96.8400
Round 4 global test acc  96.8000
Round 5 global test acc  97.1900
Round 6 global test acc  97.0800
Round 7 global test acc  97.0400
Round 8 global test acc  97.0500
Round 9 global test acc  97.0500
Round 10 global test acc  96.9400
Round 11 global test acc  97.0000
Round 12 global test acc  97.0300
Round 13 global test acc  97.3600
Round 14 global test acc  97.1500
Round 15 global test acc  97.0100
Round 16 global test acc  97.1200
Round 17 global test acc  97.0100
Round 18 global test acc  97.0600
Round 19 global test acc  96.6300
Round 20 global test acc  96.6700
Round 21 global test acc  96.7000
Round 22 global test acc  97.1500
Round 23 global test acc  96.7700
Round 24 global test acc  96.8500
Round 25 global test acc  96.9000
Round 26 global test acc  97.0500
Round 27 global test acc  96.9500
Round 28 global test acc  96.5000
Round 29 global test acc  97.0200
Round 30 global test acc  96.7700
Round 31 global test acc  96.1600
Round 32 global test acc  97.1300
Round 33 global test acc  97.1300
Round 34 global test acc  97.2200
Round 35 global test acc  97.1000
Round 36 global test acc  97.0300
Round 37 global test acc  97.0200
Round 38 global test acc  97.0600
Round 39 global test acc  97.0400
Round 40 global test acc  96.9900
Round 41 global test acc  97.3500
Round 42 global test acc  97.3600
Round 43 global test acc  97.0100
Round 44 global test acc  96.7200
Round 45 global test acc  97.1300
Round 46 global test acc  96.5100
Round 47 global test acc  97.3400
Round 48 global test acc  97.1900
Round 49 global test acc  97.0200
Round 50 global test acc  96.8300
Round 51 global test acc  96.9700
Round 52 global test acc  97.1100
Round 53 global test acc  97.0600
Round 54 global test acc  97.0500
Round 55 global test acc  97.0800
Round 56 global test acc  97.1200
Round 57 global test acc  97.1300
Round 58 global test acc  96.7300
Round 59 global test acc  96.8000
Round 60 global test acc  97.2700
Round 61 global test acc  97.1100
Round 62 global test acc  97.0100
Round 63 global test acc  97.0700
Round 64 global test acc  97.4200
Round 65 global test acc  96.9800
Round 66 global test acc  97.0800
Round 67 global test acc  97.0400
Round 68 global test acc  97.2300
Round 69 global test acc  97.1400
Round 70 global test acc  97.1300
Round 71 global test acc  96.6700
Round 72 global test acc  96.9600
Round 73 global test acc  97.3600
Round 74 global test acc  97.0300
Round 75 global test acc  96.6200
Round 76 global test acc  97.1400
Round 77 global test acc  97.3100
Round 78 global test acc  96.7900
Round 79 global test acc  97.2300
Round 80 global test acc  97.3600
Round 81 global test acc  96.8800
Round 82 global test acc  96.7400
Round 83 global test acc  97.0400
Round 84 global test acc  96.6700
Round 85 global test acc  97.0900
Round 86 global test acc  97.1100
Round 87 global test acc  96.9500
Round 88 global test acc  97.0700
Round 89 global test acc  97.0400
Round 90 global test acc  97.4300
Round 91 global test acc  97.0700
Round 92 global test acc  96.6800
Round 93 global test acc  96.8900
Round 94 global test acc  97.2000
Round 95 global test acc  97.1700
Round 96 global test acc  97.2100
Round 97 global test acc  96.9500
Round 98 global test acc  96.8900
Round 99 global test acc  97.1200
Round 100 global test acc  97.1900
Round 101 global test acc  97.1600
Round 102 global test acc  97.2500
Round 103 global test acc  97.0700
Round 104 global test acc  97.0300
Round 105 global test acc  96.9500
Round 106 global test acc  96.7300
Round 107 global test acc  97.0700
Round 108 global test acc  97.2100
Round 109 global test acc  96.8700
Round 110 global test acc  97.0000
Round 111 global test acc  97.0600
Round 112 global test acc  96.3700
Round 113 global test acc  96.9600
Round 114 global test acc  97.1500
Round 115 global test acc  97.2400
Round 116 global test acc  97.0100
Round 117 global test acc  96.8900
Round 118 global test acc  96.8300
Round 119 global test acc  96.8300
Round 120 global test acc  96.8600
Round 121 global test acc  96.6900
Round 122 global test acc  96.8100
Round 123 global test acc  96.6900
Round 124 global test acc  96.5400
Round 125 global test acc  96.7100
Round 126 global test acc  96.8500
Round 127 global test acc  97.1200
Round 128 global test acc  97.0000
Round 129 global test acc  97.2000
Round 130 global test acc  97.2600
Round 131 global test acc  96.9100
Round 132 global test acc  96.7500
Round 133 global test acc  97.0600
Round 134 global test acc  96.8700
Round 135 global test acc  97.0700
Round 136 global test acc  96.3900
Round 137 global test acc  97.0000
Round 138 global test acc  96.9800
Round 139 global test acc  96.9400
Round 140 global test acc  96.7200
Round 141 global test acc  97.1700
Round 142 global test acc  97.1800
Round 143 global test acc  97.1600
Round 144 global test acc  97.1900
Round 145 global test acc  97.2300
Round 146 global test acc  96.9700
Round 147 global test acc  97.0500
Round 148 global test acc  97.2600
Round 149 global test acc  97.1400
Round 150 global test acc  96.9900
Round 151 global test acc  97.3800
Round 152 global test acc  97.2400
Round 153 global test acc  97.1100
Round 154 global test acc  97.2600
Round 155 global test acc  97.1200
Round 156 global test acc  96.7600
Round 157 global test acc  97.0000
Round 158 global test acc  96.7700
Round 159 global test acc  96.7500
Round 160 global test acc  96.9200
Round 161 global test acc  96.9000
Round 162 global test acc  97.1400
Round 163 global test acc  97.2100
Round 164 global test acc  96.7500
Round 165 global test acc  96.9100
Round 166 global test acc  97.1600
Round 167 global test acc  97.0800
Round 168 global test acc  97.1400
Round 169 global test acc  97.1200
Round 170 global test acc  97.0600
Round 171 global test acc  97.0200
Round 172 global test acc  97.0400
Round 173 global test acc  96.5500
Round 174 global test acc  97.1000
Round 175 global test acc  97.2300
Round 176 global test acc  97.1500
Round 177 global test acc  96.7300
Round 178 global test acc  97.3600
Round 179 global test acc  97.3600
Round 180 global test acc  97.0000
Round 181 global test acc  96.7600
Round 182 global test acc  96.8500
Round 183 global test acc  96.8200
Round 184 global test acc  97.0700
Round 185 global test acc  97.4300
Round 186 global test acc  97.1800
Round 187 global test acc  97.1900
Round 188 global test acc  97.0300
Round 189 global test acc  96.3800
Round 190 global test acc  96.8900
Round 191 global test acc  97.0100
Round 192 global test acc  96.8700
Round 193 global test acc  96.9900
Round 194 global test acc  96.9400
Round 195 global test acc  97.2900
Round 196 global test acc  97.2400
Round 197 global test acc  97.2400
Round 198 global test acc  97.1500
Round 199 global test acc  96.7800
time : 8064.6505715847015
('algorithm', 'FedCorr')
('gpu', 0)
('seed', 13)
('save_dir', './record/')
('rounds2', 200)
('local_ep', 5)
('frac2', 0.1)
('num_users', 100)
('local_bs', 32)
('lr', 0.1)
('model', 'lenet')
('num_classes', 10)
('level_n_system', 0.5)
('level_n_lowerb', 0.3)
('alpha_dirichlet', 10)
('non_iid_prob_class', 0.5)
('dataset', 'mnist')
('iid', False)
('LID_k', 20)
('iteration1', 5)
('rounds1', 200)
('frac1', 0.01)
('pretrained', False)
('mixup', False)
('alpha', 1)
('beta', 5)
('relabel_ratio', 0.5)
('confidence_thres', 0.5)
('clean_set_thres', 0.1)
('fine_tuning', True)
('correction', True)
('T_pl', 100)
('lambda_cen', 1.0)
('lambda_e', 0.8)
('num_gradual', 10)
('forget_rate', 0.2)
('lr_decay', 0.1)
('schedule', [])
('momentum', 0.5)
('weight_decay', 0.0001)
('feature_dim', 128)
('plr', 0.1)
('lamda', 15)
('K', 1)
('gamma', 1)
('begin_sel', 10)
('max_beta', 2)
('mu', 0.01)
('device', device(type='cuda', index=0))
Client 0, noise level: 0.7877 (0.7089), real noise ratio: 0.7084
Client 2, noise level: 0.4944 (0.4450), real noise ratio: 0.4637
Client 3, noise level: 0.4635 (0.4172), real noise ratio: 0.3893
Client 4, noise level: 0.8920 (0.8028), real noise ratio: 0.8197
Client 6, noise level: 0.7822 (0.7040), real noise ratio: 0.6835
Client 7, noise level: 0.4074 (0.3667), real noise ratio: 0.3430
Client 8, noise level: 0.4425 (0.3983), real noise ratio: 0.3878
Client 9, noise level: 0.3473 (0.3126), real noise ratio: 0.2941
Client 13, noise level: 0.4574 (0.4116), real noise ratio: 0.3772
Client 15, noise level: 0.3237 (0.2913), real noise ratio: 0.2639
Client 20, noise level: 0.7283 (0.6555), real noise ratio: 0.6618
Client 23, noise level: 0.5618 (0.5056), real noise ratio: 0.5101
Client 26, noise level: 0.8716 (0.7844), real noise ratio: 0.8017
Client 27, noise level: 0.3558 (0.3202), real noise ratio: 0.3216
Client 29, noise level: 0.8867 (0.7980), real noise ratio: 0.7718
Client 30, noise level: 0.6949 (0.6254), real noise ratio: 0.6170
Client 32, noise level: 0.4015 (0.3614), real noise ratio: 0.3610
Client 33, noise level: 0.3690 (0.3321), real noise ratio: 0.3510
Client 35, noise level: 0.7970 (0.7173), real noise ratio: 0.7115
Client 38, noise level: 0.5606 (0.5045), real noise ratio: 0.5355
Client 41, noise level: 0.7353 (0.6618), real noise ratio: 0.6358
Client 42, noise level: 0.8045 (0.7240), real noise ratio: 0.7328
Client 47, noise level: 0.4586 (0.4127), real noise ratio: 0.4035
Client 48, noise level: 0.5133 (0.4620), real noise ratio: 0.4697
Client 50, noise level: 0.7860 (0.7074), real noise ratio: 0.6849
Client 51, noise level: 0.3370 (0.3033), real noise ratio: 0.2308
Client 56, noise level: 0.5591 (0.5031), real noise ratio: 0.5177
Client 57, noise level: 0.6532 (0.5879), real noise ratio: 0.5888
Client 59, noise level: 0.3915 (0.3523), real noise ratio: 0.3866
Client 60, noise level: 0.8911 (0.8020), real noise ratio: 0.8367
Client 62, noise level: 0.4187 (0.3768), real noise ratio: 0.3960
Client 67, noise level: 0.3696 (0.3326), real noise ratio: 0.3242
Client 68, noise level: 0.9393 (0.8454), real noise ratio: 0.8389
Client 69, noise level: 0.7046 (0.6341), real noise ratio: 0.6174
Client 72, noise level: 0.3069 (0.2762), real noise ratio: 0.2586
Client 75, noise level: 0.7848 (0.7064), real noise ratio: 0.7148
Client 78, noise level: 0.3984 (0.3586), real noise ratio: 0.3650
Client 79, noise level: 0.7685 (0.6916), real noise ratio: 0.6956
Client 80, noise level: 0.5127 (0.4614), real noise ratio: 0.4529
Client 83, noise level: 0.4420 (0.3978), real noise ratio: 0.4113
Client 88, noise level: 0.4144 (0.3729), real noise ratio: 0.3976
Client 90, noise level: 0.4952 (0.4457), real noise ratio: 0.4382
Client 91, noise level: 0.4432 (0.3989), real noise ratio: 0.4505
Client 94, noise level: 0.3650 (0.3285), real noise ratio: 0.3178
Client 98, noise level: 0.5071 (0.4564), real noise ratio: 0.4965
Client 99, noise level: 0.4163 (0.3747), real noise ratio: 0.3808
LeNet(
  (conv1): Conv2d(1, 6, kernel_size=(5, 5), stride=(1, 1))
  (conv2): Conv2d(6, 16, kernel_size=(5, 5), stride=(1, 1))
  (batch_norm): BatchNorm2d(16, eps=1e-05, momentum=0.1, affine=True, track_running_stats=True)
  (fc1): Linear(in_features=400, out_features=120, bias=True)
  (fc2): Linear(in_features=120, out_features=84, bias=True)
  (fc3): Linear(in_features=84, out_features=10, bias=True)
)
Round 0 global test acc  94.8400
Round 1 global test acc  95.0800
Round 2 global test acc  96.1700
Round 3 global test acc  96.3000
Round 4 global test acc  96.0800
Round 5 global test acc  96.1500
Round 6 global test acc  96.6200
Round 7 global test acc  96.5300
Round 8 global test acc  95.8800
Round 9 global test acc  96.2600
Round 10 global test acc  96.4400
Round 11 global test acc  96.6800
Round 12 global test acc  96.4600
Round 13 global test acc  96.3300
Round 14 global test acc  96.8000
Round 15 global test acc  96.8400
Round 16 global test acc  96.8500
Round 17 global test acc  96.6100
Round 18 global test acc  96.9900
Round 19 global test acc  96.8700
Round 20 global test acc  96.4300
Round 21 global test acc  97.0600
Round 22 global test acc  97.0500
Round 23 global test acc  96.6300
Round 24 global test acc  96.5600
Round 25 global test acc  96.5400
Round 26 global test acc  96.5900
Round 27 global test acc  96.5600
Round 28 global test acc  96.6900
Round 29 global test acc  96.6200
Round 30 global test acc  97.0800
Round 31 global test acc  96.8800
Round 32 global test acc  96.6600
Round 33 global test acc  96.6400
Round 34 global test acc  96.3300
Round 35 global test acc  96.8100
Round 36 global test acc  96.2000
Round 37 global test acc  96.8900
Round 38 global test acc  96.8900
Round 39 global test acc  96.9200
Round 40 global test acc  96.6900
Round 41 global test acc  96.8700
Round 42 global test acc  96.8400
Round 43 global test acc  96.7300
Round 44 global test acc  96.8800
Round 45 global test acc  96.8300
Round 46 global test acc  96.7000
Round 47 global test acc  96.5300
Round 48 global test acc  96.9100
Round 49 global test acc  96.8000
Round 50 global test acc  96.8200
Round 51 global test acc  96.8800
Round 52 global test acc  96.6900
Round 53 global test acc  96.6800
Round 54 global test acc  96.7300
Round 55 global test acc  96.8600
Round 56 global test acc  96.9400
Round 57 global test acc  96.8400
Round 58 global test acc  96.8300
Round 59 global test acc  96.7200
Round 60 global test acc  96.6600
Round 61 global test acc  96.6000
Round 62 global test acc  97.0400
Round 63 global test acc  96.9300
Round 64 global test acc  97.0100
Round 65 global test acc  96.7600
Round 66 global test acc  97.1400
Round 67 global test acc  96.7000
Round 68 global test acc  96.7300
Round 69 global test acc  96.9400
Round 70 global test acc  96.5100
Round 71 global test acc  96.7400
Round 72 global test acc  96.1200
Round 73 global test acc  96.9500
Round 74 global test acc  96.9200
Round 75 global test acc  96.9900
Round 76 global test acc  96.9600
Round 77 global test acc  96.5500
Round 78 global test acc  96.8600
Round 79 global test acc  96.9700
Round 80 global test acc  96.7000
Round 81 global test acc  96.7300
Round 82 global test acc  96.5300
Round 83 global test acc  96.8600
Round 84 global test acc  97.0900
Round 85 global test acc  96.9000
Round 86 global test acc  96.8600
Round 87 global test acc  96.8500
Round 88 global test acc  96.8500
Round 89 global test acc  96.6200
Round 90 global test acc  97.0600
Round 91 global test acc  96.9100
Round 92 global test acc  96.7200
Round 93 global test acc  96.9500
Round 94 global test acc  97.0400
Round 95 global test acc  96.2200
Round 96 global test acc  96.6200
Round 97 global test acc  96.5900
Round 98 global test acc  96.7900
Round 99 global test acc  96.7600
Round 100 global test acc  96.4000
Round 101 global test acc  96.6700
Round 102 global test acc  96.6100
Round 103 global test acc  96.4600
Round 104 global test acc  96.4800
Round 105 global test acc  96.9200
Round 106 global test acc  96.5600
Round 107 global test acc  96.7600
Round 108 global test acc  96.7500
Round 109 global test acc  97.0500
Round 110 global test acc  97.1300
Round 111 global test acc  96.8600
Round 112 global test acc  97.0200
Round 113 global test acc  97.1800
Round 114 global test acc  97.0600
Round 115 global test acc  96.7200
Round 116 global test acc  96.8700
Round 117 global test acc  96.6600
Round 118 global test acc  96.6300
Round 119 global test acc  96.6200
Round 120 global test acc  96.7000
Round 121 global test acc  96.9100
Round 122 global test acc  96.8600
Round 123 global test acc  96.8200
Round 124 global test acc  96.8300
Round 125 global test acc  96.9500
Round 126 global test acc  97.2100
Round 127 global test acc  96.9300
Round 128 global test acc  96.9500
Round 129 global test acc  96.8900
Round 130 global test acc  96.6400
Round 131 global test acc  96.9600
Round 132 global test acc  96.3200
Round 133 global test acc  96.7600
Round 134 global test acc  96.7900
Round 135 global test acc  96.7700
Round 136 global test acc  96.7200
Round 137 global test acc  96.8500
Round 138 global test acc  96.8100
Round 139 global test acc  97.0200
Round 140 global test acc  96.5900
Round 141 global test acc  96.8600
Round 142 global test acc  96.8400
Round 143 global test acc  97.0500
Round 144 global test acc  97.0000
Round 145 global test acc  97.0300
Round 146 global test acc  96.7700
Round 147 global test acc  96.6400
Round 148 global test acc  96.8100
Round 149 global test acc  96.9400
Round 150 global test acc  96.8500
Round 151 global test acc  96.7900
Round 152 global test acc  97.0300
Round 153 global test acc  96.9800
Round 154 global test acc  97.1300
Round 155 global test acc  96.8300
Round 156 global test acc  96.9200
Round 157 global test acc  96.7900
Round 158 global test acc  96.5400
Round 159 global test acc  96.9400
Round 160 global test acc  96.9200
Round 161 global test acc  97.0700
Round 162 global test acc  97.0300
Round 163 global test acc  96.6400
Round 164 global test acc  96.8600
Round 165 global test acc  96.8000
Round 166 global test acc  96.6400
Round 167 global test acc  96.8300
Round 168 global test acc  96.6100
Round 169 global test acc  96.6500
Round 170 global test acc  96.9300
Round 171 global test acc  96.8200
Round 172 global test acc  96.5900
Round 173 global test acc  96.8800
Round 174 global test acc  96.6800
Round 175 global test acc  96.7100
Round 176 global test acc  96.8900
Round 177 global test acc  96.7800
Round 178 global test acc  96.9900
Round 179 global test acc  96.9300
Round 180 global test acc  96.7700
Round 181 global test acc  96.6000
Round 182 global test acc  96.8600
Round 183 global test acc  96.7800
Round 184 global test acc  96.8900
Round 185 global test acc  96.7800
Round 186 global test acc  97.1200
Round 187 global test acc  96.7000
Round 188 global test acc  96.9200
Round 189 global test acc  96.8600
Round 190 global test acc  96.9200
Round 191 global test acc  96.9000
Round 192 global test acc  96.7800
Round 193 global test acc  96.8100
Round 194 global test acc  96.7800
Round 195 global test acc  96.8000
Round 196 global test acc  96.7900
Round 197 global test acc  96.7100
Round 198 global test acc  97.2900
Round 199 global test acc  97.2000
time : 7748.121236562729
('algorithm', 'FedCorr')
('gpu', 0)
('seed', 13)
('save_dir', './record/')
('rounds2', 200)
('local_ep', 5)
('frac2', 0.1)
('num_users', 100)
('local_bs', 32)
('lr', 0.1)
('model', 'lenet')
('num_classes', 10)
('level_n_system', 0.5)
('level_n_lowerb', 0.3)
('alpha_dirichlet', 10)
('non_iid_prob_class', 0.5)
('dataset', 'mnist')
('iid', False)
('LID_k', 20)
('iteration1', 5)
('rounds1', 200)
('frac1', 0.01)
('pretrained', False)
('mixup', False)
('alpha', 1)
('beta', 5)
('relabel_ratio', 0.5)
('confidence_thres', 0.5)
('clean_set_thres', 0.1)
('fine_tuning', True)
('correction', True)
('T_pl', 100)
('lambda_cen', 1.0)
('lambda_e', 0.8)
('num_gradual', 10)
('forget_rate', 0.2)
('lr_decay', 0.1)
('schedule', [])
('momentum', 0.5)
('weight_decay', 0.0001)
('feature_dim', 128)
('plr', 0.1)
('lamda', 15)
('K', 1)
('gamma', 1)
('begin_sel', 10)
('max_beta', 2)
('mu', 0.01)
('device', device(type='cuda', index=0))
Client 0, noise level: 0.7877 (0.7089), real noise ratio: 0.7084
Client 2, noise level: 0.4944 (0.4450), real noise ratio: 0.4637
Client 3, noise level: 0.4635 (0.4172), real noise ratio: 0.3893
Client 4, noise level: 0.8920 (0.8028), real noise ratio: 0.8197
Client 6, noise level: 0.7822 (0.7040), real noise ratio: 0.6835
Client 7, noise level: 0.4074 (0.3667), real noise ratio: 0.3430
Client 8, noise level: 0.4425 (0.3983), real noise ratio: 0.3878
Client 9, noise level: 0.3473 (0.3126), real noise ratio: 0.2941
Client 13, noise level: 0.4574 (0.4116), real noise ratio: 0.3772
Client 15, noise level: 0.3237 (0.2913), real noise ratio: 0.2639
Client 20, noise level: 0.7283 (0.6555), real noise ratio: 0.6618
Client 23, noise level: 0.5618 (0.5056), real noise ratio: 0.5101
Client 26, noise level: 0.8716 (0.7844), real noise ratio: 0.8017
Client 27, noise level: 0.3558 (0.3202), real noise ratio: 0.3216
Client 29, noise level: 0.8867 (0.7980), real noise ratio: 0.7718
Client 30, noise level: 0.6949 (0.6254), real noise ratio: 0.6170
Client 32, noise level: 0.4015 (0.3614), real noise ratio: 0.3610
Client 33, noise level: 0.3690 (0.3321), real noise ratio: 0.3510
Client 35, noise level: 0.7970 (0.7173), real noise ratio: 0.7115
Client 38, noise level: 0.5606 (0.5045), real noise ratio: 0.5355
Client 41, noise level: 0.7353 (0.6618), real noise ratio: 0.6358
Client 42, noise level: 0.8045 (0.7240), real noise ratio: 0.7328
Client 47, noise level: 0.4586 (0.4127), real noise ratio: 0.4035
Client 48, noise level: 0.5133 (0.4620), real noise ratio: 0.4697
Client 50, noise level: 0.7860 (0.7074), real noise ratio: 0.6849
Client 51, noise level: 0.3370 (0.3033), real noise ratio: 0.2308
Client 56, noise level: 0.5591 (0.5031), real noise ratio: 0.5177
Client 57, noise level: 0.6532 (0.5879), real noise ratio: 0.5888
Client 59, noise level: 0.3915 (0.3523), real noise ratio: 0.3866
Client 60, noise level: 0.8911 (0.8020), real noise ratio: 0.8367
Client 62, noise level: 0.4187 (0.3768), real noise ratio: 0.3960
Client 67, noise level: 0.3696 (0.3326), real noise ratio: 0.3242
Client 68, noise level: 0.9393 (0.8454), real noise ratio: 0.8389
Client 69, noise level: 0.7046 (0.6341), real noise ratio: 0.6174
Client 72, noise level: 0.3069 (0.2762), real noise ratio: 0.2586
Client 75, noise level: 0.7848 (0.7064), real noise ratio: 0.7148
Client 78, noise level: 0.3984 (0.3586), real noise ratio: 0.3650
Client 79, noise level: 0.7685 (0.6916), real noise ratio: 0.6956
Client 80, noise level: 0.5127 (0.4614), real noise ratio: 0.4529
Client 83, noise level: 0.4420 (0.3978), real noise ratio: 0.4113
Client 88, noise level: 0.4144 (0.3729), real noise ratio: 0.3976
Client 90, noise level: 0.4952 (0.4457), real noise ratio: 0.4382
Client 91, noise level: 0.4432 (0.3989), real noise ratio: 0.4505
Client 94, noise level: 0.3650 (0.3285), real noise ratio: 0.3178
Client 98, noise level: 0.5071 (0.4564), real noise ratio: 0.4965
Client 99, noise level: 0.4163 (0.3747), real noise ratio: 0.3808
LeNet(
  (conv1): Conv2d(1, 6, kernel_size=(5, 5), stride=(1, 1))
  (conv2): Conv2d(6, 16, kernel_size=(5, 5), stride=(1, 1))
  (batch_norm): BatchNorm2d(16, eps=1e-05, momentum=0.1, affine=True, track_running_stats=True)
  (fc1): Linear(in_features=400, out_features=120, bias=True)
  (fc2): Linear(in_features=120, out_features=84, bias=True)
  (fc3): Linear(in_features=84, out_features=10, bias=True)
)
/data/jij/szl/FedNoisyLabelLearning/util/util.py:66: RuntimeWarning: divide by zero encountered in log
  f = lambda v: - k / (np.sum(np.log(v / (v[-1]+eps)))+eps)
Round 0 global test acc  97.3500
Round 0 Fscore 

[]
Round 1 global test acc  97.2900
Round 1 Fscore 

[]
Round 2 global test acc  97.5100
Round 2 Fscore 

[]
Round 3 global test acc  97.4800
Round 3 Fscore 

[]
Round 4 global test acc  97.4400
Round 4 Fscore 

[]
Round 5 global test acc  97.6200
Round 5 Fscore 

[]
Round 6 global test acc  97.4900
Round 6 Fscore 

[]
Round 7 global test acc  97.2200
Round 7 Fscore 

[]
Round 8 global test acc  97.5000
Round 8 Fscore 

[]
Round 9 global test acc  97.5700
Round 9 Fscore 

[]
Round 10 global test acc  97.3400
Round 10 Fscore 

[]
Round 11 global test acc  97.3900
Round 11 Fscore 

[]
Round 12 global test acc  96.9100
Round 12 Fscore 

[]
Round 13 global test acc  97.4400
Round 13 Fscore 

[]
Round 14 global test acc  97.2600
Round 14 Fscore 

[]
Round 15 global test acc  97.3100
Round 15 Fscore 

[]
Round 16 global test acc  97.1600
Round 16 Fscore 

[]
Round 17 global test acc  97.1000
Round 17 Fscore 

[]
Round 18 global test acc  97.1000
Round 18 Fscore 

[]
Round 19 global test acc  97.1700
Round 19 Fscore 

[]
Round 20 global test acc  97.4200
Round 20 Fscore 

[]
Round 21 global test acc  97.5600
Round 21 Fscore 

[]
Round 22 global test acc  96.9100
Round 22 Fscore 

[]
Round 23 global test acc  97.4100
Round 23 Fscore 

[]
Round 24 global test acc  97.2300
Round 24 Fscore 

[]
Round 25 global test acc  97.5700
Round 25 Fscore 

[]
Round 26 global test acc  97.2300
Round 26 Fscore 

[]
Round 27 global test acc  97.5800
Round 27 Fscore 

[]
Round 28 global test acc  97.2000
Round 28 Fscore 

[]
Round 29 global test acc  97.2000
Round 29 Fscore 

[]
Round 30 global test acc  97.1200
Round 30 Fscore 

[]
Round 31 global test acc  97.3400
Round 31 Fscore 

[]
Round 32 global test acc  97.1500
Round 32 Fscore 

[]
Round 33 global test acc  97.1300
Round 33 Fscore 

[]
Round 34 global test acc  97.2300
Round 34 Fscore 

[]
Round 35 global test acc  97.2200
Round 35 Fscore 

[]
Round 36 global test acc  97.3800
Round 36 Fscore 

[]
Round 37 global test acc  97.2700
Round 37 Fscore 

[]
Round 38 global test acc  97.4200
Round 38 Fscore 

[]
Round 39 global test acc  97.3000
Round 39 Fscore 

[]
Round 40 global test acc  96.9900
Round 40 Fscore 

[]
Round 41 global test acc  97.3800
Round 41 Fscore 

[]
Round 42 global test acc  97.4000
Round 42 Fscore 

[]
Round 43 global test acc  96.9900
Round 43 Fscore 

[]
Round 44 global test acc  97.2400
Round 44 Fscore 

[]
Round 45 global test acc  97.3900
Round 45 Fscore 

[]
Round 46 global test acc  97.4200
Round 46 Fscore 

[]
Round 47 global test acc  97.0400
Round 47 Fscore 

[]
Round 48 global test acc  97.0900
Round 48 Fscore 

[]
Round 49 global test acc  97.3100
Round 49 Fscore 

[]
Round 50 global test acc  97.5500
Round 50 Fscore 

[]
Round 51 global test acc  97.0200
Round 51 Fscore 

[]
Round 52 global test acc  97.5400
Round 52 Fscore 

[]
Round 53 global test acc  97.1100
Round 53 Fscore 

[]
Round 54 global test acc  97.7000
Round 54 Fscore 

[]
Round 55 global test acc  97.3400
Round 55 Fscore 

[]
Round 56 global test acc  97.3500
Round 56 Fscore 

[]
Round 57 global test acc  97.1900
Round 57 Fscore 

[]
Round 58 global test acc  97.1600
Round 58 Fscore 

[]
Round 59 global test acc  97.3400
Round 59 Fscore 

[]
Round 60 global test acc  96.9700
Round 60 Fscore 

[]
Round 61 global test acc  97.1300
Round 61 Fscore 

[]
Round 62 global test acc  97.5300
Round 62 Fscore 

[]
Round 63 global test acc  97.2900
Round 63 Fscore 

[]
Round 64 global test acc  97.4300
Round 64 Fscore 

[]
Round 65 global test acc  97.5900
Round 65 Fscore 

[]
Round 66 global test acc  97.0800
Round 66 Fscore 

[]
Round 67 global test acc  97.3300
Round 67 Fscore 

[]
Round 68 global test acc  97.2900
Round 68 Fscore 

[]
Round 69 global test acc  97.5400
Round 69 Fscore 

[]
Round 70 global test acc  97.3500
Round 70 Fscore 

[]
Round 71 global test acc  97.2100
Round 71 Fscore 

[]
Round 72 global test acc  97.3700
Round 72 Fscore 

[]
Round 73 global test acc  97.5600
Round 73 Fscore 

[]
Round 74 global test acc  97.1800
Round 74 Fscore 

[]
Round 75 global test acc  97.3800
Round 75 Fscore 

[]
Round 76 global test acc  97.5600
Round 76 Fscore 

[]
Round 77 global test acc  97.7000
Round 77 Fscore 

[]
Round 78 global test acc  97.4200
Round 78 Fscore 

[]
Round 79 global test acc  97.3600
Round 79 Fscore 

[]
Round 80 global test acc  97.6800
Round 80 Fscore 

[]
Round 81 global test acc  97.2900
Round 81 Fscore 

[]
Round 82 global test acc  97.5100
Round 82 Fscore 

[]
Round 83 global test acc  97.1100
Round 83 Fscore 

[]
Round 84 global test acc  96.9900
Round 84 Fscore 

[]
Round 85 global test acc  97.3300
Round 85 Fscore 

[]
Round 86 global test acc  97.3800
Round 86 Fscore 

[]
Round 87 global test acc  97.5800
Round 87 Fscore 

[]
Round 88 global test acc  97.3100
Round 88 Fscore 

[]
Round 89 global test acc  97.4800
Round 89 Fscore 

[]
Round 90 global test acc  97.1500
Round 90 Fscore 

[]
Round 91 global test acc  97.5500
Round 91 Fscore 

[]
Round 92 global test acc  97.0600
Round 92 Fscore 

[]
Round 93 global test acc  97.5500
Round 93 Fscore 

[]
Round 94 global test acc  97.2000
Round 94 Fscore 

[]
Round 95 global test acc  97.2100
Round 95 Fscore 

[]
Round 96 global test acc  97.1700
Round 96 Fscore 

[]
Round 97 global test acc  97.3100
Round 97 Fscore 

[]
Round 98 global test acc  97.0200
Round 98 Fscore 

[]
Round 99 global test acc  97.4800
Round 99 Fscore 

[]
Round 100 global test acc  97.3600
Round 100 Fscore 

[]
Round 101 global test acc  97.5100
Round 101 Fscore 

[]
Round 102 global test acc  97.3200
Round 102 Fscore 

[]
Round 103 global test acc  97.4100
Round 103 Fscore 

[]
Round 104 global test acc  97.3100
Round 104 Fscore 

[]
Round 105 global test acc  96.9900
Round 105 Fscore 

[]
Round 106 global test acc  97.0800
Round 106 Fscore 

[]
Round 107 global test acc  97.1000
Round 107 Fscore 

[]
Round 108 global test acc  97.6300
Round 108 Fscore 

[]
Round 109 global test acc  97.3300
Round 109 Fscore 

[]
Round 110 global test acc  97.0400
Round 110 Fscore 

[]
Round 111 global test acc  97.5500
Round 111 Fscore 

[]
Round 112 global test acc  97.2400
Round 112 Fscore 

[]
Round 113 global test acc  97.1100
Round 113 Fscore 

[]
Round 114 global test acc  97.5800
Round 114 Fscore 

[]
Round 115 global test acc  97.6900
Round 115 Fscore 

[]
Round 116 global test acc  97.5200
Round 116 Fscore 

[]
Round 117 global test acc  97.0300
Round 117 Fscore 

[]
Round 118 global test acc  96.9600
Round 118 Fscore 

[]
Round 119 global test acc  97.3200
Round 119 Fscore 

[]
Round 120 global test acc  97.2400
Round 120 Fscore 

[]
Round 121 global test acc  97.5800
Round 121 Fscore 

[]
Round 122 global test acc  97.5900
Round 122 Fscore 

[]
Round 123 global test acc  97.4300
Round 123 Fscore 

[]
Round 124 global test acc  97.2000
Round 124 Fscore 

[]
Round 125 global test acc  97.1700
Round 125 Fscore 

[]
Round 126 global test acc  97.5100
Round 126 Fscore 

[]
Round 127 global test acc  97.4100
Round 127 Fscore 

[]
Round 128 global test acc  97.2600
Round 128 Fscore 

[]
Round 129 global test acc  97.2200
Round 129 Fscore 

[]
Round 130 global test acc  97.3900
Round 130 Fscore 

[]
Round 131 global test acc  97.3400
Round 131 Fscore 

[]
Round 132 global test acc  97.3700
Round 132 Fscore 

[]
Round 133 global test acc  97.3800
Round 133 Fscore 

[]
Round 134 global test acc  97.5000
Round 134 Fscore 

[]
Round 135 global test acc  97.5100
Round 135 Fscore 

[]
Round 136 global test acc  97.2200
Round 136 Fscore 

[]
Round 137 global test acc  97.6400
Round 137 Fscore 

[]
Round 138 global test acc  97.5800
Round 138 Fscore 

[]
Round 139 global test acc  97.5800
Round 139 Fscore 

[]
Round 140 global test acc  97.4900
Round 140 Fscore 

[]
Round 141 global test acc  97.1600
Round 141 Fscore 

[]
Round 142 global test acc  96.8600
Round 142 Fscore 

[]
Round 143 global test acc  97.4300
Round 143 Fscore 

[]
Round 144 global test acc  97.5000
Round 144 Fscore 

[]
Round 145 global test acc  97.0600
Round 145 Fscore 

[]
Round 146 global test acc  96.9900
Round 146 Fscore 

[]
Round 147 global test acc  97.2800
Round 147 Fscore 

[]
Round 148 global test acc  96.9200
Round 148 Fscore 

[]
Round 149 global test acc  97.4600
Round 149 Fscore 

[]
Round 150 global test acc  97.3000
Round 150 Fscore 

[]
Round 151 global test acc  97.2200
Round 151 Fscore 

[]
Round 152 global test acc  97.3400
Round 152 Fscore 

[]
Round 153 global test acc  97.6900
Round 153 Fscore 

[]
Round 154 global test acc  97.4400
Round 154 Fscore 

[]
Round 155 global test acc  97.2100
Round 155 Fscore 

[]
Round 156 global test acc  97.5700
Round 156 Fscore 

[]
Round 157 global test acc  97.4100
Round 157 Fscore 

[]
Round 158 global test acc  96.7100
Round 158 Fscore 

[]
Round 159 global test acc  97.1700
Round 159 Fscore 

[]
Round 160 global test acc  97.4100
Round 160 Fscore 

[]
Round 161 global test acc  97.4500
Round 161 Fscore 

[]
Round 162 global test acc  97.5500
Round 162 Fscore 

[]
Round 163 global test acc  97.3400
Round 163 Fscore 

[]
Round 164 global test acc  97.1500
Round 164 Fscore 

[]
Round 165 global test acc  97.0400
Round 165 Fscore 

[]
Round 166 global test acc  97.4300
Round 166 Fscore 

[]
Round 167 global test acc  97.0200
Round 167 Fscore 

[]
Round 168 global test acc  97.6400
Round 168 Fscore 

[]
Round 169 global test acc  97.3400
Round 169 Fscore 

[]
Round 170 global test acc  97.5100
Round 170 Fscore 

[]
Round 171 global test acc  97.5100
Round 171 Fscore 

[]
Round 172 global test acc  97.0600
Round 172 Fscore 

[]
Round 173 global test acc  97.2000
Round 173 Fscore 

[]
Round 174 global test acc  97.3000
Round 174 Fscore 

[]
Round 175 global test acc  96.9200
Round 175 Fscore 

[]
Round 176 global test acc  97.4200
Round 176 Fscore 

[]
Round 177 global test acc  97.4700
Round 177 Fscore 

[]
Round 178 global test acc  97.2500
Round 178 Fscore 

[]
Round 179 global test acc  97.5000
Round 179 Fscore 

[]
Round 180 global test acc  97.3600
Round 180 Fscore 

[]
Round 181 global test acc  97.4600
Round 181 Fscore 

[]
Round 182 global test acc  97.6400
Round 182 Fscore 

[]
Round 183 global test acc  97.4800
Round 183 Fscore 

[]
Round 184 global test acc  97.0700
Round 184 Fscore 

[]
Round 185 global test acc  97.3500
Round 185 Fscore 

[]
Round 186 global test acc  97.3500
Round 186 Fscore 

[]
Round 187 global test acc  97.3300
Round 187 Fscore 

[]
Round 188 global test acc  97.0200
Round 188 Fscore 

[]
Round 189 global test acc  97.5800
Round 189 Fscore 

[]
Round 190 global test acc  97.1400
Round 190 Fscore 

[]
Round 191 global test acc  97.3400
Round 191 Fscore 

[]
Round 192 global test acc  97.0200
Round 192 Fscore 

[]
Round 193 global test acc  97.1400
Round 193 Fscore 

[]
Round 194 global test acc  97.5300
Round 194 Fscore 

[]
Round 195 global test acc  97.4500
Round 195 Fscore 

[]
Round 196 global test acc  97.5600
Round 196 Fscore 

[]
Round 197 global test acc  97.4800
Round 197 Fscore 

[]
Round 198 global test acc  97.3100
Round 198 Fscore 

[]
Round 199 global test acc  97.0400
Round 199 Fscore 

[0.9826041460037231, 0.9999999403953552, 0.9887640476226807, 0.9785714745521545, 0.9830220937728882, 1.0, 0.9769585132598877, 0.9651927947998047, 0.9948717951774597, 0.990867555141449, 1.0, 1.0, 0.987358570098877, 0.9884275197982788, 1.0, 0.9694581627845764, 0.9843841195106506, 1.0, 1.0, 1.0, 0.9872340559959412, 0.9906249642372131, 0.98591548204422, 0.9792960286140442, 1.0, 0.9810526371002197, 0.98664790391922, 0.9781022071838379, 0.9999999403953552, 0.9915109872817993, 0.9574861526489258, 0.9830927848815918, 0.9854689240455627, 0.9777777791023254, 0.9985895752906799, 0.9803680777549744, 1.0, 0.9864796996116638, 0.9837837815284729, 0.9773345589637756, 0.986496090888977, 0.979373574256897, 0.9757450222969055, 0.992465078830719, 0.9784097671508789, 1.0, 1.0, 0.9847769141197205, 0.9782244563102722, 0.991672933101654, 0.9915966391563416, 0.9389671683311462, 1.0, 0.9888971447944641, 1.0, 0.98525071144104, 0.978723406791687, 0.9807573556900024, 0.9988080859184265, 0.9804560542106628, 0.9807938933372498, 0.9954198598861694, 0.9765257835388184, 0.9883870482444763, 1.0, 0.9864108562469482, 0.9868995547294617, 0.9750271439552307, 0.9668711423873901, 0.9881154298782349, 1.0, 1.0, 0.9813519716262817, 0.9821580648422241, 0.9993256330490112, 0.9906191229820251, 0.993630588054657, 0.9829901456832886, 0.9845053553581238, 0.9840894937515259, 0.9764102697372437, 0.9776785373687744, 0.9999999403953552, 0.9794238209724426, 0.9815602898597717, 1.0, 1.0, 0.9844192862510681, 0.989037811756134, 1.0, 0.9807564616203308, 0.9796839952468872, 0.9999999403953552, 0.9927243590354919, 0.9795081615447998, 0.9850746393203735, 0.9900442361831665, 1.0, 0.9873239398002625, 0.9740437269210815]
time : 8080.573731184006
('algorithm', 'FedCorr')
('gpu', 1)
('seed', 13)
('save_dir', './record/')
('rounds2', 200)
('local_ep', 5)
('frac2', 0.1)
('num_users', 100)
('local_bs', 32)
('lr', 0.1)
('model', 'lenet')
('num_classes', 10)
('level_n_system', 0.5)
('level_n_lowerb', 0.3)
('alpha_dirichlet', 10)
('non_iid_prob_class', 0.5)
('dataset', 'mnist')
('iid', False)
('LID_k', 20)
('iteration1', 5)
('rounds1', 200)
('frac1', 0.01)
('pretrained', False)
('mixup', False)
('alpha', 1)
('beta', 5)
('relabel_ratio', 0.5)
('confidence_thres', 0.5)
('clean_set_thres', 0.1)
('fine_tuning', True)
('correction', True)
('T_pl', 100)
('lambda_cen', 1.0)
('lambda_e', 0.8)
('num_gradual', 10)
('forget_rate', 0.2)
('lr_decay', 0.1)
('schedule', [])
('momentum', 0.5)
('weight_decay', 0.0001)
('feature_dim', 128)
('plr', 0.1)
('lamda', 15)
('K', 5)
('gamma', 1)
('begin_sel', 10)
('max_beta', 2)
('mu', 0.01)
('device', device(type='cuda', index=1))
Client 0, noise level: 0.7877 (0.7089), real noise ratio: 0.7084
Client 2, noise level: 0.4944 (0.4450), real noise ratio: 0.4637
Client 3, noise level: 0.4635 (0.4172), real noise ratio: 0.3893
Client 4, noise level: 0.8920 (0.8028), real noise ratio: 0.8197
Client 6, noise level: 0.7822 (0.7040), real noise ratio: 0.6835
Client 7, noise level: 0.4074 (0.3667), real noise ratio: 0.3430
Client 8, noise level: 0.4425 (0.3983), real noise ratio: 0.3878
Client 9, noise level: 0.3473 (0.3126), real noise ratio: 0.2941
Client 13, noise level: 0.4574 (0.4116), real noise ratio: 0.3772
Client 15, noise level: 0.3237 (0.2913), real noise ratio: 0.2639
Client 20, noise level: 0.7283 (0.6555), real noise ratio: 0.6618
Client 23, noise level: 0.5618 (0.5056), real noise ratio: 0.5101
Client 26, noise level: 0.8716 (0.7844), real noise ratio: 0.8017
Client 27, noise level: 0.3558 (0.3202), real noise ratio: 0.3216
Client 29, noise level: 0.8867 (0.7980), real noise ratio: 0.7718
Client 30, noise level: 0.6949 (0.6254), real noise ratio: 0.6170
Client 32, noise level: 0.4015 (0.3614), real noise ratio: 0.3610
Client 33, noise level: 0.3690 (0.3321), real noise ratio: 0.3510
Client 35, noise level: 0.7970 (0.7173), real noise ratio: 0.7115
Client 38, noise level: 0.5606 (0.5045), real noise ratio: 0.5355
Client 41, noise level: 0.7353 (0.6618), real noise ratio: 0.6358
Client 42, noise level: 0.8045 (0.7240), real noise ratio: 0.7328
Client 47, noise level: 0.4586 (0.4127), real noise ratio: 0.4035
Client 48, noise level: 0.5133 (0.4620), real noise ratio: 0.4697
Client 50, noise level: 0.7860 (0.7074), real noise ratio: 0.6849
Client 51, noise level: 0.3370 (0.3033), real noise ratio: 0.2308
Client 56, noise level: 0.5591 (0.5031), real noise ratio: 0.5177
Client 57, noise level: 0.6532 (0.5879), real noise ratio: 0.5888
Client 59, noise level: 0.3915 (0.3523), real noise ratio: 0.3866
Client 60, noise level: 0.8911 (0.8020), real noise ratio: 0.8367
Client 62, noise level: 0.4187 (0.3768), real noise ratio: 0.3960
Client 67, noise level: 0.3696 (0.3326), real noise ratio: 0.3242
Client 68, noise level: 0.9393 (0.8454), real noise ratio: 0.8389
Client 69, noise level: 0.7046 (0.6341), real noise ratio: 0.6174
Client 72, noise level: 0.3069 (0.2762), real noise ratio: 0.2586
Client 75, noise level: 0.7848 (0.7064), real noise ratio: 0.7148
Client 78, noise level: 0.3984 (0.3586), real noise ratio: 0.3650
Client 79, noise level: 0.7685 (0.6916), real noise ratio: 0.6956
Client 80, noise level: 0.5127 (0.4614), real noise ratio: 0.4529
Client 83, noise level: 0.4420 (0.3978), real noise ratio: 0.4113
Client 88, noise level: 0.4144 (0.3729), real noise ratio: 0.3976
Client 90, noise level: 0.4952 (0.4457), real noise ratio: 0.4382
Client 91, noise level: 0.4432 (0.3989), real noise ratio: 0.4505
Client 94, noise level: 0.3650 (0.3285), real noise ratio: 0.3178
Client 98, noise level: 0.5071 (0.4564), real noise ratio: 0.4965
Client 99, noise level: 0.4163 (0.3747), real noise ratio: 0.3808
LeNet(
  (conv1): Conv2d(1, 6, kernel_size=(5, 5), stride=(1, 1))
  (conv2): Conv2d(6, 16, kernel_size=(5, 5), stride=(1, 1))
  (batch_norm): BatchNorm2d(16, eps=1e-05, momentum=0.1, affine=True, track_running_stats=True)
  (fc1): Linear(in_features=400, out_features=120, bias=True)
  (fc2): Linear(in_features=120, out_features=84, bias=True)
  (fc3): Linear(in_features=84, out_features=10, bias=True)
)
Round 0 global test acc  96.6400
Round 0 Fscore 

[]
Round 1 global test acc  96.6700
Round 1 Fscore 

[]
Round 2 global test acc  96.9000
Round 2 Fscore 

[]
Round 3 global test acc  96.7500
Round 3 Fscore 

[]
Round 4 global test acc  96.8700
Round 4 Fscore 

[]
Round 5 global test acc  96.9600
Round 5 Fscore 

[]
Round 6 global test acc  96.5100
Round 6 Fscore 

[]
Round 7 global test acc  96.4400
Round 7 Fscore 

[]
Round 8 global test acc  96.5500
Round 8 Fscore 

[]
Round 9 global test acc  96.5000
Round 9 Fscore 

[]
Round 10 global test acc  96.5000
Round 10 Fscore 

[]
Round 11 global test acc  96.9800
Round 11 Fscore 

[]
Round 12 global test acc  96.6400
Round 12 Fscore 

[]
Round 13 global test acc  96.6500
Round 13 Fscore 

[]
Round 14 global test acc  96.7300
Round 14 Fscore 

[]
Round 15 global test acc  96.6200
Round 15 Fscore 

[]
Round 16 global test acc  96.5800
Round 16 Fscore 

[]
Round 17 global test acc  96.6900
Round 17 Fscore 

[]
Round 18 global test acc  96.8400
Round 18 Fscore 

[]
Round 19 global test acc  96.8300
Round 19 Fscore 

[]
Round 20 global test acc  96.8500
Round 20 Fscore 

[]
Round 21 global test acc  96.8300
Round 21 Fscore 

[]
Round 22 global test acc  96.4400
Round 22 Fscore 

[]
Round 23 global test acc  96.8300
Round 23 Fscore 

[]
Round 24 global test acc  96.6000
Round 24 Fscore 

[]
Round 25 global test acc  96.7800
Round 25 Fscore 

[]
Round 26 global test acc  96.5400
Round 26 Fscore 

[]
Round 27 global test acc  96.8000
Round 27 Fscore 

[]
Round 28 global test acc  96.5500
Round 28 Fscore 

[]
Round 29 global test acc  96.5000
Round 29 Fscore 

[]
Round 30 global test acc  96.8700
Round 30 Fscore 

[]
Round 31 global test acc  96.4700
Round 31 Fscore 

[]
Round 32 global test acc  96.6200
Round 32 Fscore 

[]
Round 33 global test acc  96.6300
Round 33 Fscore 

[]
Round 34 global test acc  96.7500
Round 34 Fscore 

[]
Round 35 global test acc  96.6600
Round 35 Fscore 

[]
Round 36 global test acc  96.9100
Round 36 Fscore 

[]
Round 37 global test acc  96.9200
Round 37 Fscore 

[]
Round 38 global test acc  96.7600
Round 38 Fscore 

[]
Round 39 global test acc  96.8900
Round 39 Fscore 

[]
Round 40 global test acc  96.8500
Round 40 Fscore 

[]
Round 41 global test acc  96.1000
Round 41 Fscore 

[]
Round 42 global test acc  96.6600
Round 42 Fscore 

[]
Round 43 global test acc  96.9700
Round 43 Fscore 

[]
Round 44 global test acc  96.9800
Round 44 Fscore 

[]
Round 45 global test acc  97.0500
Round 45 Fscore 

[]
Round 46 global test acc  97.0800
Round 46 Fscore 

[]
Round 47 global test acc  97.1300
Round 47 Fscore 

[]
Round 48 global test acc  96.9700
Round 48 Fscore 

[]
Round 49 global test acc  96.9700
Round 49 Fscore 

[]
Round 50 global test acc  96.7700
Round 50 Fscore 

[]
Round 51 global test acc  96.8000
Round 51 Fscore 

[]
Round 52 global test acc  97.0000
Round 52 Fscore 

[]
Round 53 global test acc  96.9700
Round 53 Fscore 

[]
Round 54 global test acc  97.0200
Round 54 Fscore 

[]
Round 55 global test acc  96.9600
Round 55 Fscore 

[]
Round 56 global test acc  97.0300
Round 56 Fscore 

[]
Round 57 global test acc  96.9800
Round 57 Fscore 

[]
Round 58 global test acc  96.8800
Round 58 Fscore 

[]
Round 59 global test acc  96.8400
Round 59 Fscore 

[]
Round 60 global test acc  96.8500
Round 60 Fscore 

[]
Round 61 global test acc  96.8000
Round 61 Fscore 

[]
Round 62 global test acc  96.7100
Round 62 Fscore 

[]
Round 63 global test acc  96.6200
Round 63 Fscore 

[]
Round 64 global test acc  96.8700
Round 64 Fscore 

[]
Round 65 global test acc  96.7200
Round 65 Fscore 

[]
Round 66 global test acc  96.6600
Round 66 Fscore 

[]
Round 67 global test acc  96.9000
Round 67 Fscore 

[]
Round 68 global test acc  96.7900
Round 68 Fscore 

[]
Round 69 global test acc  96.7300
Round 69 Fscore 

[]
Round 70 global test acc  96.8100
Round 70 Fscore 

[]
Round 71 global test acc  96.8500
Round 71 Fscore 

[]
Round 72 global test acc  96.7500
Round 72 Fscore 

[]
Round 73 global test acc  97.1900
Round 73 Fscore 

[]
Round 74 global test acc  96.9600
Round 74 Fscore 

[]
Round 75 global test acc  96.9900
Round 75 Fscore 

[]
Round 76 global test acc  96.9300
Round 76 Fscore 

[]
Round 77 global test acc  96.5600
Round 77 Fscore 

[]
Round 78 global test acc  96.7000
Round 78 Fscore 

[]
Round 79 global test acc  96.9100
Round 79 Fscore 

[]
Round 80 global test acc  97.0800
Round 80 Fscore 

[]
Round 81 global test acc  96.9400
Round 81 Fscore 

[]
Round 82 global test acc  96.8200
Round 82 Fscore 

[]
Round 83 global test acc  96.6400
Round 83 Fscore 

[]
Round 84 global test acc  96.5700
Round 84 Fscore 

[]
Round 85 global test acc  96.7900
Round 85 Fscore 

[]
Round 86 global test acc  96.6800
Round 86 Fscore 

[]
Round 87 global test acc  96.7900
Round 87 Fscore 

[]
Round 88 global test acc  96.8400
Round 88 Fscore 

[]
Round 89 global test acc  96.9000
Round 89 Fscore 

[]
Round 90 global test acc  96.5900
Round 90 Fscore 

[]
Round 91 global test acc  96.9800
Round 91 Fscore 

[]
Round 92 global test acc  97.2300
Round 92 Fscore 

[]
Round 93 global test acc  97.1900
Round 93 Fscore 

[]
Round 94 global test acc  96.9800
Round 94 Fscore 

[]
Round 95 global test acc  96.9100
Round 95 Fscore 

[]
Round 96 global test acc  97.2100
Round 96 Fscore 

[]
Round 97 global test acc  97.0700
Round 97 Fscore 

[]
Round 98 global test acc  97.1100
Round 98 Fscore 

[]
Round 99 global test acc  96.9300
Round 99 Fscore 

[]
Round 100 global test acc  97.0100
Round 100 Fscore 

[]
Round 101 global test acc  96.9100
Round 101 Fscore 

[]
Round 102 global test acc  96.9700
Round 102 Fscore 

[]
Round 103 global test acc  97.1800
Round 103 Fscore 

[]
Round 104 global test acc  97.0200
Round 104 Fscore 

[]
Round 105 global test acc  97.1100
Round 105 Fscore 

[]
Round 106 global test acc  96.9200
Round 106 Fscore 

[]
Round 107 global test acc  96.8100
Round 107 Fscore 

[]
Round 108 global test acc  97.0700
Round 108 Fscore 

[]
Round 109 global test acc  96.6100
Round 109 Fscore 

[]
Round 110 global test acc  97.1700
Round 110 Fscore 

[]
Round 111 global test acc  96.8400
Round 111 Fscore 

[]
Round 112 global test acc  97.1200
Round 112 Fscore 

[]
Round 113 global test acc  96.6900
Round 113 Fscore 

[]
Round 114 global test acc  97.0100
Round 114 Fscore 

[]
Round 115 global test acc  97.0500
Round 115 Fscore 

[]
Round 116 global test acc  97.0700
Round 116 Fscore 

[]
Round 117 global test acc  96.9200
Round 117 Fscore 

[]
Round 118 global test acc  96.9700
Round 118 Fscore 

[]
Round 119 global test acc  96.8200
Round 119 Fscore 

[]
Round 120 global test acc  96.8700
Round 120 Fscore 

[]
Round 121 global test acc  97.0600
Round 121 Fscore 

[]
Round 122 global test acc  96.7600
Round 122 Fscore 

[]
Round 123 global test acc  97.0600
Round 123 Fscore 

[]
Round 124 global test acc  97.0600
Round 124 Fscore 

[]
Round 125 global test acc  97.0200
Round 125 Fscore 

[]
Round 126 global test acc  97.0500
Round 126 Fscore 

[]
Round 127 global test acc  96.9400
Round 127 Fscore 

[]
Round 128 global test acc  97.0400
Round 128 Fscore 

[]
Round 129 global test acc  96.9700
Round 129 Fscore 

[]
Round 130 global test acc  96.8800
Round 130 Fscore 

[]
Round 131 global test acc  96.8200
Round 131 Fscore 

[]
Round 132 global test acc  97.1400
Round 132 Fscore 

[]
Round 133 global test acc  97.0700
Round 133 Fscore 

[]
Round 134 global test acc  96.9600
Round 134 Fscore 

[]
Round 135 global test acc  96.7600
Round 135 Fscore 

[]
Round 136 global test acc  96.9500
Round 136 Fscore 

[]
Round 137 global test acc  97.0000
Round 137 Fscore 

[]
Round 138 global test acc  97.0300
Round 138 Fscore 

[]
Round 139 global test acc  96.7900
Round 139 Fscore 

[]
Round 140 global test acc  97.0600
Round 140 Fscore 

[]
Round 141 global test acc  97.0700
Round 141 Fscore 

[]
Round 142 global test acc  97.0900
Round 142 Fscore 

[]
Round 143 global test acc  97.1500
Round 143 Fscore 

[]
Round 144 global test acc  97.2600
Round 144 Fscore 

[]
Round 145 global test acc  97.1300
Round 145 Fscore 

[]
Round 146 global test acc  96.9300
Round 146 Fscore 

[]
Round 147 global test acc  97.1900
Round 147 Fscore 

[]
Round 148 global test acc  97.1000
Round 148 Fscore 

[]
Round 149 global test acc  96.9800
Round 149 Fscore 

[]
Round 150 global test acc  96.8100
Round 150 Fscore 

[]
Round 151 global test acc  96.8200
Round 151 Fscore 

[]
Round 152 global test acc  97.0000
Round 152 Fscore 

[]
Round 153 global test acc  97.2000
Round 153 Fscore 

[]
Round 154 global test acc  97.0900
Round 154 Fscore 

[]
Round 155 global test acc  97.0800
Round 155 Fscore 

[]
Round 156 global test acc  97.1500
Round 156 Fscore 

[]
Round 157 global test acc  97.1300
Round 157 Fscore 

[]
Round 158 global test acc  96.9900
Round 158 Fscore 

[]
Round 159 global test acc  96.8900
Round 159 Fscore 

[]
Round 160 global test acc  97.0400
Round 160 Fscore 

[]
Round 161 global test acc  96.9700
Round 161 Fscore 

[]
Round 162 global test acc  96.9800
Round 162 Fscore 

[]
Round 163 global test acc  96.8600
Round 163 Fscore 

[]
Round 164 global test acc  96.8400
Round 164 Fscore 

[]
Round 165 global test acc  96.9800
Round 165 Fscore 

[]
Round 166 global test acc  96.8500
Round 166 Fscore 

[]
Round 167 global test acc  96.9000
Round 167 Fscore 

[]
Round 168 global test acc  96.8900
Round 168 Fscore 

[]
Round 169 global test acc  96.9200
Round 169 Fscore 

[]
Round 170 global test acc  97.2000
Round 170 Fscore 

[]
Round 171 global test acc  96.9400
Round 171 Fscore 

[]
Round 172 global test acc  97.1300
Round 172 Fscore 

[]
Round 173 global test acc  96.9700
Round 173 Fscore 

[]
Round 174 global test acc  96.6900
Round 174 Fscore 

[]
Round 175 global test acc  96.7300
Round 175 Fscore 

[]
Round 176 global test acc  96.5800
Round 176 Fscore 

[]
Round 177 global test acc  96.8000
Round 177 Fscore 

[]
Round 178 global test acc  96.7100
Round 178 Fscore 

[]
Round 179 global test acc  96.8200
Round 179 Fscore 

[]
Round 180 global test acc  96.7400
Round 180 Fscore 

[]
Round 181 global test acc  96.8300
Round 181 Fscore 

[]
Round 182 global test acc  96.9600
Round 182 Fscore 

[]
Round 183 global test acc  96.8800
Round 183 Fscore 

[]
Round 184 global test acc  96.8000
Round 184 Fscore 

[]
Round 185 global test acc  96.6800
Round 185 Fscore 

[]
Round 186 global test acc  96.9200
Round 186 Fscore 

[]
Round 187 global test acc  97.1200
Round 187 Fscore 

[]
Round 188 global test acc  96.5800
Round 188 Fscore 

[]
Round 189 global test acc  96.6400
Round 189 Fscore 

[]
Round 190 global test acc  96.9300
Round 190 Fscore 

[]
Round 191 global test acc  96.8500
Round 191 Fscore 

[]
Round 192 global test acc  96.8600
Round 192 Fscore 

[]
Round 193 global test acc  96.5100
Round 193 Fscore 

[]
Round 194 global test acc  97.0800
Round 194 Fscore 

[]
Round 195 global test acc  97.0300
Round 195 Fscore 

[]
Round 196 global test acc  96.8200
Round 196 Fscore 

[]
Round 197 global test acc  97.2200
Round 197 Fscore 

[]
Round 198 global test acc  97.0000
Round 198 Fscore 

[]
Round 199 global test acc  96.9800
Round 199 Fscore 

[0.9761526584625244, 0.9999999403953552, 0.9804727435112, 0.9772999286651611, 0.9838573336601257, 0.9857346415519714, 0.9684014916419983, 0.9611374139785767, 0.9870800971984863, 0.9719188809394836, 0.978484570980072, 0.9810671210289001, 0.9743935465812683, 0.9695712327957153, 0.9803921580314636, 0.9755142331123352, 0.973099410533905, 0.980248749256134, 0.9868173003196716, 0.9990394115447998, 0.9762418866157532, 0.9810126423835754, 0.98469078540802, 0.9664570093154907, 0.9767441749572754, 0.9916318655014038, 0.9837914705276489, 0.9723631739616394, 0.9999999403953552, 0.9846678376197815, 0.9689213633537292, 0.9767634868621826, 0.970350444316864, 0.9853658676147461, 0.9709302186965942, 0.9715346693992615, 1.0, 0.9762265682220459, 0.9801084995269775, 0.9754768013954163, 0.9777458310127258, 0.9832826256752014, 0.9743944406509399, 0.9814814925193787, 0.9680851101875305, 0.9686275124549866, 0.977011501789093, 0.9718833565711975, 0.9747474789619446, 0.9745173454284668, 0.9885611534118652, 0.9302325248718262, 1.0, 0.9851632118225098, 0.9720457196235657, 0.9767995476722717, 0.978723406791687, 0.9718573689460754, 0.9879518151283264, 0.9796250462532043, 0.9846938848495483, 0.9892802238464355, 0.9692186117172241, 0.9778357148170471, 0.9838557243347168, 0.9839743375778198, 0.9733332991600037, 0.9567147493362427, 0.9744835495948792, 0.9863945841789246, 0.980047881603241, 0.9747898578643799, 0.9801169633865356, 0.9672414064407349, 0.9856459498405457, 0.9868667721748352, 0.9773463010787964, 0.9728260636329651, 0.9728096723556519, 0.9762470126152039, 0.982670783996582, 0.9806835651397705, 0.9906541705131531, 0.9680110812187195, 0.9742857217788696, 0.9836065173149109, 0.9791894555091858, 0.9639769196510315, 0.9772027134895325, 0.9832512140274048, 0.9684774875640869, 0.9705882668495178, 0.9639639854431152, 0.977011501789093, 0.9795081615447998, 0.9706421494483948, 0.9810267686843872, 1.0, 0.9735525250434875, 0.9640387296676636]
time : 17244.84258389473
('algorithm', 'FedCorr')
('gpu', 1)
('seed', 13)
('save_dir', './record/')
('rounds2', 200)
('local_ep', 5)
('frac2', 0.1)
('num_users', 100)
('local_bs', 32)
('lr', 0.1)
('model', 'lenet')
('num_classes', 10)
('level_n_system', 0.5)
('level_n_lowerb', 0.3)
('alpha_dirichlet', 10)
('non_iid_prob_class', 0.5)
('dataset', 'mnist')
('iid', False)
('LID_k', 20)
('iteration1', 5)
('rounds1', 200)
('frac1', 0.01)
('pretrained', False)
('mixup', False)
('alpha', 1)
('beta', 5)
('relabel_ratio', 0.5)
('confidence_thres', 0.5)
('clean_set_thres', 0.1)
('fine_tuning', True)
('correction', True)
('T_pl', 100)
('lambda_cen', 1.0)
('lambda_e', 0.8)
('num_gradual', 10)
('forget_rate', 0.2)
('lr_decay', 0.1)
('schedule', [])
('momentum', 0.5)
('weight_decay', 0.0001)
('feature_dim', 128)
('plr', 0.05)
('lamda', 15)
('K', 5)
('gamma', 1)
('begin_sel', 10)
('max_beta', 2)
('mu', 0.01)
('device', device(type='cuda', index=1))
Client 0, noise level: 0.7877 (0.7089), real noise ratio: 0.7084
Client 2, noise level: 0.4944 (0.4450), real noise ratio: 0.4637
Client 3, noise level: 0.4635 (0.4172), real noise ratio: 0.3893
Client 4, noise level: 0.8920 (0.8028), real noise ratio: 0.8197
Client 6, noise level: 0.7822 (0.7040), real noise ratio: 0.6835
Client 7, noise level: 0.4074 (0.3667), real noise ratio: 0.3430
Client 8, noise level: 0.4425 (0.3983), real noise ratio: 0.3878
Client 9, noise level: 0.3473 (0.3126), real noise ratio: 0.2941
Client 13, noise level: 0.4574 (0.4116), real noise ratio: 0.3772
Client 15, noise level: 0.3237 (0.2913), real noise ratio: 0.2639
Client 20, noise level: 0.7283 (0.6555), real noise ratio: 0.6618
Client 23, noise level: 0.5618 (0.5056), real noise ratio: 0.5101
Client 26, noise level: 0.8716 (0.7844), real noise ratio: 0.8017
Client 27, noise level: 0.3558 (0.3202), real noise ratio: 0.3216
Client 29, noise level: 0.8867 (0.7980), real noise ratio: 0.7718
Client 30, noise level: 0.6949 (0.6254), real noise ratio: 0.6170
Client 32, noise level: 0.4015 (0.3614), real noise ratio: 0.3610
Client 33, noise level: 0.3690 (0.3321), real noise ratio: 0.3510
Client 35, noise level: 0.7970 (0.7173), real noise ratio: 0.7115
Client 38, noise level: 0.5606 (0.5045), real noise ratio: 0.5355
Client 41, noise level: 0.7353 (0.6618), real noise ratio: 0.6358
Client 42, noise level: 0.8045 (0.7240), real noise ratio: 0.7328
Client 47, noise level: 0.4586 (0.4127), real noise ratio: 0.4035
Client 48, noise level: 0.5133 (0.4620), real noise ratio: 0.4697
Client 50, noise level: 0.7860 (0.7074), real noise ratio: 0.6849
Client 51, noise level: 0.3370 (0.3033), real noise ratio: 0.2308
Client 56, noise level: 0.5591 (0.5031), real noise ratio: 0.5177
Client 57, noise level: 0.6532 (0.5879), real noise ratio: 0.5888
Client 59, noise level: 0.3915 (0.3523), real noise ratio: 0.3866
Client 60, noise level: 0.8911 (0.8020), real noise ratio: 0.8367
Client 62, noise level: 0.4187 (0.3768), real noise ratio: 0.3960
Client 67, noise level: 0.3696 (0.3326), real noise ratio: 0.3242
Client 68, noise level: 0.9393 (0.8454), real noise ratio: 0.8389
Client 69, noise level: 0.7046 (0.6341), real noise ratio: 0.6174
Client 72, noise level: 0.3069 (0.2762), real noise ratio: 0.2586
Client 75, noise level: 0.7848 (0.7064), real noise ratio: 0.7148
Client 78, noise level: 0.3984 (0.3586), real noise ratio: 0.3650
Client 79, noise level: 0.7685 (0.6916), real noise ratio: 0.6956
Client 80, noise level: 0.5127 (0.4614), real noise ratio: 0.4529
Client 83, noise level: 0.4420 (0.3978), real noise ratio: 0.4113
Client 88, noise level: 0.4144 (0.3729), real noise ratio: 0.3976
Client 90, noise level: 0.4952 (0.4457), real noise ratio: 0.4382
Client 91, noise level: 0.4432 (0.3989), real noise ratio: 0.4505
Client 94, noise level: 0.3650 (0.3285), real noise ratio: 0.3178
Client 98, noise level: 0.5071 (0.4564), real noise ratio: 0.4965
Client 99, noise level: 0.4163 (0.3747), real noise ratio: 0.3808
LeNet(
  (conv1): Conv2d(1, 6, kernel_size=(5, 5), stride=(1, 1))
  (conv2): Conv2d(6, 16, kernel_size=(5, 5), stride=(1, 1))
  (batch_norm): BatchNorm2d(16, eps=1e-05, momentum=0.1, affine=True, track_running_stats=True)
  (fc1): Linear(in_features=400, out_features=120, bias=True)
  (fc2): Linear(in_features=120, out_features=84, bias=True)
  (fc3): Linear(in_features=84, out_features=10, bias=True)
)
Round 0 global test acc  96.1400
Round 0 Fscore 

[]
Round 1 global test acc  96.7500
Round 1 Fscore 

[]
Round 2 global test acc  96.7800
Round 2 Fscore 

[]
Round 3 global test acc  96.6500
Round 3 Fscore 

[]
Round 4 global test acc  96.6500
Round 4 Fscore 

[]
Round 5 global test acc  96.6100
Round 5 Fscore 

[]
Round 6 global test acc  96.4900
Round 6 Fscore 

[]
Round 7 global test acc  96.1900
Round 7 Fscore 

[]
Round 8 global test acc  96.6200
Round 8 Fscore 

[]
Round 9 global test acc  96.7000
Round 9 Fscore 

[]
Round 10 global test acc  96.8400
Round 10 Fscore 

[]
Round 11 global test acc  96.8500
Round 11 Fscore 

[]
Round 12 global test acc  96.3900
Round 12 Fscore 

[]
Round 13 global test acc  96.4700
Round 13 Fscore 

[]
Round 14 global test acc  96.4800
Round 14 Fscore 

[]
Round 15 global test acc  96.3900
Round 15 Fscore 

[]
Round 16 global test acc  96.6000
Round 16 Fscore 

[]
Round 17 global test acc  96.4500
Round 17 Fscore 

[]
Round 18 global test acc  96.5300
Round 18 Fscore 

[]
Round 19 global test acc  96.8400
Round 19 Fscore 

[]
Round 20 global test acc  96.7900
Round 20 Fscore 

[]
Round 21 global test acc  96.8600
Round 21 Fscore 

[]
Round 22 global test acc  96.7400
Round 22 Fscore 

[]
Round 23 global test acc  96.7200
Round 23 Fscore 

[]
Round 24 global test acc  96.7600
Round 24 Fscore 

[]
Round 25 global test acc  96.9400
Round 25 Fscore 

[]
Round 26 global test acc  96.8500
Round 26 Fscore 

[]
Round 27 global test acc  96.9700
Round 27 Fscore 

[]
Round 28 global test acc  96.7400
Round 28 Fscore 

[]
Round 29 global test acc  96.9300
Round 29 Fscore 

[]
Round 30 global test acc  96.7800
Round 30 Fscore 

[]
Round 31 global test acc  96.8000
Round 31 Fscore 

[]
Round 32 global test acc  96.3500
Round 32 Fscore 

[]
Round 33 global test acc  96.8800
Round 33 Fscore 

[]
Round 34 global test acc  96.6700
Round 34 Fscore 

[]
Round 35 global test acc  96.5900
Round 35 Fscore 

[]
Round 36 global test acc  96.4400
Round 36 Fscore 

[]
Round 37 global test acc  96.4200
Round 37 Fscore 

[]
Round 38 global test acc  96.6400
Round 38 Fscore 

[]
Round 39 global test acc  96.4600
Round 39 Fscore 

[]
Round 40 global test acc  96.7600
Round 40 Fscore 

[]
Round 41 global test acc  96.8900
Round 41 Fscore 

[]
Round 42 global test acc  96.9000
Round 42 Fscore 

[]
Round 43 global test acc  96.9000
Round 43 Fscore 

[]
Round 44 global test acc  97.0400
Round 44 Fscore 

[]
Round 45 global test acc  96.8300
Round 45 Fscore 

[]
Round 46 global test acc  96.8800
Round 46 Fscore 

[]
Round 47 global test acc  97.0000
Round 47 Fscore 

[]
Round 48 global test acc  96.9700
Round 48 Fscore 

[]
Round 49 global test acc  96.6800
Round 49 Fscore 

[]
Round 50 global test acc  96.7300
Round 50 Fscore 

[]
Round 51 global test acc  96.5100
Round 51 Fscore 

[]
Round 52 global test acc  96.2900
Round 52 Fscore 

[]
Round 53 global test acc  96.9000
Round 53 Fscore 

[]
Round 54 global test acc  96.8600
Round 54 Fscore 

[]
Round 55 global test acc  97.0500
Round 55 Fscore 

[]
Round 56 global test acc  96.9200
Round 56 Fscore 

[]
Round 57 global test acc  96.6400
Round 57 Fscore 

[]
Round 58 global test acc  96.7000
Round 58 Fscore 

[]
Round 59 global test acc  96.4700
Round 59 Fscore 

[]
Round 60 global test acc  96.5100
Round 60 Fscore 

[]
Round 61 global test acc  96.6000
Round 61 Fscore 

[]
Round 62 global test acc  96.8700
Round 62 Fscore 

[]
Round 63 global test acc  96.4300
Round 63 Fscore 

[]
Round 64 global test acc  96.3900
Round 64 Fscore 

[]
Round 65 global test acc  96.6900
Round 65 Fscore 

[]
Round 66 global test acc  97.0500
Round 66 Fscore 

[]
Round 67 global test acc  96.7200
Round 67 Fscore 

[]
Round 68 global test acc  96.6900
Round 68 Fscore 

[]
Round 69 global test acc  96.8100
Round 69 Fscore 

[]
Round 70 global test acc  96.7400
Round 70 Fscore 

[]
Round 71 global test acc  96.5400
Round 71 Fscore 

[]
Round 72 global test acc  96.6700
Round 72 Fscore 

[]
Round 73 global test acc  96.9200
Round 73 Fscore 

[]
Round 74 global test acc  96.9100
Round 74 Fscore 

[]
Round 75 global test acc  96.8700
Round 75 Fscore 

[]
Round 76 global test acc  96.9100
Round 76 Fscore 

[]
Round 77 global test acc  97.0100
Round 77 Fscore 

[]
Round 78 global test acc  96.8600
Round 78 Fscore 

[]
Round 79 global test acc  96.8400
Round 79 Fscore 

[]
Round 80 global test acc  96.7800
Round 80 Fscore 

[]
Round 81 global test acc  96.9500
Round 81 Fscore 

[]
Round 82 global test acc  96.9600
Round 82 Fscore 

[]
Round 83 global test acc  96.7500
Round 83 Fscore 

[]
Round 84 global test acc  96.9600
Round 84 Fscore 

[]
Round 85 global test acc  96.7200
Round 85 Fscore 

[]
Round 86 global test acc  96.6600
Round 86 Fscore 

[]
Round 87 global test acc  96.7500
Round 87 Fscore 

[]
Round 88 global test acc  97.0200
Round 88 Fscore 

[]
Round 89 global test acc  96.9200
Round 89 Fscore 

[]
Round 90 global test acc  96.8400
Round 90 Fscore 

[]
Round 91 global test acc  97.0500
Round 91 Fscore 

[]
Round 92 global test acc  96.8900
Round 92 Fscore 

[]
Round 93 global test acc  96.9000
Round 93 Fscore 

[]
Round 94 global test acc  96.8900
Round 94 Fscore 

[]
Round 95 global test acc  96.2600
Round 95 Fscore 

[]
Round 96 global test acc  96.4700
Round 96 Fscore 

[]
Round 97 global test acc  96.2500
Round 97 Fscore 

[]
Round 98 global test acc  95.8700
Round 98 Fscore 

[]
Round 99 global test acc  96.7200
Round 99 Fscore 

[]
Round 100 global test acc  96.5800
Round 100 Fscore 

[]
Round 101 global test acc  96.7700
Round 101 Fscore 

[]
Round 102 global test acc  96.5300
Round 102 Fscore 

[]
Round 103 global test acc  96.4900
Round 103 Fscore 

[]
Round 104 global test acc  96.7300
Round 104 Fscore 

[]
Round 105 global test acc  95.4200
Round 105 Fscore 

[]
Round 106 global test acc  96.7800
Round 106 Fscore 

[]
Round 107 global test acc  96.8100
Round 107 Fscore 

[]
Round 108 global test acc  96.8300
Round 108 Fscore 

[]
Round 109 global test acc  96.5600
Round 109 Fscore 

[]
Round 110 global test acc  96.4900
Round 110 Fscore 

[]
Round 111 global test acc  96.4200
Round 111 Fscore 

[]
Round 112 global test acc  96.5700
Round 112 Fscore 

[]
Round 113 global test acc  96.7900
Round 113 Fscore 

[]
Round 114 global test acc  96.2200
Round 114 Fscore 

[]
Round 115 global test acc  96.7300
Round 115 Fscore 

[]
Round 116 global test acc  96.6400
Round 116 Fscore 

[]
Round 117 global test acc  96.6600
Round 117 Fscore 

[]
Round 118 global test acc  96.8200
Round 118 Fscore 

[]
Round 119 global test acc  96.8300
Round 119 Fscore 

[]
Round 120 global test acc  96.6000
Round 120 Fscore 

[]
Round 121 global test acc  96.8900
Round 121 Fscore 

[]
Round 122 global test acc  96.7300
Round 122 Fscore 

[]
Round 123 global test acc  96.8700
Round 123 Fscore 

[]
Round 124 global test acc  96.7500
Round 124 Fscore 

[]
Round 125 global test acc  96.7400
Round 125 Fscore 

[]
Round 126 global test acc  96.6800
Round 126 Fscore 

[]
Round 127 global test acc  96.4900
Round 127 Fscore 

[]
Round 128 global test acc  96.3400
Round 128 Fscore 

[]
Round 129 global test acc  96.4000
Round 129 Fscore 

[]
Round 130 global test acc  96.9000
Round 130 Fscore 

[]
Round 131 global test acc  96.6500
Round 131 Fscore 

[]
Round 132 global test acc  96.9400
Round 132 Fscore 

[]
Round 133 global test acc  96.5800
Round 133 Fscore 

[]
Round 134 global test acc  96.6200
Round 134 Fscore 

[]
Round 135 global test acc  96.3800
Round 135 Fscore 

[]
Round 136 global test acc  96.5800
Round 136 Fscore 

[]
Round 137 global test acc  96.8000
Round 137 Fscore 

[]
Round 138 global test acc  96.7700
Round 138 Fscore 

[]
Round 139 global test acc  96.6600
Round 139 Fscore 

[]
Round 140 global test acc  96.8200
Round 140 Fscore 

[]
Round 141 global test acc  96.6500
Round 141 Fscore 

[]
Round 142 global test acc  96.5400
Round 142 Fscore 

[]
Round 143 global test acc  97.0000
Round 143 Fscore 

[]
Round 144 global test acc  97.0800
Round 144 Fscore 

[]
Round 145 global test acc  96.8100
Round 145 Fscore 

[]
Round 146 global test acc  96.6500
Round 146 Fscore 

[]
Round 147 global test acc  96.6000
Round 147 Fscore 

[]
Round 148 global test acc  96.9800
Round 148 Fscore 

[]
Round 149 global test acc  96.9300
Round 149 Fscore 

[]
Round 150 global test acc  96.7100
Round 150 Fscore 

[]
Round 151 global test acc  96.7700
Round 151 Fscore 

[]
Round 152 global test acc  96.6500
Round 152 Fscore 

[]
Round 153 global test acc  96.9300
Round 153 Fscore 

[]
Round 154 global test acc  96.8700
Round 154 Fscore 

[]
Round 155 global test acc  96.6500
Round 155 Fscore 

[]
Round 156 global test acc  96.6400
Round 156 Fscore 

[]
Round 157 global test acc  96.6900
Round 157 Fscore 

[]
Round 158 global test acc  96.6300
Round 158 Fscore 

[]
Round 159 global test acc  96.0300
Round 159 Fscore 

[]
Round 160 global test acc  96.8600
Round 160 Fscore 

[]
Round 161 global test acc  96.9100
Round 161 Fscore 

[]
Round 162 global test acc  96.9400
Round 162 Fscore 

[]
Round 163 global test acc  95.8700
Round 163 Fscore 

[]
Round 164 global test acc  96.7200
Round 164 Fscore 

[]
Round 165 global test acc  96.8500
Round 165 Fscore 

[]
Round 166 global test acc  96.6100
Round 166 Fscore 

[]
Round 167 global test acc  96.4400
Round 167 Fscore 

[]
Round 168 global test acc  96.4400
Round 168 Fscore 

[]
Round 169 global test acc  96.5800
Round 169 Fscore 

[]
Round 170 global test acc  96.9400
Round 170 Fscore 

[]
Round 171 global test acc  96.7600
Round 171 Fscore 

[]
Round 172 global test acc  96.8600
Round 172 Fscore 

[]
Round 173 global test acc  96.9300
Round 173 Fscore 

[]
Round 174 global test acc  96.8200
Round 174 Fscore 

[]
Round 175 global test acc  96.7800
Round 175 Fscore 

[]
Round 176 global test acc  96.8600
Round 176 Fscore 

[]
Round 177 global test acc  96.7700
Round 177 Fscore 

[]
Round 178 global test acc  96.7500
Round 178 Fscore 

[]
Round 179 global test acc  97.0600
Round 179 Fscore 

[]
Round 180 global test acc  97.0000
Round 180 Fscore 

[]
Round 181 global test acc  96.4000
Round 181 Fscore 

[]
Round 182 global test acc  96.3800
Round 182 Fscore 

[]
Round 183 global test acc  96.6300
Round 183 Fscore 

[]
Round 184 global test acc  96.7800
Round 184 Fscore 

[]
Round 185 global test acc  96.4600
Round 185 Fscore 

[]
Round 186 global test acc  96.5400
Round 186 Fscore 

[]
Round 187 global test acc  96.5400
Round 187 Fscore 

[]
Round 188 global test acc  96.5600
Round 188 Fscore 

[]
Round 189 global test acc  96.6700
Round 189 Fscore 

[]
Round 190 global test acc  96.9100
Round 190 Fscore 

[]
Round 191 global test acc  96.8000
Round 191 Fscore 

[]
Round 192 global test acc  96.6500
Round 192 Fscore 

[]
Round 193 global test acc  96.6100
Round 193 Fscore 

[]
Round 194 global test acc  96.4500
Round 194 Fscore 

[]
Round 195 global test acc  96.4700
Round 195 Fscore 

[]
Round 196 global test acc  96.5400
Round 196 Fscore 

[]
Round 197 global test acc  96.6300
Round 197 Fscore 

[]
Round 198 global test acc  96.6000
Round 198 Fscore 

[]
Round 199 global test acc  96.4000
Round 199 Fscore 

[0.9739776849746704, 0.9999999403953552, 0.9877550601959229, 0.9699157476425171, 0.9769033193588257, 0.993630588054657, 0.9712696671485901, 0.9564394354820251, 0.9896640777587891, 0.9815099835395813, 0.9813432693481445, 0.9863480925559998, 0.9743589758872986, 0.9780521988868713, 0.9749103784561157, 0.9704142212867737, 0.9790453314781189, 0.9942363500595093, 0.982024610042572, 0.9990394115447998, 0.9774436354637146, 0.9794628620147705, 0.9834050536155701, 0.9676070809364319, 0.971962571144104, 0.9810526371002197, 0.9794763326644897, 0.9605036973953247, 0.9583892226219177, 0.9724137783050537, 0.9708029627799988, 0.98225337266922, 0.9621621966362, 0.9878345727920532, 0.9693430662155151, 0.9721706509590149, 1.0, 0.9797979593276978, 0.9754768013954163, 0.9708561301231384, 0.9763100743293762, 0.9778794646263123, 0.9722607135772705, 0.9853499531745911, 0.9675012826919556, 0.9904030561447144, 0.981224536895752, 0.983726978302002, 0.9644067883491516, 0.9893778562545776, 0.979343831539154, 0.9701789021492004, 1.0, 0.98591548204422, 0.9647661447525024, 0.9864466190338135, 0.977952778339386, 0.9794648289680481, 0.989169716835022, 0.9720854163169861, 0.9820971488952637, 0.9908256530761719, 0.979687511920929, 0.981156587600708, 0.9838557243347168, 0.9847878813743591, 0.9956710338592529, 0.9647577404975891, 0.9630541801452637, 0.9838021993637085, 0.9800159931182861, 0.9767441749572754, 0.974117636680603, 0.9725557565689087, 0.9856459498405457, 0.987816333770752, 0.9839486479759216, 0.9765766263008118, 0.9759615659713745, 0.9841269850730896, 0.9795500636100769, 0.9730538725852966, 0.9864441752433777, 0.9766162037849426, 0.9705671668052673, 1.0, 0.9746416807174683, 0.9808646440505981, 0.9759408235549927, 0.9832181930541992, 0.9684774875640869, 0.9786756634712219, 0.9912280440330505, 0.9803600311279297, 0.9697386622428894, 0.9846153259277344, 0.9889258146286011, 1.0, 0.9808374643325806, 0.9676975607872009]
time : 18027.74670958519
