('algorithm', 'MR')
('gpu', 0)
('seed', 13)
('save_dir', './record/')
('rounds2', 200)
('local_ep', 5)
('frac2', 0.1)
('num_users', 100)
('local_bs', 32)
('lr', 0.1)
('model', 'lenet')
('num_classes', 10)
('level_n_system', 0.5)
('level_n_lowerb', 0.3)
('alpha_dirichlet', 10)
('non_iid_prob_class', 0.5)
('dataset', 'mnist')
('iid', False)
('LID_k', 20)
('iteration1', 5)
('rounds1', 200)
('frac1', 0.01)
('pretrained', False)
('mixup', False)
('alpha', 1)
('beta', 5)
('relabel_ratio', 0.5)
('confidence_thres', 0.5)
('clean_set_thres', 0.1)
('fine_tuning', True)
('correction', True)
('T_pl', 100)
('lambda_cen', 1.0)
('lambda_e', 0.8)
('num_gradual', 10)
('forget_rate', 0.2)
('lr_decay', 0.1)
('schedule', [])
('momentum', 0.5)
('weight_decay', 0.0001)
('feature_dim', 128)
('plr', 0.1)
('lamda', 15)
('K', 1)
('gamma', 1)
('begin_sel', 10)
('max_beta', 2)
('mu', 0.01)
('device', device(type='cuda', index=0))
Client 0, noise level: 0.7877 (0.7089), real noise ratio: 0.6981
Client 2, noise level: 0.4944 (0.4450), real noise ratio: 0.4521
Client 3, noise level: 0.4635 (0.4172), real noise ratio: 0.4033
Client 4, noise level: 0.8920 (0.8028), real noise ratio: 0.8237
Client 6, noise level: 0.7822 (0.7040), real noise ratio: 0.7016
Client 7, noise level: 0.4074 (0.3667), real noise ratio: 0.3658
Client 8, noise level: 0.4425 (0.3983), real noise ratio: 0.3512
Client 9, noise level: 0.3473 (0.3126), real noise ratio: 0.3085
Client 13, noise level: 0.4574 (0.4116), real noise ratio: 0.4186
Client 15, noise level: 0.3237 (0.2913), real noise ratio: 0.2967
Client 20, noise level: 0.7283 (0.6555), real noise ratio: 0.6537
Client 23, noise level: 0.5618 (0.5056), real noise ratio: 0.5236
Client 26, noise level: 0.8716 (0.7844), real noise ratio: 0.7900
Client 27, noise level: 0.3558 (0.3202), real noise ratio: 0.3128
Client 29, noise level: 0.8867 (0.7980), real noise ratio: 0.8037
Client 30, noise level: 0.6949 (0.6254), real noise ratio: 0.6656
Client 32, noise level: 0.4015 (0.3614), real noise ratio: 0.3438
Client 33, noise level: 0.3690 (0.3321), real noise ratio: 0.3030
Client 35, noise level: 0.7970 (0.7173), real noise ratio: 0.7454
Client 38, noise level: 0.5606 (0.5045), real noise ratio: 0.4862
Client 41, noise level: 0.7353 (0.6618), real noise ratio: 0.6756
Client 42, noise level: 0.8045 (0.7240), real noise ratio: 0.7083
Client 47, noise level: 0.4586 (0.4127), real noise ratio: 0.4200
Client 48, noise level: 0.5133 (0.4620), real noise ratio: 0.4694
Client 50, noise level: 0.7860 (0.7074), real noise ratio: 0.7129
Client 51, noise level: 0.3370 (0.3033), real noise ratio: 0.3249
Client 56, noise level: 0.5591 (0.5031), real noise ratio: 0.5053
Client 57, noise level: 0.6532 (0.5879), real noise ratio: 0.6047
Client 59, noise level: 0.3915 (0.3523), real noise ratio: 0.3246
Client 60, noise level: 0.8911 (0.8020), real noise ratio: 0.7815
Client 62, noise level: 0.4187 (0.3768), real noise ratio: 0.3972
Client 67, noise level: 0.3696 (0.3326), real noise ratio: 0.3274
Client 68, noise level: 0.9393 (0.8454), real noise ratio: 0.8645
Client 69, noise level: 0.7046 (0.6341), real noise ratio: 0.6319
Client 72, noise level: 0.3069 (0.2762), real noise ratio: 0.2556
Client 75, noise level: 0.7848 (0.7064), real noise ratio: 0.7367
Client 78, noise level: 0.3984 (0.3586), real noise ratio: 0.3834
Client 79, noise level: 0.7685 (0.6916), real noise ratio: 0.6671
Client 80, noise level: 0.5127 (0.4614), real noise ratio: 0.4361
Client 83, noise level: 0.4420 (0.3978), real noise ratio: 0.4275
Client 88, noise level: 0.4144 (0.3729), real noise ratio: 0.3985
Client 90, noise level: 0.4952 (0.4457), real noise ratio: 0.4286
Client 91, noise level: 0.4432 (0.3989), real noise ratio: 0.3853
Client 94, noise level: 0.3650 (0.3285), real noise ratio: 0.3202
Client 98, noise level: 0.5071 (0.4564), real noise ratio: 0.4668
Client 99, noise level: 0.4163 (0.3747), real noise ratio: 0.4041
Round 0 global test acc  22.0309
Round 1 global test acc  40.2577
Round 2 global test acc  18.2165
Round 3 global test acc  40.2268
Round 4 global test acc  77.8144
Round 5 global test acc  85.3814
Round 6 global test acc  88.5670
Round 7 global test acc  81.5052
Round 8 global test acc  86.9278
Round 9 global test acc  85.4330
Round 10 global test acc  90.6186
Round 11 global test acc  88.4021
Round 12 global test acc  89.0103
Round 13 global test acc  91.3711
Round 14 global test acc  66.6289
Round 15 global test acc  91.8454
Round 16 global test acc  93.1856
Round 17 global test acc  93.9897
Round 18 global test acc  92.9485
Round 19 global test acc  90.8557
Round 20 global test acc  93.5979
Round 21 global test acc  93.3711
Round 22 global test acc  93.8866
Round 23 global test acc  93.9794
Round 24 global test acc  93.4845
Round 25 global test acc  40.9897
Round 26 global test acc  92.1959
Round 27 global test acc  94.2887
Round 28 global test acc  94.4639
Round 29 global test acc  94.4536
Round 30 global test acc  90.8144
Round 31 global test acc  94.4742
Round 32 global test acc  93.8660
Round 33 global test acc  86.9485
Round 34 global test acc  93.5258
Round 35 global test acc  55.3505
Round 36 global test acc  89.2474
Round 37 global test acc  82.5876
Round 38 global test acc  94.3814
Round 39 global test acc  93.9072
Round 40 global test acc  93.8144
Round 41 global test acc  94.2165
Round 42 global test acc  95.3196
Round 43 global test acc  95.0206
Round 44 global test acc  95.3711
Round 45 global test acc  91.6082
Round 46 global test acc  90.6495
Round 47 global test acc  94.5979
Round 48 global test acc  94.4742
Round 49 global test acc  81.1753
Round 50 global test acc  94.3402
Round 51 global test acc  95.1649
Round 52 global test acc  92.9897
Round 53 global test acc  94.9588
Round 54 global test acc  94.3093
Round 55 global test acc  95.4433
Round 56 global test acc  95.1959
Round 57 global test acc  95.7216
Round 58 global test acc  95.0515
Round 59 global test acc  94.6598
Round 60 global test acc  94.9588
Round 61 global test acc  95.2577
Round 62 global test acc  95.0206
Round 63 global test acc  96.0825
Round 64 global test acc  95.0000
Round 65 global test acc  95.5155
Round 66 global test acc  94.8763
Round 67 global test acc  92.6495
Round 68 global test acc  94.6907
Round 69 global test acc  95.5258
Round 70 global test acc  94.9175
Round 71 global test acc  92.2577
Round 72 global test acc  95.0103
Round 73 global test acc  95.2165
Round 74 global test acc  94.5258
Round 75 global test acc  91.4536
Round 76 global test acc  92.4227
Round 77 global test acc  94.6289
Round 78 global test acc  95.1753
Round 79 global test acc  94.2577
Round 80 global test acc  95.0515
Round 81 global test acc  95.5052
Round 82 global test acc  94.6289
Round 83 global test acc  95.4330
Round 84 global test acc  94.5361
Round 85 global test acc  95.7938
Round 86 global test acc  95.7835
Round 87 global test acc  95.6598
Round 88 global test acc  95.8351
Round 89 global test acc  95.3505
Round 90 global test acc  95.8351
Round 91 global test acc  95.7938
Round 92 global test acc  96.0619
Round 93 global test acc  95.4639
Round 94 global test acc  95.8763
Round 95 global test acc  95.7216
Round 96 global test acc  95.4330
Round 97 global test acc  95.4742
Round 98 global test acc  91.7423
Round 99 global test acc  94.6289
Round 100 global test acc  94.9794
Round 101 global test acc  95.5979
Round 102 global test acc  95.6289
Round 103 global test acc  85.5979
Round 104 global test acc  91.5464
Round 105 global test acc  94.5052
Round 106 global test acc  94.5876
Round 107 global test acc  94.4948
Round 108 global test acc  94.7216
Round 109 global test acc  94.9381
Round 110 global test acc  95.1340
Round 111 global test acc  95.1649
Round 112 global test acc  95.7216
Round 113 global test acc  95.6804
Round 114 global test acc  95.5361
Round 115 global test acc  95.4639
Round 116 global test acc  95.6186
Round 117 global test acc  95.1443
Round 118 global test acc  93.9897
Round 119 global test acc  94.6186
Round 120 global test acc  95.1031
Round 121 global test acc  94.9794
Round 122 global test acc  94.9794
Round 123 global test acc  94.7938
Round 124 global test acc  95.2371
Round 125 global test acc  95.0206
Round 126 global test acc  95.0000
Round 127 global test acc  94.9485
Round 128 global test acc  93.7629
Round 129 global test acc  94.2165
Round 130 global test acc  95.0309
Round 131 global test acc  94.2990
Round 132 global test acc  89.2268
Round 133 global test acc  93.7010
Round 134 global test acc  91.9794
Round 135 global test acc  94.4948
Round 136 global test acc  94.9588
Round 137 global test acc  95.0722
Round 138 global test acc  90.5464
Round 139 global test acc  94.9485
Round 140 global test acc  95.4742
Round 141 global test acc  94.7835
Round 142 global test acc  95.4845
Round 143 global test acc  93.4124
Round 144 global test acc  91.9588
Round 145 global test acc  93.6186
Round 146 global test acc  82.2268
Round 147 global test acc  93.5052
Round 148 global test acc  94.7113
Round 149 global test acc  94.9794
Round 150 global test acc  95.0928
Round 151 global test acc  94.9794
Round 152 global test acc  95.2371
Round 153 global test acc  94.9897
Round 154 global test acc  95.3918
Round 155 global test acc  94.8454
Round 156 global test acc  95.0928
Round 157 global test acc  94.9381
Round 158 global test acc  95.3814
Round 159 global test acc  95.2887
Round 160 global test acc  95.3299
Round 161 global test acc  94.7835
Round 162 global test acc  95.3196
Round 163 global test acc  92.1546
Round 164 global test acc  94.1649
Round 165 global test acc  94.1340
Round 166 global test acc  94.6701
Round 167 global test acc  94.9175
Round 168 global test acc  94.3402
Round 169 global test acc  95.0722
Round 170 global test acc  95.2165
Round 171 global test acc  94.7216
Round 172 global test acc  94.9794
Round 173 global test acc  94.9691
Round 174 global test acc  93.4124
Round 175 global test acc  94.8144
Round 176 global test acc  95.2887
Round 177 global test acc  80.3093
Round 178 global test acc  94.0825
Round 179 global test acc  94.4948
Round 180 global test acc  92.8144
Round 181 global test acc  94.7113
Round 182 global test acc  94.8763
Round 183 global test acc  94.9072
Round 184 global test acc  92.2887
Round 185 global test acc  94.6804
Round 186 global test acc  95.0412
Round 187 global test acc  95.3814
Round 188 global test acc  95.2680
Round 189 global test acc  95.0000
Round 190 global test acc  95.2680
Round 191 global test acc  95.4124
Round 192 global test acc  95.3608
Round 193 global test acc  93.0103
Round 194 global test acc  94.4227
Round 195 global test acc  95.2371
Round 196 global test acc  95.5258
Round 197 global test acc  95.2680
Round 198 global test acc  95.2165
Round 199 global test acc  94.8351
time : 928.6633293628693
('algorithm', 'MR')
('gpu', 0)
('seed', 13)
('save_dir', './record/')
('rounds2', 200)
('local_ep', 5)
('frac2', 0.1)
('num_users', 100)
('local_bs', 32)
('lr', 0.1)
('model', 'lenet')
('num_classes', 10)
('level_n_system', 0.5)
('level_n_lowerb', 0.3)
('alpha_dirichlet', 10)
('non_iid_prob_class', 0.5)
('dataset', 'mnist')
('iid', False)
('LID_k', 20)
('iteration1', 5)
('rounds1', 200)
('frac1', 0.01)
('pretrained', False)
('mixup', False)
('alpha', 1)
('beta', 5)
('relabel_ratio', 0.5)
('confidence_thres', 0.5)
('clean_set_thres', 0.1)
('fine_tuning', True)
('correction', True)
('T_pl', 100)
('lambda_cen', 1.0)
('lambda_e', 0.8)
('num_gradual', 10)
('forget_rate', 0.2)
('lr_decay', 0.1)
('schedule', [])
('momentum', 0.5)
('weight_decay', 0.0001)
('feature_dim', 128)
('plr', 0.1)
('lamda', 15)
('K', 1)
('gamma', 1)
('begin_sel', 10)
('max_beta', 2)
('mu', 0.01)
('device', device(type='cuda', index=0))
Client 0, noise level: 0.7877 (0.7089), real noise ratio: 0.6981
Client 2, noise level: 0.4944 (0.4450), real noise ratio: 0.4521
Client 3, noise level: 0.4635 (0.4172), real noise ratio: 0.4033
Client 4, noise level: 0.8920 (0.8028), real noise ratio: 0.8237
Client 6, noise level: 0.7822 (0.7040), real noise ratio: 0.7016
Client 7, noise level: 0.4074 (0.3667), real noise ratio: 0.3658
Client 8, noise level: 0.4425 (0.3983), real noise ratio: 0.3512
Client 9, noise level: 0.3473 (0.3126), real noise ratio: 0.3085
Client 13, noise level: 0.4574 (0.4116), real noise ratio: 0.4186
Client 15, noise level: 0.3237 (0.2913), real noise ratio: 0.2967
Client 20, noise level: 0.7283 (0.6555), real noise ratio: 0.6537
Client 23, noise level: 0.5618 (0.5056), real noise ratio: 0.5236
Client 26, noise level: 0.8716 (0.7844), real noise ratio: 0.7900
Client 27, noise level: 0.3558 (0.3202), real noise ratio: 0.3128
Client 29, noise level: 0.8867 (0.7980), real noise ratio: 0.8037
Client 30, noise level: 0.6949 (0.6254), real noise ratio: 0.6656
Client 32, noise level: 0.4015 (0.3614), real noise ratio: 0.3438
Client 33, noise level: 0.3690 (0.3321), real noise ratio: 0.3030
Client 35, noise level: 0.7970 (0.7173), real noise ratio: 0.7454
Client 38, noise level: 0.5606 (0.5045), real noise ratio: 0.4862
Client 41, noise level: 0.7353 (0.6618), real noise ratio: 0.6756
Client 42, noise level: 0.8045 (0.7240), real noise ratio: 0.7083
Client 47, noise level: 0.4586 (0.4127), real noise ratio: 0.4200
Client 48, noise level: 0.5133 (0.4620), real noise ratio: 0.4694
Client 50, noise level: 0.7860 (0.7074), real noise ratio: 0.7129
Client 51, noise level: 0.3370 (0.3033), real noise ratio: 0.3249
Client 56, noise level: 0.5591 (0.5031), real noise ratio: 0.5053
Client 57, noise level: 0.6532 (0.5879), real noise ratio: 0.6047
Client 59, noise level: 0.3915 (0.3523), real noise ratio: 0.3246
Client 60, noise level: 0.8911 (0.8020), real noise ratio: 0.7815
Client 62, noise level: 0.4187 (0.3768), real noise ratio: 0.3972
Client 67, noise level: 0.3696 (0.3326), real noise ratio: 0.3274
Client 68, noise level: 0.9393 (0.8454), real noise ratio: 0.8645
Client 69, noise level: 0.7046 (0.6341), real noise ratio: 0.6319
Client 72, noise level: 0.3069 (0.2762), real noise ratio: 0.2556
Client 75, noise level: 0.7848 (0.7064), real noise ratio: 0.7367
Client 78, noise level: 0.3984 (0.3586), real noise ratio: 0.3834
Client 79, noise level: 0.7685 (0.6916), real noise ratio: 0.6671
Client 80, noise level: 0.5127 (0.4614), real noise ratio: 0.4361
Client 83, noise level: 0.4420 (0.3978), real noise ratio: 0.4275
Client 88, noise level: 0.4144 (0.3729), real noise ratio: 0.3985
Client 90, noise level: 0.4952 (0.4457), real noise ratio: 0.4286
Client 91, noise level: 0.4432 (0.3989), real noise ratio: 0.3853
Client 94, noise level: 0.3650 (0.3285), real noise ratio: 0.3202
Client 98, noise level: 0.5071 (0.4564), real noise ratio: 0.4668
Client 99, noise level: 0.4163 (0.3747), real noise ratio: 0.4041
Round 0 global test acc  24.6701
Round 1 global test acc  48.2784
Round 2 global test acc  66.3402
Round 3 global test acc  51.7526
Round 4 global test acc  68.4742
Round 5 global test acc  80.3196
Round 6 global test acc  85.9381
Round 7 global test acc  82.8557
Round 8 global test acc  77.8557
Round 9 global test acc  86.6598
Round 10 global test acc  87.8660
Round 11 global test acc  89.8041
Round 12 global test acc  86.0412
Round 13 global test acc  89.3505
Round 14 global test acc  91.6082
Round 15 global test acc  88.2268
Round 16 global test acc  91.7320
Round 17 global test acc  92.1649
Round 18 global test acc  93.5670
Round 19 global test acc  91.2680
Round 20 global test acc  92.1649
Round 21 global test acc  93.5155
Round 22 global test acc  93.1031
Round 23 global test acc  86.5670
Round 24 global test acc  91.8660
Round 25 global test acc  94.2990
Round 26 global test acc  94.5979
Round 27 global test acc  94.7113
Round 28 global test acc  94.1649
Round 29 global test acc  94.0928
Round 30 global test acc  94.5876
Round 31 global test acc  94.3711
Round 32 global test acc  89.0309
Round 33 global test acc  93.1649
Round 34 global test acc  93.1959
Round 35 global test acc  94.2887
Round 36 global test acc  94.7113
Round 37 global test acc  94.9485
Round 38 global test acc  95.1649
Round 39 global test acc  95.0206
Round 40 global test acc  77.6392
Round 41 global test acc  90.8041
Round 42 global test acc  89.7835
Round 43 global test acc  94.7526
Round 44 global test acc  95.5052
Round 45 global test acc  52.6598
Round 46 global test acc  92.9278
Round 47 global test acc  94.9794
Round 48 global test acc  93.9794
Round 49 global test acc  94.4845
Round 50 global test acc  95.3814
Round 51 global test acc  95.5773
Round 52 global test acc  94.9072
Round 53 global test acc  95.6495
Round 54 global test acc  95.3505
Round 55 global test acc  96.0412
Round 56 global test acc  95.5979
Round 57 global test acc  95.8660
Round 58 global test acc  94.9897
Round 59 global test acc  95.1649
Round 60 global test acc  95.1031
Round 61 global test acc  86.3918
Round 62 global test acc  94.1546
Round 63 global test acc  94.8866
Round 64 global test acc  96.2784
Round 65 global test acc  95.6804
Round 66 global test acc  95.4433
Round 67 global test acc  95.7732
Round 68 global test acc  93.1340
Round 69 global test acc  93.9175
Round 70 global test acc  94.6289
Round 71 global test acc  82.5258
Round 72 global test acc  63.7732
Round 73 global test acc  92.6495
Round 74 global test acc  94.1649
Round 75 global test acc  95.1753
Round 76 global test acc  95.2577
Round 77 global test acc  86.3093
Round 78 global test acc  94.9381
Round 79 global test acc  94.5052
Round 80 global test acc  94.6082
Round 81 global test acc  95.7113
Round 82 global test acc  95.3402
Round 83 global test acc  95.0825
Round 84 global test acc  95.1443
Round 85 global test acc  95.6598
Round 86 global test acc  95.7526
Round 87 global test acc  95.7835
Round 88 global test acc  94.8557
Round 89 global test acc  95.6804
Round 90 global test acc  95.7423
Round 91 global test acc  95.9588
Round 92 global test acc  90.3918
Round 93 global test acc  95.0103
Round 94 global test acc  95.3196
Round 95 global test acc  95.9485
Round 96 global test acc  95.8144
Round 97 global test acc  94.6598
Round 98 global test acc  94.8660
Round 99 global test acc  95.2784
Round 100 global test acc  95.2474
Round 101 global test acc  95.3918
Round 102 global test acc  95.4845
Round 103 global test acc  95.8557
Round 104 global test acc  95.2062
Round 105 global test acc  95.3093
Round 106 global test acc  95.6701
Round 107 global test acc  95.6289
Round 108 global test acc  95.6907
Round 109 global test acc  96.1237
Round 110 global test acc  89.2474
Round 111 global test acc  27.0309
Round 112 global test acc  93.5052
Round 113 global test acc  94.4742
Round 114 global test acc  94.9175
Round 115 global test acc  95.3196
Round 116 global test acc  95.4845
Round 117 global test acc  95.4124
Round 118 global test acc  94.6907
Round 119 global test acc  94.9897
Round 120 global test acc  94.8969
Round 121 global test acc  95.2062
Round 122 global test acc  95.1340
Round 123 global test acc  95.5052
Round 124 global test acc  95.8763
Round 125 global test acc  95.5464
Round 126 global test acc  94.3814
Round 127 global test acc  95.0722
Round 128 global test acc  94.7629
Round 129 global test acc  95.1856
Round 130 global test acc  95.2680
Round 131 global test acc  95.1649
Round 132 global test acc  95.1443
Round 133 global test acc  95.2577
Round 134 global test acc  95.2887
Round 135 global test acc  95.7010
Round 136 global test acc  95.6804
Round 137 global test acc  95.4639
Round 138 global test acc  95.0000
Round 139 global test acc  95.6392
Round 140 global test acc  95.7320
Round 141 global test acc  95.5876
Round 142 global test acc  95.8866
Round 143 global test acc  95.3505
Round 144 global test acc  95.7835
Round 145 global test acc  95.2887
Round 146 global test acc  95.6495
Round 147 global test acc  95.5052
Round 148 global test acc  95.4021
Round 149 global test acc  95.0412
Round 150 global test acc  95.3505
Round 151 global test acc  95.6495
Round 152 global test acc  95.6907
Round 153 global test acc  95.6186
Round 154 global test acc  95.3196
Round 155 global test acc  95.4021
Round 156 global test acc  95.6082
Round 157 global test acc  95.0928
Round 158 global test acc  94.9381
Round 159 global test acc  95.4845
Round 160 global test acc  95.4639
Round 161 global test acc  95.0619
Round 162 global test acc  95.3402
Round 163 global test acc  95.4639
Round 164 global test acc  95.4021
Round 165 global test acc  94.9175
Round 166 global test acc  94.6598
Round 167 global test acc  95.2577
Round 168 global test acc  93.9278
Round 169 global test acc  95.2268
Round 170 global test acc  95.0515
Round 171 global test acc  94.9485
Round 172 global test acc  95.0309
Round 173 global test acc  95.1753
Round 174 global test acc  95.0928
Round 175 global test acc  95.1753
Round 176 global test acc  95.4021
Round 177 global test acc  91.3093
Round 178 global test acc  94.5052
Round 179 global test acc  95.3402
Round 180 global test acc  95.6804
Round 181 global test acc  95.6701
Round 182 global test acc  95.7216
Round 183 global test acc  95.9278
Round 184 global test acc  95.8866
Round 185 global test acc  95.6289
Round 186 global test acc  95.7629
Round 187 global test acc  95.7629
Round 188 global test acc  95.2165
Round 189 global test acc  95.5155
Round 190 global test acc  95.7938
Round 191 global test acc  93.8454
Round 192 global test acc  95.2990
Round 193 global test acc  95.8763
Round 194 global test acc  95.4845
Round 195 global test acc  95.4536
Round 196 global test acc  95.4948
Round 197 global test acc  95.4948
Round 198 global test acc  95.2784
Round 199 global test acc  94.8866
time : 901.1936225891113
('algorithm', 'MR')
('gpu', 0)
('seed', 13)
('save_dir', './record/')
('rounds2', 200)
('local_ep', 5)
('frac2', 0.1)
('num_users', 100)
('local_bs', 32)
('lr', 0.1)
('model', 'lenet')
('num_classes', 10)
('level_n_system', 0.5)
('level_n_lowerb', 0.3)
('alpha_dirichlet', 10)
('non_iid_prob_class', 0.5)
('dataset', 'mnist')
('iid', False)
('LID_k', 20)
('iteration1', 5)
('rounds1', 200)
('frac1', 0.01)
('pretrained', False)
('mixup', False)
('alpha', 1)
('beta', 5)
('relabel_ratio', 0.5)
('confidence_thres', 0.5)
('clean_set_thres', 0.1)
('fine_tuning', True)
('correction', True)
('T_pl', 100)
('lambda_cen', 1.0)
('lambda_e', 0.8)
('num_gradual', 10)
('forget_rate', 0.2)
('lr_decay', 0.1)
('schedule', [])
('momentum', 0.5)
('weight_decay', 0.0001)
('feature_dim', 128)
('plr', 0.1)
('lamda', 15)
('K', 1)
('gamma', 1)
('begin_sel', 10)
('max_beta', 2)
('mu', 0.01)
('device', device(type='cuda', index=0))
Client 0, noise level: 0.7877 (0.7089), real noise ratio: 0.6981
Client 2, noise level: 0.4944 (0.4450), real noise ratio: 0.4521
Client 3, noise level: 0.4635 (0.4172), real noise ratio: 0.4033
Client 4, noise level: 0.8920 (0.8028), real noise ratio: 0.8237
Client 6, noise level: 0.7822 (0.7040), real noise ratio: 0.7016
Client 7, noise level: 0.4074 (0.3667), real noise ratio: 0.3658
Client 8, noise level: 0.4425 (0.3983), real noise ratio: 0.3512
Client 9, noise level: 0.3473 (0.3126), real noise ratio: 0.3085
Client 13, noise level: 0.4574 (0.4116), real noise ratio: 0.4186
Client 15, noise level: 0.3237 (0.2913), real noise ratio: 0.2967
Client 20, noise level: 0.7283 (0.6555), real noise ratio: 0.6537
Client 23, noise level: 0.5618 (0.5056), real noise ratio: 0.5236
Client 26, noise level: 0.8716 (0.7844), real noise ratio: 0.7900
Client 27, noise level: 0.3558 (0.3202), real noise ratio: 0.3128
Client 29, noise level: 0.8867 (0.7980), real noise ratio: 0.8037
Client 30, noise level: 0.6949 (0.6254), real noise ratio: 0.6656
Client 32, noise level: 0.4015 (0.3614), real noise ratio: 0.3438
Client 33, noise level: 0.3690 (0.3321), real noise ratio: 0.3030
Client 35, noise level: 0.7970 (0.7173), real noise ratio: 0.7454
Client 38, noise level: 0.5606 (0.5045), real noise ratio: 0.4862
Client 41, noise level: 0.7353 (0.6618), real noise ratio: 0.6756
Client 42, noise level: 0.8045 (0.7240), real noise ratio: 0.7083
Client 47, noise level: 0.4586 (0.4127), real noise ratio: 0.4200
Client 48, noise level: 0.5133 (0.4620), real noise ratio: 0.4694
Client 50, noise level: 0.7860 (0.7074), real noise ratio: 0.7129
Client 51, noise level: 0.3370 (0.3033), real noise ratio: 0.3249
Client 56, noise level: 0.5591 (0.5031), real noise ratio: 0.5053
Client 57, noise level: 0.6532 (0.5879), real noise ratio: 0.6047
Client 59, noise level: 0.3915 (0.3523), real noise ratio: 0.3246
Client 60, noise level: 0.8911 (0.8020), real noise ratio: 0.7815
Client 62, noise level: 0.4187 (0.3768), real noise ratio: 0.3972
Client 67, noise level: 0.3696 (0.3326), real noise ratio: 0.3274
Client 68, noise level: 0.9393 (0.8454), real noise ratio: 0.8645
Client 69, noise level: 0.7046 (0.6341), real noise ratio: 0.6319
Client 72, noise level: 0.3069 (0.2762), real noise ratio: 0.2556
Client 75, noise level: 0.7848 (0.7064), real noise ratio: 0.7367
Client 78, noise level: 0.3984 (0.3586), real noise ratio: 0.3834
Client 79, noise level: 0.7685 (0.6916), real noise ratio: 0.6671
Client 80, noise level: 0.5127 (0.4614), real noise ratio: 0.4361
Client 83, noise level: 0.4420 (0.3978), real noise ratio: 0.4275
Client 88, noise level: 0.4144 (0.3729), real noise ratio: 0.3985
Client 90, noise level: 0.4952 (0.4457), real noise ratio: 0.4286
Client 91, noise level: 0.4432 (0.3989), real noise ratio: 0.3853
Client 94, noise level: 0.3650 (0.3285), real noise ratio: 0.3202
Client 98, noise level: 0.5071 (0.4564), real noise ratio: 0.4668
Client 99, noise level: 0.4163 (0.3747), real noise ratio: 0.4041
Round 0 global test acc  29.0206
Round 0 Fscore 

[]
Round 1 global test acc  51.5464
Round 1 Fscore 

[]
Round 2 global test acc  66.3402
Round 2 Fscore 

[]
Round 3 global test acc  74.3299
Round 3 Fscore 

[]
Round 4 global test acc  82.3402
Round 4 Fscore 

[]
Round 5 global test acc  81.4227
Round 5 Fscore 

[]
Round 6 global test acc  72.1649
Round 6 Fscore 

[]
Round 7 global test acc  72.7835
Round 7 Fscore 

[]
Round 8 global test acc  84.5361
Round 8 Fscore 

[]
Round 9 global test acc  87.7320
Round 9 Fscore 

[]
Round 10 global test acc  91.9897
Round 10 Fscore 

[]
Round 11 global test acc  89.0103
Round 11 Fscore 

[]
Round 12 global test acc  89.9278
Round 12 Fscore 

[]
Round 13 global test acc  91.9691
Round 13 Fscore 

[]
Round 14 global test acc  93.6907
Round 14 Fscore 

[]
Round 15 global test acc  92.2165
Round 15 Fscore 

[]
Round 16 global test acc  94.2784
Round 16 Fscore 

[]
Round 17 global test acc  94.9897
Round 17 Fscore 

[]
Round 18 global test acc  94.3402
Round 18 Fscore 

[]
Round 19 global test acc  94.8660
Round 19 Fscore 

[]
Round 20 global test acc  94.8763
Round 20 Fscore 

[]
Round 21 global test acc  93.8144
Round 21 Fscore 

[]
Round 22 global test acc  94.1959
Round 22 Fscore 

[]
Round 23 global test acc  95.1959
Round 23 Fscore 

[]
Round 24 global test acc  95.1237
Round 24 Fscore 

[]
Round 25 global test acc  95.0000
Round 25 Fscore 

[]
Round 26 global test acc  95.4021
Round 26 Fscore 

[]
Round 27 global test acc  94.9897
Round 27 Fscore 

[]
Round 28 global test acc  92.4948
Round 28 Fscore 

[]
Round 29 global test acc  94.5670
Round 29 Fscore 

[]
Round 30 global test acc  95.3918
Round 30 Fscore 

[]
Round 31 global test acc  94.2062
Round 31 Fscore 

[]
Round 32 global test acc  95.2474
Round 32 Fscore 

[]
Round 33 global test acc  95.0619
Round 33 Fscore 

[]
Round 34 global test acc  93.0825
Round 34 Fscore 

[]
Round 35 global test acc  95.4330
Round 35 Fscore 

[]
Round 36 global test acc  94.8660
Round 36 Fscore 

[]
Round 37 global test acc  95.8144
Round 37 Fscore 

[]
Round 38 global test acc  92.1753
Round 38 Fscore 

[]
Round 39 global test acc  95.6186
Round 39 Fscore 

[]
Round 40 global test acc  95.6186
Round 40 Fscore 

[]
Round 41 global test acc  95.9278
Round 41 Fscore 

[]
Round 42 global test acc  96.0619
Round 42 Fscore 

[]
Round 43 global test acc  96.2990
Round 43 Fscore 

[]
Round 44 global test acc  96.0722
Round 44 Fscore 

[]
Round 45 global test acc  92.2371
Round 45 Fscore 

[]
Round 46 global test acc  94.5258
Round 46 Fscore 

[]
Round 47 global test acc  95.3505
Round 47 Fscore 

[]
Round 48 global test acc  95.5876
Round 48 Fscore 

[]
Round 49 global test acc  95.2680
Round 49 Fscore 

[]
Round 50 global test acc  95.7423
Round 50 Fscore 

[]
Round 51 global test acc  94.2371
Round 51 Fscore 

[]
Round 52 global test acc  95.5052
Round 52 Fscore 

[]
Round 53 global test acc  95.7216
Round 53 Fscore 

[]
Round 54 global test acc  95.2784
Round 54 Fscore 

[]
Round 55 global test acc  96.0309
Round 55 Fscore 

[]
Round 56 global test acc  93.1649
Round 56 Fscore 

[]
Round 57 global test acc  95.3196
Round 57 Fscore 

[]
Round 58 global test acc  95.9072
Round 58 Fscore 

[]
Round 59 global test acc  95.6598
Round 59 Fscore 

[]
Round 60 global test acc  95.6701
Round 60 Fscore 

[]
Round 61 global test acc  95.6186
Round 61 Fscore 

[]
Round 62 global test acc  95.6701
Round 62 Fscore 

[]
Round 63 global test acc  95.8144
Round 63 Fscore 

[]
Round 64 global test acc  96.2680
Round 64 Fscore 

[]
Round 65 global test acc  96.1237
Round 65 Fscore 

[]
Round 66 global test acc  94.5670
Round 66 Fscore 

[]
Round 67 global test acc  95.6907
Round 67 Fscore 

[]
Round 68 global test acc  95.6907
Round 68 Fscore 

[]
Round 69 global test acc  95.8866
Round 69 Fscore 

[]
Round 70 global test acc  94.4330
Round 70 Fscore 

[]
Round 71 global test acc  96.0309
Round 71 Fscore 

[]
Round 72 global test acc  96.0722
Round 72 Fscore 

[]
Round 73 global test acc  95.4433
Round 73 Fscore 

[]
Round 74 global test acc  95.7423
Round 74 Fscore 

[]
Round 75 global test acc  95.9485
Round 75 Fscore 

[]
Round 76 global test acc  90.0309
Round 76 Fscore 

[]
Round 77 global test acc  95.7526
Round 77 Fscore 

[]
Round 78 global test acc  95.2371
Round 78 Fscore 

[]
Round 79 global test acc  95.2990
Round 79 Fscore 

[]
Round 80 global test acc  95.5670
Round 80 Fscore 

[]
Round 81 global test acc  95.4948
Round 81 Fscore 

[]
Round 82 global test acc  90.9588
Round 82 Fscore 

[]
Round 83 global test acc  89.4330
Round 83 Fscore 

[]
Round 84 global test acc  90.9897
Round 84 Fscore 

[]
Round 85 global test acc  95.4639
Round 85 Fscore 

[]
Round 86 global test acc  95.6598
Round 86 Fscore 

[]
Round 87 global test acc  95.1031
Round 87 Fscore 

[]
Round 88 global test acc  95.5979
Round 88 Fscore 

[]
Round 89 global test acc  96.0928
Round 89 Fscore 

[]
Round 90 global test acc  95.9175
Round 90 Fscore 

[]
Round 91 global test acc  95.7113
Round 91 Fscore 

[]
Round 92 global test acc  96.0722
Round 92 Fscore 

[]
Round 93 global test acc  96.1340
Round 93 Fscore 

[]
Round 94 global test acc  96.1031
Round 94 Fscore 

[]
Round 95 global test acc  96.4124
Round 95 Fscore 

[]
Round 96 global test acc  96.1443
Round 96 Fscore 

[]
Round 97 global test acc  95.8763
Round 97 Fscore 

[]
Round 98 global test acc  95.0928
Round 98 Fscore 

[]
Round 99 global test acc  95.6804
Round 99 Fscore 

[]
Round 100 global test acc  94.6082
Round 100 Fscore 

[]
Round 101 global test acc  95.2268
Round 101 Fscore 

[]
Round 102 global test acc  95.5876
Round 102 Fscore 

[]
Round 103 global test acc  96.1134
Round 103 Fscore 

[]
Round 104 global test acc  95.4433
Round 104 Fscore 

[]
Round 105 global test acc  95.8969
Round 105 Fscore 

[]
Round 106 global test acc  95.6289
Round 106 Fscore 

[]
Round 107 global test acc  95.6804
Round 107 Fscore 

[]
Round 108 global test acc  95.2062
Round 108 Fscore 

[]
Round 109 global test acc  96.2268
Round 109 Fscore 

[]
Round 110 global test acc  96.0619
Round 110 Fscore 

[]
Round 111 global test acc  96.0619
Round 111 Fscore 

[]
Round 112 global test acc  96.2577
Round 112 Fscore 

[]
Round 113 global test acc  95.9588
Round 113 Fscore 

[]
Round 114 global test acc  96.3093
Round 114 Fscore 

[]
Round 115 global test acc  96.2784
Round 115 Fscore 

[]
Round 116 global test acc  95.4330
Round 116 Fscore 

[]
Round 117 global test acc  95.9794
Round 117 Fscore 

[]
Round 118 global test acc  94.0412
Round 118 Fscore 

[]
Round 119 global test acc  95.4536
Round 119 Fscore 

[]
Round 120 global test acc  95.5670
Round 120 Fscore 

[]
Round 121 global test acc  94.3402
Round 121 Fscore 

[]
Round 122 global test acc  95.5876
Round 122 Fscore 

[]
Round 123 global test acc  96.0619
Round 123 Fscore 

[]
Round 124 global test acc  95.9588
Round 124 Fscore 

[]
Round 125 global test acc  94.5773
Round 125 Fscore 

[]
Round 126 global test acc  95.4227
Round 126 Fscore 

[]
Round 127 global test acc  95.7732
Round 127 Fscore 

[]
Round 128 global test acc  94.7113
Round 128 Fscore 

[]
Round 129 global test acc  95.4639
Round 129 Fscore 

[]
Round 130 global test acc  95.9175
Round 130 Fscore 

[]
Round 131 global test acc  95.1237
Round 131 Fscore 

[]
Round 132 global test acc  94.9278
Round 132 Fscore 

[]
Round 133 global test acc  95.7423
Round 133 Fscore 

[]
Round 134 global test acc  96.1134
Round 134 Fscore 

[]
Round 135 global test acc  96.2165
Round 135 Fscore 

[]
Round 136 global test acc  96.1031
Round 136 Fscore 

[]
Round 137 global test acc  96.1237
Round 137 Fscore 

[]
Round 138 global test acc  95.7320
Round 138 Fscore 

[]
Round 139 global test acc  95.8660
Round 139 Fscore 

[]
Round 140 global test acc  96.1856
Round 140 Fscore 

[]
Round 141 global test acc  95.7938
Round 141 Fscore 

[]
Round 142 global test acc  95.8969
Round 142 Fscore 

[]
Round 143 global test acc  95.7938
Round 143 Fscore 

[]
Round 144 global test acc  96.1134
Round 144 Fscore 

[]
Round 145 global test acc  87.0103
Round 145 Fscore 

[]
Round 146 global test acc  94.8660
Round 146 Fscore 

[]
Round 147 global test acc  95.4433
Round 147 Fscore 

[]
Round 148 global test acc  95.7835
Round 148 Fscore 

[]
Round 149 global test acc  94.9381
Round 149 Fscore 

[]
Round 150 global test acc  95.6907
Round 150 Fscore 

[]
Round 151 global test acc  95.9175
Round 151 Fscore 

[]
Round 152 global test acc  96.0619
Round 152 Fscore 

[]
Round 153 global test acc  96.2165
Round 153 Fscore 

[]
Round 154 global test acc  96.0825
Round 154 Fscore 

[]
Round 155 global test acc  95.2474
Round 155 Fscore 

[]
Round 156 global test acc  95.9381
Round 156 Fscore 

[]
Round 157 global test acc  95.6186
Round 157 Fscore 

[]
Round 158 global test acc  96.0000
Round 158 Fscore 

[]
Round 159 global test acc  96.0619
Round 159 Fscore 

[]
Round 160 global test acc  96.1237
Round 160 Fscore 

[]
Round 161 global test acc  96.0103
Round 161 Fscore 

[]
Round 162 global test acc  96.1237
Round 162 Fscore 

[]
Round 163 global test acc  95.8866
Round 163 Fscore 

[]
Round 164 global test acc  96.0825
Round 164 Fscore 

[]
Round 165 global test acc  95.9072
Round 165 Fscore 

[]
Round 166 global test acc  95.2990
Round 166 Fscore 

[]
Round 167 global test acc  95.5979
Round 167 Fscore 

[]
Round 168 global test acc  95.7113
Round 168 Fscore 

[]
Round 169 global test acc  95.7010
Round 169 Fscore 

[]
Round 170 global test acc  95.7938
Round 170 Fscore 

[]
Round 171 global test acc  95.7010
Round 171 Fscore 

[]
Round 172 global test acc  95.7938
Round 172 Fscore 

[]
Round 173 global test acc  95.6289
Round 173 Fscore 

[]
Round 174 global test acc  95.1959
Round 174 Fscore 

[]
Round 175 global test acc  95.5773
Round 175 Fscore 

[]
Round 176 global test acc  95.6495
Round 176 Fscore 

[]
Round 177 global test acc  95.8763
Round 177 Fscore 

[]
Round 178 global test acc  96.1959
Round 178 Fscore 

[]
Round 179 global test acc  96.1443
Round 179 Fscore 

[]
Round 180 global test acc  96.0206
Round 180 Fscore 

[]
Round 181 global test acc  96.2165
Round 181 Fscore 

[]
Round 182 global test acc  96.1649
Round 182 Fscore 

[]
Round 183 global test acc  95.8454
Round 183 Fscore 

[]
Round 184 global test acc  95.9381
Round 184 Fscore 

[]
Round 185 global test acc  95.9278
Round 185 Fscore 

[]
Round 186 global test acc  95.8660
Round 186 Fscore 

[]
Round 187 global test acc  95.9072
Round 187 Fscore 

[]
Round 188 global test acc  95.7423
Round 188 Fscore 

[]
Round 189 global test acc  95.9278
Round 189 Fscore 

[]
Round 190 global test acc  95.9794
Round 190 Fscore 

[]
Round 191 global test acc  96.0928
Round 191 Fscore 

[]
Round 192 global test acc  95.8763
Round 192 Fscore 

[]
Round 193 global test acc  96.0722
Round 193 Fscore 

[]
Round 194 global test acc  95.2784
Round 194 Fscore 

[]
Round 195 global test acc  95.5567
Round 195 Fscore 

[]
Round 196 global test acc  95.3711
Round 196 Fscore 

[]
Round 197 global test acc  95.5670
Round 197 Fscore 

[]
Round 198 global test acc  95.4742
Round 198 Fscore 

[]
Round 199 global test acc  95.6495
Round 199 Fscore 

[0.8614357113838196, 0.9977628588676453, 0.9586206674575806, 0.9367470145225525, 0.6153846383094788, 1.0, 0.8475452661514282, 0.949999988079071, 0.9712460041046143, 0.9581921100616455, 0.9999999403953552, 1.0, 1.0, 0.9633620977401733, 1.0, 0.9763205647468567, 1.0, 1.0, 1.0, 0.9999999403953552, 0.8805031180381775, 1.0, 1.0, 0.9665809869766235, 1.0, 1.0, 0.7335093021392822, 0.9738079309463501, 1.0, 0.8479999899864197, 0.9196429252624512, 1.0, 0.972577691078186, 0.971222996711731, 1.0, 0.7401247620582581, 1.0, 1.0, 0.9296875, 1.0, 1.0, 0.8920187950134277, 0.8744185566902161, 1.0, 1.0, 0.9981982111930847, 0.9999999403953552, 0.9127625226974487, 0.9335442781448364, 1.0, 0.8407959938049316, 0.9771309494972229, 0.9999999403953552, 1.0, 1.0, 1.0, 0.9249720573425293, 0.8492462038993835, 1.0, 0.9617391228675842, 0.8078818321228027, 1.0, 0.9327102899551392, 1.0, 1.0, 0.9991372227668762, 0.9999999403953552, 0.9448276162147522, 0.739130437374115, 0.8836104869842529, 1.0, 1.0, 0.9704918265342712, 0.9999999403953552, 1.0, 0.7575757503509521, 1.0, 1.0, 0.9271185994148254, 0.8030074834823608, 0.911347508430481, 1.0, 1.0, 0.9588477611541748, 1.0, 0.9999999403953552, 1.0, 1.0, 0.9394314289093018, 0.9999999403953552, 0.9053571224212646, 0.911111056804657, 1.0, 1.0, 0.9678134918212891, 1.0, 1.0, 1.0, 0.8985849022865295, 0.9563909769058228]
time : 926.7982668876648
('algorithm', 'MR')
('gpu', 0)
('seed', 13)
('save_dir', './record/')
('rounds2', 200)
('local_ep', 5)
('frac2', 0.1)
('num_users', 100)
('local_bs', 32)
('lr', 0.1)
('model', 'lenet')
('num_classes', 10)
('level_n_system', 0.5)
('level_n_lowerb', 0.3)
('alpha_dirichlet', 10)
('non_iid_prob_class', 0.5)
('dataset', 'mnist')
('iid', False)
('LID_k', 20)
('iteration1', 5)
('rounds1', 200)
('frac1', 0.01)
('pretrained', False)
('mixup', False)
('alpha', 1)
('beta', 5)
('relabel_ratio', 0.5)
('confidence_thres', 0.5)
('clean_set_thres', 0.1)
('fine_tuning', True)
('correction', True)
('T_pl', 100)
('lambda_cen', 1.0)
('lambda_e', 0.8)
('num_gradual', 10)
('forget_rate', 0.2)
('lr_decay', 0.1)
('schedule', [])
('momentum', 0.5)
('weight_decay', 0.0001)
('feature_dim', 128)
('plr', 0.1)
('lamda', 15)
('K', 5)
('gamma', 1)
('begin_sel', 10)
('max_beta', 2)
('mu', 0.01)
('device', device(type='cuda', index=0))
Client 0, noise level: 0.7877 (0.7089), real noise ratio: 0.6981
Client 2, noise level: 0.4944 (0.4450), real noise ratio: 0.4521
Client 3, noise level: 0.4635 (0.4172), real noise ratio: 0.4033
Client 4, noise level: 0.8920 (0.8028), real noise ratio: 0.8237
Client 6, noise level: 0.7822 (0.7040), real noise ratio: 0.7016
Client 7, noise level: 0.4074 (0.3667), real noise ratio: 0.3658
Client 8, noise level: 0.4425 (0.3983), real noise ratio: 0.3512
Client 9, noise level: 0.3473 (0.3126), real noise ratio: 0.3085
Client 13, noise level: 0.4574 (0.4116), real noise ratio: 0.4186
Client 15, noise level: 0.3237 (0.2913), real noise ratio: 0.2967
Client 20, noise level: 0.7283 (0.6555), real noise ratio: 0.6537
Client 23, noise level: 0.5618 (0.5056), real noise ratio: 0.5236
Client 26, noise level: 0.8716 (0.7844), real noise ratio: 0.7900
Client 27, noise level: 0.3558 (0.3202), real noise ratio: 0.3128
Client 29, noise level: 0.8867 (0.7980), real noise ratio: 0.8037
Client 30, noise level: 0.6949 (0.6254), real noise ratio: 0.6656
Client 32, noise level: 0.4015 (0.3614), real noise ratio: 0.3438
Client 33, noise level: 0.3690 (0.3321), real noise ratio: 0.3030
Client 35, noise level: 0.7970 (0.7173), real noise ratio: 0.7454
Client 38, noise level: 0.5606 (0.5045), real noise ratio: 0.4862
Client 41, noise level: 0.7353 (0.6618), real noise ratio: 0.6756
Client 42, noise level: 0.8045 (0.7240), real noise ratio: 0.7083
Client 47, noise level: 0.4586 (0.4127), real noise ratio: 0.4200
Client 48, noise level: 0.5133 (0.4620), real noise ratio: 0.4694
Client 50, noise level: 0.7860 (0.7074), real noise ratio: 0.7129
Client 51, noise level: 0.3370 (0.3033), real noise ratio: 0.3249
Client 56, noise level: 0.5591 (0.5031), real noise ratio: 0.5053
Client 57, noise level: 0.6532 (0.5879), real noise ratio: 0.6047
Client 59, noise level: 0.3915 (0.3523), real noise ratio: 0.3246
Client 60, noise level: 0.8911 (0.8020), real noise ratio: 0.7815
Client 62, noise level: 0.4187 (0.3768), real noise ratio: 0.3972
Client 67, noise level: 0.3696 (0.3326), real noise ratio: 0.3274
Client 68, noise level: 0.9393 (0.8454), real noise ratio: 0.8645
Client 69, noise level: 0.7046 (0.6341), real noise ratio: 0.6319
Client 72, noise level: 0.3069 (0.2762), real noise ratio: 0.2556
Client 75, noise level: 0.7848 (0.7064), real noise ratio: 0.7367
Client 78, noise level: 0.3984 (0.3586), real noise ratio: 0.3834
Client 79, noise level: 0.7685 (0.6916), real noise ratio: 0.6671
Client 80, noise level: 0.5127 (0.4614), real noise ratio: 0.4361
Client 83, noise level: 0.4420 (0.3978), real noise ratio: 0.4275
Client 88, noise level: 0.4144 (0.3729), real noise ratio: 0.3985
Client 90, noise level: 0.4952 (0.4457), real noise ratio: 0.4286
Client 91, noise level: 0.4432 (0.3989), real noise ratio: 0.3853
Client 94, noise level: 0.3650 (0.3285), real noise ratio: 0.3202
Client 98, noise level: 0.5071 (0.4564), real noise ratio: 0.4668
Client 99, noise level: 0.4163 (0.3747), real noise ratio: 0.4041
Round 0 global test acc  36.6289
Round 0 Fscore 

[]
Round 1 global test acc  49.9588
Round 1 Fscore 

[]
Round 2 global test acc  64.4433
Round 2 Fscore 

[]
Round 3 global test acc  66.0515
Round 3 Fscore 

[]
Round 4 global test acc  81.4639
Round 4 Fscore 

[]
Round 5 global test acc  83.7423
Round 5 Fscore 

[]
Round 6 global test acc  80.8660
Round 6 Fscore 

[]
Round 7 global test acc  88.2268
Round 7 Fscore 

[]
Round 8 global test acc  86.9794
Round 8 Fscore 

[]
Round 9 global test acc  74.5773
Round 9 Fscore 

[]
Round 10 global test acc  84.3505
Round 10 Fscore 

[]
Round 11 global test acc  86.5052
Round 11 Fscore 

[]
Round 12 global test acc  69.4021
Round 12 Fscore 

[]
Round 13 global test acc  91.6598
Round 13 Fscore 

[]
Round 14 global test acc  92.4639
Round 14 Fscore 

[]
Round 15 global test acc  93.0928
Round 15 Fscore 

[]
Round 16 global test acc  93.8557
Round 16 Fscore 

[]
Round 17 global test acc  70.1546
Round 17 Fscore 

[]
Round 18 global test acc  82.6289
Round 18 Fscore 

[]
Round 19 global test acc  88.1959
Round 19 Fscore 

[]
Round 20 global test acc  84.4948
Round 20 Fscore 

[]
Round 21 global test acc  91.8351
Round 21 Fscore 

[]
Round 22 global test acc  88.2268
Round 22 Fscore 

[]
Round 23 global test acc  91.9278
Round 23 Fscore 

[]
Round 24 global test acc  92.2784
Round 24 Fscore 

[]
Round 25 global test acc  94.6082
Round 25 Fscore 

[]
Round 26 global test acc  93.0309
Round 26 Fscore 

[]
Round 27 global test acc  94.0206
Round 27 Fscore 

[]
Round 28 global test acc  94.5979
Round 28 Fscore 

[]
Round 29 global test acc  93.8866
Round 29 Fscore 

[]
Round 30 global test acc  94.4845
Round 30 Fscore 

[]
Round 31 global test acc  94.5361
Round 31 Fscore 

[]
Round 32 global test acc  95.2577
Round 32 Fscore 

[]
Round 33 global test acc  95.0515
Round 33 Fscore 

[]
Round 34 global test acc  77.1856
Round 34 Fscore 

[]
Round 35 global test acc  92.0309
Round 35 Fscore 

[]
Round 36 global test acc  94.4330
Round 36 Fscore 

[]
Round 37 global test acc  94.8557
Round 37 Fscore 

[]
Round 38 global test acc  93.6907
Round 38 Fscore 

[]
Round 39 global test acc  94.9072
Round 39 Fscore 

[]
Round 40 global test acc  94.6082
Round 40 Fscore 

[]
Round 41 global test acc  95.0206
Round 41 Fscore 

[]
Round 42 global test acc  95.2680
Round 42 Fscore 

[]
Round 43 global test acc  95.4536
Round 43 Fscore 

[]
Round 44 global test acc  95.4433
Round 44 Fscore 

[]
Round 45 global test acc  95.5876
Round 45 Fscore 

[]
Round 46 global test acc  95.1031
Round 46 Fscore 

[]
Round 47 global test acc  95.4536
Round 47 Fscore 

[]
Round 48 global test acc  95.3608
Round 48 Fscore 

[]
Round 49 global test acc  94.5979
Round 49 Fscore 

[]
Round 50 global test acc  83.7629
Round 50 Fscore 

[]
Round 51 global test acc  94.5361
Round 51 Fscore 

[]
Round 52 global test acc  94.5052
Round 52 Fscore 

[]
Round 53 global test acc  93.9794
Round 53 Fscore 

[]
Round 54 global test acc  94.6598
Round 54 Fscore 

[]
Round 55 global test acc  95.4742
Round 55 Fscore 

[]
Round 56 global test acc  95.6598
Round 56 Fscore 

[]
Round 57 global test acc  95.4330
Round 57 Fscore 

[]
Round 58 global test acc  95.4948
Round 58 Fscore 

[]
Round 59 global test acc  95.2784
Round 59 Fscore 

[]
Round 60 global test acc  95.1237
Round 60 Fscore 

[]
Round 61 global test acc  94.7732
Round 61 Fscore 

[]
Round 62 global test acc  94.6907
Round 62 Fscore 

[]
Round 63 global test acc  94.7526
Round 63 Fscore 

[]
Round 64 global test acc  95.3711
Round 64 Fscore 

[]
Round 65 global test acc  95.5567
Round 65 Fscore 

[]
Round 66 global test acc  95.2474
Round 66 Fscore 

[]
Round 67 global test acc  82.4433
Round 67 Fscore 

[]
Round 68 global test acc  94.7526
Round 68 Fscore 

[]
Round 69 global test acc  95.5876
Round 69 Fscore 

[]
Round 70 global test acc  95.2577
Round 70 Fscore 

[]
Round 71 global test acc  95.4433
Round 71 Fscore 

[]
Round 72 global test acc  95.4536
Round 72 Fscore 

[]
Round 73 global test acc  95.2474
Round 73 Fscore 

[]
Round 74 global test acc  82.2371
Round 74 Fscore 

[]
Round 75 global test acc  94.1753
Round 75 Fscore 

[]
Round 76 global test acc  85.7938
Round 76 Fscore 

[]
Round 77 global test acc  94.2062
Round 77 Fscore 

[]
Round 78 global test acc  94.8144
Round 78 Fscore 

[]
Round 79 global test acc  91.0000
Round 79 Fscore 

[]
Round 80 global test acc  94.5258
Round 80 Fscore 

[]
Round 81 global test acc  95.5361
Round 81 Fscore 

[]
Round 82 global test acc  94.7526
Round 82 Fscore 

[]
Round 83 global test acc  94.9691
Round 83 Fscore 

[]
Round 84 global test acc  95.4536
Round 84 Fscore 

[]
Round 85 global test acc  56.6082
Round 85 Fscore 

[]
Round 86 global test acc  93.9691
Round 86 Fscore 

[]
Round 87 global test acc  92.4021
Round 87 Fscore 

[]
Round 88 global test acc  94.6495
Round 88 Fscore 

[]
Round 89 global test acc  94.3093
Round 89 Fscore 

[]
Round 90 global test acc  94.9278
Round 90 Fscore 

[]
Round 91 global test acc  95.4948
Round 91 Fscore 

[]
Round 92 global test acc  95.4124
Round 92 Fscore 

[]
Round 93 global test acc  93.8866
Round 93 Fscore 

[]
Round 94 global test acc  72.7526
Round 94 Fscore 

[]
Round 95 global test acc  90.3608
Round 95 Fscore 

[]
Round 96 global test acc  95.3711
Round 96 Fscore 

[]
Round 97 global test acc  95.4845
Round 97 Fscore 

[]
Round 98 global test acc  94.4227
Round 98 Fscore 

[]
Round 99 global test acc  94.9897
Round 99 Fscore 

[]
Round 100 global test acc  94.9381
Round 100 Fscore 

[]
Round 101 global test acc  95.2474
Round 101 Fscore 

[]
Round 102 global test acc  95.2784
Round 102 Fscore 

[]
Round 103 global test acc  95.4948
Round 103 Fscore 

[]
Round 104 global test acc  95.3608
Round 104 Fscore 

[]
Round 105 global test acc  95.2784
Round 105 Fscore 

[]
Round 106 global test acc  95.3918
Round 106 Fscore 

[]
Round 107 global test acc  95.7216
Round 107 Fscore 

[]
Round 108 global test acc  95.7320
Round 108 Fscore 

[]
Round 109 global test acc  96.0515
Round 109 Fscore 

[]
Round 110 global test acc  95.7113
Round 110 Fscore 

[]
Round 111 global test acc  95.5052
Round 111 Fscore 

[]
Round 112 global test acc  95.5670
Round 112 Fscore 

[]
Round 113 global test acc  91.7216
Round 113 Fscore 

[]
Round 114 global test acc  95.7113
Round 114 Fscore 

[]
Round 115 global test acc  95.4021
Round 115 Fscore 

[]
Round 116 global test acc  95.8351
Round 116 Fscore 

[]
Round 117 global test acc  95.8866
Round 117 Fscore 

[]
Round 118 global test acc  95.3299
Round 118 Fscore 

[]
Round 119 global test acc  95.6082
Round 119 Fscore 

[]
Round 120 global test acc  95.2474
Round 120 Fscore 

[]
Round 121 global test acc  95.1134
Round 121 Fscore 

[]
Round 122 global test acc  95.5155
Round 122 Fscore 

[]
Round 123 global test acc  95.8969
Round 123 Fscore 

[]
Round 124 global test acc  91.2990
Round 124 Fscore 

[]
Round 125 global test acc  94.5361
Round 125 Fscore 

[]
Round 126 global test acc  95.0206
Round 126 Fscore 

[]
Round 127 global test acc  95.5052
Round 127 Fscore 

[]
Round 128 global test acc  94.9175
Round 128 Fscore 

[]
Round 129 global test acc  95.2062
Round 129 Fscore 

[]
Round 130 global test acc  94.7629
Round 130 Fscore 

[]
Round 131 global test acc  95.2474
Round 131 Fscore 

[]
Round 132 global test acc  95.1753
Round 132 Fscore 

[]
Round 133 global test acc  95.4227
Round 133 Fscore 

[]
Round 134 global test acc  95.5052
Round 134 Fscore 

[]
Round 135 global test acc  95.6907
Round 135 Fscore 

[]
Round 136 global test acc  95.7113
Round 136 Fscore 

[]
Round 137 global test acc  54.1856
Round 137 Fscore 

[]
Round 138 global test acc  51.0103
Round 138 Fscore 

[]
Round 139 global test acc  94.2371
Round 139 Fscore 

[]
Round 140 global test acc  95.2577
Round 140 Fscore 

[]
Round 141 global test acc  95.0722
Round 141 Fscore 

[]
Round 142 global test acc  95.3402
Round 142 Fscore 

[]
Round 143 global test acc  95.0309
Round 143 Fscore 

[]
Round 144 global test acc  95.8866
Round 144 Fscore 

[]
Round 145 global test acc  95.6598
Round 145 Fscore 

[]
Round 146 global test acc  91.1031
Round 146 Fscore 

[]
Round 147 global test acc  95.3093
Round 147 Fscore 

[]
Round 148 global test acc  95.5361
Round 148 Fscore 

[]
Round 149 global test acc  95.9072
Round 149 Fscore 

[]
Round 150 global test acc  93.4845
Round 150 Fscore 

[]
Round 151 global test acc  95.5258
Round 151 Fscore 

[]
Round 152 global test acc  95.4124
Round 152 Fscore 

[]
Round 153 global test acc  92.8041
Round 153 Fscore 

[]
Round 154 global test acc  94.9381
Round 154 Fscore 

[]
Round 155 global test acc  94.0722
Round 155 Fscore 

[]
Round 156 global test acc  95.4845
Round 156 Fscore 

[]
Round 157 global test acc  94.6186
Round 157 Fscore 

[]
Round 158 global test acc  95.2268
Round 158 Fscore 

[]
Round 159 global test acc  95.7216
Round 159 Fscore 

[]
Round 160 global test acc  95.7216
Round 160 Fscore 

[]
Round 161 global test acc  96.0309
Round 161 Fscore 

[]
Round 162 global test acc  96.1546
Round 162 Fscore 

[]
Round 163 global test acc  95.9588
Round 163 Fscore 

[]
Round 164 global test acc  95.8866
Round 164 Fscore 

[]
Round 165 global test acc  95.6701
Round 165 Fscore 

[]
Round 166 global test acc  93.1753
Round 166 Fscore 

[]
Round 167 global test acc  94.9485
Round 167 Fscore 

[]
Round 168 global test acc  95.4845
Round 168 Fscore 

[]
Round 169 global test acc  95.6804
Round 169 Fscore 

[]
Round 170 global test acc  95.8866
Round 170 Fscore 

[]
Round 171 global test acc  95.9278
Round 171 Fscore 

[]
Round 172 global test acc  95.7423
Round 172 Fscore 

[]
Round 173 global test acc  96.0825
Round 173 Fscore 

[]
Round 174 global test acc  95.6701
Round 174 Fscore 

[]
Round 175 global test acc  95.6392
Round 175 Fscore 

[]
Round 176 global test acc  95.7320
Round 176 Fscore 

[]
Round 177 global test acc  95.9897
Round 177 Fscore 

[]
Round 178 global test acc  96.3299
Round 178 Fscore 

[]
Round 179 global test acc  96.2680
Round 179 Fscore 

[]
Round 180 global test acc  95.7835
Round 180 Fscore 

[]
Round 181 global test acc  95.5361
Round 181 Fscore 

[]
Round 182 global test acc  95.6082
Round 182 Fscore 

[]
Round 183 global test acc  95.9175
Round 183 Fscore 

[]
Round 184 global test acc  95.9278
Round 184 Fscore 

[]
Round 185 global test acc  95.8866
Round 185 Fscore 

[]
Round 186 global test acc  84.7320
Round 186 Fscore 

[]
Round 187 global test acc  94.7423
Round 187 Fscore 

[]
Round 188 global test acc  95.0722
Round 188 Fscore 

[]
Round 189 global test acc  93.3608
Round 189 Fscore 

[]
Round 190 global test acc  95.5464
Round 190 Fscore 

[]
Round 191 global test acc  95.8351
Round 191 Fscore 

[]
Round 192 global test acc  95.7010
Round 192 Fscore 

[]
Round 193 global test acc  95.9897
Round 193 Fscore 

[]
Round 194 global test acc  95.0515
Round 194 Fscore 

[]
Round 195 global test acc  94.7113
Round 195 Fscore 

[]
Round 196 global test acc  95.4330
Round 196 Fscore 

[]
Round 197 global test acc  95.7216
Round 197 Fscore 

[]
Round 198 global test acc  94.5876
Round 198 Fscore 

[]
Round 199 global test acc  95.0000
Round 199 Fscore 

[0.8892794847488403, 1.0, 0.9770722985267639, 0.9357249736785889, 0.7074829936027527, 1.0, 0.9141274094581604, 0.9742647409439087, 0.9869280457496643, 0.974885880947113, 0.9999999403953552, 0.9981307983398438, 1.0, 0.9629629850387573, 0.9999999403953552, 0.9710144996643066, 0.9994460344314575, 0.9999999403953552, 1.0, 1.0, 0.8950749635696411, 0.9999999403953552, 1.0, 0.9562981724739075, 1.0, 0.9939024448394775, 0.7771428823471069, 0.9678283929824829, 0.9999999403953552, 0.8524590134620667, 0.9497716426849365, 1.0, 0.9651376008987427, 0.9890909194946289, 1.0, 0.803532063961029, 0.9979715347290039, 1.0, 0.929411768913269, 1.0, 1.0, 0.9219512343406677, 0.9016786217689514, 0.9993753433227539, 0.9999999403953552, 0.9981851577758789, 1.0, 0.9320229291915894, 0.9519230723381042, 1.0, 0.8478803038597107, 0.9828326106071472, 0.9986927509307861, 1.0, 1.0, 1.0, 0.9468822479248047, 0.8578745126724243, 0.9976798295974731, 0.9660574793815613, 0.911111056804657, 1.0, 0.9431818127632141, 1.0, 1.0, 0.999143123626709, 0.9999999403953552, 0.957095742225647, 0.7951806783676147, 0.9130434989929199, 0.9999999403953552, 1.0, 0.97682124376297, 0.9992429614067078, 0.9999999403953552, 0.759036123752594, 1.0, 1.0, 0.9358108043670654, 0.8464052677154541, 0.931654691696167, 0.9992923140525818, 0.9999999403953552, 0.9591837525367737, 1.0, 0.9999999403953552, 1.0, 1.0, 0.9370459914207458, 1.0, 0.9222323894500732, 0.927007257938385, 1.0, 1.0, 0.9706202149391174, 1.0, 1.0, 1.0, 0.932367205619812, 0.9578313231468201]
time : 879.9024596214294
('algorithm', 'MR')
('gpu', 1)
('seed', 13)
('save_dir', './record/')
('rounds2', 200)
('local_ep', 5)
('frac2', 0.1)
('num_users', 100)
('local_bs', 32)
('lr', 0.1)
('model', 'lenet')
('num_classes', 10)
('level_n_system', 0.5)
('level_n_lowerb', 0.3)
('alpha_dirichlet', 10)
('non_iid_prob_class', 0.5)
('dataset', 'mnist')
('iid', False)
('LID_k', 20)
('iteration1', 5)
('rounds1', 200)
('frac1', 0.01)
('pretrained', False)
('mixup', False)
('alpha', 1)
('beta', 5)
('relabel_ratio', 0.5)
('confidence_thres', 0.5)
('clean_set_thres', 0.1)
('fine_tuning', True)
('correction', True)
('T_pl', 100)
('lambda_cen', 1.0)
('lambda_e', 0.8)
('num_gradual', 10)
('forget_rate', 0.2)
('lr_decay', 0.1)
('schedule', [])
('momentum', 0.5)
('weight_decay', 0.0001)
('feature_dim', 128)
('plr', 0.1)
('lamda', 15)
('K', 5)
('gamma', 1)
('begin_sel', 10)
('max_beta', 2)
('mu', 0.01)
('device', device(type='cuda', index=1))
Client 0, noise level: 0.7877 (0.7089), real noise ratio: 0.6981
Client 2, noise level: 0.4944 (0.4450), real noise ratio: 0.4521
Client 3, noise level: 0.4635 (0.4172), real noise ratio: 0.4033
Client 4, noise level: 0.8920 (0.8028), real noise ratio: 0.8237
Client 6, noise level: 0.7822 (0.7040), real noise ratio: 0.7016
Client 7, noise level: 0.4074 (0.3667), real noise ratio: 0.3658
Client 8, noise level: 0.4425 (0.3983), real noise ratio: 0.3512
Client 9, noise level: 0.3473 (0.3126), real noise ratio: 0.3085
Client 13, noise level: 0.4574 (0.4116), real noise ratio: 0.4186
Client 15, noise level: 0.3237 (0.2913), real noise ratio: 0.2967
Client 20, noise level: 0.7283 (0.6555), real noise ratio: 0.6537
Client 23, noise level: 0.5618 (0.5056), real noise ratio: 0.5236
Client 26, noise level: 0.8716 (0.7844), real noise ratio: 0.7900
Client 27, noise level: 0.3558 (0.3202), real noise ratio: 0.3128
Client 29, noise level: 0.8867 (0.7980), real noise ratio: 0.8037
Client 30, noise level: 0.6949 (0.6254), real noise ratio: 0.6656
Client 32, noise level: 0.4015 (0.3614), real noise ratio: 0.3438
Client 33, noise level: 0.3690 (0.3321), real noise ratio: 0.3030
Client 35, noise level: 0.7970 (0.7173), real noise ratio: 0.7454
Client 38, noise level: 0.5606 (0.5045), real noise ratio: 0.4862
Client 41, noise level: 0.7353 (0.6618), real noise ratio: 0.6756
Client 42, noise level: 0.8045 (0.7240), real noise ratio: 0.7083
Client 47, noise level: 0.4586 (0.4127), real noise ratio: 0.4200
Client 48, noise level: 0.5133 (0.4620), real noise ratio: 0.4694
Client 50, noise level: 0.7860 (0.7074), real noise ratio: 0.7129
Client 51, noise level: 0.3370 (0.3033), real noise ratio: 0.3249
Client 56, noise level: 0.5591 (0.5031), real noise ratio: 0.5053
Client 57, noise level: 0.6532 (0.5879), real noise ratio: 0.6047
Client 59, noise level: 0.3915 (0.3523), real noise ratio: 0.3246
Client 60, noise level: 0.8911 (0.8020), real noise ratio: 0.7815
Client 62, noise level: 0.4187 (0.3768), real noise ratio: 0.3972
Client 67, noise level: 0.3696 (0.3326), real noise ratio: 0.3274
Client 68, noise level: 0.9393 (0.8454), real noise ratio: 0.8645
Client 69, noise level: 0.7046 (0.6341), real noise ratio: 0.6319
Client 72, noise level: 0.3069 (0.2762), real noise ratio: 0.2556
Client 75, noise level: 0.7848 (0.7064), real noise ratio: 0.7367
Client 78, noise level: 0.3984 (0.3586), real noise ratio: 0.3834
Client 79, noise level: 0.7685 (0.6916), real noise ratio: 0.6671
Client 80, noise level: 0.5127 (0.4614), real noise ratio: 0.4361
Client 83, noise level: 0.4420 (0.3978), real noise ratio: 0.4275
Client 88, noise level: 0.4144 (0.3729), real noise ratio: 0.3985
Client 90, noise level: 0.4952 (0.4457), real noise ratio: 0.4286
Client 91, noise level: 0.4432 (0.3989), real noise ratio: 0.3853
Client 94, noise level: 0.3650 (0.3285), real noise ratio: 0.3202
Client 98, noise level: 0.5071 (0.4564), real noise ratio: 0.4668
Client 99, noise level: 0.4163 (0.3747), real noise ratio: 0.4041
Round 0 global test acc  32.4124
Round 0 Fscore 

[]
Round 1 global test acc  52.1959
Round 1 Fscore 

[]
Round 2 global test acc  56.2887
Round 2 Fscore 

[]
Round 3 global test acc  75.3093
Round 3 Fscore 

[]
Round 4 global test acc  84.0412
Round 4 Fscore 

[]
Round 5 global test acc  85.6598
Round 5 Fscore 

[]
Round 6 global test acc  86.3402
Round 6 Fscore 

[]
Round 7 global test acc  85.4021
Round 7 Fscore 

[]
Round 8 global test acc  89.1753
Round 8 Fscore 

[]
Round 9 global test acc  91.3093
Round 9 Fscore 

[]
Round 10 global test acc  91.1649
Round 10 Fscore 

[]
Round 11 global test acc  91.6804
Round 11 Fscore 

[]
Round 12 global test acc  88.1546
Round 12 Fscore 

[]
Round 13 global test acc  92.3299
Round 13 Fscore 

[]
Round 14 global test acc  92.4536
Round 14 Fscore 

[]
Round 15 global test acc  92.6701
Round 15 Fscore 

[]
Round 16 global test acc  92.8557
Round 16 Fscore 

[]
Round 17 global test acc  90.5258
Round 17 Fscore 

[]
Round 18 global test acc  93.6495
Round 18 Fscore 

[]
Round 19 global test acc  93.9897
Round 19 Fscore 

[]
Round 20 global test acc  94.3814
Round 20 Fscore 

[]
Round 21 global test acc  94.2990
Round 21 Fscore 

[]
Round 22 global test acc  94.8557
Round 22 Fscore 

[]
Round 23 global test acc  94.2887
Round 23 Fscore 

[]
Round 24 global test acc  89.1959
Round 24 Fscore 

[]
Round 25 global test acc  55.2062
Round 25 Fscore 

[]
Round 26 global test acc  94.3918
Round 26 Fscore 

[]
Round 27 global test acc  94.3402
Round 27 Fscore 

[]
Round 28 global test acc  94.1546
Round 28 Fscore 

[]
Round 29 global test acc  94.2784
Round 29 Fscore 

[]
Round 30 global test acc  94.5979
Round 30 Fscore 

[]
Round 31 global test acc  93.5670
Round 31 Fscore 

[]
Round 32 global test acc  94.7423
Round 32 Fscore 

[]
Round 33 global test acc  94.9381
Round 33 Fscore 

[]
Round 34 global test acc  94.0722
Round 34 Fscore 

[]
Round 35 global test acc  92.4639
Round 35 Fscore 

[]
Round 36 global test acc  90.1546
Round 36 Fscore 

[]
Round 37 global test acc  94.4330
Round 37 Fscore 

[]
Round 38 global test acc  92.8557
Round 38 Fscore 

[]
Round 39 global test acc  93.8763
Round 39 Fscore 

[]
Round 40 global test acc  93.7010
Round 40 Fscore 

[]
Round 41 global test acc  92.3196
Round 41 Fscore 

[]
Round 42 global test acc  95.1031
Round 42 Fscore 

[]
Round 43 global test acc  95.1237
Round 43 Fscore 

[]
Round 44 global test acc  95.3093
Round 44 Fscore 

[]
Round 45 global test acc  95.2577
Round 45 Fscore 

[]
Round 46 global test acc  93.3093
Round 46 Fscore 

[]
Round 47 global test acc  95.1340
Round 47 Fscore 

[]
Round 48 global test acc  95.0722
Round 48 Fscore 

[]
Round 49 global test acc  92.3918
Round 49 Fscore 

[]
Round 50 global test acc  95.4742
Round 50 Fscore 

[]
Round 51 global test acc  95.5464
Round 51 Fscore 

[]
Round 52 global test acc  93.2165
Round 52 Fscore 

[]
Round 53 global test acc  94.6289
Round 53 Fscore 

[]
Round 54 global test acc  95.4948
Round 54 Fscore 

[]
Round 55 global test acc  95.9175
Round 55 Fscore 

[]
Round 56 global test acc  95.6186
Round 56 Fscore 

[]
Round 57 global test acc  95.8144
Round 57 Fscore 

[]
Round 58 global test acc  94.9691
Round 58 Fscore 

[]
Round 59 global test acc  93.3196
Round 59 Fscore 

[]
Round 60 global test acc  95.3505
Round 60 Fscore 

[]
Round 61 global test acc  94.7835
Round 61 Fscore 

[]
Round 62 global test acc  94.9381
Round 62 Fscore 

[]
Round 63 global test acc  95.1443
Round 63 Fscore 

[]
Round 64 global test acc  95.4433
Round 64 Fscore 

[]
Round 65 global test acc  95.5773
Round 65 Fscore 

[]
Round 66 global test acc  94.8247
Round 66 Fscore 

[]
Round 67 global test acc  95.3711
Round 67 Fscore 

[]
Round 68 global test acc  95.5464
Round 68 Fscore 

[]
Round 69 global test acc  89.1959
Round 69 Fscore 

[]
Round 70 global test acc  94.1856
Round 70 Fscore 

[]
Round 71 global test acc  95.1134
Round 71 Fscore 

[]
Round 72 global test acc  95.2990
Round 72 Fscore 

[]
Round 73 global test acc  94.8557
Round 73 Fscore 

[]
Round 74 global test acc  95.2062
Round 74 Fscore 

[]
Round 75 global test acc  95.3711
Round 75 Fscore 

[]
Round 76 global test acc  95.3505
Round 76 Fscore 

[]
Round 77 global test acc  95.3299
Round 77 Fscore 

[]
Round 78 global test acc  95.1443
Round 78 Fscore 

[]
Round 79 global test acc  94.9381
Round 79 Fscore 

[]
Round 80 global test acc  95.4742
Round 80 Fscore 

[]
Round 81 global test acc  95.5773
Round 81 Fscore 

[]
Round 82 global test acc  95.0515
Round 82 Fscore 

[]
Round 83 global test acc  95.5773
Round 83 Fscore 

[]
Round 84 global test acc  95.1237
Round 84 Fscore 

[]
Round 85 global test acc  95.8247
Round 85 Fscore 

[]
Round 86 global test acc  95.8454
Round 86 Fscore 

[]
Round 87 global test acc  96.0412
Round 87 Fscore 

[]
Round 88 global test acc  95.8351
Round 88 Fscore 

[]
Round 89 global test acc  95.7113
Round 89 Fscore 

[]
Round 90 global test acc  95.1649
Round 90 Fscore 

[]
Round 91 global test acc  95.2887
Round 91 Fscore 

[]
Round 92 global test acc  95.7423
Round 92 Fscore 

[]
Round 93 global test acc  95.5773
Round 93 Fscore 

[]
Round 94 global test acc  95.5258
Round 94 Fscore 

[]
Round 95 global test acc  95.7629
Round 95 Fscore 

[]
Round 96 global test acc  95.4536
Round 96 Fscore 

[]
Round 97 global test acc  95.1134
Round 97 Fscore 

[]
Round 98 global test acc  95.1443
Round 98 Fscore 

[]
Round 99 global test acc  95.6701
Round 99 Fscore 

[]
Round 100 global test acc  95.0103
Round 100 Fscore 

[]
Round 101 global test acc  94.0309
Round 101 Fscore 

[]
Round 102 global test acc  95.0722
Round 102 Fscore 

[]
Round 103 global test acc  95.0722
Round 103 Fscore 

[]
Round 104 global test acc  93.6392
Round 104 Fscore 

[]
Round 105 global test acc  95.6392
Round 105 Fscore 

[]
Round 106 global test acc  94.5876
Round 106 Fscore 

[]
Round 107 global test acc  95.1134
Round 107 Fscore 

[]
Round 108 global test acc  95.1237
Round 108 Fscore 

[]
Round 109 global test acc  95.6082
Round 109 Fscore 

[]
Round 110 global test acc  95.1546
Round 110 Fscore 

[]
Round 111 global test acc  95.3196
Round 111 Fscore 

[]
Round 112 global test acc  95.3402
Round 112 Fscore 

[]
Round 113 global test acc  95.2165
Round 113 Fscore 

[]
Round 114 global test acc  95.5258
Round 114 Fscore 

[]
Round 115 global test acc  95.6598
Round 115 Fscore 

[]
Round 116 global test acc  95.8351
Round 116 Fscore 

[]
Round 117 global test acc  95.3196
Round 117 Fscore 

[]
Round 118 global test acc  94.3711
Round 118 Fscore 

[]
Round 119 global test acc  95.0103
Round 119 Fscore 

[]
Round 120 global test acc  95.2062
Round 120 Fscore 

[]
Round 121 global test acc  94.9588
Round 121 Fscore 

[]
Round 122 global test acc  95.5979
Round 122 Fscore 

[]
Round 123 global test acc  95.2062
Round 123 Fscore 

[]
Round 124 global test acc  95.6392
Round 124 Fscore 

[]
Round 125 global test acc  95.5567
Round 125 Fscore 

[]
Round 126 global test acc  95.3299
Round 126 Fscore 

[]
Round 127 global test acc  95.3608
Round 127 Fscore 

[]
Round 128 global test acc  94.3505
Round 128 Fscore 

[]
Round 129 global test acc  95.1649
Round 129 Fscore 

[]
Round 130 global test acc  95.4021
Round 130 Fscore 

[]
Round 131 global test acc  94.8969
Round 131 Fscore 

[]
Round 132 global test acc  95.3196
Round 132 Fscore 

[]
Round 133 global test acc  95.0619
Round 133 Fscore 

[]
Round 134 global test acc  93.3299
Round 134 Fscore 

[]
Round 135 global test acc  95.4639
Round 135 Fscore 

[]
Round 136 global test acc  95.4330
Round 136 Fscore 

[]
Round 137 global test acc  95.5773
Round 137 Fscore 

[]
Round 138 global test acc  90.0825
Round 138 Fscore 

[]
Round 139 global test acc  95.9072
Round 139 Fscore 

[]
Round 140 global test acc  96.1443
Round 140 Fscore 

[]
Round 141 global test acc  95.5361
Round 141 Fscore 

[]
Round 142 global test acc  95.4639
Round 142 Fscore 

[]
Round 143 global test acc  95.4330
Round 143 Fscore 

[]
Round 144 global test acc  95.8763
Round 144 Fscore 

[]
Round 145 global test acc  95.5876
Round 145 Fscore 

[]
Round 146 global test acc  95.8660
Round 146 Fscore 

[]
Round 147 global test acc  95.6392
Round 147 Fscore 

[]
Round 148 global test acc  95.3918
Round 148 Fscore 

[]
Round 149 global test acc  95.3505
Round 149 Fscore 

[]
Round 150 global test acc  95.3299
Round 150 Fscore 

[]
Round 151 global test acc  95.3608
Round 151 Fscore 

[]
Round 152 global test acc  96.0000
Round 152 Fscore 

[]
Round 153 global test acc  93.7423
Round 153 Fscore 

[]
Round 154 global test acc  94.7732
Round 154 Fscore 

[]
Round 155 global test acc  95.2784
Round 155 Fscore 

[]
Round 156 global test acc  95.0515
Round 156 Fscore 

[]
Round 157 global test acc  95.2887
Round 157 Fscore 

[]
Round 158 global test acc  95.6804
Round 158 Fscore 

[]
Round 159 global test acc  95.5155
Round 159 Fscore 

[]
Round 160 global test acc  95.4845
Round 160 Fscore 

[]
Round 161 global test acc  95.1237
Round 161 Fscore 

[]
Round 162 global test acc  95.4639
Round 162 Fscore 

[]
Round 163 global test acc  95.3402
Round 163 Fscore 

[]
Round 164 global test acc  95.0722
Round 164 Fscore 

[]
Round 165 global test acc  94.7938
Round 165 Fscore 

[]
Round 166 global test acc  95.2165
Round 166 Fscore 

[]
Round 167 global test acc  95.0825
Round 167 Fscore 

[]
Round 168 global test acc  94.8763
Round 168 Fscore 

[]
Round 169 global test acc  95.4124
Round 169 Fscore 

[]
Round 170 global test acc  95.6082
Round 170 Fscore 

[]
Round 171 global test acc  94.8351
Round 171 Fscore 

[]
Round 172 global test acc  95.0825
Round 172 Fscore 

[]
Round 173 global test acc  95.2887
Round 173 Fscore 

[]
Round 174 global test acc  94.8247
Round 174 Fscore 

[]
Round 175 global test acc  94.7938
Round 175 Fscore 

[]
Round 176 global test acc  95.5052
Round 176 Fscore 

[]
Round 177 global test acc  92.8969
Round 177 Fscore 

[]
Round 178 global test acc  95.4227
Round 178 Fscore 

[]
Round 179 global test acc  95.3505
Round 179 Fscore 

[]
Round 180 global test acc  94.6289
Round 180 Fscore 

[]
Round 181 global test acc  95.4330
Round 181 Fscore 

[]
Round 182 global test acc  95.5670
Round 182 Fscore 

[]
Round 183 global test acc  95.5670
Round 183 Fscore 

[]
Round 184 global test acc  95.7423
Round 184 Fscore 

[]
Round 185 global test acc  95.5464
Round 185 Fscore 

[]
Round 186 global test acc  95.5361
Round 186 Fscore 

[]
Round 187 global test acc  95.5979
Round 187 Fscore 

[]
Round 188 global test acc  95.2268
Round 188 Fscore 

[]
Round 189 global test acc  95.6082
Round 189 Fscore 

[]
Round 190 global test acc  95.4536
Round 190 Fscore 

[]
Round 191 global test acc  95.4948
Round 191 Fscore 

[]
Round 192 global test acc  95.4021
Round 192 Fscore 

[]
Round 193 global test acc  95.5979
Round 193 Fscore 

[]
Round 194 global test acc  95.1443
Round 194 Fscore 

[]
Round 195 global test acc  95.4639
Round 195 Fscore 

[]
Round 196 global test acc  95.5052
Round 196 Fscore 

[]
Round 197 global test acc  95.5258
Round 197 Fscore 

[]
Round 198 global test acc  95.6495
Round 198 Fscore 

[]
Round 199 global test acc  94.9691
Round 199 Fscore 

[0.8471760749816895, 1.0, 0.943396270275116, 0.9080460071563721, 0.6928105354309082, 0.9999999403953552, 0.8181818127632141, 0.9513513445854187, 0.9551281929016113, 0.9562289118766785, 1.0, 0.9981096386909485, 0.9999999403953552, 0.9426751136779785, 1.0, 0.9641577005386353, 1.0, 1.0, 1.0, 1.0, 0.8194175362586975, 0.9999999403953552, 1.0, 0.9571788907051086, 1.0, 1.0, 0.6555819511413574, 0.9539474248886108, 1.0, 0.8091602921485901, 0.8606557846069336, 0.9999999403953552, 0.9626997709274292, 0.9540635943412781, 0.9986962676048279, 0.758474588394165, 0.9959999918937683, 1.0, 0.8960302472114563, 1.0, 1.0, 0.869369387626648, 0.8591223955154419, 1.0, 1.0, 1.0, 1.0, 0.8984812498092651, 0.9433962106704712, 0.9999999403953552, 0.759381890296936, 0.9789029359817505, 0.998675525188446, 1.0, 1.0, 1.0, 0.9208472371101379, 0.8181818127632141, 0.9999999403953552, 0.9545843601226807, 0.8252426385879517, 1.0, 0.9055555462837219, 1.0, 1.0, 1.0, 0.9999999403953552, 0.9435216188430786, 0.7234042882919312, 0.8726415038108826, 1.0, 1.0, 0.9590834379196167, 1.0, 1.0, 0.7079645991325378, 1.0, 1.0, 0.9141914248466492, 0.7630057334899902, 0.922242283821106, 1.0, 1.0, 0.9236790537834167, 1.0, 0.9999999403953552, 0.9989094734191895, 1.0, 0.9107981324195862, 1.0, 0.8940338492393494, 0.9070631861686707, 0.9999999403953552, 1.0, 0.9487179517745972, 1.0, 1.0, 1.0, 0.8881036639213562, 0.95652174949646]
time : 1594.17387342453
