('algorithm', 'FedCorr')
('gpu', 0)
('seed', 13)
('save_dir', './record/')
('rounds2', 450)
('local_ep', 5)
('frac2', 0.1)
('num_users', 100)
('local_bs', 32)
('lr', 0.01)
('model', 'resnet18')
('num_classes', 10)
('level_n_system', 1.0)
('level_n_lowerb', 0.3)
('alpha_dirichlet', 10)
('non_iid_prob_class', 0.3)
('dataset', 'cifar10')
('iid', False)
('LID_k', 20)
('iteration1', 5)
('rounds1', 200)
('frac1', 0.01)
('pretrained', False)
('mixup', False)
('alpha', 1)
('beta', 5)
('relabel_ratio', 0.5)
('confidence_thres', 0.5)
('clean_set_thres', 0.1)
('fine_tuning', True)
('correction', True)
('T_pl', 100)
('lambda_cen', 1.0)
('lambda_e', 0.8)
('num_gradual', 10)
('forget_rate', 0.2)
('lr_decay', 0.1)
('schedule', [])
('momentum', 0.5)
('weight_decay', 0.0001)
('feature_dim', 128)
('plr', 0.01)
('lamda', 15)
('K', 5)
('gamma', 1)
('begin_sel', 10)
('max_beta', 2)
('mu', 0.01)
('device', device(type='cuda', index=0))
Files already downloaded and verified
Files already downloaded and verified
Client 0, noise level: 0.7877 (0.7089), real noise ratio: 0.7040
Client 1, noise level: 0.9742 (0.8768), real noise ratio: 0.8654
Client 2, noise level: 0.4944 (0.4450), real noise ratio: 0.4514
Client 3, noise level: 0.4635 (0.4172), real noise ratio: 0.4258
Client 4, noise level: 0.8920 (0.8028), real noise ratio: 0.7941
Client 5, noise level: 0.4569 (0.4113), real noise ratio: 0.3989
Client 6, noise level: 0.7822 (0.7040), real noise ratio: 0.7065
Client 7, noise level: 0.4074 (0.3667), real noise ratio: 0.3702
Client 8, noise level: 0.4425 (0.3983), real noise ratio: 0.3459
Client 9, noise level: 0.3473 (0.3126), real noise ratio: 0.2923
Client 10, noise level: 0.8246 (0.7422), real noise ratio: 0.7552
Client 11, noise level: 0.4261 (0.3835), real noise ratio: 0.3881
Client 12, noise level: 0.3870 (0.3483), real noise ratio: 0.3147
Client 13, noise level: 0.4574 (0.4116), real noise ratio: 0.3956
Client 14, noise level: 0.4956 (0.4461), real noise ratio: 0.4754
Client 15, noise level: 0.3237 (0.2913), real noise ratio: 0.2985
Client 16, noise level: 0.4781 (0.4303), real noise ratio: 0.4403
Client 17, noise level: 0.7682 (0.6914), real noise ratio: 0.7008
Client 18, noise level: 0.8319 (0.7487), real noise ratio: 0.7766
Client 19, noise level: 0.4582 (0.4124), real noise ratio: 0.4160
Client 20, noise level: 0.7283 (0.6555), real noise ratio: 0.6750
Client 21, noise level: 0.9386 (0.8447), real noise ratio: 0.8755
Client 22, noise level: 0.6791 (0.6112), real noise ratio: 0.6149
Client 23, noise level: 0.5618 (0.5056), real noise ratio: 0.4468
Client 24, noise level: 0.3092 (0.2783), real noise ratio: 0.2507
Client 25, noise level: 0.8805 (0.7925), real noise ratio: 0.8033
Client 26, noise level: 0.8716 (0.7844), real noise ratio: 0.8119
Client 27, noise level: 0.3558 (0.3202), real noise ratio: 0.3143
Client 28, noise level: 0.4202 (0.3782), real noise ratio: 0.3921
Client 29, noise level: 0.8867 (0.7980), real noise ratio: 0.8057
Client 30, noise level: 0.6949 (0.6254), real noise ratio: 0.6282
Client 31, noise level: 0.5448 (0.4904), real noise ratio: 0.4882
Client 32, noise level: 0.4015 (0.3614), real noise ratio: 0.3733
Client 33, noise level: 0.3690 (0.3321), real noise ratio: 0.2900
Client 34, noise level: 0.6921 (0.6229), real noise ratio: 0.5919
Client 35, noise level: 0.7970 (0.7173), real noise ratio: 0.7146
Client 36, noise level: 0.9656 (0.8690), real noise ratio: 0.8174
Client 37, noise level: 0.8236 (0.7413), real noise ratio: 0.7385
Client 38, noise level: 0.5606 (0.5045), real noise ratio: 0.5125
Client 39, noise level: 0.8309 (0.7478), real noise ratio: 0.7493
Client 40, noise level: 0.3498 (0.3148), real noise ratio: 0.2965
Client 41, noise level: 0.7353 (0.6618), real noise ratio: 0.6567
Client 42, noise level: 0.8045 (0.7240), real noise ratio: 0.7074
Client 43, noise level: 0.3293 (0.2963), real noise ratio: 0.2649
Client 44, noise level: 0.5767 (0.5190), real noise ratio: 0.5607
Client 45, noise level: 0.4129 (0.3716), real noise ratio: 0.3333
Client 46, noise level: 0.4933 (0.4439), real noise ratio: 0.4426
Client 47, noise level: 0.4586 (0.4127), real noise ratio: 0.3812
Client 48, noise level: 0.5133 (0.4620), real noise ratio: 0.4539
Client 49, noise level: 0.3954 (0.3558), real noise ratio: 0.3433
Client 50, noise level: 0.7860 (0.7074), real noise ratio: 0.6825
Client 51, noise level: 0.3370 (0.3033), real noise ratio: 0.3086
Client 52, noise level: 0.7070 (0.6363), real noise ratio: 0.6374
Client 53, noise level: 0.4258 (0.3832), real noise ratio: 0.4008
Client 54, noise level: 0.6547 (0.5892), real noise ratio: 0.5959
Client 55, noise level: 0.4971 (0.4474), real noise ratio: 0.4778
Client 56, noise level: 0.5591 (0.5031), real noise ratio: 0.4562
Client 57, noise level: 0.6532 (0.5879), real noise ratio: 0.6094
Client 58, noise level: 0.3856 (0.3471), real noise ratio: 0.3418
Client 59, noise level: 0.3915 (0.3523), real noise ratio: 0.3546
Client 60, noise level: 0.8911 (0.8020), real noise ratio: 0.8102
Client 61, noise level: 0.5745 (0.5171), real noise ratio: 0.4938
Client 62, noise level: 0.4187 (0.3768), real noise ratio: 0.3824
Client 63, noise level: 0.8608 (0.7747), real noise ratio: 0.7864
Client 64, noise level: 0.9371 (0.8434), real noise ratio: 0.8643
Client 65, noise level: 0.8807 (0.7926), real noise ratio: 0.8049
Client 66, noise level: 0.7998 (0.7199), real noise ratio: 0.7235
Client 67, noise level: 0.3696 (0.3326), real noise ratio: 0.3839
Client 68, noise level: 0.9393 (0.8454), real noise ratio: 0.8502
Client 69, noise level: 0.7046 (0.6341), real noise ratio: 0.6462
Client 70, noise level: 0.9302 (0.8372), real noise ratio: 0.8704
Client 71, noise level: 0.6945 (0.6250), real noise ratio: 0.6667
Client 72, noise level: 0.3069 (0.2762), real noise ratio: 0.3750
Client 73, noise level: 0.9960 (0.8964), real noise ratio: 0.8800
Client 74, noise level: 0.3927 (0.3534), real noise ratio: 0.3625
Client 75, noise level: 0.7848 (0.7064), real noise ratio: 0.7083
Client 76, noise level: 0.5340 (0.4806), real noise ratio: 0.5049
Client 77, noise level: 0.4261 (0.3835), real noise ratio: 0.3707
Client 78, noise level: 0.3984 (0.3586), real noise ratio: 0.3757
Client 79, noise level: 0.7685 (0.6916), real noise ratio: 0.7026
Client 80, noise level: 0.5127 (0.4614), real noise ratio: 0.4327
Client 81, noise level: 0.7296 (0.6566), real noise ratio: 0.6547
Client 82, noise level: 0.9549 (0.8594), real noise ratio: 0.8513
Client 83, noise level: 0.4420 (0.3978), real noise ratio: 0.3690
Client 84, noise level: 0.3837 (0.3454), real noise ratio: 0.3409
Client 85, noise level: 0.5745 (0.5171), real noise ratio: 0.4845
Client 86, noise level: 0.7862 (0.7076), real noise ratio: 0.7205
Client 87, noise level: 0.9615 (0.8653), real noise ratio: 0.8625
Client 88, noise level: 0.4144 (0.3729), real noise ratio: 0.3489
Client 89, noise level: 0.6211 (0.5590), real noise ratio: 0.5731
Client 90, noise level: 0.4952 (0.4457), real noise ratio: 0.4313
Client 91, noise level: 0.4432 (0.3989), real noise ratio: 0.4043
Client 92, noise level: 0.5158 (0.4643), real noise ratio: 0.4562
Client 93, noise level: 0.8569 (0.7712), real noise ratio: 0.7474
Client 94, noise level: 0.3650 (0.3285), real noise ratio: 0.3428
Client 95, noise level: 0.9083 (0.8175), real noise ratio: 0.8196
Client 96, noise level: 0.8836 (0.7952), real noise ratio: 0.7976
Client 97, noise level: 0.7773 (0.6995), real noise ratio: 0.6959
Client 98, noise level: 0.5071 (0.4564), real noise ratio: 0.4280
Client 99, noise level: 0.4163 (0.3747), real noise ratio: 0.3790
ResNet(
  (conv1): Conv2d(3, 64, kernel_size=(3, 3), stride=(1, 1), padding=(1, 1), bias=False)
  (bn1): BatchNorm2d(64, eps=1e-05, momentum=0.1, affine=True, track_running_stats=True)
  (layer1): Sequential(
    (0): BasicBlock(
      (conv1): Conv2d(64, 64, kernel_size=(3, 3), stride=(1, 1), padding=(1, 1), bias=False)
      (bn1): BatchNorm2d(64, eps=1e-05, momentum=0.1, affine=True, track_running_stats=True)
      (conv2): Conv2d(64, 64, kernel_size=(3, 3), stride=(1, 1), padding=(1, 1), bias=False)
      (bn2): BatchNorm2d(64, eps=1e-05, momentum=0.1, affine=True, track_running_stats=True)
      (shortcut): Sequential()
    )
    (1): BasicBlock(
      (conv1): Conv2d(64, 64, kernel_size=(3, 3), stride=(1, 1), padding=(1, 1), bias=False)
      (bn1): BatchNorm2d(64, eps=1e-05, momentum=0.1, affine=True, track_running_stats=True)
      (conv2): Conv2d(64, 64, kernel_size=(3, 3), stride=(1, 1), padding=(1, 1), bias=False)
      (bn2): BatchNorm2d(64, eps=1e-05, momentum=0.1, affine=True, track_running_stats=True)
      (shortcut): Sequential()
    )
  )
  (layer2): Sequential(
    (0): BasicBlock(
      (conv1): Conv2d(64, 128, kernel_size=(3, 3), stride=(2, 2), padding=(1, 1), bias=False)
      (bn1): BatchNorm2d(128, eps=1e-05, momentum=0.1, affine=True, track_running_stats=True)
      (conv2): Conv2d(128, 128, kernel_size=(3, 3), stride=(1, 1), padding=(1, 1), bias=False)
      (bn2): BatchNorm2d(128, eps=1e-05, momentum=0.1, affine=True, track_running_stats=True)
      (shortcut): Sequential(
        (0): Conv2d(64, 128, kernel_size=(1, 1), stride=(2, 2), bias=False)
        (1): BatchNorm2d(128, eps=1e-05, momentum=0.1, affine=True, track_running_stats=True)
      )
    )
    (1): BasicBlock(
      (conv1): Conv2d(128, 128, kernel_size=(3, 3), stride=(1, 1), padding=(1, 1), bias=False)
      (bn1): BatchNorm2d(128, eps=1e-05, momentum=0.1, affine=True, track_running_stats=True)
      (conv2): Conv2d(128, 128, kernel_size=(3, 3), stride=(1, 1), padding=(1, 1), bias=False)
      (bn2): BatchNorm2d(128, eps=1e-05, momentum=0.1, affine=True, track_running_stats=True)
      (shortcut): Sequential()
    )
  )
  (layer3): Sequential(
    (0): BasicBlock(
      (conv1): Conv2d(128, 256, kernel_size=(3, 3), stride=(2, 2), padding=(1, 1), bias=False)
      (bn1): BatchNorm2d(256, eps=1e-05, momentum=0.1, affine=True, track_running_stats=True)
      (conv2): Conv2d(256, 256, kernel_size=(3, 3), stride=(1, 1), padding=(1, 1), bias=False)
      (bn2): BatchNorm2d(256, eps=1e-05, momentum=0.1, affine=True, track_running_stats=True)
      (shortcut): Sequential(
        (0): Conv2d(128, 256, kernel_size=(1, 1), stride=(2, 2), bias=False)
        (1): BatchNorm2d(256, eps=1e-05, momentum=0.1, affine=True, track_running_stats=True)
      )
    )
    (1): BasicBlock(
      (conv1): Conv2d(256, 256, kernel_size=(3, 3), stride=(1, 1), padding=(1, 1), bias=False)
      (bn1): BatchNorm2d(256, eps=1e-05, momentum=0.1, affine=True, track_running_stats=True)
      (conv2): Conv2d(256, 256, kernel_size=(3, 3), stride=(1, 1), padding=(1, 1), bias=False)
      (bn2): BatchNorm2d(256, eps=1e-05, momentum=0.1, affine=True, track_running_stats=True)
      (shortcut): Sequential()
    )
  )
  (layer4): Sequential(
    (0): BasicBlock(
      (conv1): Conv2d(256, 512, kernel_size=(3, 3), stride=(2, 2), padding=(1, 1), bias=False)
      (bn1): BatchNorm2d(512, eps=1e-05, momentum=0.1, affine=True, track_running_stats=True)
      (conv2): Conv2d(512, 512, kernel_size=(3, 3), stride=(1, 1), padding=(1, 1), bias=False)
      (bn2): BatchNorm2d(512, eps=1e-05, momentum=0.1, affine=True, track_running_stats=True)
      (shortcut): Sequential(
        (0): Conv2d(256, 512, kernel_size=(1, 1), stride=(2, 2), bias=False)
        (1): BatchNorm2d(512, eps=1e-05, momentum=0.1, affine=True, track_running_stats=True)
      )
    )
    (1): BasicBlock(
      (conv1): Conv2d(512, 512, kernel_size=(3, 3), stride=(1, 1), padding=(1, 1), bias=False)
      (bn1): BatchNorm2d(512, eps=1e-05, momentum=0.1, affine=True, track_running_stats=True)
      (conv2): Conv2d(512, 512, kernel_size=(3, 3), stride=(1, 1), padding=(1, 1), bias=False)
      (bn2): BatchNorm2d(512, eps=1e-05, momentum=0.1, affine=True, track_running_stats=True)
      (shortcut): Sequential()
    )
  )
  (avgpool): AdaptiveAvgPool2d(output_size=(1, 1))
  (fc1): Linear(in_features=512, out_features=10, bias=True)
)
Round 0 global test acc  48.4500
Round 0 Fscore 

[]
Round 1 global test acc  48.9600
Round 1 Fscore 

[]
Round 2 global test acc  48.1900
Round 2 Fscore 

[]
Round 3 global test acc  48.1800
Round 3 Fscore 

[]
Round 4 global test acc  48.2900
Round 4 Fscore 

[]
Round 5 global test acc  47.3100
Round 5 Fscore 

[]
Round 6 global test acc  48.0400
Round 6 Fscore 

[]
Round 7 global test acc  50.2900
Round 7 Fscore 

[]
Round 8 global test acc  50.9900
Round 8 Fscore 

[]
Round 9 global test acc  50.0100
Round 9 Fscore 

[]
Round 10 global test acc  49.1900
Round 10 Fscore 

[]
Round 11 global test acc  50.0300
Round 11 Fscore 

[]
Round 12 global test acc  50.3400
Round 12 Fscore 

[]
Round 13 global test acc  47.7800
Round 13 Fscore 

[]
Round 14 global test acc  48.5000
Round 14 Fscore 

[]
Round 15 global test acc  50.4600
Round 15 Fscore 

[]
Round 16 global test acc  50.7400
Round 16 Fscore 

[]
Round 17 global test acc  50.2400
Round 17 Fscore 

[]
Round 18 global test acc  49.4600
Round 18 Fscore 

[]
Round 19 global test acc  48.6800
Round 19 Fscore 

[]
Round 20 global test acc  48.1200
Round 20 Fscore 

[]
Round 21 global test acc  48.8600
Round 21 Fscore 

[]
Round 22 global test acc  49.5800
Round 22 Fscore 

[]
Round 23 global test acc  47.4800
Round 23 Fscore 

[]
Round 24 global test acc  46.6200
Round 24 Fscore 

[]
Round 25 global test acc  47.4000
Round 25 Fscore 

[]
Round 26 global test acc  48.4100
Round 26 Fscore 

[]
Round 27 global test acc  48.4500
Round 27 Fscore 

[]
Round 28 global test acc  48.4600
Round 28 Fscore 

[]
Round 29 global test acc  49.1100
Round 29 Fscore 

[]
Round 30 global test acc  47.0600
Round 30 Fscore 

[]
Round 31 global test acc  49.7400
Round 31 Fscore 

[]
Round 32 global test acc  48.1700
Round 32 Fscore 

[]
Round 33 global test acc  48.9500
Round 33 Fscore 

[]
Round 34 global test acc  48.9800
Round 34 Fscore 

[]
Round 35 global test acc  45.9800
Round 35 Fscore 

[]
Round 36 global test acc  47.2800
Round 36 Fscore 

[]
Round 37 global test acc  48.7900
Round 37 Fscore 

[]
Round 38 global test acc  51.2400
Round 38 Fscore 

[]
Round 39 global test acc  47.8400
Round 39 Fscore 

[]
Round 40 global test acc  47.5800
Round 40 Fscore 

[]
Round 41 global test acc  47.5600
Round 41 Fscore 

[]
Round 42 global test acc  49.4000
Round 42 Fscore 

[]
Round 43 global test acc  47.5100
Round 43 Fscore 

[]
Round 44 global test acc  48.4800
Round 44 Fscore 

[]
Round 45 global test acc  46.3300
Round 45 Fscore 

[]
Round 46 global test acc  46.1500
Round 46 Fscore 

[]
Round 47 global test acc  48.2300
Round 47 Fscore 

[]
Round 48 global test acc  49.8400
Round 48 Fscore 

[]
Round 49 global test acc  46.7100
Round 49 Fscore 

[]
Round 50 global test acc  46.1700
Round 50 Fscore 

[]
Round 51 global test acc  48.9000
Round 51 Fscore 

[]
Round 52 global test acc  49.1300
Round 52 Fscore 

[]
Round 53 global test acc  49.4200
Round 53 Fscore 

[]
Round 54 global test acc  48.0800
Round 54 Fscore 

[]
Round 55 global test acc  47.8700
Round 55 Fscore 

[]
Round 56 global test acc  47.5400
Round 56 Fscore 

[]
Round 57 global test acc  48.5700
Round 57 Fscore 

[]
Round 58 global test acc  49.6500
Round 58 Fscore 

[]
Round 59 global test acc  48.1900
Round 59 Fscore 

[]
Round 60 global test acc  48.1700
Round 60 Fscore 

[]
Round 61 global test acc  45.9000
Round 61 Fscore 

[]
Round 62 global test acc  49.3000
Round 62 Fscore 

[]
Round 63 global test acc  47.8400
Round 63 Fscore 

[]
Round 64 global test acc  48.2200
Round 64 Fscore 

[]
Round 65 global test acc  49.3200
Round 65 Fscore 

[]
Round 66 global test acc  49.1900
Round 66 Fscore 

[]
Round 67 global test acc  49.6500
Round 67 Fscore 

[]
Round 68 global test acc  49.9300
Round 68 Fscore 

[]
Round 69 global test acc  48.4100
Round 69 Fscore 

[]
Round 70 global test acc  49.3900
Round 70 Fscore 

[]
Round 71 global test acc  48.0300
Round 71 Fscore 

[]
Round 72 global test acc  48.2700
Round 72 Fscore 

[]
Round 73 global test acc  48.2900
Round 73 Fscore 

[]
Round 74 global test acc  47.2500
Round 74 Fscore 

[]
Round 75 global test acc  47.7300
Round 75 Fscore 

[]
Round 76 global test acc  47.5700
Round 76 Fscore 

[]
Round 77 global test acc  47.8300
Round 77 Fscore 

[]
Round 78 global test acc  46.3600
Round 78 Fscore 

[]
Round 79 global test acc  49.2100
Round 79 Fscore 

[]
Round 80 global test acc  47.7600
Round 80 Fscore 

[]
Round 81 global test acc  49.4500
Round 81 Fscore 

[]
Round 82 global test acc  49.8800
Round 82 Fscore 

[]
Round 83 global test acc  49.6100
Round 83 Fscore 

[]
Round 84 global test acc  51.4400
Round 84 Fscore 

[]
Round 85 global test acc  49.6300
Round 85 Fscore 

[]
Round 86 global test acc  50.6900
Round 86 Fscore 

[]
Round 87 global test acc  46.6700
Round 87 Fscore 

[]
Round 88 global test acc  48.3400
Round 88 Fscore 

[]
Round 89 global test acc  49.0000
Round 89 Fscore 

[]
Round 90 global test acc  49.1900
Round 90 Fscore 

[]
Round 91 global test acc  48.6500
Round 91 Fscore 

[]
Round 92 global test acc  48.9800
Round 92 Fscore 

[]
Round 93 global test acc  49.1700
Round 93 Fscore 

[]
Round 94 global test acc  48.2200
Round 94 Fscore 

[]
Round 95 global test acc  48.6800
Round 95 Fscore 

[]
Round 96 global test acc  49.3300
Round 96 Fscore 

[]
Round 97 global test acc  46.5200
Round 97 Fscore 

[]
Round 98 global test acc  46.5400
Round 98 Fscore 

[]
Round 99 global test acc  45.6100
Round 99 Fscore 

[]
Round 100 global test acc  48.2000
Round 100 Fscore 

[]
Round 101 global test acc  48.0600
Round 101 Fscore 

[]
Round 102 global test acc  47.8000
Round 102 Fscore 

[]
Round 103 global test acc  48.5500
Round 103 Fscore 

[]
Round 104 global test acc  48.5000
Round 104 Fscore 

[]
Round 105 global test acc  47.5200
Round 105 Fscore 

[]
Round 106 global test acc  48.8000
Round 106 Fscore 

[]
Round 107 global test acc  48.4600
Round 107 Fscore 

[]
Round 108 global test acc  46.5800
Round 108 Fscore 

[]
Round 109 global test acc  47.6100
Round 109 Fscore 

[]
Round 110 global test acc  47.7400
Round 110 Fscore 

[]
Round 111 global test acc  47.6000
Round 111 Fscore 

[]
Round 112 global test acc  48.3400
Round 112 Fscore 

[]
Round 113 global test acc  49.0900
Round 113 Fscore 

[]
Round 114 global test acc  47.1400
Round 114 Fscore 

[]
Round 115 global test acc  48.5300
Round 115 Fscore 

[]
Round 116 global test acc  46.8800
Round 116 Fscore 

[]
Round 117 global test acc  47.6100
Round 117 Fscore 

[]
Round 118 global test acc  46.2400
Round 118 Fscore 

[]
Round 119 global test acc  46.7900
Round 119 Fscore 

[]
Round 120 global test acc  48.2900
Round 120 Fscore 

[]
Round 121 global test acc  49.6800
Round 121 Fscore 

[]
Round 122 global test acc  48.7200
Round 122 Fscore 

[]
Round 123 global test acc  46.9300
Round 123 Fscore 

[]
Round 124 global test acc  48.4300
Round 124 Fscore 

[]
Round 125 global test acc  49.4500
Round 125 Fscore 

[]
Round 126 global test acc  49.5200
Round 126 Fscore 

[]
Round 127 global test acc  47.5100
Round 127 Fscore 

[]
Round 128 global test acc  48.1000
Round 128 Fscore 

[]
Round 129 global test acc  48.0200
Round 129 Fscore 

[]
Round 130 global test acc  46.2800
Round 130 Fscore 

[]
Round 131 global test acc  45.6900
Round 131 Fscore 

[]
Round 132 global test acc  46.4800
Round 132 Fscore 

[]
Round 133 global test acc  47.7900
Round 133 Fscore 

[]
Round 134 global test acc  47.1800
Round 134 Fscore 

[]
Round 135 global test acc  46.1400
Round 135 Fscore 

[]
Round 136 global test acc  44.9600
Round 136 Fscore 

[]
Round 137 global test acc  49.4400
Round 137 Fscore 

[]
Round 138 global test acc  46.8000
Round 138 Fscore 

[]
Round 139 global test acc  48.0300
Round 139 Fscore 

[]
Round 140 global test acc  49.0400
Round 140 Fscore 

[]
Round 141 global test acc  49.3100
Round 141 Fscore 

[]
Round 142 global test acc  48.8000
Round 142 Fscore 

[]
Round 143 global test acc  48.8700
Round 143 Fscore 

[]
Round 144 global test acc  48.0700
Round 144 Fscore 

[]
Round 145 global test acc  49.3100
Round 145 Fscore 

[]
Round 146 global test acc  49.8700
Round 146 Fscore 

[]
Round 147 global test acc  48.2900
Round 147 Fscore 

[]
Round 148 global test acc  48.9900
Round 148 Fscore 

[]
Round 149 global test acc  49.1900
Round 149 Fscore 

[]
Round 150 global test acc  48.7000
Round 150 Fscore 

[]
Round 151 global test acc  48.6200
Round 151 Fscore 

[]
Round 152 global test acc  49.4300
Round 152 Fscore 

[]
Round 153 global test acc  49.1900
Round 153 Fscore 

[]
Round 154 global test acc  49.2700
Round 154 Fscore 

[]
Round 155 global test acc  49.7200
Round 155 Fscore 

[]
Round 156 global test acc  49.6000
Round 156 Fscore 

[]
Round 157 global test acc  49.4100
Round 157 Fscore 

[]
Round 158 global test acc  49.0200
Round 158 Fscore 

[]
Round 159 global test acc  49.4900
Round 159 Fscore 

[]
Round 160 global test acc  48.4600
Round 160 Fscore 

[]
Round 161 global test acc  48.7700
Round 161 Fscore 

[]
Round 162 global test acc  49.1600
Round 162 Fscore 

[]
Round 163 global test acc  49.6500
Round 163 Fscore 

[]
Round 164 global test acc  48.8700
Round 164 Fscore 

[]
Round 165 global test acc  47.3100
Round 165 Fscore 

[]
Round 166 global test acc  48.5000
Round 166 Fscore 

[]
Round 167 global test acc  47.7000
Round 167 Fscore 

[]
Round 168 global test acc  48.2800
Round 168 Fscore 

[]
Round 169 global test acc  46.7100
Round 169 Fscore 

[]
Round 170 global test acc  47.6300
Round 170 Fscore 

[]
Round 171 global test acc  47.3500
Round 171 Fscore 

[]
Round 172 global test acc  50.0100
Round 172 Fscore 

[]
Round 173 global test acc  49.3300
Round 173 Fscore 

[]
Round 174 global test acc  49.0900
Round 174 Fscore 

[]
Round 175 global test acc  49.5500
Round 175 Fscore 

[]
Round 176 global test acc  49.4600
Round 176 Fscore 

[]
Round 177 global test acc  48.0600
Round 177 Fscore 

[]
Round 178 global test acc  48.9100
Round 178 Fscore 

[]
Round 179 global test acc  49.4600
Round 179 Fscore 

[]
Round 180 global test acc  47.8000
Round 180 Fscore 

[]
Round 181 global test acc  49.1800
Round 181 Fscore 

[]
Round 182 global test acc  48.5300
Round 182 Fscore 

[]
Round 183 global test acc  48.3600
Round 183 Fscore 

[]
Round 184 global test acc  48.6600
Round 184 Fscore 

[]
Round 185 global test acc  48.4600
Round 185 Fscore 

[]
Round 186 global test acc  48.6800
Round 186 Fscore 

[]
Round 187 global test acc  49.7200
Round 187 Fscore 

[]
Round 188 global test acc  47.9700
Round 188 Fscore 

[]
Round 189 global test acc  46.5500
Round 189 Fscore 

[]
Round 190 global test acc  48.5600
Round 190 Fscore 

[]
Round 191 global test acc  49.0600
Round 191 Fscore 

[]
Round 192 global test acc  47.5500
Round 192 Fscore 

[]
Round 193 global test acc  49.1600
Round 193 Fscore 

[]
Round 194 global test acc  48.2700
Round 194 Fscore 

[]
Round 195 global test acc  47.0800
Round 195 Fscore 

[]
Round 196 global test acc  49.1500
Round 196 Fscore 

[]
Round 197 global test acc  47.5100
Round 197 Fscore 

[]
Round 198 global test acc  47.8400
Round 198 Fscore 

[]
Round 199 global test acc  49.6100
Round 199 Fscore 

[]
Round 200 global test acc  47.4800
Round 200 Fscore 

[]
Round 201 global test acc  50.3400
Round 201 Fscore 

[]
Round 202 global test acc  47.5200
Round 202 Fscore 

[]
Round 203 global test acc  50.5600
Round 203 Fscore 

[]
Round 204 global test acc  46.9300
Round 204 Fscore 

[]
Round 205 global test acc  46.5400
Round 205 Fscore 

[]
Round 206 global test acc  48.6100
Round 206 Fscore 

[]
Round 207 global test acc  49.4400
Round 207 Fscore 

[]
Round 208 global test acc  47.1000
Round 208 Fscore 

[]
Round 209 global test acc  48.2100
Round 209 Fscore 

[]
Round 210 global test acc  46.3300
Round 210 Fscore 

[]
Round 211 global test acc  44.6600
Round 211 Fscore 

[]
Round 212 global test acc  47.0200
Round 212 Fscore 

[]
Round 213 global test acc  48.5800
Round 213 Fscore 

[]
Round 214 global test acc  47.9300
Round 214 Fscore 

[]
Round 215 global test acc  48.0300
Round 215 Fscore 

[]
Round 216 global test acc  49.2800
Round 216 Fscore 

[]
Round 217 global test acc  47.8200
Round 217 Fscore 

[]
Round 218 global test acc  46.3300
Round 218 Fscore 

[]
Round 219 global test acc  45.4900
Round 219 Fscore 

[]
Round 220 global test acc  48.7700
Round 220 Fscore 

[]
Round 221 global test acc  49.6300
Round 221 Fscore 

[]
Round 222 global test acc  49.7100
Round 222 Fscore 

[]
Round 223 global test acc  48.7400
Round 223 Fscore 

[]
Round 224 global test acc  48.6000
Round 224 Fscore 

[]
Round 225 global test acc  49.4700
Round 225 Fscore 

[]
Round 226 global test acc  48.8100
Round 226 Fscore 

[]
Round 227 global test acc  47.8300
Round 227 Fscore 

[]
Round 228 global test acc  47.2300
Round 228 Fscore 

[]
Round 229 global test acc  47.2200
Round 229 Fscore 

[]
Round 230 global test acc  46.5100
Round 230 Fscore 

[]
Round 231 global test acc  46.4700
Round 231 Fscore 

[]
Round 232 global test acc  46.9000
Round 232 Fscore 

[]
Round 233 global test acc  47.1500
Round 233 Fscore 

[]
Round 234 global test acc  47.4000
Round 234 Fscore 

[]
Round 235 global test acc  48.5500
Round 235 Fscore 

[]
Round 236 global test acc  47.8400
Round 236 Fscore 

[]
Round 237 global test acc  48.0800
Round 237 Fscore 

[]
Round 238 global test acc  47.8500
Round 238 Fscore 

[]
Round 239 global test acc  48.9300
Round 239 Fscore 

[]
Round 240 global test acc  47.2700
Round 240 Fscore 

[]
Round 241 global test acc  47.5500
Round 241 Fscore 

[]
Round 242 global test acc  47.0400
Round 242 Fscore 

[]
Round 243 global test acc  48.1400
Round 243 Fscore 

[]
Round 244 global test acc  44.3200
Round 244 Fscore 

[]
Round 245 global test acc  46.5900
Round 245 Fscore 

[]
Round 246 global test acc  46.7400
Round 246 Fscore 

[]
Round 247 global test acc  46.9900
Round 247 Fscore 

[]
Round 248 global test acc  48.1500
Round 248 Fscore 

[]
Round 249 global test acc  46.3100
Round 249 Fscore 

[]
Round 250 global test acc  48.4700
Round 250 Fscore 

[]
Round 251 global test acc  48.4000
Round 251 Fscore 

[]
Round 252 global test acc  48.0600
Round 252 Fscore 

[]
Round 253 global test acc  46.2600
Round 253 Fscore 

[]
Round 254 global test acc  46.5400
Round 254 Fscore 

[]
Round 255 global test acc  47.7600
Round 255 Fscore 

[]
Round 256 global test acc  48.5300
Round 256 Fscore 

[]
Round 257 global test acc  47.9900
Round 257 Fscore 

[]
Round 258 global test acc  48.2100
Round 258 Fscore 

[]
Round 259 global test acc  48.1000
Round 259 Fscore 

[]
Round 260 global test acc  48.8400
Round 260 Fscore 

[]
Round 261 global test acc  49.2000
Round 261 Fscore 

[]
Round 262 global test acc  47.8400
Round 262 Fscore 

[]
Round 263 global test acc  48.2000
Round 263 Fscore 

[]
Round 264 global test acc  47.8000
Round 264 Fscore 

[]
Round 265 global test acc  48.6700
Round 265 Fscore 

[]
Round 266 global test acc  47.5800
Round 266 Fscore 

[]
Round 267 global test acc  46.9600
Round 267 Fscore 

[]
Round 268 global test acc  47.2600
Round 268 Fscore 

[]
Round 269 global test acc  48.8000
Round 269 Fscore 

[]
Round 270 global test acc  47.7000
Round 270 Fscore 

[]
Round 271 global test acc  48.6000
Round 271 Fscore 

[]
Round 272 global test acc  48.9200
Round 272 Fscore 

[]
Round 273 global test acc  47.4100
Round 273 Fscore 

[]
Round 274 global test acc  48.8700
Round 274 Fscore 

[]
Round 275 global test acc  48.0800
Round 275 Fscore 

[]
Round 276 global test acc  47.8600
Round 276 Fscore 

[]
Round 277 global test acc  49.1800
Round 277 Fscore 

[]
Round 278 global test acc  49.1200
Round 278 Fscore 

[]
Round 279 global test acc  49.2700
Round 279 Fscore 

[]
Round 280 global test acc  46.5400
Round 280 Fscore 

[]
Round 281 global test acc  47.7200
Round 281 Fscore 

[]
Round 282 global test acc  48.9400
Round 282 Fscore 

[]
Round 283 global test acc  48.7400
Round 283 Fscore 

[]
Round 284 global test acc  48.5000
Round 284 Fscore 

[]
Round 285 global test acc  46.5500
Round 285 Fscore 

[]
Round 286 global test acc  46.4600
Round 286 Fscore 

[]
Round 287 global test acc  47.0100
Round 287 Fscore 

[]
Round 288 global test acc  47.4600
Round 288 Fscore 

[]
Round 289 global test acc  45.6600
Round 289 Fscore 

[]
Round 290 global test acc  47.8100
Round 290 Fscore 

[]
Round 291 global test acc  47.4600
Round 291 Fscore 

[]
Round 292 global test acc  44.7200
Round 292 Fscore 

[]
Round 293 global test acc  48.8400
Round 293 Fscore 

[]
Round 294 global test acc  47.2000
Round 294 Fscore 

[]
Round 295 global test acc  49.0300
Round 295 Fscore 

[]
Round 296 global test acc  47.5400
Round 296 Fscore 

[]
Round 297 global test acc  47.3700
Round 297 Fscore 

[]
Round 298 global test acc  47.2500
Round 298 Fscore 

[]
Round 299 global test acc  47.9500
Round 299 Fscore 

[]
Round 300 global test acc  49.2300
Round 300 Fscore 

[]
Round 301 global test acc  47.9000
Round 301 Fscore 

[]
Round 302 global test acc  47.9200
Round 302 Fscore 

[]
Round 303 global test acc  47.7800
Round 303 Fscore 

[]
Round 304 global test acc  47.9700
Round 304 Fscore 

[]
Round 305 global test acc  47.0400
Round 305 Fscore 

[]
Round 306 global test acc  45.3900
Round 306 Fscore 

[]
Round 307 global test acc  47.6900
Round 307 Fscore 

[]
Round 308 global test acc  47.3800
Round 308 Fscore 

[]
Round 309 global test acc  47.6400
Round 309 Fscore 

[]
Round 310 global test acc  48.7100
Round 310 Fscore 

[]
Round 311 global test acc  48.6100
Round 311 Fscore 

[]
Round 312 global test acc  48.1300
Round 312 Fscore 

[]
Round 313 global test acc  48.1300
Round 313 Fscore 

[]
Round 314 global test acc  46.4900
Round 314 Fscore 

[]
Round 315 global test acc  47.8100
Round 315 Fscore 

[]
Round 316 global test acc  49.3200
Round 316 Fscore 

[]
Round 317 global test acc  49.4100
Round 317 Fscore 

[]
Round 318 global test acc  47.8800
Round 318 Fscore 

[]
Round 319 global test acc  47.4100
Round 319 Fscore 

[]
Round 320 global test acc  48.0700
Round 320 Fscore 

[]
Round 321 global test acc  48.2600
Round 321 Fscore 

[]
Round 322 global test acc  48.2600
Round 322 Fscore 

[]
Round 323 global test acc  48.8700
Round 323 Fscore 

[]
Round 324 global test acc  48.4900
Round 324 Fscore 

[]
Round 325 global test acc  47.6400
Round 325 Fscore 

[]
Round 326 global test acc  48.3700
Round 326 Fscore 

[]
Round 327 global test acc  47.6700
Round 327 Fscore 

[]
Round 328 global test acc  44.7100
Round 328 Fscore 

[]
Round 329 global test acc  45.6300
Round 329 Fscore 

[]
Round 330 global test acc  48.7000
Round 330 Fscore 

[]
Round 331 global test acc  47.4700
Round 331 Fscore 

[]
Round 332 global test acc  47.7700
Round 332 Fscore 

[]
Round 333 global test acc  48.3400
Round 333 Fscore 

[]
Round 334 global test acc  47.6200
Round 334 Fscore 

[]
Round 335 global test acc  49.4600
Round 335 Fscore 

[]
Round 336 global test acc  49.9900
Round 336 Fscore 

[]
Round 337 global test acc  49.3000
Round 337 Fscore 

[]
Round 338 global test acc  48.2600
Round 338 Fscore 

[]
Round 339 global test acc  49.0800
Round 339 Fscore 

[]
Round 340 global test acc  46.9300
Round 340 Fscore 

[]
Round 341 global test acc  47.6800
Round 341 Fscore 

[]
Round 342 global test acc  47.6200
Round 342 Fscore 

[]
Round 343 global test acc  48.8400
Round 343 Fscore 

[]
Round 344 global test acc  47.5700
Round 344 Fscore 

[]
Round 345 global test acc  49.5100
Round 345 Fscore 

[]
Round 346 global test acc  46.1300
Round 346 Fscore 

[]
Round 347 global test acc  48.6900
Round 347 Fscore 

[]
Round 348 global test acc  47.6700
Round 348 Fscore 

[]
Round 349 global test acc  48.8600
Round 349 Fscore 

[]
Round 350 global test acc  48.1300
Round 350 Fscore 

[]
Round 351 global test acc  47.6100
Round 351 Fscore 

[]
Round 352 global test acc  47.7700
Round 352 Fscore 

[]
Round 353 global test acc  48.2900
Round 353 Fscore 

[]
Round 354 global test acc  48.3400
Round 354 Fscore 

[]
Round 355 global test acc  49.2100
Round 355 Fscore 

[]
Round 356 global test acc  48.4700
Round 356 Fscore 

[]
Round 357 global test acc  47.0500
Round 357 Fscore 

[]
Round 358 global test acc  48.4300
Round 358 Fscore 

[]
Round 359 global test acc  46.8300
Round 359 Fscore 

[]
Round 360 global test acc  47.5200
Round 360 Fscore 

[]
Round 361 global test acc  46.6500
Round 361 Fscore 

[]
Round 362 global test acc  47.5600
Round 362 Fscore 

[]
Round 363 global test acc  46.9300
Round 363 Fscore 

[]
Round 364 global test acc  47.2200
Round 364 Fscore 

[]
Round 365 global test acc  46.8700
Round 365 Fscore 

[]
Round 366 global test acc  47.0500
Round 366 Fscore 

[]
Round 367 global test acc  45.3600
Round 367 Fscore 

[]
Round 368 global test acc  45.9000
Round 368 Fscore 

[]
Round 369 global test acc  47.3800
Round 369 Fscore 

[]
Round 370 global test acc  48.0400
Round 370 Fscore 

[]
Round 371 global test acc  48.1400
Round 371 Fscore 

[]
Round 372 global test acc  48.0100
Round 372 Fscore 

[]
Round 373 global test acc  46.5900
Round 373 Fscore 

[]
Round 374 global test acc  48.0600
Round 374 Fscore 

[]
Round 375 global test acc  46.9800
Round 375 Fscore 

[]
Round 376 global test acc  48.3600
Round 376 Fscore 

[]
Round 377 global test acc  47.9100
Round 377 Fscore 

[]
Round 378 global test acc  47.8800
Round 378 Fscore 

[]
Round 379 global test acc  47.7000
Round 379 Fscore 

[]
Round 380 global test acc  47.8600
Round 380 Fscore 

[]
Round 381 global test acc  47.1800
Round 381 Fscore 

[]
Round 382 global test acc  48.2500
Round 382 Fscore 

[]
Round 383 global test acc  47.7600
Round 383 Fscore 

[]
Round 384 global test acc  48.4000
Round 384 Fscore 

[]
Round 385 global test acc  46.9600
Round 385 Fscore 

[]
Round 386 global test acc  48.7400
Round 386 Fscore 

[]
Round 387 global test acc  48.9900
Round 387 Fscore 

[]
Round 388 global test acc  50.5000
Round 388 Fscore 

[]
Round 389 global test acc  47.1900
Round 389 Fscore 

[]
Round 390 global test acc  48.4400
Round 390 Fscore 

[]
Round 391 global test acc  45.4800
Round 391 Fscore 

[]
Round 392 global test acc  48.0700
Round 392 Fscore 

[]
Round 393 global test acc  47.3800
Round 393 Fscore 

[]
Round 394 global test acc  48.0000
Round 394 Fscore 

[]
Round 395 global test acc  49.0700
Round 395 Fscore 

[]
Round 396 global test acc  47.9800
Round 396 Fscore 

[]
Round 397 global test acc  48.1800
Round 397 Fscore 

[]
Round 398 global test acc  48.6500
Round 398 Fscore 

[]
Round 399 global test acc  47.8200
Round 399 Fscore 

[]
Round 400 global test acc  48.6800
Round 400 Fscore 

[]
Round 401 global test acc  48.1800
Round 401 Fscore 

[]
Round 402 global test acc  47.9500
Round 402 Fscore 

[]
Round 403 global test acc  48.2000
Round 403 Fscore 

[]
Round 404 global test acc  48.3700
Round 404 Fscore 

[]
Round 405 global test acc  46.4700
Round 405 Fscore 

[]
Round 406 global test acc  48.5700
Round 406 Fscore 

[]
Round 407 global test acc  49.1400
Round 407 Fscore 

[]
Round 408 global test acc  48.3700
Round 408 Fscore 

[]
Round 409 global test acc  49.4000
Round 409 Fscore 

[]
Round 410 global test acc  47.7900
Round 410 Fscore 

[]
Round 411 global test acc  48.1500
Round 411 Fscore 

[]
Round 412 global test acc  48.3700
Round 412 Fscore 

[]
Round 413 global test acc  49.1000
Round 413 Fscore 

[]
Round 414 global test acc  46.7200
Round 414 Fscore 

[]
Round 415 global test acc  47.4400
Round 415 Fscore 

[]
Round 416 global test acc  46.2500
Round 416 Fscore 

[]
Round 417 global test acc  47.4800
Round 417 Fscore 

[]
Round 418 global test acc  48.5100
Round 418 Fscore 

[]
Round 419 global test acc  49.2700
Round 419 Fscore 

[]
Round 420 global test acc  48.0900
Round 420 Fscore 

[]
Round 421 global test acc  48.9200
Round 421 Fscore 

[]
Round 422 global test acc  46.6700
Round 422 Fscore 

[]
Round 423 global test acc  48.4900
Round 423 Fscore 

[]
Round 424 global test acc  48.6000
Round 424 Fscore 

[]
Round 425 global test acc  48.2200
Round 425 Fscore 

[]
Round 426 global test acc  48.2600
Round 426 Fscore 

[]
Round 427 global test acc  49.0700
Round 427 Fscore 

[]
Round 428 global test acc  47.9000
Round 428 Fscore 

[]
Round 429 global test acc  47.9000
Round 429 Fscore 

[]
Round 430 global test acc  48.7100
Round 430 Fscore 

[]
Round 431 global test acc  46.7500
Round 431 Fscore 

[]
Round 432 global test acc  49.2700
Round 432 Fscore 

[]
Round 433 global test acc  48.0600
Round 433 Fscore 

[]
Round 434 global test acc  47.5700
Round 434 Fscore 

[]
Round 435 global test acc  48.5700
Round 435 Fscore 

[]
Round 436 global test acc  48.9800
Round 436 Fscore 

[]
Round 437 global test acc  47.8400
Round 437 Fscore 

[]
Round 438 global test acc  49.5000
Round 438 Fscore 

[]
Round 439 global test acc  47.5700
Round 439 Fscore 

[]
Round 440 global test acc  48.1300
Round 440 Fscore 

[]
Round 441 global test acc  49.1400
Round 441 Fscore 

[]
Round 442 global test acc  48.1300
Round 442 Fscore 

[]
Round 443 global test acc  45.7800
Round 443 Fscore 

[]
Round 444 global test acc  45.9600
Round 444 Fscore 

[]
Round 445 global test acc  46.9600
Round 445 Fscore 

[]
Round 446 global test acc  46.1200
Round 446 Fscore 

[]
Round 447 global test acc  47.4700
Round 447 Fscore 

[]
Round 448 global test acc  47.6800
Round 448 Fscore 

[]
Round 449 global test acc  48.6900
Round 449 Fscore 

[0.651218056678772, 0.4912280738353729, 0.7085075974464417, 0.7243243455886841, 0.6666666865348816, 0.7885304689407349, 0.6940789818763733, 0.7533875703811646, 0.8031495809555054, 0.8239095211029053, 0.6021764874458313, 0.7865853309631348, 0.8112509250640869, 0.7515605092048645, 0.7134503126144409, 0.8249999284744263, 0.6080759763717651, 0.5106382966041565, 0.3963133692741394, 0.7420382499694824, 0.5925155878067017, 0.6743515133857727, 0.6126374006271362, 0.7164179086685181, 0.8567026257514954, 0.5849056839942932, 0.6569148898124695, 0.8135818839073181, 0.6149479746818542, 0.4143126308917999, 0.6117647290229797, 0.6681680679321289, 0.5111441612243652, 0.8488612771034241, 0.5754245519638062, 0.7572519183158875, 0.29310342669487, 0.4676470458507538, 0.6235679388046265, 0.5354969501495361, 0.8259304165840149, 0.6370757222175598, 0.6576576828956604, 0.845421314239502, 0.7340425848960876, 0.8199999928474426, 0.7290322184562683, 0.7645161151885986, 0.6261319518089294, 0.7938718795776367, 0.7112970948219299, 0.8175438642501831, 0.581818163394928, 0.7522236108779907, 0.583518922328949, 0.7119476199150085, 0.7045215964317322, 0.6242126822471619, 0.8025078177452087, 0.7858376502990723, 0.33112582564353943, 0.7652439475059509, 0.7646293640136719, 0.6839481592178345, 0.6122449040412903, 0.6702702641487122, 0.49214664101600647, 0.8571428656578064, 0.6200466156005859, 0.5409835577011108, 0.375, 0.5631470084190369, 0.8148148655891418, 0.46927374601364136, 0.7769491672515869, 0.6576354503631592, 0.6787329912185669, 0.7767969965934753, 0.730118989944458, 0.7032966613769531, 0.7909408211708069, 0.5542600750923157, 0.5910735726356506, 0.7727771997451782, 0.8035190105438232, 0.6840732097625732, 0.6267605423927307, 0.3114355206489563, 0.7886639833450317, 0.517699122428894, 0.7079871892929077, 0.7435159087181091, 0.7056856155395508, 0.6489510536193848, 0.7931245565414429, 0.6441351771354675, 0.44731977581977844, 0.48945149779319763, 0.7401575446128845, 0.7674418091773987]
time : 26107.29726576805
