('algorithm', 'MR')
('gpu', 1)
('seed', 13)
('save_dir', './record/')
('rounds2', 450)
('local_ep', 5)
('frac2', 0.2)
('num_users', 50)
('local_bs', 32)
('lr', 0.01)
('model', 'resnet34')
('num_classes', 10)
('level_n_system', 0.0)
('level_n_lowerb', 0.0)
('alpha_dirichlet', 10)
('non_iid_prob_class', 0.7)
('dataset', 'cifar100')
('iid', True)
('LID_k', 20)
('iteration1', 5)
('rounds1', 200)
('frac1', 0.01)
('pretrained', False)
('mixup', False)
('alpha', 1)
('beta', 5)
('relabel_ratio', 0.5)
('confidence_thres', 0.5)
('clean_set_thres', 0.1)
('fine_tuning', True)
('correction', True)
('T_pl', 100)
('lambda_cen', 1.0)
('lambda_e', 0.8)
('num_gradual', 10)
('forget_rate', 0.2)
('lr_decay', 0.1)
('schedule', [])
('momentum', 0.5)
('weight_decay', 0.0001)
('feature_dim', 128)
('plr', 0.01)
('lamda', 15)
('K', 5)
('gamma', 1)
('begin_sel', 10)
('max_beta', 20.0)
('mu', 0.01)
('device', device(type='cuda', index=1))
Files already downloaded and verified
Files already downloaded and verified
Round 0 global test acc  1.0619
Round 0 Fscore 

[]
Round 1 global test acc  3.2887
Round 1 Fscore 

[]
Round 2 global test acc  7.9794
Round 2 Fscore 

[]
Round 3 global test acc  13.3402
Round 3 Fscore 

[]
Round 4 global test acc  15.8969
Round 4 Fscore 

[]
Round 5 global test acc  17.4433
Round 5 Fscore 

[]
Round 6 global test acc  19.7320
Round 6 Fscore 

[]
Round 7 global test acc  20.9381
Round 7 Fscore 

[]
Round 8 global test acc  21.4845
Round 8 Fscore 

[]
Round 9 global test acc  22.3918
Round 9 Fscore 

[]
Round 10 global test acc  23.4021
Round 10 Fscore 

[]
Round 11 global test acc  23.1031
Round 11 Fscore 

[]
Round 12 global test acc  24.0825
Round 12 Fscore 

[]
Round 13 global test acc  24.8660
Round 13 Fscore 

[]
Round 14 global test acc  25.5876
Round 14 Fscore 

[]
Round 15 global test acc  26.2268
Round 15 Fscore 

[]
Round 16 global test acc  26.2784
Round 16 Fscore 

[]
Round 17 global test acc  26.5464
Round 17 Fscore 

[]
Round 18 global test acc  26.6907
Round 18 Fscore 

[]
Round 19 global test acc  27.7526
Round 19 Fscore 

[]
Round 20 global test acc  28.4433
Round 20 Fscore 

[]
Round 21 global test acc  29.2062
Round 21 Fscore 

[]
Round 22 global test acc  29.0000
Round 22 Fscore 

[]
Round 23 global test acc  29.4227
Round 23 Fscore 

[]
Round 24 global test acc  29.5361
Round 24 Fscore 

[]
Round 25 global test acc  29.8144
Round 25 Fscore 

[]
Round 26 global test acc  29.3918
Round 26 Fscore 

[]
Round 27 global test acc  30.2990
Round 27 Fscore 

[]
Round 28 global test acc  30.2990
Round 28 Fscore 

[]
Round 29 global test acc  30.8144
Round 29 Fscore 

[]
Round 30 global test acc  31.7423
Round 30 Fscore 

[]
Round 31 global test acc  31.0309
Round 31 Fscore 

[]
Round 32 global test acc  31.4124
Round 32 Fscore 

[]
Round 33 global test acc  31.4948
Round 33 Fscore 

[]
Round 34 global test acc  31.3814
Round 34 Fscore 

[]
Round 35 global test acc  31.5361
Round 35 Fscore 

[]
Round 36 global test acc  31.4639
Round 36 Fscore 

[]
Round 37 global test acc  31.8454
Round 37 Fscore 

[]
Round 38 global test acc  31.2474
Round 38 Fscore 

[]
Round 39 global test acc  31.7732
Round 39 Fscore 

[]
Round 40 global test acc  32.4536
Round 40 Fscore 

[]
Round 41 global test acc  31.9588
Round 41 Fscore 

[]
Round 42 global test acc  31.9278
Round 42 Fscore 

[]
Round 43 global test acc  32.1031
Round 43 Fscore 

[]
Round 44 global test acc  31.9897
Round 44 Fscore 

[]
Round 45 global test acc  32.4433
Round 45 Fscore 

[]
Round 46 global test acc  32.8247
Round 46 Fscore 

[]
Round 47 global test acc  33.1031
Round 47 Fscore 

[]
Round 48 global test acc  32.8969
Round 48 Fscore 

[]
Round 49 global test acc  32.7629
Round 49 Fscore 

[]
Round 50 global test acc  32.6701
Round 50 Fscore 

[]
Round 51 global test acc  32.2680
Round 51 Fscore 

[]
Round 52 global test acc  32.7629
Round 52 Fscore 

[]
Round 53 global test acc  31.8969
Round 53 Fscore 

[]
Round 54 global test acc  33.0103
Round 54 Fscore 

[]
Round 55 global test acc  32.4227
Round 55 Fscore 

[]
Round 56 global test acc  32.6598
Round 56 Fscore 

[]
Round 57 global test acc  33.0206
Round 57 Fscore 

[]
Round 58 global test acc  32.0206
Round 58 Fscore 

[]
Round 59 global test acc  32.4948
Round 59 Fscore 

[]
Round 60 global test acc  32.7938
Round 60 Fscore 

[]
Round 61 global test acc  32.7732
Round 61 Fscore 

[]
Round 62 global test acc  33.0206
Round 62 Fscore 

[]
Round 63 global test acc  32.5670
Round 63 Fscore 

[]
Round 64 global test acc  32.4948
Round 64 Fscore 

[]
Round 65 global test acc  31.8866
Round 65 Fscore 

[]
Round 66 global test acc  32.2680
Round 66 Fscore 

[]
Round 67 global test acc  32.1443
Round 67 Fscore 

[]
Round 68 global test acc  32.6804
Round 68 Fscore 

[]
Round 69 global test acc  32.5670
Round 69 Fscore 

[]
Round 70 global test acc  32.1856
Round 70 Fscore 

[]
Round 71 global test acc  33.0309
Round 71 Fscore 

[]
Round 72 global test acc  32.9278
Round 72 Fscore 

[]
Round 73 global test acc  32.0000
Round 73 Fscore 

[]
Round 74 global test acc  32.5155
Round 74 Fscore 

[]
Round 75 global test acc  31.6392
Round 75 Fscore 

[]
Round 76 global test acc  32.6804
Round 76 Fscore 

[]
Round 77 global test acc  32.4948
Round 77 Fscore 

[]
Round 78 global test acc  31.9278
Round 78 Fscore 

[]
Round 79 global test acc  32.3608
Round 79 Fscore 

[]
Round 80 global test acc  32.3608
Round 80 Fscore 

[]
Round 81 global test acc  32.1856
Round 81 Fscore 

[]
Round 82 global test acc  32.3711
Round 82 Fscore 

[]
Round 83 global test acc  31.3299
Round 83 Fscore 

[]
Round 84 global test acc  32.0206
Round 84 Fscore 

[]
Round 85 global test acc  31.5361
Round 85 Fscore 

[]
Round 86 global test acc  31.4742
Round 86 Fscore 

[]
Round 87 global test acc  32.4536
Round 87 Fscore 

[]
Round 88 global test acc  31.6701
Round 88 Fscore 

[]
Round 89 global test acc  31.3505
Round 89 Fscore 

[]
Round 90 global test acc  31.3608
Round 90 Fscore 

[]
Round 91 global test acc  31.5258
Round 91 Fscore 

[]
Round 92 global test acc  31.5464
Round 92 Fscore 

[]
Round 93 global test acc  31.1959
Round 93 Fscore 

[]
Round 94 global test acc  31.4227
Round 94 Fscore 

[]
Round 95 global test acc  30.7526
Round 95 Fscore 

[]
Round 96 global test acc  31.7113
Round 96 Fscore 

[]
Round 97 global test acc  31.8247
Round 97 Fscore 

[]
Round 98 global test acc  31.4330
Round 98 Fscore 

[]
Round 99 global test acc  31.0928
Round 99 Fscore 

[]
Round 100 global test acc  30.9691
Round 100 Fscore 

[]
Round 101 global test acc  31.2062
Round 101 Fscore 

[]
Round 102 global test acc  31.2577
Round 102 Fscore 

[]
Round 103 global test acc  31.1134
Round 103 Fscore 

[]
Round 104 global test acc  30.9897
Round 104 Fscore 

[]
Round 105 global test acc  31.7113
Round 105 Fscore 

[]
Round 106 global test acc  31.4536
Round 106 Fscore 

[]
Round 107 global test acc  30.7629
Round 107 Fscore 

[]
Round 108 global test acc  31.3402
Round 108 Fscore 

[]
Round 109 global test acc  30.9381
Round 109 Fscore 

[]
Round 110 global test acc  30.3918
Round 110 Fscore 

[]
Round 111 global test acc  31.6082
Round 111 Fscore 

[]
Round 112 global test acc  31.0412
Round 112 Fscore 

[]
Round 113 global test acc  30.9278
Round 113 Fscore 

[]
Round 114 global test acc  31.2577
Round 114 Fscore 

[]
Round 115 global test acc  30.8144
Round 115 Fscore 

[]
Round 116 global test acc  30.9175
Round 116 Fscore 

[]
Round 117 global test acc  31.2784
Round 117 Fscore 

[]
Round 118 global test acc  31.3711
Round 118 Fscore 

[]
Round 119 global test acc  31.4124
Round 119 Fscore 

[]
Round 120 global test acc  31.0412
Round 120 Fscore 

[]
Round 121 global test acc  30.9072
Round 121 Fscore 

[]
Round 122 global test acc  30.8351
Round 122 Fscore 

[]
Round 123 global test acc  30.7113
Round 123 Fscore 

[]
Round 124 global test acc  31.5773
Round 124 Fscore 

[]
Round 125 global test acc  31.7732
Round 125 Fscore 

[]
Round 126 global test acc  31.3814
Round 126 Fscore 

[]
Round 127 global test acc  31.1237
Round 127 Fscore 

[]
Round 128 global test acc  30.7938
Round 128 Fscore 

[]
Round 129 global test acc  31.0412
Round 129 Fscore 

[]
Round 130 global test acc  31.4021
Round 130 Fscore 

[]
Round 131 global test acc  31.1753
Round 131 Fscore 

[]
Round 132 global test acc  31.1649
Round 132 Fscore 

[]
Round 133 global test acc  31.2784
Round 133 Fscore 

[]
Round 134 global test acc  31.2268
Round 134 Fscore 

[]
Round 135 global test acc  31.2577
Round 135 Fscore 

[]
Round 136 global test acc  30.7629
Round 136 Fscore 

[]
Round 137 global test acc  31.5361
Round 137 Fscore 

[]
Round 138 global test acc  31.1546
Round 138 Fscore 

[]
Round 139 global test acc  31.2577
Round 139 Fscore 

[]
Round 140 global test acc  31.0825
Round 140 Fscore 

[]
Round 141 global test acc  31.6495
Round 141 Fscore 

[]
Round 142 global test acc  30.9072
Round 142 Fscore 

[]
Round 143 global test acc  31.1340
Round 143 Fscore 

[]
Round 144 global test acc  31.2680
Round 144 Fscore 

[]
Round 145 global test acc  31.0412
Round 145 Fscore 

[]
Round 146 global test acc  31.2165
Round 146 Fscore 

[]
Round 147 global test acc  30.9485
Round 147 Fscore 

[]
Round 148 global test acc  30.9691
Round 148 Fscore 

[]
Round 149 global test acc  31.0722
Round 149 Fscore 

[]
Round 150 global test acc  30.6392
Round 150 Fscore 

[]
Round 151 global test acc  30.9072
Round 151 Fscore 

[]
Round 152 global test acc  30.8144
Round 152 Fscore 

[]
Round 153 global test acc  31.1649
Round 153 Fscore 

[]
Round 154 global test acc  31.3196
Round 154 Fscore 

[]
Round 155 global test acc  31.3918
Round 155 Fscore 

[]
Round 156 global test acc  31.0000
Round 156 Fscore 

[]
Round 157 global test acc  31.5361
Round 157 Fscore 

[]
Round 158 global test acc  30.9485
Round 158 Fscore 

[]
Round 159 global test acc  30.9381
Round 159 Fscore 

[]
Round 160 global test acc  31.7216
Round 160 Fscore 

[]
Round 161 global test acc  31.1134
Round 161 Fscore 

[]
Round 162 global test acc  30.8041
Round 162 Fscore 

[]
Round 163 global test acc  30.5052
Round 163 Fscore 

[]
Round 164 global test acc  30.7835
Round 164 Fscore 

[]
Round 165 global test acc  30.9897
Round 165 Fscore 

[]
Round 166 global test acc  30.8969
Round 166 Fscore 

[]
Round 167 global test acc  31.1856
Round 167 Fscore 

[]
Round 168 global test acc  30.8144
Round 168 Fscore 

[]
Round 169 global test acc  30.8247
Round 169 Fscore 

[]
Round 170 global test acc  31.2165
Round 170 Fscore 

[]
Round 171 global test acc  31.1443
Round 171 Fscore 

[]
Round 172 global test acc  31.4330
Round 172 Fscore 

[]
Round 173 global test acc  31.0825
Round 173 Fscore 

[]
Round 174 global test acc  30.8763
Round 174 Fscore 

[]
Round 175 global test acc  30.6289
Round 175 Fscore 

[]
Round 176 global test acc  31.0412
Round 176 Fscore 

[]
Round 177 global test acc  31.2165
Round 177 Fscore 

[]
Round 178 global test acc  31.0103
Round 178 Fscore 

[]
Round 179 global test acc  31.2577
Round 179 Fscore 

[]
Round 180 global test acc  31.1237
Round 180 Fscore 

[]
Round 181 global test acc  31.5773
Round 181 Fscore 

[]
Round 182 global test acc  31.2887
Round 182 Fscore 

[]
Round 183 global test acc  31.5876
Round 183 Fscore 

[]
Round 184 global test acc  31.2784
Round 184 Fscore 

[]
Round 185 global test acc  31.2165
Round 185 Fscore 

[]
Round 186 global test acc  31.1443
Round 186 Fscore 

[]
Round 187 global test acc  31.2990
Round 187 Fscore 

[]
Round 188 global test acc  31.4021
Round 188 Fscore 

[]
Round 189 global test acc  31.4845
Round 189 Fscore 

[]
Round 190 global test acc  31.2784
Round 190 Fscore 

[]
Round 191 global test acc  30.8144
Round 191 Fscore 

[]
Round 192 global test acc  31.5361
Round 192 Fscore 

[]
Round 193 global test acc  31.1340
Round 193 Fscore 

[]
Round 194 global test acc  30.9794
Round 194 Fscore 

[]
Round 195 global test acc  31.1856
Round 195 Fscore 

[]
Round 196 global test acc  31.1959
Round 196 Fscore 

[]
Round 197 global test acc  30.9381
Round 197 Fscore 

[]
Round 198 global test acc  31.2165
Round 198 Fscore 

[]
Round 199 global test acc  31.0103
Round 199 Fscore 

[]
Round 200 global test acc  31.2577
Round 200 Fscore 

[]
Round 201 global test acc  31.2165
Round 201 Fscore 

[]
Round 202 global test acc  31.1649
Round 202 Fscore 

[]
Round 203 global test acc  31.1340
Round 203 Fscore 

[]
Round 204 global test acc  31.3196
Round 204 Fscore 

[]
Round 205 global test acc  31.2784
Round 205 Fscore 

[]
Round 206 global test acc  31.3093
Round 206 Fscore 

[]
Round 207 global test acc  31.3814
Round 207 Fscore 

[]
Round 208 global test acc  31.5052
Round 208 Fscore 

[]
Round 209 global test acc  31.7320
Round 209 Fscore 

[]
Round 210 global test acc  31.5567
Round 210 Fscore 

[]
Round 211 global test acc  31.4433
Round 211 Fscore 

[]
Round 212 global test acc  31.5773
Round 212 Fscore 

[]
Round 213 global test acc  31.9691
Round 213 Fscore 

[]
Round 214 global test acc  31.4742
Round 214 Fscore 

[]
Round 215 global test acc  31.3093
Round 215 Fscore 

[]
Round 216 global test acc  31.7423
Round 216 Fscore 

[]
Round 217 global test acc  32.0515
Round 217 Fscore 

[]
Round 218 global test acc  32.0825
Round 218 Fscore 

[]
Round 219 global test acc  31.6289
Round 219 Fscore 

[]
Round 220 global test acc  31.9175
Round 220 Fscore 

[]
Round 221 global test acc  31.8041
Round 221 Fscore 

[]
Round 222 global test acc  31.8660
Round 222 Fscore 

[]
Round 223 global test acc  31.5876
Round 223 Fscore 

[]
Round 224 global test acc  31.4536
Round 224 Fscore 

[]
Round 225 global test acc  31.3299
Round 225 Fscore 

[]
Round 226 global test acc  31.1443
Round 226 Fscore 

[]
Round 227 global test acc  31.3299
Round 227 Fscore 

[]
Round 228 global test acc  31.0619
Round 228 Fscore 

[]
Round 229 global test acc  30.8969
Round 229 Fscore 

[]
Round 230 global test acc  30.7835
Round 230 Fscore 

[]
Round 231 global test acc  31.0825
Round 231 Fscore 

[]
Round 232 global test acc  30.8660
Round 232 Fscore 

[]
Round 233 global test acc  31.3299
Round 233 Fscore 

[]
Round 234 global test acc  30.9588
Round 234 Fscore 

[]
Round 235 global test acc  31.0928
Round 235 Fscore 

[]
Round 236 global test acc  31.6495
Round 236 Fscore 

[]
Round 237 global test acc  31.8247
Round 237 Fscore 

[]
Round 238 global test acc  31.4948
Round 238 Fscore 

[]
Round 239 global test acc  31.2371
Round 239 Fscore 

[]
Round 240 global test acc  31.2680
Round 240 Fscore 

[]
Round 241 global test acc  31.2784
Round 241 Fscore 

[]
Round 242 global test acc  30.9691
Round 242 Fscore 

[]
Round 243 global test acc  31.3402
Round 243 Fscore 

[]
Round 244 global test acc  31.1237
Round 244 Fscore 

[]
Round 245 global test acc  31.1443
Round 245 Fscore 

[]
Round 246 global test acc  30.8660
Round 246 Fscore 

[]
Round 247 global test acc  31.2784
Round 247 Fscore 

[]
Round 248 global test acc  31.0825
Round 248 Fscore 

[]
Round 249 global test acc  31.1753
Round 249 Fscore 

[]
Round 250 global test acc  31.4433
Round 250 Fscore 

[]
Round 251 global test acc  30.5670
Round 251 Fscore 

[]
Round 252 global test acc  30.8247
Round 252 Fscore 

[]
Round 253 global test acc  31.1134
Round 253 Fscore 

[]
Round 254 global test acc  30.8660
Round 254 Fscore 

[]
Round 255 global test acc  31.1031
Round 255 Fscore 

[]
Round 256 global test acc  30.9485
Round 256 Fscore 

[]
Round 257 global test acc  30.9794
Round 257 Fscore 

[]
Round 258 global test acc  31.0515
Round 258 Fscore 

[]
Round 259 global test acc  31.0206
Round 259 Fscore 

[]
Round 260 global test acc  30.6495
Round 260 Fscore 

[]
Round 261 global test acc  30.6495
Round 261 Fscore 

[]
Round 262 global test acc  31.0412
Round 262 Fscore 

[]
Round 263 global test acc  31.2680
Round 263 Fscore 

[]
Round 264 global test acc  31.3196
Round 264 Fscore 

[]
Round 265 global test acc  31.0619
Round 265 Fscore 

[]
Round 266 global test acc  31.3608
Round 266 Fscore 

[]
Round 267 global test acc  31.0309
Round 267 Fscore 

[]
Round 268 global test acc  31.3918
Round 268 Fscore 

[]
Round 269 global test acc  31.2680
Round 269 Fscore 

[]
Round 270 global test acc  31.2577
Round 270 Fscore 

[]
Round 271 global test acc  31.9485
Round 271 Fscore 

[]
Round 272 global test acc  31.7526
Round 272 Fscore 

[]
Round 273 global test acc  31.4639
Round 273 Fscore 

[]
Round 274 global test acc  31.5670
Round 274 Fscore 

[]
Round 275 global test acc  31.4845
Round 275 Fscore 

[]
Round 276 global test acc  31.5773
Round 276 Fscore 

[]
Round 277 global test acc  31.3505
Round 277 Fscore 

[]
Round 278 global test acc  31.2577
Round 278 Fscore 

[]
Round 279 global test acc  31.0515
Round 279 Fscore 

[]
Round 280 global test acc  31.3918
Round 280 Fscore 

[]
Round 281 global test acc  31.5155
Round 281 Fscore 

[]
Round 282 global test acc  31.0928
Round 282 Fscore 

[]
Round 283 global test acc  31.4845
Round 283 Fscore 

[]
Round 284 global test acc  31.6598
Round 284 Fscore 

[]
Round 285 global test acc  31.2887
Round 285 Fscore 

[]
Round 286 global test acc  31.9175
Round 286 Fscore 

[]
Round 287 global test acc  31.6186
Round 287 Fscore 

[]
Round 288 global test acc  31.3918
Round 288 Fscore 

[]
Round 289 global test acc  31.5567
Round 289 Fscore 

[]
Round 290 global test acc  31.8247
Round 290 Fscore 

[]
Round 291 global test acc  31.0722
Round 291 Fscore 

[]
Round 292 global test acc  31.3814
Round 292 Fscore 

[]
Round 293 global test acc  30.9588
Round 293 Fscore 

[]
Round 294 global test acc  31.4948
Round 294 Fscore 

[]
Round 295 global test acc  31.1546
Round 295 Fscore 

[]
Round 296 global test acc  31.4639
Round 296 Fscore 

[]
Round 297 global test acc  31.3299
Round 297 Fscore 

[]
Round 298 global test acc  31.5670
Round 298 Fscore 

[]
Round 299 global test acc  31.8763
Round 299 Fscore 

[]
Round 300 global test acc  31.8763
Round 300 Fscore 

[]
Round 301 global test acc  31.5052
Round 301 Fscore 

[]
Round 302 global test acc  31.2165
Round 302 Fscore 

[]
Round 303 global test acc  31.5155
Round 303 Fscore 

[]
Round 304 global test acc  31.4742
Round 304 Fscore 

[]
Round 305 global test acc  31.6392
Round 305 Fscore 

[]
Round 306 global test acc  31.5876
Round 306 Fscore 

[]
Round 307 global test acc  31.5258
Round 307 Fscore 

[]
Round 308 global test acc  31.1443
Round 308 Fscore 

[]
Round 309 global test acc  31.1649
Round 309 Fscore 

[]
Round 310 global test acc  31.2887
Round 310 Fscore 

[]
Round 311 global test acc  31.0825
Round 311 Fscore 

[]
Round 312 global test acc  31.2474
Round 312 Fscore 

[]
Round 313 global test acc  31.1237
Round 313 Fscore 

[]
Round 314 global test acc  31.2165
Round 314 Fscore 

[]
Round 315 global test acc  31.3402
Round 315 Fscore 

[]
Round 316 global test acc  31.1546
Round 316 Fscore 

[]
Round 317 global test acc  31.2577
Round 317 Fscore 

[]
Round 318 global test acc  31.3093
Round 318 Fscore 

[]
Round 319 global test acc  30.8351
Round 319 Fscore 

[]
Round 320 global test acc  31.4227
Round 320 Fscore 

[]
Round 321 global test acc  31.1959
Round 321 Fscore 

[]
Round 322 global test acc  31.0000
Round 322 Fscore 

[]
Round 323 global test acc  31.5979
Round 323 Fscore 

[]
Round 324 global test acc  31.7113
Round 324 Fscore 

[]
Round 325 global test acc  31.3608
Round 325 Fscore 

[]
Round 326 global test acc  31.0309
Round 326 Fscore 

[]
Round 327 global test acc  31.2784
Round 327 Fscore 

[]
Round 328 global test acc  31.2268
Round 328 Fscore 

[]
Round 329 global test acc  31.1649
Round 329 Fscore 

[]
Round 330 global test acc  31.0412
Round 330 Fscore 

[]
Round 331 global test acc  31.1031
Round 331 Fscore 

[]
Round 332 global test acc  31.4227
Round 332 Fscore 

[]
Round 333 global test acc  31.4124
Round 333 Fscore 

[]
Round 334 global test acc  31.4639
Round 334 Fscore 

[]
Round 335 global test acc  31.6598
Round 335 Fscore 

[]
Round 336 global test acc  31.3402
Round 336 Fscore 

[]
Round 337 global test acc  31.1031
Round 337 Fscore 

[]
Round 338 global test acc  31.2165
Round 338 Fscore 

[]
Round 339 global test acc  31.2268
Round 339 Fscore 

[]
Round 340 global test acc  30.8041
Round 340 Fscore 

[]
Round 341 global test acc  31.4639
Round 341 Fscore 

[]
Round 342 global test acc  31.5876
Round 342 Fscore 

[]
Round 343 global test acc  31.4639
Round 343 Fscore 

[]
Round 344 global test acc  31.7423
Round 344 Fscore 

[]
Round 345 global test acc  31.8041
Round 345 Fscore 

[]
Round 346 global test acc  31.2268
Round 346 Fscore 

[]
Round 347 global test acc  31.9485
Round 347 Fscore 

[]
Round 348 global test acc  31.8660
Round 348 Fscore 

[]
Round 349 global test acc  31.8866
Round 349 Fscore 

[]
Round 350 global test acc  31.7629
Round 350 Fscore 

[]
Round 351 global test acc  31.5464
Round 351 Fscore 

[]
Round 352 global test acc  31.6804
Round 352 Fscore 

[]
Round 353 global test acc  31.9278
Round 353 Fscore 

[]
Round 354 global test acc  31.6289
Round 354 Fscore 

[]
Round 355 global test acc  31.7010
Round 355 Fscore 

[]
Round 356 global test acc  31.8454
Round 356 Fscore 

[]
Round 357 global test acc  31.6804
Round 357 Fscore 

[]
Round 358 global test acc  31.8557
Round 358 Fscore 

[]
Round 359 global test acc  31.7216
Round 359 Fscore 

[]
Round 360 global test acc  31.4639
Round 360 Fscore 

[]
Round 361 global test acc  30.9072
Round 361 Fscore 

[]
Round 362 global test acc  31.1546
Round 362 Fscore 

[]
Round 363 global test acc  31.6186
Round 363 Fscore 

[]
Round 364 global test acc  31.4021
Round 364 Fscore 

[]
Round 365 global test acc  31.3918
Round 365 Fscore 

[]
Round 366 global test acc  31.5876
Round 366 Fscore 

[]
Round 367 global test acc  31.5670
Round 367 Fscore 

[]
Round 368 global test acc  31.0928
Round 368 Fscore 

[]
Round 369 global test acc  31.1959
Round 369 Fscore 

[]
Round 370 global test acc  31.4742
Round 370 Fscore 

[]
Round 371 global test acc  31.5670
Round 371 Fscore 

[]
Round 372 global test acc  31.4742
Round 372 Fscore 

[]
Round 373 global test acc  31.3918
Round 373 Fscore 

[]
Round 374 global test acc  31.6082
Round 374 Fscore 

[]
Round 375 global test acc  31.5979
Round 375 Fscore 

[]
Round 376 global test acc  31.2165
Round 376 Fscore 

[]
Round 377 global test acc  31.8660
Round 377 Fscore 

[]
Round 378 global test acc  31.7732
Round 378 Fscore 

[]
Round 379 global test acc  31.8969
Round 379 Fscore 

[]
Round 380 global test acc  31.7938
Round 380 Fscore 

[]
Round 381 global test acc  31.7113
Round 381 Fscore 

[]
Round 382 global test acc  31.3402
Round 382 Fscore 

[]
Round 383 global test acc  31.8763
Round 383 Fscore 

[]
Round 384 global test acc  31.0000
Round 384 Fscore 

[]
Round 385 global test acc  31.4227
Round 385 Fscore 

[]
Round 386 global test acc  31.3196
Round 386 Fscore 

[]
Round 387 global test acc  31.3918
Round 387 Fscore 

[]
Round 388 global test acc  31.6907
Round 388 Fscore 

[]
Round 389 global test acc  31.6907
Round 389 Fscore 

[]
Round 390 global test acc  31.4536
Round 390 Fscore 

[]
Round 391 global test acc  31.5464
Round 391 Fscore 

[]
Round 392 global test acc  31.5773
Round 392 Fscore 

[]
Round 393 global test acc  31.8144
Round 393 Fscore 

[]
Round 394 global test acc  31.8969
Round 394 Fscore 

[]
Round 395 global test acc  31.9278
Round 395 Fscore 

[]
Round 396 global test acc  31.3608
Round 396 Fscore 

[]
Round 397 global test acc  31.5773
Round 397 Fscore 

[]
Round 398 global test acc  31.3814
Round 398 Fscore 

[]
Round 399 global test acc  31.5773
Round 399 Fscore 

[]
Round 400 global test acc  31.0515
Round 400 Fscore 

[]
Round 401 global test acc  31.6082
Round 401 Fscore 

[]
Round 402 global test acc  31.8247
Round 402 Fscore 

[]
Round 403 global test acc  32.2268
Round 403 Fscore 

[]
Round 404 global test acc  31.9485
Round 404 Fscore 

[]
Round 405 global test acc  31.9381
Round 405 Fscore 

[]
Round 406 global test acc  31.5464
Round 406 Fscore 

[]
Round 407 global test acc  31.4330
Round 407 Fscore 

[]
Round 408 global test acc  31.5052
Round 408 Fscore 

[]
Round 409 global test acc  31.4742
Round 409 Fscore 

[]
Round 410 global test acc  31.6907
Round 410 Fscore 

[]
Round 411 global test acc  31.6186
Round 411 Fscore 

[]
Round 412 global test acc  31.5567
Round 412 Fscore 

[]
Round 413 global test acc  31.2680
Round 413 Fscore 

[]
Round 414 global test acc  31.5464
Round 414 Fscore 

[]
Round 415 global test acc  31.6907
Round 415 Fscore 

[]
Round 416 global test acc  31.8247
Round 416 Fscore 

[]
Round 417 global test acc  31.3402
Round 417 Fscore 

[]
Round 418 global test acc  31.9072
Round 418 Fscore 

[]
Round 419 global test acc  31.7835
Round 419 Fscore 

[]
Round 420 global test acc  31.5361
Round 420 Fscore 

[]
Round 421 global test acc  31.4948
Round 421 Fscore 

[]
Round 422 global test acc  31.4948
Round 422 Fscore 

[]
Round 423 global test acc  31.1237
Round 423 Fscore 

[]
Round 424 global test acc  31.2165
Round 424 Fscore 

[]
Round 425 global test acc  31.4330
Round 425 Fscore 

[]
Round 426 global test acc  31.4742
Round 426 Fscore 

[]
Round 427 global test acc  31.0928
Round 427 Fscore 

[]
Round 428 global test acc  30.9588
Round 428 Fscore 

[]
Round 429 global test acc  31.2887
Round 429 Fscore 

[]
Round 430 global test acc  31.4948
Round 430 Fscore 

[]
Round 431 global test acc  31.4742
Round 431 Fscore 

[]
Round 432 global test acc  31.4433
Round 432 Fscore 

[]
Round 433 global test acc  31.2474
Round 433 Fscore 

[]
Round 434 global test acc  31.2268
Round 434 Fscore 

[]
Round 435 global test acc  31.6598
Round 435 Fscore 

[]
Round 436 global test acc  31.5670
Round 436 Fscore 

[]
Round 437 global test acc  31.5155
Round 437 Fscore 

[]
Round 438 global test acc  31.7629
Round 438 Fscore 

[]
Round 439 global test acc  31.2887
Round 439 Fscore 

[]
Round 440 global test acc  31.5361
Round 440 Fscore 

[]
Round 441 global test acc  31.4948
Round 441 Fscore 

[]
Round 442 global test acc  31.6082
Round 442 Fscore 

[]
Round 443 global test acc  31.3196
Round 443 Fscore 

[]
Round 444 global test acc  31.5773
Round 444 Fscore 

[]
Round 445 global test acc  31.4330
Round 445 Fscore 

[]
Round 446 global test acc  31.8351
Round 446 Fscore 

[]
Round 447 global test acc  31.9381
Round 447 Fscore 

[]
Round 448 global test acc  31.6289
Round 448 Fscore 

[]
Round 449 global test acc  31.8351
Round 449 Fscore 

[1.0, 1.0, 1.0, 0.9999999403953552, 1.0, 1.0, 1.0, 1.0, 1.0, 0.9999999403953552, 0.9999999403953552, 0.9999999403953552, 0.9999999403953552, 0.9999999403953552, 1.0, 1.0, 1.0, 1.0, 1.0, 1.0, 1.0, 1.0, 1.0, 0.9999999403953552, 1.0, 1.0, 1.0, 1.0, 1.0, 1.0, 1.0, 1.0, 1.0, 1.0, 1.0, 0.9999999403953552, 0.9999999403953552, 1.0, 1.0, 0.9999999403953552, 1.0, 1.0, 1.0, 1.0, 1.0, 0.9999999403953552, 0.9999999403953552, 0.9999999403953552, 1.0, 0.9999999403953552]
time : 48014.9799580574
('algorithm', 'MR')
('gpu', 0)
('seed', 13)
('save_dir', './record/')
('rounds2', 450)
('local_ep', 5)
('frac2', 0.2)
('num_users', 50)
('local_bs', 32)
('lr', 0.01)
('model', 'resnet34')
('num_classes', 10)
('level_n_system', 0.0)
('level_n_lowerb', 0.0)
('alpha_dirichlet', 10)
('non_iid_prob_class', 0.7)
('dataset', 'cifar100')
('iid', True)
('LID_k', 20)
('iteration1', 5)
('rounds1', 200)
('frac1', 0.01)
('pretrained', False)
('mixup', False)
('alpha', 1)
('beta', 5)
('relabel_ratio', 0.5)
('confidence_thres', 0.5)
('clean_set_thres', 0.1)
('fine_tuning', True)
('correction', True)
('T_pl', 100)
('lambda_cen', 1.0)
('lambda_e', 0.8)
('num_gradual', 10)
('forget_rate', 0.2)
('lr_decay', 0.1)
('schedule', [])
('momentum', 0.5)
('weight_decay', 0.0001)
('feature_dim', 128)
('plr', 0.01)
('lamda', 15)
('K', 5)
('gamma', 1)
('begin_sel', 10)
('mu', 0.01)
('device', device(type='cuda', index=0))
Files already downloaded and verified
Files already downloaded and verified
Round 0 global test acc  1.0928
Round 1 global test acc  3.6186
Round 2 global test acc  8.1031
Round 3 global test acc  12.4021
Round 4 global test acc  16.2062
Round 5 global test acc  17.1649
Round 6 global test acc  19.1753
Round 7 global test acc  19.7732
Round 8 global test acc  21.3093
Round 9 global test acc  21.8866
Round 10 global test acc  22.5567
Round 11 global test acc  23.2990
Round 12 global test acc  23.9897
Round 13 global test acc  24.4124
Round 14 global test acc  25.1649
Round 15 global test acc  25.7320
Round 16 global test acc  25.7938
Round 17 global test acc  26.2887
Round 18 global test acc  26.8660
Round 19 global test acc  27.2062
Round 20 global test acc  27.4639
Round 21 global test acc  28.1959
Round 22 global test acc  28.6804
Round 23 global test acc  28.9588
Round 24 global test acc  29.4124
Round 25 global test acc  28.9897
Round 26 global test acc  28.9897
Round 27 global test acc  30.1134
Round 28 global test acc  30.2784
Round 29 global test acc  30.2165
Round 30 global test acc  30.7526
Round 31 global test acc  30.5361
Round 32 global test acc  30.9794
Round 33 global test acc  31.2784
Round 34 global test acc  31.1959
Round 35 global test acc  31.0928
Round 36 global test acc  30.9072
Round 37 global test acc  31.3711
Round 38 global test acc  31.1753
Round 39 global test acc  31.5155
Round 40 global test acc  31.9794
Round 41 global test acc  32.0515
Round 42 global test acc  32.1856
Round 43 global test acc  32.0928
Round 44 global test acc  31.7938
Round 45 global test acc  32.2577
Round 46 global test acc  31.9278
Round 47 global test acc  32.1649
Round 48 global test acc  33.0928
Round 49 global test acc  32.6082
Round 50 global test acc  32.9485
Round 51 global test acc  31.7216
('algorithm', 'MR')
('gpu', 0)
('seed', 13)
('save_dir', './record/')
('rounds2', 450)
('local_ep', 5)
('frac2', 0.2)
('num_users', 50)
('local_bs', 32)
('lr', 0.01)
('model', 'resnet34')
('num_classes', 10)
('level_n_system', 0.0)
('level_n_lowerb', 0.0)
('alpha_dirichlet', 10)
('non_iid_prob_class', 0.7)
('dataset', 'cifar100')
('iid', True)
('LID_k', 20)
('iteration1', 5)
('rounds1', 200)
('frac1', 0.01)
('pretrained', False)
('mixup', False)
('alpha', 1)
('beta', 5)
('relabel_ratio', 0.5)
('confidence_thres', 0.5)
('clean_set_thres', 0.1)
('fine_tuning', True)
('correction', True)
('T_pl', 100)
('lambda_cen', 1.0)
('lambda_e', 0.8)
('num_gradual', 10)
('forget_rate', 0.2)
('lr_decay', 0.1)
('schedule', [])
('momentum', 0.5)
('weight_decay', 0.0001)
('feature_dim', 128)
('plr', 0.01)
('lamda', 15)
('K', 5)
('gamma', 1)
('begin_sel', 10)
('max_beta', 2)
('mu', 0.01)
('device', device(type='cuda', index=0))
Files already downloaded and verified
Files already downloaded and verified
Round 0 global test acc  1.2990
Round 0 Fscore 

[]
Round 1 global test acc  2.5670
Round 1 Fscore 

[]
Round 2 global test acc  7.6186
Round 2 Fscore 

[]
Round 3 global test acc  13.3402
Round 3 Fscore 

[]
Round 4 global test acc  15.8454
Round 4 Fscore 

[]
Round 5 global test acc  17.6392
Round 5 Fscore 

[]
Round 6 global test acc  19.2577
Round 6 Fscore 

[]
Round 7 global test acc  20.4742
Round 7 Fscore 

[]
Round 8 global test acc  21.3918
Round 8 Fscore 

[]
Round 9 global test acc  21.7113
Round 9 Fscore 

[]
Round 10 global test acc  22.6392
Round 10 Fscore 

[]
Round 11 global test acc  23.5876
Round 11 Fscore 

[]
Round 12 global test acc  24.0412
Round 12 Fscore 

[]
Round 13 global test acc  24.6701
Round 13 Fscore 

[]
Round 14 global test acc  25.5979
Round 14 Fscore 

[]
Round 15 global test acc  26.7113
Round 15 Fscore 

[]
Round 16 global test acc  26.6495
Round 16 Fscore 

[]
Round 17 global test acc  26.9381
Round 17 Fscore 

[]
Round 18 global test acc  27.2577
Round 18 Fscore 

[]
Round 19 global test acc  27.4433
Round 19 Fscore 

[]
Round 20 global test acc  28.3505
Round 20 Fscore 

[]
Round 21 global test acc  29.0515
Round 21 Fscore 

[]
Round 22 global test acc  29.5979
Round 22 Fscore 

[]
Round 23 global test acc  29.4845
Round 23 Fscore 

[]
Round 24 global test acc  29.6186
Round 24 Fscore 

[]
Round 25 global test acc  29.4845
Round 25 Fscore 

[]
Round 26 global test acc  29.2887
Round 26 Fscore 

[]
Round 27 global test acc  30.0619
Round 27 Fscore 

[]
Round 28 global test acc  30.0515
Round 28 Fscore 

[]
Round 29 global test acc  30.4742
Round 29 Fscore 

[]
Round 30 global test acc  31.4433
Round 30 Fscore 

[]
Round 31 global test acc  30.9588
Round 31 Fscore 

[]
Round 32 global test acc  31.2990
Round 32 Fscore 

[]
Round 33 global test acc  31.4227
Round 33 Fscore 

[]
Round 34 global test acc  31.3299
Round 34 Fscore 

[]
Round 35 global test acc  31.1134
Round 35 Fscore 

[]
Round 36 global test acc  31.1340
Round 36 Fscore 

[]
Round 37 global test acc  31.5258
Round 37 Fscore 

[]
Round 38 global test acc  31.3196
Round 38 Fscore 

[]
Round 39 global test acc  31.4742
Round 39 Fscore 

[]
Round 40 global test acc  32.1340
Round 40 Fscore 

[]
Round 41 global test acc  32.2165
Round 41 Fscore 

[]
Round 42 global test acc  31.8866
Round 42 Fscore 

[]
Round 43 global test acc  32.4021
Round 43 Fscore 

[]
Round 44 global test acc  32.2474
Round 44 Fscore 

[]
Round 45 global test acc  32.4639
Round 45 Fscore 

[]
Round 46 global test acc  32.9175
Round 46 Fscore 

[]
Round 47 global test acc  32.3093
Round 47 Fscore 

[]
Round 48 global test acc  32.4742
Round 48 Fscore 

[]
Round 49 global test acc  32.5979
Round 49 Fscore 

[]
Round 50 global test acc  32.6804
Round 50 Fscore 

[]
Round 51 global test acc  31.6495
Round 51 Fscore 

[]
Round 52 global test acc  32.5979
Round 52 Fscore 

[]
Round 53 global test acc  31.7732
Round 53 Fscore 

[]
Round 54 global test acc  32.3402
Round 54 Fscore 

[]
Round 55 global test acc  31.9691
Round 55 Fscore 

[]
Round 56 global test acc  32.4742
Round 56 Fscore 

[]
Round 57 global test acc  32.6392
Round 57 Fscore 

[]
Round 58 global test acc  32.2990
Round 58 Fscore 

[]
Round 59 global test acc  32.2990
Round 59 Fscore 

[]
Round 60 global test acc  32.6907
Round 60 Fscore 

[]
Round 61 global test acc  32.3711
Round 61 Fscore 

[]
Round 62 global test acc  32.8454
Round 62 Fscore 

[]
Round 63 global test acc  32.1649
Round 63 Fscore 

[]
Round 64 global test acc  31.8247
Round 64 Fscore 

[]
Round 65 global test acc  31.8969
Round 65 Fscore 

[]
Round 66 global test acc  32.2165
Round 66 Fscore 

[]
Round 67 global test acc  31.8247
Round 67 Fscore 

[]
Round 68 global test acc  32.2990
Round 68 Fscore 

[]
Round 69 global test acc  32.2887
Round 69 Fscore 

[]
Round 70 global test acc  31.9794
Round 70 Fscore 

[]
Round 71 global test acc  32.3505
Round 71 Fscore 

[]
Round 72 global test acc  32.6495
Round 72 Fscore 

[]
Round 73 global test acc  31.8763
Round 73 Fscore 

[]
Round 74 global test acc  32.0000
Round 74 Fscore 

[]
Round 75 global test acc  31.4948
Round 75 Fscore 

[]
Round 76 global test acc  32.3299
Round 76 Fscore 

[]
Round 77 global test acc  31.7010
Round 77 Fscore 

[]
Round 78 global test acc  31.5155
Round 78 Fscore 

[]
Round 79 global test acc  31.6186
Round 79 Fscore 

[]
Round 80 global test acc  32.0928
Round 80 Fscore 

[]
Round 81 global test acc  31.8041
Round 81 Fscore 

[]
Round 82 global test acc  32.3608
Round 82 Fscore 

[]
Round 83 global test acc  32.0206
Round 83 Fscore 

[]
Round 84 global test acc  32.0309
Round 84 Fscore 

[]
Round 85 global test acc  31.6701
Round 85 Fscore 

[]
Round 86 global test acc  31.2062
Round 86 Fscore 

[]
Round 87 global test acc  32.5567
Round 87 Fscore 

[]
Round 88 global test acc  31.7216
Round 88 Fscore 

[]
Round 89 global test acc  31.2268
Round 89 Fscore 

[]
Round 90 global test acc  31.0928
Round 90 Fscore 

[]
Round 91 global test acc  31.2268
Round 91 Fscore 

[]
Round 92 global test acc  31.1753
Round 92 Fscore 

[]
Round 93 global test acc  31.0000
Round 93 Fscore 

[]
Round 94 global test acc  30.8969
Round 94 Fscore 

[]
Round 95 global test acc  31.5670
Round 95 Fscore 

[]
Round 96 global test acc  32.0928
Round 96 Fscore 

[]
Round 97 global test acc  31.2371
Round 97 Fscore 

[]
Round 98 global test acc  31.2577
Round 98 Fscore 

[]
Round 99 global test acc  31.3814
Round 99 Fscore 

[]
Round 100 global test acc  30.9897
Round 100 Fscore 

[]
Round 101 global test acc  31.4021
Round 101 Fscore 

[]
Round 102 global test acc  31.0000
Round 102 Fscore 

[]
Round 103 global test acc  31.4845
Round 103 Fscore 

[]
Round 104 global test acc  31.4639
Round 104 Fscore 

[]
Round 105 global test acc  31.4639
Round 105 Fscore 

[]
Round 106 global test acc  31.6804
Round 106 Fscore 

[]
Round 107 global test acc  30.8454
Round 107 Fscore 

[]
Round 108 global test acc  30.8454
Round 108 Fscore 

[]
Round 109 global test acc  31.1443
Round 109 Fscore 

[]
Round 110 global test acc  31.2165
Round 110 Fscore 

[]
Round 111 global test acc  30.8866
Round 111 Fscore 

[]
Round 112 global test acc  31.2268
Round 112 Fscore 

[]
Round 113 global test acc  31.2165
Round 113 Fscore 

[]
Round 114 global test acc  32.1959
Round 114 Fscore 

[]
Round 115 global test acc  31.6598
Round 115 Fscore 

[]
Round 116 global test acc  31.4330
Round 116 Fscore 

[]
Round 117 global test acc  31.3196
Round 117 Fscore 

[]
Round 118 global test acc  31.4948
Round 118 Fscore 

[]
Round 119 global test acc  31.6186
Round 119 Fscore 

[]
Round 120 global test acc  31.5258
Round 120 Fscore 

[]
Round 121 global test acc  31.0103
Round 121 Fscore 

[]
Round 122 global test acc  31.3402
Round 122 Fscore 

[]
Round 123 global test acc  31.1959
Round 123 Fscore 

[]
Round 124 global test acc  31.0825
Round 124 Fscore 

[]
Round 125 global test acc  31.1237
Round 125 Fscore 

[]
Round 126 global test acc  31.1340
Round 126 Fscore 

[]
Round 127 global test acc  30.8763
Round 127 Fscore 

[]
Round 128 global test acc  30.9381
Round 128 Fscore 

[]
Round 129 global test acc  31.4639
Round 129 Fscore 

[]
Round 130 global test acc  31.3402
Round 130 Fscore 

[]
Round 131 global test acc  31.5876
Round 131 Fscore 

[]
Round 132 global test acc  30.6598
Round 132 Fscore 

[]
Round 133 global test acc  30.8969
Round 133 Fscore 

[]
Round 134 global test acc  31.1237
Round 134 Fscore 

[]
Round 135 global test acc  31.3814
Round 135 Fscore 

[]
Round 136 global test acc  31.1856
Round 136 Fscore 

[]
Round 137 global test acc  31.9278
Round 137 Fscore 

[]
Round 138 global test acc  31.5258
Round 138 Fscore 

[]
Round 139 global test acc  31.2165
Round 139 Fscore 

[]
Round 140 global test acc  31.5876
Round 140 Fscore 

[]
Round 141 global test acc  31.7938
Round 141 Fscore 

[]
Round 142 global test acc  30.8041
Round 142 Fscore 

[]
Round 143 global test acc  30.8041
Round 143 Fscore 

[]
Round 144 global test acc  32.0309
Round 144 Fscore 

[]
Round 145 global test acc  31.5876
Round 145 Fscore 

[]
Round 146 global test acc  31.4124
Round 146 Fscore 

[]
Round 147 global test acc  30.8041
Round 147 Fscore 

[]
Round 148 global test acc  30.9794
Round 148 Fscore 

[]
Round 149 global test acc  32.0103
Round 149 Fscore 

[]
Round 150 global test acc  31.8454
Round 150 Fscore 

[]
Round 151 global test acc  31.9691
Round 151 Fscore 

[]
Round 152 global test acc  31.4742
Round 152 Fscore 

[]
Round 153 global test acc  30.8763
Round 153 Fscore 

[]
Round 154 global test acc  31.2268
Round 154 Fscore 

[]
Round 155 global test acc  31.4021
Round 155 Fscore 

[]
Round 156 global test acc  31.0825
Round 156 Fscore 

[]
Round 157 global test acc  31.0515
Round 157 Fscore 

[]
Round 158 global test acc  31.3608
Round 158 Fscore 

[]
Round 159 global test acc  31.4433
Round 159 Fscore 

[]
Round 160 global test acc  31.6907
Round 160 Fscore 

[]
Round 161 global test acc  31.7835
Round 161 Fscore 

[]
Round 162 global test acc  31.3505
Round 162 Fscore 

[]
Round 163 global test acc  32.1443
Round 163 Fscore 

[]
Round 164 global test acc  31.5258
Round 164 Fscore 

[]
Round 165 global test acc  31.7423
Round 165 Fscore 

[]
Round 166 global test acc  31.5670
Round 166 Fscore 

[]
Round 167 global test acc  31.4536
Round 167 Fscore 

[]
Round 168 global test acc  31.5670
Round 168 Fscore 

[]
Round 169 global test acc  31.3608
Round 169 Fscore 

[]
Round 170 global test acc  31.7113
Round 170 Fscore 

[]
Round 171 global test acc  31.2165
Round 171 Fscore 

[]
Round 172 global test acc  31.4124
Round 172 Fscore 

[]
Round 173 global test acc  31.3608
Round 173 Fscore 

[]
Round 174 global test acc  31.1856
Round 174 Fscore 

[]
Round 175 global test acc  31.4536
Round 175 Fscore 

[]
Round 176 global test acc  31.1443
Round 176 Fscore 

[]
Round 177 global test acc  31.1237
Round 177 Fscore 

[]
Round 178 global test acc  31.1237
Round 178 Fscore 

[]
Round 179 global test acc  31.2577
Round 179 Fscore 

[]
Round 180 global test acc  31.1753
Round 180 Fscore 

[]
Round 181 global test acc  31.3196
Round 181 Fscore 

[]
Round 182 global test acc  31.3814
Round 182 Fscore 

[]
Round 183 global test acc  31.7216
Round 183 Fscore 

[]
Round 184 global test acc  31.4536
Round 184 Fscore 

[]
Round 185 global test acc  31.5670
Round 185 Fscore 

[]
Round 186 global test acc  31.4639
Round 186 Fscore 

[]
Round 187 global test acc  31.7010
Round 187 Fscore 

[]
Round 188 global test acc  31.6804
Round 188 Fscore 

[]
Round 189 global test acc  31.4536
Round 189 Fscore 

[]
Round 190 global test acc  31.8144
Round 190 Fscore 

[]
Round 191 global test acc  31.2165
Round 191 Fscore 

[]
Round 192 global test acc  31.2062
Round 192 Fscore 

[]
Round 193 global test acc  30.9278
Round 193 Fscore 

[]
Round 194 global test acc  31.2680
Round 194 Fscore 

[]
Round 195 global test acc  31.1856
Round 195 Fscore 

[]
Round 196 global test acc  31.6392
Round 196 Fscore 

[]
Round 197 global test acc  31.6082
Round 197 Fscore 

[]
Round 198 global test acc  31.2990
Round 198 Fscore 

[]
Round 199 global test acc  31.2887
Round 199 Fscore 

[]
Round 200 global test acc  31.0000
Round 200 Fscore 

[]
Round 201 global test acc  31.4845
Round 201 Fscore 

[]
Round 202 global test acc  30.2887
Round 202 Fscore 

[]
Round 203 global test acc  31.3196
Round 203 Fscore 

[]
Round 204 global test acc  30.7423
Round 204 Fscore 

[]
Round 205 global test acc  31.2268
Round 205 Fscore 

[]
Round 206 global test acc  31.2165
Round 206 Fscore 

[]
Round 207 global test acc  30.8144
Round 207 Fscore 

[]
Round 208 global test acc  30.9381
Round 208 Fscore 

[]
Round 209 global test acc  31.3711
Round 209 Fscore 

[]
Round 210 global test acc  31.7938
Round 210 Fscore 

[]
Round 211 global test acc  31.5670
Round 211 Fscore 

[]
Round 212 global test acc  31.4227
Round 212 Fscore 

[]
Round 213 global test acc  31.7423
Round 213 Fscore 

[]
Round 214 global test acc  31.4845
Round 214 Fscore 

[]
Round 215 global test acc  31.3196
Round 215 Fscore 

[]
Round 216 global test acc  31.6392
Round 216 Fscore 

[]
Round 217 global test acc  31.4742
Round 217 Fscore 

[]
Round 218 global test acc  31.4639
Round 218 Fscore 

[]
Round 219 global test acc  31.2990
Round 219 Fscore 

[]
Round 220 global test acc  31.4433
Round 220 Fscore 

[]
Round 221 global test acc  31.4124
Round 221 Fscore 

[]
Round 222 global test acc  31.0206
Round 222 Fscore 

[]
Round 223 global test acc  31.2268
Round 223 Fscore 

[]
Round 224 global test acc  31.2784
Round 224 Fscore 

[]
Round 225 global test acc  31.1031
Round 225 Fscore 

[]
Round 226 global test acc  30.8866
Round 226 Fscore 

[]
Round 227 global test acc  31.2268
Round 227 Fscore 

[]
Round 228 global test acc  31.2474
Round 228 Fscore 

[]
Round 229 global test acc  31.3093
Round 229 Fscore 

[]
Round 230 global test acc  31.3814
Round 230 Fscore 

[]
Round 231 global test acc  31.1546
Round 231 Fscore 

[]
Round 232 global test acc  31.0515
Round 232 Fscore 

[]
Round 233 global test acc  31.1649
Round 233 Fscore 

[]
Round 234 global test acc  31.0309
Round 234 Fscore 

[]
Round 235 global test acc  30.9485
Round 235 Fscore 

[]
Round 236 global test acc  31.5258
Round 236 Fscore 

[]
Round 237 global test acc  30.8247
Round 237 Fscore 

[]
Round 238 global test acc  31.5773
Round 238 Fscore 

[]
Round 239 global test acc  31.3814
Round 239 Fscore 

[]
Round 240 global test acc  31.1340
Round 240 Fscore 

[]
Round 241 global test acc  31.4948
Round 241 Fscore 

[]
Round 242 global test acc  31.3299
Round 242 Fscore 

[]
Round 243 global test acc  31.3093
Round 243 Fscore 

[]
Round 244 global test acc  31.8454
Round 244 Fscore 

[]
Round 245 global test acc  31.4227
Round 245 Fscore 

[]
Round 246 global test acc  31.5670
Round 246 Fscore 

[]
Round 247 global test acc  31.5155
Round 247 Fscore 

[]
Round 248 global test acc  31.4845
Round 248 Fscore 

[]
Round 249 global test acc  31.4639
Round 249 Fscore 

[]
Round 250 global test acc  31.4227
Round 250 Fscore 

[]
Round 251 global test acc  31.6804
Round 251 Fscore 

[]
Round 252 global test acc  31.7526
Round 252 Fscore 

[]
Round 253 global test acc  31.3299
Round 253 Fscore 

[]
Round 254 global test acc  31.5567
Round 254 Fscore 

[]
Round 255 global test acc  31.4742
Round 255 Fscore 

[]
Round 256 global test acc  31.8454
Round 256 Fscore 

[]
Round 257 global test acc  32.1031
Round 257 Fscore 

[]
Round 258 global test acc  31.9485
Round 258 Fscore 

[]
Round 259 global test acc  32.1959
Round 259 Fscore 

[]
Round 260 global test acc  31.8247
Round 260 Fscore 

[]
Round 261 global test acc  31.5258
Round 261 Fscore 

[]
Round 262 global test acc  31.7216
Round 262 Fscore 

[]
Round 263 global test acc  31.6289
Round 263 Fscore 

[]
Round 264 global test acc  31.4536
Round 264 Fscore 

[]
Round 265 global test acc  31.5876
Round 265 Fscore 

[]
Round 266 global test acc  31.6289
Round 266 Fscore 

[]
Round 267 global test acc  31.2680
Round 267 Fscore 

[]
Round 268 global test acc  31.4227
Round 268 Fscore 

[]
Round 269 global test acc  31.6082
Round 269 Fscore 

[]
Round 270 global test acc  31.2680
Round 270 Fscore 

[]
Round 271 global test acc  31.3711
Round 271 Fscore 

[]
Round 272 global test acc  31.6082
Round 272 Fscore 

[]
Round 273 global test acc  31.1340
Round 273 Fscore 

[]
Round 274 global test acc  31.3711
Round 274 Fscore 

[]
Round 275 global test acc  31.4845
Round 275 Fscore 

[]
Round 276 global test acc  31.4742
Round 276 Fscore 

[]
Round 277 global test acc  31.7629
Round 277 Fscore 

[]
Round 278 global test acc  31.5258
Round 278 Fscore 

[]
Round 279 global test acc  31.7629
Round 279 Fscore 

[]
Round 280 global test acc  31.4639
Round 280 Fscore 

[]
Round 281 global test acc  31.3918
Round 281 Fscore 

[]
Round 282 global test acc  31.5773
Round 282 Fscore 

[]
Round 283 global test acc  31.2990
Round 283 Fscore 

[]
Round 284 global test acc  31.2680
Round 284 Fscore 

[]
Round 285 global test acc  31.2784
Round 285 Fscore 

[]
Round 286 global test acc  31.4330
Round 286 Fscore 

[]
Round 287 global test acc  31.5361
Round 287 Fscore 

[]
Round 288 global test acc  30.7526
Round 288 Fscore 

[]
Round 289 global test acc  31.5979
Round 289 Fscore 

[]
Round 290 global test acc  31.2577
Round 290 Fscore 

[]
Round 291 global test acc  31.7423
Round 291 Fscore 

[]
Round 292 global test acc  31.7526
Round 292 Fscore 

[]
Round 293 global test acc  31.6907
Round 293 Fscore 

[]
Round 294 global test acc  31.2165
Round 294 Fscore 

[]
Round 295 global test acc  31.5773
Round 295 Fscore 

[]
Round 296 global test acc  31.2577
Round 296 Fscore 

[]
Round 297 global test acc  31.4433
Round 297 Fscore 

[]
Round 298 global test acc  31.4433
Round 298 Fscore 

[]
Round 299 global test acc  30.6082
Round 299 Fscore 

[]
Round 300 global test acc  31.1649
Round 300 Fscore 

[]
Round 301 global test acc  30.9278
Round 301 Fscore 

[]
Round 302 global test acc  31.1546
Round 302 Fscore 

[]
Round 303 global test acc  30.9691
Round 303 Fscore 

[]
Round 304 global test acc  31.3711
Round 304 Fscore 

[]
Round 305 global test acc  30.9794
Round 305 Fscore 

[]
Round 306 global test acc  30.9485
Round 306 Fscore 

[]
Round 307 global test acc  31.5361
Round 307 Fscore 

[]
Round 308 global test acc  31.5567
Round 308 Fscore 

[]
Round 309 global test acc  31.1753
Round 309 Fscore 

[]
Round 310 global test acc  31.2474
Round 310 Fscore 

[]
Round 311 global test acc  31.1443
Round 311 Fscore 

[]
Round 312 global test acc  31.0309
Round 312 Fscore 

[]
Round 313 global test acc  31.0722
Round 313 Fscore 

[]
Round 314 global test acc  31.1031
Round 314 Fscore 

[]
Round 315 global test acc  31.2577
Round 315 Fscore 

[]
Round 316 global test acc  30.8660
Round 316 Fscore 

[]
Round 317 global test acc  30.8454
Round 317 Fscore 

[]
Round 318 global test acc  31.0722
Round 318 Fscore 

[]
Round 319 global test acc  31.0928
Round 319 Fscore 

[]
Round 320 global test acc  30.9175
Round 320 Fscore 

[]
Round 321 global test acc  31.1546
Round 321 Fscore 

[]
Round 322 global test acc  31.1134
Round 322 Fscore 

[]
Round 323 global test acc  31.2165
Round 323 Fscore 

[]
Round 324 global test acc  31.3196
Round 324 Fscore 

[]
Round 325 global test acc  31.2062
Round 325 Fscore 

[]
Round 326 global test acc  31.2990
Round 326 Fscore 

[]
Round 327 global test acc  31.9691
Round 327 Fscore 

[]
Round 328 global test acc  31.4845
Round 328 Fscore 

[]
Round 329 global test acc  31.5052
Round 329 Fscore 

[]
Round 330 global test acc  31.1237
Round 330 Fscore 

[]
Round 331 global test acc  31.5155
Round 331 Fscore 

[]
Round 332 global test acc  31.6701
Round 332 Fscore 

[]
Round 333 global test acc  31.5258
Round 333 Fscore 

[]
Round 334 global test acc  31.6907
Round 334 Fscore 

[]
Round 335 global test acc  31.3711
Round 335 Fscore 

[]
Round 336 global test acc  31.4433
Round 336 Fscore 

[]
Round 337 global test acc  31.5258
Round 337 Fscore 

[]
Round 338 global test acc  31.3711
Round 338 Fscore 

[]
Round 339 global test acc  31.2577
Round 339 Fscore 

[]
Round 340 global test acc  31.5155
Round 340 Fscore 

[]
Round 341 global test acc  31.4021
Round 341 Fscore 

[]
Round 342 global test acc  31.3608
Round 342 Fscore 

[]
Round 343 global test acc  31.3402
Round 343 Fscore 

[]
Round 344 global test acc  31.5876
Round 344 Fscore 

[]
Round 345 global test acc  31.7629
Round 345 Fscore 

[]
Round 346 global test acc  31.6598
Round 346 Fscore 

[]
Round 347 global test acc  31.5361
Round 347 Fscore 

[]
Round 348 global test acc  31.6082
Round 348 Fscore 

[]
Round 349 global test acc  31.4227
Round 349 Fscore 

[]
Round 350 global test acc  31.2887
Round 350 Fscore 

[]
Round 351 global test acc  31.4742
Round 351 Fscore 

[]
Round 352 global test acc  31.3093
Round 352 Fscore 

[]
Round 353 global test acc  31.5052
Round 353 Fscore 

[]
Round 354 global test acc  31.4021
Round 354 Fscore 

[]
Round 355 global test acc  31.5052
Round 355 Fscore 

[]
Round 356 global test acc  31.5567
Round 356 Fscore 

[]
Round 357 global test acc  31.4021
Round 357 Fscore 

[]
Round 358 global test acc  31.5670
Round 358 Fscore 

[]
Round 359 global test acc  31.5258
Round 359 Fscore 

[]
Round 360 global test acc  31.1856
Round 360 Fscore 

[]
Round 361 global test acc  31.3608
Round 361 Fscore 

[]
Round 362 global test acc  31.2680
Round 362 Fscore 

[]
Round 363 global test acc  31.2474
Round 363 Fscore 

[]
Round 364 global test acc  31.1134
Round 364 Fscore 

[]
Round 365 global test acc  31.2784
Round 365 Fscore 

[]
Round 366 global test acc  30.9485
Round 366 Fscore 

[]
Round 367 global test acc  30.9381
Round 367 Fscore 

[]
Round 368 global test acc  31.1443
Round 368 Fscore 

[]
Round 369 global test acc  31.0000
Round 369 Fscore 

[]
Round 370 global test acc  30.9485
Round 370 Fscore 

[]
Round 371 global test acc  31.1031
Round 371 Fscore 

[]
Round 372 global test acc  31.1443
Round 372 Fscore 

[]
Round 373 global test acc  30.8557
Round 373 Fscore 

[]
Round 374 global test acc  31.0928
Round 374 Fscore 

[]
Round 375 global test acc  31.3299
Round 375 Fscore 

[]
Round 376 global test acc  31.2268
Round 376 Fscore 

[]
Round 377 global test acc  31.2680
Round 377 Fscore 

[]
Round 378 global test acc  31.3196
Round 378 Fscore 

[]
Round 379 global test acc  31.2577
Round 379 Fscore 

[]
Round 380 global test acc  31.2268
Round 380 Fscore 

[]
Round 381 global test acc  30.7423
Round 381 Fscore 

[]
Round 382 global test acc  30.5155
Round 382 Fscore 

[]
Round 383 global test acc  31.2990
Round 383 Fscore 

[]
Round 384 global test acc  31.0928
Round 384 Fscore 

[]
Round 385 global test acc  31.0928
Round 385 Fscore 

[]
Round 386 global test acc  30.6701
Round 386 Fscore 

[]
Round 387 global test acc  31.0722
Round 387 Fscore 

[]
Round 388 global test acc  31.0103
Round 388 Fscore 

[]
Round 389 global test acc  31.4433
Round 389 Fscore 

[]
Round 390 global test acc  31.0000
Round 390 Fscore 

[]
Round 391 global test acc  30.9794
Round 391 Fscore 

[]
Round 392 global test acc  31.1959
Round 392 Fscore 

[]
Round 393 global test acc  31.5464
Round 393 Fscore 

[]
Round 394 global test acc  31.0515
Round 394 Fscore 

[]
Round 395 global test acc  31.0206
Round 395 Fscore 

[]
Round 396 global test acc  30.9588
Round 396 Fscore 

[]
Round 397 global test acc  30.7938
Round 397 Fscore 

[]
Round 398 global test acc  30.9381
Round 398 Fscore 

[]
Round 399 global test acc  30.9691
Round 399 Fscore 

[]
Round 400 global test acc  31.3608
Round 400 Fscore 

[]
Round 401 global test acc  31.0103
Round 401 Fscore 

[]
Round 402 global test acc  31.2680
Round 402 Fscore 

[]
Round 403 global test acc  31.4639
Round 403 Fscore 

[]
Round 404 global test acc  31.3299
Round 404 Fscore 

[]
Round 405 global test acc  31.4742
Round 405 Fscore 

[]
Round 406 global test acc  31.5876
Round 406 Fscore 

[]
Round 407 global test acc  31.6701
Round 407 Fscore 

[]
Round 408 global test acc  31.5567
Round 408 Fscore 

[]
Round 409 global test acc  31.4742
Round 409 Fscore 

[]
Round 410 global test acc  31.7113
Round 410 Fscore 

[]
Round 411 global test acc  31.2784
Round 411 Fscore 

[]
Round 412 global test acc  31.5361
Round 412 Fscore 

[]
Round 413 global test acc  31.5567
Round 413 Fscore 

[]
Round 414 global test acc  31.6907
Round 414 Fscore 

[]
Round 415 global test acc  31.6289
Round 415 Fscore 

[]
Round 416 global test acc  31.5052
Round 416 Fscore 

[]
Round 417 global test acc  31.5979
Round 417 Fscore 

[]
Round 418 global test acc  31.4227
Round 418 Fscore 

[]
Round 419 global test acc  30.6598
Round 419 Fscore 

[]
Round 420 global test acc  31.4227
Round 420 Fscore 

[]
Round 421 global test acc  31.3505
Round 421 Fscore 

[]
Round 422 global test acc  31.2577
Round 422 Fscore 

[]
Round 423 global test acc  31.1959
Round 423 Fscore 

[]
Round 424 global test acc  31.3093
Round 424 Fscore 

[]
Round 425 global test acc  31.3608
Round 425 Fscore 

[]
Round 426 global test acc  31.4948
Round 426 Fscore 

[]
Round 427 global test acc  31.5361
Round 427 Fscore 

[]
Round 428 global test acc  30.9485
Round 428 Fscore 

[]
Round 429 global test acc  31.4227
Round 429 Fscore 

[]
Round 430 global test acc  31.3711
Round 430 Fscore 

[]
Round 431 global test acc  31.4124
Round 431 Fscore 

[]
Round 432 global test acc  31.3608
Round 432 Fscore 

[]
Round 433 global test acc  31.5773
Round 433 Fscore 

[]
Round 434 global test acc  31.8763
Round 434 Fscore 

[]
Round 435 global test acc  31.5670
Round 435 Fscore 

[]
Round 436 global test acc  31.7938
Round 436 Fscore 

[]
Round 437 global test acc  31.7732
Round 437 Fscore 

[]
Round 438 global test acc  31.5464
Round 438 Fscore 

[]
Round 439 global test acc  31.8351
Round 439 Fscore 

[]
Round 440 global test acc  31.3608
Round 440 Fscore 

[]
Round 441 global test acc  31.1649
Round 441 Fscore 

[]
Round 442 global test acc  31.5464
Round 442 Fscore 

[]
Round 443 global test acc  31.7938
Round 443 Fscore 

[]
Round 444 global test acc  31.5670
Round 444 Fscore 

[]
Round 445 global test acc  31.5773
Round 445 Fscore 

[]
Round 446 global test acc  31.6495
Round 446 Fscore 

[]
Round 447 global test acc  31.4330
Round 447 Fscore 

[]
Round 448 global test acc  31.7423
Round 448 Fscore 

[]
Round 449 global test acc  31.8454
Round 449 Fscore 

[1.0, 0.9999999403953552, 0.9999999403953552, 1.0, 1.0, 1.0, 1.0, 1.0, 0.9999999403953552, 0.9999999403953552, 1.0, 1.0, 1.0, 1.0, 1.0, 0.9999999403953552, 1.0, 1.0, 1.0, 1.0, 1.0, 1.0, 1.0, 0.9999999403953552, 0.9999999403953552, 1.0, 1.0, 1.0, 0.9999999403953552, 0.9999999403953552, 0.9999999403953552, 1.0, 0.9999999403953552, 1.0, 1.0, 1.0, 0.9999999403953552, 1.0, 1.0, 0.9999999403953552, 0.9999999403953552, 1.0, 1.0, 1.0, 1.0, 1.0, 1.0, 0.9999999403953552, 1.0, 1.0]
time : 22059.887385606766

