('algorithm', 'GlobalCORES')
('gpu', 1)
('seed', 13)
('save_dir', './record/')
('rounds2', 450)
('local_ep', 5)
('frac2', 0.1)
('num_users', 100)
('local_bs', 32)
('lr', 0.01)
('model', 'resnet18')
('num_classes', 10)
('level_n_system', 0.0)
('level_n_lowerb', 0.0)
('alpha_dirichlet', 10)
('non_iid_prob_class', 0.7)
('dataset', 'cifar10')
('iid', True)
('LID_k', 20)
('iteration1', 5)
('rounds1', 200)
('frac1', 0.01)
('pretrained', False)
('mixup', False)
('alpha', 1)
('beta', 5)
('relabel_ratio', 0.5)
('confidence_thres', 0.5)
('clean_set_thres', 0.1)
('fine_tuning', True)
('correction', True)
('T_pl', 100)
('lambda_cen', 1.0)
('lambda_e', 0.8)
('num_gradual', 10)
('forget_rate', 0.2)
('lr_decay', 0.1)
('schedule', [])
('momentum', 0.5)
('weight_decay', 0.0001)
('feature_dim', 128)
('plr', 0.01)
('lamda', 15)
('K', 5)
('gamma', 1)
('begin_sel', 10)
('max_beta', 2)
('mu', 0.01)
('device', device(type='cuda', index=1))
Files already downloaded and verified
Files already downloaded and verified
Round 0 global test acc  19.8400
Round 1 global test acc  32.0000
Round 2 global test acc  39.0100
Round 3 global test acc  41.6400
Round 4 global test acc  43.0300
Round 5 global test acc  46.1300
Round 6 global test acc  47.1500
Round 7 global test acc  49.9000
Round 8 global test acc  51.2600
Round 9 global test acc  53.4200
Round 10 global test acc  56.0500
Round 11 global test acc  55.4900
Round 12 global test acc  57.4300
Round 13 global test acc  58.4700
Round 14 global test acc  59.8700
Round 15 global test acc  60.5600
Round 16 global test acc  62.1300
Round 17 global test acc  63.3400
Round 18 global test acc  63.2000
Round 19 global test acc  64.1000
Round 20 global test acc  64.7900
Round 21 global test acc  65.0200
Round 22 global test acc  64.5700
Round 23 global test acc  66.8200
Round 24 global test acc  65.6500
Round 25 global test acc  67.1000
Round 26 global test acc  67.0100
Round 27 global test acc  67.0200
Round 28 global test acc  68.2600
Round 29 global test acc  69.3000
Round 30 global test acc  69.2200
Round 31 global test acc  69.0800
Round 32 global test acc  69.3000
Round 33 global test acc  69.7500
Round 34 global test acc  70.6400
Round 35 global test acc  71.0800
Round 36 global test acc  71.8200
Round 37 global test acc  71.6700
Round 38 global test acc  72.7200
Round 39 global test acc  73.3200
Round 40 global test acc  73.1300
Round 41 global test acc  72.6000
Round 42 global test acc  74.3600
Round 43 global test acc  74.2700
Round 44 global test acc  74.2600
Round 45 global test acc  75.5300
Round 46 global test acc  74.6800
Round 47 global test acc  74.6800
Round 48 global test acc  75.3200
Round 49 global test acc  76.9800
Round 50 global test acc  77.0400
Round 51 global test acc  76.9000
Round 52 global test acc  76.8600
Round 53 global test acc  77.5600
Round 54 global test acc  76.7900
Round 55 global test acc  77.6600
Round 56 global test acc  78.4800
Round 57 global test acc  78.0100
Round 58 global test acc  79.5800
Round 59 global test acc  78.8000
Round 60 global test acc  78.7300
Round 61 global test acc  79.2900
Round 62 global test acc  80.0500
Round 63 global test acc  80.5100
Round 64 global test acc  79.8400
Round 65 global test acc  79.8500
Round 66 global test acc  80.8200
Round 67 global test acc  80.9500
Round 68 global test acc  80.9200
Round 69 global test acc  81.2800
Round 70 global test acc  81.0500
Round 71 global test acc  81.0000
Round 72 global test acc  80.9400
Round 73 global test acc  81.6700
Round 74 global test acc  81.1800
Round 75 global test acc  81.5000
Round 76 global test acc  81.3600
Round 77 global test acc  82.1100
Round 78 global test acc  82.4000
Round 79 global test acc  82.2400
Round 80 global test acc  82.4400
Round 81 global test acc  82.2400
Round 82 global test acc  82.7300
Round 83 global test acc  83.2700
Round 84 global test acc  83.0800
Round 85 global test acc  83.3000
Round 86 global test acc  83.4000
Round 87 global test acc  83.1400
Round 88 global test acc  83.4000
Round 89 global test acc  83.2600
Round 90 global test acc  83.5200
Round 91 global test acc  84.1800
Round 92 global test acc  84.0200
Round 93 global test acc  84.1200
Round 94 global test acc  84.1500
Round 95 global test acc  84.0500
Round 96 global test acc  83.5000
Round 97 global test acc  84.3400
Round 98 global test acc  84.0000
Round 99 global test acc  84.2600
Round 100 global test acc  84.5100
Round 101 global test acc  84.8800
Round 102 global test acc  84.7200
Round 103 global test acc  84.8400
Round 104 global test acc  84.4100
Round 105 global test acc  84.3500
Round 106 global test acc  85.0400
Round 107 global test acc  84.7600
Round 108 global test acc  85.3300
Round 109 global test acc  85.5100
Round 110 global test acc  85.3300
Round 111 global test acc  84.9300
Round 112 global test acc  85.6600
Round 113 global test acc  85.5800
Round 114 global test acc  85.2800
Round 115 global test acc  85.6000
Round 116 global test acc  85.8700
Round 117 global test acc  85.5100
Round 118 global test acc  85.9900
Round 119 global test acc  85.9400
Round 120 global test acc  85.9700
Round 121 global test acc  85.7800
Round 122 global test acc  85.7900
Round 123 global test acc  86.3700
Round 124 global test acc  85.8200
Round 125 global test acc  86.2800
Round 126 global test acc  85.6300
Round 127 global test acc  85.8700
Round 128 global test acc  86.2500
Round 129 global test acc  86.2800
Round 130 global test acc  86.4700
Round 131 global test acc  86.3200
Round 132 global test acc  86.9100
Round 133 global test acc  86.4700
Round 134 global test acc  86.7600
Round 135 global test acc  86.7000
Round 136 global test acc  87.1200
Round 137 global test acc  87.0500
Round 138 global test acc  86.9600
Round 139 global test acc  87.2500
Round 140 global test acc  86.9300
Round 141 global test acc  87.1700
Round 142 global test acc  86.9300
Round 143 global test acc  87.0700
Round 144 global test acc  86.9700
Round 145 global test acc  87.3400
Round 146 global test acc  87.5600
Round 147 global test acc  87.1400
Round 148 global test acc  87.6100
Round 149 global test acc  87.0400
Round 150 global test acc  87.3200
Round 151 global test acc  87.5000
Round 152 global test acc  87.2700
Round 153 global test acc  87.6300
Round 154 global test acc  87.5300
Round 155 global test acc  87.0900
Round 156 global test acc  87.3300
Round 157 global test acc  87.5700
Round 158 global test acc  87.3100
Round 159 global test acc  87.4900
Round 160 global test acc  87.6400
Round 161 global test acc  87.6200
Round 162 global test acc  87.8800
Round 163 global test acc  87.7300
Round 164 global test acc  88.1500
Round 165 global test acc  87.8800
Round 166 global test acc  87.6900
Round 167 global test acc  87.8300
Round 168 global test acc  87.8900
Round 169 global test acc  87.5200
Round 170 global test acc  87.5800
Round 171 global test acc  87.9300
Round 172 global test acc  87.7800
Round 173 global test acc  87.8000
Round 174 global test acc  87.6800
Round 175 global test acc  87.8700
Round 176 global test acc  87.9700
Round 177 global test acc  88.0900
Round 178 global test acc  87.9300
Round 179 global test acc  88.0300
Round 180 global test acc  87.9600
Round 181 global test acc  88.2200
Round 182 global test acc  88.2400
Round 183 global test acc  87.8700
Round 184 global test acc  88.2800
Round 185 global test acc  88.0600
Round 186 global test acc  88.1100
Round 187 global test acc  88.1800
Round 188 global test acc  88.2100
Round 189 global test acc  88.5300
Round 190 global test acc  88.5300
Round 191 global test acc  87.8500
Round 192 global test acc  88.0400
Round 193 global test acc  88.5000
Round 194 global test acc  88.7100
Round 195 global test acc  88.5300
Round 196 global test acc  88.7300
Round 197 global test acc  88.5700
Round 198 global test acc  88.6400
Round 199 global test acc  88.5400
Round 200 global test acc  88.6200
Round 201 global test acc  88.8200
Round 202 global test acc  88.5800
Round 203 global test acc  88.6000
Round 204 global test acc  88.8900
Round 205 global test acc  88.8000
Round 206 global test acc  88.9100
Round 207 global test acc  88.8600
Round 208 global test acc  88.6900
Round 209 global test acc  88.6200
Round 210 global test acc  88.8400
Round 211 global test acc  88.9100
Round 212 global test acc  89.0200
Round 213 global test acc  88.8100
Round 214 global test acc  88.9200
Round 215 global test acc  88.7400
Round 216 global test acc  88.8800
Round 217 global test acc  88.3800
Round 218 global test acc  88.9600
Round 219 global test acc  89.0200
Round 220 global test acc  88.5200
Round 221 global test acc  89.3200
Round 222 global test acc  89.1100
Round 223 global test acc  89.1400
Round 224 global test acc  89.3400
Round 225 global test acc  89.1700
Round 226 global test acc  89.0400
Round 227 global test acc  89.1100
Round 228 global test acc  89.2400
Round 229 global test acc  89.2300
Round 230 global test acc  88.9400
Round 231 global test acc  89.2800
Round 232 global test acc  89.3500
Round 233 global test acc  89.4400
Round 234 global test acc  89.3400
Round 235 global test acc  89.5600
Round 236 global test acc  89.6100
Round 237 global test acc  89.6900
Round 238 global test acc  89.2800
Round 239 global test acc  89.2500
Round 240 global test acc  89.2200
Round 241 global test acc  89.5500
Round 242 global test acc  89.9200
Round 243 global test acc  89.4400
Round 244 global test acc  89.7000
Round 245 global test acc  89.6100
Round 246 global test acc  89.7800
Round 247 global test acc  89.7400
Round 248 global test acc  89.5300
Round 249 global test acc  89.7300
Round 250 global test acc  89.6900
Round 251 global test acc  89.5800
Round 252 global test acc  89.4900
Round 253 global test acc  89.5100
Round 254 global test acc  89.5800
Round 255 global test acc  89.6800
Round 256 global test acc  89.5700
Round 257 global test acc  89.5500
Round 258 global test acc  89.9300
Round 259 global test acc  89.7900
Round 260 global test acc  90.0100
Round 261 global test acc  90.0300
Round 262 global test acc  89.7900
Round 263 global test acc  89.8600
Round 264 global test acc  89.6500
Round 265 global test acc  89.4400
Round 266 global test acc  89.6000
Round 267 global test acc  89.6000
Round 268 global test acc  89.6100
Round 269 global test acc  89.7200
Round 270 global test acc  89.7700
Round 271 global test acc  89.7700
Round 272 global test acc  89.8100
Round 273 global test acc  89.7300
Round 274 global test acc  89.6300
Round 275 global test acc  89.8400
Round 276 global test acc  89.5600
Round 277 global test acc  89.7400
Round 278 global test acc  89.9100
Round 279 global test acc  90.0100
Round 280 global test acc  89.8300
Round 281 global test acc  90.1000
Round 282 global test acc  89.8000
Round 283 global test acc  89.6600
Round 284 global test acc  89.5800
Round 285 global test acc  89.3100
Round 286 global test acc  89.6400
Round 287 global test acc  89.8100
Round 288 global test acc  89.7300
Round 289 global test acc  90.0200
Round 290 global test acc  89.9700
Round 291 global test acc  89.9600
Round 292 global test acc  89.7600
Round 293 global test acc  90.2700
Round 294 global test acc  90.0800
Round 295 global test acc  89.9300
Round 296 global test acc  89.9200
Round 297 global test acc  90.3000
Round 298 global test acc  90.2900
Round 299 global test acc  90.4000
Round 300 global test acc  90.3100
Round 301 global test acc  90.1500
Round 302 global test acc  90.0000
Round 303 global test acc  90.2800
Round 304 global test acc  90.2100
Round 305 global test acc  90.3500
Round 306 global test acc  90.1000
Round 307 global test acc  90.3100
Round 308 global test acc  90.2500
Round 309 global test acc  90.2200
Round 310 global test acc  90.2000
Round 311 global test acc  90.1400
Round 312 global test acc  90.2000
Round 313 global test acc  90.1300
Round 314 global test acc  90.4500
Round 315 global test acc  90.2700
Round 316 global test acc  90.1800
Round 317 global test acc  90.0300
Round 318 global test acc  90.1000
Round 319 global test acc  90.0300
Round 320 global test acc  90.2800
Round 321 global test acc  90.2600
Round 322 global test acc  90.4900
Round 323 global test acc  90.3900
Round 324 global test acc  90.2100
Round 325 global test acc  90.1900
Round 326 global test acc  90.5600
Round 327 global test acc  90.5900
Round 328 global test acc  90.2400
Round 329 global test acc  90.6300
Round 330 global test acc  90.5700
Round 331 global test acc  90.7500
Round 332 global test acc  90.3400
Round 333 global test acc  90.6200
Round 334 global test acc  90.7800
Round 335 global test acc  90.7100
Round 336 global test acc  90.5000
Round 337 global test acc  90.5700
Round 338 global test acc  90.6300
Round 339 global test acc  90.4300
Round 340 global test acc  90.5400
Round 341 global test acc  90.5600
Round 342 global test acc  90.5900
Round 343 global test acc  90.6400
Round 344 global test acc  90.6600
Round 345 global test acc  90.7300
Round 346 global test acc  90.8400
Round 347 global test acc  90.5700
Round 348 global test acc  90.8600
Round 349 global test acc  90.8700
Round 350 global test acc  90.7900
Round 351 global test acc  90.7200
Round 352 global test acc  90.9000
Round 353 global test acc  90.7800
Round 354 global test acc  90.5600
Round 355 global test acc  90.6400
Round 356 global test acc  90.5200
Round 357 global test acc  90.7600
Round 358 global test acc  90.8700
Round 359 global test acc  90.5900
Round 360 global test acc  90.8000
Round 361 global test acc  90.8900
Round 362 global test acc  91.0000
Round 363 global test acc  90.8600
Round 364 global test acc  90.7200
Round 365 global test acc  90.6800
Round 366 global test acc  90.9900
Round 367 global test acc  90.9500
Round 368 global test acc  90.7800
Round 369 global test acc  90.8000
Round 370 global test acc  90.6300
Round 371 global test acc  91.0100
Round 372 global test acc  91.0300
Round 373 global test acc  90.8700
Round 374 global test acc  91.1600
Round 375 global test acc  90.8200
Round 376 global test acc  90.9600
Round 377 global test acc  91.1700
Round 378 global test acc  90.9700
Round 379 global test acc  90.7100
Round 380 global test acc  90.9900
Round 381 global test acc  91.0400
Round 382 global test acc  90.9000
Round 383 global test acc  91.1600
Round 384 global test acc  91.2800
Round 385 global test acc  90.8400
Round 386 global test acc  90.7900
Round 387 global test acc  90.8300
Round 388 global test acc  90.8800
Round 389 global test acc  90.8200
Round 390 global test acc  90.9900
Round 391 global test acc  90.8700
Round 392 global test acc  91.0800
Round 393 global test acc  91.1100
Round 394 global test acc  91.1800
Round 395 global test acc  91.1600
Round 396 global test acc  91.3000
Round 397 global test acc  91.3500
Round 398 global test acc  91.3900
Round 399 global test acc  91.1300
Round 400 global test acc  91.0200
Round 401 global test acc  90.9900
Round 402 global test acc  91.1300
Round 403 global test acc  91.2900
Round 404 global test acc  91.3700
Round 405 global test acc  91.2000
Round 406 global test acc  91.1800
Round 407 global test acc  91.2100
Round 408 global test acc  91.2700
Round 409 global test acc  91.3300
Round 410 global test acc  91.3400
Round 411 global test acc  91.0700
Round 412 global test acc  90.8900
Round 413 global test acc  91.1200
Round 414 global test acc  91.4000
Round 415 global test acc  91.1200
Round 416 global test acc  91.0900
Round 417 global test acc  91.2700
Round 418 global test acc  91.2800
Round 419 global test acc  91.3400
Round 420 global test acc  91.2200
Round 421 global test acc  91.1700
Round 422 global test acc  91.3700
Round 423 global test acc  91.3000
Round 424 global test acc  91.3500
Round 425 global test acc  91.3000
Round 426 global test acc  91.0900
Round 427 global test acc  91.4100
Round 428 global test acc  91.3500
Round 429 global test acc  91.3700
Round 430 global test acc  91.0800
Round 431 global test acc  91.3000
Round 432 global test acc  91.4800
Round 433 global test acc  91.3500
Round 434 global test acc  91.3300
Round 435 global test acc  91.3300
Round 436 global test acc  91.2900
Round 437 global test acc  91.3600
Round 438 global test acc  91.4100
Round 439 global test acc  91.3600
Round 440 global test acc  91.1400
Round 441 global test acc  91.5200
Round 442 global test acc  91.3800
Round 443 global test acc  91.4800
Round 444 global test acc  91.1700
Round 445 global test acc  91.3300
Round 446 global test acc  91.2800
Round 447 global test acc  91.3700
Round 448 global test acc  91.4200
Round 449 global test acc  91.3400
time : 26456.125393629074
('algorithm', 'GlobalCORES')
('gpu', 1)
('seed', 13)
('save_dir', './record/')
('rounds2', 450)
('local_ep', 5)
('frac2', 0.1)
('num_users', 100)
('local_bs', 32)
('lr', 0.01)
('model', 'resnet18')
('num_classes', 10)
('level_n_system', 0.0)
('level_n_lowerb', 0.0)
('alpha_dirichlet', 10)
('non_iid_prob_class', 0.7)
('dataset', 'cifar10')
('iid', True)
('LID_k', 20)
('iteration1', 5)
('rounds1', 200)
('frac1', 0.01)
('pretrained', False)
('mixup', False)
('alpha', 1)
('beta', 5)
('relabel_ratio', 0.5)
('confidence_thres', 0.5)
('clean_set_thres', 0.1)
('fine_tuning', True)
('correction', True)
('T_pl', 100)
('lambda_cen', 1.0)
('lambda_e', 0.8)
('num_gradual', 10)
('forget_rate', 0.2)
('lr_decay', 0.1)
('schedule', [])
('momentum', 0.5)
('weight_decay', 0.0001)
('feature_dim', 128)
('plr', 0.01)
('lamda', 15)
('K', 5)
('gamma', 1)
('begin_sel', 10)
('max_beta', 2)
('mu', 0.01)
('device', device(type='cuda', index=1))
Files already downloaded and verified
Files already downloaded and verified
Round 0 global test acc  22.6200
Round 1 global test acc  33.9100
Round 2 global test acc  39.6800
Round 3 global test acc  42.6600
Round 4 global test acc  43.4200
Round 5 global test acc  46.3400
Round 6 global test acc  47.7000
Round 7 global test acc  50.3900
Round 8 global test acc  50.0800
Round 9 global test acc  53.2400
Round 10 global test acc  56.0600
Round 11 global test acc  55.3200
Round 12 global test acc  57.3000
Round 13 global test acc  57.7600
Round 14 global test acc  59.0900
Round 15 global test acc  60.0400
Round 16 global test acc  62.4500
Round 17 global test acc  62.8500
Round 18 global test acc  63.3600
Round 19 global test acc  64.4300
Round 20 global test acc  65.1900
Round 21 global test acc  66.2700
Round 22 global test acc  65.0600
Round 23 global test acc  66.4400
Round 24 global test acc  65.7600
Round 25 global test acc  67.6100
Round 26 global test acc  67.9800
Round 27 global test acc  67.5500
Round 28 global test acc  68.6600
Round 29 global test acc  69.6300
Round 30 global test acc  69.8800
Round 31 global test acc  71.1500
Round 32 global test acc  69.4800
Round 33 global test acc  71.3100
Round 34 global test acc  71.2400
Round 35 global test acc  71.3000
Round 36 global test acc  72.0300
Round 37 global test acc  72.8800
Round 38 global test acc  73.2200
Round 39 global test acc  74.4400
Round 40 global test acc  74.4400
Round 41 global test acc  74.6500
Round 42 global test acc  75.4700
Round 43 global test acc  76.2900
Round 44 global test acc  76.1000
Round 45 global test acc  76.4400
Round 46 global test acc  75.9400
Round 47 global test acc  76.7900
Round 48 global test acc  76.5800
Round 49 global test acc  77.5400
Round 50 global test acc  77.7400
Round 51 global test acc  78.0300
Round 52 global test acc  77.8400
Round 53 global test acc  78.2900
Round 54 global test acc  78.4800
Round 55 global test acc  78.7500
Round 56 global test acc  79.3400
Round 57 global test acc  79.1500
Round 58 global test acc  79.5800
Round 59 global test acc  79.4900
Round 60 global test acc  80.2500
Round 61 global test acc  79.8600
Round 62 global test acc  79.7800
Round 63 global test acc  80.9100
Round 64 global test acc  80.0800
Round 65 global test acc  80.9800
Round 66 global test acc  80.8100
Round 67 global test acc  81.0800
Round 68 global test acc  81.2400
Round 69 global test acc  80.9400
Round 70 global test acc  80.9700
Round 71 global test acc  81.6600
Round 72 global test acc  82.2400
Round 73 global test acc  82.0500
Round 74 global test acc  82.1000
Round 75 global test acc  82.2900
Round 76 global test acc  82.6000
Round 77 global test acc  82.5600
Round 78 global test acc  82.7300
Round 79 global test acc  82.8400
Round 80 global test acc  82.8300
Round 81 global test acc  82.5200
Round 82 global test acc  82.8200
Round 83 global test acc  83.2000
Round 84 global test acc  83.2500
Round 85 global test acc  83.1900
Round 86 global test acc  83.9000
Round 87 global test acc  83.7000
Round 88 global test acc  83.5600
Round 89 global test acc  83.5300
Round 90 global test acc  83.9300
Round 91 global test acc  84.0000
Round 92 global test acc  84.1200
Round 93 global test acc  84.4800
Round 94 global test acc  84.2000
Round 95 global test acc  84.2700
Round 96 global test acc  83.9200
Round 97 global test acc  84.4000
Round 98 global test acc  84.6400
Round 99 global test acc  84.4700
Round 100 global test acc  84.8100
Round 101 global test acc  84.7500
Round 102 global test acc  84.9800
Round 103 global test acc  85.1200
Round 104 global test acc  84.7800
Round 105 global test acc  84.9900
Round 106 global test acc  84.7500
Round 107 global test acc  84.8500
Round 108 global test acc  85.3700
Round 109 global test acc  85.4800
Round 110 global test acc  85.0300
Round 111 global test acc  85.4700
Round 112 global test acc  85.4900
Round 113 global test acc  86.1700
Round 114 global test acc  85.6700
Round 115 global test acc  85.4300
Round 116 global test acc  86.1200
Round 117 global test acc  85.7900
Round 118 global test acc  85.7400
Round 119 global test acc  86.1500
Round 120 global test acc  85.7300
Round 121 global test acc  86.1700
Round 122 global test acc  85.9100
Round 123 global test acc  86.2100
Round 124 global test acc  86.0800
Round 125 global test acc  86.1100
Round 126 global test acc  86.1100
Round 127 global test acc  86.2000
Round 128 global test acc  86.1500
Round 129 global test acc  86.1300
Round 130 global test acc  86.1500
Round 131 global test acc  86.7000
Round 132 global test acc  86.7600
Round 133 global test acc  86.6500
Round 134 global test acc  86.9700
Round 135 global test acc  86.9100
Round 136 global test acc  87.0000
Round 137 global test acc  86.6100
Round 138 global test acc  86.4800
Round 139 global test acc  87.1400
Round 140 global test acc  87.0100
Round 141 global test acc  87.1400
Round 142 global test acc  87.0700
Round 143 global test acc  87.3300
Round 144 global test acc  87.2000
Round 145 global test acc  87.1500
Round 146 global test acc  87.1500
Round 147 global test acc  87.5600
Round 148 global test acc  87.2600
Round 149 global test acc  87.5900
Round 150 global test acc  87.5800
Round 151 global test acc  87.1500
Round 152 global test acc  87.2800
Round 153 global test acc  87.3500
Round 154 global test acc  87.4500
Round 155 global test acc  87.3900
Round 156 global test acc  87.3400
Round 157 global test acc  87.6100
Round 158 global test acc  87.6200
Round 159 global test acc  87.1700
Round 160 global test acc  87.6900
Round 161 global test acc  87.5400
Round 162 global test acc  87.5500
Round 163 global test acc  87.8700
Round 164 global test acc  87.8700
Round 165 global test acc  87.9400
Round 166 global test acc  87.6300
Round 167 global test acc  87.6300
Round 168 global test acc  87.4100
Round 169 global test acc  87.7300
Round 170 global test acc  87.7500
Round 171 global test acc  87.8900
Round 172 global test acc  88.0300
Round 173 global test acc  87.6000
Round 174 global test acc  87.5700
Round 175 global test acc  87.9200
Round 176 global test acc  88.0900
Round 177 global test acc  87.9600
Round 178 global test acc  88.3800
Round 179 global test acc  88.1500
Round 180 global test acc  88.2600
Round 181 global test acc  88.3900
Round 182 global test acc  88.2200
Round 183 global test acc  87.9600
Round 184 global test acc  87.8200
Round 185 global test acc  88.4400
Round 186 global test acc  88.3900
Round 187 global test acc  88.3900
Round 188 global test acc  88.3000
Round 189 global test acc  88.4200
Round 190 global test acc  88.3500
Round 191 global test acc  88.0700
Round 192 global test acc  88.2500
Round 193 global test acc  88.4600
Round 194 global test acc  88.6600
Round 195 global test acc  88.6700
Round 196 global test acc  88.7700
Round 197 global test acc  88.5200
Round 198 global test acc  88.5300
Round 199 global test acc  88.6700
Round 200 global test acc  88.4800
Round 201 global test acc  88.8000
Round 202 global test acc  88.2200
Round 203 global test acc  88.6900
Round 204 global test acc  88.8600
Round 205 global test acc  88.9100
Round 206 global test acc  88.9300
Round 207 global test acc  88.6900
Round 208 global test acc  88.7800
Round 209 global test acc  88.8400
Round 210 global test acc  88.5600
Round 211 global test acc  88.7200
Round 212 global test acc  88.7800
Round 213 global test acc  88.7900
Round 214 global test acc  88.7900
Round 215 global test acc  88.9400
Round 216 global test acc  89.0000
Round 217 global test acc  88.7700
Round 218 global test acc  88.7900
Round 219 global test acc  88.8300
Round 220 global test acc  88.9600
Round 221 global test acc  88.8800
Round 222 global test acc  89.1900
Round 223 global test acc  89.1900
Round 224 global test acc  89.0600
Round 225 global test acc  89.2100
Round 226 global test acc  88.8600
Round 227 global test acc  89.2400
Round 228 global test acc  89.0200
Round 229 global test acc  89.3500
Round 230 global test acc  89.3900
Round 231 global test acc  89.4100
Round 232 global test acc  89.1700
Round 233 global test acc  88.9400
Round 234 global test acc  89.7000
Round 235 global test acc  89.3100
Round 236 global test acc  89.1800
Round 237 global test acc  89.3600
Round 238 global test acc  89.5500
Round 239 global test acc  89.3000
Round 240 global test acc  89.3700
Round 241 global test acc  89.5600
Round 242 global test acc  89.2400
Round 243 global test acc  89.5400
Round 244 global test acc  89.6000
Round 245 global test acc  89.6300
Round 246 global test acc  89.8600
Round 247 global test acc  89.4400
Round 248 global test acc  89.4300
Round 249 global test acc  89.5200
Round 250 global test acc  89.3400
Round 251 global test acc  89.2100
Round 252 global test acc  89.7100
Round 253 global test acc  89.9500
Round 254 global test acc  89.5700
Round 255 global test acc  89.4300
Round 256 global test acc  89.4800
Round 257 global test acc  89.6100
Round 258 global test acc  89.7500
Round 259 global test acc  89.7000
Round 260 global test acc  89.7900
Round 261 global test acc  89.7500
Round 262 global test acc  89.7900
Round 263 global test acc  89.8100
Round 264 global test acc  89.8000
Round 265 global test acc  89.6600
Round 266 global test acc  89.7500
Round 267 global test acc  90.1100
Round 268 global test acc  90.0000
Round 269 global test acc  89.8900
Round 270 global test acc  90.0300
Round 271 global test acc  89.9300
Round 272 global test acc  89.8600
Round 273 global test acc  89.7000
Round 274 global test acc  89.6900
Round 275 global test acc  90.0900
Round 276 global test acc  90.1000
Round 277 global test acc  89.7400
Round 278 global test acc  90.1400
Round 279 global test acc  89.8300
Round 280 global test acc  89.8900
Round 281 global test acc  89.9100
Round 282 global test acc  89.8100
Round 283 global test acc  90.1700
Round 284 global test acc  89.8100
Round 285 global test acc  89.7300
Round 286 global test acc  90.0500
Round 287 global test acc  90.1400
Round 288 global test acc  90.0900
Round 289 global test acc  89.9300
Round 290 global test acc  89.9300
Round 291 global test acc  89.9500
Round 292 global test acc  90.1600
Round 293 global test acc  90.1400
Round 294 global test acc  90.1600
Round 295 global test acc  90.3200
Round 296 global test acc  89.9200
Round 297 global test acc  90.0800
Round 298 global test acc  90.1300
Round 299 global test acc  89.9900
Round 300 global test acc  90.1700
Round 301 global test acc  90.1200
Round 302 global test acc  90.0800
Round 303 global test acc  90.3800
Round 304 global test acc  90.3000
Round 305 global test acc  90.1300
Round 306 global test acc  90.1100
Round 307 global test acc  90.3100
Round 308 global test acc  90.2700
Round 309 global test acc  90.2700
Round 310 global test acc  90.1500
Round 311 global test acc  90.3900
Round 312 global test acc  90.3200
Round 313 global test acc  90.4100
Round 314 global test acc  90.3200
Round 315 global test acc  90.7000
Round 316 global test acc  90.5400
Round 317 global test acc  90.5700
Round 318 global test acc  90.1900
Round 319 global test acc  90.3500
Round 320 global test acc  90.5300
Round 321 global test acc  90.5400
Round 322 global test acc  90.2300
Round 323 global test acc  90.3800
Round 324 global test acc  90.5600
Round 325 global test acc  90.5900
Round 326 global test acc  90.4200
Round 327 global test acc  90.3300
Round 328 global test acc  90.5800
Round 329 global test acc  90.4900
Round 330 global test acc  90.4500
Round 331 global test acc  90.3100
Round 332 global test acc  90.4100
Round 333 global test acc  90.2600
Round 334 global test acc  90.6300
Round 335 global test acc  90.4600
Round 336 global test acc  90.2900
Round 337 global test acc  90.5300
Round 338 global test acc  90.5300
Round 339 global test acc  90.6500
Round 340 global test acc  90.3900
Round 341 global test acc  90.3400
Round 342 global test acc  90.3900
Round 343 global test acc  90.7800
Round 344 global test acc  90.5600
Round 345 global test acc  90.4300
Round 346 global test acc  90.4600
Round 347 global test acc  90.6000
Round 348 global test acc  90.4100
Round 349 global test acc  90.4800
Round 350 global test acc  90.8200
Round 351 global test acc  90.6000
Round 352 global test acc  90.5000
Round 353 global test acc  90.6900
Round 354 global test acc  90.4500
Round 355 global test acc  90.7300
Round 356 global test acc  90.8400
Round 357 global test acc  90.7600
Round 358 global test acc  90.7100
Round 359 global test acc  90.7200
Round 360 global test acc  90.6100
Round 361 global test acc  90.8600
Round 362 global test acc  90.7400
Round 363 global test acc  90.8700
Round 364 global test acc  90.9200
Round 365 global test acc  90.8400
Round 366 global test acc  90.6900
Round 367 global test acc  90.7400
Round 368 global test acc  90.8500
Round 369 global test acc  90.7400
Round 370 global test acc  90.8900
Round 371 global test acc  90.9000
Round 372 global test acc  90.8000
Round 373 global test acc  90.5700
Round 374 global test acc  90.7100
Round 375 global test acc  90.8000
Round 376 global test acc  90.6900
Round 377 global test acc  90.9100
Round 378 global test acc  90.8700
Round 379 global test acc  91.0200
Round 380 global test acc  90.9200
Round 381 global test acc  90.9400
Round 382 global test acc  90.7700
Round 383 global test acc  91.1500
Round 384 global test acc  90.7000
Round 385 global test acc  90.6800
Round 386 global test acc  90.7600
Round 387 global test acc  90.7900
Round 388 global test acc  90.6500
Round 389 global test acc  91.0700
Round 390 global test acc  90.8900
Round 391 global test acc  90.7300
Round 392 global test acc  90.9300
Round 393 global test acc  90.7700
Round 394 global test acc  91.0700
Round 395 global test acc  91.0400
Round 396 global test acc  90.8400
Round 397 global test acc  90.9800
Round 398 global test acc  90.8800
Round 399 global test acc  91.0100
Round 400 global test acc  90.9600
Round 401 global test acc  91.1100
Round 402 global test acc  91.2200
Round 403 global test acc  91.1600
Round 404 global test acc  91.1600
Round 405 global test acc  91.1700
Round 406 global test acc  90.8900
Round 407 global test acc  91.0200
Round 408 global test acc  90.8700
Round 409 global test acc  91.1300
Round 410 global test acc  91.3600
Round 411 global test acc  91.0600
Round 412 global test acc  91.2600
Round 413 global test acc  91.4800
Round 414 global test acc  90.9800
Round 415 global test acc  90.8900
Round 416 global test acc  91.1600
Round 417 global test acc  91.1400
Round 418 global test acc  91.2300
Round 419 global test acc  91.1200
Round 420 global test acc  91.1500
Round 421 global test acc  90.9200
Round 422 global test acc  91.0900
Round 423 global test acc  91.1900
Round 424 global test acc  91.0600
Round 425 global test acc  90.9600
Round 426 global test acc  91.0400
Round 427 global test acc  91.0900
Round 428 global test acc  91.0400
Round 429 global test acc  91.3100
Round 430 global test acc  91.3400
Round 431 global test acc  91.0200
Round 432 global test acc  91.2200
Round 433 global test acc  90.8100
Round 434 global test acc  90.9800
Round 435 global test acc  90.9000
Round 436 global test acc  91.0700
Round 437 global test acc  91.1600
Round 438 global test acc  91.0300
Round 439 global test acc  91.2900
Round 440 global test acc  91.2800
Round 441 global test acc  91.2600
Round 442 global test acc  91.1600
Round 443 global test acc  91.2200
Round 444 global test acc  91.0300
Round 445 global test acc  91.0700
Round 446 global test acc  90.9500
Round 447 global test acc  91.2300
Round 448 global test acc  91.2300
Round 449 global test acc  91.3500
time : 25903.19163417816
('algorithm', 'GlobalCORES')
('gpu', 1)
('seed', 13)
('save_dir', './record/')
('rounds2', 450)
('local_ep', 5)
('frac2', 0.1)
('num_users', 100)
('local_bs', 32)
('lr', 0.01)
('model', 'resnet18')
('num_classes', 10)
('level_n_system', 0.0)
('level_n_lowerb', 0.0)
('alpha_dirichlet', 10)
('non_iid_prob_class', 0.7)
('dataset', 'cifar10')
('iid', True)
('LID_k', 20)
('iteration1', 5)
('rounds1', 200)
('frac1', 0.01)
('pretrained', False)
('mixup', False)
('alpha', 1)
('beta', 5)
('relabel_ratio', 0.5)
('confidence_thres', 0.5)
('clean_set_thres', 0.1)
('fine_tuning', True)
('correction', True)
('T_pl', 100)
('lambda_cen', 1.0)
('lambda_e', 0.8)
('num_gradual', 10)
('forget_rate', 0.2)
('lr_decay', 0.1)
('schedule', [])
('momentum', 0.5)
('weight_decay', 0.0001)
('feature_dim', 128)
('plr', 0.01)
('lamda', 15)
('K', 5)
('gamma', 1)
('begin_sel', 10)
('max_beta', 2)
('mu', 0.01)
('device', device(type='cuda', index=1))
Files already downloaded and verified
Files already downloaded and verified
Round 0 global test acc  22.1900
Round 1 global test acc  32.1500
Round 2 global test acc  39.8200
Round 3 global test acc  41.7100
Round 4 global test acc  43.1100
Round 5 global test acc  45.0200
Round 6 global test acc  47.4200
Round 7 global test acc  50.1600
Round 8 global test acc  50.9300
Round 9 global test acc  53.6900
Round 10 global test acc  55.1800
Round 11 global test acc  55.2100
Round 12 global test acc  56.8200
Round 13 global test acc  57.2000
Round 14 global test acc  59.0500
Round 15 global test acc  59.9600
Round 16 global test acc  60.9800
Round 17 global test acc  61.5000
Round 18 global test acc  63.9300
Round 19 global test acc  62.9700
Round 20 global test acc  64.7200
Round 21 global test acc  65.0600
Round 22 global test acc  65.0100
Round 23 global test acc  66.6300
Round 24 global test acc  66.4300
Round 25 global test acc  66.8800
Round 26 global test acc  67.4700
Round 27 global test acc  67.9600
Round 28 global test acc  68.4100
Round 29 global test acc  69.0900
Round 30 global test acc  69.5700
Round 31 global test acc  69.8500
Round 32 global test acc  69.4600
Round 33 global test acc  71.2800
Round 34 global test acc  71.4000
Round 35 global test acc  72.2000
Round 36 global test acc  72.6900
Round 37 global test acc  72.8200
Round 38 global test acc  72.6000
Round 39 global test acc  73.6200
Round 40 global test acc  74.1500
Round 41 global test acc  73.6700
Round 42 global test acc  74.8900
Round 43 global test acc  75.0700
Round 44 global test acc  75.7300
Round 45 global test acc  76.2300
Round 46 global test acc  76.1500
Round 47 global test acc  76.5200
Round 48 global test acc  76.3900
Round 49 global test acc  76.7600
Round 50 global test acc  77.5700
Round 51 global test acc  77.3400
Round 52 global test acc  77.9100
Round 53 global test acc  78.0900
Round 54 global test acc  78.2600
Round 55 global test acc  78.8800
Round 56 global test acc  79.3100
Round 57 global test acc  79.1300
Round 58 global test acc  79.6700
Round 59 global test acc  79.6800
Round 60 global test acc  78.7400
Round 61 global test acc  79.9900
Round 62 global test acc  80.0400
Round 63 global test acc  80.3900
Round 64 global test acc  80.6700
Round 65 global test acc  80.1100
Round 66 global test acc  80.4600
Round 67 global test acc  80.3200
Round 68 global test acc  81.0300
Round 69 global test acc  81.7400
Round 70 global test acc  81.6100
Round 71 global test acc  81.8400
Round 72 global test acc  81.8400
Round 73 global test acc  82.1600
Round 74 global test acc  81.9400
Round 75 global test acc  81.8800
Round 76 global test acc  82.2700
Round 77 global test acc  82.5100
Round 78 global test acc  82.2600
Round 79 global test acc  82.5300
Round 80 global test acc  82.1100
Round 81 global test acc  82.7900
Round 82 global test acc  82.5100
Round 83 global test acc  83.4100
Round 84 global test acc  83.1100
Round 85 global test acc  83.3500
Round 86 global test acc  83.2900
Round 87 global test acc  83.4500
Round 88 global test acc  83.4400
Round 89 global test acc  84.2900
Round 90 global test acc  83.9400
Round 91 global test acc  83.8600
Round 92 global test acc  83.9400
Round 93 global test acc  84.2600
Round 94 global test acc  83.8300
Round 95 global test acc  84.3400
Round 96 global test acc  83.9500
Round 97 global test acc  84.0100
Round 98 global test acc  84.2400
Round 99 global test acc  84.6000
Round 100 global test acc  84.6700
Round 101 global test acc  84.9700
Round 102 global test acc  84.5700
Round 103 global test acc  85.2200
Round 104 global test acc  84.8800
Round 105 global test acc  84.8100
Round 106 global test acc  85.2700
Round 107 global test acc  85.1700
Round 108 global test acc  85.2600
Round 109 global test acc  85.5500
Round 110 global test acc  85.5500
Round 111 global test acc  85.3800
Round 112 global test acc  85.8200
Round 113 global test acc  85.4600
Round 114 global test acc  85.3500
Round 115 global test acc  85.3600
Round 116 global test acc  85.7100
Round 117 global test acc  85.9100
Round 118 global test acc  85.7900
Round 119 global test acc  85.6300
Round 120 global test acc  85.8600
Round 121 global test acc  86.3200
Round 122 global test acc  85.7000
Round 123 global test acc  86.1100
Round 124 global test acc  85.8000
Round 125 global test acc  86.3300
Round 126 global test acc  86.3400
Round 127 global test acc  86.1400
Round 128 global test acc  86.1600
Round 129 global test acc  85.7700
Round 130 global test acc  85.8000
Round 131 global test acc  86.2400
Round 132 global test acc  86.3900
Round 133 global test acc  86.6900
Round 134 global test acc  86.5500
Round 135 global test acc  86.9100
Round 136 global test acc  86.8900
Round 137 global test acc  86.6900
Round 138 global test acc  87.1300
Round 139 global test acc  87.1700
Round 140 global test acc  86.9800
Round 141 global test acc  87.0400
Round 142 global test acc  87.2000
Round 143 global test acc  87.0600
Round 144 global test acc  87.0200
Round 145 global test acc  87.2700
Round 146 global test acc  87.1200
Round 147 global test acc  87.4700
Round 148 global test acc  87.2300
Round 149 global test acc  87.1000
Round 150 global test acc  87.5100
Round 151 global test acc  87.3100
Round 152 global test acc  87.2100
Round 153 global test acc  87.4700
Round 154 global test acc  87.5200
Round 155 global test acc  87.2100
Round 156 global test acc  87.6200
Round 157 global test acc  87.5400
Round 158 global test acc  87.4600
Round 159 global test acc  87.2100
Round 160 global test acc  87.6100
Round 161 global test acc  87.3200
Round 162 global test acc  88.2100
Round 163 global test acc  87.8300
Round 164 global test acc  87.8100
Round 165 global test acc  88.0100
Round 166 global test acc  87.8200
Round 167 global test acc  87.5400
Round 168 global test acc  87.8700
Round 169 global test acc  87.7200
Round 170 global test acc  87.9700
Round 171 global test acc  87.6100
Round 172 global test acc  88.0000
Round 173 global test acc  87.9300
Round 174 global test acc  87.6000
Round 175 global test acc  87.7200
Round 176 global test acc  88.1400
Round 177 global test acc  88.1300
Round 178 global test acc  88.0800
Round 179 global test acc  88.1300
Round 180 global test acc  88.4600
Round 181 global test acc  88.1200
Round 182 global test acc  88.1800
Round 183 global test acc  88.3900
Round 184 global test acc  88.4500
Round 185 global test acc  88.4600
Round 186 global test acc  88.0100
Round 187 global test acc  88.2600
Round 188 global test acc  88.1400
Round 189 global test acc  88.3700
Round 190 global test acc  88.2600
Round 191 global test acc  88.4000
Round 192 global test acc  88.3700
Round 193 global test acc  88.2000
Round 194 global test acc  88.3400
Round 195 global test acc  88.6800
Round 196 global test acc  88.5900
Round 197 global test acc  88.6900
Round 198 global test acc  88.7600
Round 199 global test acc  88.7700
Round 200 global test acc  88.4600
Round 201 global test acc  88.4600
Round 202 global test acc  88.1400
Round 203 global test acc  88.6200
Round 204 global test acc  88.7700
Round 205 global test acc  88.6200
Round 206 global test acc  88.8400
Round 207 global test acc  89.0200
Round 208 global test acc  88.8300
Round 209 global test acc  89.0300
Round 210 global test acc  88.9100
Round 211 global test acc  88.7600
Round 212 global test acc  89.0200
Round 213 global test acc  89.1300
Round 214 global test acc  88.8900
Round 215 global test acc  88.8900
Round 216 global test acc  88.5200
Round 217 global test acc  88.8600
Round 218 global test acc  89.0200
Round 219 global test acc  88.5000
Round 220 global test acc  89.1100
Round 221 global test acc  88.9800
Round 222 global test acc  89.2500
Round 223 global test acc  88.8100
Round 224 global test acc  88.9300
Round 225 global test acc  89.2100
Round 226 global test acc  89.2300
Round 227 global test acc  89.2600
Round 228 global test acc  89.1600
Round 229 global test acc  89.2700
Round 230 global test acc  89.1400
Round 231 global test acc  89.4700
Round 232 global test acc  89.4500
Round 233 global test acc  89.0800
Round 234 global test acc  89.3500
Round 235 global test acc  89.2500
Round 236 global test acc  89.1200
Round 237 global test acc  89.3700
Round 238 global test acc  89.2600
Round 239 global test acc  89.0700
Round 240 global test acc  89.1600
Round 241 global test acc  89.2000
Round 242 global test acc  89.1000
Round 243 global test acc  89.2300
Round 244 global test acc  89.2100
Round 245 global test acc  89.3000
Round 246 global test acc  89.1500
Round 247 global test acc  89.2800
Round 248 global test acc  89.1400
Round 249 global test acc  89.1300
Round 250 global test acc  89.3700
Round 251 global test acc  89.4900
Round 252 global test acc  89.4700
Round 253 global test acc  89.5200
Round 254 global test acc  89.2500
Round 255 global test acc  89.3900
Round 256 global test acc  89.3500
Round 257 global test acc  89.4900
Round 258 global test acc  89.2900
Round 259 global test acc  89.4400
Round 260 global test acc  89.4200
Round 261 global test acc  89.7900
Round 262 global test acc  89.6500
Round 263 global test acc  89.6900
Round 264 global test acc  89.6500
Round 265 global test acc  89.7000
Round 266 global test acc  89.8100
Round 267 global test acc  89.6400
Round 268 global test acc  89.4000
Round 269 global test acc  89.6700
Round 270 global test acc  89.4400
Round 271 global test acc  89.8400
Round 272 global test acc  89.6900
Round 273 global test acc  89.6700
Round 274 global test acc  89.6900
Round 275 global test acc  89.5100
Round 276 global test acc  89.6700
Round 277 global test acc  89.7500
Round 278 global test acc  89.7800
Round 279 global test acc  90.0100
Round 280 global test acc  89.8400
Round 281 global test acc  89.9300
Round 282 global test acc  90.0300
Round 283 global test acc  89.6300
Round 284 global test acc  89.7000
Round 285 global test acc  89.9700
Round 286 global test acc  89.8000
Round 287 global test acc  89.7300
Round 288 global test acc  89.7200
Round 289 global test acc  89.9500
Round 290 global test acc  89.8100
Round 291 global test acc  90.0300
Round 292 global test acc  89.8400
Round 293 global test acc  89.9200
Round 294 global test acc  89.8700
Round 295 global test acc  89.8900
Round 296 global test acc  89.9200
Round 297 global test acc  90.2200
Round 298 global test acc  90.1000
Round 299 global test acc  89.8100
Round 300 global test acc  89.9900
Round 301 global test acc  89.9400
Round 302 global test acc  90.0800
Round 303 global test acc  89.9200
Round 304 global test acc  90.2000
Round 305 global test acc  90.2600
Round 306 global test acc  90.2100
Round 307 global test acc  90.1800
Round 308 global test acc  90.1200
Round 309 global test acc  90.2100
Round 310 global test acc  90.2200
Round 311 global test acc  90.3500
Round 312 global test acc  90.2000
Round 313 global test acc  90.1200
Round 314 global test acc  90.1700
Round 315 global test acc  90.0900
Round 316 global test acc  90.1900
Round 317 global test acc  90.1300
Round 318 global test acc  89.9400
Round 319 global test acc  90.1200
Round 320 global test acc  89.9200
Round 321 global test acc  90.0500
Round 322 global test acc  90.0300
Round 323 global test acc  90.2900
Round 324 global test acc  90.2800
Round 325 global test acc  90.3500
Round 326 global test acc  90.4900
Round 327 global test acc  90.3800
Round 328 global test acc  90.5000
Round 329 global test acc  90.0600
Round 330 global test acc  90.3200
Round 331 global test acc  90.4600
Round 332 global test acc  90.4700
Round 333 global test acc  90.3600
Round 334 global test acc  90.4000
Round 335 global test acc  90.3800
Round 336 global test acc  90.1800
Round 337 global test acc  90.3900
Round 338 global test acc  90.4300
Round 339 global test acc  90.3700
Round 340 global test acc  90.4500
Round 341 global test acc  90.4400
Round 342 global test acc  90.6000
Round 343 global test acc  90.6100
Round 344 global test acc  90.6400
Round 345 global test acc  90.2900
Round 346 global test acc  90.1500
Round 347 global test acc  90.3700
Round 348 global test acc  90.1400
Round 349 global test acc  90.3800
Round 350 global test acc  90.4700
Round 351 global test acc  90.2200
Round 352 global test acc  90.3300
Round 353 global test acc  90.3900
Round 354 global test acc  90.3500
Round 355 global test acc  89.9900
Round 356 global test acc  90.5500
Round 357 global test acc  90.5300
Round 358 global test acc  90.6600
Round 359 global test acc  90.4200
Round 360 global test acc  90.6200
Round 361 global test acc  90.5600
Round 362 global test acc  90.5700
Round 363 global test acc  90.5100
Round 364 global test acc  90.6600
Round 365 global test acc  90.4300
Round 366 global test acc  90.5200
Round 367 global test acc  90.7200
Round 368 global test acc  90.5300
Round 369 global test acc  90.5700
Round 370 global test acc  90.6400
Round 371 global test acc  90.5900
Round 372 global test acc  90.6200
Round 373 global test acc  90.8300
Round 374 global test acc  90.7700
Round 375 global test acc  90.3000
Round 376 global test acc  90.2400
Round 377 global test acc  90.6300
Round 378 global test acc  90.7200
Round 379 global test acc  90.6400
Round 380 global test acc  90.6700
Round 381 global test acc  90.6600
Round 382 global test acc  90.8200
Round 383 global test acc  90.3700
Round 384 global test acc  90.7200
Round 385 global test acc  90.6200
Round 386 global test acc  90.6900
Round 387 global test acc  90.8500
Round 388 global test acc  90.7300
Round 389 global test acc  90.5700
Round 390 global test acc  90.7300
Round 391 global test acc  90.5100
Round 392 global test acc  90.6100
Round 393 global test acc  90.7200
Round 394 global test acc  90.8500
Round 395 global test acc  90.9500
Round 396 global test acc  90.6700
Round 397 global test acc  90.8400
Round 398 global test acc  90.6600
Round 399 global test acc  90.7900
Round 400 global test acc  90.8600
Round 401 global test acc  90.9000
Round 402 global test acc  90.7400
Round 403 global test acc  90.9400
Round 404 global test acc  90.6000
Round 405 global test acc  90.7200
Round 406 global test acc  90.6700
Round 407 global test acc  90.4100
Round 408 global test acc  90.5500
Round 409 global test acc  90.8600
Round 410 global test acc  90.8400
Round 411 global test acc  90.6500
Round 412 global test acc  90.9300
Round 413 global test acc  90.9200
Round 414 global test acc  90.8700
Round 415 global test acc  90.8500
Round 416 global test acc  90.9400
Round 417 global test acc  90.7200
Round 418 global test acc  90.6900
Round 419 global test acc  90.9100
Round 420 global test acc  90.9500
Round 421 global test acc  90.8700
Round 422 global test acc  90.6400
Round 423 global test acc  90.8800
Round 424 global test acc  91.0700
Round 425 global test acc  90.8900
Round 426 global test acc  91.0600
Round 427 global test acc  90.9400
Round 428 global test acc  91.0700
Round 429 global test acc  90.8700
Round 430 global test acc  90.9500
Round 431 global test acc  91.0200
Round 432 global test acc  91.1200
Round 433 global test acc  90.8800
Round 434 global test acc  91.0200
Round 435 global test acc  91.0000
Round 436 global test acc  90.9000
Round 437 global test acc  90.7400
Round 438 global test acc  91.0100
Round 439 global test acc  91.1500
Round 440 global test acc  90.8300
Round 441 global test acc  90.9400
Round 442 global test acc  90.9400
Round 443 global test acc  90.9900
Round 444 global test acc  90.9000
Round 445 global test acc  90.9800
Round 446 global test acc  91.2400
Round 447 global test acc  91.0200
Round 448 global test acc  91.0500
Round 449 global test acc  91.1700
time : 25048.97876381874
('algorithm', 'GlobalCORES')
('gpu', 1)
('seed', 13)
('save_dir', './record/')
('rounds2', 450)
('local_ep', 5)
('frac2', 0.1)
('num_users', 100)
('local_bs', 32)
('lr', 0.01)
('model', 'resnet18')
('num_classes', 10)
('level_n_system', 0.0)
('level_n_lowerb', 0.0)
('alpha_dirichlet', 10)
('non_iid_prob_class', 0.7)
('dataset', 'cifar10')
('iid', True)
('LID_k', 20)
('iteration1', 5)
('rounds1', 200)
('frac1', 0.01)
('pretrained', False)
('mixup', False)
('alpha', 1)
('beta', 5)
('relabel_ratio', 0.5)
('confidence_thres', 0.5)
('clean_set_thres', 0.1)
('fine_tuning', True)
('correction', True)
('T_pl', 100)
('lambda_cen', 1.0)
('lambda_e', 0.8)
('num_gradual', 10)
('forget_rate', 0.2)
('lr_decay', 0.1)
('schedule', [])
('momentum', 0.5)
('weight_decay', 0.0001)
('feature_dim', 128)
('plr', 0.01)
('lamda', 15)
('K', 5)
('gamma', 1)
('begin_sel', 10)
('max_beta', 2)
('mu', 0.01)
('device', device(type='cuda', index=1))
Files already downloaded and verified
Files already downloaded and verified
Round 0 global test acc  22.0300
Round 1 global test acc  34.2500
Round 2 global test acc  40.3500
Round 3 global test acc  42.4800
Round 4 global test acc  41.8200
Round 5 global test acc  44.9600
Round 6 global test acc  48.0700
Round 7 global test acc  49.9900
Round 8 global test acc  50.8000
Round 9 global test acc  54.8800
Round 10 global test acc  54.8500
Round 11 global test acc  56.5700
Round 12 global test acc  56.8900
Round 13 global test acc  58.5900
Round 14 global test acc  59.4200
Round 15 global test acc  60.3800
Round 16 global test acc  60.4400
Round 17 global test acc  62.6300
Round 18 global test acc  63.0200
Round 19 global test acc  63.7200
Round 20 global test acc  64.4500
Round 21 global test acc  65.5100
Round 22 global test acc  65.2500
Round 23 global test acc  66.3500
Round 24 global test acc  65.6500
Round 25 global test acc  67.4200
Round 26 global test acc  67.3300
Round 27 global test acc  66.7100
Round 28 global test acc  68.9700
Round 29 global test acc  68.8700
Round 30 global test acc  69.8800
Round 31 global test acc  69.5500
Round 32 global test acc  69.8700
Round 33 global test acc  70.5100
Round 34 global test acc  71.1100
Round 35 global test acc  70.9500
Round 36 global test acc  72.2600
Round 37 global test acc  72.5400
Round 38 global test acc  72.5500
Round 39 global test acc  72.4800
Round 40 global test acc  72.8000
Round 41 global test acc  74.4100
Round 42 global test acc  74.9200
Round 43 global test acc  75.1700
Round 44 global test acc  74.8500
Round 45 global test acc  75.7700
Round 46 global test acc  76.2100
Round 47 global test acc  76.0500
Round 48 global test acc  76.7600
Round 49 global test acc  76.7500
Round 50 global test acc  77.9600
Round 51 global test acc  76.6700
Round 52 global test acc  77.2800
Round 53 global test acc  78.5000
Round 54 global test acc  78.0000
Round 55 global test acc  77.8500
Round 56 global test acc  79.1600
Round 57 global test acc  79.0400
Round 58 global test acc  79.3600
Round 59 global test acc  79.5400
Round 60 global test acc  79.3800
Round 61 global test acc  79.7900
Round 62 global test acc  79.6700
Round 63 global test acc  80.2900
Round 64 global test acc  80.1600
Round 65 global test acc  80.3800
Round 66 global test acc  80.0700
Round 67 global test acc  81.1200
Round 68 global test acc  81.2800
Round 69 global test acc  80.8000
Round 70 global test acc  81.4400
Round 71 global test acc  81.6300
Round 72 global test acc  81.6800
Round 73 global test acc  81.4000
Round 74 global test acc  81.7900
Round 75 global test acc  81.9400
Round 76 global test acc  81.5000
Round 77 global test acc  81.8000
Round 78 global test acc  81.8100
Round 79 global test acc  83.1700
Round 80 global test acc  82.4600
Round 81 global test acc  82.7700
Round 82 global test acc  82.1900
Round 83 global test acc  83.0900
Round 84 global test acc  83.5600
Round 85 global test acc  83.6000
Round 86 global test acc  83.8000
Round 87 global test acc  83.7500
Round 88 global test acc  84.0300
Round 89 global test acc  83.5300
Round 90 global test acc  83.8900
Round 91 global test acc  84.0200
Round 92 global test acc  84.4800
Round 93 global test acc  83.9600
Round 94 global test acc  83.8700
Round 95 global test acc  84.1900
Round 96 global test acc  84.2400
Round 97 global test acc  84.0400
Round 98 global test acc  84.0000
Round 99 global test acc  84.9800
Round 100 global test acc  84.6700
Round 101 global test acc  84.7000
Round 102 global test acc  84.9000
Round 103 global test acc  84.3300
Round 104 global test acc  84.7700
Round 105 global test acc  85.0400
Round 106 global test acc  85.2300
Round 107 global test acc  84.6800
Round 108 global test acc  85.0600
Round 109 global test acc  85.2000
Round 110 global test acc  84.9800
Round 111 global test acc  85.8300
Round 112 global test acc  84.8200
Round 113 global test acc  85.9400
Round 114 global test acc  85.4200
Round 115 global test acc  85.8200
Round 116 global test acc  85.7000
Round 117 global test acc  85.8900
Round 118 global test acc  85.8400
Round 119 global test acc  85.4900
Round 120 global test acc  85.9100
Round 121 global test acc  85.9000
Round 122 global test acc  85.8100
Round 123 global test acc  85.8900
Round 124 global test acc  86.1500
Round 125 global test acc  85.8800
Round 126 global test acc  85.9700
Round 127 global test acc  85.1300
Round 128 global test acc  86.2800
Round 129 global test acc  86.4600
Round 130 global test acc  86.6000
Round 131 global test acc  86.5700
Round 132 global test acc  86.1700
Round 133 global test acc  86.7000
Round 134 global test acc  86.2900
Round 135 global test acc  86.8000
Round 136 global test acc  86.5400
Round 137 global test acc  86.5500
Round 138 global test acc  87.0100
Round 139 global test acc  87.1100
Round 140 global test acc  86.3000
Round 141 global test acc  86.5200
Round 142 global test acc  86.5300
Round 143 global test acc  86.9300
Round 144 global test acc  86.7300
Round 145 global test acc  86.9600
Round 146 global test acc  87.1700
Round 147 global test acc  87.0000
Round 148 global test acc  87.0900
Round 149 global test acc  87.1200
Round 150 global test acc  86.9300
Round 151 global test acc  87.2300
Round 152 global test acc  87.3200
Round 153 global test acc  87.3700
Round 154 global test acc  87.4800
Round 155 global test acc  87.3700
Round 156 global test acc  87.0800
Round 157 global test acc  87.0900
Round 158 global test acc  87.4300
Round 159 global test acc  87.0800
Round 160 global test acc  87.2700
Round 161 global test acc  87.6300
Round 162 global test acc  87.6300
Round 163 global test acc  87.3100
Round 164 global test acc  87.3900
Round 165 global test acc  87.7400
Round 166 global test acc  87.8000
Round 167 global test acc  87.6600
Round 168 global test acc  87.6300
Round 169 global test acc  87.9200
Round 170 global test acc  88.0000
Round 171 global test acc  88.0300
Round 172 global test acc  87.7700
Round 173 global test acc  87.4400
Round 174 global test acc  87.9900
Round 175 global test acc  87.3900
Round 176 global test acc  87.9400
Round 177 global test acc  87.6000
Round 178 global test acc  88.0800
Round 179 global test acc  87.9700
Round 180 global test acc  88.1500
Round 181 global test acc  88.0800
Round 182 global test acc  87.9800
Round 183 global test acc  88.3800
Round 184 global test acc  88.2000
Round 185 global test acc  88.2600
Round 186 global test acc  88.4300
Round 187 global test acc  88.1400
Round 188 global test acc  88.3400
Round 189 global test acc  88.5900
Round 190 global test acc  88.4400
Round 191 global test acc  88.1900
Round 192 global test acc  88.1900
Round 193 global test acc  88.6000
Round 194 global test acc  88.3300
Round 195 global test acc  88.5600
Round 196 global test acc  88.5600
Round 197 global test acc  88.5400
Round 198 global test acc  88.6200
Round 199 global test acc  88.6700
Round 200 global test acc  88.5000
Round 201 global test acc  88.3800
Round 202 global test acc  88.7100
Round 203 global test acc  88.5500
Round 204 global test acc  88.6000
Round 205 global test acc  88.4500
Round 206 global test acc  88.8100
Round 207 global test acc  88.6500
Round 208 global test acc  88.8100
Round 209 global test acc  88.6700
Round 210 global test acc  88.9600
Round 211 global test acc  89.0800
Round 212 global test acc  89.0900
Round 213 global test acc  89.0100
Round 214 global test acc  88.6600
Round 215 global test acc  88.7500
Round 216 global test acc  88.8500
Round 217 global test acc  88.6500
Round 218 global test acc  88.3600
Round 219 global test acc  88.9300
Round 220 global test acc  89.1200
Round 221 global test acc  89.1800
Round 222 global test acc  89.0000
Round 223 global test acc  89.0200
Round 224 global test acc  88.7700
Round 225 global test acc  89.0100
Round 226 global test acc  89.0500
Round 227 global test acc  88.9800
Round 228 global test acc  88.9400
Round 229 global test acc  89.1600
Round 230 global test acc  89.2700
Round 231 global test acc  89.3000
Round 232 global test acc  89.4100
Round 233 global test acc  89.3500
Round 234 global test acc  89.3800
Round 235 global test acc  88.9700
Round 236 global test acc  88.5900
Round 237 global test acc  89.1100
Round 238 global test acc  89.1400
Round 239 global test acc  89.2300
Round 240 global test acc  89.0700
Round 241 global test acc  89.7600
Round 242 global test acc  89.4300
Round 243 global test acc  89.4500
Round 244 global test acc  89.6200
Round 245 global test acc  89.4900
Round 246 global test acc  89.8000
Round 247 global test acc  89.4900
Round 248 global test acc  89.4100
Round 249 global test acc  89.4300
Round 250 global test acc  89.4300
Round 251 global test acc  89.5700
Round 252 global test acc  89.5800
Round 253 global test acc  89.6700
Round 254 global test acc  89.6900
Round 255 global test acc  89.6000
Round 256 global test acc  89.6100
Round 257 global test acc  89.8300
Round 258 global test acc  89.4700
Round 259 global test acc  89.7300
Round 260 global test acc  89.6100
Round 261 global test acc  89.6200
Round 262 global test acc  89.7000
Round 263 global test acc  89.5500
Round 264 global test acc  89.3600
Round 265 global test acc  89.6200
Round 266 global test acc  89.8600
Round 267 global test acc  89.7200
Round 268 global test acc  89.6400
Round 269 global test acc  89.8400
Round 270 global test acc  89.4300
Round 271 global test acc  89.9900
Round 272 global test acc  89.5800
Round 273 global test acc  89.7500
Round 274 global test acc  89.7300
Round 275 global test acc  89.6800
Round 276 global test acc  89.9100
Round 277 global test acc  89.9400
Round 278 global test acc  89.9600
Round 279 global test acc  90.0000
Round 280 global test acc  89.9600
Round 281 global test acc  89.9700
Round 282 global test acc  89.9300
Round 283 global test acc  89.8900
Round 284 global test acc  89.9000
Round 285 global test acc  89.7700
Round 286 global test acc  89.6600
Round 287 global test acc  90.0800
Round 288 global test acc  89.9100
Round 289 global test acc  89.8800
Round 290 global test acc  90.2000
Round 291 global test acc  89.9100
Round 292 global test acc  90.1400
Round 293 global test acc  89.8200
Round 294 global test acc  90.1300
Round 295 global test acc  90.0600
Round 296 global test acc  90.1300
Round 297 global test acc  90.0500
Round 298 global test acc  89.9800
Round 299 global test acc  90.0300
Round 300 global test acc  90.2500
Round 301 global test acc  90.1600
Round 302 global test acc  90.0800
Round 303 global test acc  90.2500
Round 304 global test acc  90.2400
Round 305 global test acc  90.3200
Round 306 global test acc  89.9600
Round 307 global test acc  90.0600
Round 308 global test acc  90.2000
Round 309 global test acc  90.3100
Round 310 global test acc  90.0800
Round 311 global test acc  89.9500
Round 312 global test acc  90.4900
Round 313 global test acc  90.4900
Round 314 global test acc  90.3400
Round 315 global test acc  90.3000
Round 316 global test acc  90.2100
Round 317 global test acc  90.2700
Round 318 global test acc  90.4500
Round 319 global test acc  90.2700
Round 320 global test acc  90.3100
Round 321 global test acc  90.3400
Round 322 global test acc  90.3900
Round 323 global test acc  90.3200
Round 324 global test acc  90.4300
Round 325 global test acc  90.2800
Round 326 global test acc  90.6100
Round 327 global test acc  90.5400
Round 328 global test acc  90.2700
Round 329 global test acc  90.4000
Round 330 global test acc  90.2500
Round 331 global test acc  90.3800
Round 332 global test acc  90.5100
Round 333 global test acc  90.4300
Round 334 global test acc  90.5500
Round 335 global test acc  90.3700
Round 336 global test acc  90.8100
Round 337 global test acc  90.4800
Round 338 global test acc  90.5400
Round 339 global test acc  90.7900
Round 340 global test acc  90.6600
Round 341 global test acc  90.8200
Round 342 global test acc  90.7900
Round 343 global test acc  90.7000
Round 344 global test acc  90.7400
Round 345 global test acc  90.4900
Round 346 global test acc  90.5900
Round 347 global test acc  90.5700
Round 348 global test acc  90.6300
Round 349 global test acc  90.3200
Round 350 global test acc  90.6300
Round 351 global test acc  90.6300
Round 352 global test acc  90.6400
Round 353 global test acc  90.4300
Round 354 global test acc  90.4600
Round 355 global test acc  90.4800
Round 356 global test acc  90.7600
Round 357 global test acc  90.7600
Round 358 global test acc  91.0000
Round 359 global test acc  90.8500
Round 360 global test acc  90.8800
Round 361 global test acc  90.7700
Round 362 global test acc  90.8000
Round 363 global test acc  90.9300
Round 364 global test acc  90.8300
Round 365 global test acc  90.9900
Round 366 global test acc  90.9800
Round 367 global test acc  90.8700
Round 368 global test acc  90.8700
Round 369 global test acc  90.7800
Round 370 global test acc  90.7500
Round 371 global test acc  90.8800
Round 372 global test acc  90.8200
Round 373 global test acc  90.6500
Round 374 global test acc  90.8000
Round 375 global test acc  90.6400
Round 376 global test acc  90.7400
Round 377 global test acc  90.8400
Round 378 global test acc  90.8600
Round 379 global test acc  90.9100
Round 380 global test acc  90.7400
Round 381 global test acc  90.9900
Round 382 global test acc  90.8800
Round 383 global test acc  90.7200
Round 384 global test acc  91.0600
Round 385 global test acc  90.9400
Round 386 global test acc  90.8800
Round 387 global test acc  90.7600
Round 388 global test acc  91.0400
Round 389 global test acc  91.0700
Round 390 global test acc  90.9500
Round 391 global test acc  90.8300
Round 392 global test acc  90.8400
Round 393 global test acc  90.9700
Round 394 global test acc  90.8200
Round 395 global test acc  91.1500
Round 396 global test acc  91.1500
Round 397 global test acc  91.0700
Round 398 global test acc  91.0700
Round 399 global test acc  91.1000
Round 400 global test acc  91.1700
Round 401 global test acc  91.1900
Round 402 global test acc  90.9800
Round 403 global test acc  91.2300
Round 404 global test acc  91.1000
Round 405 global test acc  90.8900
Round 406 global test acc  91.1700
Round 407 global test acc  90.9600
Round 408 global test acc  90.9800
Round 409 global test acc  91.1500
Round 410 global test acc  91.0800
Round 411 global test acc  91.2900
Round 412 global test acc  90.8700
Round 413 global test acc  91.0700
Round 414 global test acc  91.0800
Round 415 global test acc  91.0900
Round 416 global test acc  91.0900
Round 417 global test acc  90.9600
Round 418 global test acc  91.3600
Round 419 global test acc  91.0900
Round 420 global test acc  91.3100
Round 421 global test acc  91.1900
Round 422 global test acc  91.1100
Round 423 global test acc  91.1400
Round 424 global test acc  91.1800
Round 425 global test acc  91.0200
Round 426 global test acc  91.1800
Round 427 global test acc  90.8500
Round 428 global test acc  91.1400
Round 429 global test acc  90.8100
Round 430 global test acc  91.1600
Round 431 global test acc  90.9700
Round 432 global test acc  91.1900
Round 433 global test acc  91.3000
Round 434 global test acc  91.1200
Round 435 global test acc  90.9800
Round 436 global test acc  91.1300
Round 437 global test acc  91.1200
Round 438 global test acc  91.3600
Round 439 global test acc  91.3200
Round 440 global test acc  91.2900
Round 441 global test acc  91.3300
Round 442 global test acc  90.8800
Round 443 global test acc  91.2600
Round 444 global test acc  91.0600
Round 445 global test acc  91.0900
Round 446 global test acc  91.3300
Round 447 global test acc  91.4100
Round 448 global test acc  91.3000
Round 449 global test acc  91.2900
time : 26137.433083295822
('algorithm', 'GlobalCORES')
('gpu', 1)
('seed', 13)
('save_dir', './record/')
('rounds2', 450)
('local_ep', 5)
('frac2', 0.1)
('num_users', 100)
('local_bs', 32)
('lr', 0.01)
('model', 'resnet18')
('num_classes', 10)
('level_n_system', 0.0)
('level_n_lowerb', 0.0)
('alpha_dirichlet', 10)
('non_iid_prob_class', 0.7)
('dataset', 'cifar10')
('iid', True)
('LID_k', 20)
('iteration1', 5)
('rounds1', 200)
('frac1', 0.01)
('pretrained', False)
('mixup', False)
('alpha', 1)
('beta', 5)
('relabel_ratio', 0.5)
('confidence_thres', 0.5)
('clean_set_thres', 0.1)
('fine_tuning', True)
('correction', True)
('T_pl', 100)
('lambda_cen', 1.0)
('lambda_e', 0.8)
('num_gradual', 10)
('forget_rate', 0.2)
('lr_decay', 0.1)
('schedule', [])
('momentum', 0.5)
('weight_decay', 0.0001)
('feature_dim', 128)
('plr', 0.01)
('lamda', 15)
('K', 5)
('gamma', 1)
('begin_sel', 10)
('max_beta', 2)
('mu', 0.01)
('device', device(type='cuda', index=1))
Files already downloaded and verified
Files already downloaded and verified
Round 0 global test acc  21.4600
Round 1 global test acc  33.5100
Round 2 global test acc  39.7900
Round 3 global test acc  41.5400
Round 4 global test acc  41.2400
Round 5 global test acc  44.7400
Round 6 global test acc  47.1600
Round 7 global test acc  50.4800
Round 8 global test acc  51.1200
Round 9 global test acc  54.7400
Round 10 global test acc  55.6100
Round 11 global test acc  56.4200
Round 12 global test acc  56.4300
Round 13 global test acc  58.3200
Round 14 global test acc  58.5500
Round 15 global test acc  60.1000
Round 16 global test acc  60.8000
Round 17 global test acc  62.9900
Round 18 global test acc  62.4800
Round 19 global test acc  63.5900
Round 20 global test acc  63.9900
Round 21 global test acc  64.7200
Round 22 global test acc  65.1000
Round 23 global test acc  66.2300
Round 24 global test acc  66.7600
Round 25 global test acc  66.7100
Round 26 global test acc  67.6100
Round 27 global test acc  66.6800
Round 28 global test acc  68.5300
Round 29 global test acc  68.8800
Round 30 global test acc  69.4900
Round 31 global test acc  69.6600
Round 32 global test acc  69.3900
Round 33 global test acc  70.8500
Round 34 global test acc  71.7200
Round 35 global test acc  70.3200
Round 36 global test acc  71.4600
Round 37 global test acc  72.1200
Round 38 global test acc  72.6000
Round 39 global test acc  72.9900
Round 40 global test acc  73.2600
Round 41 global test acc  73.1800
Round 42 global test acc  74.4200
Round 43 global test acc  74.4800
Round 44 global test acc  75.5300
Round 45 global test acc  75.3600
Round 46 global test acc  74.9100
Round 47 global test acc  76.4000
Round 48 global test acc  76.3500
Round 49 global test acc  76.4200
Round 50 global test acc  77.0300
Round 51 global test acc  77.6900
Round 52 global test acc  77.4200
Round 53 global test acc  77.0500
Round 54 global test acc  77.7200
Round 55 global test acc  78.2500
Round 56 global test acc  78.6000
Round 57 global test acc  79.0400
Round 58 global test acc  78.9200
Round 59 global test acc  78.9900
Round 60 global test acc  78.5600
Round 61 global test acc  79.4200
Round 62 global test acc  79.4200
Round 63 global test acc  80.0500
Round 64 global test acc  80.1200
Round 65 global test acc  80.0500
Round 66 global test acc  79.9500
Round 67 global test acc  80.8700
Round 68 global test acc  81.0700
Round 69 global test acc  80.7700
Round 70 global test acc  81.1700
Round 71 global test acc  81.6800
Round 72 global test acc  81.1400
Round 73 global test acc  81.1400
Round 74 global test acc  81.6300
Round 75 global test acc  81.1800
Round 76 global test acc  81.8400
Round 77 global test acc  82.3400
Round 78 global test acc  82.0400
Round 79 global test acc  82.2400
Round 80 global test acc  82.0400
Round 81 global test acc  82.2100
Round 82 global test acc  82.8600
Round 83 global test acc  82.8700
Round 84 global test acc  83.3500
Round 85 global test acc  83.0400
Round 86 global test acc  83.2100
Round 87 global test acc  83.6400
Round 88 global test acc  83.8200
Round 89 global test acc  83.3600
Round 90 global test acc  83.6500
Round 91 global test acc  83.5500
Round 92 global test acc  84.1900
Round 93 global test acc  83.8500
Round 94 global test acc  84.1300
Round 95 global test acc  84.1300
Round 96 global test acc  83.5900
Round 97 global test acc  83.7700
Round 98 global test acc  84.5800
Round 99 global test acc  84.1800
Round 100 global test acc  84.9600
Round 101 global test acc  85.1200
Round 102 global test acc  85.1800
Round 103 global test acc  85.0500
Round 104 global test acc  84.7500
Round 105 global test acc  85.1200
Round 106 global test acc  84.8600
Round 107 global test acc  85.3300
Round 108 global test acc  85.1500
Round 109 global test acc  85.2500
Round 110 global test acc  85.2400
Round 111 global test acc  85.5300
Round 112 global test acc  85.6600
Round 113 global test acc  85.5500
Round 114 global test acc  85.3400
Round 115 global test acc  85.3200
Round 116 global test acc  85.7400
Round 117 global test acc  85.7700
Round 118 global test acc  85.9200
Round 119 global test acc  86.1600
Round 120 global test acc  85.9200
Round 121 global test acc  86.0900
Round 122 global test acc  85.8800
Round 123 global test acc  86.1300
Round 124 global test acc  86.1300
Round 125 global test acc  85.7900
Round 126 global test acc  86.4300
Round 127 global test acc  85.7900
Round 128 global test acc  86.4200
Round 129 global test acc  86.6900
Round 130 global test acc  86.3700
Round 131 global test acc  86.4100
Round 132 global test acc  86.4500
Round 133 global test acc  86.4900
Round 134 global test acc  86.8500
Round 135 global test acc  86.8300
Round 136 global test acc  87.0200
Round 137 global test acc  86.5100
Round 138 global test acc  86.7600
Round 139 global test acc  86.8500
Round 140 global test acc  86.4400
Round 141 global test acc  86.9800
Round 142 global test acc  86.4400
Round 143 global test acc  86.9600
Round 144 global test acc  86.9800
Round 145 global test acc  86.6100
Round 146 global test acc  87.3600
Round 147 global test acc  87.0800
Round 148 global test acc  86.9800
Round 149 global test acc  87.2700
Round 150 global test acc  87.2300
Round 151 global test acc  87.4300
Round 152 global test acc  87.0900
Round 153 global test acc  87.6600
Round 154 global test acc  87.2700
Round 155 global test acc  87.3800
Round 156 global test acc  87.7300
Round 157 global test acc  87.5000
Round 158 global test acc  87.7000
Round 159 global test acc  87.3600
Round 160 global test acc  87.6000
Round 161 global test acc  87.8500
Round 162 global test acc  87.5600
Round 163 global test acc  87.6000
Round 164 global test acc  87.8500
Round 165 global test acc  87.8900
Round 166 global test acc  87.8900
Round 167 global test acc  88.0100
Round 168 global test acc  87.2300
Round 169 global test acc  87.9900
Round 170 global test acc  87.6400
Round 171 global test acc  88.0300
Round 172 global test acc  87.9500
Round 173 global test acc  87.8700
Round 174 global test acc  88.1500
Round 175 global test acc  88.2000
Round 176 global test acc  88.1100
Round 177 global test acc  87.8700
Round 178 global test acc  88.4400
Round 179 global test acc  88.0900
Round 180 global test acc  87.9100
Round 181 global test acc  88.2000
Round 182 global test acc  88.2900
Round 183 global test acc  88.0500
Round 184 global test acc  88.1100
Round 185 global test acc  88.3000
Round 186 global test acc  88.1400
Round 187 global test acc  88.4300
Round 188 global test acc  87.9500
Round 189 global test acc  88.3700
Round 190 global test acc  88.2100
Round 191 global test acc  88.4700
Round 192 global test acc  88.2700
Round 193 global test acc  88.5000
Round 194 global test acc  88.3900
Round 195 global test acc  88.6100
Round 196 global test acc  88.3900
Round 197 global test acc  88.7100
Round 198 global test acc  88.3900
Round 199 global test acc  88.2800
Round 200 global test acc  89.0100
Round 201 global test acc  88.6000
Round 202 global test acc  88.5400
Round 203 global test acc  88.7300
Round 204 global test acc  88.9000
Round 205 global test acc  88.9200
Round 206 global test acc  89.1700
Round 207 global test acc  88.6900
Round 208 global test acc  88.8300
Round 209 global test acc  89.0500
Round 210 global test acc  89.0500
Round 211 global test acc  89.1200
Round 212 global test acc  89.4100
Round 213 global test acc  89.2200
Round 214 global test acc  89.3000
Round 215 global test acc  89.2000
Round 216 global test acc  89.0800
Round 217 global test acc  89.1200
Round 218 global test acc  88.8500
Round 219 global test acc  89.1900
Round 220 global test acc  89.0400
Round 221 global test acc  89.0000
Round 222 global test acc  89.1500
Round 223 global test acc  89.0600
Round 224 global test acc  89.4100
Round 225 global test acc  89.3700
Round 226 global test acc  88.9800
Round 227 global test acc  89.3000
Round 228 global test acc  89.1500
Round 229 global test acc  89.3700
Round 230 global test acc  89.2400
Round 231 global test acc  89.3500
Round 232 global test acc  89.6800
Round 233 global test acc  89.3900
Round 234 global test acc  89.5900
Round 235 global test acc  89.4300
Round 236 global test acc  88.8700
Round 237 global test acc  89.4400
Round 238 global test acc  89.3100
Round 239 global test acc  89.3100
Round 240 global test acc  88.8800
Round 241 global test acc  89.6300
Round 242 global test acc  89.7300
Round 243 global test acc  89.5000
Round 244 global test acc  89.7800
Round 245 global test acc  89.6000
Round 246 global test acc  89.7700
Round 247 global test acc  89.5100
Round 248 global test acc  89.5900
Round 249 global test acc  89.5600
Round 250 global test acc  89.7800
Round 251 global test acc  89.5900
Round 252 global test acc  89.6500
Round 253 global test acc  89.4800
Round 254 global test acc  89.6600
Round 255 global test acc  89.4100
Round 256 global test acc  89.8300
Round 257 global test acc  89.8500
Round 258 global test acc  90.0700
Round 259 global test acc  89.4600
Round 260 global test acc  89.7300
Round 261 global test acc  89.7800
Round 262 global test acc  89.4700
Round 263 global test acc  89.9300
Round 264 global test acc  89.8100
Round 265 global test acc  89.8200
Round 266 global test acc  89.8500
Round 267 global test acc  89.6500
Round 268 global test acc  89.8900
Round 269 global test acc  89.5000
Round 270 global test acc  89.6300
Round 271 global test acc  89.9000
Round 272 global test acc  90.1900
Round 273 global test acc  90.2200
Round 274 global test acc  89.8000
Round 275 global test acc  89.8200
Round 276 global test acc  89.8200
Round 277 global test acc  89.9700
Round 278 global test acc  90.0500
Round 279 global test acc  89.9700
Round 280 global test acc  90.2900
Round 281 global test acc  89.9400
Round 282 global test acc  90.0000
Round 283 global test acc  89.9500
Round 284 global test acc  89.8200
Round 285 global test acc  89.6000
Round 286 global test acc  89.6400
Round 287 global test acc  89.9200
Round 288 global test acc  89.7900
Round 289 global test acc  89.9300
Round 290 global test acc  90.1000
Round 291 global test acc  90.3500
Round 292 global test acc  90.1100
Round 293 global test acc  89.9300
Round 294 global test acc  90.0500
Round 295 global test acc  90.1300
Round 296 global test acc  90.0000
Round 297 global test acc  90.1000
Round 298 global test acc  89.7500
Round 299 global test acc  89.9300
Round 300 global test acc  90.3300
Round 301 global test acc  90.3500
Round 302 global test acc  90.3100
Round 303 global test acc  90.4000
Round 304 global test acc  90.3500
Round 305 global test acc  90.1300
Round 306 global test acc  90.2100
Round 307 global test acc  90.2400
Round 308 global test acc  90.4100
Round 309 global test acc  90.1800
Round 310 global test acc  90.1600
Round 311 global test acc  90.0800
Round 312 global test acc  90.3400
Round 313 global test acc  90.2400
Round 314 global test acc  90.2800
Round 315 global test acc  90.3300
Round 316 global test acc  90.4300
Round 317 global test acc  90.3800
Round 318 global test acc  90.3200
Round 319 global test acc  90.3700
Round 320 global test acc  90.2000
Round 321 global test acc  90.5500
Round 322 global test acc  90.4900
Round 323 global test acc  90.5700
Round 324 global test acc  90.3400
Round 325 global test acc  90.2400
Round 326 global test acc  90.3400
Round 327 global test acc  90.2400
Round 328 global test acc  90.2600
Round 329 global test acc  90.2900
Round 330 global test acc  90.3900
Round 331 global test acc  90.3200
Round 332 global test acc  90.6500
Round 333 global test acc  90.4900
Round 334 global test acc  90.3400
Round 335 global test acc  90.7500
Round 336 global test acc  90.5400
Round 337 global test acc  90.3700
Round 338 global test acc  90.5500
Round 339 global test acc  90.6500
Round 340 global test acc  90.2200
Round 341 global test acc  90.5400
Round 342 global test acc  90.6900
Round 343 global test acc  90.4600
Round 344 global test acc  90.5000
Round 345 global test acc  90.5700
Round 346 global test acc  90.6500
Round 347 global test acc  90.9400
Round 348 global test acc  90.7100
Round 349 global test acc  90.6500
Round 350 global test acc  90.6400
Round 351 global test acc  90.8700
Round 352 global test acc  90.7700
Round 353 global test acc  90.5400
Round 354 global test acc  90.4400
Round 355 global test acc  90.7100
Round 356 global test acc  90.7700
Round 357 global test acc  90.8000
Round 358 global test acc  91.0900
Round 359 global test acc  90.8500
Round 360 global test acc  90.7500
Round 361 global test acc  90.6100
Round 362 global test acc  90.6400
Round 363 global test acc  90.7700
Round 364 global test acc  90.6700
Round 365 global test acc  90.6900
Round 366 global test acc  90.4700
Round 367 global test acc  90.7400
Round 368 global test acc  90.7900
Round 369 global test acc  90.9300
Round 370 global test acc  90.9500
Round 371 global test acc  91.0000
Round 372 global test acc  90.8300
Round 373 global test acc  90.7100
Round 374 global test acc  91.1900
Round 375 global test acc  90.9100
Round 376 global test acc  90.7500
Round 377 global test acc  90.7500
Round 378 global test acc  90.7800
Round 379 global test acc  90.7600
Round 380 global test acc  90.9000
Round 381 global test acc  90.7100
Round 382 global test acc  91.0000
Round 383 global test acc  90.9200
Round 384 global test acc  90.9600
Round 385 global test acc  90.9200
Round 386 global test acc  91.0400
Round 387 global test acc  91.0700
Round 388 global test acc  91.0800
Round 389 global test acc  91.1900
Round 390 global test acc  90.9300
Round 391 global test acc  91.0000
Round 392 global test acc  91.1100
Round 393 global test acc  90.9300
Round 394 global test acc  91.3200
Round 395 global test acc  90.9500
Round 396 global test acc  91.0700
Round 397 global test acc  91.0400
Round 398 global test acc  91.0400
Round 399 global test acc  91.0700
Round 400 global test acc  91.2200
Round 401 global test acc  91.0400
Round 402 global test acc  91.0900
Round 403 global test acc  91.0700
Round 404 global test acc  91.0000
Round 405 global test acc  90.5500
Round 406 global test acc  91.1800
Round 407 global test acc  91.0300
Round 408 global test acc  91.2000
Round 409 global test acc  91.3700
Round 410 global test acc  91.1000
Round 411 global test acc  90.9800
Round 412 global test acc  91.0700
Round 413 global test acc  90.9500
Round 414 global test acc  91.1900
Round 415 global test acc  90.9400
Round 416 global test acc  90.8500
Round 417 global test acc  91.0700
Round 418 global test acc  90.8300
Round 419 global test acc  91.0000
Round 420 global test acc  90.9800
Round 421 global test acc  90.9300
Round 422 global test acc  91.1200
Round 423 global test acc  90.9600
Round 424 global test acc  91.1200
Round 425 global test acc  91.1600
Round 426 global test acc  91.1600
Round 427 global test acc  91.1700
Round 428 global test acc  91.2800
Round 429 global test acc  91.2500
Round 430 global test acc  91.1400
Round 431 global test acc  91.1600
Round 432 global test acc  91.2700
Round 433 global test acc  91.3500
Round 434 global test acc  91.2400
Round 435 global test acc  91.1800
Round 436 global test acc  91.2900
Round 437 global test acc  91.4700
Round 438 global test acc  91.0800
Round 439 global test acc  91.3200
Round 440 global test acc  91.2700
Round 441 global test acc  91.3800
Round 442 global test acc  91.2800
Round 443 global test acc  91.3200
Round 444 global test acc  91.4900
Round 445 global test acc  91.4300
Round 446 global test acc  91.5300
Round 447 global test acc  91.2800
Round 448 global test acc  91.2900
Round 449 global test acc  91.4100
time : 26050.854930877686
