('algorithm', 'LocalCORES')
('gpu', 1)
('seed', 13)
('save_dir', './record/')
('rounds2', 450)
('local_ep', 5)
('frac2', 0.1)
('num_users', 100)
('local_bs', 32)
('lr', 0.01)
('model', 'resnet18')
('num_classes', 10)
('level_n_system', 0.0)
('level_n_lowerb', 0.0)
('alpha_dirichlet', 10)
('non_iid_prob_class', 0.7)
('dataset', 'cifar10')
('iid', True)
('LID_k', 20)
('iteration1', 5)
('rounds1', 200)
('frac1', 0.01)
('pretrained', False)
('mixup', False)
('alpha', 1)
('beta', 5)
('relabel_ratio', 0.5)
('confidence_thres', 0.5)
('clean_set_thres', 0.1)
('fine_tuning', True)
('correction', True)
('T_pl', 100)
('lambda_cen', 1.0)
('lambda_e', 0.8)
('num_gradual', 10)
('forget_rate', 0.2)
('lr_decay', 0.1)
('schedule', [])
('momentum', 0.5)
('weight_decay', 0.0001)
('feature_dim', 128)
('plr', 0.01)
('lamda', 15)
('K', 5)
('gamma', 1)
('begin_sel', 10)
('max_beta', 2.0)
('mu', 0.01)
('device', device(type='cuda', index=1))
Files already downloaded and verified
Files already downloaded and verified
Round 0 global test acc  21.0400
Round 1 global test acc  34.2900
Round 2 global test acc  40.4200
Round 3 global test acc  45.3700
Round 4 global test acc  44.9100
Round 5 global test acc  49.9900
Round 6 global test acc  52.2500
Round 7 global test acc  55.4300
Round 8 global test acc  56.5500
Round 9 global test acc  58.6500
Round 10 global test acc  59.5100
Round 11 global test acc  51.3000
Round 12 global test acc  44.9700
Round 13 global test acc  52.1500
Round 14 global test acc  48.0400
Round 15 global test acc  55.3700
Round 16 global test acc  54.2300
Round 17 global test acc  56.4300
Round 18 global test acc  57.9000
Round 19 global test acc  51.0400
Round 20 global test acc  59.5600
Round 21 global test acc  55.5700
Round 22 global test acc  58.3100
Round 23 global test acc  58.7200
Round 24 global test acc  62.9900
Round 25 global test acc  53.4000
Round 26 global test acc  58.2400
Round 27 global test acc  55.3500
Round 28 global test acc  54.0100
Round 29 global test acc  64.2800
Round 30 global test acc  61.4000
Round 31 global test acc  56.4800
Round 32 global test acc  57.9600
Round 33 global test acc  62.9600
Round 34 global test acc  56.4200
Round 35 global test acc  62.2400
Round 36 global test acc  64.7800
Round 37 global test acc  66.2400
Round 38 global test acc  63.4600
Round 39 global test acc  65.5400
Round 40 global test acc  55.9300
Round 41 global test acc  64.7200
Round 42 global test acc  62.4400
Round 43 global test acc  62.3700
Round 44 global test acc  63.0600
Round 45 global test acc  60.8300
Round 46 global test acc  66.0600
Round 47 global test acc  66.5400
Round 48 global test acc  66.9800
Round 49 global test acc  64.7500
Round 50 global test acc  64.5500
Round 51 global test acc  64.7500
Round 52 global test acc  67.8600
Round 53 global test acc  65.2500
Round 54 global test acc  61.7700
Round 55 global test acc  64.5900
Round 56 global test acc  65.1500
Round 57 global test acc  66.6100
Round 58 global test acc  65.6000
Round 59 global test acc  69.1900
Round 60 global test acc  70.2200
Round 61 global test acc  63.2100
Round 62 global test acc  61.5300
Round 63 global test acc  66.3900
Round 64 global test acc  54.2500
Round 65 global test acc  67.7200
Round 66 global test acc  66.5300
Round 67 global test acc  70.1800
Round 68 global test acc  70.7500
Round 69 global test acc  70.0600
Round 70 global test acc  68.4500
Round 71 global test acc  66.5100
Round 72 global test acc  68.5800
Round 73 global test acc  71.0500
Round 74 global test acc  67.7000
Round 75 global test acc  65.9800
Round 76 global test acc  68.2800
Round 77 global test acc  67.0600
Round 78 global test acc  63.2500
Round 79 global test acc  67.8500
Round 80 global test acc  68.9100
Round 81 global test acc  69.4500
Round 82 global test acc  70.4800
Round 83 global test acc  71.6000
Round 84 global test acc  70.0000
Round 85 global test acc  67.1700
Round 86 global test acc  74.2100
Round 87 global test acc  75.1900
Round 88 global test acc  66.0200
Round 89 global test acc  72.0400
Round 90 global test acc  68.4900
Round 91 global test acc  71.9500
Round 92 global test acc  73.1600
Round 93 global test acc  73.7100
Round 94 global test acc  73.0900
Round 95 global test acc  74.2900
Round 96 global test acc  71.0400
Round 97 global test acc  71.9300
Round 98 global test acc  72.7500
Round 99 global test acc  75.0700
Round 100 global test acc  74.1000
Round 101 global test acc  75.9800
Round 102 global test acc  75.7200
Round 103 global test acc  69.0700
Round 104 global test acc  73.4200
Round 105 global test acc  69.8600
Round 106 global test acc  72.5900
Round 107 global test acc  70.2100
Round 108 global test acc  72.7200
Round 109 global test acc  69.5800
Round 110 global test acc  75.1700
Round 111 global test acc  74.9600
Round 112 global test acc  74.9800
Round 113 global test acc  65.4000
Round 114 global test acc  76.6600
Round 115 global test acc  75.8700
Round 116 global test acc  75.4600
Round 117 global test acc  73.3500
Round 118 global test acc  73.3100
Round 119 global test acc  74.7900
Round 120 global test acc  76.1900
Round 121 global test acc  74.0500
Round 122 global test acc  71.0700
Round 123 global test acc  73.3000
Round 124 global test acc  69.3300
Round 125 global test acc  75.4900
Round 126 global test acc  74.0500
Round 127 global test acc  75.0700
Round 128 global test acc  74.6000
Round 129 global test acc  76.5200
Round 130 global test acc  76.3600
Round 131 global test acc  75.2900
Round 132 global test acc  72.6900
Round 133 global test acc  72.3200
Round 134 global test acc  74.5200
Round 135 global test acc  74.8700
Round 136 global test acc  76.5900
Round 137 global test acc  76.7600
Round 138 global test acc  77.1100
Round 139 global test acc  79.8200
Round 140 global test acc  77.4000
Round 141 global test acc  74.7500
Round 142 global test acc  74.1300
Round 143 global test acc  76.7300
Round 144 global test acc  76.4900
Round 145 global test acc  79.2600
Round 146 global test acc  74.3400
Round 147 global test acc  77.5700
Round 148 global test acc  76.9700
Round 149 global test acc  75.1900
Round 150 global test acc  76.0500
Round 151 global test acc  77.3600
Round 152 global test acc  74.5900
Round 153 global test acc  78.3000
Round 154 global test acc  78.2300
Round 155 global test acc  78.7500
Round 156 global test acc  75.6700
Round 157 global test acc  77.4100
Round 158 global test acc  75.4400
Round 159 global test acc  78.7000
Round 160 global test acc  78.6700
Round 161 global test acc  77.8200
Round 162 global test acc  74.7800
Round 163 global test acc  77.7900
Round 164 global test acc  78.8400
Round 165 global test acc  76.4800
Round 166 global test acc  76.9500
Round 167 global test acc  77.9100
Round 168 global test acc  75.3300
Round 169 global test acc  79.4800
Round 170 global test acc  77.1800
Round 171 global test acc  77.3800
Round 172 global test acc  73.5100
Round 173 global test acc  76.4100
Round 174 global test acc  76.7800
Round 175 global test acc  78.4400
Round 176 global test acc  77.5800
Round 177 global test acc  79.2500
Round 178 global test acc  77.5200
Round 179 global test acc  76.3100
Round 180 global test acc  76.4500
Round 181 global test acc  79.1500
Round 182 global test acc  76.4500
Round 183 global test acc  75.4200
Round 184 global test acc  76.1500
Round 185 global test acc  78.7200
Round 186 global test acc  80.7900
Round 187 global test acc  70.0300
Round 188 global test acc  75.4100
Round 189 global test acc  79.0500
Round 190 global test acc  76.8100
Round 191 global test acc  76.6200
Round 192 global test acc  77.5800
Round 193 global test acc  80.1800
Round 194 global test acc  80.7800
Round 195 global test acc  76.3500
Round 196 global test acc  79.4100
Round 197 global test acc  79.5600
Round 198 global test acc  79.9700
Round 199 global test acc  79.5100
Round 200 global test acc  79.3100
Round 201 global test acc  80.3300
Round 202 global test acc  80.4000
Round 203 global test acc  79.9700
Round 204 global test acc  78.3400
Round 205 global test acc  78.6400
Round 206 global test acc  77.7100
Round 207 global test acc  79.7600
Round 208 global test acc  80.0200
Round 209 global test acc  78.5100
Round 210 global test acc  78.1300
Round 211 global test acc  76.2600
Round 212 global test acc  78.6000
Round 213 global test acc  78.3600
Round 214 global test acc  79.8800
Round 215 global test acc  79.0100
Round 216 global test acc  78.4000
Round 217 global test acc  78.0400
Round 218 global test acc  81.0500
Round 219 global test acc  80.5500
Round 220 global test acc  78.4900
Round 221 global test acc  79.9400
Round 222 global test acc  79.2900
Round 223 global test acc  78.1100
Round 224 global test acc  77.1100
Round 225 global test acc  81.2400
Round 226 global test acc  78.6300
Round 227 global test acc  80.3100
Round 228 global test acc  82.3600
Round 229 global test acc  78.1700
Round 230 global test acc  79.1400
Round 231 global test acc  81.4500
Round 232 global test acc  80.8100
Round 233 global test acc  81.2300
Round 234 global test acc  79.0700
Round 235 global test acc  81.2000
Round 236 global test acc  82.3500
Round 237 global test acc  82.5000
Round 238 global test acc  81.7600
Round 239 global test acc  81.5600
Round 240 global test acc  80.2800
Round 241 global test acc  79.7600
Round 242 global test acc  81.5500
Round 243 global test acc  81.5600
Round 244 global test acc  80.4600
Round 245 global test acc  76.8600
Round 246 global test acc  80.2200
Round 247 global test acc  80.0400
Round 248 global test acc  80.0300
Round 249 global test acc  78.8100
Round 250 global test acc  79.3700
Round 251 global test acc  81.0900
Round 252 global test acc  79.4700
Round 253 global test acc  80.4000
Round 254 global test acc  81.4400
Round 255 global test acc  81.5000
Round 256 global test acc  81.3900
Round 257 global test acc  82.1800
Round 258 global test acc  82.5100
Round 259 global test acc  81.1800
Round 260 global test acc  79.8800
Round 261 global test acc  79.1700
Round 262 global test acc  81.1400
Round 263 global test acc  81.2200
Round 264 global test acc  77.9100
Round 265 global test acc  82.4700
Round 266 global test acc  81.0100
Round 267 global test acc  81.4900
Round 268 global test acc  80.9800
Round 269 global test acc  81.2600
Round 270 global test acc  80.3700
Round 271 global test acc  78.8100
Round 272 global test acc  79.4100
Round 273 global test acc  80.6900
Round 274 global test acc  81.8800
Round 275 global test acc  80.4500
Round 276 global test acc  80.4700
Round 277 global test acc  80.8600
Round 278 global test acc  81.7600
Round 279 global test acc  81.1800
Round 280 global test acc  81.8300
Round 281 global test acc  80.3000
Round 282 global test acc  81.6900
Round 283 global test acc  81.8600
Round 284 global test acc  82.3100
Round 285 global test acc  82.5200
Round 286 global test acc  80.2900
Round 287 global test acc  78.9900
Round 288 global test acc  81.8700
Round 289 global test acc  81.6100
Round 290 global test acc  82.5500
Round 291 global test acc  82.3400
Round 292 global test acc  81.7500
Round 293 global test acc  81.2600
Round 294 global test acc  80.9100
Round 295 global test acc  80.3300
Round 296 global test acc  81.0500
Round 297 global test acc  81.6100
Round 298 global test acc  80.9000
Round 299 global test acc  83.3100
Round 300 global test acc  83.0200
Round 301 global test acc  81.5800
Round 302 global test acc  83.4400
Round 303 global test acc  83.3300
Round 304 global test acc  82.1300
Round 305 global test acc  83.8800
Round 306 global test acc  82.8900
Round 307 global test acc  82.9500
Round 308 global test acc  83.0500
Round 309 global test acc  79.5000
Round 310 global test acc  81.6200
Round 311 global test acc  81.1700
Round 312 global test acc  80.3600
Round 313 global test acc  82.4500
Round 314 global test acc  82.0000
Round 315 global test acc  82.2600
Round 316 global test acc  81.7200
Round 317 global test acc  82.1900
Round 318 global test acc  81.9000
Round 319 global test acc  80.0000
Round 320 global test acc  81.6500
Round 321 global test acc  82.0600
Round 322 global test acc  83.3100
Round 323 global test acc  80.6500
Round 324 global test acc  81.9600
Round 325 global test acc  82.1900
Round 326 global test acc  81.7500
Round 327 global test acc  83.3200
Round 328 global test acc  83.2400
Round 329 global test acc  81.4800
Round 330 global test acc  81.5500
Round 331 global test acc  79.4200
Round 332 global test acc  82.8300
Round 333 global test acc  81.9700
Round 334 global test acc  81.3300
Round 335 global test acc  82.0700
Round 336 global test acc  82.5000
Round 337 global test acc  83.0500
Round 338 global test acc  81.1500
Round 339 global test acc  82.0900
Round 340 global test acc  81.0800
Round 341 global test acc  81.4500
Round 342 global test acc  83.1600
Round 343 global test acc  81.4300
Round 344 global test acc  82.3200
Round 345 global test acc  83.2200
Round 346 global test acc  82.0500
Round 347 global test acc  82.6000
Round 348 global test acc  80.6400
Round 349 global test acc  81.5000
Round 350 global test acc  81.6700
Round 351 global test acc  81.8100
Round 352 global test acc  82.2400
Round 353 global test acc  83.2300
Round 354 global test acc  82.2700
Round 355 global test acc  79.7000
Round 356 global test acc  81.8700
Round 357 global test acc  81.2300
Round 358 global test acc  81.1800
Round 359 global test acc  82.8200
Round 360 global test acc  80.2400
Round 361 global test acc  84.5100
Round 362 global test acc  79.6300
Round 363 global test acc  83.4700
Round 364 global test acc  81.2300
Round 365 global test acc  83.4000
Round 366 global test acc  81.6200
Round 367 global test acc  79.7400
Round 368 global test acc  82.8500
Round 369 global test acc  82.7600
Round 370 global test acc  82.3800
Round 371 global test acc  83.5500
Round 372 global test acc  82.1700
Round 373 global test acc  83.7800
Round 374 global test acc  83.4200
Round 375 global test acc  83.0900
Round 376 global test acc  82.7800
Round 377 global test acc  83.1800
Round 378 global test acc  82.4400
Round 379 global test acc  81.6700
Round 380 global test acc  82.5000
Round 381 global test acc  81.5800
Round 382 global test acc  83.1800
Round 383 global test acc  83.5400
Round 384 global test acc  83.0300
Round 385 global test acc  82.7300
Round 386 global test acc  83.0800
Round 387 global test acc  82.5500
Round 388 global test acc  83.3900
Round 389 global test acc  82.4100
Round 390 global test acc  83.6500
Round 391 global test acc  84.3200
Round 392 global test acc  84.1300
Round 393 global test acc  82.0400
Round 394 global test acc  82.8300
Round 395 global test acc  82.8700
Round 396 global test acc  83.0000
Round 397 global test acc  82.9800
Round 398 global test acc  82.9500
Round 399 global test acc  83.3000
Round 400 global test acc  83.0000
Round 401 global test acc  82.7600
Round 402 global test acc  83.5600
Round 403 global test acc  83.8500
Round 404 global test acc  83.3300
Round 405 global test acc  84.2200
Round 406 global test acc  84.1600
Round 407 global test acc  84.5900
Round 408 global test acc  83.9000
Round 409 global test acc  81.5500
Round 410 global test acc  82.2400
Round 411 global test acc  83.2200
Round 412 global test acc  82.0200
Round 413 global test acc  84.0600
Round 414 global test acc  84.4000
Round 415 global test acc  85.0500
Round 416 global test acc  83.7600
Round 417 global test acc  83.6200
Round 418 global test acc  84.8600
Round 419 global test acc  83.6600
Round 420 global test acc  84.4000
Round 421 global test acc  85.2600
Round 422 global test acc  84.5800
Round 423 global test acc  84.4100
Round 424 global test acc  84.2600
Round 425 global test acc  84.8500
Round 426 global test acc  83.4800
Round 427 global test acc  84.9100
Round 428 global test acc  85.3100
Round 429 global test acc  83.7600
Round 430 global test acc  84.7800
Round 431 global test acc  85.1000
Round 432 global test acc  84.3500
Round 433 global test acc  83.6600
Round 434 global test acc  83.1900
Round 435 global test acc  84.9700
Round 436 global test acc  83.5400
Round 437 global test acc  84.5800
Round 438 global test acc  84.6200
Round 439 global test acc  83.2900
Round 440 global test acc  84.3900
Round 441 global test acc  84.5200
Round 442 global test acc  83.6700
Round 443 global test acc  81.4300
Round 444 global test acc  82.1600
Round 445 global test acc  82.1900
Round 446 global test acc  82.6000
Round 447 global test acc  82.3300
Round 448 global test acc  83.8300
Round 449 global test acc  84.3100
time : 33065.63743495941
('algorithm', 'LocalCORES')
('gpu', 0)
('seed', 13)
('save_dir', './record/')
('rounds2', 450)
('local_ep', 5)
('frac2', 0.1)
('num_users', 100)
('local_bs', 32)
('lr', 0.01)
('model', 'resnet18')
('num_classes', 10)
('level_n_system', 0.0)
('level_n_lowerb', 0.0)
('alpha_dirichlet', 10)
('non_iid_prob_class', 0.7)
('dataset', 'cifar10')
('iid', True)
('LID_k', 20)
('iteration1', 5)
('rounds1', 200)
('frac1', 0.01)
('pretrained', False)
('mixup', False)
('alpha', 1)
('beta', 5)
('relabel_ratio', 0.5)
('confidence_thres', 0.5)
('clean_set_thres', 0.1)
('fine_tuning', True)
('correction', True)
('T_pl', 100)
('lambda_cen', 1.0)
('lambda_e', 0.8)
('num_gradual', 10)
('forget_rate', 0.2)
('lr_decay', 0.1)
('schedule', [])
('momentum', 0.5)
('weight_decay', 0.0001)
('feature_dim', 128)
('plr', 0.01)
('lamda', 15)
('K', 5)
('gamma', 1)
('begin_sel', 10)
('max_beta', 2.0)
('mu', 0.01)
('device', device(type='cuda', index=0))
Files already downloaded and verified
Files already downloaded and verified
Round 0 global test acc  22.4200
Round 1 global test acc  32.1400
Round 2 global test acc  40.2700
Round 3 global test acc  46.1800
Round 4 global test acc  44.9900
Round 5 global test acc  49.6700
Round 6 global test acc  51.5300
Round 7 global test acc  55.2800
Round 8 global test acc  56.5500
Round 9 global test acc  58.8200
Round 10 global test acc  59.6300
Round 11 global test acc  51.0700
Round 12 global test acc  44.2500
Round 13 global test acc  48.9000
Round 14 global test acc  47.2000
Round 15 global test acc  55.2400
Round 16 global test acc  53.1600
Round 17 global test acc  56.3600
Round 18 global test acc  57.4300
Round 19 global test acc  51.6200
Round 20 global test acc  59.6100
Round 21 global test acc  52.6000
Round 22 global test acc  58.1300
Round 23 global test acc  58.4000
Round 24 global test acc  61.9500
Round 25 global test acc  52.0200
Round 26 global test acc  57.1000
Round 27 global test acc  54.4000
Round 28 global test acc  52.2800
Round 29 global test acc  63.9600
Round 30 global test acc  60.5600
Round 31 global test acc  55.8100
Round 32 global test acc  56.2800
Round 33 global test acc  60.6200
Round 34 global test acc  54.5700
Round 35 global test acc  61.8400
Round 36 global test acc  65.6800
Round 37 global test acc  65.9800
Round 38 global test acc  61.8000
Round 39 global test acc  64.7900
Round 40 global test acc  58.4400
Round 41 global test acc  65.7900
Round 42 global test acc  64.7900
Round 43 global test acc  60.8200
Round 44 global test acc  63.1500
Round 45 global test acc  59.4700
Round 46 global test acc  65.7800
Round 47 global test acc  65.8000
Round 48 global test acc  65.8400
Round 49 global test acc  65.7700
Round 50 global test acc  66.3200
Round 51 global test acc  64.4200
Round 52 global test acc  68.7500
Round 53 global test acc  66.3500
Round 54 global test acc  63.3900
Round 55 global test acc  62.5800
Round 56 global test acc  64.8900
Round 57 global test acc  65.5500
Round 58 global test acc  66.0700
Round 59 global test acc  68.8200
Round 60 global test acc  69.7500
Round 61 global test acc  63.7700
Round 62 global test acc  61.9500
Round 63 global test acc  63.9700
Round 64 global test acc  53.4900
Round 65 global test acc  64.7300
Round 66 global test acc  65.6200
Round 67 global test acc  68.8200
Round 68 global test acc  68.8700
Round 69 global test acc  69.2400
Round 70 global test acc  70.2700
Round 71 global test acc  66.3000
Round 72 global test acc  67.7200
Round 73 global test acc  69.8800
Round 74 global test acc  66.8700
Round 75 global test acc  62.9200
Round 76 global test acc  65.6100
Round 77 global test acc  67.1000
Round 78 global test acc  61.8300
Round 79 global test acc  67.8500
Round 80 global test acc  67.7000
Round 81 global test acc  69.2900
Round 82 global test acc  70.4300
Round 83 global test acc  70.9700
Round 84 global test acc  69.6700
Round 85 global test acc  65.1700
Round 86 global test acc  73.3300
Round 87 global test acc  74.2900
Round 88 global test acc  67.6200
Round 89 global test acc  71.9200
Round 90 global test acc  67.1800
Round 91 global test acc  71.4700
Round 92 global test acc  72.9600
Round 93 global test acc  73.5100
Round 94 global test acc  72.1800
Round 95 global test acc  72.8300
Round 96 global test acc  71.6000
Round 97 global test acc  71.4300
Round 98 global test acc  73.5900
Round 99 global test acc  73.8600
Round 100 global test acc  72.5500
Round 101 global test acc  75.3800
Round 102 global test acc  74.8500
Round 103 global test acc  69.9400
Round 104 global test acc  74.1500
Round 105 global test acc  69.9700
Round 106 global test acc  73.5500
Round 107 global test acc  68.8100
Round 108 global test acc  71.7300
Round 109 global test acc  71.7900
Round 110 global test acc  76.9700
Round 111 global test acc  76.1000
Round 112 global test acc  74.9700
Round 113 global test acc  64.1200
Round 114 global test acc  76.6900
Round 115 global test acc  75.5200
Round 116 global test acc  74.9500
Round 117 global test acc  72.3300
Round 118 global test acc  72.0400
Round 119 global test acc  74.1900
Round 120 global test acc  76.3600
Round 121 global test acc  72.1400
Round 122 global test acc  70.9400
Round 123 global test acc  71.8800
Round 124 global test acc  68.4100
Round 125 global test acc  74.3800
Round 126 global test acc  73.0900
Round 127 global test acc  75.2200
Round 128 global test acc  73.6700
Round 129 global test acc  75.1800
Round 130 global test acc  76.1200
Round 131 global test acc  76.1900
Round 132 global test acc  71.8000
Round 133 global test acc  72.5700
Round 134 global test acc  74.1000
Round 135 global test acc  74.3700
Round 136 global test acc  76.1300
Round 137 global test acc  76.5300
Round 138 global test acc  75.9400
Round 139 global test acc  78.6500
Round 140 global test acc  76.1600
Round 141 global test acc  74.6400
Round 142 global test acc  76.1200
Round 143 global test acc  78.2600
Round 144 global test acc  76.5500
Round 145 global test acc  79.1200
Round 146 global test acc  74.3000
Round 147 global test acc  75.6600
Round 148 global test acc  76.3400
Round 149 global test acc  76.2500
Round 150 global test acc  72.8200
Round 151 global test acc  76.4400
Round 152 global test acc  76.1700
Round 153 global test acc  78.1300
Round 154 global test acc  77.5600
Round 155 global test acc  78.3600
Round 156 global test acc  75.3300
Round 157 global test acc  77.4500
Round 158 global test acc  74.7500
Round 159 global test acc  78.9300
Round 160 global test acc  79.2200
Round 161 global test acc  79.1800
Round 162 global test acc  73.7900
Round 163 global test acc  78.2000
Round 164 global test acc  79.1900
Round 165 global test acc  78.1300
Round 166 global test acc  77.1600
Round 167 global test acc  77.9500
Round 168 global test acc  76.0800
Round 169 global test acc  79.7400
Round 170 global test acc  78.5000
Round 171 global test acc  77.8100
Round 172 global test acc  72.4100
Round 173 global test acc  75.2200
Round 174 global test acc  76.4900
Round 175 global test acc  77.4300
Round 176 global test acc  78.2300
Round 177 global test acc  79.2200
Round 178 global test acc  78.4800
Round 179 global test acc  75.6200
Round 180 global test acc  75.4100
Round 181 global test acc  79.5800
Round 182 global test acc  74.8500
Round 183 global test acc  75.4000
Round 184 global test acc  74.6700
Round 185 global test acc  78.3900
Round 186 global test acc  79.0500
Round 187 global test acc  69.8200
Round 188 global test acc  74.8000
Round 189 global test acc  78.9400
Round 190 global test acc  76.4200
Round 191 global test acc  76.5300
Round 192 global test acc  76.3700
Round 193 global test acc  79.2100
Round 194 global test acc  79.4600
Round 195 global test acc  76.1600
Round 196 global test acc  79.1700
Round 197 global test acc  79.5400
Round 198 global test acc  79.1900
Round 199 global test acc  77.9800
Round 200 global test acc  79.3500
Round 201 global test acc  79.5000
Round 202 global test acc  79.9100
Round 203 global test acc  80.8600
Round 204 global test acc  76.2100
Round 205 global test acc  77.0200
Round 206 global test acc  77.1100
Round 207 global test acc  80.8600
Round 208 global test acc  79.2400
Round 209 global test acc  77.8000
Round 210 global test acc  77.8200
Round 211 global test acc  77.5500
Round 212 global test acc  78.6100
Round 213 global test acc  78.8800
Round 214 global test acc  79.5200
Round 215 global test acc  78.1900
Round 216 global test acc  78.2300
Round 217 global test acc  78.2600
Round 218 global test acc  80.6000
Round 219 global test acc  80.1300
Round 220 global test acc  78.8200
Round 221 global test acc  79.4900
Round 222 global test acc  77.9900
Round 223 global test acc  78.0600
Round 224 global test acc  78.3800
Round 225 global test acc  81.0500
Round 226 global test acc  78.3400
Round 227 global test acc  80.1900
Round 228 global test acc  81.5300
Round 229 global test acc  77.5500
Round 230 global test acc  79.7500
Round 231 global test acc  80.9900
Round 232 global test acc  80.1700
Round 233 global test acc  81.5400
Round 234 global test acc  79.2900
Round 235 global test acc  80.7900
Round 236 global test acc  82.0100
Round 237 global test acc  81.8800
Round 238 global test acc  81.3000
Round 239 global test acc  81.3100
Round 240 global test acc  79.1500
Round 241 global test acc  78.9100
Round 242 global test acc  81.8000
Round 243 global test acc  81.6000
Round 244 global test acc  79.0800
Round 245 global test acc  77.1300
Round 246 global test acc  80.8500
Round 247 global test acc  79.5200
Round 248 global test acc  81.6800
Round 249 global test acc  79.4500
Round 250 global test acc  78.2000
Round 251 global test acc  81.7100
Round 252 global test acc  80.3700
Round 253 global test acc  79.5900
Round 254 global test acc  82.2400
Round 255 global test acc  81.4000
Round 256 global test acc  80.3300
Round 257 global test acc  81.8800
Round 258 global test acc  81.9600
Round 259 global test acc  81.6000
Round 260 global test acc  78.9200
Round 261 global test acc  79.3600
Round 262 global test acc  80.8000
Round 263 global test acc  80.4800
Round 264 global test acc  78.8500
Round 265 global test acc  81.7800
Round 266 global test acc  81.1900
Round 267 global test acc  82.9700
Round 268 global test acc  80.0600
Round 269 global test acc  80.7100
Round 270 global test acc  80.8100
Round 271 global test acc  78.4600
Round 272 global test acc  79.3500
Round 273 global test acc  80.8600
Round 274 global test acc  80.7700
Round 275 global test acc  80.7000
Round 276 global test acc  79.2500
Round 277 global test acc  80.1100
Round 278 global test acc  79.3400
Round 279 global test acc  80.6300
Round 280 global test acc  80.9600
Round 281 global test acc  79.9800
Round 282 global test acc  81.6000
Round 283 global test acc  81.4300
Round 284 global test acc  81.4100
Round 285 global test acc  81.7600
Round 286 global test acc  79.7400
Round 287 global test acc  78.3900
Round 288 global test acc  80.8800
Round 289 global test acc  80.9800
Round 290 global test acc  81.6800
Round 291 global test acc  82.3600
Round 292 global test acc  81.7500
Round 293 global test acc  80.5700
Round 294 global test acc  80.2200
Round 295 global test acc  79.9900
Round 296 global test acc  80.2400
Round 297 global test acc  80.7000
Round 298 global test acc  80.1600
Round 299 global test acc  81.9800
Round 300 global test acc  82.3400
Round 301 global test acc  82.2900
Round 302 global test acc  83.1200
Round 303 global test acc  82.2700
Round 304 global test acc  81.6700
Round 305 global test acc  83.0400
Round 306 global test acc  82.4100
Round 307 global test acc  82.5900
Round 308 global test acc  82.7000
Round 309 global test acc  79.6500
Round 310 global test acc  81.9700
Round 311 global test acc  79.9400
Round 312 global test acc  78.9800
Round 313 global test acc  81.9800
Round 314 global test acc  81.4100
Round 315 global test acc  81.9900
Round 316 global test acc  82.9500
Round 317 global test acc  82.1800
Round 318 global test acc  81.4400
Round 319 global test acc  80.0400
Round 320 global test acc  81.1000
Round 321 global test acc  82.6600
Round 322 global test acc  82.6700
Round 323 global test acc  80.3200
Round 324 global test acc  82.5700
Round 325 global test acc  82.7100
Round 326 global test acc  82.8500
Round 327 global test acc  83.6000
Round 328 global test acc  83.5600
Round 329 global test acc  82.1300
Round 330 global test acc  82.4700
Round 331 global test acc  79.6700
Round 332 global test acc  83.7000
Round 333 global test acc  82.6100
Round 334 global test acc  80.6700
Round 335 global test acc  83.3000
Round 336 global test acc  82.9800
Round 337 global test acc  82.9700
Round 338 global test acc  81.9100
Round 339 global test acc  83.0200
Round 340 global test acc  80.7600
Round 341 global test acc  80.3100
Round 342 global test acc  82.3800
Round 343 global test acc  80.3400
Round 344 global test acc  81.8400
Round 345 global test acc  82.9000
Round 346 global test acc  83.1800
Round 347 global test acc  82.0900
Round 348 global test acc  81.9100
Round 349 global test acc  82.0400
Round 350 global test acc  83.8500
Round 351 global test acc  82.0100
Round 352 global test acc  82.6200
Round 353 global test acc  82.4100
Round 354 global test acc  83.4200
Round 355 global test acc  81.1500
Round 356 global test acc  82.3000
Round 357 global test acc  82.6600
Round 358 global test acc  81.5400
Round 359 global test acc  83.6900
Round 360 global test acc  82.5200
Round 361 global test acc  84.5600
Round 362 global test acc  79.6700
Round 363 global test acc  83.9700
Round 364 global test acc  81.5100
Round 365 global test acc  83.7200
Round 366 global test acc  82.5600
Round 367 global test acc  79.4000
Round 368 global test acc  83.3100
Round 369 global test acc  83.2200
Round 370 global test acc  83.4700
Round 371 global test acc  83.7300
Round 372 global test acc  80.7400
Round 373 global test acc  83.3400
Round 374 global test acc  83.2400
Round 375 global test acc  83.3100
Round 376 global test acc  84.0900
Round 377 global test acc  83.9200
Round 378 global test acc  82.5700
Round 379 global test acc  81.2100
Round 380 global test acc  82.7400
Round 381 global test acc  81.6800
Round 382 global test acc  82.6500
Round 383 global test acc  83.8000
Round 384 global test acc  83.6900
Round 385 global test acc  82.1900
Round 386 global test acc  83.0700
Round 387 global test acc  82.3100
Round 388 global test acc  82.2300
Round 389 global test acc  82.5000
Round 390 global test acc  84.2200
Round 391 global test acc  84.5100
Round 392 global test acc  83.7400
Round 393 global test acc  82.0900
Round 394 global test acc  82.9300
Round 395 global test acc  82.7000
Round 396 global test acc  82.1100
Round 397 global test acc  82.5300
Round 398 global test acc  83.3000
Round 399 global test acc  84.4100
Round 400 global test acc  82.3500
Round 401 global test acc  82.4300
Round 402 global test acc  84.6000
Round 403 global test acc  84.0000
Round 404 global test acc  83.6400
Round 405 global test acc  83.3700
Round 406 global test acc  82.6400
Round 407 global test acc  83.9900
Round 408 global test acc  83.1600
Round 409 global test acc  81.9300
Round 410 global test acc  81.9400
Round 411 global test acc  82.0800
Round 412 global test acc  81.0900
Round 413 global test acc  83.8900
Round 414 global test acc  83.9900
Round 415 global test acc  84.1500
Round 416 global test acc  82.6500
Round 417 global test acc  83.1400
Round 418 global test acc  85.1900
Round 419 global test acc  83.7700
Round 420 global test acc  84.7100
Round 421 global test acc  84.7100
Round 422 global test acc  84.5200
Round 423 global test acc  84.6900
Round 424 global test acc  84.2700
Round 425 global test acc  85.1400
Round 426 global test acc  83.4700
Round 427 global test acc  84.8700
Round 428 global test acc  85.6000
Round 429 global test acc  84.0000
Round 430 global test acc  84.3700
Round 431 global test acc  84.9400
Round 432 global test acc  84.1200
Round 433 global test acc  83.5600
Round 434 global test acc  83.5400
Round 435 global test acc  84.8700
Round 436 global test acc  83.8200
Round 437 global test acc  84.9300
Round 438 global test acc  83.1300
Round 439 global test acc  83.2300
Round 440 global test acc  84.3800
Round 441 global test acc  84.0900
Round 442 global test acc  84.2900
Round 443 global test acc  83.3900
Round 444 global test acc  84.2800
Round 445 global test acc  83.0800
Round 446 global test acc  82.5400
Round 447 global test acc  82.4800
Round 448 global test acc  84.0200
Round 449 global test acc  84.4600
time : 33771.82483792305
('algorithm', 'LocalCORES')
('gpu', 1)
('seed', 13)
('save_dir', './record/')
('rounds2', 450)
('local_ep', 5)
('frac2', 0.1)
('num_users', 100)
('local_bs', 32)
('lr', 0.01)
('model', 'resnet18')
('num_classes', 10)
('level_n_system', 0.0)
('level_n_lowerb', 0.0)
('alpha_dirichlet', 10)
('non_iid_prob_class', 0.7)
('dataset', 'cifar10')
('iid', True)
('LID_k', 20)
('iteration1', 5)
('rounds1', 200)
('frac1', 0.01)
('pretrained', False)
('mixup', False)
('alpha', 1)
('beta', 5)
('relabel_ratio', 0.5)
('confidence_thres', 0.5)
('clean_set_thres', 0.1)
('fine_tuning', True)
('correction', True)
('T_pl', 100)
('lambda_cen', 1.0)
('lambda_e', 0.8)
('num_gradual', 10)
('forget_rate', 0.2)
('lr_decay', 0.1)
('schedule', [])
('momentum', 0.5)
('weight_decay', 0.0001)
('feature_dim', 128)
('plr', 0.01)
('lamda', 15)
('K', 5)
('gamma', 1)
('begin_sel', 10)
('max_beta', 2.0)
('mu', 0.01)
('device', device(type='cuda', index=1))
Files already downloaded and verified
Files already downloaded and verified
Round 0 global test acc  23.2500
Round 1 global test acc  34.6400
Round 2 global test acc  40.2400
Round 3 global test acc  45.8700
Round 4 global test acc  44.8100
Round 5 global test acc  48.8700
Round 6 global test acc  52.1900
Round 7 global test acc  54.5300
Round 8 global test acc  55.6600
Round 9 global test acc  58.6800
Round 10 global test acc  59.2800
Round 11 global test acc  51.7800
Round 12 global test acc  44.7700
Round 13 global test acc  51.1700
Round 14 global test acc  47.8700
Round 15 global test acc  55.4800
Round 16 global test acc  53.7100
Round 17 global test acc  56.4600
Round 18 global test acc  58.8300
Round 19 global test acc  51.9900
Round 20 global test acc  59.8900
Round 21 global test acc  55.7000
Round 22 global test acc  59.2700
Round 23 global test acc  57.9600
Round 24 global test acc  62.1300
Round 25 global test acc  52.6700
Round 26 global test acc  57.6300
Round 27 global test acc  55.4700
Round 28 global test acc  53.6800
Round 29 global test acc  64.5800
Round 30 global test acc  61.1300
Round 31 global test acc  59.3400
Round 32 global test acc  56.7400
Round 33 global test acc  62.8400
Round 34 global test acc  55.1800
Round 35 global test acc  62.8500
Round 36 global test acc  66.2800
Round 37 global test acc  67.5000
Round 38 global test acc  59.9200
Round 39 global test acc  65.2600
Round 40 global test acc  60.5600
Round 41 global test acc  64.9400
Round 42 global test acc  62.8500
Round 43 global test acc  61.5600
Round 44 global test acc  65.7100
Round 45 global test acc  61.5700
Round 46 global test acc  67.6800
Round 47 global test acc  65.8100
Round 48 global test acc  68.4200
Round 49 global test acc  65.8200
Round 50 global test acc  65.4500
Round 51 global test acc  65.0600
Round 52 global test acc  67.9300
Round 53 global test acc  66.3400
Round 54 global test acc  65.0000
Round 55 global test acc  63.5500
Round 56 global test acc  65.3200
Round 57 global test acc  67.7500
Round 58 global test acc  67.0900
Round 59 global test acc  69.3700
Round 60 global test acc  68.9900
Round 61 global test acc  62.4900
Round 62 global test acc  63.6200
Round 63 global test acc  66.0200
Round 64 global test acc  54.2600
Round 65 global test acc  67.7100
Round 66 global test acc  68.1100
Round 67 global test acc  69.1500
Round 68 global test acc  69.6700
Round 69 global test acc  70.0900
Round 70 global test acc  68.7100
Round 71 global test acc  66.8500
Round 72 global test acc  69.2800
Round 73 global test acc  70.4700
Round 74 global test acc  67.6000
Round 75 global test acc  65.0500
Round 76 global test acc  67.8600
Round 77 global test acc  67.6200
Round 78 global test acc  62.3200
Round 79 global test acc  67.5500
Round 80 global test acc  67.2500
Round 81 global test acc  67.8100
Round 82 global test acc  70.5200
Round 83 global test acc  72.3200
Round 84 global test acc  70.6900
Round 85 global test acc  66.0900
Round 86 global test acc  75.1600
Round 87 global test acc  75.1800
Round 88 global test acc  65.8200
Round 89 global test acc  70.8900
Round 90 global test acc  68.7600
Round 91 global test acc  72.5800
Round 92 global test acc  73.3600
Round 93 global test acc  73.2900
Round 94 global test acc  71.8900
Round 95 global test acc  74.1900
Round 96 global test acc  71.4700
Round 97 global test acc  73.3500
Round 98 global test acc  74.1700
Round 99 global test acc  74.7400
Round 100 global test acc  74.1500
Round 101 global test acc  76.2300
Round 102 global test acc  75.1900
Round 103 global test acc  69.7200
Round 104 global test acc  72.9100
Round 105 global test acc  70.6200
Round 106 global test acc  75.0000
Round 107 global test acc  71.4400
Round 108 global test acc  72.3800
Round 109 global test acc  70.0600
Round 110 global test acc  76.3900
Round 111 global test acc  75.8400
Round 112 global test acc  73.7500
Round 113 global test acc  63.5600
Round 114 global test acc  76.4500
Round 115 global test acc  75.9500
Round 116 global test acc  75.6000
Round 117 global test acc  74.7200
Round 118 global test acc  72.0800
Round 119 global test acc  72.9000
Round 120 global test acc  76.8200
Round 121 global test acc  72.5900
Round 122 global test acc  72.4700
Round 123 global test acc  73.1400
Round 124 global test acc  68.6500
Round 125 global test acc  75.9100
Round 126 global test acc  74.8600
Round 127 global test acc  76.4700
Round 128 global test acc  75.3700
Round 129 global test acc  76.0200
Round 130 global test acc  74.0000
Round 131 global test acc  73.8100
Round 132 global test acc  71.9400
Round 133 global test acc  71.6600
Round 134 global test acc  75.1100
Round 135 global test acc  74.0500
Round 136 global test acc  76.6600
Round 137 global test acc  78.2700
Round 138 global test acc  76.5200
Round 139 global test acc  78.1000
Round 140 global test acc  77.2600
Round 141 global test acc  74.8200
Round 142 global test acc  75.6300
Round 143 global test acc  76.3800
Round 144 global test acc  76.1000
Round 145 global test acc  79.5100
Round 146 global test acc  74.3800
Round 147 global test acc  76.0700
Round 148 global test acc  76.2100
Round 149 global test acc  77.0500
Round 150 global test acc  74.4200
Round 151 global test acc  77.0800
Round 152 global test acc  77.2300
Round 153 global test acc  78.4600
Round 154 global test acc  79.2100
Round 155 global test acc  79.8100
Round 156 global test acc  75.0300
Round 157 global test acc  77.2700
Round 158 global test acc  74.7300
Round 159 global test acc  77.8000
Round 160 global test acc  79.3500
Round 161 global test acc  79.2100
Round 162 global test acc  74.1700
Round 163 global test acc  78.5300
Round 164 global test acc  79.1100
Round 165 global test acc  76.7900
Round 166 global test acc  77.3000
Round 167 global test acc  78.8300
Round 168 global test acc  76.5700
Round 169 global test acc  79.5200
Round 170 global test acc  78.4800
Round 171 global test acc  78.0400
Round 172 global test acc  72.7200
Round 173 global test acc  75.8100
Round 174 global test acc  76.2800
Round 175 global test acc  77.6600
Round 176 global test acc  79.2300
Round 177 global test acc  79.4700
Round 178 global test acc  77.7000
Round 179 global test acc  75.6600
Round 180 global test acc  74.5500
Round 181 global test acc  79.2200
Round 182 global test acc  75.5800
Round 183 global test acc  76.3600
Round 184 global test acc  74.8100
Round 185 global test acc  79.0300
Round 186 global test acc  80.1100
Round 187 global test acc  70.8900
Round 188 global test acc  75.9300
Round 189 global test acc  78.9600
Round 190 global test acc  77.0100
Round 191 global test acc  75.9600
Round 192 global test acc  76.9700
Round 193 global test acc  80.2900
Round 194 global test acc  79.3600
Round 195 global test acc  76.6900
Round 196 global test acc  78.7100
Round 197 global test acc  80.3600
Round 198 global test acc  79.7000
Round 199 global test acc  78.7900
Round 200 global test acc  78.3600
Round 201 global test acc  81.1600
Round 202 global test acc  81.2800
Round 203 global test acc  80.5800
Round 204 global test acc  77.9600
Round 205 global test acc  78.4900
Round 206 global test acc  77.2600
Round 207 global test acc  79.2900
Round 208 global test acc  78.4300
Round 209 global test acc  78.2700
Round 210 global test acc  78.8300
Round 211 global test acc  75.8600
Round 212 global test acc  79.3900
Round 213 global test acc  79.3100
Round 214 global test acc  79.7000
Round 215 global test acc  78.5800
Round 216 global test acc  78.2600
Round 217 global test acc  78.2200
Round 218 global test acc  81.8300
Round 219 global test acc  80.9900
Round 220 global test acc  78.4600
Round 221 global test acc  79.5400
Round 222 global test acc  78.6000
Round 223 global test acc  78.5300
Round 224 global test acc  79.1800
Round 225 global test acc  81.0500
Round 226 global test acc  79.7800
Round 227 global test acc  79.7000
Round 228 global test acc  81.7900
Round 229 global test acc  77.8700
Round 230 global test acc  78.7100
Round 231 global test acc  81.1900
Round 232 global test acc  80.7200
Round 233 global test acc  80.5000
Round 234 global test acc  79.5700
Round 235 global test acc  80.2700
Round 236 global test acc  82.7100
Round 237 global test acc  82.0000
Round 238 global test acc  80.7600
Round 239 global test acc  80.6000
Round 240 global test acc  79.3300
Round 241 global test acc  79.6800
Round 242 global test acc  80.3400
Round 243 global test acc  81.8000
Round 244 global test acc  80.1500
Round 245 global test acc  75.8700
Round 246 global test acc  81.2300
Round 247 global test acc  80.9500
Round 248 global test acc  81.6300
Round 249 global test acc  80.7800
Round 250 global test acc  78.8500
Round 251 global test acc  82.4500
Round 252 global test acc  80.6600
Round 253 global test acc  80.3200
Round 254 global test acc  82.5800
Round 255 global test acc  82.2000
Round 256 global test acc  80.3100
Round 257 global test acc  81.4200
Round 258 global test acc  82.2900
Round 259 global test acc  81.2500
Round 260 global test acc  79.8200
Round 261 global test acc  79.8900
Round 262 global test acc  82.0400
Round 263 global test acc  81.2900
Round 264 global test acc  78.8800
Round 265 global test acc  81.4700
Round 266 global test acc  80.6900
Round 267 global test acc  82.1100
Round 268 global test acc  80.2900
Round 269 global test acc  81.0000
Round 270 global test acc  80.5700
Round 271 global test acc  77.3900
Round 272 global test acc  79.4000
Round 273 global test acc  81.4400
Round 274 global test acc  82.1600
Round 275 global test acc  79.6300
Round 276 global test acc  80.0400
Round 277 global test acc  81.1000
Round 278 global test acc  81.3200
Round 279 global test acc  81.2700
Round 280 global test acc  82.3600
Round 281 global test acc  81.3000
Round 282 global test acc  81.9700
Round 283 global test acc  82.4000
Round 284 global test acc  81.9900
Round 285 global test acc  82.3700
Round 286 global test acc  79.0200
Round 287 global test acc  79.6700
Round 288 global test acc  81.4000
Round 289 global test acc  81.9000
Round 290 global test acc  82.3300
Round 291 global test acc  81.9500
Round 292 global test acc  81.3600
Round 293 global test acc  81.6800
Round 294 global test acc  81.8200
Round 295 global test acc  80.5100
Round 296 global test acc  80.2300
Round 297 global test acc  81.5500
Round 298 global test acc  80.0800
Round 299 global test acc  82.4500
Round 300 global test acc  81.9600
Round 301 global test acc  82.4100
Round 302 global test acc  82.0000
Round 303 global test acc  82.2600
Round 304 global test acc  83.3400
Round 305 global test acc  84.2800
Round 306 global test acc  82.8800
Round 307 global test acc  82.7500
Round 308 global test acc  82.4500
Round 309 global test acc  80.0200
Round 310 global test acc  82.4800
Round 311 global test acc  81.0200
Round 312 global test acc  79.5600
Round 313 global test acc  82.4700
Round 314 global test acc  82.7700
Round 315 global test acc  82.7900
Round 316 global test acc  83.0900
Round 317 global test acc  82.5900
Round 318 global test acc  82.6700
Round 319 global test acc  80.9600
Round 320 global test acc  82.2000
Round 321 global test acc  82.3500
Round 322 global test acc  83.4200
Round 323 global test acc  81.2900
Round 324 global test acc  82.8100
Round 325 global test acc  82.0200
Round 326 global test acc  81.9400
Round 327 global test acc  84.4800
Round 328 global test acc  83.6100
Round 329 global test acc  82.3000
Round 330 global test acc  82.5600
Round 331 global test acc  80.1200
Round 332 global test acc  83.1600
Round 333 global test acc  81.9700
Round 334 global test acc  80.9700
Round 335 global test acc  82.8700
Round 336 global test acc  82.9400
Round 337 global test acc  83.6400
Round 338 global test acc  81.0400
Round 339 global test acc  82.7900
Round 340 global test acc  81.1100
Round 341 global test acc  80.5100
Round 342 global test acc  83.4400
Round 343 global test acc  80.5200
Round 344 global test acc  82.3800
Round 345 global test acc  82.1300
Round 346 global test acc  81.7300
Round 347 global test acc  82.2800
Round 348 global test acc  80.5200
Round 349 global test acc  82.2200
Round 350 global test acc  82.9200
Round 351 global test acc  81.6000
Round 352 global test acc  83.0400
Round 353 global test acc  81.8300
Round 354 global test acc  82.9500
Round 355 global test acc  80.6600
Round 356 global test acc  82.0600
Round 357 global test acc  81.4100
Round 358 global test acc  81.8000
Round 359 global test acc  84.0200
Round 360 global test acc  83.0000
Round 361 global test acc  84.7700
Round 362 global test acc  79.9900
Round 363 global test acc  83.8400
Round 364 global test acc  82.2200
Round 365 global test acc  83.9100
Round 366 global test acc  81.6400
Round 367 global test acc  79.4700
Round 368 global test acc  82.7400
Round 369 global test acc  83.2200
Round 370 global test acc  82.3300
Round 371 global test acc  83.3600
Round 372 global test acc  80.8200
Round 373 global test acc  83.2400
Round 374 global test acc  83.3200
Round 375 global test acc  82.9900
Round 376 global test acc  83.5800
Round 377 global test acc  83.5800
Round 378 global test acc  82.5200
Round 379 global test acc  83.0900
Round 380 global test acc  83.8100
Round 381 global test acc  82.1200
Round 382 global test acc  83.5800
Round 383 global test acc  84.1800
Round 384 global test acc  83.7000
Round 385 global test acc  83.0500
Round 386 global test acc  83.5100
Round 387 global test acc  83.2700
Round 388 global test acc  82.8000
Round 389 global test acc  81.6300
Round 390 global test acc  83.9200
Round 391 global test acc  84.7200
Round 392 global test acc  84.1800
Round 393 global test acc  82.5900
Round 394 global test acc  82.9900
Round 395 global test acc  82.7400
Round 396 global test acc  82.6000
Round 397 global test acc  82.7200
Round 398 global test acc  83.4900
Round 399 global test acc  83.5900
Round 400 global test acc  82.6900
Round 401 global test acc  83.2700
Round 402 global test acc  83.6300
Round 403 global test acc  83.9300
Round 404 global test acc  83.7700
Round 405 global test acc  84.0700
Round 406 global test acc  83.7000
Round 407 global test acc  84.4000
Round 408 global test acc  83.0100
Round 409 global test acc  81.3500
Round 410 global test acc  81.1500
Round 411 global test acc  82.6900
Round 412 global test acc  81.3700
Round 413 global test acc  84.1100
Round 414 global test acc  84.3700
Round 415 global test acc  85.0400
Round 416 global test acc  83.3500
Round 417 global test acc  83.6000
Round 418 global test acc  85.5300
Round 419 global test acc  83.9300
Round 420 global test acc  85.0500
Round 421 global test acc  85.4200
Round 422 global test acc  84.4100
Round 423 global test acc  85.3100
Round 424 global test acc  85.2100
Round 425 global test acc  84.9600
Round 426 global test acc  83.8000
Round 427 global test acc  85.3300
Round 428 global test acc  85.8200
Round 429 global test acc  84.3800
Round 430 global test acc  85.0500
Round 431 global test acc  85.3900
Round 432 global test acc  84.0900
Round 433 global test acc  83.1200
Round 434 global test acc  83.7500
Round 435 global test acc  85.3600
Round 436 global test acc  83.4300
Round 437 global test acc  85.7400
Round 438 global test acc  82.7600
Round 439 global test acc  82.9500
Round 440 global test acc  85.0500
Round 441 global test acc  84.4200
Round 442 global test acc  84.0600
Round 443 global test acc  82.3200
Round 444 global test acc  81.2800
Round 445 global test acc  82.9700
Round 446 global test acc  82.2100
Round 447 global test acc  82.6600
Round 448 global test acc  83.8800
Round 449 global test acc  83.8900
time : 35583.49178957939
('algorithm', 'LocalCORES')
('gpu', 0)
('seed', 13)
('save_dir', './record/')
('rounds2', 450)
('local_ep', 5)
('frac2', 0.1)
('num_users', 100)
('local_bs', 32)
('lr', 0.01)
('model', 'resnet18')
('num_classes', 10)
('level_n_system', 0.0)
('level_n_lowerb', 0.0)
('alpha_dirichlet', 10)
('non_iid_prob_class', 0.7)
('dataset', 'cifar10')
('iid', True)
('LID_k', 20)
('iteration1', 5)
('rounds1', 200)
('frac1', 0.01)
('pretrained', False)
('mixup', False)
('alpha', 1)
('beta', 5)
('relabel_ratio', 0.5)
('confidence_thres', 0.5)
('clean_set_thres', 0.1)
('fine_tuning', True)
('correction', True)
('T_pl', 100)
('lambda_cen', 1.0)
('lambda_e', 0.8)
('num_gradual', 10)
('forget_rate', 0.2)
('lr_decay', 0.1)
('schedule', [])
('momentum', 0.5)
('weight_decay', 0.0001)
('feature_dim', 128)
('plr', 0.01)
('lamda', 15)
('K', 5)
('gamma', 1)
('begin_sel', 10)
('max_beta', 2)
('mu', 0.01)
('device', device(type='cuda', index=0))
Files already downloaded and verified
Files already downloaded and verified
Round 0 global test acc  23.5400
Round 1 global test acc  32.2700
Round 2 global test acc  39.7000
Round 3 global test acc  45.3800
Round 4 global test acc  47.4200
Round 5 global test acc  50.6800
Round 6 global test acc  52.5900
Round 7 global test acc  54.5700
Round 8 global test acc  55.9500
Round 9 global test acc  58.1600
Round 10 global test acc  59.9300
Round 11 global test acc  47.8200
Round 12 global test acc  43.8500
Round 13 global test acc  51.6500
Round 14 global test acc  48.0800
Round 15 global test acc  55.7900
Round 16 global test acc  56.7000
Round 17 global test acc  53.7200
Round 18 global test acc  56.5500
Round 19 global test acc  53.5400
Round 20 global test acc  56.9700
Round 21 global test acc  56.9800
Round 22 global test acc  59.7600
Round 23 global test acc  58.5800
Round 24 global test acc  60.0500
Round 25 global test acc  49.2700
Round 26 global test acc  59.9000
Round 27 global test acc  54.3700
Round 28 global test acc  55.2900
Round 29 global test acc  64.5100
Round 30 global test acc  58.4200
Round 31 global test acc  56.9100
Round 32 global test acc  56.3700
Round 33 global test acc  61.4900
Round 34 global test acc  54.2700
Round 35 global test acc  59.3900
Round 36 global test acc  66.0300
Round 37 global test acc  64.1800
Round 38 global test acc  60.6100
Round 39 global test acc  65.8700
Round 40 global test acc  59.5900
Round 41 global test acc  62.4300
Round 42 global test acc  60.1000
Round 43 global test acc  60.1800
Round 44 global test acc  61.2800
Round 45 global test acc  62.8600
Round 46 global test acc  66.2300
Round 47 global test acc  64.1200
Round 48 global test acc  65.3100
Round 49 global test acc  67.9300
Round 50 global test acc  65.8300
Round 51 global test acc  67.0100
Round 52 global test acc  67.1400
Round 53 global test acc  64.5000
Round 54 global test acc  64.8900
Round 55 global test acc  66.4200
Round 56 global test acc  63.4200
Round 57 global test acc  65.9700
Round 58 global test acc  65.3700
Round 59 global test acc  68.0300
Round 60 global test acc  68.9900
Round 61 global test acc  62.6300
Round 62 global test acc  62.7500
Round 63 global test acc  62.9900
Round 64 global test acc  53.6900
Round 65 global test acc  65.0100
Round 66 global test acc  65.3400
Round 67 global test acc  68.9600
Round 68 global test acc  67.3300
Round 69 global test acc  69.9200
Round 70 global test acc  68.4900
Round 71 global test acc  69.1500
Round 72 global test acc  68.7400
Round 73 global test acc  71.2200
Round 74 global test acc  70.1600
Round 75 global test acc  67.7400
Round 76 global test acc  65.8800
Round 77 global test acc  69.0100
Round 78 global test acc  62.7600
Round 79 global test acc  67.7400
Round 80 global test acc  69.0900
Round 81 global test acc  69.5400
Round 82 global test acc  71.9800
Round 83 global test acc  72.2700
Round 84 global test acc  71.6800
Round 85 global test acc  65.0200
Round 86 global test acc  73.8900
Round 87 global test acc  74.7400
Round 88 global test acc  65.6700
Round 89 global test acc  71.7500
Round 90 global test acc  68.5900
Round 91 global test acc  71.6700
Round 92 global test acc  71.4200
Round 93 global test acc  73.4100
Round 94 global test acc  69.7400
Round 95 global test acc  73.0100
Round 96 global test acc  73.0600
Round 97 global test acc  73.7900
Round 98 global test acc  73.2400
Round 99 global test acc  75.5200
Round 100 global test acc  74.4200
Round 101 global test acc  75.3800
Round 102 global test acc  74.2700
Round 103 global test acc  68.5200
Round 104 global test acc  71.4200
Round 105 global test acc  64.5200
Round 106 global test acc  74.1700
Round 107 global test acc  72.8500
Round 108 global test acc  71.5200
Round 109 global test acc  70.9300
Round 110 global test acc  75.9300
Round 111 global test acc  74.3800
Round 112 global test acc  72.2800
Round 113 global test acc  67.5100
Round 114 global test acc  77.6600
Round 115 global test acc  75.0600
Round 116 global test acc  74.3900
Round 117 global test acc  72.5300
Round 118 global test acc  70.9500
Round 119 global test acc  72.8400
Round 120 global test acc  75.3900
Round 121 global test acc  72.1200
Round 122 global test acc  72.8900
Round 123 global test acc  70.0600
Round 124 global test acc  68.9200
Round 125 global test acc  74.3400
Round 126 global test acc  73.5800
Round 127 global test acc  74.9400
Round 128 global test acc  73.3500
Round 129 global test acc  75.4700
Round 130 global test acc  76.3400
Round 131 global test acc  75.9700
Round 132 global test acc  71.2300
Round 133 global test acc  75.9200
Round 134 global test acc  74.7700
Round 135 global test acc  74.8400
Round 136 global test acc  76.0600
Round 137 global test acc  77.3600
Round 138 global test acc  75.7100
Round 139 global test acc  76.8500
Round 140 global test acc  75.9500
Round 141 global test acc  70.0400
Round 142 global test acc  73.1200
Round 143 global test acc  73.1500
Round 144 global test acc  75.4100
Round 145 global test acc  77.9200
Round 146 global test acc  72.0300
Round 147 global test acc  76.3300
Round 148 global test acc  74.2700
Round 149 global test acc  77.5400
Round 150 global test acc  74.0300
Round 151 global test acc  77.3800
Round 152 global test acc  76.3600
Round 153 global test acc  78.7400
Round 154 global test acc  78.6700
Round 155 global test acc  79.0600
Round 156 global test acc  75.3300
Round 157 global test acc  77.9000
Round 158 global test acc  74.1100
Round 159 global test acc  77.8700
Round 160 global test acc  79.0100
Round 161 global test acc  77.6500
Round 162 global test acc  73.9300
Round 163 global test acc  77.3300
Round 164 global test acc  78.1900
Round 165 global test acc  75.8000
Round 166 global test acc  78.5800
Round 167 global test acc  75.2500
Round 168 global test acc  75.6700
Round 169 global test acc  79.5100
Round 170 global test acc  76.3800
Round 171 global test acc  76.8400
Round 172 global test acc  71.3200
Round 173 global test acc  75.4800
Round 174 global test acc  72.9200
Round 175 global test acc  76.4600
Round 176 global test acc  77.7300
Round 177 global test acc  77.3400
Round 178 global test acc  76.8400
Round 179 global test acc  76.3600
Round 180 global test acc  75.1400
Round 181 global test acc  78.0600
Round 182 global test acc  77.9800
Round 183 global test acc  73.1800
Round 184 global test acc  72.9500
Round 185 global test acc  79.6900
Round 186 global test acc  78.8600
Round 187 global test acc  67.5300
Round 188 global test acc  77.0800
Round 189 global test acc  77.3700
Round 190 global test acc  76.3900
Round 191 global test acc  76.6200
Round 192 global test acc  76.6100
Round 193 global test acc  79.0400
Round 194 global test acc  79.2300
Round 195 global test acc  79.0400
Round 196 global test acc  75.3400
Round 197 global test acc  77.6100
Round 198 global test acc  78.1700
Round 199 global test acc  77.9200
Round 200 global test acc  76.1700
Round 201 global test acc  80.6100
Round 202 global test acc  78.2700
Round 203 global test acc  77.6200
Round 204 global test acc  76.9200
Round 205 global test acc  77.2300
Round 206 global test acc  75.9000
Round 207 global test acc  79.8100
Round 208 global test acc  78.1600
Round 209 global test acc  77.3600
Round 210 global test acc  75.8500
Round 211 global test acc  74.9200
Round 212 global test acc  80.0800
Round 213 global test acc  77.0400
Round 214 global test acc  80.3800
Round 215 global test acc  80.3900
Round 216 global test acc  77.6400
Round 217 global test acc  77.9600
Round 218 global test acc  81.3500
Round 219 global test acc  81.3500
Round 220 global test acc  78.5900
Round 221 global test acc  79.6800
Round 222 global test acc  79.0900
Round 223 global test acc  78.4200
Round 224 global test acc  78.6600
Round 225 global test acc  80.0500
Round 226 global test acc  78.3300
Round 227 global test acc  79.1900
Round 228 global test acc  81.1100
Round 229 global test acc  76.8600
Round 230 global test acc  77.4600
Round 231 global test acc  80.5200
Round 232 global test acc  81.2900
Round 233 global test acc  81.0200
Round 234 global test acc  77.3600
Round 235 global test acc  80.7000
Round 236 global test acc  82.4500
Round 237 global test acc  78.3600
Round 238 global test acc  78.0500
Round 239 global test acc  78.5300
Round 240 global test acc  79.8500
Round 241 global test acc  79.5100
Round 242 global test acc  79.0900
Round 243 global test acc  80.6100
Round 244 global test acc  79.8100
Round 245 global test acc  77.9200
Round 246 global test acc  80.8600
Round 247 global test acc  81.2000
Round 248 global test acc  79.7100
Round 249 global test acc  82.3800
Round 250 global test acc  79.0600
Round 251 global test acc  81.4500
Round 252 global test acc  81.0100
Round 253 global test acc  79.4200
Round 254 global test acc  79.9600
Round 255 global test acc  80.5000
Round 256 global test acc  78.5700
Round 257 global test acc  80.2300
Round 258 global test acc  81.8000
Round 259 global test acc  80.6700
Round 260 global test acc  77.3200
Round 261 global test acc  80.1000
Round 262 global test acc  78.4000
Round 263 global test acc  80.6800
Round 264 global test acc  77.6400
Round 265 global test acc  78.3600
Round 266 global test acc  79.3900
Round 267 global test acc  80.4700
Round 268 global test acc  80.8800
Round 269 global test acc  79.0800
Round 270 global test acc  79.4800
Round 271 global test acc  79.2900
Round 272 global test acc  77.2300
Round 273 global test acc  80.7100
Round 274 global test acc  81.5100
Round 275 global test acc  80.0500
Round 276 global test acc  78.3100
Round 277 global test acc  81.0000
Round 278 global test acc  82.1800
Round 279 global test acc  82.3700
Round 280 global test acc  81.3600
Round 281 global test acc  79.9800
Round 282 global test acc  81.4600
Round 283 global test acc  80.9200
Round 284 global test acc  82.9000
Round 285 global test acc  81.9500
Round 286 global test acc  79.6800
Round 287 global test acc  79.4900
Round 288 global test acc  80.7800
Round 289 global test acc  80.6600
Round 290 global test acc  81.2100
Round 291 global test acc  81.6000
Round 292 global test acc  81.5800
Round 293 global test acc  81.0400
Round 294 global test acc  81.7800
Round 295 global test acc  79.6100
Round 296 global test acc  80.4600
Round 297 global test acc  80.5600
Round 298 global test acc  80.2700
Round 299 global test acc  82.0500
Round 300 global test acc  82.0300
Round 301 global test acc  79.7000
Round 302 global test acc  81.9000
Round 303 global test acc  81.4400
Round 304 global test acc  81.2700
Round 305 global test acc  81.9100
Round 306 global test acc  82.4600
Round 307 global test acc  81.3700
Round 308 global test acc  82.2500
Round 309 global test acc  77.7300
Round 310 global test acc  80.2200
Round 311 global test acc  79.6500
Round 312 global test acc  79.3100
Round 313 global test acc  81.6700
Round 314 global test acc  81.9400
Round 315 global test acc  80.9600
Round 316 global test acc  82.5700
Round 317 global test acc  80.4000
Round 318 global test acc  81.9600
Round 319 global test acc  81.0200
Round 320 global test acc  81.2800
Round 321 global test acc  81.5800
Round 322 global test acc  82.3300
Round 323 global test acc  81.6400
Round 324 global test acc  82.4800
Round 325 global test acc  81.4400
Round 326 global test acc  81.7800
Round 327 global test acc  84.3600
Round 328 global test acc  83.0900
Round 329 global test acc  81.5500
Round 330 global test acc  81.8300
Round 331 global test acc  77.8700
Round 332 global test acc  81.7600
Round 333 global test acc  80.0900
Round 334 global test acc  82.8500
Round 335 global test acc  81.6900
Round 336 global test acc  82.9300
Round 337 global test acc  83.2300
Round 338 global test acc  80.3900
Round 339 global test acc  82.0600
Round 340 global test acc  80.4100
Round 341 global test acc  79.4000
Round 342 global test acc  80.6800
Round 343 global test acc  79.3600
Round 344 global test acc  82.2400
Round 345 global test acc  82.1500
Round 346 global test acc  79.7500
Round 347 global test acc  81.5100
Round 348 global test acc  79.5200
Round 349 global test acc  81.3300
Round 350 global test acc  82.9800
Round 351 global test acc  79.4300
Round 352 global test acc  82.1900
Round 353 global test acc  81.9700
Round 354 global test acc  81.8000
Round 355 global test acc  80.5800
Round 356 global test acc  81.9400
Round 357 global test acc  80.1300
Round 358 global test acc  81.8900
Round 359 global test acc  82.9400
Round 360 global test acc  82.8200
Round 361 global test acc  83.0800
Round 362 global test acc  80.2100
Round 363 global test acc  82.4400
Round 364 global test acc  81.5700
Round 365 global test acc  82.1700
Round 366 global test acc  81.7500
Round 367 global test acc  79.6500
Round 368 global test acc  82.1100
Round 369 global test acc  82.3600
Round 370 global test acc  81.1100
Round 371 global test acc  82.7400
Round 372 global test acc  80.6800
Round 373 global test acc  83.1100
Round 374 global test acc  82.8100
Round 375 global test acc  82.5500
Round 376 global test acc  82.8800
Round 377 global test acc  81.8400
Round 378 global test acc  83.0800
Round 379 global test acc  82.7600
Round 380 global test acc  83.2700
Round 381 global test acc  80.4000
Round 382 global test acc  82.8400
Round 383 global test acc  83.3700
Round 384 global test acc  83.7200
Round 385 global test acc  81.9900
Round 386 global test acc  81.9900
Round 387 global test acc  82.0200
Round 388 global test acc  82.4800
Round 389 global test acc  82.3400
Round 390 global test acc  83.9800
Round 391 global test acc  83.5500
Round 392 global test acc  83.7800
Round 393 global test acc  82.7300
Round 394 global test acc  81.3300
Round 395 global test acc  80.5700
Round 396 global test acc  80.5500
Round 397 global test acc  80.8100
Round 398 global test acc  81.1300
Round 399 global test acc  80.3500
Round 400 global test acc  80.7300
Round 401 global test acc  81.0100
Round 402 global test acc  82.4600
Round 403 global test acc  82.5500
Round 404 global test acc  83.3400
Round 405 global test acc  83.3500
Round 406 global test acc  82.7800
Round 407 global test acc  83.8700
Round 408 global test acc  83.8700
Round 409 global test acc  80.8900
Round 410 global test acc  81.5300
Round 411 global test acc  82.8600
Round 412 global test acc  81.6800
Round 413 global test acc  84.0900
Round 414 global test acc  83.2800
Round 415 global test acc  84.6800
Round 416 global test acc  82.9900
Round 417 global test acc  83.3300
Round 418 global test acc  83.5600
Round 419 global test acc  82.3900
Round 420 global test acc  83.9700
Round 421 global test acc  83.7600
Round 422 global test acc  83.8100
Round 423 global test acc  84.6400
Round 424 global test acc  83.7900
Round 425 global test acc  84.9200
Round 426 global test acc  82.9900
Round 427 global test acc  84.3700
Round 428 global test acc  84.3500
Round 429 global test acc  84.7200
Round 430 global test acc  84.8300
Round 431 global test acc  84.1500
Round 432 global test acc  81.5800
Round 433 global test acc  83.9500
Round 434 global test acc  83.4600
Round 435 global test acc  84.5200
Round 436 global test acc  83.1600
Round 437 global test acc  84.2200
Round 438 global test acc  82.9000
Round 439 global test acc  81.5300
Round 440 global test acc  84.5300
Round 441 global test acc  84.0000
Round 442 global test acc  83.7100
Round 443 global test acc  83.5700
Round 444 global test acc  80.2400
Round 445 global test acc  83.3400
Round 446 global test acc  79.8100
Round 447 global test acc  81.9100
Round 448 global test acc  84.7000
Round 449 global test acc  84.0400
time : 34318.00884580612
('algorithm', 'LocalCORES')
('gpu', 0)
('seed', 13)
('save_dir', './record/')
('rounds2', 450)
('local_ep', 5)
('frac2', 0.1)
('num_users', 100)
('local_bs', 32)
('lr', 0.01)
('model', 'resnet18')
('num_classes', 10)
('level_n_system', 0.0)
('level_n_lowerb', 0.0)
('alpha_dirichlet', 10)
('non_iid_prob_class', 0.7)
('dataset', 'cifar10')
('iid', True)
('LID_k', 20)
('iteration1', 5)
('rounds1', 200)
('frac1', 0.01)
('pretrained', False)
('mixup', False)
('alpha', 1)
('beta', 5)
('relabel_ratio', 0.5)
('confidence_thres', 0.5)
('clean_set_thres', 0.1)
('fine_tuning', True)
('correction', True)
('T_pl', 100)
('lambda_cen', 1.0)
('lambda_e', 0.8)
('num_gradual', 10)
('forget_rate', 0.2)
('lr_decay', 0.1)
('schedule', [])
('momentum', 0.5)
('weight_decay', 0.0001)
('feature_dim', 128)
('plr', 0.01)
('lamda', 15)
('K', 5)
('gamma', 1)
('begin_sel', 10)
('max_beta', 2.0)
('mu', 0.01)
('device', device(type='cuda', index=0))
Files already downloaded and verified
Files already downloaded and verified
Round 0 global test acc  22.4200
Round 1 global test acc  32.1400
Round 2 global test acc  40.2700
Round 3 global test acc  46.1800
Round 4 global test acc  44.9900
Round 5 global test acc  49.6700
Round 6 global test acc  51.5300
Round 7 global test acc  55.2800
Round 8 global test acc  56.5500
Round 9 global test acc  58.8200
Round 10 global test acc  59.6300
Round 11 global test acc  51.0700
Round 12 global test acc  44.2500
Round 13 global test acc  48.9000
Round 14 global test acc  47.2000
Round 15 global test acc  55.2400
Round 16 global test acc  53.1600
Round 17 global test acc  56.3600
Round 18 global test acc  57.4300
Round 19 global test acc  51.6200
Round 20 global test acc  59.6100
Round 21 global test acc  52.6000
Round 22 global test acc  58.1300
Round 23 global test acc  58.4000
Round 24 global test acc  61.9500
Round 25 global test acc  52.0200
Round 26 global test acc  57.1000
Round 27 global test acc  54.4000
Round 28 global test acc  52.2800
Round 29 global test acc  63.9600
Round 30 global test acc  60.5600
Round 31 global test acc  55.8100
Round 32 global test acc  56.2800
Round 33 global test acc  60.6200
Round 34 global test acc  54.5700
Round 35 global test acc  61.8400
Round 36 global test acc  65.6800
Round 37 global test acc  65.9800
Round 38 global test acc  61.8000
Round 39 global test acc  64.7900
Round 40 global test acc  58.4400
Round 41 global test acc  65.7900
Round 42 global test acc  64.7900
Round 43 global test acc  60.8200
Round 44 global test acc  63.1500
Round 45 global test acc  59.4700
Round 46 global test acc  65.7800
Round 47 global test acc  65.8000
Round 48 global test acc  65.8400
Round 49 global test acc  65.7700
Round 50 global test acc  66.3200
Round 51 global test acc  64.4200
Round 52 global test acc  68.7500
Round 53 global test acc  66.3500
Round 54 global test acc  63.3900
Round 55 global test acc  62.5800
Round 56 global test acc  64.8900
Round 57 global test acc  65.5500
Round 58 global test acc  66.0700
Round 59 global test acc  68.8200
Round 60 global test acc  69.7500
Round 61 global test acc  63.7700
Round 62 global test acc  61.9500
Round 63 global test acc  63.9700
Round 64 global test acc  53.4900
Round 65 global test acc  64.7300
Round 66 global test acc  65.6200
Round 67 global test acc  68.8200
Round 68 global test acc  68.8700
Round 69 global test acc  69.2400
Round 70 global test acc  70.2700
Round 71 global test acc  66.3000
Round 72 global test acc  67.7200
Round 73 global test acc  69.8800
Round 74 global test acc  66.8700
Round 75 global test acc  62.9200
Round 76 global test acc  65.6100
Round 77 global test acc  67.1000
Round 78 global test acc  61.8300
Round 79 global test acc  67.8500
Round 80 global test acc  67.7000
Round 81 global test acc  69.2900
Round 82 global test acc  70.4300
Round 83 global test acc  70.9700
Round 84 global test acc  69.6700
Round 85 global test acc  65.1700
Round 86 global test acc  73.3300
Round 87 global test acc  74.2900
Round 88 global test acc  67.6200
Round 89 global test acc  71.9200
Round 90 global test acc  67.1800
Round 91 global test acc  71.4700
Round 92 global test acc  72.9600
Round 93 global test acc  73.5100
Round 94 global test acc  72.1800
Round 95 global test acc  72.8300
Round 96 global test acc  71.6000
Round 97 global test acc  71.4300
Round 98 global test acc  73.5900
Round 99 global test acc  73.8600
Round 100 global test acc  72.5500
Round 101 global test acc  75.3800
Round 102 global test acc  74.8500
Round 103 global test acc  69.9400
Round 104 global test acc  74.1500
Round 105 global test acc  69.9700
Round 106 global test acc  73.5500
Round 107 global test acc  68.8100
Round 108 global test acc  71.7300
Round 109 global test acc  71.7900
Round 110 global test acc  76.9700
Round 111 global test acc  76.1000
Round 112 global test acc  74.9700
Round 113 global test acc  64.1200
Round 114 global test acc  76.6900
Round 115 global test acc  75.5200
Round 116 global test acc  74.9500
Round 117 global test acc  72.3300
Round 118 global test acc  72.0400
Round 119 global test acc  74.1900
Round 120 global test acc  76.3600
Round 121 global test acc  72.1400
Round 122 global test acc  70.9400
Round 123 global test acc  71.8800
Round 124 global test acc  68.4100
Round 125 global test acc  74.3800
Round 126 global test acc  73.0900
Round 127 global test acc  75.2200
Round 128 global test acc  73.6700
Round 129 global test acc  75.1800
Round 130 global test acc  76.1200
Round 131 global test acc  76.1900
Round 132 global test acc  71.8000
Round 133 global test acc  72.5700
Round 134 global test acc  74.1000
Round 135 global test acc  74.3700
Round 136 global test acc  76.1300
Round 137 global test acc  76.5300
Round 138 global test acc  75.9400
Round 139 global test acc  78.6500
Round 140 global test acc  76.1600
Round 141 global test acc  74.6400
Round 142 global test acc  76.1200
Round 143 global test acc  78.2600
Round 144 global test acc  76.5500
Round 145 global test acc  79.1200
Round 146 global test acc  74.3000
Round 147 global test acc  75.6600
Round 148 global test acc  76.3400
Round 149 global test acc  76.2500
Round 150 global test acc  72.8200
Round 151 global test acc  76.4400
Round 152 global test acc  76.1700
Round 153 global test acc  78.1300
Round 154 global test acc  77.5600
Round 155 global test acc  78.3600
Round 156 global test acc  75.3300
Round 157 global test acc  77.4500
Round 158 global test acc  74.7500
Round 159 global test acc  78.9300
Round 160 global test acc  79.2200
Round 161 global test acc  79.1800
Round 162 global test acc  73.7900
Round 163 global test acc  78.2000
Round 164 global test acc  79.1900
Round 165 global test acc  78.1300
Round 166 global test acc  77.1600
Round 167 global test acc  77.9500
Round 168 global test acc  76.0800
Round 169 global test acc  79.7400
Round 170 global test acc  78.5000
Round 171 global test acc  77.8100
Round 172 global test acc  72.4100
Round 173 global test acc  75.2200
Round 174 global test acc  76.4900
Round 175 global test acc  77.4300
Round 176 global test acc  78.2300
Round 177 global test acc  79.2200
Round 178 global test acc  78.4800
Round 179 global test acc  75.6200
Round 180 global test acc  75.4100
Round 181 global test acc  79.5800
Round 182 global test acc  74.8500
Round 183 global test acc  75.4000
Round 184 global test acc  74.6700
Round 185 global test acc  78.3900
Round 186 global test acc  79.0500
Round 187 global test acc  69.8200
Round 188 global test acc  74.8000
Round 189 global test acc  78.9400
Round 190 global test acc  76.4200
Round 191 global test acc  76.5300
Round 192 global test acc  76.3700
Round 193 global test acc  79.2100
Round 194 global test acc  79.4600
Round 195 global test acc  76.1600
Round 196 global test acc  79.1700
Round 197 global test acc  79.5400
Round 198 global test acc  79.1900
Round 199 global test acc  77.9800
Round 200 global test acc  79.3500
Round 201 global test acc  79.5000
Round 202 global test acc  79.9100
Round 203 global test acc  80.8600
Round 204 global test acc  76.2100
Round 205 global test acc  77.0200
Round 206 global test acc  77.1100
Round 207 global test acc  80.8600
Round 208 global test acc  79.2400
Round 209 global test acc  77.8000
Round 210 global test acc  77.8200
Round 211 global test acc  77.5500
Round 212 global test acc  78.6100
Round 213 global test acc  78.8800
Round 214 global test acc  79.5200
Round 215 global test acc  78.1900
Round 216 global test acc  78.2300
Round 217 global test acc  78.2600
Round 218 global test acc  80.6000
Round 219 global test acc  80.1300
Round 220 global test acc  78.8200
Round 221 global test acc  79.4900
Round 222 global test acc  77.9900
Round 223 global test acc  78.0600
Round 224 global test acc  78.3800
Round 225 global test acc  81.0500
Round 226 global test acc  78.3400
Round 227 global test acc  80.1900
Round 228 global test acc  81.5300
Round 229 global test acc  77.5500
Round 230 global test acc  79.7500
Round 231 global test acc  80.9900
Round 232 global test acc  80.1700
Round 233 global test acc  81.5400
Round 234 global test acc  79.2900
Round 235 global test acc  80.7900
Round 236 global test acc  82.0100
Round 237 global test acc  81.8800
Round 238 global test acc  81.3000
Round 239 global test acc  81.3100
Round 240 global test acc  79.1500
Round 241 global test acc  78.9100
Round 242 global test acc  81.8000
Round 243 global test acc  81.6000
Round 244 global test acc  79.0800
Round 245 global test acc  77.1300
Round 246 global test acc  80.8500
Round 247 global test acc  79.5200
Round 248 global test acc  81.6800
Round 249 global test acc  79.4500
Round 250 global test acc  78.2000
Round 251 global test acc  81.7100
Round 252 global test acc  80.3700
Round 253 global test acc  79.5900
Round 254 global test acc  82.2400
Round 255 global test acc  81.4000
Round 256 global test acc  80.3300
Round 257 global test acc  81.8800
Round 258 global test acc  81.9600
Round 259 global test acc  81.6000
Round 260 global test acc  78.9200
Round 261 global test acc  79.3600
Round 262 global test acc  80.8000
Round 263 global test acc  80.4800
Round 264 global test acc  78.8500
Round 265 global test acc  81.7800
Round 266 global test acc  81.1900
Round 267 global test acc  82.9700
Round 268 global test acc  80.0600
Round 269 global test acc  80.7100
Round 270 global test acc  80.8100
Round 271 global test acc  78.4600
Round 272 global test acc  79.3500
Round 273 global test acc  80.8600
Round 274 global test acc  80.7700
Round 275 global test acc  80.7000
Round 276 global test acc  79.2500
Round 277 global test acc  80.1100
Round 278 global test acc  79.3400
Round 279 global test acc  80.6300
Round 280 global test acc  80.9600
Round 281 global test acc  79.9800
Round 282 global test acc  81.6000
Round 283 global test acc  81.4300
Round 284 global test acc  81.4100
Round 285 global test acc  81.7600
Round 286 global test acc  79.7400
Round 287 global test acc  78.3900
Round 288 global test acc  80.8800
Round 289 global test acc  80.9800
Round 290 global test acc  81.6800
Round 291 global test acc  82.3600
Round 292 global test acc  81.7500
Round 293 global test acc  80.5700
Round 294 global test acc  80.2200
Round 295 global test acc  79.9900
Round 296 global test acc  80.2400
Round 297 global test acc  80.7000
Round 298 global test acc  80.1600
Round 299 global test acc  81.9800
Round 300 global test acc  82.3400
Round 301 global test acc  82.2900
Round 302 global test acc  83.1200
Round 303 global test acc  82.2700
Round 304 global test acc  81.6700
Round 305 global test acc  83.0400
Round 306 global test acc  82.4100
Round 307 global test acc  82.5900
Round 308 global test acc  82.7000
Round 309 global test acc  79.6500
Round 310 global test acc  81.9700
Round 311 global test acc  79.9400
Round 312 global test acc  78.9800
Round 313 global test acc  81.9800
Round 314 global test acc  81.4100
Round 315 global test acc  81.9900
Round 316 global test acc  82.9500
Round 317 global test acc  82.1800
Round 318 global test acc  81.4400
Round 319 global test acc  80.0400
Round 320 global test acc  81.1000
Round 321 global test acc  82.6600
Round 322 global test acc  82.6700
Round 323 global test acc  80.3200
Round 324 global test acc  82.5700
Round 325 global test acc  82.7100
Round 326 global test acc  82.8500
Round 327 global test acc  83.6000
Round 328 global test acc  83.5600
Round 329 global test acc  82.1300
Round 330 global test acc  82.4700
Round 331 global test acc  79.6700
Round 332 global test acc  83.7000
Round 333 global test acc  82.6100
Round 334 global test acc  80.6700
Round 335 global test acc  83.3000
Round 336 global test acc  82.9800
Round 337 global test acc  82.9700
Round 338 global test acc  81.9100
Round 339 global test acc  83.0200
Round 340 global test acc  80.7600
Round 341 global test acc  80.3100
Round 342 global test acc  82.3800
Round 343 global test acc  80.3400
Round 344 global test acc  81.8400
Round 345 global test acc  82.9000
Round 346 global test acc  83.1800
Round 347 global test acc  82.0900
Round 348 global test acc  81.9100
Round 349 global test acc  82.0400
Round 350 global test acc  83.8500
Round 351 global test acc  82.0100
Round 352 global test acc  82.6200
Round 353 global test acc  82.4100
Round 354 global test acc  83.4200
Round 355 global test acc  81.1500
Round 356 global test acc  82.3000
Round 357 global test acc  82.6600
Round 358 global test acc  81.5400
Round 359 global test acc  83.6900
Round 360 global test acc  82.5200
Round 361 global test acc  84.5600
Round 362 global test acc  79.6700
Round 363 global test acc  83.9700
Round 364 global test acc  81.5100
Round 365 global test acc  83.7200
Round 366 global test acc  82.5600
Round 367 global test acc  79.4000
Round 368 global test acc  83.3100
Round 369 global test acc  83.2200
Round 370 global test acc  83.4700
Round 371 global test acc  83.7300
Round 372 global test acc  80.7400
Round 373 global test acc  83.3400
Round 374 global test acc  83.2400
Round 375 global test acc  83.3100
Round 376 global test acc  84.0900
Round 377 global test acc  83.9200
Round 378 global test acc  82.5700
Round 379 global test acc  81.2100
Round 380 global test acc  82.7400
Round 381 global test acc  81.6800
Round 382 global test acc  82.6500
Round 383 global test acc  83.8000
Round 384 global test acc  83.6900
Round 385 global test acc  82.1900
Round 386 global test acc  83.0700
Round 387 global test acc  82.3100
Round 388 global test acc  82.2300
Round 389 global test acc  82.5000
Round 390 global test acc  84.2200
Round 391 global test acc  84.5100
Round 392 global test acc  83.7400
Round 393 global test acc  82.0900
Round 394 global test acc  82.9300
Round 395 global test acc  82.7000
Round 396 global test acc  82.1100
Round 397 global test acc  82.5300
Round 398 global test acc  83.3000
Round 399 global test acc  84.4100
Round 400 global test acc  82.3500
Round 401 global test acc  82.4300
Round 402 global test acc  84.6000
Round 403 global test acc  84.0000
Round 404 global test acc  83.6400
Round 405 global test acc  83.3700
Round 406 global test acc  82.6400
Round 407 global test acc  83.9900
Round 408 global test acc  83.1600
Round 409 global test acc  81.9300
Round 410 global test acc  81.9400
Round 411 global test acc  82.0800
Round 412 global test acc  81.0900
Round 413 global test acc  83.8900
Round 414 global test acc  83.9900
Round 415 global test acc  84.1500
Round 416 global test acc  82.6500
Round 417 global test acc  83.1400
Round 418 global test acc  85.1900
Round 419 global test acc  83.7700
Round 420 global test acc  84.7100
Round 421 global test acc  84.7100
Round 422 global test acc  84.5200
Round 423 global test acc  84.6900
Round 424 global test acc  84.2700
Round 425 global test acc  85.1400
Round 426 global test acc  83.4700
Round 427 global test acc  84.8700
Round 428 global test acc  85.6000
Round 429 global test acc  84.0000
Round 430 global test acc  84.3700
Round 431 global test acc  84.9400
Round 432 global test acc  84.1200
Round 433 global test acc  83.5600
Round 434 global test acc  83.5400
Round 435 global test acc  84.8700
Round 436 global test acc  83.8200
Round 437 global test acc  84.9300
Round 438 global test acc  83.1300
Round 439 global test acc  83.2300
Round 440 global test acc  84.3800
Round 441 global test acc  84.0900
Round 442 global test acc  84.2900
Round 443 global test acc  83.3900
Round 444 global test acc  84.2800
Round 445 global test acc  83.0800
Round 446 global test acc  82.5400
Round 447 global test acc  82.4800
Round 448 global test acc  84.0200
Round 449 global test acc  84.4600
time : 33517.26533317566
