('algorithm', 'GlobalCORES')
('gpu', 0)
('seed', 13)
('save_dir', './record/')
('rounds2', 450)
('local_ep', 5)
('frac2', 0.1)
('num_users', 100)
('local_bs', 32)
('lr', 0.01)
('model', 'resnet18')
('num_classes', 10)
('level_n_system', 0.5)
('level_n_lowerb', 0.3)
('alpha_dirichlet', 10)
('non_iid_prob_class', 0.7)
('dataset', 'cifar10')
('iid', True)
('LID_k', 20)
('iteration1', 5)
('rounds1', 200)
('frac1', 0.01)
('pretrained', False)
('mixup', False)
('alpha', 1)
('beta', 5)
('relabel_ratio', 0.5)
('confidence_thres', 0.5)
('clean_set_thres', 0.1)
('fine_tuning', True)
('correction', True)
('T_pl', 100)
('lambda_cen', 1.0)
('lambda_e', 0.8)
('num_gradual', 10)
('forget_rate', 0.2)
('lr_decay', 0.1)
('schedule', [])
('momentum', 0.5)
('weight_decay', 0.0001)
('feature_dim', 128)
('plr', 0.01)
('lamda', 15)
('K', 5)
('gamma', 1)
('begin_sel', 10)
('max_beta', 2)
('mu', 0.01)
('device', device(type='cuda', index=0))
Files already downloaded and verified
Files already downloaded and verified
Client 0, noise level: 0.7877 (0.7089), real noise ratio: 0.6940
Client 2, noise level: 0.4944 (0.4450), real noise ratio: 0.4720
Client 3, noise level: 0.4635 (0.4172), real noise ratio: 0.4160
Client 4, noise level: 0.8920 (0.8028), real noise ratio: 0.7960
Client 6, noise level: 0.7822 (0.7040), real noise ratio: 0.6820
Client 7, noise level: 0.4074 (0.3667), real noise ratio: 0.4020
Client 8, noise level: 0.4425 (0.3983), real noise ratio: 0.3600
Client 9, noise level: 0.3473 (0.3126), real noise ratio: 0.2960
Client 13, noise level: 0.4574 (0.4116), real noise ratio: 0.3720
Client 15, noise level: 0.3237 (0.2913), real noise ratio: 0.2720
Client 20, noise level: 0.7283 (0.6555), real noise ratio: 0.6560
Client 23, noise level: 0.5618 (0.5056), real noise ratio: 0.5480
Client 26, noise level: 0.8716 (0.7844), real noise ratio: 0.7820
Client 27, noise level: 0.3558 (0.3202), real noise ratio: 0.3060
Client 29, noise level: 0.8867 (0.7980), real noise ratio: 0.8060
Client 30, noise level: 0.6949 (0.6254), real noise ratio: 0.6440
Client 32, noise level: 0.4015 (0.3614), real noise ratio: 0.4080
Client 33, noise level: 0.3690 (0.3321), real noise ratio: 0.3400
Client 35, noise level: 0.7970 (0.7173), real noise ratio: 0.7260
Client 38, noise level: 0.5606 (0.5045), real noise ratio: 0.5060
Client 41, noise level: 0.7353 (0.6618), real noise ratio: 0.6460
Client 42, noise level: 0.8045 (0.7240), real noise ratio: 0.7060
Client 47, noise level: 0.4586 (0.4127), real noise ratio: 0.3980
Client 48, noise level: 0.5133 (0.4620), real noise ratio: 0.4560
Client 50, noise level: 0.7860 (0.7074), real noise ratio: 0.7280
Client 51, noise level: 0.3370 (0.3033), real noise ratio: 0.2800
Client 56, noise level: 0.5591 (0.5031), real noise ratio: 0.4940
Client 57, noise level: 0.6532 (0.5879), real noise ratio: 0.5500
Client 59, noise level: 0.3915 (0.3523), real noise ratio: 0.3560
Client 60, noise level: 0.8911 (0.8020), real noise ratio: 0.7840
Client 62, noise level: 0.4187 (0.3768), real noise ratio: 0.3960
Client 67, noise level: 0.3696 (0.3326), real noise ratio: 0.3220
Client 68, noise level: 0.9393 (0.8454), real noise ratio: 0.8680
Client 69, noise level: 0.7046 (0.6341), real noise ratio: 0.6300
Client 72, noise level: 0.3069 (0.2762), real noise ratio: 0.2520
Client 75, noise level: 0.7848 (0.7064), real noise ratio: 0.7180
Client 78, noise level: 0.3984 (0.3586), real noise ratio: 0.3640
Client 79, noise level: 0.7685 (0.6916), real noise ratio: 0.6640
Client 80, noise level: 0.5127 (0.4614), real noise ratio: 0.4980
Client 83, noise level: 0.4420 (0.3978), real noise ratio: 0.4200
Client 88, noise level: 0.4144 (0.3729), real noise ratio: 0.3920
Client 90, noise level: 0.4952 (0.4457), real noise ratio: 0.4320
Client 91, noise level: 0.4432 (0.3989), real noise ratio: 0.4300
Client 94, noise level: 0.3650 (0.3285), real noise ratio: 0.2880
Client 98, noise level: 0.5071 (0.4564), real noise ratio: 0.4640
Client 99, noise level: 0.4163 (0.3747), real noise ratio: 0.4080
Round 0 global test acc  20.4500
Round 1 global test acc  34.0100
Round 2 global test acc  37.0900
Round 3 global test acc  41.0200
Round 4 global test acc  39.9200
Round 5 global test acc  41.0200
Round 6 global test acc  39.6900
Round 7 global test acc  43.4200
Round 8 global test acc  44.6500
Round 9 global test acc  45.2300
Round 10 global test acc  46.0600
Round 11 global test acc  46.7400
Round 12 global test acc  46.9300
Round 13 global test acc  44.2900
Round 14 global test acc  43.6500
Round 15 global test acc  48.8100
Round 16 global test acc  42.6700
Round 17 global test acc  49.7600
Round 18 global test acc  55.9600
Round 19 global test acc  54.3600
Round 20 global test acc  46.0900
Round 21 global test acc  54.0400
Round 22 global test acc  48.5400
Round 23 global test acc  59.1400
Round 24 global test acc  56.3600
Round 25 global test acc  58.1600
Round 26 global test acc  50.4300
Round 27 global test acc  59.4000
Round 28 global test acc  59.7800
Round 29 global test acc  60.6700
Round 30 global test acc  60.2000
Round 31 global test acc  55.6100
Round 32 global test acc  61.0900
Round 33 global test acc  61.5900
Round 34 global test acc  64.1000
Round 35 global test acc  63.8800
Round 36 global test acc  63.7500
Round 37 global test acc  64.6700
Round 38 global test acc  64.2700
Round 39 global test acc  63.3900
Round 40 global test acc  63.1900
Round 41 global test acc  62.6200
Round 42 global test acc  62.5900
Round 43 global test acc  65.6600
Round 44 global test acc  65.1700
Round 45 global test acc  66.2600
Round 46 global test acc  67.0300
Round 47 global test acc  67.3000
Round 48 global test acc  65.2200
Round 49 global test acc  66.2900
Round 50 global test acc  67.9900
Round 51 global test acc  68.9300
Round 52 global test acc  68.6500
Round 53 global test acc  66.7800
Round 54 global test acc  65.0400
Round 55 global test acc  67.9400
Round 56 global test acc  68.0600
Round 57 global test acc  68.8300
Round 58 global test acc  70.1900
Round 59 global test acc  68.2400
Round 60 global test acc  69.5700
Round 61 global test acc  70.0400
Round 62 global test acc  68.6900
Round 63 global test acc  69.4800
Round 64 global test acc  68.4000
Round 65 global test acc  70.6300
Round 66 global test acc  70.1400
Round 67 global test acc  70.2700
Round 68 global test acc  72.1500
Round 69 global test acc  72.6800
Round 70 global test acc  68.9700
Round 71 global test acc  62.5300
Round 72 global test acc  72.0500
Round 73 global test acc  72.7000
Round 74 global test acc  70.3800
Round 75 global test acc  70.6000
Round 76 global test acc  70.2900
Round 77 global test acc  73.4300
Round 78 global test acc  73.3700
Round 79 global test acc  74.2600
Round 80 global test acc  74.0800
Round 81 global test acc  74.0600
Round 82 global test acc  71.5000
Round 83 global test acc  71.7200
Round 84 global test acc  72.1900
Round 85 global test acc  74.4700
Round 86 global test acc  75.6900
Round 87 global test acc  73.9200
Round 88 global test acc  76.5000
Round 89 global test acc  73.8500
Round 90 global test acc  74.6600
Round 91 global test acc  75.0400
Round 92 global test acc  76.9000
Round 93 global test acc  73.5500
Round 94 global test acc  76.3400
Round 95 global test acc  75.6900
Round 96 global test acc  73.9600
Round 97 global test acc  76.5500
Round 98 global test acc  77.2000
Round 99 global test acc  77.3800
Round 100 global test acc  76.9900
Round 101 global test acc  76.4600
Round 102 global test acc  78.1600
Round 103 global test acc  77.7900
Round 104 global test acc  77.4200
Round 105 global test acc  77.6000
Round 106 global test acc  78.0700
Round 107 global test acc  77.0200
Round 108 global test acc  77.7800
Round 109 global test acc  77.6100
Round 110 global test acc  78.6500
Round 111 global test acc  78.8900
Round 112 global test acc  76.0600
Round 113 global test acc  78.7600
Round 114 global test acc  77.3200
Round 115 global test acc  78.8700
Round 116 global test acc  78.5100
Round 117 global test acc  79.8800
Round 118 global test acc  78.0100
Round 119 global test acc  79.3300
Round 120 global test acc  78.6700
Round 121 global test acc  79.0300
Round 122 global test acc  79.2400
Round 123 global test acc  80.1600
Round 124 global test acc  77.8700
Round 125 global test acc  80.1200
Round 126 global test acc  78.5800
Round 127 global test acc  79.4500
Round 128 global test acc  79.6000
Round 129 global test acc  79.6500
Round 130 global test acc  80.5100
Round 131 global test acc  80.9200
Round 132 global test acc  80.7400
Round 133 global test acc  80.8400
Round 134 global test acc  80.4400
Round 135 global test acc  79.1700
Round 136 global test acc  81.7100
Round 137 global test acc  80.4300
Round 138 global test acc  79.4200
Round 139 global test acc  81.1300
Round 140 global test acc  81.2900
Round 141 global test acc  79.7900
Round 142 global test acc  80.0900
Round 143 global test acc  80.1800
Round 144 global test acc  78.5000
Round 145 global test acc  81.5200
Round 146 global test acc  81.0500
Round 147 global test acc  81.3300
Round 148 global test acc  81.9100
Round 149 global test acc  81.6700
Round 150 global test acc  81.3800
Round 151 global test acc  81.3100
Round 152 global test acc  81.4400
Round 153 global test acc  81.1800
Round 154 global test acc  81.9400
Round 155 global test acc  81.2700
Round 156 global test acc  80.6300
Round 157 global test acc  81.4000
Round 158 global test acc  81.8600
Round 159 global test acc  82.4400
Round 160 global test acc  80.5700
Round 161 global test acc  81.7400
Round 162 global test acc  80.8200
Round 163 global test acc  82.1500
Round 164 global test acc  81.8400
Round 165 global test acc  81.5800
Round 166 global test acc  81.9400
Round 167 global test acc  82.2700
Round 168 global test acc  82.2200
Round 169 global test acc  83.1400
Round 170 global test acc  77.9000
Round 171 global test acc  82.9800
Round 172 global test acc  81.4300
Round 173 global test acc  82.0500
Round 174 global test acc  82.5800
Round 175 global test acc  83.0500
Round 176 global test acc  82.3400
Round 177 global test acc  81.9800
Round 178 global test acc  81.3100
Round 179 global test acc  82.9500
Round 180 global test acc  80.1400
Round 181 global test acc  81.2100
Round 182 global test acc  82.5800
Round 183 global test acc  83.1300
Round 184 global test acc  81.3300
Round 185 global test acc  83.1700
Round 186 global test acc  83.0300
Round 187 global test acc  83.4800
Round 188 global test acc  83.4800
Round 189 global test acc  82.5700
Round 190 global test acc  82.4100
Round 191 global test acc  82.6100
Round 192 global test acc  82.8100
Round 193 global test acc  82.4600
Round 194 global test acc  83.4100
Round 195 global test acc  82.7900
Round 196 global test acc  82.7900
Round 197 global test acc  82.8400
Round 198 global test acc  83.7300
Round 199 global test acc  82.2000
Round 200 global test acc  82.0300
Round 201 global test acc  82.2500
Round 202 global test acc  82.1700
Round 203 global test acc  82.4300
Round 204 global test acc  82.9500
Round 205 global test acc  81.3500
Round 206 global test acc  83.1600
Round 207 global test acc  83.6400
Round 208 global test acc  84.0300
Round 209 global test acc  83.5000
Round 210 global test acc  83.2400
Round 211 global test acc  82.9600
Round 212 global test acc  83.5500
Round 213 global test acc  83.8300
Round 214 global test acc  82.8600
Round 215 global test acc  83.2900
Round 216 global test acc  83.4100
Round 217 global test acc  83.9600
Round 218 global test acc  83.0600
Round 219 global test acc  83.8700
Round 220 global test acc  83.6300
Round 221 global test acc  83.9100
Round 222 global test acc  84.2100
Round 223 global test acc  83.7600
Round 224 global test acc  83.9300
Round 225 global test acc  83.6000
Round 226 global test acc  82.9700
Round 227 global test acc  83.2900
Round 228 global test acc  83.6300
Round 229 global test acc  84.5600
Round 230 global test acc  83.8800
Round 231 global test acc  83.5800
Round 232 global test acc  84.4000
Round 233 global test acc  84.7200
Round 234 global test acc  84.8900
Round 235 global test acc  83.8400
Round 236 global test acc  84.2800
Round 237 global test acc  84.8700
Round 238 global test acc  83.4100
Round 239 global test acc  83.1200
Round 240 global test acc  84.4100
Round 241 global test acc  84.1900
Round 242 global test acc  85.0600
Round 243 global test acc  82.6600
Round 244 global test acc  81.6400
Round 245 global test acc  83.9600
Round 246 global test acc  83.5300
Round 247 global test acc  84.9400
Round 248 global test acc  84.2400
Round 249 global test acc  84.6700
Round 250 global test acc  84.4600
Round 251 global test acc  84.7700
Round 252 global test acc  85.2100
Round 253 global test acc  84.7400
Round 254 global test acc  85.4400
Round 255 global test acc  85.3100
Round 256 global test acc  83.2000
Round 257 global test acc  84.9000
Round 258 global test acc  84.3300
Round 259 global test acc  84.8300
Round 260 global test acc  84.5400
Round 261 global test acc  84.8900
Round 262 global test acc  84.0500
Round 263 global test acc  83.4700
Round 264 global test acc  85.0900
Round 265 global test acc  85.1400
Round 266 global test acc  85.3800
Round 267 global test acc  85.2100
Round 268 global test acc  85.4700
Round 269 global test acc  85.1000
Round 270 global test acc  85.9000
Round 271 global test acc  85.1800
Round 272 global test acc  85.9200
Round 273 global test acc  84.1200
Round 274 global test acc  85.7800
Round 275 global test acc  84.1700
Round 276 global test acc  85.6100
Round 277 global test acc  85.0400
Round 278 global test acc  84.9100
Round 279 global test acc  85.6300
Round 280 global test acc  85.7500
Round 281 global test acc  85.8600
Round 282 global test acc  84.7200
Round 283 global test acc  84.3700
Round 284 global test acc  85.8200
Round 285 global test acc  85.2100
Round 286 global test acc  85.0200
Round 287 global test acc  84.8700
Round 288 global test acc  85.5500
Round 289 global test acc  85.4600
Round 290 global test acc  85.6300
Round 291 global test acc  84.6400
Round 292 global test acc  85.2700
Round 293 global test acc  85.5200
Round 294 global test acc  85.7100
Round 295 global test acc  85.2400
Round 296 global test acc  85.7000
Round 297 global test acc  84.7100
Round 298 global test acc  86.0500
Round 299 global test acc  84.4200
Round 300 global test acc  84.9800
Round 301 global test acc  84.7500
Round 302 global test acc  84.9200
Round 303 global test acc  85.0900
Round 304 global test acc  85.4400
Round 305 global test acc  85.2700
Round 306 global test acc  85.8000
Round 307 global test acc  86.1300
Round 308 global test acc  86.3400
Round 309 global test acc  85.9300
Round 310 global test acc  85.6300
Round 311 global test acc  85.9300
Round 312 global test acc  85.2700
Round 313 global test acc  85.8500
Round 314 global test acc  85.4300
Round 315 global test acc  85.4100
Round 316 global test acc  86.3500
Round 317 global test acc  85.5100
Round 318 global test acc  84.2500
Round 319 global test acc  85.3100
Round 320 global test acc  85.8200
Round 321 global test acc  85.5100
Round 322 global test acc  84.9300
Round 323 global test acc  84.0700
Round 324 global test acc  84.5700
Round 325 global test acc  85.8500
Round 326 global test acc  86.0100
Round 327 global test acc  85.3600
Round 328 global test acc  86.2800
Round 329 global test acc  85.6400
Round 330 global test acc  86.4200
Round 331 global test acc  85.5400
Round 332 global test acc  85.2400
Round 333 global test acc  84.1300
Round 334 global test acc  85.5800
Round 335 global test acc  85.5800
Round 336 global test acc  84.4600
Round 337 global test acc  84.7900
Round 338 global test acc  85.7600
Round 339 global test acc  84.7500
Round 340 global test acc  84.9000
Round 341 global test acc  85.3000
Round 342 global test acc  84.6400
Round 343 global test acc  85.4200
Round 344 global test acc  84.8900
Round 345 global test acc  84.4300
Round 346 global test acc  85.7300
Round 347 global test acc  85.2000
Round 348 global test acc  85.0600
Round 349 global test acc  85.8500
Round 350 global test acc  85.3400
Round 351 global test acc  85.7000
Round 352 global test acc  86.1300
Round 353 global test acc  85.3500
Round 354 global test acc  86.1600
Round 355 global test acc  85.7300
Round 356 global test acc  81.8900
Round 357 global test acc  85.7000
Round 358 global test acc  86.1200
Round 359 global test acc  85.6300
Round 360 global test acc  85.0000
Round 361 global test acc  85.6600
Round 362 global test acc  86.0500
Round 363 global test acc  85.7200
Round 364 global test acc  86.6200
Round 365 global test acc  86.3100
Round 366 global test acc  86.2100
Round 367 global test acc  85.0300
Round 368 global test acc  86.4000
Round 369 global test acc  84.6300
Round 370 global test acc  85.8100
Round 371 global test acc  84.5700
Round 372 global test acc  86.3400
Round 373 global test acc  86.4600
Round 374 global test acc  85.2200
Round 375 global test acc  85.5600
Round 376 global test acc  86.0900
Round 377 global test acc  86.0600
Round 378 global test acc  85.7100
Round 379 global test acc  86.2900
Round 380 global test acc  86.2200
Round 381 global test acc  86.2000
Round 382 global test acc  86.5600
Round 383 global test acc  86.2900
Round 384 global test acc  86.2600
Round 385 global test acc  86.5900
Round 386 global test acc  86.7000
Round 387 global test acc  86.0600
Round 388 global test acc  85.9300
Round 389 global test acc  86.0600
Round 390 global test acc  84.9500
Round 391 global test acc  86.1500
Round 392 global test acc  86.1100
Round 393 global test acc  83.3000
Round 394 global test acc  85.3000
Round 395 global test acc  85.7600
Round 396 global test acc  86.0700
Round 397 global test acc  85.1900
Round 398 global test acc  86.3600
Round 399 global test acc  85.5800
Round 400 global test acc  86.1300
Round 401 global test acc  85.8000
Round 402 global test acc  86.9500
Round 403 global test acc  86.7300
Round 404 global test acc  85.7600
Round 405 global test acc  86.8100
Round 406 global test acc  86.2100
Round 407 global test acc  86.4400
Round 408 global test acc  86.7500
Round 409 global test acc  86.9200
Round 410 global test acc  86.6100
Round 411 global test acc  86.9000
Round 412 global test acc  86.6700
Round 413 global test acc  86.3300
Round 414 global test acc  86.2900
Round 415 global test acc  87.1300
Round 416 global test acc  87.0200
Round 417 global test acc  87.0400
Round 418 global test acc  87.6900
Round 419 global test acc  86.9400
Round 420 global test acc  87.1200
Round 421 global test acc  86.0300
Round 422 global test acc  85.5900
Round 423 global test acc  86.5900
Round 424 global test acc  85.9900
Round 425 global test acc  86.7100
Round 426 global test acc  86.3500
Round 427 global test acc  85.7900
Round 428 global test acc  85.5000
Round 429 global test acc  86.4600
Round 430 global test acc  86.6600
Round 431 global test acc  86.4600
Round 432 global test acc  86.5200
Round 433 global test acc  86.8800
Round 434 global test acc  87.1200
Round 435 global test acc  86.8100
Round 436 global test acc  85.7600
Round 437 global test acc  86.0800
Round 438 global test acc  86.3700
Round 439 global test acc  86.3900
Round 440 global test acc  85.4900
Round 441 global test acc  86.4700
Round 442 global test acc  86.4800
Round 443 global test acc  86.5100
Round 444 global test acc  86.2600
Round 445 global test acc  86.2100
Round 446 global test acc  86.5400
Round 447 global test acc  86.8300
Round 448 global test acc  86.7100
Round 449 global test acc  86.1100
time : 26418.013506889343
('algorithm', 'GlobalCORES')
('gpu', 0)
('seed', 13)
('save_dir', './record/')
('rounds2', 450)
('local_ep', 5)
('frac2', 0.1)
('num_users', 100)
('local_bs', 32)
('lr', 0.01)
('model', 'resnet18')
('num_classes', 10)
('level_n_system', 0.5)
('level_n_lowerb', 0.3)
('alpha_dirichlet', 10)
('non_iid_prob_class', 0.7)
('dataset', 'cifar10')
('iid', True)
('LID_k', 20)
('iteration1', 5)
('rounds1', 200)
('frac1', 0.01)
('pretrained', False)
('mixup', False)
('alpha', 1)
('beta', 5)
('relabel_ratio', 0.5)
('confidence_thres', 0.5)
('clean_set_thres', 0.1)
('fine_tuning', True)
('correction', True)
('T_pl', 100)
('lambda_cen', 1.0)
('lambda_e', 0.8)
('num_gradual', 10)
('forget_rate', 0.2)
('lr_decay', 0.1)
('schedule', [])
('momentum', 0.5)
('weight_decay', 0.0001)
('feature_dim', 128)
('plr', 0.01)
('lamda', 15)
('K', 5)
('gamma', 1)
('begin_sel', 10)
('max_beta', 2)
('mu', 0.01)
('device', device(type='cuda', index=0))
Files already downloaded and verified
Files already downloaded and verified
Client 0, noise level: 0.7877 (0.7089), real noise ratio: 0.6940
Client 2, noise level: 0.4944 (0.4450), real noise ratio: 0.4720
Client 3, noise level: 0.4635 (0.4172), real noise ratio: 0.4160
Client 4, noise level: 0.8920 (0.8028), real noise ratio: 0.7960
Client 6, noise level: 0.7822 (0.7040), real noise ratio: 0.6820
Client 7, noise level: 0.4074 (0.3667), real noise ratio: 0.4020
Client 8, noise level: 0.4425 (0.3983), real noise ratio: 0.3600
Client 9, noise level: 0.3473 (0.3126), real noise ratio: 0.2960
Client 13, noise level: 0.4574 (0.4116), real noise ratio: 0.3720
Client 15, noise level: 0.3237 (0.2913), real noise ratio: 0.2720
Client 20, noise level: 0.7283 (0.6555), real noise ratio: 0.6560
Client 23, noise level: 0.5618 (0.5056), real noise ratio: 0.5480
Client 26, noise level: 0.8716 (0.7844), real noise ratio: 0.7820
Client 27, noise level: 0.3558 (0.3202), real noise ratio: 0.3060
Client 29, noise level: 0.8867 (0.7980), real noise ratio: 0.8060
Client 30, noise level: 0.6949 (0.6254), real noise ratio: 0.6440
Client 32, noise level: 0.4015 (0.3614), real noise ratio: 0.4080
Client 33, noise level: 0.3690 (0.3321), real noise ratio: 0.3400
Client 35, noise level: 0.7970 (0.7173), real noise ratio: 0.7260
Client 38, noise level: 0.5606 (0.5045), real noise ratio: 0.5060
Client 41, noise level: 0.7353 (0.6618), real noise ratio: 0.6460
Client 42, noise level: 0.8045 (0.7240), real noise ratio: 0.7060
Client 47, noise level: 0.4586 (0.4127), real noise ratio: 0.3980
Client 48, noise level: 0.5133 (0.4620), real noise ratio: 0.4560
Client 50, noise level: 0.7860 (0.7074), real noise ratio: 0.7280
Client 51, noise level: 0.3370 (0.3033), real noise ratio: 0.2800
Client 56, noise level: 0.5591 (0.5031), real noise ratio: 0.4940
Client 57, noise level: 0.6532 (0.5879), real noise ratio: 0.5500
Client 59, noise level: 0.3915 (0.3523), real noise ratio: 0.3560
Client 60, noise level: 0.8911 (0.8020), real noise ratio: 0.7840
Client 62, noise level: 0.4187 (0.3768), real noise ratio: 0.3960
Client 67, noise level: 0.3696 (0.3326), real noise ratio: 0.3220
Client 68, noise level: 0.9393 (0.8454), real noise ratio: 0.8680
Client 69, noise level: 0.7046 (0.6341), real noise ratio: 0.6300
Client 72, noise level: 0.3069 (0.2762), real noise ratio: 0.2520
Client 75, noise level: 0.7848 (0.7064), real noise ratio: 0.7180
Client 78, noise level: 0.3984 (0.3586), real noise ratio: 0.3640
Client 79, noise level: 0.7685 (0.6916), real noise ratio: 0.6640
Client 80, noise level: 0.5127 (0.4614), real noise ratio: 0.4980
Client 83, noise level: 0.4420 (0.3978), real noise ratio: 0.4200
Client 88, noise level: 0.4144 (0.3729), real noise ratio: 0.3920
Client 90, noise level: 0.4952 (0.4457), real noise ratio: 0.4320
Client 91, noise level: 0.4432 (0.3989), real noise ratio: 0.4300
Client 94, noise level: 0.3650 (0.3285), real noise ratio: 0.2880
Client 98, noise level: 0.5071 (0.4564), real noise ratio: 0.4640
Client 99, noise level: 0.4163 (0.3747), real noise ratio: 0.4080
Round 0 global test acc  20.7800
Round 1 global test acc  32.4400
Round 2 global test acc  38.5600
Round 3 global test acc  41.6200
Round 4 global test acc  40.9600
Round 5 global test acc  39.8200
Round 6 global test acc  40.1200
Round 7 global test acc  43.3300
Round 8 global test acc  44.6800
Round 9 global test acc  45.2000
Round 10 global test acc  46.2900
Round 11 global test acc  44.0300
Round 12 global test acc  45.0800
Round 13 global test acc  45.8700
Round 14 global test acc  47.6400
Round 15 global test acc  48.3300
Round 16 global test acc  47.9300
Round 17 global test acc  52.4000
Round 18 global test acc  55.9900
Round 19 global test acc  55.2000
Round 20 global test acc  44.8800
Round 21 global test acc  52.3100
Round 22 global test acc  53.8300
Round 23 global test acc  58.6700
Round 24 global test acc  57.4900
Round 25 global test acc  55.8100
Round 26 global test acc  54.1200
Round 27 global test acc  59.8300
Round 28 global test acc  59.3100
Round 29 global test acc  57.8700
Round 30 global test acc  60.1600
Round 31 global test acc  58.1800
Round 32 global test acc  59.2200
Round 33 global test acc  61.3300
Round 34 global test acc  64.1900
Round 35 global test acc  61.9200
Round 36 global test acc  64.0900
Round 37 global test acc  64.7500
Round 38 global test acc  64.2700
Round 39 global test acc  60.1900
Round 40 global test acc  59.1400
Round 41 global test acc  64.1000
Round 42 global test acc  65.0000
Round 43 global test acc  65.8400
Round 44 global test acc  65.5800
Round 45 global test acc  65.5200
Round 46 global test acc  64.7100
Round 47 global test acc  67.7500
Round 48 global test acc  63.0400
Round 49 global test acc  63.1400
Round 50 global test acc  67.4500
Round 51 global test acc  69.1300
Round 52 global test acc  66.9700
Round 53 global test acc  67.0700
Round 54 global test acc  66.2000
Round 55 global test acc  67.7000
Round 56 global test acc  68.3700
Round 57 global test acc  69.0700
Round 58 global test acc  69.5200
Round 59 global test acc  67.7500
Round 60 global test acc  69.6100
Round 61 global test acc  70.2300
Round 62 global test acc  69.4500
Round 63 global test acc  69.5200
Round 64 global test acc  69.2200
Round 65 global test acc  69.8800
Round 66 global test acc  70.3300
Round 67 global test acc  70.9900
Round 68 global test acc  71.7700
Round 69 global test acc  72.1900
Round 70 global test acc  67.3200
Round 71 global test acc  67.6400
Round 72 global test acc  70.1200
Round 73 global test acc  72.8000
Round 74 global test acc  70.1000
Round 75 global test acc  71.5100
Round 76 global test acc  70.5500
Round 77 global test acc  72.5900
Round 78 global test acc  73.3300
Round 79 global test acc  73.8400
Round 80 global test acc  73.9600
Round 81 global test acc  73.7600
Round 82 global test acc  73.6100
Round 83 global test acc  71.6900
Round 84 global test acc  72.5300
Round 85 global test acc  73.4200
Round 86 global test acc  75.1500
Round 87 global test acc  73.7900
Round 88 global test acc  75.4800
Round 89 global test acc  74.7100
Round 90 global test acc  74.1600
Round 91 global test acc  74.9500
Round 92 global test acc  76.1100
Round 93 global test acc  75.0000
Round 94 global test acc  75.3800
Round 95 global test acc  76.0900
Round 96 global test acc  73.2000
Round 97 global test acc  76.6000
Round 98 global test acc  76.3900
Round 99 global test acc  76.8500
Round 100 global test acc  76.3300
Round 101 global test acc  75.4100
Round 102 global test acc  78.2500
Round 103 global test acc  77.2100
Round 104 global test acc  75.7400
Round 105 global test acc  76.9800
Round 106 global test acc  77.2200
Round 107 global test acc  76.3800
Round 108 global test acc  77.6400
Round 109 global test acc  78.3100
Round 110 global test acc  78.0900
Round 111 global test acc  78.5800
Round 112 global test acc  74.9600
Round 113 global test acc  79.3000
Round 114 global test acc  72.3400
Round 115 global test acc  78.0700
Round 116 global test acc  77.1400
Round 117 global test acc  79.4700
Round 118 global test acc  77.7100
Round 119 global test acc  78.9800
Round 120 global test acc  79.5400
Round 121 global test acc  79.4900
Round 122 global test acc  79.5200
Round 123 global test acc  79.1500
Round 124 global test acc  78.7600
Round 125 global test acc  79.1500
Round 126 global test acc  77.8100
Round 127 global test acc  79.9500
Round 128 global test acc  79.3200
Round 129 global test acc  79.9400
Round 130 global test acc  80.9500
Round 131 global test acc  80.6600
Round 132 global test acc  80.4900
Round 133 global test acc  79.6200
Round 134 global test acc  79.4700
Round 135 global test acc  79.9700
Round 136 global test acc  81.0300
Round 137 global test acc  80.0500
Round 138 global test acc  78.7600
Round 139 global test acc  81.4400
Round 140 global test acc  81.6100
Round 141 global test acc  79.3800
Round 142 global test acc  79.8300
Round 143 global test acc  80.9200
Round 144 global test acc  79.5500
Round 145 global test acc  80.7700
Round 146 global test acc  81.2200
Round 147 global test acc  81.6200
Round 148 global test acc  81.7600
Round 149 global test acc  81.7300
Round 150 global test acc  80.7500
Round 151 global test acc  81.1300
Round 152 global test acc  81.1600
Round 153 global test acc  81.0500
Round 154 global test acc  81.6400
Round 155 global test acc  80.3000
Round 156 global test acc  77.8600
Round 157 global test acc  81.0800
Round 158 global test acc  82.3600
Round 159 global test acc  81.6900
Round 160 global test acc  81.0600
Round 161 global test acc  81.3300
Round 162 global test acc  80.6800
Round 163 global test acc  82.2100
Round 164 global test acc  81.6300
Round 165 global test acc  81.5000
Round 166 global test acc  81.4900
Round 167 global test acc  81.7200
Round 168 global test acc  81.5600
Round 169 global test acc  82.5000
Round 170 global test acc  80.6000
Round 171 global test acc  83.0200
Round 172 global test acc  81.1100
Round 173 global test acc  81.5200
Round 174 global test acc  82.2800
Round 175 global test acc  83.2800
Round 176 global test acc  82.4400
Round 177 global test acc  82.2400
Round 178 global test acc  81.7200
Round 179 global test acc  83.2400
Round 180 global test acc  81.5600
Round 181 global test acc  80.8900
Round 182 global test acc  82.0200
Round 183 global test acc  82.4000
Round 184 global test acc  80.4300
Round 185 global test acc  83.2800
Round 186 global test acc  82.6000
Round 187 global test acc  83.3400
Round 188 global test acc  83.1100
Round 189 global test acc  83.3500
Round 190 global test acc  82.3200
Round 191 global test acc  81.9000
Round 192 global test acc  82.8900
Round 193 global test acc  82.2000
Round 194 global test acc  83.2600
Round 195 global test acc  82.2800
Round 196 global test acc  83.6400
Round 197 global test acc  82.3900
Round 198 global test acc  83.5200
Round 199 global test acc  83.3700
Round 200 global test acc  81.9300
Round 201 global test acc  82.2200
Round 202 global test acc  81.8700
Round 203 global test acc  81.0700
Round 204 global test acc  83.6500
Round 205 global test acc  80.4500
Round 206 global test acc  83.9600
Round 207 global test acc  83.2500
Round 208 global test acc  83.8200
Round 209 global test acc  83.3400
Round 210 global test acc  82.9000
Round 211 global test acc  81.1700
Round 212 global test acc  84.2600
Round 213 global test acc  84.1800
Round 214 global test acc  81.2900
Round 215 global test acc  82.9100
Round 216 global test acc  83.5600
Round 217 global test acc  84.0100
Round 218 global test acc  83.6700
Round 219 global test acc  83.6200
Round 220 global test acc  84.0600
Round 221 global test acc  84.3300
Round 222 global test acc  83.7400
Round 223 global test acc  83.8000
Round 224 global test acc  84.3700
Round 225 global test acc  84.2400
Round 226 global test acc  82.7700
Round 227 global test acc  84.2400
Round 228 global test acc  84.1700
Round 229 global test acc  84.5100
Round 230 global test acc  84.1100
Round 231 global test acc  82.9300
Round 232 global test acc  84.4400
Round 233 global test acc  84.7900
Round 234 global test acc  85.2100
Round 235 global test acc  84.0100
Round 236 global test acc  84.3700
Round 237 global test acc  84.7300
Round 238 global test acc  83.9900
Round 239 global test acc  84.1200
Round 240 global test acc  84.7200
Round 241 global test acc  83.1800
Round 242 global test acc  85.2400
Round 243 global test acc  81.9300
Round 244 global test acc  82.3200
Round 245 global test acc  83.8200
Round 246 global test acc  84.1800
Round 247 global test acc  85.0000
Round 248 global test acc  85.0800
Round 249 global test acc  84.7300
Round 250 global test acc  83.9400
Round 251 global test acc  84.9800
Round 252 global test acc  85.5100
Round 253 global test acc  84.1300
Round 254 global test acc  85.4300
Round 255 global test acc  85.4100
Round 256 global test acc  83.4900
Round 257 global test acc  85.4400
Round 258 global test acc  84.6100
Round 259 global test acc  84.3000
Round 260 global test acc  84.9900
Round 261 global test acc  84.3400
Round 262 global test acc  84.6000
Round 263 global test acc  84.0500
Round 264 global test acc  85.0700
Round 265 global test acc  85.5000
Round 266 global test acc  85.2200
Round 267 global test acc  85.3800
Round 268 global test acc  85.5300
Round 269 global test acc  84.7900
Round 270 global test acc  85.5900
Round 271 global test acc  85.2600
Round 272 global test acc  86.0000
Round 273 global test acc  84.7000
Round 274 global test acc  86.1900
Round 275 global test acc  84.4600
Round 276 global test acc  85.5300
Round 277 global test acc  85.3300
Round 278 global test acc  85.1400
Round 279 global test acc  85.2000
Round 280 global test acc  85.9800
Round 281 global test acc  85.7200
Round 282 global test acc  84.6200
Round 283 global test acc  84.7900
Round 284 global test acc  85.4000
Round 285 global test acc  85.4100
Round 286 global test acc  84.7000
Round 287 global test acc  84.7600
Round 288 global test acc  85.7400
Round 289 global test acc  85.1500
Round 290 global test acc  85.5600
Round 291 global test acc  84.6100
Round 292 global test acc  85.0100
Round 293 global test acc  85.5900
Round 294 global test acc  85.3700
Round 295 global test acc  84.9700
Round 296 global test acc  85.4500
Round 297 global test acc  84.9800
Round 298 global test acc  85.7900
Round 299 global test acc  83.7100
Round 300 global test acc  84.8200
Round 301 global test acc  85.1600
Round 302 global test acc  85.4300
Round 303 global test acc  84.7400
Round 304 global test acc  86.1000
Round 305 global test acc  85.5300
Round 306 global test acc  85.1900
Round 307 global test acc  86.0400
Round 308 global test acc  86.0400
Round 309 global test acc  85.8800
Round 310 global test acc  85.3500
Round 311 global test acc  85.9100
Round 312 global test acc  85.7900
Round 313 global test acc  85.0900
Round 314 global test acc  85.2800
Round 315 global test acc  85.1100
Round 316 global test acc  86.1500
Round 317 global test acc  85.3400
Round 318 global test acc  84.0900
Round 319 global test acc  85.0900
Round 320 global test acc  85.7700
Round 321 global test acc  85.2000
Round 322 global test acc  85.3300
Round 323 global test acc  83.3100
Round 324 global test acc  83.9100
Round 325 global test acc  85.8900
Round 326 global test acc  85.8500
Round 327 global test acc  85.3500
Round 328 global test acc  86.1900
Round 329 global test acc  85.5200
Round 330 global test acc  86.5200
Round 331 global test acc  85.6000
Round 332 global test acc  85.5800
Round 333 global test acc  84.9400
Round 334 global test acc  85.5300
Round 335 global test acc  85.4600
Round 336 global test acc  84.4900
Round 337 global test acc  84.6300
Round 338 global test acc  85.8300
Round 339 global test acc  85.6500
Round 340 global test acc  85.2400
Round 341 global test acc  84.5300
Round 342 global test acc  85.0900
Round 343 global test acc  85.1200
Round 344 global test acc  85.3700
Round 345 global test acc  84.3700
Round 346 global test acc  85.0600
Round 347 global test acc  84.8300
Round 348 global test acc  84.5700
Round 349 global test acc  85.2500
Round 350 global test acc  84.8200
Round 351 global test acc  85.5600
Round 352 global test acc  86.1100
Round 353 global test acc  84.1700
Round 354 global test acc  86.0300
Round 355 global test acc  85.6100
Round 356 global test acc  84.3100
Round 357 global test acc  85.5600
Round 358 global test acc  85.8500
Round 359 global test acc  85.2900
Round 360 global test acc  84.7100
Round 361 global test acc  85.7200
Round 362 global test acc  85.8400
Round 363 global test acc  85.3400
Round 364 global test acc  86.0400
Round 365 global test acc  85.7000
Round 366 global test acc  86.3100
Round 367 global test acc  85.2700
Round 368 global test acc  86.5800
Round 369 global test acc  84.0200
Round 370 global test acc  85.9600
Round 371 global test acc  85.0300
Round 372 global test acc  86.0800
Round 373 global test acc  85.8800
Round 374 global test acc  84.7800
Round 375 global test acc  85.5800
Round 376 global test acc  85.5400
Round 377 global test acc  85.1300
Round 378 global test acc  86.1000
Round 379 global test acc  85.9500
Round 380 global test acc  85.1700
Round 381 global test acc  85.9100
Round 382 global test acc  86.3500
Round 383 global test acc  85.9900
Round 384 global test acc  86.5600
Round 385 global test acc  86.4600
Round 386 global test acc  86.2200
Round 387 global test acc  85.7600
Round 388 global test acc  85.7700
Round 389 global test acc  86.1400
Round 390 global test acc  85.4500
Round 391 global test acc  86.1400
Round 392 global test acc  85.5200
Round 393 global test acc  84.7100
Round 394 global test acc  85.4200
Round 395 global test acc  85.3800
Round 396 global test acc  85.8600
Round 397 global test acc  85.5500
Round 398 global test acc  86.2200
Round 399 global test acc  85.6000
Round 400 global test acc  86.4800
Round 401 global test acc  85.6800
Round 402 global test acc  86.3700
Round 403 global test acc  86.5300
Round 404 global test acc  85.8700
Round 405 global test acc  86.5300
Round 406 global test acc  86.0000
Round 407 global test acc  86.0800
Round 408 global test acc  86.2700
Round 409 global test acc  86.5300
Round 410 global test acc  86.6200
Round 411 global test acc  86.8000
Round 412 global test acc  86.6400
Round 413 global test acc  86.1200
Round 414 global test acc  86.2600
Round 415 global test acc  86.8500
Round 416 global test acc  86.7800
Round 417 global test acc  86.8900
Round 418 global test acc  87.2000
Round 419 global test acc  86.7400
Round 420 global test acc  86.7000
Round 421 global test acc  86.5800
Round 422 global test acc  85.6100
Round 423 global test acc  86.6900
Round 424 global test acc  85.9900
Round 425 global test acc  86.4200
Round 426 global test acc  85.8500
Round 427 global test acc  85.0700
Round 428 global test acc  84.8500
Round 429 global test acc  85.8700
Round 430 global test acc  86.4700
Round 431 global test acc  86.4200
Round 432 global test acc  86.3300
Round 433 global test acc  86.3000
Round 434 global test acc  86.3100
Round 435 global test acc  86.6500
Round 436 global test acc  86.4500
Round 437 global test acc  85.6400
Round 438 global test acc  86.2400
Round 439 global test acc  86.3100
Round 440 global test acc  85.5600
Round 441 global test acc  86.5500
Round 442 global test acc  86.3500
Round 443 global test acc  85.7200
Round 444 global test acc  85.7100
Round 445 global test acc  85.7200
Round 446 global test acc  85.6200
Round 447 global test acc  86.3900
Round 448 global test acc  86.3600
Round 449 global test acc  85.6900
time : 25887.16617178917
('algorithm', 'GlobalCORES')
('gpu', 0)
('seed', 13)
('save_dir', './record/')
('rounds2', 450)
('local_ep', 5)
('frac2', 0.1)
('num_users', 100)
('local_bs', 32)
('lr', 0.01)
('model', 'resnet18')
('num_classes', 10)
('level_n_system', 0.5)
('level_n_lowerb', 0.3)
('alpha_dirichlet', 10)
('non_iid_prob_class', 0.7)
('dataset', 'cifar10')
('iid', True)
('LID_k', 20)
('iteration1', 5)
('rounds1', 200)
('frac1', 0.01)
('pretrained', False)
('mixup', False)
('alpha', 1)
('beta', 5)
('relabel_ratio', 0.5)
('confidence_thres', 0.5)
('clean_set_thres', 0.1)
('fine_tuning', True)
('correction', True)
('T_pl', 100)
('lambda_cen', 1.0)
('lambda_e', 0.8)
('num_gradual', 10)
('forget_rate', 0.2)
('lr_decay', 0.1)
('schedule', [])
('momentum', 0.5)
('weight_decay', 0.0001)
('feature_dim', 128)
('plr', 0.01)
('lamda', 15)
('K', 5)
('gamma', 1)
('begin_sel', 10)
('max_beta', 2)
('mu', 0.01)
('device', device(type='cuda', index=0))
Files already downloaded and verified
Files already downloaded and verified
Client 0, noise level: 0.7877 (0.7089), real noise ratio: 0.6940
Client 2, noise level: 0.4944 (0.4450), real noise ratio: 0.4720
Client 3, noise level: 0.4635 (0.4172), real noise ratio: 0.4160
Client 4, noise level: 0.8920 (0.8028), real noise ratio: 0.7960
Client 6, noise level: 0.7822 (0.7040), real noise ratio: 0.6820
Client 7, noise level: 0.4074 (0.3667), real noise ratio: 0.4020
Client 8, noise level: 0.4425 (0.3983), real noise ratio: 0.3600
Client 9, noise level: 0.3473 (0.3126), real noise ratio: 0.2960
Client 13, noise level: 0.4574 (0.4116), real noise ratio: 0.3720
Client 15, noise level: 0.3237 (0.2913), real noise ratio: 0.2720
Client 20, noise level: 0.7283 (0.6555), real noise ratio: 0.6560
Client 23, noise level: 0.5618 (0.5056), real noise ratio: 0.5480
Client 26, noise level: 0.8716 (0.7844), real noise ratio: 0.7820
Client 27, noise level: 0.3558 (0.3202), real noise ratio: 0.3060
Client 29, noise level: 0.8867 (0.7980), real noise ratio: 0.8060
Client 30, noise level: 0.6949 (0.6254), real noise ratio: 0.6440
Client 32, noise level: 0.4015 (0.3614), real noise ratio: 0.4080
Client 33, noise level: 0.3690 (0.3321), real noise ratio: 0.3400
Client 35, noise level: 0.7970 (0.7173), real noise ratio: 0.7260
Client 38, noise level: 0.5606 (0.5045), real noise ratio: 0.5060
Client 41, noise level: 0.7353 (0.6618), real noise ratio: 0.6460
Client 42, noise level: 0.8045 (0.7240), real noise ratio: 0.7060
Client 47, noise level: 0.4586 (0.4127), real noise ratio: 0.3980
Client 48, noise level: 0.5133 (0.4620), real noise ratio: 0.4560
Client 50, noise level: 0.7860 (0.7074), real noise ratio: 0.7280
Client 51, noise level: 0.3370 (0.3033), real noise ratio: 0.2800
Client 56, noise level: 0.5591 (0.5031), real noise ratio: 0.4940
Client 57, noise level: 0.6532 (0.5879), real noise ratio: 0.5500
Client 59, noise level: 0.3915 (0.3523), real noise ratio: 0.3560
Client 60, noise level: 0.8911 (0.8020), real noise ratio: 0.7840
Client 62, noise level: 0.4187 (0.3768), real noise ratio: 0.3960
Client 67, noise level: 0.3696 (0.3326), real noise ratio: 0.3220
Client 68, noise level: 0.9393 (0.8454), real noise ratio: 0.8680
Client 69, noise level: 0.7046 (0.6341), real noise ratio: 0.6300
Client 72, noise level: 0.3069 (0.2762), real noise ratio: 0.2520
Client 75, noise level: 0.7848 (0.7064), real noise ratio: 0.7180
Client 78, noise level: 0.3984 (0.3586), real noise ratio: 0.3640
Client 79, noise level: 0.7685 (0.6916), real noise ratio: 0.6640
Client 80, noise level: 0.5127 (0.4614), real noise ratio: 0.4980
Client 83, noise level: 0.4420 (0.3978), real noise ratio: 0.4200
Client 88, noise level: 0.4144 (0.3729), real noise ratio: 0.3920
Client 90, noise level: 0.4952 (0.4457), real noise ratio: 0.4320
Client 91, noise level: 0.4432 (0.3989), real noise ratio: 0.4300
Client 94, noise level: 0.3650 (0.3285), real noise ratio: 0.2880
Client 98, noise level: 0.5071 (0.4564), real noise ratio: 0.4640
Client 99, noise level: 0.4163 (0.3747), real noise ratio: 0.4080
Round 0 global test acc  18.5200
Round 1 global test acc  31.5800
Round 2 global test acc  36.3500
Round 3 global test acc  41.8600
Round 4 global test acc  41.4400
Round 5 global test acc  40.5900
Round 6 global test acc  39.1900
Round 7 global test acc  42.2200
Round 8 global test acc  44.5500
Round 9 global test acc  45.1600
Round 10 global test acc  45.1600
Round 11 global test acc  47.8500
Round 12 global test acc  47.0800
Round 13 global test acc  46.8400
Round 14 global test acc  43.3600
Round 15 global test acc  48.4800
Round 16 global test acc  45.7500
Round 17 global test acc  51.4100
Round 18 global test acc  55.6900
Round 19 global test acc  54.8000
Round 20 global test acc  35.6000
Round 21 global test acc  54.9200
Round 22 global test acc  50.5400
Round 23 global test acc  59.1700
Round 24 global test acc  53.1700
Round 25 global test acc  56.1900
Round 26 global test acc  55.1700
Round 27 global test acc  59.2600
Round 28 global test acc  59.1900
Round 29 global test acc  60.4000
Round 30 global test acc  61.6100
Round 31 global test acc  58.5200
Round 32 global test acc  57.0900
Round 33 global test acc  60.7600
Round 34 global test acc  63.8700
Round 35 global test acc  62.7800
Round 36 global test acc  58.4900
Round 37 global test acc  65.0500
Round 38 global test acc  63.3300
Round 39 global test acc  62.4800
Round 40 global test acc  61.7900
Round 41 global test acc  64.9300
Round 42 global test acc  64.7100
Round 43 global test acc  65.9900
Round 44 global test acc  63.7000
Round 45 global test acc  65.7000
Round 46 global test acc  66.6600
Round 47 global test acc  67.3600
Round 48 global test acc  61.0000
Round 49 global test acc  65.7400
Round 50 global test acc  67.2200
Round 51 global test acc  68.3700
Round 52 global test acc  68.2000
Round 53 global test acc  67.1900
Round 54 global test acc  66.5400
Round 55 global test acc  67.3900
Round 56 global test acc  67.6700
Round 57 global test acc  67.7100
Round 58 global test acc  69.0200
Round 59 global test acc  65.9100
Round 60 global test acc  67.2000
Round 61 global test acc  70.2100
Round 62 global test acc  66.8500
Round 63 global test acc  68.9100
Round 64 global test acc  69.2700
Round 65 global test acc  70.5600
Round 66 global test acc  70.5800
Round 67 global test acc  69.6400
Round 68 global test acc  71.2500
Round 69 global test acc  71.1900
Round 70 global test acc  70.0400
Round 71 global test acc  68.8600
Round 72 global test acc  70.5500
Round 73 global test acc  72.4600
Round 74 global test acc  71.0700
Round 75 global test acc  70.2300
Round 76 global test acc  66.2000
Round 77 global test acc  73.1500
Round 78 global test acc  72.6000
Round 79 global test acc  73.3600
Round 80 global test acc  74.0800
Round 81 global test acc  73.2400
Round 82 global test acc  72.5700
Round 83 global test acc  72.5000
Round 84 global test acc  72.6200
Round 85 global test acc  73.3900
Round 86 global test acc  75.0900
Round 87 global test acc  73.6000
Round 88 global test acc  75.5800
Round 89 global test acc  74.1600
Round 90 global test acc  74.0300
Round 91 global test acc  74.7400
Round 92 global test acc  75.2800
Round 93 global test acc  72.7500
Round 94 global test acc  75.6600
Round 95 global test acc  75.1800
Round 96 global test acc  74.0100
Round 97 global test acc  76.0500
Round 98 global test acc  76.6800
Round 99 global test acc  77.1200
Round 100 global test acc  76.1100
Round 101 global test acc  76.2600
Round 102 global test acc  77.4900
Round 103 global test acc  76.8600
Round 104 global test acc  75.7000
Round 105 global test acc  77.3000
Round 106 global test acc  77.5100
Round 107 global test acc  76.5600
Round 108 global test acc  77.2800
Round 109 global test acc  77.6400
Round 110 global test acc  78.6300
Round 111 global test acc  78.6800
Round 112 global test acc  76.3400
Round 113 global test acc  79.1300
Round 114 global test acc  77.4800
Round 115 global test acc  78.2900
Round 116 global test acc  77.2900
Round 117 global test acc  79.3300
Round 118 global test acc  77.8400
Round 119 global test acc  78.7400
Round 120 global test acc  79.0400
Round 121 global test acc  78.5200
Round 122 global test acc  79.0900
Round 123 global test acc  80.2200
Round 124 global test acc  78.8400
Round 125 global test acc  79.7700
Round 126 global test acc  74.5600
Round 127 global test acc  80.0300
Round 128 global test acc  79.4300
Round 129 global test acc  78.9700
Round 130 global test acc  80.5800
Round 131 global test acc  81.0300
Round 132 global test acc  80.6800
Round 133 global test acc  79.7500
Round 134 global test acc  79.7300
Round 135 global test acc  79.2200
Round 136 global test acc  81.1400
Round 137 global test acc  80.4200
Round 138 global test acc  77.4600
Round 139 global test acc  81.2500
Round 140 global test acc  81.1000
Round 141 global test acc  78.0800
Round 142 global test acc  80.7200
Round 143 global test acc  80.9800
Round 144 global test acc  79.8800
Round 145 global test acc  81.1600
Round 146 global test acc  80.7500
Round 147 global test acc  81.5000
Round 148 global test acc  81.6500
Round 149 global test acc  82.1600
Round 150 global test acc  81.6400
Round 151 global test acc  80.8500
Round 152 global test acc  81.6300
Round 153 global test acc  80.7300
Round 154 global test acc  81.7300
Round 155 global test acc  80.9500
Round 156 global test acc  78.6700
Round 157 global test acc  81.6100
Round 158 global test acc  81.2100
Round 159 global test acc  82.1000
Round 160 global test acc  80.8200
Round 161 global test acc  81.7600
Round 162 global test acc  80.7800
Round 163 global test acc  82.6200
Round 164 global test acc  81.4600
Round 165 global test acc  81.5700
Round 166 global test acc  81.7600
Round 167 global test acc  82.1600
Round 168 global test acc  81.4500
Round 169 global test acc  82.8800
Round 170 global test acc  81.1000
Round 171 global test acc  82.5700
Round 172 global test acc  81.5300
Round 173 global test acc  81.8200
Round 174 global test acc  82.4400
Round 175 global test acc  82.9100
Round 176 global test acc  82.4100
Round 177 global test acc  82.0800
Round 178 global test acc  79.9100
Round 179 global test acc  82.7700
Round 180 global test acc  80.5900
Round 181 global test acc  80.9800
Round 182 global test acc  82.2600
Round 183 global test acc  82.9200
Round 184 global test acc  80.7900
Round 185 global test acc  83.0800
Round 186 global test acc  82.6200
Round 187 global test acc  83.1900
Round 188 global test acc  83.5200
Round 189 global test acc  83.1400
Round 190 global test acc  82.2900
Round 191 global test acc  81.8000
Round 192 global test acc  82.8500
Round 193 global test acc  82.7100
Round 194 global test acc  83.6100
Round 195 global test acc  82.4000
Round 196 global test acc  83.1200
Round 197 global test acc  82.8300
Round 198 global test acc  83.0900
Round 199 global test acc  83.0400
Round 200 global test acc  81.5100
Round 201 global test acc  82.2400
Round 202 global test acc  81.6600
Round 203 global test acc  82.0100
Round 204 global test acc  83.4800
Round 205 global test acc  81.0600
Round 206 global test acc  84.1100
Round 207 global test acc  83.7800
Round 208 global test acc  83.5900
Round 209 global test acc  83.8300
Round 210 global test acc  83.4700
Round 211 global test acc  82.8200
Round 212 global test acc  84.2800
Round 213 global test acc  83.9700
Round 214 global test acc  82.1700
Round 215 global test acc  83.2000
Round 216 global test acc  82.3700
Round 217 global test acc  83.9400
Round 218 global test acc  83.1200
Round 219 global test acc  83.8700
Round 220 global test acc  84.4100
Round 221 global test acc  83.9400
Round 222 global test acc  84.2900
Round 223 global test acc  84.1700
Round 224 global test acc  84.3900
Round 225 global test acc  83.4500
Round 226 global test acc  83.0200
Round 227 global test acc  83.2700
Round 228 global test acc  83.3100
Round 229 global test acc  84.2200
Round 230 global test acc  83.8200
Round 231 global test acc  83.5500
Round 232 global test acc  84.7700
Round 233 global test acc  84.9300
Round 234 global test acc  85.1300
Round 235 global test acc  84.0200
Round 236 global test acc  84.7200
Round 237 global test acc  84.6700
Round 238 global test acc  83.5000
Round 239 global test acc  83.6400
Round 240 global test acc  84.5900
Round 241 global test acc  84.1400
Round 242 global test acc  85.2200
Round 243 global test acc  83.6500
Round 244 global test acc  80.7300
Round 245 global test acc  84.3600
Round 246 global test acc  83.9700
Round 247 global test acc  85.0300
Round 248 global test acc  84.8400
Round 249 global test acc  84.8800
Round 250 global test acc  84.8100
Round 251 global test acc  85.2900
Round 252 global test acc  85.4600
Round 253 global test acc  84.4500
Round 254 global test acc  85.3500
Round 255 global test acc  84.9400
Round 256 global test acc  83.7500
Round 257 global test acc  85.2600
Round 258 global test acc  84.7700
Round 259 global test acc  84.6700
Round 260 global test acc  83.9200
Round 261 global test acc  84.0800
Round 262 global test acc  84.0200
Round 263 global test acc  84.2000
Round 264 global test acc  85.1300
Round 265 global test acc  85.3600
Round 266 global test acc  85.5700
Round 267 global test acc  85.5000
Round 268 global test acc  85.4800
Round 269 global test acc  85.0900
Round 270 global test acc  85.3800
Round 271 global test acc  85.4900
Round 272 global test acc  85.4600
Round 273 global test acc  84.4300
Round 274 global test acc  85.6700
Round 275 global test acc  84.4500
Round 276 global test acc  85.2300
Round 277 global test acc  85.3000
Round 278 global test acc  84.5300
Round 279 global test acc  85.0400
Round 280 global test acc  85.6500
Round 281 global test acc  85.3800
Round 282 global test acc  84.7400
Round 283 global test acc  83.8300
Round 284 global test acc  85.1000
Round 285 global test acc  84.5700
Round 286 global test acc  83.9600
Round 287 global test acc  84.0400
Round 288 global test acc  85.7100
Round 289 global test acc  85.4100
Round 290 global test acc  85.2300
Round 291 global test acc  84.7400
Round 292 global test acc  84.4700
Round 293 global test acc  85.4800
Round 294 global test acc  84.7300
Round 295 global test acc  85.2900
Round 296 global test acc  85.1800
Round 297 global test acc  85.1600
Round 298 global test acc  85.4100
Round 299 global test acc  83.8200
Round 300 global test acc  85.3400
Round 301 global test acc  85.0400
Round 302 global test acc  84.9400
Round 303 global test acc  84.6000
Round 304 global test acc  85.5600
Round 305 global test acc  85.1700
Round 306 global test acc  85.1600
Round 307 global test acc  85.9000
Round 308 global test acc  85.8600
Round 309 global test acc  85.4600
Round 310 global test acc  85.3100
Round 311 global test acc  85.6900
Round 312 global test acc  84.9200
Round 313 global test acc  85.3700
Round 314 global test acc  84.8300
Round 315 global test acc  84.9800
Round 316 global test acc  86.1100
Round 317 global test acc  85.1100
Round 318 global test acc  84.1400
Round 319 global test acc  84.8300
Round 320 global test acc  84.8500
Round 321 global test acc  84.2400
Round 322 global test acc  84.8600
Round 323 global test acc  84.2700
Round 324 global test acc  84.5300
Round 325 global test acc  85.4900
Round 326 global test acc  85.8000
Round 327 global test acc  85.3200
Round 328 global test acc  86.0900
Round 329 global test acc  85.6900
Round 330 global test acc  86.0400
Round 331 global test acc  85.1100
Round 332 global test acc  85.2700
Round 333 global test acc  85.2800
Round 334 global test acc  85.4000
Round 335 global test acc  85.3000
Round 336 global test acc  84.0400
Round 337 global test acc  84.6400
Round 338 global test acc  85.5800
Round 339 global test acc  85.5000
Round 340 global test acc  85.2500
Round 341 global test acc  85.0400
Round 342 global test acc  84.7000
Round 343 global test acc  85.4800
Round 344 global test acc  85.2300
Round 345 global test acc  84.8800
Round 346 global test acc  85.3400
Round 347 global test acc  85.1400
Round 348 global test acc  84.9400
Round 349 global test acc  85.5800
Round 350 global test acc  84.8600
Round 351 global test acc  85.7300
Round 352 global test acc  86.0400
Round 353 global test acc  84.7800
Round 354 global test acc  86.2600
Round 355 global test acc  85.7500
Round 356 global test acc  84.3600
Round 357 global test acc  85.6300
Round 358 global test acc  86.0700
Round 359 global test acc  85.8500
Round 360 global test acc  85.4600
Round 361 global test acc  85.8000
Round 362 global test acc  85.7100
Round 363 global test acc  85.9200
Round 364 global test acc  86.3200
Round 365 global test acc  85.7800
Round 366 global test acc  85.7700
Round 367 global test acc  84.6200
Round 368 global test acc  86.1600
Round 369 global test acc  84.9700
Round 370 global test acc  85.6300
Round 371 global test acc  85.6200
Round 372 global test acc  85.9300
Round 373 global test acc  86.3100
Round 374 global test acc  84.7000
Round 375 global test acc  84.9400
Round 376 global test acc  86.0100
Round 377 global test acc  85.8000
Round 378 global test acc  85.2000
Round 379 global test acc  85.8900
Round 380 global test acc  85.8500
Round 381 global test acc  85.6100
Round 382 global test acc  86.3400
Round 383 global test acc  85.7300
Round 384 global test acc  86.3100
Round 385 global test acc  86.4400
Round 386 global test acc  86.1800
Round 387 global test acc  86.3500
Round 388 global test acc  85.2300
Round 389 global test acc  86.2800
Round 390 global test acc  85.7000
Round 391 global test acc  85.8800
Round 392 global test acc  85.5500
Round 393 global test acc  84.6200
Round 394 global test acc  85.5500
Round 395 global test acc  85.6900
Round 396 global test acc  85.3300
Round 397 global test acc  85.8400
Round 398 global test acc  86.6000
Round 399 global test acc  85.6900
Round 400 global test acc  86.2400
Round 401 global test acc  86.0600
Round 402 global test acc  86.3700
Round 403 global test acc  86.5900
Round 404 global test acc  85.6900
Round 405 global test acc  86.5800
Round 406 global test acc  85.9200
Round 407 global test acc  86.2700
Round 408 global test acc  86.1400
Round 409 global test acc  86.4200
Round 410 global test acc  86.4300
Round 411 global test acc  86.6900
Round 412 global test acc  86.4200
Round 413 global test acc  85.6800
Round 414 global test acc  86.2100
Round 415 global test acc  86.8100
Round 416 global test acc  86.5900
Round 417 global test acc  86.9700
Round 418 global test acc  87.0000
Round 419 global test acc  86.7900
Round 420 global test acc  86.6000
Round 421 global test acc  86.2300
Round 422 global test acc  85.8900
Round 423 global test acc  86.9600
Round 424 global test acc  85.9600
Round 425 global test acc  86.5100
Round 426 global test acc  86.3700
Round 427 global test acc  85.5500
Round 428 global test acc  84.7800
Round 429 global test acc  86.2200
Round 430 global test acc  86.8800
Round 431 global test acc  86.6100
Round 432 global test acc  85.6600
Round 433 global test acc  86.3000
Round 434 global test acc  86.8900
Round 435 global test acc  86.3100
Round 436 global test acc  85.9200
Round 437 global test acc  86.3100
Round 438 global test acc  86.7100
Round 439 global test acc  86.5100
Round 440 global test acc  85.6400
Round 441 global test acc  86.4500
Round 442 global test acc  86.2300
Round 443 global test acc  85.9100
Round 444 global test acc  85.9600
Round 445 global test acc  85.7900
Round 446 global test acc  85.6300
Round 447 global test acc  86.3400
Round 448 global test acc  86.2400
Round 449 global test acc  86.0300
time : 24990.779786348343
('algorithm', 'GlobalCORES')
('gpu', 0)
('seed', 13)
('save_dir', './record/')
('rounds2', 450)
('local_ep', 5)
('frac2', 0.1)
('num_users', 100)
('local_bs', 32)
('lr', 0.01)
('model', 'resnet18')
('num_classes', 10)
('level_n_system', 0.5)
('level_n_lowerb', 0.3)
('alpha_dirichlet', 10)
('non_iid_prob_class', 0.7)
('dataset', 'cifar10')
('iid', True)
('LID_k', 20)
('iteration1', 5)
('rounds1', 200)
('frac1', 0.01)
('pretrained', False)
('mixup', False)
('alpha', 1)
('beta', 5)
('relabel_ratio', 0.5)
('confidence_thres', 0.5)
('clean_set_thres', 0.1)
('fine_tuning', True)
('correction', True)
('T_pl', 100)
('lambda_cen', 1.0)
('lambda_e', 0.8)
('num_gradual', 10)
('forget_rate', 0.2)
('lr_decay', 0.1)
('schedule', [])
('momentum', 0.5)
('weight_decay', 0.0001)
('feature_dim', 128)
('plr', 0.01)
('lamda', 15)
('K', 5)
('gamma', 1)
('begin_sel', 10)
('max_beta', 2)
('mu', 0.01)
('device', device(type='cuda', index=0))
Files already downloaded and verified
Files already downloaded and verified
Client 0, noise level: 0.7877 (0.7089), real noise ratio: 0.6940
Client 2, noise level: 0.4944 (0.4450), real noise ratio: 0.4720
Client 3, noise level: 0.4635 (0.4172), real noise ratio: 0.4160
Client 4, noise level: 0.8920 (0.8028), real noise ratio: 0.7960
Client 6, noise level: 0.7822 (0.7040), real noise ratio: 0.6820
Client 7, noise level: 0.4074 (0.3667), real noise ratio: 0.4020
Client 8, noise level: 0.4425 (0.3983), real noise ratio: 0.3600
Client 9, noise level: 0.3473 (0.3126), real noise ratio: 0.2960
Client 13, noise level: 0.4574 (0.4116), real noise ratio: 0.3720
Client 15, noise level: 0.3237 (0.2913), real noise ratio: 0.2720
Client 20, noise level: 0.7283 (0.6555), real noise ratio: 0.6560
Client 23, noise level: 0.5618 (0.5056), real noise ratio: 0.5480
Client 26, noise level: 0.8716 (0.7844), real noise ratio: 0.7820
Client 27, noise level: 0.3558 (0.3202), real noise ratio: 0.3060
Client 29, noise level: 0.8867 (0.7980), real noise ratio: 0.8060
Client 30, noise level: 0.6949 (0.6254), real noise ratio: 0.6440
Client 32, noise level: 0.4015 (0.3614), real noise ratio: 0.4080
Client 33, noise level: 0.3690 (0.3321), real noise ratio: 0.3400
Client 35, noise level: 0.7970 (0.7173), real noise ratio: 0.7260
Client 38, noise level: 0.5606 (0.5045), real noise ratio: 0.5060
Client 41, noise level: 0.7353 (0.6618), real noise ratio: 0.6460
Client 42, noise level: 0.8045 (0.7240), real noise ratio: 0.7060
Client 47, noise level: 0.4586 (0.4127), real noise ratio: 0.3980
Client 48, noise level: 0.5133 (0.4620), real noise ratio: 0.4560
Client 50, noise level: 0.7860 (0.7074), real noise ratio: 0.7280
Client 51, noise level: 0.3370 (0.3033), real noise ratio: 0.2800
Client 56, noise level: 0.5591 (0.5031), real noise ratio: 0.4940
Client 57, noise level: 0.6532 (0.5879), real noise ratio: 0.5500
Client 59, noise level: 0.3915 (0.3523), real noise ratio: 0.3560
Client 60, noise level: 0.8911 (0.8020), real noise ratio: 0.7840
Client 62, noise level: 0.4187 (0.3768), real noise ratio: 0.3960
Client 67, noise level: 0.3696 (0.3326), real noise ratio: 0.3220
Client 68, noise level: 0.9393 (0.8454), real noise ratio: 0.8680
Client 69, noise level: 0.7046 (0.6341), real noise ratio: 0.6300
Client 72, noise level: 0.3069 (0.2762), real noise ratio: 0.2520
Client 75, noise level: 0.7848 (0.7064), real noise ratio: 0.7180
Client 78, noise level: 0.3984 (0.3586), real noise ratio: 0.3640
Client 79, noise level: 0.7685 (0.6916), real noise ratio: 0.6640
Client 80, noise level: 0.5127 (0.4614), real noise ratio: 0.4980
Client 83, noise level: 0.4420 (0.3978), real noise ratio: 0.4200
Client 88, noise level: 0.4144 (0.3729), real noise ratio: 0.3920
Client 90, noise level: 0.4952 (0.4457), real noise ratio: 0.4320
Client 91, noise level: 0.4432 (0.3989), real noise ratio: 0.4300
Client 94, noise level: 0.3650 (0.3285), real noise ratio: 0.2880
Client 98, noise level: 0.5071 (0.4564), real noise ratio: 0.4640
Client 99, noise level: 0.4163 (0.3747), real noise ratio: 0.4080
Round 0 global test acc  17.7700
Round 1 global test acc  30.3700
Round 2 global test acc  37.1300
Round 3 global test acc  39.3200
Round 4 global test acc  40.3600
Round 5 global test acc  40.6300
Round 6 global test acc  38.8400
Round 7 global test acc  41.7600
Round 8 global test acc  45.1600
Round 9 global test acc  44.2500
Round 10 global test acc  48.9900
Round 11 global test acc  46.3200
Round 12 global test acc  43.8900
Round 13 global test acc  46.5400
Round 14 global test acc  46.7000
Round 15 global test acc  48.9000
Round 16 global test acc  42.6800
Round 17 global test acc  52.4000
Round 18 global test acc  56.4100
Round 19 global test acc  55.4100
Round 20 global test acc  38.8700
Round 21 global test acc  54.5000
Round 22 global test acc  49.3900
Round 23 global test acc  59.2200
Round 24 global test acc  59.0200
Round 25 global test acc  54.4700
Round 26 global test acc  57.8000
Round 27 global test acc  59.9200
Round 28 global test acc  60.6000
Round 29 global test acc  60.7500
Round 30 global test acc  60.5800
Round 31 global test acc  60.3500
Round 32 global test acc  53.1700
Round 33 global test acc  57.9900
Round 34 global test acc  63.7200
Round 35 global test acc  64.6200
Round 36 global test acc  64.1100
Round 37 global test acc  65.3900
Round 38 global test acc  64.5900
Round 39 global test acc  61.5700
Round 40 global test acc  60.9900
Round 41 global test acc  63.6400
Round 42 global test acc  63.8900
Round 43 global test acc  66.5600
Round 44 global test acc  65.6500
Round 45 global test acc  65.4000
Round 46 global test acc  65.4600
Round 47 global test acc  66.8100
Round 48 global test acc  63.2100
Round 49 global test acc  63.8800
Round 50 global test acc  67.1400
Round 51 global test acc  68.5300
Round 52 global test acc  67.7700
Round 53 global test acc  65.3400
Round 54 global test acc  66.5800
Round 55 global test acc  66.9700
Round 56 global test acc  67.7700
Round 57 global test acc  68.7600
Round 58 global test acc  70.4700
Round 59 global test acc  67.5600
Round 60 global test acc  67.7300
Round 61 global test acc  69.6000
Round 62 global test acc  68.2700
Round 63 global test acc  69.7800
Round 64 global test acc  66.1500
Round 65 global test acc  70.8400
Round 66 global test acc  70.6800
Round 67 global test acc  67.7700
Round 68 global test acc  71.5300
Round 69 global test acc  71.3300
Round 70 global test acc  68.4200
Round 71 global test acc  66.9700
Round 72 global test acc  70.4900
Round 73 global test acc  72.7800
Round 74 global test acc  68.6900
Round 75 global test acc  70.3900
Round 76 global test acc  69.4100
Round 77 global test acc  72.9600
Round 78 global test acc  73.3300
Round 79 global test acc  73.8500
Round 80 global test acc  74.4600
Round 81 global test acc  73.5900
Round 82 global test acc  72.9900
Round 83 global test acc  71.6800
Round 84 global test acc  72.7000
Round 85 global test acc  74.4600
Round 86 global test acc  74.9600
Round 87 global test acc  74.2600
Round 88 global test acc  75.9700
Round 89 global test acc  72.8100
Round 90 global test acc  72.6000
Round 91 global test acc  73.7500
Round 92 global test acc  76.4700
Round 93 global test acc  74.1100
Round 94 global test acc  76.1300
Round 95 global test acc  76.2900
Round 96 global test acc  70.8900
Round 97 global test acc  76.9500
Round 98 global test acc  76.1600
Round 99 global test acc  77.2600
Round 100 global test acc  75.1500
Round 101 global test acc  75.1300
Round 102 global test acc  77.8600
Round 103 global test acc  76.9900
Round 104 global test acc  77.6700
Round 105 global test acc  77.9300
Round 106 global test acc  78.3300
Round 107 global test acc  75.7800
Round 108 global test acc  77.2400
Round 109 global test acc  77.7800
Round 110 global test acc  78.4100
Round 111 global test acc  78.8400
Round 112 global test acc  75.9300
Round 113 global test acc  79.1500
Round 114 global test acc  77.1400
Round 115 global test acc  75.2000
Round 116 global test acc  78.4100
Round 117 global test acc  78.7400
Round 118 global test acc  77.0300
Round 119 global test acc  79.4000
Round 120 global test acc  77.7800
Round 121 global test acc  78.8300
Round 122 global test acc  79.4800
Round 123 global test acc  80.4700
Round 124 global test acc  78.8300
Round 125 global test acc  79.1900
Round 126 global test acc  78.4600
Round 127 global test acc  79.8500
Round 128 global test acc  79.9100
Round 129 global test acc  79.8700
Round 130 global test acc  80.5400
Round 131 global test acc  80.8200
Round 132 global test acc  80.8000
Round 133 global test acc  80.2900
Round 134 global test acc  80.1100
Round 135 global test acc  79.8800
Round 136 global test acc  81.7400
Round 137 global test acc  81.4000
Round 138 global test acc  80.4000
Round 139 global test acc  81.6200
Round 140 global test acc  81.1800
Round 141 global test acc  79.5700
Round 142 global test acc  80.8100
Round 143 global test acc  80.3300
Round 144 global test acc  78.3000
Round 145 global test acc  80.8300
Round 146 global test acc  81.1200
Round 147 global test acc  80.8200
Round 148 global test acc  81.9700
Round 149 global test acc  82.3100
Round 150 global test acc  81.6300
Round 151 global test acc  81.5100
Round 152 global test acc  81.1700
Round 153 global test acc  81.1100
Round 154 global test acc  82.0100
Round 155 global test acc  81.3200
Round 156 global test acc  80.3800
Round 157 global test acc  81.7400
Round 158 global test acc  82.1600
Round 159 global test acc  82.6800
Round 160 global test acc  80.6200
Round 161 global test acc  81.4300
Round 162 global test acc  80.7300
Round 163 global test acc  82.1200
Round 164 global test acc  81.6400
Round 165 global test acc  80.6000
Round 166 global test acc  81.4900
Round 167 global test acc  81.4700
Round 168 global test acc  81.7400
Round 169 global test acc  82.9700
Round 170 global test acc  81.0800
Round 171 global test acc  82.9400
Round 172 global test acc  81.6800
Round 173 global test acc  80.6000
Round 174 global test acc  82.4900
Round 175 global test acc  83.3600
Round 176 global test acc  82.7100
Round 177 global test acc  82.3000
Round 178 global test acc  81.3400
Round 179 global test acc  83.2300
Round 180 global test acc  80.8000
Round 181 global test acc  78.1100
Round 182 global test acc  82.3600
Round 183 global test acc  82.2200
Round 184 global test acc  79.7100
Round 185 global test acc  83.1600
Round 186 global test acc  82.6500
Round 187 global test acc  83.3000
Round 188 global test acc  83.5400
Round 189 global test acc  82.4500
Round 190 global test acc  81.8500
Round 191 global test acc  82.0100
Round 192 global test acc  82.7000
Round 193 global test acc  81.8300
Round 194 global test acc  83.2600
Round 195 global test acc  82.8600
Round 196 global test acc  83.3700
Round 197 global test acc  82.5900
Round 198 global test acc  83.4600
Round 199 global test acc  82.4400
Round 200 global test acc  81.5100
Round 201 global test acc  81.9300
Round 202 global test acc  80.8900
Round 203 global test acc  81.6100
Round 204 global test acc  83.0400
Round 205 global test acc  81.3200
Round 206 global test acc  83.7600
Round 207 global test acc  83.4300
Round 208 global test acc  83.3500
Round 209 global test acc  83.8200
Round 210 global test acc  82.8500
Round 211 global test acc  82.3000
Round 212 global test acc  84.2000
Round 213 global test acc  83.9100
Round 214 global test acc  82.9000
Round 215 global test acc  83.4600
Round 216 global test acc  83.2900
Round 217 global test acc  83.8400
Round 218 global test acc  82.7200
Round 219 global test acc  83.3400
Round 220 global test acc  84.0600
Round 221 global test acc  84.2500
Round 222 global test acc  84.4000
Round 223 global test acc  84.2300
Round 224 global test acc  84.2200
Round 225 global test acc  84.2200
Round 226 global test acc  80.7800
Round 227 global test acc  83.4200
Round 228 global test acc  84.5300
Round 229 global test acc  84.1200
Round 230 global test acc  84.0400
Round 231 global test acc  82.6200
Round 232 global test acc  84.2900
Round 233 global test acc  84.7000
Round 234 global test acc  85.1800
Round 235 global test acc  83.5200
Round 236 global test acc  84.2000
Round 237 global test acc  84.8300
Round 238 global test acc  83.4900
Round 239 global test acc  84.2900
Round 240 global test acc  84.9100
Round 241 global test acc  83.2600
Round 242 global test acc  84.8500
Round 243 global test acc  83.0500
Round 244 global test acc  81.8400
Round 245 global test acc  84.5200
Round 246 global test acc  84.4400
Round 247 global test acc  84.8700
Round 248 global test acc  84.6200
Round 249 global test acc  84.7500
Round 250 global test acc  84.2700
Round 251 global test acc  84.6600
Round 252 global test acc  85.3000
Round 253 global test acc  83.7000
Round 254 global test acc  85.0000
Round 255 global test acc  84.9500
Round 256 global test acc  83.4400
Round 257 global test acc  85.6200
Round 258 global test acc  84.5900
Round 259 global test acc  84.7000
Round 260 global test acc  84.5500
Round 261 global test acc  84.6500
Round 262 global test acc  83.6400
Round 263 global test acc  84.2000
Round 264 global test acc  85.4700
Round 265 global test acc  85.4200
Round 266 global test acc  85.5800
Round 267 global test acc  85.1900
Round 268 global test acc  85.5100
Round 269 global test acc  84.8400
Round 270 global test acc  85.4800
Round 271 global test acc  85.1200
Round 272 global test acc  85.9100
Round 273 global test acc  84.0300
Round 274 global test acc  86.1300
Round 275 global test acc  83.8200
Round 276 global test acc  85.8300
Round 277 global test acc  85.6700
Round 278 global test acc  84.9700
Round 279 global test acc  84.3900
Round 280 global test acc  85.5800
Round 281 global test acc  85.7400
Round 282 global test acc  83.9400
Round 283 global test acc  84.4200
Round 284 global test acc  85.2500
Round 285 global test acc  85.0900
Round 286 global test acc  84.9300
Round 287 global test acc  83.8900
Round 288 global test acc  85.8400
Round 289 global test acc  85.1500
Round 290 global test acc  85.6100
Round 291 global test acc  85.1800
Round 292 global test acc  83.9400
Round 293 global test acc  84.7900
Round 294 global test acc  84.8000
Round 295 global test acc  85.4000
Round 296 global test acc  85.6400
Round 297 global test acc  85.4400
Round 298 global test acc  85.8800
Round 299 global test acc  84.3000
Round 300 global test acc  85.3100
Round 301 global test acc  85.0900
Round 302 global test acc  84.2100
Round 303 global test acc  85.6000
Round 304 global test acc  85.7200
Round 305 global test acc  85.5000
Round 306 global test acc  85.6600
Round 307 global test acc  85.9600
Round 308 global test acc  85.9600
Round 309 global test acc  85.7800
Round 310 global test acc  85.0800
Round 311 global test acc  85.8000
Round 312 global test acc  85.9700
Round 313 global test acc  85.4000
Round 314 global test acc  84.9200
Round 315 global test acc  84.5700
Round 316 global test acc  85.9000
Round 317 global test acc  85.3000
Round 318 global test acc  84.6200
Round 319 global test acc  84.3600
Round 320 global test acc  85.3800
Round 321 global test acc  85.2700
Round 322 global test acc  85.0800
Round 323 global test acc  84.6300
Round 324 global test acc  84.8600
Round 325 global test acc  86.0300
Round 326 global test acc  85.6400
Round 327 global test acc  85.5800
Round 328 global test acc  86.2700
Round 329 global test acc  85.8500
Round 330 global test acc  86.3400
Round 331 global test acc  85.2800
Round 332 global test acc  85.7700
Round 333 global test acc  84.9400
Round 334 global test acc  85.9500
Round 335 global test acc  85.6800
Round 336 global test acc  83.8100
Round 337 global test acc  84.8300
Round 338 global test acc  85.7200
Round 339 global test acc  85.3900
Round 340 global test acc  85.0100
Round 341 global test acc  85.1600
Round 342 global test acc  84.4800
Round 343 global test acc  84.9800
Round 344 global test acc  84.3800
Round 345 global test acc  84.1700
Round 346 global test acc  85.6500
Round 347 global test acc  84.8700
Round 348 global test acc  84.5000
Round 349 global test acc  85.7100
Round 350 global test acc  85.2400
Round 351 global test acc  86.0400
Round 352 global test acc  86.1700
Round 353 global test acc  85.2900
Round 354 global test acc  86.2100
Round 355 global test acc  86.0600
Round 356 global test acc  84.8500
Round 357 global test acc  85.7900
Round 358 global test acc  86.1400
Round 359 global test acc  85.5700
Round 360 global test acc  85.3100
Round 361 global test acc  86.0400
Round 362 global test acc  85.5500
Round 363 global test acc  85.9300
Round 364 global test acc  86.6700
Round 365 global test acc  85.8600
Round 366 global test acc  86.1900
Round 367 global test acc  85.6800
Round 368 global test acc  86.5600
Round 369 global test acc  85.1600
Round 370 global test acc  86.2900
Round 371 global test acc  85.2900
Round 372 global test acc  86.2300
Round 373 global test acc  85.8800
Round 374 global test acc  84.9500
Round 375 global test acc  85.1500
Round 376 global test acc  85.5800
Round 377 global test acc  85.7600
Round 378 global test acc  85.6800
Round 379 global test acc  86.1400
Round 380 global test acc  85.5100
Round 381 global test acc  85.7400
Round 382 global test acc  86.4800
Round 383 global test acc  86.3900
Round 384 global test acc  86.7300
Round 385 global test acc  87.0500
Round 386 global test acc  86.7200
Round 387 global test acc  86.0000
Round 388 global test acc  85.6800
Round 389 global test acc  85.9500
Round 390 global test acc  84.9900
Round 391 global test acc  86.0900
Round 392 global test acc  85.7200
Round 393 global test acc  83.1200
Round 394 global test acc  85.3900
Round 395 global test acc  85.6600
Round 396 global test acc  84.6400
Round 397 global test acc  85.8400
Round 398 global test acc  86.4200
Round 399 global test acc  85.7300
Round 400 global test acc  86.5300
Round 401 global test acc  85.6000
Round 402 global test acc  86.5500
Round 403 global test acc  86.7000
Round 404 global test acc  86.2100
Round 405 global test acc  86.5400
Round 406 global test acc  85.9700
Round 407 global test acc  86.0800
Round 408 global test acc  86.6200
Round 409 global test acc  86.4100
Round 410 global test acc  86.8900
Round 411 global test acc  86.8900
Round 412 global test acc  86.9200
Round 413 global test acc  86.2700
Round 414 global test acc  85.9500
Round 415 global test acc  86.5600
Round 416 global test acc  86.9600
Round 417 global test acc  86.8100
Round 418 global test acc  86.7200
Round 419 global test acc  86.8800
Round 420 global test acc  86.5200
Round 421 global test acc  86.0000
Round 422 global test acc  84.6600
Round 423 global test acc  86.8300
Round 424 global test acc  85.7900
Round 425 global test acc  86.5400
Round 426 global test acc  86.4600
Round 427 global test acc  85.7400
Round 428 global test acc  84.3300
Round 429 global test acc  86.0300
Round 430 global test acc  86.5300
Round 431 global test acc  86.5900
Round 432 global test acc  85.9600
Round 433 global test acc  86.2500
Round 434 global test acc  86.5200
Round 435 global test acc  85.9800
Round 436 global test acc  86.1900
Round 437 global test acc  86.4900
Round 438 global test acc  86.5400
Round 439 global test acc  85.9800
Round 440 global test acc  85.7900
Round 441 global test acc  85.4300
Round 442 global test acc  86.4900
Round 443 global test acc  85.3800
Round 444 global test acc  85.4600
Round 445 global test acc  85.8600
Round 446 global test acc  84.8500
Round 447 global test acc  86.2200
Round 448 global test acc  85.7400
Round 449 global test acc  85.4700
time : 25860.493155002594
('algorithm', 'GlobalCORES')
('gpu', 0)
('seed', 13)
('save_dir', './record/')
('rounds2', 450)
('local_ep', 5)
('frac2', 0.1)
('num_users', 100)
('local_bs', 32)
('lr', 0.01)
('model', 'resnet18')
('num_classes', 10)
('level_n_system', 0.5)
('level_n_lowerb', 0.3)
('alpha_dirichlet', 10)
('non_iid_prob_class', 0.7)
('dataset', 'cifar10')
('iid', True)
('LID_k', 20)
('iteration1', 5)
('rounds1', 200)
('frac1', 0.01)
('pretrained', False)
('mixup', False)
('alpha', 1)
('beta', 5)
('relabel_ratio', 0.5)
('confidence_thres', 0.5)
('clean_set_thres', 0.1)
('fine_tuning', True)
('correction', True)
('T_pl', 100)
('lambda_cen', 1.0)
('lambda_e', 0.8)
('num_gradual', 10)
('forget_rate', 0.2)
('lr_decay', 0.1)
('schedule', [])
('momentum', 0.5)
('weight_decay', 0.0001)
('feature_dim', 128)
('plr', 0.01)
('lamda', 15)
('K', 5)
('gamma', 1)
('begin_sel', 10)
('max_beta', 2)
('mu', 0.01)
('device', device(type='cuda', index=0))
Files already downloaded and verified
Files already downloaded and verified
Client 0, noise level: 0.7877 (0.7089), real noise ratio: 0.6940
Client 2, noise level: 0.4944 (0.4450), real noise ratio: 0.4720
Client 3, noise level: 0.4635 (0.4172), real noise ratio: 0.4160
Client 4, noise level: 0.8920 (0.8028), real noise ratio: 0.7960
Client 6, noise level: 0.7822 (0.7040), real noise ratio: 0.6820
Client 7, noise level: 0.4074 (0.3667), real noise ratio: 0.4020
Client 8, noise level: 0.4425 (0.3983), real noise ratio: 0.3600
Client 9, noise level: 0.3473 (0.3126), real noise ratio: 0.2960
Client 13, noise level: 0.4574 (0.4116), real noise ratio: 0.3720
Client 15, noise level: 0.3237 (0.2913), real noise ratio: 0.2720
Client 20, noise level: 0.7283 (0.6555), real noise ratio: 0.6560
Client 23, noise level: 0.5618 (0.5056), real noise ratio: 0.5480
Client 26, noise level: 0.8716 (0.7844), real noise ratio: 0.7820
Client 27, noise level: 0.3558 (0.3202), real noise ratio: 0.3060
Client 29, noise level: 0.8867 (0.7980), real noise ratio: 0.8060
Client 30, noise level: 0.6949 (0.6254), real noise ratio: 0.6440
Client 32, noise level: 0.4015 (0.3614), real noise ratio: 0.4080
Client 33, noise level: 0.3690 (0.3321), real noise ratio: 0.3400
Client 35, noise level: 0.7970 (0.7173), real noise ratio: 0.7260
Client 38, noise level: 0.5606 (0.5045), real noise ratio: 0.5060
Client 41, noise level: 0.7353 (0.6618), real noise ratio: 0.6460
Client 42, noise level: 0.8045 (0.7240), real noise ratio: 0.7060
Client 47, noise level: 0.4586 (0.4127), real noise ratio: 0.3980
Client 48, noise level: 0.5133 (0.4620), real noise ratio: 0.4560
Client 50, noise level: 0.7860 (0.7074), real noise ratio: 0.7280
Client 51, noise level: 0.3370 (0.3033), real noise ratio: 0.2800
Client 56, noise level: 0.5591 (0.5031), real noise ratio: 0.4940
Client 57, noise level: 0.6532 (0.5879), real noise ratio: 0.5500
Client 59, noise level: 0.3915 (0.3523), real noise ratio: 0.3560
Client 60, noise level: 0.8911 (0.8020), real noise ratio: 0.7840
Client 62, noise level: 0.4187 (0.3768), real noise ratio: 0.3960
Client 67, noise level: 0.3696 (0.3326), real noise ratio: 0.3220
Client 68, noise level: 0.9393 (0.8454), real noise ratio: 0.8680
Client 69, noise level: 0.7046 (0.6341), real noise ratio: 0.6300
Client 72, noise level: 0.3069 (0.2762), real noise ratio: 0.2520
Client 75, noise level: 0.7848 (0.7064), real noise ratio: 0.7180
Client 78, noise level: 0.3984 (0.3586), real noise ratio: 0.3640
Client 79, noise level: 0.7685 (0.6916), real noise ratio: 0.6640
Client 80, noise level: 0.5127 (0.4614), real noise ratio: 0.4980
Client 83, noise level: 0.4420 (0.3978), real noise ratio: 0.4200
Client 88, noise level: 0.4144 (0.3729), real noise ratio: 0.3920
Client 90, noise level: 0.4952 (0.4457), real noise ratio: 0.4320
Client 91, noise level: 0.4432 (0.3989), real noise ratio: 0.4300
Client 94, noise level: 0.3650 (0.3285), real noise ratio: 0.2880
Client 98, noise level: 0.5071 (0.4564), real noise ratio: 0.4640
Client 99, noise level: 0.4163 (0.3747), real noise ratio: 0.4080
Round 0 global test acc  19.1800
Round 1 global test acc  31.8500
Round 2 global test acc  38.9600
Round 3 global test acc  39.3800
Round 4 global test acc  40.6800
Round 5 global test acc  41.4700
Round 6 global test acc  39.1600
Round 7 global test acc  41.1800
Round 8 global test acc  44.8200
Round 9 global test acc  43.4500
Round 10 global test acc  48.0600
Round 11 global test acc  41.2200
Round 12 global test acc  39.6500
Round 13 global test acc  47.0800
Round 14 global test acc  45.5300
Round 15 global test acc  49.5800
Round 16 global test acc  43.4300
Round 17 global test acc  51.5700
Round 18 global test acc  55.4900
Round 19 global test acc  54.6200
Round 20 global test acc  47.1800
Round 21 global test acc  52.0900
Round 22 global test acc  45.9500
Round 23 global test acc  57.8900
Round 24 global test acc  57.8200
Round 25 global test acc  50.2900
Round 26 global test acc  55.9800
Round 27 global test acc  59.6500
Round 28 global test acc  60.8000
Round 29 global test acc  59.4800
Round 30 global test acc  60.6800
Round 31 global test acc  56.1400
Round 32 global test acc  49.9200
Round 33 global test acc  60.8300
Round 34 global test acc  63.7300
Round 35 global test acc  61.6300
Round 36 global test acc  62.1900
Round 37 global test acc  64.5500
Round 38 global test acc  62.8600
Round 39 global test acc  62.8300
Round 40 global test acc  56.4500
Round 41 global test acc  64.2100
Round 42 global test acc  63.4700
Round 43 global test acc  65.2400
Round 44 global test acc  65.7200
Round 45 global test acc  66.2600
Round 46 global test acc  66.9000
Round 47 global test acc  66.4400
Round 48 global test acc  63.4700
Round 49 global test acc  65.1100
Round 50 global test acc  67.2200
Round 51 global test acc  69.3900
Round 52 global test acc  68.0000
Round 53 global test acc  65.9400
Round 54 global test acc  66.4400
Round 55 global test acc  68.1000
Round 56 global test acc  67.1200
Round 57 global test acc  68.2600
Round 58 global test acc  68.0500
Round 59 global test acc  67.1800
Round 60 global test acc  67.7700
Round 61 global test acc  69.3600
Round 62 global test acc  69.9200
Round 63 global test acc  68.8800
Round 64 global test acc  67.6600
Round 65 global test acc  70.0000
Round 66 global test acc  69.0200
Round 67 global test acc  70.9600
Round 68 global test acc  71.1800
Round 69 global test acc  70.5900
Round 70 global test acc  69.8800
Round 71 global test acc  68.3800
Round 72 global test acc  70.8100
Round 73 global test acc  72.6000
Round 74 global test acc  70.9800
Round 75 global test acc  69.9500
Round 76 global test acc  68.5600
Round 77 global test acc  72.5700
Round 78 global test acc  73.1000
Round 79 global test acc  73.6800
Round 80 global test acc  74.5000
Round 81 global test acc  72.6100
Round 82 global test acc  72.8100
Round 83 global test acc  72.9500
Round 84 global test acc  71.7100
Round 85 global test acc  73.4500
Round 86 global test acc  74.8600
Round 87 global test acc  73.5400
Round 88 global test acc  75.6500
Round 89 global test acc  74.0200
Round 90 global test acc  74.4600
Round 91 global test acc  74.8300
Round 92 global test acc  76.4000
Round 93 global test acc  73.4400
Round 94 global test acc  76.3400
Round 95 global test acc  76.4900
Round 96 global test acc  74.2100
Round 97 global test acc  76.4500
Round 98 global test acc  77.0300
Round 99 global test acc  77.5400
Round 100 global test acc  77.0800
Round 101 global test acc  74.0300
Round 102 global test acc  77.8300
Round 103 global test acc  77.6300
Round 104 global test acc  77.0800
Round 105 global test acc  77.5100
Round 106 global test acc  78.2000
Round 107 global test acc  76.3300
Round 108 global test acc  77.2600
Round 109 global test acc  78.3300
Round 110 global test acc  79.0800
Round 111 global test acc  79.0600
Round 112 global test acc  77.7700
Round 113 global test acc  78.8600
Round 114 global test acc  76.8200
Round 115 global test acc  78.6200
Round 116 global test acc  77.2100
Round 117 global test acc  79.6400
Round 118 global test acc  77.9800
Round 119 global test acc  79.2500
Round 120 global test acc  79.0600
Round 121 global test acc  78.9600
Round 122 global test acc  79.8600
Round 123 global test acc  80.3800
Round 124 global test acc  79.5700
Round 125 global test acc  79.9900
Round 126 global test acc  78.2400
Round 127 global test acc  79.4300
Round 128 global test acc  80.3900
Round 129 global test acc  80.3200
Round 130 global test acc  80.7300
Round 131 global test acc  80.7500
Round 132 global test acc  81.3600
Round 133 global test acc  80.4500
Round 134 global test acc  79.8500
Round 135 global test acc  79.7800
Round 136 global test acc  81.3800
Round 137 global test acc  79.6900
Round 138 global test acc  79.9700
Round 139 global test acc  81.4200
Round 140 global test acc  81.1100
Round 141 global test acc  79.9000
Round 142 global test acc  80.2500
Round 143 global test acc  80.7900
Round 144 global test acc  79.0700
Round 145 global test acc  81.3000
Round 146 global test acc  80.6900
Round 147 global test acc  81.3800
Round 148 global test acc  81.5500
Round 149 global test acc  82.1200
Round 150 global test acc  81.3000
Round 151 global test acc  82.1000
Round 152 global test acc  81.8100
Round 153 global test acc  80.7900
Round 154 global test acc  82.5800
Round 155 global test acc  81.1100
Round 156 global test acc  79.2400
Round 157 global test acc  81.3900
Round 158 global test acc  82.7100
Round 159 global test acc  82.5200
Round 160 global test acc  80.7700
Round 161 global test acc  81.8300
Round 162 global test acc  80.0500
Round 163 global test acc  82.2900
Round 164 global test acc  81.8100
Round 165 global test acc  80.9600
Round 166 global test acc  81.8500
Round 167 global test acc  81.4100
Round 168 global test acc  81.6500
Round 169 global test acc  82.5400
Round 170 global test acc  80.9500
Round 171 global test acc  82.7900
Round 172 global test acc  81.3100
Round 173 global test acc  82.1400
Round 174 global test acc  82.9000
Round 175 global test acc  82.7500
Round 176 global test acc  82.9700
Round 177 global test acc  81.5500
Round 178 global test acc  80.8300
Round 179 global test acc  83.2400
Round 180 global test acc  80.4700
Round 181 global test acc  81.6100
Round 182 global test acc  82.3400
Round 183 global test acc  82.7200
Round 184 global test acc  80.6600
Round 185 global test acc  83.3600
Round 186 global test acc  82.5500
Round 187 global test acc  83.5000
Round 188 global test acc  83.4300
Round 189 global test acc  82.6000
Round 190 global test acc  82.4900
Round 191 global test acc  81.5100
Round 192 global test acc  83.2400
Round 193 global test acc  83.4600
Round 194 global test acc  83.7000
Round 195 global test acc  83.2100
Round 196 global test acc  83.9700
Round 197 global test acc  82.1700
Round 198 global test acc  83.4500
Round 199 global test acc  81.7700
Round 200 global test acc  81.5000
Round 201 global test acc  82.5700
Round 202 global test acc  82.3500
Round 203 global test acc  82.3200
Round 204 global test acc  83.4100
Round 205 global test acc  82.1400
Round 206 global test acc  84.1000
Round 207 global test acc  83.8100
Round 208 global test acc  84.2300
Round 209 global test acc  83.3700
Round 210 global test acc  82.7800
Round 211 global test acc  82.5300
Round 212 global test acc  84.0000
Round 213 global test acc  83.7600
Round 214 global test acc  82.8200
Round 215 global test acc  83.3300
Round 216 global test acc  83.1500
Round 217 global test acc  84.2800
Round 218 global test acc  83.7700
Round 219 global test acc  83.6800
Round 220 global test acc  83.9000
Round 221 global test acc  83.5900
Round 222 global test acc  84.0200
Round 223 global test acc  83.7300
Round 224 global test acc  84.3400
Round 225 global test acc  84.0000
Round 226 global test acc  82.5800
Round 227 global test acc  84.0900
Round 228 global test acc  84.2100
Round 229 global test acc  84.2500
Round 230 global test acc  83.5800
Round 231 global test acc  83.7300
Round 232 global test acc  84.4200
Round 233 global test acc  84.8400
Round 234 global test acc  85.2200
Round 235 global test acc  83.0100
Round 236 global test acc  84.3300
Round 237 global test acc  84.0100
Round 238 global test acc  83.5800
Round 239 global test acc  83.1000
Round 240 global test acc  84.5100
Round 241 global test acc  83.4300
Round 242 global test acc  85.1700
Round 243 global test acc  83.2800
Round 244 global test acc  81.3600
Round 245 global test acc  84.0800
Round 246 global test acc  84.5100
Round 247 global test acc  84.9000
Round 248 global test acc  84.2200
Round 249 global test acc  84.7300
Round 250 global test acc  84.2700
Round 251 global test acc  84.6700
Round 252 global test acc  85.3100
Round 253 global test acc  83.7700
Round 254 global test acc  85.0400
Round 255 global test acc  84.7600
Round 256 global test acc  83.1600
Round 257 global test acc  85.0900
Round 258 global test acc  84.1900
Round 259 global test acc  84.3800
Round 260 global test acc  84.7200
Round 261 global test acc  84.3900
Round 262 global test acc  84.4300
Round 263 global test acc  84.3100
Round 264 global test acc  85.2000
Round 265 global test acc  85.2300
Round 266 global test acc  84.6200
Round 267 global test acc  84.9100
Round 268 global test acc  85.2100
Round 269 global test acc  85.0900
Round 270 global test acc  85.9400
Round 271 global test acc  85.0800
Round 272 global test acc  86.0800
Round 273 global test acc  84.3700
Round 274 global test acc  85.7400
Round 275 global test acc  84.0200
Round 276 global test acc  85.4400
Round 277 global test acc  84.8300
Round 278 global test acc  84.6500
Round 279 global test acc  84.9500
Round 280 global test acc  85.5400
Round 281 global test acc  85.1900
Round 282 global test acc  84.5800
Round 283 global test acc  84.1300
Round 284 global test acc  85.4100
Round 285 global test acc  84.6400
Round 286 global test acc  84.7300
Round 287 global test acc  84.4900
Round 288 global test acc  85.1300
Round 289 global test acc  84.8100
Round 290 global test acc  85.4000
Round 291 global test acc  84.8800
Round 292 global test acc  84.4300
Round 293 global test acc  85.1400
Round 294 global test acc  85.0100
Round 295 global test acc  85.1800
Round 296 global test acc  85.5600
Round 297 global test acc  84.9900
Round 298 global test acc  85.7400
Round 299 global test acc  84.2600
Round 300 global test acc  85.4100
Round 301 global test acc  84.9300
Round 302 global test acc  85.3700
Round 303 global test acc  84.8200
Round 304 global test acc  85.8900
Round 305 global test acc  85.3100
Round 306 global test acc  85.5600
Round 307 global test acc  85.7100
Round 308 global test acc  86.0000
Round 309 global test acc  85.5500
Round 310 global test acc  84.9700
Round 311 global test acc  85.8500
Round 312 global test acc  85.1600
Round 313 global test acc  85.2900
Round 314 global test acc  84.0400
Round 315 global test acc  84.9800
Round 316 global test acc  85.8500
Round 317 global test acc  85.0600
Round 318 global test acc  83.6500
Round 319 global test acc  84.5100
Round 320 global test acc  85.5400
Round 321 global test acc  85.0400
Round 322 global test acc  84.4200
Round 323 global test acc  83.0500
Round 324 global test acc  84.7800
Round 325 global test acc  85.8600
Round 326 global test acc  85.6500
Round 327 global test acc  85.3200
Round 328 global test acc  85.8300
Round 329 global test acc  85.2500
Round 330 global test acc  86.3200
Round 331 global test acc  85.5400
Round 332 global test acc  85.7000
Round 333 global test acc  85.2000
Round 334 global test acc  86.0900
Round 335 global test acc  85.4100
Round 336 global test acc  82.8900
Round 337 global test acc  85.1000
Round 338 global test acc  85.1100
Round 339 global test acc  85.0000
Round 340 global test acc  85.1500
Round 341 global test acc  85.1100
Round 342 global test acc  84.9900
Round 343 global test acc  85.4000
Round 344 global test acc  85.3800
Round 345 global test acc  83.9200
Round 346 global test acc  85.3900
Round 347 global test acc  84.9200
Round 348 global test acc  84.8800
Round 349 global test acc  85.4400
Round 350 global test acc  85.3300
Round 351 global test acc  85.3400
Round 352 global test acc  85.8200
Round 353 global test acc  85.5200
Round 354 global test acc  86.0600
Round 355 global test acc  85.5100
Round 356 global test acc  84.3900
Round 357 global test acc  85.6900
Round 358 global test acc  86.3700
Round 359 global test acc  85.2700
Round 360 global test acc  84.9800
Round 361 global test acc  85.7600
Round 362 global test acc  85.9100
Round 363 global test acc  85.7900
Round 364 global test acc  86.2600
Round 365 global test acc  86.1600
Round 366 global test acc  86.4500
Round 367 global test acc  85.4100
Round 368 global test acc  86.6700
Round 369 global test acc  85.1300
Round 370 global test acc  85.9500
Round 371 global test acc  85.7500
Round 372 global test acc  86.4400
Round 373 global test acc  86.4100
Round 374 global test acc  84.8600
Round 375 global test acc  85.2800
Round 376 global test acc  86.0300
Round 377 global test acc  85.7800
Round 378 global test acc  85.8900
Round 379 global test acc  85.9500
Round 380 global test acc  85.6800
Round 381 global test acc  86.0400
Round 382 global test acc  86.5700
Round 383 global test acc  86.1100
Round 384 global test acc  86.5200
Round 385 global test acc  86.7900
Round 386 global test acc  86.3700
Round 387 global test acc  86.5800
Round 388 global test acc  85.8100
Round 389 global test acc  86.5200
Round 390 global test acc  85.7400
Round 391 global test acc  86.3200
Round 392 global test acc  85.7300
Round 393 global test acc  83.9500
Round 394 global test acc  84.8100
Round 395 global test acc  85.6200
Round 396 global test acc  85.9400
Round 397 global test acc  85.6100
Round 398 global test acc  86.3500
Round 399 global test acc  85.3300
Round 400 global test acc  85.9300
Round 401 global test acc  85.7800
Round 402 global test acc  86.5600
Round 403 global test acc  86.1000
Round 404 global test acc  84.6800
Round 405 global test acc  86.7700
Round 406 global test acc  85.9100
Round 407 global test acc  86.0400
Round 408 global test acc  86.5900
Round 409 global test acc  86.8100
Round 410 global test acc  86.5800
Round 411 global test acc  86.8100
Round 412 global test acc  86.6800
Round 413 global test acc  86.0200
Round 414 global test acc  86.2200
Round 415 global test acc  86.6600
Round 416 global test acc  86.9800
Round 417 global test acc  87.2200
Round 418 global test acc  87.1100
Round 419 global test acc  87.1200
Round 420 global test acc  86.6800
Round 421 global test acc  86.0700
Round 422 global test acc  85.6800
Round 423 global test acc  86.9700
Round 424 global test acc  85.9300
Round 425 global test acc  86.4000
Round 426 global test acc  85.6800
Round 427 global test acc  85.4000
Round 428 global test acc  84.9900
Round 429 global test acc  85.9800
Round 430 global test acc  86.2600
Round 431 global test acc  86.2900
Round 432 global test acc  86.1000
Round 433 global test acc  86.4000
Round 434 global test acc  86.5700
Round 435 global test acc  86.1200
Round 436 global test acc  85.6000
Round 437 global test acc  86.4000
Round 438 global test acc  86.3300
Round 439 global test acc  86.5300
Round 440 global test acc  85.2100
Round 441 global test acc  86.2000
Round 442 global test acc  86.1700
Round 443 global test acc  86.1500
Round 444 global test acc  86.2200
Round 445 global test acc  84.8800
Round 446 global test acc  85.4900
Round 447 global test acc  86.4000
Round 448 global test acc  86.1000
Round 449 global test acc  85.7600
time : 25879.705196857452
