('algorithm', 'LocalCORES')
('gpu', 1)
('seed', 13)
('save_dir', './record/')
('rounds2', 200)
('local_ep', 5)
('frac2', 0.1)
('num_users', 100)
('local_bs', 32)
('lr', 0.1)
('model', 'lenet')
('num_classes', 10)
('level_n_system', 0.5)
('level_n_lowerb', 0.3)
('alpha_dirichlet', 10)
('non_iid_prob_class', 0.7)
('dataset', 'mnist')
('iid', False)
('LID_k', 20)
('iteration1', 5)
('rounds1', 200)
('frac1', 0.01)
('pretrained', False)
('mixup', False)
('alpha', 1)
('beta', 5)
('relabel_ratio', 0.5)
('confidence_thres', 0.5)
('clean_set_thres', 0.1)
('fine_tuning', True)
('correction', True)
('T_pl', 100)
('lambda_cen', 1.0)
('lambda_e', 0.8)
('num_gradual', 10)
('forget_rate', 0.2)
('lr_decay', 0.1)
('schedule', [])
('momentum', 0.5)
('weight_decay', 0.0001)
('feature_dim', 128)
('plr', 0.05)
('lamda', 15)
('K', 5)
('gamma', 1)
('begin_sel', 10)
('max_beta', 2)
('mu', 0.01)
('device', device(type='cuda', index=1))
Client 0, noise level: 0.7877 (0.7089), real noise ratio: 0.6760
Client 2, noise level: 0.4944 (0.4450), real noise ratio: 0.4566
Client 3, noise level: 0.4635 (0.4172), real noise ratio: 0.4033
Client 4, noise level: 0.8920 (0.8028), real noise ratio: 0.7740
Client 6, noise level: 0.7822 (0.7040), real noise ratio: 0.6747
Client 7, noise level: 0.4074 (0.3667), real noise ratio: 0.3559
Client 8, noise level: 0.4425 (0.3983), real noise ratio: 0.3989
Client 9, noise level: 0.3473 (0.3126), real noise ratio: 0.3187
Client 13, noise level: 0.4574 (0.4116), real noise ratio: 0.3957
Client 15, noise level: 0.3237 (0.2913), real noise ratio: 0.2700
Client 20, noise level: 0.7283 (0.6555), real noise ratio: 0.6597
Client 23, noise level: 0.5618 (0.5056), real noise ratio: 0.5029
Client 26, noise level: 0.8716 (0.7844), real noise ratio: 0.7746
Client 27, noise level: 0.3558 (0.3202), real noise ratio: 0.3325
Client 29, noise level: 0.8867 (0.7980), real noise ratio: 0.8052
Client 30, noise level: 0.6949 (0.6254), real noise ratio: 0.6214
Client 32, noise level: 0.4015 (0.3614), real noise ratio: 0.3472
Client 33, noise level: 0.3690 (0.3321), real noise ratio: 0.3561
Client 35, noise level: 0.7970 (0.7173), real noise ratio: 0.7015
Client 38, noise level: 0.5606 (0.5045), real noise ratio: 0.4961
Client 41, noise level: 0.7353 (0.6618), real noise ratio: 0.6556
Client 42, noise level: 0.8045 (0.7240), real noise ratio: 0.7367
Client 47, noise level: 0.4586 (0.4127), real noise ratio: 0.4013
Client 48, noise level: 0.5133 (0.4620), real noise ratio: 0.4493
Client 50, noise level: 0.7860 (0.7074), real noise ratio: 0.6998
Client 51, noise level: 0.3370 (0.3033), real noise ratio: 0.2847
Client 56, noise level: 0.5591 (0.5031), real noise ratio: 0.4774
Client 57, noise level: 0.6532 (0.5879), real noise ratio: 0.5763
Client 59, noise level: 0.3915 (0.3523), real noise ratio: 0.3880
Client 60, noise level: 0.8911 (0.8020), real noise ratio: 0.7955
Client 62, noise level: 0.4187 (0.3768), real noise ratio: 0.3587
Client 67, noise level: 0.3696 (0.3326), real noise ratio: 0.3556
Client 68, noise level: 0.9393 (0.8454), real noise ratio: 0.8413
Client 69, noise level: 0.7046 (0.6341), real noise ratio: 0.5979
Client 72, noise level: 0.3069 (0.2762), real noise ratio: 0.2337
Client 75, noise level: 0.7848 (0.7064), real noise ratio: 0.6826
Client 78, noise level: 0.3984 (0.3586), real noise ratio: 0.3416
Client 79, noise level: 0.7685 (0.6916), real noise ratio: 0.6914
Client 80, noise level: 0.5127 (0.4614), real noise ratio: 0.4661
Client 83, noise level: 0.4420 (0.3978), real noise ratio: 0.4267
Client 88, noise level: 0.4144 (0.3729), real noise ratio: 0.3846
Client 90, noise level: 0.4952 (0.4457), real noise ratio: 0.4523
Client 91, noise level: 0.4432 (0.3989), real noise ratio: 0.4122
Client 94, noise level: 0.3650 (0.3285), real noise ratio: 0.3230
Client 98, noise level: 0.5071 (0.4564), real noise ratio: 0.4562
Client 99, noise level: 0.4163 (0.3747), real noise ratio: 0.3934
Round 0 global test acc  42.1900
Round 1 global test acc  65.9400
Round 2 global test acc  72.8100
Round 3 global test acc  79.9400
Round 4 global test acc  58.8000
Round 5 global test acc  77.1400
Round 6 global test acc  80.1300
Round 7 global test acc  86.2200
Round 8 global test acc  86.8700
Round 9 global test acc  88.8900
Round 10 global test acc  92.1200
Round 11 global test acc  58.5000
Round 12 global test acc  69.7700
Round 13 global test acc  59.4700
Round 14 global test acc  82.0400
Round 15 global test acc  82.2900
Round 16 global test acc  71.0900
Round 17 global test acc  85.0600
Round 18 global test acc  43.5400
Round 19 global test acc  87.9200
Round 20 global test acc  78.2500
Round 21 global test acc  73.4200
Round 22 global test acc  76.4700
Round 23 global test acc  74.3800
Round 24 global test acc  75.3600
Round 25 global test acc  77.7200
Round 26 global test acc  82.7300
Round 27 global test acc  85.0500
Round 28 global test acc  69.3900
Round 29 global test acc  85.8400
Round 30 global test acc  89.0300
Round 31 global test acc  57.1500
Round 32 global test acc  88.8800
Round 33 global test acc  75.8800
Round 34 global test acc  79.5700
Round 35 global test acc  84.4800
Round 36 global test acc  87.2800
Round 37 global test acc  86.8300
Round 38 global test acc  87.6300
Round 39 global test acc  89.5200
Round 40 global test acc  87.4100
Round 41 global test acc  81.9500
Round 42 global test acc  87.9100
Round 43 global test acc  67.6400
Round 44 global test acc  83.3400
Round 45 global test acc  82.4600
Round 46 global test acc  86.5400
Round 47 global test acc  72.6700
Round 48 global test acc  84.1100
Round 49 global test acc  56.9500
Round 50 global test acc  86.6900
Round 51 global test acc  78.9800
Round 52 global test acc  92.9800
Round 53 global test acc  88.8200
Round 54 global test acc  86.6900
Round 55 global test acc  84.9600
Round 56 global test acc  89.4400
Round 57 global test acc  91.8400
Round 58 global test acc  87.7800
Round 59 global test acc  91.4700
Round 60 global test acc  87.7700
Round 61 global test acc  84.9400
Round 62 global test acc  91.8900
Round 63 global test acc  84.6200
Round 64 global test acc  88.9600
Round 65 global test acc  94.3300
Round 66 global test acc  91.1900
Round 67 global test acc  92.7000
Round 68 global test acc  92.8900
Round 69 global test acc  87.9000
Round 70 global test acc  93.8200
Round 71 global test acc  91.9900
Round 72 global test acc  83.5000
Round 73 global test acc  90.5100
Round 74 global test acc  94.2400
Round 75 global test acc  90.8800
Round 76 global test acc  95.0800
Round 77 global test acc  92.9800
Round 78 global test acc  90.7800
Round 79 global test acc  92.4100
Round 80 global test acc  91.9000
Round 81 global test acc  89.7000
Round 82 global test acc  94.2600
Round 83 global test acc  94.5600
Round 84 global test acc  81.2600
Round 85 global test acc  71.7800
Round 86 global test acc  86.2000
Round 87 global test acc  80.8200
Round 88 global test acc  92.6800
Round 89 global test acc  86.0600
Round 90 global test acc  87.7800
Round 91 global test acc  85.3100
Round 92 global test acc  47.8500
Round 93 global test acc  84.7500
Round 94 global test acc  89.8500
Round 95 global test acc  83.2400
Round 96 global test acc  93.9500
Round 97 global test acc  76.4600
Round 98 global test acc  72.1200
Round 99 global test acc  78.9800
Round 100 global test acc  89.0500
Round 101 global test acc  94.2200
Round 102 global test acc  93.2900
Round 103 global test acc  85.7700
Round 104 global test acc  86.0700
Round 105 global test acc  84.2300
Round 106 global test acc  92.5100
Round 107 global test acc  90.8400
Round 108 global test acc  87.7100
Round 109 global test acc  78.4100
Round 110 global test acc  86.7600
Round 111 global test acc  88.8400
Round 112 global test acc  85.5300
Round 113 global test acc  92.1900
Round 114 global test acc  87.9100
Round 115 global test acc  81.3400
Round 116 global test acc  87.6400
Round 117 global test acc  95.1000
Round 118 global test acc  94.0000
Round 119 global test acc  93.4100
Round 120 global test acc  83.2200
Round 121 global test acc  90.6000
Round 122 global test acc  90.9800
Round 123 global test acc  86.0700
Round 124 global test acc  91.5000
Round 125 global test acc  90.8000
Round 126 global test acc  63.0400
Round 127 global test acc  92.5100
Round 128 global test acc  93.4600
Round 129 global test acc  94.0500
Round 130 global test acc  93.7500
Round 131 global test acc  91.8600
Round 132 global test acc  84.6300
Round 133 global test acc  82.3300
Round 134 global test acc  92.8100
Round 135 global test acc  90.6500
Round 136 global test acc  90.8600
Round 137 global test acc  94.6100
Round 138 global test acc  95.3600
Round 139 global test acc  95.7800
Round 140 global test acc  93.0200
Round 141 global test acc  83.8500
Round 142 global test acc  94.1000
Round 143 global test acc  90.9300
Round 144 global test acc  94.9100
Round 145 global test acc  90.8400
Round 146 global test acc  76.1100
Round 147 global test acc  94.1200
Round 148 global test acc  94.6100
Round 149 global test acc  77.7200
Round 150 global test acc  89.4700
Round 151 global test acc  69.9000
Round 152 global test acc  82.9400
Round 153 global test acc  88.0200
Round 154 global test acc  96.3800
Round 155 global test acc  82.3800
Round 156 global test acc  93.0900
Round 157 global test acc  92.9200
Round 158 global test acc  94.1000
Round 159 global test acc  88.4500
Round 160 global test acc  91.8500
Round 161 global test acc  82.8300
Round 162 global test acc  95.5400
Round 163 global test acc  90.8600
Round 164 global test acc  89.4200
Round 165 global test acc  91.4600
Round 166 global test acc  93.5400
Round 167 global test acc  94.9600
Round 168 global test acc  84.9100
Round 169 global test acc  83.7600
Round 170 global test acc  89.5200
Round 171 global test acc  96.7300
Round 172 global test acc  75.9200
Round 173 global test acc  90.5800
Round 174 global test acc  87.8200
Round 175 global test acc  93.9200
Round 176 global test acc  85.8000
Round 177 global test acc  80.7400
Round 178 global test acc  91.3900
Round 179 global test acc  92.8000
Round 180 global test acc  76.1800
Round 181 global test acc  93.6100
Round 182 global test acc  91.3100
Round 183 global test acc  89.9800
Round 184 global test acc  91.0700
Round 185 global test acc  94.8600
Round 186 global test acc  93.6700
Round 187 global test acc  90.8200
Round 188 global test acc  83.8700
Round 189 global test acc  89.9900
Round 190 global test acc  83.5300
Round 191 global test acc  89.6700
Round 192 global test acc  92.0300
Round 193 global test acc  89.1500
Round 194 global test acc  94.8800
Round 195 global test acc  95.3200
Round 196 global test acc  89.5300
Round 197 global test acc  88.3700
Round 198 global test acc  94.1600
Round 199 global test acc  92.9600
time : 8397.367495059967
('algorithm', 'LocalCORES')
('gpu', 1)
('seed', 13)
('save_dir', './record/')
('rounds2', 200)
('local_ep', 5)
('frac2', 0.1)
('num_users', 100)
('local_bs', 32)
('lr', 0.1)
('model', 'lenet')
('num_classes', 10)
('level_n_system', 0.5)
('level_n_lowerb', 0.3)
('alpha_dirichlet', 10)
('non_iid_prob_class', 0.7)
('dataset', 'mnist')
('iid', False)
('LID_k', 20)
('iteration1', 5)
('rounds1', 200)
('frac1', 0.01)
('pretrained', False)
('mixup', False)
('alpha', 1)
('beta', 5)
('relabel_ratio', 0.5)
('confidence_thres', 0.5)
('clean_set_thres', 0.1)
('fine_tuning', True)
('correction', True)
('T_pl', 100)
('lambda_cen', 1.0)
('lambda_e', 0.8)
('num_gradual', 10)
('forget_rate', 0.2)
('lr_decay', 0.1)
('schedule', [])
('momentum', 0.5)
('weight_decay', 0.0001)
('feature_dim', 128)
('plr', 0.05)
('lamda', 15)
('K', 5)
('gamma', 1)
('begin_sel', 10)
('max_beta', 2)
('mu', 0.01)
('device', device(type='cuda', index=1))
Client 0, noise level: 0.7877 (0.7089), real noise ratio: 0.6760
Client 2, noise level: 0.4944 (0.4450), real noise ratio: 0.4566
Client 3, noise level: 0.4635 (0.4172), real noise ratio: 0.4033
Client 4, noise level: 0.8920 (0.8028), real noise ratio: 0.7740
Client 6, noise level: 0.7822 (0.7040), real noise ratio: 0.6747
Client 7, noise level: 0.4074 (0.3667), real noise ratio: 0.3559
Client 8, noise level: 0.4425 (0.3983), real noise ratio: 0.3989
Client 9, noise level: 0.3473 (0.3126), real noise ratio: 0.3187
Client 13, noise level: 0.4574 (0.4116), real noise ratio: 0.3957
Client 15, noise level: 0.3237 (0.2913), real noise ratio: 0.2700
Client 20, noise level: 0.7283 (0.6555), real noise ratio: 0.6597
Client 23, noise level: 0.5618 (0.5056), real noise ratio: 0.5029
Client 26, noise level: 0.8716 (0.7844), real noise ratio: 0.7746
Client 27, noise level: 0.3558 (0.3202), real noise ratio: 0.3325
Client 29, noise level: 0.8867 (0.7980), real noise ratio: 0.8052
Client 30, noise level: 0.6949 (0.6254), real noise ratio: 0.6214
Client 32, noise level: 0.4015 (0.3614), real noise ratio: 0.3472
Client 33, noise level: 0.3690 (0.3321), real noise ratio: 0.3561
Client 35, noise level: 0.7970 (0.7173), real noise ratio: 0.7015
Client 38, noise level: 0.5606 (0.5045), real noise ratio: 0.4961
Client 41, noise level: 0.7353 (0.6618), real noise ratio: 0.6556
Client 42, noise level: 0.8045 (0.7240), real noise ratio: 0.7367
Client 47, noise level: 0.4586 (0.4127), real noise ratio: 0.4013
Client 48, noise level: 0.5133 (0.4620), real noise ratio: 0.4493
Client 50, noise level: 0.7860 (0.7074), real noise ratio: 0.6998
Client 51, noise level: 0.3370 (0.3033), real noise ratio: 0.2847
Client 56, noise level: 0.5591 (0.5031), real noise ratio: 0.4774
Client 57, noise level: 0.6532 (0.5879), real noise ratio: 0.5763
Client 59, noise level: 0.3915 (0.3523), real noise ratio: 0.3880
Client 60, noise level: 0.8911 (0.8020), real noise ratio: 0.7955
Client 62, noise level: 0.4187 (0.3768), real noise ratio: 0.3587
Client 67, noise level: 0.3696 (0.3326), real noise ratio: 0.3556
Client 68, noise level: 0.9393 (0.8454), real noise ratio: 0.8413
Client 69, noise level: 0.7046 (0.6341), real noise ratio: 0.5979
Client 72, noise level: 0.3069 (0.2762), real noise ratio: 0.2337
Client 75, noise level: 0.7848 (0.7064), real noise ratio: 0.6826
Client 78, noise level: 0.3984 (0.3586), real noise ratio: 0.3416
Client 79, noise level: 0.7685 (0.6916), real noise ratio: 0.6914
Client 80, noise level: 0.5127 (0.4614), real noise ratio: 0.4661
Client 83, noise level: 0.4420 (0.3978), real noise ratio: 0.4267
Client 88, noise level: 0.4144 (0.3729), real noise ratio: 0.3846
Client 90, noise level: 0.4952 (0.4457), real noise ratio: 0.4523
Client 91, noise level: 0.4432 (0.3989), real noise ratio: 0.4122
Client 94, noise level: 0.3650 (0.3285), real noise ratio: 0.3230
Client 98, noise level: 0.5071 (0.4564), real noise ratio: 0.4562
Client 99, noise level: 0.4163 (0.3747), real noise ratio: 0.3934
Round 0 global test acc  42.1900
Round 1 global test acc  65.6500
Round 2 global test acc  70.6300
Round 3 global test acc  74.6200
Round 4 global test acc  62.0800
Round 5 global test acc  72.8700
Round 6 global test acc  57.8600
Round 7 global test acc  18.8800
Round 8 global test acc  90.4300
Round 9 global test acc  90.5900
Round 10 global test acc  92.0400
Round 11 global test acc  38.7400
Round 12 global test acc  61.0500
Round 13 global test acc  67.0700
Round 14 global test acc  77.9900
Round 15 global test acc  67.2100
Round 16 global test acc  63.0400
Round 17 global test acc  76.9400
Round 18 global test acc  34.4000
Round 19 global test acc  85.0700
Round 20 global test acc  75.0700
Round 21 global test acc  69.2100
Round 22 global test acc  72.7600
Round 23 global test acc  72.7300
Round 24 global test acc  78.5500
Round 25 global test acc  75.3400
Round 26 global test acc  89.5700
Round 27 global test acc  85.2200
Round 28 global test acc  71.1500
Round 29 global test acc  86.0100
Round 30 global test acc  91.4100
Round 31 global test acc  57.9000
Round 32 global test acc  82.8600
Round 33 global test acc  75.8900
Round 34 global test acc  78.0000
Round 35 global test acc  86.3300
Round 36 global test acc  87.2900
Round 37 global test acc  89.3300
Round 38 global test acc  87.9300
Round 39 global test acc  90.0500
Round 40 global test acc  88.7000
Round 41 global test acc  83.5900
Round 42 global test acc  89.0800
Round 43 global test acc  70.2400
Round 44 global test acc  83.4200
Round 45 global test acc  82.6000
Round 46 global test acc  82.0600
Round 47 global test acc  71.4400
Round 48 global test acc  85.9400
Round 49 global test acc  57.7400
Round 50 global test acc  85.9400
Round 51 global test acc  78.0900
Round 52 global test acc  89.8400
Round 53 global test acc  91.5700
Round 54 global test acc  85.7700
Round 55 global test acc  84.7600
Round 56 global test acc  87.3600
Round 57 global test acc  92.0400
Round 58 global test acc  86.9500
Round 59 global test acc  92.0700
Round 60 global test acc  88.7300
Round 61 global test acc  84.1300
Round 62 global test acc  91.9600
Round 63 global test acc  87.3300
Round 64 global test acc  84.2700
Round 65 global test acc  94.3300
Round 66 global test acc  84.8600
Round 67 global test acc  93.6800
Round 68 global test acc  91.8900
Round 69 global test acc  88.2300
Round 70 global test acc  93.0400
Round 71 global test acc  89.6200
Round 72 global test acc  80.5100
Round 73 global test acc  91.9300
Round 74 global test acc  94.2700
Round 75 global test acc  89.1900
Round 76 global test acc  95.3500
Round 77 global test acc  91.5700
Round 78 global test acc  88.6100
Round 79 global test acc  94.7200
Round 80 global test acc  91.4700
Round 81 global test acc  90.3600
Round 82 global test acc  93.8400
Round 83 global test acc  94.1500
Round 84 global test acc  83.1000
Round 85 global test acc  76.8300
Round 86 global test acc  84.8800
Round 87 global test acc  79.8800
Round 88 global test acc  92.9300
Round 89 global test acc  87.2400
Round 90 global test acc  89.8500
Round 91 global test acc  79.0400
Round 92 global test acc  43.2500
Round 93 global test acc  59.6300
Round 94 global test acc  88.0200
Round 95 global test acc  80.6900
Round 96 global test acc  92.1200
Round 97 global test acc  72.5600
Round 98 global test acc  72.3600
Round 99 global test acc  76.6100
Round 100 global test acc  86.5200
Round 101 global test acc  84.1200
Round 102 global test acc  93.1200
Round 103 global test acc  78.7900
Round 104 global test acc  84.8200
Round 105 global test acc  84.1900
Round 106 global test acc  92.7500
Round 107 global test acc  92.3200
Round 108 global test acc  88.9300
Round 109 global test acc  76.0600
Round 110 global test acc  86.0200
Round 111 global test acc  89.4700
Round 112 global test acc  83.2400
Round 113 global test acc  92.4200
Round 114 global test acc  89.2900
Round 115 global test acc  83.9000
Round 116 global test acc  85.3900
Round 117 global test acc  95.2200
Round 118 global test acc  93.8900
Round 119 global test acc  93.6600
Round 120 global test acc  82.4100
Round 121 global test acc  91.2400
Round 122 global test acc  90.6900
Round 123 global test acc  89.3800
Round 124 global test acc  92.4500
Round 125 global test acc  90.7000
Round 126 global test acc  66.0000
Round 127 global test acc  91.5600
Round 128 global test acc  94.4900
Round 129 global test acc  94.5000
Round 130 global test acc  94.1600
Round 131 global test acc  91.3500
Round 132 global test acc  83.9800
Round 133 global test acc  81.7500
Round 134 global test acc  91.6300
Round 135 global test acc  89.7600
Round 136 global test acc  87.6000
Round 137 global test acc  95.6800
Round 138 global test acc  93.1500
Round 139 global test acc  95.5500
Round 140 global test acc  92.5900
Round 141 global test acc  84.6400
Round 142 global test acc  93.9800
Round 143 global test acc  91.9700
Round 144 global test acc  94.1400
Round 145 global test acc  89.6900
Round 146 global test acc  73.3400
Round 147 global test acc  94.8500
Round 148 global test acc  95.7400
Round 149 global test acc  75.6300
Round 150 global test acc  87.5600
Round 151 global test acc  70.3100
Round 152 global test acc  87.9100
Round 153 global test acc  88.9500
Round 154 global test acc  96.5000
Round 155 global test acc  75.3100
Round 156 global test acc  93.6000
Round 157 global test acc  93.5300
Round 158 global test acc  94.0800
Round 159 global test acc  89.0000
Round 160 global test acc  91.7800
Round 161 global test acc  87.3300
Round 162 global test acc  92.4500
Round 163 global test acc  89.9200
Round 164 global test acc  90.6800
Round 165 global test acc  92.3600
Round 166 global test acc  94.6800
Round 167 global test acc  95.4900
Round 168 global test acc  83.8600
Round 169 global test acc  84.3400
Round 170 global test acc  89.6400
Round 171 global test acc  96.5300
Round 172 global test acc  76.2600
Round 173 global test acc  92.6900
Round 174 global test acc  90.5300
Round 175 global test acc  94.0800
Round 176 global test acc  81.0700
Round 177 global test acc  82.6200
Round 178 global test acc  90.5900
Round 179 global test acc  92.2600
Round 180 global test acc  75.8100
Round 181 global test acc  93.6200
Round 182 global test acc  92.1700
Round 183 global test acc  88.6200
Round 184 global test acc  91.1200
Round 185 global test acc  94.5400
Round 186 global test acc  93.3300
Round 187 global test acc  86.6800
Round 188 global test acc  84.4200
Round 189 global test acc  90.6600
Round 190 global test acc  85.8100
Round 191 global test acc  91.0600
Round 192 global test acc  93.1200
Round 193 global test acc  86.1300
Round 194 global test acc  95.4500
Round 195 global test acc  96.2400
Round 196 global test acc  90.2200
Round 197 global test acc  87.4000
Round 198 global test acc  94.5000
Round 199 global test acc  93.4600
time : 8067.260845184326
('algorithm', 'LocalCORES')
('gpu', 1)
('seed', 13)
('save_dir', './record/')
('rounds2', 200)
('local_ep', 5)
('frac2', 0.1)
('num_users', 100)
('local_bs', 32)
('lr', 0.1)
('model', 'lenet')
('num_classes', 10)
('level_n_system', 0.5)
('level_n_lowerb', 0.3)
('alpha_dirichlet', 10)
('non_iid_prob_class', 0.7)
('dataset', 'mnist')
('iid', False)
('LID_k', 20)
('iteration1', 5)
('rounds1', 200)
('frac1', 0.01)
('pretrained', False)
('mixup', False)
('alpha', 1)
('beta', 5)
('relabel_ratio', 0.5)
('confidence_thres', 0.5)
('clean_set_thres', 0.1)
('fine_tuning', True)
('correction', True)
('T_pl', 100)
('lambda_cen', 1.0)
('lambda_e', 0.8)
('num_gradual', 10)
('forget_rate', 0.2)
('lr_decay', 0.1)
('schedule', [])
('momentum', 0.5)
('weight_decay', 0.0001)
('feature_dim', 128)
('plr', 0.05)
('lamda', 15)
('K', 5)
('gamma', 1)
('begin_sel', 10)
('max_beta', 2)
('mu', 0.01)
('device', device(type='cuda', index=1))
Client 0, noise level: 0.7877 (0.7089), real noise ratio: 0.6760
Client 2, noise level: 0.4944 (0.4450), real noise ratio: 0.4566
Client 3, noise level: 0.4635 (0.4172), real noise ratio: 0.4033
Client 4, noise level: 0.8920 (0.8028), real noise ratio: 0.7740
Client 6, noise level: 0.7822 (0.7040), real noise ratio: 0.6747
Client 7, noise level: 0.4074 (0.3667), real noise ratio: 0.3559
Client 8, noise level: 0.4425 (0.3983), real noise ratio: 0.3989
Client 9, noise level: 0.3473 (0.3126), real noise ratio: 0.3187
Client 13, noise level: 0.4574 (0.4116), real noise ratio: 0.3957
Client 15, noise level: 0.3237 (0.2913), real noise ratio: 0.2700
Client 20, noise level: 0.7283 (0.6555), real noise ratio: 0.6597
Client 23, noise level: 0.5618 (0.5056), real noise ratio: 0.5029
Client 26, noise level: 0.8716 (0.7844), real noise ratio: 0.7746
Client 27, noise level: 0.3558 (0.3202), real noise ratio: 0.3325
Client 29, noise level: 0.8867 (0.7980), real noise ratio: 0.8052
Client 30, noise level: 0.6949 (0.6254), real noise ratio: 0.6214
Client 32, noise level: 0.4015 (0.3614), real noise ratio: 0.3472
Client 33, noise level: 0.3690 (0.3321), real noise ratio: 0.3561
Client 35, noise level: 0.7970 (0.7173), real noise ratio: 0.7015
Client 38, noise level: 0.5606 (0.5045), real noise ratio: 0.4961
Client 41, noise level: 0.7353 (0.6618), real noise ratio: 0.6556
Client 42, noise level: 0.8045 (0.7240), real noise ratio: 0.7367
Client 47, noise level: 0.4586 (0.4127), real noise ratio: 0.4013
Client 48, noise level: 0.5133 (0.4620), real noise ratio: 0.4493
Client 50, noise level: 0.7860 (0.7074), real noise ratio: 0.6998
Client 51, noise level: 0.3370 (0.3033), real noise ratio: 0.2847
Client 56, noise level: 0.5591 (0.5031), real noise ratio: 0.4774
Client 57, noise level: 0.6532 (0.5879), real noise ratio: 0.5763
Client 59, noise level: 0.3915 (0.3523), real noise ratio: 0.3880
Client 60, noise level: 0.8911 (0.8020), real noise ratio: 0.7955
Client 62, noise level: 0.4187 (0.3768), real noise ratio: 0.3587
Client 67, noise level: 0.3696 (0.3326), real noise ratio: 0.3556
Client 68, noise level: 0.9393 (0.8454), real noise ratio: 0.8413
Client 69, noise level: 0.7046 (0.6341), real noise ratio: 0.5979
Client 72, noise level: 0.3069 (0.2762), real noise ratio: 0.2337
Client 75, noise level: 0.7848 (0.7064), real noise ratio: 0.6826
Client 78, noise level: 0.3984 (0.3586), real noise ratio: 0.3416
Client 79, noise level: 0.7685 (0.6916), real noise ratio: 0.6914
Client 80, noise level: 0.5127 (0.4614), real noise ratio: 0.4661
Client 83, noise level: 0.4420 (0.3978), real noise ratio: 0.4267
Client 88, noise level: 0.4144 (0.3729), real noise ratio: 0.3846
Client 90, noise level: 0.4952 (0.4457), real noise ratio: 0.4523
Client 91, noise level: 0.4432 (0.3989), real noise ratio: 0.4122
Client 94, noise level: 0.3650 (0.3285), real noise ratio: 0.3230
Client 98, noise level: 0.5071 (0.4564), real noise ratio: 0.4562
Client 99, noise level: 0.4163 (0.3747), real noise ratio: 0.3934
Round 0 global test acc  42.1100
Round 1 global test acc  61.2600
Round 2 global test acc  74.3700
Round 3 global test acc  83.2500
Round 4 global test acc  77.9000
Round 5 global test acc  67.6800
Round 6 global test acc  82.1400
Round 7 global test acc  84.7000
Round 8 global test acc  88.7000
Round 9 global test acc  86.0900
Round 10 global test acc  92.4200
Round 11 global test acc  70.8600
Round 12 global test acc  70.9000
Round 13 global test acc  45.7300
Round 14 global test acc  54.6600
Round 15 global test acc  70.3400
Round 16 global test acc  63.4400
Round 17 global test acc  87.0200
Round 18 global test acc  60.0000
Round 19 global test acc  73.1300
Round 20 global test acc  70.2800
Round 21 global test acc  70.2600
Round 22 global test acc  57.1000
Round 23 global test acc  79.5000
Round 24 global test acc  77.9700
Round 25 global test acc  76.2200
Round 26 global test acc  87.9300
Round 27 global test acc  89.0700
Round 28 global test acc  71.9500
Round 29 global test acc  86.4500
Round 30 global test acc  89.1700
Round 31 global test acc  66.9400
Round 32 global test acc  88.2100
Round 33 global test acc  69.6000
Round 34 global test acc  73.5500
Round 35 global test acc  86.7300
Round 36 global test acc  87.9000
Round 37 global test acc  72.7100
Round 38 global test acc  80.1400
Round 39 global test acc  89.6200
Round 40 global test acc  81.3500
Round 41 global test acc  80.7900
Round 42 global test acc  78.8900
Round 43 global test acc  82.5700
Round 44 global test acc  83.3400
Round 45 global test acc  80.1000
Round 46 global test acc  85.7400
Round 47 global test acc  77.2800
Round 48 global test acc  77.2100
Round 49 global test acc  72.9000
Round 50 global test acc  83.4300
Round 51 global test acc  76.8700
Round 52 global test acc  86.6600
Round 53 global test acc  91.9400
Round 54 global test acc  86.4700
Round 55 global test acc  87.2900
Round 56 global test acc  87.3100
Round 57 global test acc  89.7600
Round 58 global test acc  86.7700
Round 59 global test acc  89.8000
Round 60 global test acc  87.4300
Round 61 global test acc  78.5600
Round 62 global test acc  91.1100
Round 63 global test acc  90.8300
Round 64 global test acc  91.8200
Round 65 global test acc  94.7600
Round 66 global test acc  88.8900
Round 67 global test acc  93.7900
Round 68 global test acc  94.3900
Round 69 global test acc  90.7000
Round 70 global test acc  94.8500
Round 71 global test acc  86.2400
Round 72 global test acc  84.0600
Round 73 global test acc  92.2200
Round 74 global test acc  91.4000
Round 75 global test acc  79.2700
Round 76 global test acc  93.9200
Round 77 global test acc  90.2100
Round 78 global test acc  86.0500
Round 79 global test acc  84.8700
Round 80 global test acc  93.3400
Round 81 global test acc  91.2700
Round 82 global test acc  93.6500
Round 83 global test acc  92.6800
Round 84 global test acc  90.1400
Round 85 global test acc  70.5400
Round 86 global test acc  90.0400
Round 87 global test acc  81.5100
Round 88 global test acc  93.3200
Round 89 global test acc  85.0000
Round 90 global test acc  88.6600
Round 91 global test acc  85.4500
Round 92 global test acc  51.7700
Round 93 global test acc  81.6700
Round 94 global test acc  87.5200
Round 95 global test acc  87.3200
Round 96 global test acc  92.7500
Round 97 global test acc  75.3500
Round 98 global test acc  71.4600
Round 99 global test acc  78.9000
Round 100 global test acc  85.5300
Round 101 global test acc  94.2500
Round 102 global test acc  93.2100
Round 103 global test acc  85.9000
Round 104 global test acc  82.2400
Round 105 global test acc  79.2300
Round 106 global test acc  93.8500
Round 107 global test acc  90.3800
Round 108 global test acc  82.9700
Round 109 global test acc  81.8500
Round 110 global test acc  88.9100
Round 111 global test acc  88.1400
Round 112 global test acc  83.8600
Round 113 global test acc  88.9100
Round 114 global test acc  83.7600
Round 115 global test acc  90.4300
Round 116 global test acc  91.6800
Round 117 global test acc  94.7200
Round 118 global test acc  94.3300
Round 119 global test acc  92.2900
Round 120 global test acc  86.3200
Round 121 global test acc  90.7700
Round 122 global test acc  94.1300
Round 123 global test acc  92.6000
Round 124 global test acc  91.3900
Round 125 global test acc  87.7900
Round 126 global test acc  71.1600
Round 127 global test acc  92.1500
Round 128 global test acc  92.5500
Round 129 global test acc  93.8400
Round 130 global test acc  94.1900
Round 131 global test acc  91.9300
Round 132 global test acc  89.1400
Round 133 global test acc  88.9200
Round 134 global test acc  85.7000
Round 135 global test acc  92.7700
Round 136 global test acc  86.4100
Round 137 global test acc  95.4400
Round 138 global test acc  94.0100
Round 139 global test acc  95.2800
Round 140 global test acc  91.4600
Round 141 global test acc  86.9600
Round 142 global test acc  94.2700
Round 143 global test acc  92.6000
Round 144 global test acc  93.2600
Round 145 global test acc  83.3700
Round 146 global test acc  70.9600
Round 147 global test acc  94.9400
Round 148 global test acc  95.6700
Round 149 global test acc  86.1900
Round 150 global test acc  79.9700
Round 151 global test acc  73.5900
Round 152 global test acc  83.4900
Round 153 global test acc  89.1000
Round 154 global test acc  95.9700
Round 155 global test acc  59.5700
Round 156 global test acc  89.7400
Round 157 global test acc  90.0800
Round 158 global test acc  93.0600
Round 159 global test acc  90.2600
Round 160 global test acc  93.8800
Round 161 global test acc  86.7800
Round 162 global test acc  95.8700
Round 163 global test acc  93.8500
Round 164 global test acc  93.7100
Round 165 global test acc  94.4400
Round 166 global test acc  91.9400
Round 167 global test acc  94.7000
Round 168 global test acc  84.5000
Round 169 global test acc  83.6000
Round 170 global test acc  89.8000
Round 171 global test acc  96.2500
Round 172 global test acc  67.9200
Round 173 global test acc  91.2600
Round 174 global test acc  93.0200
Round 175 global test acc  93.9100
Round 176 global test acc  91.2600
Round 177 global test acc  91.8700
Round 178 global test acc  95.1700
Round 179 global test acc  95.4400
Round 180 global test acc  78.2600
Round 181 global test acc  92.5500
Round 182 global test acc  92.7300
Round 183 global test acc  89.8600
Round 184 global test acc  93.5800
Round 185 global test acc  95.2300
Round 186 global test acc  93.3800
Round 187 global test acc  88.7200
Round 188 global test acc  89.0300
Round 189 global test acc  90.9300
Round 190 global test acc  88.5900
Round 191 global test acc  88.5200
Round 192 global test acc  93.7700
Round 193 global test acc  90.7700
Round 194 global test acc  96.2000
Round 195 global test acc  95.6400
Round 196 global test acc  91.8600
Round 197 global test acc  87.9100
Round 198 global test acc  90.4800
Round 199 global test acc  85.8200
time : 6510.5391964912415
('algorithm', 'LocalCORES')
('gpu', 1)
('seed', 13)
('save_dir', './record/')
('rounds2', 200)
('local_ep', 5)
('frac2', 0.1)
('num_users', 100)
('local_bs', 32)
('lr', 0.1)
('model', 'lenet')
('num_classes', 10)
('level_n_system', 0.5)
('level_n_lowerb', 0.3)
('alpha_dirichlet', 10)
('non_iid_prob_class', 0.7)
('dataset', 'mnist')
('iid', False)
('LID_k', 20)
('iteration1', 5)
('rounds1', 200)
('frac1', 0.01)
('pretrained', False)
('mixup', False)
('alpha', 1)
('beta', 5)
('relabel_ratio', 0.5)
('confidence_thres', 0.5)
('clean_set_thres', 0.1)
('fine_tuning', True)
('correction', True)
('T_pl', 100)
('lambda_cen', 1.0)
('lambda_e', 0.8)
('num_gradual', 10)
('forget_rate', 0.2)
('lr_decay', 0.1)
('schedule', [])
('momentum', 0.5)
('weight_decay', 0.0001)
('feature_dim', 128)
('plr', 0.05)
('lamda', 15)
('K', 5)
('gamma', 1)
('begin_sel', 10)
('max_beta', 2)
('mu', 0.01)
('device', device(type='cuda', index=1))
Client 0, noise level: 0.7877 (0.7089), real noise ratio: 0.6760
Client 2, noise level: 0.4944 (0.4450), real noise ratio: 0.4566
Client 3, noise level: 0.4635 (0.4172), real noise ratio: 0.4033
Client 4, noise level: 0.8920 (0.8028), real noise ratio: 0.7740
Client 6, noise level: 0.7822 (0.7040), real noise ratio: 0.6747
Client 7, noise level: 0.4074 (0.3667), real noise ratio: 0.3559
Client 8, noise level: 0.4425 (0.3983), real noise ratio: 0.3989
Client 9, noise level: 0.3473 (0.3126), real noise ratio: 0.3187
Client 13, noise level: 0.4574 (0.4116), real noise ratio: 0.3957
Client 15, noise level: 0.3237 (0.2913), real noise ratio: 0.2700
Client 20, noise level: 0.7283 (0.6555), real noise ratio: 0.6597
Client 23, noise level: 0.5618 (0.5056), real noise ratio: 0.5029
Client 26, noise level: 0.8716 (0.7844), real noise ratio: 0.7746
Client 27, noise level: 0.3558 (0.3202), real noise ratio: 0.3325
Client 29, noise level: 0.8867 (0.7980), real noise ratio: 0.8052
Client 30, noise level: 0.6949 (0.6254), real noise ratio: 0.6214
Client 32, noise level: 0.4015 (0.3614), real noise ratio: 0.3472
Client 33, noise level: 0.3690 (0.3321), real noise ratio: 0.3561
Client 35, noise level: 0.7970 (0.7173), real noise ratio: 0.7015
Client 38, noise level: 0.5606 (0.5045), real noise ratio: 0.4961
Client 41, noise level: 0.7353 (0.6618), real noise ratio: 0.6556
Client 42, noise level: 0.8045 (0.7240), real noise ratio: 0.7367
Client 47, noise level: 0.4586 (0.4127), real noise ratio: 0.4013
Client 48, noise level: 0.5133 (0.4620), real noise ratio: 0.4493
Client 50, noise level: 0.7860 (0.7074), real noise ratio: 0.6998
Client 51, noise level: 0.3370 (0.3033), real noise ratio: 0.2847
Client 56, noise level: 0.5591 (0.5031), real noise ratio: 0.4774
Client 57, noise level: 0.6532 (0.5879), real noise ratio: 0.5763
Client 59, noise level: 0.3915 (0.3523), real noise ratio: 0.3880
Client 60, noise level: 0.8911 (0.8020), real noise ratio: 0.7955
Client 62, noise level: 0.4187 (0.3768), real noise ratio: 0.3587
Client 67, noise level: 0.3696 (0.3326), real noise ratio: 0.3556
Client 68, noise level: 0.9393 (0.8454), real noise ratio: 0.8413
Client 69, noise level: 0.7046 (0.6341), real noise ratio: 0.5979
Client 72, noise level: 0.3069 (0.2762), real noise ratio: 0.2337
Client 75, noise level: 0.7848 (0.7064), real noise ratio: 0.6826
Client 78, noise level: 0.3984 (0.3586), real noise ratio: 0.3416
Client 79, noise level: 0.7685 (0.6916), real noise ratio: 0.6914
Client 80, noise level: 0.5127 (0.4614), real noise ratio: 0.4661
Client 83, noise level: 0.4420 (0.3978), real noise ratio: 0.4267
Client 88, noise level: 0.4144 (0.3729), real noise ratio: 0.3846
Client 90, noise level: 0.4952 (0.4457), real noise ratio: 0.4523
Client 91, noise level: 0.4432 (0.3989), real noise ratio: 0.4122
Client 94, noise level: 0.3650 (0.3285), real noise ratio: 0.3230
Client 98, noise level: 0.5071 (0.4564), real noise ratio: 0.4562
Client 99, noise level: 0.4163 (0.3747), real noise ratio: 0.3934
Round 0 global test acc  43.1800
Round 1 global test acc  63.9500
Round 2 global test acc  74.6800
Round 3 global test acc  80.6700
Round 4 global test acc  41.9200
Round 5 global test acc  71.6100
Round 6 global test acc  79.8800
Round 7 global test acc  75.9300
Round 8 global test acc  86.2700
Round 9 global test acc  81.7800
Round 10 global test acc  92.8800
Round 11 global test acc  56.6400
Round 12 global test acc  61.4100
Round 13 global test acc  70.8000
Round 14 global test acc  78.3100
Round 15 global test acc  72.1000
Round 16 global test acc  64.7700
Round 17 global test acc  80.7800
Round 18 global test acc  55.7400
Round 19 global test acc  62.9100
Round 20 global test acc  69.7700
Round 21 global test acc  65.4300
Round 22 global test acc  69.6700
Round 23 global test acc  78.2100
Round 24 global test acc  79.6100
Round 25 global test acc  74.8900
Round 26 global test acc  85.1500
Round 27 global test acc  84.3200
Round 28 global test acc  67.0200
Round 29 global test acc  87.9200
Round 30 global test acc  81.6600
Round 31 global test acc  64.5500
Round 32 global test acc  70.2100
Round 33 global test acc  62.8800
Round 34 global test acc  74.0600
Round 35 global test acc  84.7600
Round 36 global test acc  85.8600
Round 37 global test acc  88.0600
Round 38 global test acc  87.5100
Round 39 global test acc  91.2000
Round 40 global test acc  87.4900
Round 41 global test acc  83.0100
Round 42 global test acc  72.6400
Round 43 global test acc  74.4800
Round 44 global test acc  76.8400
Round 45 global test acc  83.1000
Round 46 global test acc  87.4900
Round 47 global test acc  77.5700
Round 48 global test acc  76.0800
Round 49 global test acc  67.4400
Round 50 global test acc  90.5600
Round 51 global test acc  78.0500
Round 52 global test acc  90.8600
Round 53 global test acc  92.0500
Round 54 global test acc  88.5100
Round 55 global test acc  88.8600
Round 56 global test acc  87.8900
Round 57 global test acc  92.7700
Round 58 global test acc  85.9900
Round 59 global test acc  88.0200
Round 60 global test acc  89.2800
Round 61 global test acc  87.0000
Round 62 global test acc  90.7300
Round 63 global test acc  91.8700
Round 64 global test acc  92.9200
Round 65 global test acc  94.5000
Round 66 global test acc  91.6400
Round 67 global test acc  92.9100
Round 68 global test acc  94.0800
Round 69 global test acc  90.5300
Round 70 global test acc  94.0400
Round 71 global test acc  92.7300
Round 72 global test acc  87.4500
Round 73 global test acc  92.4700
Round 74 global test acc  91.2600
Round 75 global test acc  77.2600
Round 76 global test acc  94.9200
Round 77 global test acc  78.4800
Round 78 global test acc  87.9100
Round 79 global test acc  88.5500
Round 80 global test acc  92.5400
Round 81 global test acc  91.6900
Round 82 global test acc  94.1500
Round 83 global test acc  93.0600
Round 84 global test acc  93.7600
Round 85 global test acc  85.6500
Round 86 global test acc  90.1200
Round 87 global test acc  81.2400
Round 88 global test acc  91.9500
Round 89 global test acc  81.8400
Round 90 global test acc  89.6000
Round 91 global test acc  90.2600
Round 92 global test acc  53.3500
Round 93 global test acc  82.9800
Round 94 global test acc  89.9400
Round 95 global test acc  88.7900
Round 96 global test acc  93.0700
Round 97 global test acc  73.7700
Round 98 global test acc  79.1100
Round 99 global test acc  84.3400
Round 100 global test acc  89.1500
Round 101 global test acc  95.0800
Round 102 global test acc  94.8300
Round 103 global test acc  85.5200
Round 104 global test acc  84.1300
Round 105 global test acc  84.1100
Round 106 global test acc  93.6300
Round 107 global test acc  91.6700
Round 108 global test acc  85.1600
Round 109 global test acc  84.2100
Round 110 global test acc  85.5600
Round 111 global test acc  78.1700
Round 112 global test acc  79.8200
Round 113 global test acc  89.6200
Round 114 global test acc  79.8200
Round 115 global test acc  72.2000
Round 116 global test acc  89.3300
Round 117 global test acc  93.3500
Round 118 global test acc  92.1300
Round 119 global test acc  88.7900
Round 120 global test acc  86.0100
Round 121 global test acc  91.9900
Round 122 global test acc  94.7900
Round 123 global test acc  91.8900
Round 124 global test acc  90.8900
Round 125 global test acc  88.6500
Round 126 global test acc  74.8500
Round 127 global test acc  90.8700
Round 128 global test acc  92.5300
Round 129 global test acc  93.3900
Round 130 global test acc  91.8200
Round 131 global test acc  89.0000
Round 132 global test acc  88.2900
Round 133 global test acc  86.6600
Round 134 global test acc  87.8700
Round 135 global test acc  92.8200
Round 136 global test acc  87.9800
Round 137 global test acc  95.2300
Round 138 global test acc  93.9400
Round 139 global test acc  93.2400
Round 140 global test acc  91.5500
Round 141 global test acc  87.2300
Round 142 global test acc  93.3900
Round 143 global test acc  94.0500
Round 144 global test acc  93.4100
Round 145 global test acc  83.7200
Round 146 global test acc  71.2700
Round 147 global test acc  95.1200
Round 148 global test acc  94.8100
Round 149 global test acc  86.9700
Round 150 global test acc  81.1100
Round 151 global test acc  80.5200
Round 152 global test acc  80.9100
Round 153 global test acc  84.3000
Round 154 global test acc  95.3700
Round 155 global test acc  68.6800
Round 156 global test acc  90.9400
Round 157 global test acc  91.5200
Round 158 global test acc  90.5100
Round 159 global test acc  89.8400
Round 160 global test acc  92.6000
Round 161 global test acc  91.0200
Round 162 global test acc  96.0500
Round 163 global test acc  93.7300
Round 164 global test acc  91.8200
Round 165 global test acc  93.6200
Round 166 global test acc  92.6700
Round 167 global test acc  94.1300
Round 168 global test acc  85.0600
Round 169 global test acc  83.0300
Round 170 global test acc  89.0900
Round 171 global test acc  96.1000
Round 172 global test acc  72.2600
Round 173 global test acc  92.5300
Round 174 global test acc  92.8300
Round 175 global test acc  94.4200
Round 176 global test acc  90.8500
Round 177 global test acc  91.2200
Round 178 global test acc  95.4100
Round 179 global test acc  95.2300
Round 180 global test acc  75.9400
Round 181 global test acc  94.7400
Round 182 global test acc  94.2000
Round 183 global test acc  86.2300
Round 184 global test acc  92.4800
Round 185 global test acc  95.0100
Round 186 global test acc  93.9200
Round 187 global test acc  89.3000
Round 188 global test acc  87.2000
Round 189 global test acc  90.0000
Round 190 global test acc  87.6600
Round 191 global test acc  90.6200
Round 192 global test acc  91.0000
Round 193 global test acc  90.8800
Round 194 global test acc  95.6600
Round 195 global test acc  96.0200
Round 196 global test acc  92.1000
Round 197 global test acc  87.1000
Round 198 global test acc  90.2200
Round 199 global test acc  91.3000
time : 6696.380462169647
('algorithm', 'LocalCORES')
('gpu', 1)
('seed', 13)
('save_dir', './record/')
('rounds2', 200)
('local_ep', 5)
('frac2', 0.1)
('num_users', 100)
('local_bs', 32)
('lr', 0.1)
('model', 'lenet')
('num_classes', 10)
('level_n_system', 0.5)
('level_n_lowerb', 0.3)
('alpha_dirichlet', 10)
('non_iid_prob_class', 0.7)
('dataset', 'mnist')
('iid', False)
('LID_k', 20)
('iteration1', 5)
('rounds1', 200)
('frac1', 0.01)
('pretrained', False)
('mixup', False)
('alpha', 1)
('beta', 5)
('relabel_ratio', 0.5)
('confidence_thres', 0.5)
('clean_set_thres', 0.1)
('fine_tuning', True)
('correction', True)
('T_pl', 100)
('lambda_cen', 1.0)
('lambda_e', 0.8)
('num_gradual', 10)
('forget_rate', 0.2)
('lr_decay', 0.1)
('schedule', [])
('momentum', 0.5)
('weight_decay', 0.0001)
('feature_dim', 128)
('plr', 0.05)
('lamda', 15)
('K', 5)
('gamma', 1)
('begin_sel', 10)
('max_beta', 2.0)
('mu', 0.01)
('device', device(type='cuda', index=1))
Client 0, noise level: 0.7877 (0.7089), real noise ratio: 0.6760
Client 2, noise level: 0.4944 (0.4450), real noise ratio: 0.4566
Client 3, noise level: 0.4635 (0.4172), real noise ratio: 0.4033
Client 4, noise level: 0.8920 (0.8028), real noise ratio: 0.7740
Client 6, noise level: 0.7822 (0.7040), real noise ratio: 0.6747
Client 7, noise level: 0.4074 (0.3667), real noise ratio: 0.3559
Client 8, noise level: 0.4425 (0.3983), real noise ratio: 0.3989
Client 9, noise level: 0.3473 (0.3126), real noise ratio: 0.3187
Client 13, noise level: 0.4574 (0.4116), real noise ratio: 0.3957
Client 15, noise level: 0.3237 (0.2913), real noise ratio: 0.2700
Client 20, noise level: 0.7283 (0.6555), real noise ratio: 0.6597
Client 23, noise level: 0.5618 (0.5056), real noise ratio: 0.5029
Client 26, noise level: 0.8716 (0.7844), real noise ratio: 0.7746
Client 27, noise level: 0.3558 (0.3202), real noise ratio: 0.3325
Client 29, noise level: 0.8867 (0.7980), real noise ratio: 0.8052
Client 30, noise level: 0.6949 (0.6254), real noise ratio: 0.6214
Client 32, noise level: 0.4015 (0.3614), real noise ratio: 0.3472
Client 33, noise level: 0.3690 (0.3321), real noise ratio: 0.3561
Client 35, noise level: 0.7970 (0.7173), real noise ratio: 0.7015
Client 38, noise level: 0.5606 (0.5045), real noise ratio: 0.4961
Client 41, noise level: 0.7353 (0.6618), real noise ratio: 0.6556
Client 42, noise level: 0.8045 (0.7240), real noise ratio: 0.7367
Client 47, noise level: 0.4586 (0.4127), real noise ratio: 0.4013
Client 48, noise level: 0.5133 (0.4620), real noise ratio: 0.4493
Client 50, noise level: 0.7860 (0.7074), real noise ratio: 0.6998
Client 51, noise level: 0.3370 (0.3033), real noise ratio: 0.2847
Client 56, noise level: 0.5591 (0.5031), real noise ratio: 0.4774
Client 57, noise level: 0.6532 (0.5879), real noise ratio: 0.5763
Client 59, noise level: 0.3915 (0.3523), real noise ratio: 0.3880
Client 60, noise level: 0.8911 (0.8020), real noise ratio: 0.7955
Client 62, noise level: 0.4187 (0.3768), real noise ratio: 0.3587
Client 67, noise level: 0.3696 (0.3326), real noise ratio: 0.3556
Client 68, noise level: 0.9393 (0.8454), real noise ratio: 0.8413
Client 69, noise level: 0.7046 (0.6341), real noise ratio: 0.5979
Client 72, noise level: 0.3069 (0.2762), real noise ratio: 0.2337
Client 75, noise level: 0.7848 (0.7064), real noise ratio: 0.6826
Client 78, noise level: 0.3984 (0.3586), real noise ratio: 0.3416
Client 79, noise level: 0.7685 (0.6916), real noise ratio: 0.6914
Client 80, noise level: 0.5127 (0.4614), real noise ratio: 0.4661
Client 83, noise level: 0.4420 (0.3978), real noise ratio: 0.4267
Client 88, noise level: 0.4144 (0.3729), real noise ratio: 0.3846
Client 90, noise level: 0.4952 (0.4457), real noise ratio: 0.4523
Client 91, noise level: 0.4432 (0.3989), real noise ratio: 0.4122
Client 94, noise level: 0.3650 (0.3285), real noise ratio: 0.3230
Client 98, noise level: 0.5071 (0.4564), real noise ratio: 0.4562
Client 99, noise level: 0.4163 (0.3747), real noise ratio: 0.3934
Round 0 global test acc  42.1100
Round 1 global test acc  61.7500
Round 2 global test acc  70.6700
Round 3 global test acc  83.9400
Round 4 global test acc  76.6100
Round 5 global test acc  71.5700
Round 6 global test acc  79.9300
Round 7 global test acc  75.9900
Round 8 global test acc  87.6100
Round 9 global test acc  84.2500
Round 10 global test acc  92.0800
Round 11 global test acc  77.7100
Round 12 global test acc  76.0000
Round 13 global test acc  59.5300
Round 14 global test acc  66.1100
Round 15 global test acc  60.1700
Round 16 global test acc  63.9700
Round 17 global test acc  70.4700
Round 18 global test acc  53.2500
Round 19 global test acc  74.6500
Round 20 global test acc  69.4100
Round 21 global test acc  70.2300
Round 22 global test acc  67.2500
Round 23 global test acc  80.2300
Round 24 global test acc  74.5800
Round 25 global test acc  75.9300
Round 26 global test acc  83.8400
Round 27 global test acc  88.3700
Round 28 global test acc  82.3000
Round 29 global test acc  67.6700
Round 30 global test acc  82.8300
Round 31 global test acc  62.7400
Round 32 global test acc  79.7300
Round 33 global test acc  64.6600
Round 34 global test acc  73.5600
Round 35 global test acc  86.1300
Round 36 global test acc  85.1300
Round 37 global test acc  89.6100
Round 38 global test acc  82.0200
Round 39 global test acc  90.1600
Round 40 global test acc  89.1500
Round 41 global test acc  85.3900
Round 42 global test acc  79.9000
Round 43 global test acc  84.6500
Round 44 global test acc  80.9400
Round 45 global test acc  79.0300
Round 46 global test acc  89.1800
Round 47 global test acc  77.7400
Round 48 global test acc  78.3000
Round 49 global test acc  70.9800
Round 50 global test acc  88.3000
Round 51 global test acc  81.8200
Round 52 global test acc  86.1100
Round 53 global test acc  89.1500
Round 54 global test acc  71.7300
Round 55 global test acc  89.3700
Round 56 global test acc  85.5600
Round 57 global test acc  92.5900
Round 58 global test acc  87.8300
Round 59 global test acc  90.1600
Round 60 global test acc  91.5000
Round 61 global test acc  83.8000
Round 62 global test acc  91.7700
Round 63 global test acc  92.0900
Round 64 global test acc  92.7000
Round 65 global test acc  95.0700
Round 66 global test acc  89.6700
Round 67 global test acc  93.8600
Round 68 global test acc  94.8400
Round 69 global test acc  91.6400
Round 70 global test acc  95.1500
Round 71 global test acc  91.6200
Round 72 global test acc  79.7900
Round 73 global test acc  92.0200
Round 74 global test acc  91.7700
Round 75 global test acc  79.7600
Round 76 global test acc  95.1800
Round 77 global test acc  89.8400
Round 78 global test acc  87.7400
Round 79 global test acc  87.3100
Round 80 global test acc  91.5000
Round 81 global test acc  92.7700
Round 82 global test acc  93.7700
Round 83 global test acc  93.1100
Round 84 global test acc  94.5900
Round 85 global test acc  67.2800
Round 86 global test acc  91.0900
Round 87 global test acc  78.8300
Round 88 global test acc  93.6700
Round 89 global test acc  85.2200
Round 90 global test acc  89.5200
Round 91 global test acc  86.5900
Round 92 global test acc  49.8800
Round 93 global test acc  82.5500
Round 94 global test acc  88.1900
Round 95 global test acc  85.7800
Round 96 global test acc  92.2300
Round 97 global test acc  72.1700
Round 98 global test acc  75.0400
Round 99 global test acc  76.0900
Round 100 global test acc  89.5500
Round 101 global test acc  94.0000
Round 102 global test acc  93.3700
Round 103 global test acc  88.3300
Round 104 global test acc  84.4900
Round 105 global test acc  83.9900
Round 106 global test acc  94.2900
Round 107 global test acc  86.0500
Round 108 global test acc  80.0800
Round 109 global test acc  82.5800
Round 110 global test acc  87.4500
Round 111 global test acc  85.7500
Round 112 global test acc  83.8600
Round 113 global test acc  88.6100
Round 114 global test acc  83.0900
Round 115 global test acc  89.8800
Round 116 global test acc  89.0800
Round 117 global test acc  94.9900
Round 118 global test acc  93.9400
Round 119 global test acc  91.3400
Round 120 global test acc  86.6200
Round 121 global test acc  91.2100
Round 122 global test acc  93.4700
Round 123 global test acc  92.2600
Round 124 global test acc  92.2600
Round 125 global test acc  88.9200
Round 126 global test acc  75.5400
Round 127 global test acc  92.3100
Round 128 global test acc  89.6200
Round 129 global test acc  93.7100
Round 130 global test acc  94.0900
Round 131 global test acc  91.9600
Round 132 global test acc  91.3700
Round 133 global test acc  88.8300
Round 134 global test acc  92.2400
Round 135 global test acc  92.3300
Round 136 global test acc  88.4000
Round 137 global test acc  95.6200
Round 138 global test acc  95.5800
Round 139 global test acc  95.1700
Round 140 global test acc  92.0400
Round 141 global test acc  87.3400
Round 142 global test acc  94.3600
Round 143 global test acc  93.4900
Round 144 global test acc  92.8100
Round 145 global test acc  82.2100
Round 146 global test acc  74.9000
Round 147 global test acc  95.0800
Round 148 global test acc  95.8200
Round 149 global test acc  86.8400
Round 150 global test acc  80.7000
Round 151 global test acc  79.0000
Round 152 global test acc  87.5800
Round 153 global test acc  92.0900
Round 154 global test acc  96.0200
Round 155 global test acc  63.2000
Round 156 global test acc  90.4800
Round 157 global test acc  89.5100
Round 158 global test acc  91.8900
Round 159 global test acc  90.7000
Round 160 global test acc  93.8400
Round 161 global test acc  89.2700
Round 162 global test acc  96.4500
Round 163 global test acc  94.5800
Round 164 global test acc  93.0600
Round 165 global test acc  94.8000
Round 166 global test acc  91.0000
Round 167 global test acc  94.5600
Round 168 global test acc  88.7800
Round 169 global test acc  84.5200
Round 170 global test acc  91.1100
Round 171 global test acc  96.0800
Round 172 global test acc  72.2400
Round 173 global test acc  93.4200
Round 174 global test acc  91.0500
Round 175 global test acc  94.5700
Round 176 global test acc  92.0100
Round 177 global test acc  90.5000
Round 178 global test acc  95.0000
Round 179 global test acc  95.2500
Round 180 global test acc  77.7800
Round 181 global test acc  94.2600
Round 182 global test acc  93.8000
Round 183 global test acc  90.7200
Round 184 global test acc  94.1600
Round 185 global test acc  95.0500
Round 186 global test acc  93.0400
Round 187 global test acc  90.3700
Round 188 global test acc  89.6800
Round 189 global test acc  91.8400
Round 190 global test acc  90.1000
Round 191 global test acc  86.3900
Round 192 global test acc  93.2700
Round 193 global test acc  91.7000
Round 194 global test acc  95.9400
Round 195 global test acc  95.7700
Round 196 global test acc  91.2400
Round 197 global test acc  86.9600
Round 198 global test acc  90.3000
Round 199 global test acc  88.0100
time : 6540.309552431107
