('algorithm', 'LocalCORES')
('gpu', 1)
('seed', 13)
('save_dir', './record/')
('rounds2', 200)
('local_ep', 5)
('frac2', 0.1)
('num_users', 100)
('local_bs', 32)
('lr', 0.1)
('model', 'lenet')
('num_classes', 10)
('level_n_system', 0.0)
('level_n_lowerb', 0.0)
('alpha_dirichlet', 10)
('non_iid_prob_class', 0.7)
('dataset', 'mnist')
('iid', False)
('LID_k', 20)
('iteration1', 5)
('rounds1', 200)
('frac1', 0.01)
('pretrained', False)
('mixup', False)
('alpha', 1)
('beta', 5)
('relabel_ratio', 0.5)
('confidence_thres', 0.5)
('clean_set_thres', 0.1)
('fine_tuning', True)
('correction', True)
('T_pl', 100)
('lambda_cen', 1.0)
('lambda_e', 0.8)
('num_gradual', 10)
('forget_rate', 0.2)
('lr_decay', 0.1)
('schedule', [])
('momentum', 0.5)
('weight_decay', 0.0001)
('feature_dim', 128)
('plr', 0.05)
('lamda', 15)
('K', 5)
('gamma', 1)
('begin_sel', 10)
('max_beta', 2)
('mu', 0.01)
('device', device(type='cuda', index=1))
Round 0 global test acc  65.2200
Round 1 global test acc  82.7400
Round 2 global test acc  81.2200
Round 3 global test acc  88.9900
Round 4 global test acc  90.4600
Round 5 global test acc  88.0000
Round 6 global test acc  90.1900
Round 7 global test acc  90.6000
Round 8 global test acc  94.1000
Round 9 global test acc  93.6200
Round 10 global test acc  88.4100
Round 11 global test acc  92.7000
Round 12 global test acc  93.2000
Round 13 global test acc  93.4600
Round 14 global test acc  92.7900
Round 15 global test acc  93.2700
Round 16 global test acc  93.9200
Round 17 global test acc  91.5300
Round 18 global test acc  92.8500
Round 19 global test acc  92.7000
Round 20 global test acc  92.8100
Round 21 global test acc  92.2500
Round 22 global test acc  90.8300
Round 23 global test acc  94.9100
Round 24 global test acc  94.7600
Round 25 global test acc  86.3600
Round 26 global test acc  94.9500
Round 27 global test acc  90.5200
Round 28 global test acc  94.0700
Round 29 global test acc  94.3200
Round 30 global test acc  93.6900
Round 31 global test acc  94.1500
Round 32 global test acc  91.5500
Round 33 global test acc  95.1400
Round 34 global test acc  94.7600
Round 35 global test acc  95.8800
Round 36 global test acc  96.1500
Round 37 global test acc  94.4700
Round 38 global test acc  91.7500
Round 39 global test acc  96.0900
Round 40 global test acc  95.5800
Round 41 global test acc  93.2200
Round 42 global test acc  92.7700
Round 43 global test acc  95.2100
Round 44 global test acc  95.4500
Round 45 global test acc  93.5800
Round 46 global test acc  95.0000
Round 47 global test acc  94.2200
Round 48 global test acc  95.3300
Round 49 global test acc  94.9500
Round 50 global test acc  95.6800
Round 51 global test acc  89.6000
Round 52 global test acc  96.0000
Round 53 global test acc  93.9200
Round 54 global test acc  94.7500
Round 55 global test acc  95.2300
Round 56 global test acc  95.3800
Round 57 global test acc  95.1700
Round 58 global test acc  96.7900
Round 59 global test acc  97.0700
Round 60 global test acc  96.7800
Round 61 global test acc  93.8200
Round 62 global test acc  89.2600
Round 63 global test acc  94.3500
Round 64 global test acc  92.1900
Round 65 global test acc  96.6200
Round 66 global test acc  94.4100
Round 67 global test acc  96.4000
Round 68 global test acc  94.9800
Round 69 global test acc  96.5300
Round 70 global test acc  96.1900
Round 71 global test acc  96.2400
Round 72 global test acc  95.5600
Round 73 global test acc  96.3800
Round 74 global test acc  96.4400
Round 75 global test acc  96.6500
Round 76 global test acc  96.2200
Round 77 global test acc  96.2400
Round 78 global test acc  94.3300
Round 79 global test acc  96.7900
Round 80 global test acc  95.7400
Round 81 global test acc  95.0100
Round 82 global test acc  96.2600
Round 83 global test acc  97.1600
Round 84 global test acc  95.3700
Round 85 global test acc  95.0900
Round 86 global test acc  95.7400
Round 87 global test acc  97.0900
Round 88 global test acc  95.0200
Round 89 global test acc  97.3200
Round 90 global test acc  96.6600
Round 91 global test acc  96.9000
Round 92 global test acc  95.7000
Round 93 global test acc  97.3100
Round 94 global test acc  95.5100
Round 95 global test acc  96.4700
Round 96 global test acc  95.6900
Round 97 global test acc  95.1100
Round 98 global test acc  95.9100
Round 99 global test acc  97.1100
Round 100 global test acc  96.8700
Round 101 global test acc  96.0600
Round 102 global test acc  96.8200
Round 103 global test acc  96.1700
Round 104 global test acc  96.6500
Round 105 global test acc  95.9400
Round 106 global test acc  97.0300
Round 107 global test acc  95.2100
Round 108 global test acc  96.5900
Round 109 global test acc  95.6100
Round 110 global test acc  96.6100
Round 111 global test acc  97.4600
Round 112 global test acc  96.4500
Round 113 global test acc  90.4300
Round 114 global test acc  96.7900
Round 115 global test acc  96.1400
Round 116 global test acc  96.9700
Round 117 global test acc  95.8200
Round 118 global test acc  96.6300
Round 119 global test acc  96.2800
Round 120 global test acc  96.5700
Round 121 global test acc  96.4100
Round 122 global test acc  96.1600
Round 123 global test acc  92.7500
Round 124 global test acc  96.1000
Round 125 global test acc  96.6400
Round 126 global test acc  96.8700
Round 127 global test acc  97.2200
Round 128 global test acc  97.0900
Round 129 global test acc  97.0200
Round 130 global test acc  97.0800
Round 131 global test acc  97.0400
Round 132 global test acc  92.9600
Round 133 global test acc  97.1000
Round 134 global test acc  97.4500
Round 135 global test acc  96.8800
Round 136 global test acc  97.4900
Round 137 global test acc  97.3100
Round 138 global test acc  97.2100
Round 139 global test acc  97.4900
Round 140 global test acc  95.2000
Round 141 global test acc  94.1400
Round 142 global test acc  96.6100
Round 143 global test acc  96.1700
Round 144 global test acc  96.9400
Round 145 global test acc  96.4900
Round 146 global test acc  97.2100
Round 147 global test acc  97.0500
Round 148 global test acc  97.1300
Round 149 global test acc  97.4000
Round 150 global test acc  95.4000
Round 151 global test acc  96.7500
Round 152 global test acc  97.1300
Round 153 global test acc  97.5600
Round 154 global test acc  97.5600
Round 155 global test acc  95.4900
Round 156 global test acc  96.1700
Round 157 global test acc  96.6700
Round 158 global test acc  94.3000
Round 159 global test acc  96.4200
Round 160 global test acc  96.6900
Round 161 global test acc  95.9300
Round 162 global test acc  96.6900
Round 163 global test acc  97.1300
Round 164 global test acc  96.3800
Round 165 global test acc  96.9300
Round 166 global test acc  97.5400
Round 167 global test acc  95.8700
Round 168 global test acc  21.9200
Round 169 global test acc  96.2600
Round 170 global test acc  96.0400
Round 171 global test acc  97.1000
Round 172 global test acc  96.4700
Round 173 global test acc  92.9300
Round 174 global test acc  96.6500
Round 175 global test acc  94.9800
Round 176 global test acc  96.9600
Round 177 global test acc  96.9300
Round 178 global test acc  94.5000
Round 179 global test acc  97.6100
Round 180 global test acc  96.0900
Round 181 global test acc  97.7300
Round 182 global test acc  97.4300
Round 183 global test acc  95.6400
Round 184 global test acc  96.4900
Round 185 global test acc  96.7500
Round 186 global test acc  97.3600
Round 187 global test acc  94.1900
Round 188 global test acc  96.5400
Round 189 global test acc  97.4000
Round 190 global test acc  96.9200
Round 191 global test acc  96.9800
Round 192 global test acc  97.4200
Round 193 global test acc  97.6200
Round 194 global test acc  97.0500
Round 195 global test acc  95.6800
Round 196 global test acc  97.0900
Round 197 global test acc  96.5300
Round 198 global test acc  97.7200
Round 199 global test acc  97.6300
time : 7339.271637439728
Traceback (most recent call last):
  File "main.py", line 56, in <module>
    run(args)
  File "main.py", line 45, in run
    torch.cuda.empty_cache()
  File "/data/jij/install/anaconda/envs/gflownets/lib/python3.7/site-packages/torch/cuda/memory.py", line 125, in empty_cache
    torch._C._cuda_emptyCache()
RuntimeError: CUDA error: out of memory
CUDA kernel errors might be asynchronously reported at some other API call,so the stacktrace below might be incorrect.
For debugging consider passing CUDA_LAUNCH_BLOCKING=1.
('algorithm', 'LocalCORES')
('gpu', 1)
('seed', 13)
('save_dir', './record/')
('rounds2', 200)
('local_ep', 5)
('frac2', 0.1)
('num_users', 100)
('local_bs', 32)
('lr', 0.1)
('model', 'lenet')
('num_classes', 10)
('level_n_system', 0.0)
('level_n_lowerb', 0.0)
('alpha_dirichlet', 10)
('non_iid_prob_class', 0.7)
('dataset', 'mnist')
('iid', False)
('LID_k', 20)
('iteration1', 5)
('rounds1', 200)
('frac1', 0.01)
('pretrained', False)
('mixup', False)
('alpha', 1)
('beta', 5)
('relabel_ratio', 0.5)
('confidence_thres', 0.5)
('clean_set_thres', 0.1)
('fine_tuning', True)
('correction', True)
('T_pl', 100)
('lambda_cen', 1.0)
('lambda_e', 0.8)
('num_gradual', 10)
('forget_rate', 0.2)
('lr_decay', 0.1)
('schedule', [])
('momentum', 0.5)
('weight_decay', 0.0001)
('feature_dim', 128)
('plr', 0.05)
('lamda', 15)
('K', 5)
('gamma', 1)
('begin_sel', 10)
('max_beta', 2)
('mu', 0.01)
('device', device(type='cuda', index=1))
Round 0 global test acc  65.2200
Round 1 global test acc  82.7400
Round 2 global test acc  82.8600
Round 3 global test acc  88.2700
Round 4 global test acc  90.5600
Round 5 global test acc  89.7200
Round 6 global test acc  88.0600
Round 7 global test acc  89.3600
Round 8 global test acc  93.8400
Round 9 global test acc  88.0000
Round 10 global test acc  91.2200
Round 11 global test acc  91.9400
Round 12 global test acc  91.6000
Round 13 global test acc  93.2100
Round 14 global test acc  93.8700
Round 15 global test acc  94.1800
Round 16 global test acc  92.8900
Round 17 global test acc  93.9900
Round 18 global test acc  92.2700
Round 19 global test acc  93.1400
Round 20 global test acc  94.1200
Round 21 global test acc  88.8700
Round 22 global test acc  43.5300
Round 23 global test acc  92.7900
Round 24 global test acc  94.1300
Round 25 global test acc  86.7900
Round 26 global test acc  95.3500
Round 27 global test acc  89.7100
Round 28 global test acc  93.0100
Round 29 global test acc  92.9200
Round 30 global test acc  94.6400
Round 31 global test acc  94.5200
Round 32 global test acc  91.6800
Round 33 global test acc  94.1600
Round 34 global test acc  95.2900
Round 35 global test acc  95.8600
Round 36 global test acc  95.6200
Round 37 global test acc  95.0000
Round 38 global test acc  91.1600
Round 39 global test acc  95.9200
Round 40 global test acc  95.1000
Round 41 global test acc  93.3000
Round 42 global test acc  93.5900
Round 43 global test acc  95.9700
Round 44 global test acc  95.3900
Round 45 global test acc  93.6600
Round 46 global test acc  94.8900
Round 47 global test acc  94.1600
Round 48 global test acc  95.6600
Round 49 global test acc  94.9400
Round 50 global test acc  95.4200
Round 51 global test acc  90.5000
Round 52 global test acc  96.0400
Round 53 global test acc  93.5100
Round 54 global test acc  94.6100
Round 55 global test acc  94.5700
Round 56 global test acc  95.4000
Round 57 global test acc  95.0800
Round 58 global test acc  96.6900
Round 59 global test acc  96.9500
Round 60 global test acc  96.7800
Round 61 global test acc  94.2900
Round 62 global test acc  90.8200
Round 63 global test acc  94.0400
Round 64 global test acc  91.2900
Round 65 global test acc  96.4800
Round 66 global test acc  94.4700
Round 67 global test acc  96.2700
Round 68 global test acc  94.6100
Round 69 global test acc  96.4200
Round 70 global test acc  95.9700
Round 71 global test acc  96.0700
Round 72 global test acc  96.4400
Round 73 global test acc  96.8800
Round 74 global test acc  96.5900
Round 75 global test acc  96.3400
Round 76 global test acc  96.0700
Round 77 global test acc  96.2600
Round 78 global test acc  94.4200
Round 79 global test acc  96.8500
Round 80 global test acc  96.4200
Round 81 global test acc  95.1100
Round 82 global test acc  96.4400
Round 83 global test acc  96.9000
Round 84 global test acc  95.0200
Round 85 global test acc  93.6000
Round 86 global test acc  96.1700
Round 87 global test acc  97.0300
Round 88 global test acc  94.1500
Round 89 global test acc  97.0900
Round 90 global test acc  89.8200
Round 91 global test acc  96.5500
Round 92 global test acc  95.1200
Round 93 global test acc  96.9200
Round 94 global test acc  95.1300
Round 95 global test acc  96.4700
Round 96 global test acc  95.7800
Round 97 global test acc  95.0400
Round 98 global test acc  95.8500
Round 99 global test acc  97.2200
Round 100 global test acc  96.8700
Round 101 global test acc  97.0100
Round 102 global test acc  96.9100
Round 103 global test acc  96.5800
Round 104 global test acc  96.6200
Round 105 global test acc  96.1700
Round 106 global test acc  96.9800
Round 107 global test acc  95.1900
Round 108 global test acc  96.6400
Round 109 global test acc  96.3200
Round 110 global test acc  96.6500
Round 111 global test acc  97.4000
Round 112 global test acc  96.6600
Round 113 global test acc  91.4900
Round 114 global test acc  96.6000
Round 115 global test acc  96.8500
Round 116 global test acc  97.2100
Round 117 global test acc  95.8300
Round 118 global test acc  96.6300
Round 119 global test acc  96.5400
Round 120 global test acc  96.4500
Round 121 global test acc  96.2000
Round 122 global test acc  96.1900
Round 123 global test acc  93.8600
Round 124 global test acc  96.1700
Round 125 global test acc  95.8700
Round 126 global test acc  96.9900
Round 127 global test acc  97.0900
Round 128 global test acc  96.9400
Round 129 global test acc  96.7800
Round 130 global test acc  96.3200
Round 131 global test acc  96.3700
Round 132 global test acc  93.0600
Round 133 global test acc  96.9200
Round 134 global test acc  97.4600
Round 135 global test acc  96.3200
Round 136 global test acc  97.2500
Round 137 global test acc  97.0700
Round 138 global test acc  96.8200
Round 139 global test acc  97.2400
Round 140 global test acc  94.7900
Round 141 global test acc  94.8100
Round 142 global test acc  96.5600
Round 143 global test acc  95.4300
Round 144 global test acc  96.4000
Round 145 global test acc  96.2000
Round 146 global test acc  96.7100
Round 147 global test acc  97.0700
Round 148 global test acc  96.9400
Round 149 global test acc  97.2900
Round 150 global test acc  95.8900
Round 151 global test acc  97.0000
Round 152 global test acc  97.1000
Round 153 global test acc  97.3400
Round 154 global test acc  97.2600
Round 155 global test acc  95.8000
Round 156 global test acc  96.0900
Round 157 global test acc  96.8100
Round 158 global test acc  94.5300
Round 159 global test acc  93.3700
Round 160 global test acc  95.1200
Round 161 global test acc  74.9900
Round 162 global test acc  95.3700
Round 163 global test acc  96.9100
Round 164 global test acc  95.9700
Round 165 global test acc  95.9500
Round 166 global test acc  97.2000
Round 167 global test acc  96.0100
Round 168 global test acc  95.3000
Round 169 global test acc  97.3200
Round 170 global test acc  96.8400
Round 171 global test acc  97.2500
Round 172 global test acc  96.7100
Round 173 global test acc  95.3200
Round 174 global test acc  96.4600
Round 175 global test acc  95.0600
Round 176 global test acc  97.2000
Round 177 global test acc  97.2400
Round 178 global test acc  95.8100
Round 179 global test acc  97.5000
Round 180 global test acc  96.4400
Round 181 global test acc  97.7600
Round 182 global test acc  97.2900
Round 183 global test acc  96.0500
Round 184 global test acc  96.8000
Round 185 global test acc  96.9900
Round 186 global test acc  97.5400
Round 187 global test acc  94.1800
Round 188 global test acc  96.8400
Round 189 global test acc  97.4100
Round 190 global test acc  97.0800
Round 191 global test acc  97.2600
Round 192 global test acc  97.6000
Round 193 global test acc  97.6400
Round 194 global test acc  97.3400
Round 195 global test acc  95.9300
Round 196 global test acc  97.1700
Round 197 global test acc  96.6000
Round 198 global test acc  97.8500
Round 199 global test acc  97.7100
time : 8272.281076669693
('algorithm', 'LocalCORES')
('gpu', 1)
('seed', 13)
('save_dir', './record/')
('rounds2', 200)
('local_ep', 5)
('frac2', 0.1)
('num_users', 100)
('local_bs', 32)
('lr', 0.1)
('model', 'lenet')
('num_classes', 10)
('level_n_system', 0.0)
('level_n_lowerb', 0.0)
('alpha_dirichlet', 10)
('non_iid_prob_class', 0.7)
('dataset', 'mnist')
('iid', False)
('LID_k', 20)
('iteration1', 5)
('rounds1', 200)
('frac1', 0.01)
('pretrained', False)
('mixup', False)
('alpha', 1)
('beta', 5)
('relabel_ratio', 0.5)
('confidence_thres', 0.5)
('clean_set_thres', 0.1)
('fine_tuning', True)
('correction', True)
('T_pl', 100)
('lambda_cen', 1.0)
('lambda_e', 0.8)
('num_gradual', 10)
('forget_rate', 0.2)
('lr_decay', 0.1)
('schedule', [])
('momentum', 0.5)
('weight_decay', 0.0001)
('feature_dim', 128)
('plr', 0.05)
('lamda', 15)
('K', 5)
('gamma', 1)
('begin_sel', 10)
('max_beta', 2)
('mu', 0.01)
('device', device(type='cuda', index=1))
Round 0 global test acc  54.6000
Round 1 global test acc  61.0800
Round 2 global test acc  88.0400
Round 3 global test acc  86.5400
Round 4 global test acc  88.2100
Round 5 global test acc  83.7300
Round 6 global test acc  89.6700
Round 7 global test acc  86.9000
Round 8 global test acc  93.1000
Round 9 global test acc  94.2500
Round 10 global test acc  92.8000
Round 11 global test acc  90.7200
Round 12 global test acc  93.7500
Round 13 global test acc  94.3300
Round 14 global test acc  91.0300
Round 15 global test acc  93.2200
Round 16 global test acc  95.0000
Round 17 global test acc  89.9600
Round 18 global test acc  92.4600
Round 19 global test acc  90.1700
Round 20 global test acc  94.9700
Round 21 global test acc  94.7600
Round 22 global test acc  91.7900
Round 23 global test acc  94.9000
Round 24 global test acc  95.5800
Round 25 global test acc  85.9500
Round 26 global test acc  95.1900
Round 27 global test acc  91.0200
Round 28 global test acc  94.9600
Round 29 global test acc  95.4700
Round 30 global test acc  94.4800
Round 31 global test acc  94.8100
Round 32 global test acc  91.2000
Round 33 global test acc  96.0100
Round 34 global test acc  95.6600
Round 35 global test acc  96.4400
Round 36 global test acc  95.9500
Round 37 global test acc  96.1500
Round 38 global test acc  95.2000
Round 39 global test acc  96.7500
Round 40 global test acc  95.8900
Round 41 global test acc  96.3300
Round 42 global test acc  93.5500
Round 43 global test acc  95.7500
Round 44 global test acc  95.8600
Round 45 global test acc  95.9000
Round 46 global test acc  96.0800
Round 47 global test acc  94.0500
Round 48 global test acc  96.3400
Round 49 global test acc  95.3700
Round 50 global test acc  94.9500
Round 51 global test acc  88.8400
Round 52 global test acc  96.2100
Round 53 global test acc  96.1900
Round 54 global test acc  91.5300
Round 55 global test acc  96.1500
Round 56 global test acc  96.0700
Round 57 global test acc  95.6900
Round 58 global test acc  96.7600
Round 59 global test acc  96.9600
Round 60 global test acc  96.8400
Round 61 global test acc  96.2300
Round 62 global test acc  90.3100
Round 63 global test acc  95.1100
Round 64 global test acc  90.0200
Round 65 global test acc  95.8000
Round 66 global test acc  95.6700
Round 67 global test acc  96.7600
Round 68 global test acc  96.0500
Round 69 global test acc  96.5700
Round 70 global test acc  96.2300
Round 71 global test acc  96.3800
Round 72 global test acc  95.7700
Round 73 global test acc  96.1100
Round 74 global test acc  96.7300
Round 75 global test acc  96.5400
Round 76 global test acc  95.8100
Round 77 global test acc  96.5200
Round 78 global test acc  92.0700
Round 79 global test acc  96.7800
Round 80 global test acc  96.4800
Round 81 global test acc  95.1800
Round 82 global test acc  95.8200
Round 83 global test acc  97.1300
Round 84 global test acc  95.9100
Round 85 global test acc  94.1000
Round 86 global test acc  96.0300
Round 87 global test acc  96.8600
Round 88 global test acc  95.5600
Round 89 global test acc  97.1400
Round 90 global test acc  91.2900
Round 91 global test acc  96.7400
Round 92 global test acc  94.0800
Round 93 global test acc  96.9400
Round 94 global test acc  95.8000
Round 95 global test acc  96.7600
Round 96 global test acc  96.6000
Round 97 global test acc  94.6100
Round 98 global test acc  95.3300
Round 99 global test acc  97.0300
Round 100 global test acc  96.7600
Round 101 global test acc  96.8400
Round 102 global test acc  97.0100
Round 103 global test acc  95.3300
Round 104 global test acc  96.1200
Round 105 global test acc  95.5800
Round 106 global test acc  96.9600
Round 107 global test acc  94.0900
Round 108 global test acc  96.1300
Round 109 global test acc  94.7000
Round 110 global test acc  96.5500
Round 111 global test acc  97.2800
Round 112 global test acc  96.5500
Round 113 global test acc  90.5700
Round 114 global test acc  96.7000
Round 115 global test acc  96.8400
Round 116 global test acc  97.2900
Round 117 global test acc  96.2000
Round 118 global test acc  97.0600
Round 119 global test acc  97.1900
Round 120 global test acc  97.1100
Round 121 global test acc  94.2100
Round 122 global test acc  96.5100
Round 123 global test acc  91.9400
Round 124 global test acc  93.5300
Round 125 global test acc  96.9000
Round 126 global test acc  97.1900
Round 127 global test acc  96.8000
Round 128 global test acc  97.0500
Round 129 global test acc  97.3400
Round 130 global test acc  95.2500
Round 131 global test acc  96.8400
Round 132 global test acc  93.1700
Round 133 global test acc  97.2600
Round 134 global test acc  96.7300
Round 135 global test acc  96.9100
Round 136 global test acc  97.6200
Round 137 global test acc  96.6800
Round 138 global test acc  96.9400
Round 139 global test acc  97.0800
Round 140 global test acc  95.8600
Round 141 global test acc  92.9000
Round 142 global test acc  96.9100
Round 143 global test acc  97.3300
Round 144 global test acc  96.6700
Round 145 global test acc  96.2900
Round 146 global test acc  96.2400
Round 147 global test acc  97.3800
Round 148 global test acc  97.4800
Round 149 global test acc  97.2200
Round 150 global test acc  96.1000
Round 151 global test acc  96.6500
Round 152 global test acc  97.2000
Round 153 global test acc  96.8100
Round 154 global test acc  97.5000
Round 155 global test acc  96.7800
Round 156 global test acc  96.8000
Round 157 global test acc  96.6100
Round 158 global test acc  94.5600
Round 159 global test acc  96.8900
Round 160 global test acc  96.7800
Round 161 global test acc  94.6900
Round 162 global test acc  96.8600
Round 163 global test acc  94.7600
Round 164 global test acc  96.0900
Round 165 global test acc  97.2200
Round 166 global test acc  97.3700
Round 167 global test acc  96.8400
Round 168 global test acc  95.1200
Round 169 global test acc  97.4900
Round 170 global test acc  96.0100
Round 171 global test acc  97.2700
Round 172 global test acc  97.4600
Round 173 global test acc  94.8300
Round 174 global test acc  96.9800
Round 175 global test acc  95.2000
Round 176 global test acc  96.6900
Round 177 global test acc  96.9600
Round 178 global test acc  95.1300
Round 179 global test acc  97.7200
Round 180 global test acc  88.5900
Round 181 global test acc  97.5300
Round 182 global test acc  97.3400
Round 183 global test acc  96.0300
Round 184 global test acc  97.2700
Round 185 global test acc  96.7600
Round 186 global test acc  97.2800
Round 187 global test acc  95.3500
Round 188 global test acc  97.1100
Round 189 global test acc  97.6600
Round 190 global test acc  97.5000
Round 191 global test acc  97.0000
Round 192 global test acc  97.6200
Round 193 global test acc  97.7400
Round 194 global test acc  96.8300
Round 195 global test acc  96.1100
Round 196 global test acc  97.3000
Round 197 global test acc  96.5000
Round 198 global test acc  97.6100
Round 199 global test acc  97.4500
time : 6602.439859390259
('algorithm', 'LocalCORES')
('gpu', 1)
('seed', 13)
('save_dir', './record/')
('rounds2', 200)
('local_ep', 5)
('frac2', 0.1)
('num_users', 100)
('local_bs', 32)
('lr', 0.1)
('model', 'lenet')
('num_classes', 10)
('level_n_system', 0.0)
('level_n_lowerb', 0.0)
('alpha_dirichlet', 10)
('non_iid_prob_class', 0.7)
('dataset', 'mnist')
('iid', False)
('LID_k', 20)
('iteration1', 5)
('rounds1', 200)
('frac1', 0.01)
('pretrained', False)
('mixup', False)
('alpha', 1)
('beta', 5)
('relabel_ratio', 0.5)
('confidence_thres', 0.5)
('clean_set_thres', 0.1)
('fine_tuning', True)
('correction', True)
('T_pl', 100)
('lambda_cen', 1.0)
('lambda_e', 0.8)
('num_gradual', 10)
('forget_rate', 0.2)
('lr_decay', 0.1)
('schedule', [])
('momentum', 0.5)
('weight_decay', 0.0001)
('feature_dim', 128)
('plr', 0.05)
('lamda', 15)
('K', 5)
('gamma', 1)
('begin_sel', 10)
('max_beta', 2)
('mu', 0.01)
('device', device(type='cuda', index=1))
Round 0 global test acc  54.6000
Round 1 global test acc  68.6900
Round 2 global test acc  84.3100
Round 3 global test acc  79.9200
Round 4 global test acc  88.2400
Round 5 global test acc  85.7400
Round 6 global test acc  88.8900
Round 7 global test acc  91.9000
Round 8 global test acc  92.5500
Round 9 global test acc  93.0400
Round 10 global test acc  93.4600
Round 11 global test acc  90.7700
Round 12 global test acc  89.7200
Round 13 global test acc  94.4300
Round 14 global test acc  91.5500
Round 15 global test acc  93.0400
Round 16 global test acc  94.7500
Round 17 global test acc  93.6500
Round 18 global test acc  92.9400
Round 19 global test acc  91.5900
Round 20 global test acc  94.1900
Round 21 global test acc  94.2200
Round 22 global test acc  92.4400
Round 23 global test acc  95.0300
Round 24 global test acc  95.1400
Round 25 global test acc  85.6900
Round 26 global test acc  95.4000
Round 27 global test acc  90.7200
Round 28 global test acc  94.5300
Round 29 global test acc  95.5200
Round 30 global test acc  94.0900
Round 31 global test acc  94.8300
Round 32 global test acc  91.1500
Round 33 global test acc  88.1000
Round 34 global test acc  92.4100
Round 35 global test acc  94.9600
Round 36 global test acc  96.0000
Round 37 global test acc  96.3000
Round 38 global test acc  95.2300
Round 39 global test acc  96.2400
Round 40 global test acc  95.7300
Round 41 global test acc  96.3800
Round 42 global test acc  95.5000
Round 43 global test acc  95.9200
Round 44 global test acc  95.9800
Round 45 global test acc  95.8400
Round 46 global test acc  95.7500
Round 47 global test acc  93.8600
Round 48 global test acc  96.2200
Round 49 global test acc  95.5300
Round 50 global test acc  96.0600
Round 51 global test acc  90.2700
Round 52 global test acc  96.1900
Round 53 global test acc  96.0200
Round 54 global test acc  90.5000
Round 55 global test acc  95.8100
Round 56 global test acc  95.9600
Round 57 global test acc  95.5300
Round 58 global test acc  96.6400
Round 59 global test acc  96.7200
Round 60 global test acc  96.6100
Round 61 global test acc  96.1200
Round 62 global test acc  92.7000
Round 63 global test acc  94.7900
Round 64 global test acc  90.9700
Round 65 global test acc  96.2100
Round 66 global test acc  96.1400
Round 67 global test acc  96.7600
Round 68 global test acc  95.6800
Round 69 global test acc  96.0500
Round 70 global test acc  96.1100
Round 71 global test acc  96.5100
Round 72 global test acc  96.2700
Round 73 global test acc  96.7800
Round 74 global test acc  96.6300
Round 75 global test acc  96.1100
Round 76 global test acc  95.8200
Round 77 global test acc  96.0700
Round 78 global test acc  94.1900
Round 79 global test acc  96.8300
Round 80 global test acc  95.4800
Round 81 global test acc  94.5500
Round 82 global test acc  96.0600
Round 83 global test acc  97.1500
Round 84 global test acc  95.8600
Round 85 global test acc  94.6900
Round 86 global test acc  96.4500
Round 87 global test acc  96.8700
Round 88 global test acc  95.2000
Round 89 global test acc  97.2400
Round 90 global test acc  95.3300
Round 91 global test acc  96.9400
Round 92 global test acc  93.1400
Round 93 global test acc  97.0500
Round 94 global test acc  95.5200
Round 95 global test acc  96.8200
Round 96 global test acc  96.4400
Round 97 global test acc  95.4400
Round 98 global test acc  93.8000
Round 99 global test acc  96.5000
Round 100 global test acc  97.0700
Round 101 global test acc  96.5600
Round 102 global test acc  96.9500
Round 103 global test acc  96.2600
Round 104 global test acc  96.0300
Round 105 global test acc  95.4200
Round 106 global test acc  96.9800
Round 107 global test acc  94.5700
Round 108 global test acc  96.3300
Round 109 global test acc  94.8100
Round 110 global test acc  96.3500
Round 111 global test acc  97.3700
Round 112 global test acc  96.4900
Round 113 global test acc  90.9700
Round 114 global test acc  96.7300
Round 115 global test acc  97.1500
Round 116 global test acc  97.2200
Round 117 global test acc  96.9300
Round 118 global test acc  97.2800
Round 119 global test acc  97.2600
Round 120 global test acc  96.9200
Round 121 global test acc  96.8600
Round 122 global test acc  94.4700
Round 123 global test acc  89.4400
Round 124 global test acc  95.1200
Round 125 global test acc  96.9800
Round 126 global test acc  97.0000
Round 127 global test acc  96.6100
Round 128 global test acc  97.0700
Round 129 global test acc  97.3400
Round 130 global test acc  96.2800
Round 131 global test acc  96.5800
Round 132 global test acc  92.5700
Round 133 global test acc  97.0400
Round 134 global test acc  97.3700
Round 135 global test acc  96.9400
Round 136 global test acc  97.7200
Round 137 global test acc  97.3700
Round 138 global test acc  97.1200
Round 139 global test acc  97.1500
Round 140 global test acc  95.9700
Round 141 global test acc  93.9300
Round 142 global test acc  97.3500
Round 143 global test acc  97.4800
Round 144 global test acc  96.5400
Round 145 global test acc  96.6600
Round 146 global test acc  96.5100
Round 147 global test acc  97.3300
Round 148 global test acc  97.0900
Round 149 global test acc  97.5000
Round 150 global test acc  96.2200
Round 151 global test acc  96.8400
Round 152 global test acc  97.1300
Round 153 global test acc  97.0100
Round 154 global test acc  97.6300
Round 155 global test acc  97.0400
Round 156 global test acc  96.4800
Round 157 global test acc  96.7800
Round 158 global test acc  93.9900
Round 159 global test acc  97.0500
Round 160 global test acc  96.7300
Round 161 global test acc  95.3300
Round 162 global test acc  97.0100
Round 163 global test acc  96.9900
Round 164 global test acc  96.5400
Round 165 global test acc  97.3100
Round 166 global test acc  97.4500
Round 167 global test acc  97.0700
Round 168 global test acc  95.2900
Round 169 global test acc  97.4300
Round 170 global test acc  96.3000
Round 171 global test acc  97.4700
Round 172 global test acc  97.4300
Round 173 global test acc  94.8000
Round 174 global test acc  96.4200
Round 175 global test acc  95.5900
Round 176 global test acc  96.9300
Round 177 global test acc  97.0600
Round 178 global test acc  95.2000
Round 179 global test acc  97.7700
Round 180 global test acc  93.2600
Round 181 global test acc  97.6700
Round 182 global test acc  97.3200
Round 183 global test acc  95.0700
Round 184 global test acc  96.5000
Round 185 global test acc  97.2700
Round 186 global test acc  97.4400
Round 187 global test acc  94.9900
Round 188 global test acc  97.2300
Round 189 global test acc  97.5800
Round 190 global test acc  97.2400
Round 191 global test acc  96.9400
Round 192 global test acc  97.7000
Round 193 global test acc  97.6600
Round 194 global test acc  97.2000
Round 195 global test acc  96.0100
Round 196 global test acc  97.2100
Round 197 global test acc  96.0300
Round 198 global test acc  97.4400
Round 199 global test acc  97.2700
time : 6621.7046275138855
('algorithm', 'LocalCORES')
('gpu', 1)
('seed', 13)
('save_dir', './record/')
('rounds2', 200)
('local_ep', 5)
('frac2', 0.1)
('num_users', 100)
('local_bs', 32)
('lr', 0.1)
('model', 'lenet')
('num_classes', 10)
('level_n_system', 0.0)
('level_n_lowerb', 0.0)
('alpha_dirichlet', 10)
('non_iid_prob_class', 0.7)
('dataset', 'mnist')
('iid', False)
('LID_k', 20)
('iteration1', 5)
('rounds1', 200)
('frac1', 0.01)
('pretrained', False)
('mixup', False)
('alpha', 1)
('beta', 5)
('relabel_ratio', 0.5)
('confidence_thres', 0.5)
('clean_set_thres', 0.1)
('fine_tuning', True)
('correction', True)
('T_pl', 100)
('lambda_cen', 1.0)
('lambda_e', 0.8)
('num_gradual', 10)
('forget_rate', 0.2)
('lr_decay', 0.1)
('schedule', [])
('momentum', 0.5)
('weight_decay', 0.0001)
('feature_dim', 128)
('plr', 0.05)
('lamda', 15)
('K', 5)
('gamma', 1)
('begin_sel', 10)
('max_beta', 2.0)
('mu', 0.01)
('device', device(type='cuda', index=1))
Round 0 global test acc  54.6800
Round 1 global test acc  61.1600
Round 2 global test acc  89.1600
Round 3 global test acc  85.6900
Round 4 global test acc  86.4400
Round 5 global test acc  83.6000
Round 6 global test acc  89.8300
Round 7 global test acc  91.6300
Round 8 global test acc  92.9600
Round 9 global test acc  93.9200
Round 10 global test acc  94.0800
Round 11 global test acc  91.2500
Round 12 global test acc  93.0100
Round 13 global test acc  94.0200
Round 14 global test acc  90.2800
Round 15 global test acc  92.5900
Round 16 global test acc  94.2700
Round 17 global test acc  93.1200
Round 18 global test acc  92.7200
Round 19 global test acc  91.0400
Round 20 global test acc  93.6500
Round 21 global test acc  94.3500
Round 22 global test acc  91.7600
Round 23 global test acc  94.4800
Round 24 global test acc  95.2300
Round 25 global test acc  85.0900
Round 26 global test acc  94.8600
Round 27 global test acc  81.4500
Round 28 global test acc  94.5000
Round 29 global test acc  95.6000
Round 30 global test acc  93.5300
Round 31 global test acc  94.8100
Round 32 global test acc  91.0900
Round 33 global test acc  95.6500
Round 34 global test acc  95.7300
Round 35 global test acc  96.3500
Round 36 global test acc  96.1600
Round 37 global test acc  96.3200
Round 38 global test acc  95.0000
Round 39 global test acc  96.5900
Round 40 global test acc  95.6900
Round 41 global test acc  95.9600
Round 42 global test acc  94.0700
Round 43 global test acc  95.5000
Round 44 global test acc  95.9200
Round 45 global test acc  96.1000
Round 46 global test acc  95.6300
Round 47 global test acc  92.9200
Round 48 global test acc  96.1700
Round 49 global test acc  95.1700
Round 50 global test acc  95.9400
Round 51 global test acc  89.0100
Round 52 global test acc  96.3100
Round 53 global test acc  95.8100
Round 54 global test acc  93.4200
Round 55 global test acc  96.2700
Round 56 global test acc  95.9200
Round 57 global test acc  95.6400
Round 58 global test acc  96.7500
Round 59 global test acc  96.7000
Round 60 global test acc  96.5800
Round 61 global test acc  95.8700
Round 62 global test acc  92.7000
Round 63 global test acc  94.7700
Round 64 global test acc  91.5200
Round 65 global test acc  95.9300
Round 66 global test acc  96.1100
Round 67 global test acc  96.4300
Round 68 global test acc  96.0800
Round 69 global test acc  96.4600
Round 70 global test acc  96.2800
Round 71 global test acc  96.5000
Round 72 global test acc  95.9300
Round 73 global test acc  96.7400
Round 74 global test acc  96.1000
Round 75 global test acc  96.0500
Round 76 global test acc  96.1300
Round 77 global test acc  96.1800
Round 78 global test acc  91.6900
Round 79 global test acc  96.7800
Round 80 global test acc  96.6100
Round 81 global test acc  94.9100
Round 82 global test acc  96.1500
Round 83 global test acc  97.0600
Round 84 global test acc  95.8500
Round 85 global test acc  94.2300
Round 86 global test acc  96.3200
Round 87 global test acc  96.7900
Round 88 global test acc  95.2600
Round 89 global test acc  97.1500
Round 90 global test acc  93.6500
Round 91 global test acc  96.7800
Round 92 global test acc  94.6500
Round 93 global test acc  97.0300
Round 94 global test acc  95.4300
Round 95 global test acc  96.4700
Round 96 global test acc  96.1800
Round 97 global test acc  95.4500
Round 98 global test acc  96.0300
Round 99 global test acc  97.2700
Round 100 global test acc  96.6600
Round 101 global test acc  96.1800
Round 102 global test acc  96.7100
Round 103 global test acc  96.0400
Round 104 global test acc  95.6600
Round 105 global test acc  95.4700
Round 106 global test acc  97.1500
Round 107 global test acc  95.1700
Round 108 global test acc  96.5900
Round 109 global test acc  96.2800
Round 110 global test acc  96.6000
Round 111 global test acc  97.3800
Round 112 global test acc  96.8300
Round 113 global test acc  90.6200
Round 114 global test acc  96.9700
Round 115 global test acc  96.6500
Round 116 global test acc  97.2900
Round 117 global test acc  96.3100
Round 118 global test acc  97.0200
Round 119 global test acc  97.3100
Round 120 global test acc  97.1000
Round 121 global test acc  96.8300
Round 122 global test acc  96.6900
Round 123 global test acc  92.5300
Round 124 global test acc  94.7500
Round 125 global test acc  96.9200
Round 126 global test acc  96.8800
Round 127 global test acc  96.2000
Round 128 global test acc  97.2000
Round 129 global test acc  97.4100
Round 130 global test acc  95.0600
Round 131 global test acc  97.0800
Round 132 global test acc  90.1700
Round 133 global test acc  96.8100
Round 134 global test acc  96.4500
Round 135 global test acc  96.8300
Round 136 global test acc  97.4300
Round 137 global test acc  95.2000
Round 138 global test acc  96.5600
Round 139 global test acc  96.5100
Round 140 global test acc  95.4300
Round 141 global test acc  92.3400
Round 142 global test acc  96.9300
Round 143 global test acc  97.3100
Round 144 global test acc  96.2000
Round 145 global test acc  96.5900
Round 146 global test acc  96.0300
Round 147 global test acc  97.1900
Round 148 global test acc  97.1500
Round 149 global test acc  97.0100
Round 150 global test acc  96.1700
Round 151 global test acc  96.7300
Round 152 global test acc  97.1000
Round 153 global test acc  96.3300
Round 154 global test acc  97.2400
Round 155 global test acc  96.2800
Round 156 global test acc  96.8700
Round 157 global test acc  96.6800
Round 158 global test acc  93.7700
Round 159 global test acc  96.8000
Round 160 global test acc  96.4900
Round 161 global test acc  94.6800
Round 162 global test acc  96.6200
Round 163 global test acc  95.9700
Round 164 global test acc  95.7600
Round 165 global test acc  97.0300
Round 166 global test acc  97.3100
Round 167 global test acc  96.7900
Round 168 global test acc  94.3100
Round 169 global test acc  97.0700
Round 170 global test acc  95.9200
Round 171 global test acc  96.8600
Round 172 global test acc  97.0500
Round 173 global test acc  94.5000
Round 174 global test acc  96.0700
Round 175 global test acc  95.1400
Round 176 global test acc  96.8000
Round 177 global test acc  97.0300
Round 178 global test acc  95.6900
Round 179 global test acc  97.6500
Round 180 global test acc  93.8700
Round 181 global test acc  97.4500
Round 182 global test acc  97.0900
Round 183 global test acc  94.9000
Round 184 global test acc  96.0400
Round 185 global test acc  96.5200
Round 186 global test acc  97.4500
Round 187 global test acc  94.4900
Round 188 global test acc  96.1600
Round 189 global test acc  97.5300
Round 190 global test acc  97.1500
Round 191 global test acc  96.6000
Round 192 global test acc  97.4800
Round 193 global test acc  97.5700
Round 194 global test acc  97.0500
Round 195 global test acc  96.0100
Round 196 global test acc  97.3400
Round 197 global test acc  96.3100
Round 198 global test acc  97.4000
Round 199 global test acc  97.5200
time : 6599.314285993576
