('algorithm', 'GlobalCORES')
('gpu', 1)
('seed', 13)
('save_dir', './record/')
('rounds2', 200)
('local_ep', 5)
('frac2', 0.1)
('num_users', 100)
('local_bs', 32)
('lr', 0.1)
('model', 'lenet')
('num_classes', 10)
('level_n_system', 0.0)
('level_n_lowerb', 0.0)
('alpha_dirichlet', 10)
('non_iid_prob_class', 0.7)
('dataset', 'mnist')
('iid', True)
('LID_k', 20)
('iteration1', 5)
('rounds1', 200)
('frac1', 0.01)
('pretrained', False)
('mixup', False)
('alpha', 1)
('beta', 5)
('relabel_ratio', 0.5)
('confidence_thres', 0.5)
('clean_set_thres', 0.1)
('fine_tuning', True)
('correction', True)
('T_pl', 100)
('lambda_cen', 1.0)
('lambda_e', 0.8)
('num_gradual', 10)
('forget_rate', 0.2)
('lr_decay', 0.1)
('schedule', [])
('momentum', 0.5)
('weight_decay', 0.0001)
('feature_dim', 128)
('plr', 0.05)
('lamda', 15)
('K', 5)
('gamma', 1)
('begin_sel', 10)
('max_beta', 2)
('mu', 0.01)
('device', device(type='cuda', index=1))
Traceback (most recent call last):
  File "main.py", line 56, in <module>
    run(args)
  File "main.py", line 44, in run
    eval(args.algorithm)(args)
  File "<string>", line 1, in <module>
NameError: name 'GlobalCORES' is not defined
('algorithm', 'GlobalCORES')
('gpu', 1)
('seed', 13)
('save_dir', './record/')
('rounds2', 200)
('local_ep', 5)
('frac2', 0.1)
('num_users', 100)
('local_bs', 32)
('lr', 0.1)
('model', 'lenet')
('num_classes', 10)
('level_n_system', 0.0)
('level_n_lowerb', 0.0)
('alpha_dirichlet', 10)
('non_iid_prob_class', 0.7)
('dataset', 'mnist')
('iid', True)
('LID_k', 20)
('iteration1', 5)
('rounds1', 200)
('frac1', 0.01)
('pretrained', False)
('mixup', False)
('alpha', 1)
('beta', 5)
('relabel_ratio', 0.5)
('confidence_thres', 0.5)
('clean_set_thres', 0.1)
('fine_tuning', True)
('correction', True)
('T_pl', 100)
('lambda_cen', 1.0)
('lambda_e', 0.8)
('num_gradual', 10)
('forget_rate', 0.2)
('lr_decay', 0.1)
('schedule', [])
('momentum', 0.5)
('weight_decay', 0.0001)
('feature_dim', 128)
('plr', 0.05)
('lamda', 15)
('K', 5)
('gamma', 1)
('begin_sel', 10)
('max_beta', 2)
('mu', 0.01)
('device', device(type='cuda', index=1))
Traceback (most recent call last):
  File "main.py", line 56, in <module>
    run(args)
  File "main.py", line 44, in run
    eval(args.algorithm)(args)
  File "<string>", line 1, in <module>
NameError: name 'GlobalCORES' is not defined
('algorithm', 'GlobalCORES')
('gpu', 1)
('seed', 13)
('save_dir', './record/')
('rounds2', 200)
('local_ep', 5)
('frac2', 0.1)
('num_users', 100)
('local_bs', 32)
('lr', 0.1)
('model', 'lenet')
('num_classes', 10)
('level_n_system', 0.0)
('level_n_lowerb', 0.0)
('alpha_dirichlet', 10)
('non_iid_prob_class', 0.7)
('dataset', 'mnist')
('iid', True)
('LID_k', 20)
('iteration1', 5)
('rounds1', 200)
('frac1', 0.01)
('pretrained', False)
('mixup', False)
('alpha', 1)
('beta', 5)
('relabel_ratio', 0.5)
('confidence_thres', 0.5)
('clean_set_thres', 0.1)
('fine_tuning', True)
('correction', True)
('T_pl', 100)
('lambda_cen', 1.0)
('lambda_e', 0.8)
('num_gradual', 10)
('forget_rate', 0.2)
('lr_decay', 0.1)
('schedule', [])
('momentum', 0.5)
('weight_decay', 0.0001)
('feature_dim', 128)
('plr', 0.05)
('lamda', 15)
('K', 5)
('gamma', 1)
('begin_sel', 10)
('max_beta', 2)
('mu', 0.01)
('device', device(type='cuda', index=1))
Traceback (most recent call last):
  File "main.py", line 56, in <module>
    run(args)
  File "main.py", line 44, in run
    eval(args.algorithm)(args)
  File "<string>", line 1, in <module>
NameError: name 'GlobalCORES' is not defined
('algorithm', 'GlobalCORES')
('gpu', 1)
('seed', 13)
('save_dir', './record/')
('rounds2', 200)
('local_ep', 5)
('frac2', 0.1)
('num_users', 100)
('local_bs', 32)
('lr', 0.1)
('model', 'lenet')
('num_classes', 10)
('level_n_system', 0.0)
('level_n_lowerb', 0.0)
('alpha_dirichlet', 10)
('non_iid_prob_class', 0.7)
('dataset', 'mnist')
('iid', True)
('LID_k', 20)
('iteration1', 5)
('rounds1', 200)
('frac1', 0.01)
('pretrained', False)
('mixup', False)
('alpha', 1)
('beta', 5)
('relabel_ratio', 0.5)
('confidence_thres', 0.5)
('clean_set_thres', 0.1)
('fine_tuning', True)
('correction', True)
('T_pl', 100)
('lambda_cen', 1.0)
('lambda_e', 0.8)
('num_gradual', 10)
('forget_rate', 0.2)
('lr_decay', 0.1)
('schedule', [])
('momentum', 0.5)
('weight_decay', 0.0001)
('feature_dim', 128)
('plr', 0.05)
('lamda', 15)
('K', 5)
('gamma', 1)
('begin_sel', 10)
('max_beta', 2)
('mu', 0.01)
('device', device(type='cuda', index=1))
Traceback (most recent call last):
  File "main.py", line 56, in <module>
    run(args)
  File "main.py", line 44, in run
    eval(args.algorithm)(args)
  File "<string>", line 1, in <module>
NameError: name 'GlobalCORES' is not defined
('algorithm', 'GlobalCORES')
('gpu', 1)
('seed', 13)
('save_dir', './record/')
('rounds2', 200)
('local_ep', 5)
('frac2', 0.1)
('num_users', 100)
('local_bs', 32)
('lr', 0.1)
('model', 'lenet')
('num_classes', 10)
('level_n_system', 0.0)
('level_n_lowerb', 0.0)
('alpha_dirichlet', 10)
('non_iid_prob_class', 0.7)
('dataset', 'mnist')
('iid', True)
('LID_k', 20)
('iteration1', 5)
('rounds1', 200)
('frac1', 0.01)
('pretrained', False)
('mixup', False)
('alpha', 1)
('beta', 5)
('relabel_ratio', 0.5)
('confidence_thres', 0.5)
('clean_set_thres', 0.1)
('fine_tuning', True)
('correction', True)
('T_pl', 100)
('lambda_cen', 1.0)
('lambda_e', 0.8)
('num_gradual', 10)
('forget_rate', 0.2)
('lr_decay', 0.1)
('schedule', [])
('momentum', 0.5)
('weight_decay', 0.0001)
('feature_dim', 128)
('plr', 0.05)
('lamda', 15)
('K', 5)
('gamma', 1)
('begin_sel', 10)
('max_beta', 2)
('mu', 0.01)
('device', device(type='cuda', index=1))
Traceback (most recent call last):
  File "main.py", line 56, in <module>
    run(args)
  File "main.py", line 44, in run
    eval(args.algorithm)(args)
  File "<string>", line 1, in <module>
NameError: name 'GlobalCORES' is not defined
('algorithm', 'GlobalCORES')
('gpu', 1)
('seed', 13)
('save_dir', './record/')
('rounds2', 200)
('local_ep', 5)
('frac2', 0.1)
('num_users', 100)
('local_bs', 32)
('lr', 0.1)
('model', 'lenet')
('num_classes', 10)
('level_n_system', 0.0)
('level_n_lowerb', 0.0)
('alpha_dirichlet', 10)
('non_iid_prob_class', 0.7)
('dataset', 'mnist')
('iid', True)
('LID_k', 20)
('iteration1', 5)
('rounds1', 200)
('frac1', 0.01)
('pretrained', False)
('mixup', False)
('alpha', 1)
('beta', 5)
('relabel_ratio', 0.5)
('confidence_thres', 0.5)
('clean_set_thres', 0.1)
('fine_tuning', True)
('correction', True)
('T_pl', 100)
('lambda_cen', 1.0)
('lambda_e', 0.8)
('num_gradual', 10)
('forget_rate', 0.2)
('lr_decay', 0.1)
('schedule', [])
('momentum', 0.5)
('weight_decay', 0.0001)
('feature_dim', 128)
('plr', 0.05)
('lamda', 15)
('K', 5)
('gamma', 1)
('begin_sel', 10)
('max_beta', 2)
('mu', 0.01)
('device', device(type='cuda', index=1))
Round 0 global test acc  66.0800
Round 1 global test acc  81.2400
Round 2 global test acc  77.2100
Round 3 global test acc  85.9000
Round 4 global test acc  86.3800
Round 5 global test acc  88.1500
Round 6 global test acc  90.0200
Round 7 global test acc  91.0900
Round 8 global test acc  92.0000
Round 9 global test acc  91.4600
Round 10 global test acc  93.1700
Round 11 global test acc  92.9000
Round 12 global test acc  93.1800
Round 13 global test acc  93.8400
Round 14 global test acc  93.3900
Round 15 global test acc  93.0100
Round 16 global test acc  93.9200
Round 17 global test acc  93.9000
Round 18 global test acc  94.7100
Round 19 global test acc  94.3600
Round 20 global test acc  93.8800
Round 21 global test acc  94.0600
Round 22 global test acc  94.9000
Round 23 global test acc  94.5500
Round 24 global test acc  95.0400
Round 25 global test acc  94.8100
Round 26 global test acc  95.3600
Round 27 global test acc  95.1200
Round 28 global test acc  95.2400
Round 29 global test acc  95.1700
Round 30 global test acc  95.2800
Round 31 global test acc  95.5100
Round 32 global test acc  96.1700
Round 33 global test acc  95.9100
Round 34 global test acc  96.2100
Round 35 global test acc  95.8700
Round 36 global test acc  96.3000
Round 37 global test acc  96.1100
Round 38 global test acc  96.2100
Round 39 global test acc  96.3300
Round 40 global test acc  96.3200
Round 41 global test acc  96.2100
Round 42 global test acc  96.1600
Round 43 global test acc  96.4400
Round 44 global test acc  96.4600
Round 45 global test acc  96.3700
Round 46 global test acc  96.5300
Round 47 global test acc  96.8000
Round 48 global test acc  96.8300
Round 49 global test acc  96.8300
Round 50 global test acc  96.4400
Round 51 global test acc  96.8000
Round 52 global test acc  96.9300
Round 53 global test acc  96.9100
Round 54 global test acc  96.7300
Round 55 global test acc  96.9800
Round 56 global test acc  97.1200
Round 57 global test acc  97.0300
Round 58 global test acc  97.0400
Round 59 global test acc  96.9800
Round 60 global test acc  96.8400
Round 61 global test acc  96.9600
Round 62 global test acc  96.9200
Round 63 global test acc  97.0400
Round 64 global test acc  97.0700
Round 65 global test acc  97.0000
Round 66 global test acc  97.1300
Round 67 global test acc  97.0900
Round 68 global test acc  96.9600
Round 69 global test acc  97.1500
Round 70 global test acc  97.1200
Round 71 global test acc  97.2900
Round 72 global test acc  97.2200
Round 73 global test acc  97.0300
Round 74 global test acc  97.3500
Round 75 global test acc  97.3800
Round 76 global test acc  97.3200
Round 77 global test acc  97.1900
Round 78 global test acc  97.2600
Round 79 global test acc  97.5100
Round 80 global test acc  97.6400
Round 81 global test acc  97.4100
Round 82 global test acc  97.4800
Round 83 global test acc  97.5700
Round 84 global test acc  97.4100
Round 85 global test acc  97.3900
Round 86 global test acc  97.3700
Round 87 global test acc  97.6800
Round 88 global test acc  97.6700
Round 89 global test acc  97.3000
Round 90 global test acc  97.6100
Round 91 global test acc  97.5900
Round 92 global test acc  97.5600
Round 93 global test acc  97.6400
Round 94 global test acc  97.6200
Round 95 global test acc  97.6700
Round 96 global test acc  97.6000
Round 97 global test acc  97.5800
Round 98 global test acc  97.6500
Round 99 global test acc  97.6200
Round 100 global test acc  97.6500
Round 101 global test acc  97.6600
Round 102 global test acc  97.6100
Round 103 global test acc  97.6300
Round 104 global test acc  97.5600
Round 105 global test acc  97.6000
Round 106 global test acc  97.6000
Round 107 global test acc  97.5200
Round 108 global test acc  97.6500
Round 109 global test acc  97.6400
Round 110 global test acc  97.6900
Round 111 global test acc  97.7000
Round 112 global test acc  97.7200
Round 113 global test acc  97.7500
Round 114 global test acc  97.6300
Round 115 global test acc  97.7900
Round 116 global test acc  97.5100
Round 117 global test acc  97.8000
Round 118 global test acc  97.7000
Round 119 global test acc  97.8300
Round 120 global test acc  97.8100
Round 121 global test acc  97.6800
Round 122 global test acc  97.7200
Round 123 global test acc  97.9100
Round 124 global test acc  97.8600
Round 125 global test acc  97.7800
Round 126 global test acc  97.7800
Round 127 global test acc  97.7400
Round 128 global test acc  97.7900
Round 129 global test acc  97.8000
Round 130 global test acc  97.9100
Round 131 global test acc  97.8800
Round 132 global test acc  97.8500
Round 133 global test acc  97.8400
Round 134 global test acc  97.7300
Round 135 global test acc  97.9600
Round 136 global test acc  97.8700
Round 137 global test acc  97.8600
Round 138 global test acc  97.7700
Round 139 global test acc  97.7400
Round 140 global test acc  97.8500
Round 141 global test acc  97.9000
Round 142 global test acc  97.8000
Round 143 global test acc  97.8100
Round 144 global test acc  97.7900
Round 145 global test acc  97.9200
Round 146 global test acc  97.9800
Round 147 global test acc  97.9300
Round 148 global test acc  97.8900
Round 149 global test acc  97.9700
Round 150 global test acc  98.0400
Round 151 global test acc  97.9600
Round 152 global test acc  97.9300
Round 153 global test acc  97.7600
Round 154 global test acc  98.0500
Round 155 global test acc  97.9000
Round 156 global test acc  97.8400
Round 157 global test acc  97.8200
Round 158 global test acc  97.9100
Round 159 global test acc  97.9200
Round 160 global test acc  97.8600
Round 161 global test acc  98.0100
Round 162 global test acc  98.1300
Round 163 global test acc  98.0100
Round 164 global test acc  97.8000
Round 165 global test acc  97.9300
Round 166 global test acc  98.0700
Round 167 global test acc  97.7600
Round 168 global test acc  97.9700
Round 169 global test acc  97.9400
Round 170 global test acc  98.0200
Round 171 global test acc  97.9600
Round 172 global test acc  98.0200
Round 173 global test acc  97.9500
Round 174 global test acc  97.9900
Round 175 global test acc  98.0600
Round 176 global test acc  97.9900
Round 177 global test acc  97.9400
Round 178 global test acc  97.9400
Round 179 global test acc  98.1000
Round 180 global test acc  98.1900
Round 181 global test acc  97.9400
Round 182 global test acc  98.1000
Round 183 global test acc  97.9700
Round 184 global test acc  97.9200
Round 185 global test acc  98.1000
Round 186 global test acc  98.0800
Round 187 global test acc  97.9400
Round 188 global test acc  97.9700
Round 189 global test acc  98.1500
Round 190 global test acc  97.9700
Round 191 global test acc  98.0600
Round 192 global test acc  97.9400
Round 193 global test acc  98.0300
Round 194 global test acc  98.0700
Round 195 global test acc  98.2000
Round 196 global test acc  98.0700
Round 197 global test acc  97.9500
Round 198 global test acc  98.0900
Round 199 global test acc  98.0800
time : 8799.71817946434
('algorithm', 'GlobalCORES')
('gpu', 1)
('seed', 13)
('save_dir', './record/')
('rounds2', 200)
('local_ep', 5)
('frac2', 0.1)
('num_users', 100)
('local_bs', 32)
('lr', 0.1)
('model', 'lenet')
('num_classes', 10)
('level_n_system', 0.0)
('level_n_lowerb', 0.0)
('alpha_dirichlet', 10)
('non_iid_prob_class', 0.7)
('dataset', 'mnist')
('iid', True)
('LID_k', 20)
('iteration1', 5)
('rounds1', 200)
('frac1', 0.01)
('pretrained', False)
('mixup', False)
('alpha', 1)
('beta', 5)
('relabel_ratio', 0.5)
('confidence_thres', 0.5)
('clean_set_thres', 0.1)
('fine_tuning', True)
('correction', True)
('T_pl', 100)
('lambda_cen', 1.0)
('lambda_e', 0.8)
('num_gradual', 10)
('forget_rate', 0.2)
('lr_decay', 0.1)
('schedule', [])
('momentum', 0.5)
('weight_decay', 0.0001)
('feature_dim', 128)
('plr', 0.05)
('lamda', 15)
('K', 5)
('gamma', 1)
('begin_sel', 10)
('max_beta', 2)
('mu', 0.01)
('device', device(type='cuda', index=1))
Round 0 global test acc  66.1700
Round 1 global test acc  80.7100
Round 2 global test acc  76.8500
Round 3 global test acc  85.7200
Round 4 global test acc  85.7800
Round 5 global test acc  89.1300
Round 6 global test acc  90.1800
Round 7 global test acc  90.9000
Round 8 global test acc  91.6900
Round 9 global test acc  90.7900
Round 10 global test acc  93.0800
Round 11 global test acc  92.8600
Round 12 global test acc  93.2300
Round 13 global test acc  93.5600
Round 14 global test acc  93.6300
Round 15 global test acc  93.2400
Round 16 global test acc  94.0900
Round 17 global test acc  94.2200
Round 18 global test acc  94.4300
Round 19 global test acc  94.8200
Round 20 global test acc  94.3200
Round 21 global test acc  93.9600
Round 22 global test acc  94.6600
Round 23 global test acc  95.2900
Round 24 global test acc  94.9600
Round 25 global test acc  94.9600
Round 26 global test acc  95.1200
Round 27 global test acc  94.8500
Round 28 global test acc  94.7100
Round 29 global test acc  95.1100
Round 30 global test acc  95.3000
Round 31 global test acc  95.6900
Round 32 global test acc  95.9500
Round 33 global test acc  95.9300
Round 34 global test acc  95.6300
Round 35 global test acc  95.9900
Round 36 global test acc  96.0500
Round 37 global test acc  96.2100
Round 38 global test acc  96.1400
Round 39 global test acc  96.1900
Round 40 global test acc  96.0200
Round 41 global test acc  96.2300
Round 42 global test acc  96.4600
Round 43 global test acc  96.3200
Round 44 global test acc  96.4600
Round 45 global test acc  96.3600
Round 46 global test acc  96.5300
Round 47 global test acc  96.5100
Round 48 global test acc  96.5500
Round 49 global test acc  96.4100
Round 50 global test acc  96.6400
Round 51 global test acc  96.4200
Round 52 global test acc  96.7100
Round 53 global test acc  96.6900
Round 54 global test acc  96.6600
Round 55 global test acc  96.6900
Round 56 global test acc  97.1700
Round 57 global test acc  96.9800
Round 58 global test acc  97.0500
Round 59 global test acc  96.7900
Round 60 global test acc  96.8800
Round 61 global test acc  96.8600
Round 62 global test acc  96.9300
Round 63 global test acc  96.8700
Round 64 global test acc  97.2400
Round 65 global test acc  97.0700
Round 66 global test acc  97.1500
Round 67 global test acc  97.0000
Round 68 global test acc  97.1500
Round 69 global test acc  96.3700
Round 70 global test acc  96.9400
Round 71 global test acc  97.0700
Round 72 global test acc  97.3700
Round 73 global test acc  97.0400
Round 74 global test acc  97.3000
Round 75 global test acc  97.0900
Round 76 global test acc  97.3200
Round 77 global test acc  97.2800
Round 78 global test acc  97.3100
Round 79 global test acc  97.3000
Round 80 global test acc  97.4100
Round 81 global test acc  97.3900
Round 82 global test acc  97.4700
Round 83 global test acc  97.2200
Round 84 global test acc  97.2200
Round 85 global test acc  97.3600
Round 86 global test acc  97.3000
Round 87 global test acc  97.4400
Round 88 global test acc  97.4200
Round 89 global test acc  97.2900
Round 90 global test acc  97.4100
Round 91 global test acc  97.4000
Round 92 global test acc  97.4100
Round 93 global test acc  97.5300
Round 94 global test acc  97.4100
Round 95 global test acc  97.5100
Round 96 global test acc  97.4600
Round 97 global test acc  97.5500
Round 98 global test acc  97.4400
Round 99 global test acc  97.4000
Round 100 global test acc  97.3100
Round 101 global test acc  97.5300
Round 102 global test acc  97.5000
Round 103 global test acc  97.7000
Round 104 global test acc  97.6400
Round 105 global test acc  97.6300
Round 106 global test acc  97.7000
Round 107 global test acc  97.6600
Round 108 global test acc  97.4600
Round 109 global test acc  97.5900
Round 110 global test acc  97.6500
Round 111 global test acc  97.6200
Round 112 global test acc  97.8000
Round 113 global test acc  97.7500
Round 114 global test acc  97.7200
Round 115 global test acc  97.6800
Round 116 global test acc  97.6200
Round 117 global test acc  97.8100
Round 118 global test acc  97.6000
Round 119 global test acc  97.7700
Round 120 global test acc  97.7300
Round 121 global test acc  97.6600
Round 122 global test acc  97.6900
Round 123 global test acc  97.7600
Round 124 global test acc  97.7700
Round 125 global test acc  97.5500
Round 126 global test acc  97.5900
Round 127 global test acc  97.7700
Round 128 global test acc  97.6000
Round 129 global test acc  97.6600
Round 130 global test acc  97.7200
Round 131 global test acc  97.8100
Round 132 global test acc  97.9500
Round 133 global test acc  97.7800
Round 134 global test acc  97.7700
Round 135 global test acc  97.9400
Round 136 global test acc  97.8100
Round 137 global test acc  97.9600
Round 138 global test acc  97.6900
Round 139 global test acc  97.7800
Round 140 global test acc  97.8000
Round 141 global test acc  97.8200
Round 142 global test acc  97.8500
Round 143 global test acc  97.6400
Round 144 global test acc  97.8000
Round 145 global test acc  97.8300
Round 146 global test acc  97.8000
Round 147 global test acc  97.8800
Round 148 global test acc  98.1100
Round 149 global test acc  97.8300
Round 150 global test acc  97.8600
Round 151 global test acc  97.8000
Round 152 global test acc  97.6600
Round 153 global test acc  97.9200
Round 154 global test acc  98.0800
Round 155 global test acc  97.7400
Round 156 global test acc  97.9500
Round 157 global test acc  97.7500
Round 158 global test acc  97.8700
Round 159 global test acc  97.8600
Round 160 global test acc  97.8300
Round 161 global test acc  97.7500
Round 162 global test acc  97.7800
Round 163 global test acc  97.7900
Round 164 global test acc  97.8100
Round 165 global test acc  97.7300
Round 166 global test acc  97.8700
Round 167 global test acc  97.6600
Round 168 global test acc  97.8000
Round 169 global test acc  97.9400
Round 170 global test acc  97.8300
Round 171 global test acc  97.9000
Round 172 global test acc  97.8400
Round 173 global test acc  97.9000
Round 174 global test acc  97.9400
Round 175 global test acc  98.0300
Round 176 global test acc  97.8900
Round 177 global test acc  97.9600
Round 178 global test acc  97.7700
Round 179 global test acc  98.1600
Round 180 global test acc  98.0100
Round 181 global test acc  97.8300
Round 182 global test acc  97.9600
Round 183 global test acc  97.8700
Round 184 global test acc  97.7500
Round 185 global test acc  97.9900
Round 186 global test acc  97.9800
Round 187 global test acc  98.0000
Round 188 global test acc  97.9500
Round 189 global test acc  97.9400
Round 190 global test acc  97.9100
Round 191 global test acc  97.8800
Round 192 global test acc  98.0700
Round 193 global test acc  98.1800
Round 194 global test acc  98.0000
Round 195 global test acc  98.0600
Round 196 global test acc  97.9800
Round 197 global test acc  98.0200
Round 198 global test acc  97.8900
Round 199 global test acc  97.9600
time : 9025.076418161392
('algorithm', 'GlobalCORES')
('gpu', 1)
('seed', 13)
('save_dir', './record/')
('rounds2', 200)
('local_ep', 5)
('frac2', 0.1)
('num_users', 100)
('local_bs', 32)
('lr', 0.1)
('model', 'lenet')
('num_classes', 10)
('level_n_system', 0.0)
('level_n_lowerb', 0.0)
('alpha_dirichlet', 10)
('non_iid_prob_class', 0.7)
('dataset', 'mnist')
('iid', True)
('LID_k', 20)
('iteration1', 5)
('rounds1', 200)
('frac1', 0.01)
('pretrained', False)
('mixup', False)
('alpha', 1)
('beta', 5)
('relabel_ratio', 0.5)
('confidence_thres', 0.5)
('clean_set_thres', 0.1)
('fine_tuning', True)
('correction', True)
('T_pl', 100)
('lambda_cen', 1.0)
('lambda_e', 0.8)
('num_gradual', 10)
('forget_rate', 0.2)
('lr_decay', 0.1)
('schedule', [])
('momentum', 0.5)
('weight_decay', 0.0001)
('feature_dim', 128)
('plr', 0.05)
('lamda', 15)
('K', 5)
('gamma', 1)
('begin_sel', 10)
('max_beta', 2)
('mu', 0.01)
('device', device(type='cuda', index=1))
Round 0 global test acc  65.9800
Round 1 global test acc  81.2900
Round 2 global test acc  82.3900
Round 3 global test acc  85.9200
Round 4 global test acc  86.7500
Round 5 global test acc  88.2700
Round 6 global test acc  90.1200
Round 7 global test acc  91.2900
Round 8 global test acc  92.1000
Round 9 global test acc  91.9800
Round 10 global test acc  93.2300
Round 11 global test acc  92.7900
Round 12 global test acc  93.2400
Round 13 global test acc  93.8700
Round 14 global test acc  93.8800
Round 15 global test acc  93.8300
Round 16 global test acc  94.0400
Round 17 global test acc  94.3900
Round 18 global test acc  94.3500
Round 19 global test acc  94.3900
Round 20 global test acc  94.3700
Round 21 global test acc  94.2500
Round 22 global test acc  94.8300
Round 23 global test acc  95.2300
Round 24 global test acc  95.3000
Round 25 global test acc  95.0900
Round 26 global test acc  95.2700
Round 27 global test acc  95.5600
Round 28 global test acc  95.6900
Round 29 global test acc  95.4600
Round 30 global test acc  95.4700
Round 31 global test acc  95.7500
Round 32 global test acc  96.0400
Round 33 global test acc  96.0700
Round 34 global test acc  95.9700
Round 35 global test acc  96.1900
Round 36 global test acc  96.2000
Round 37 global test acc  96.4500
Round 38 global test acc  95.9800
Round 39 global test acc  96.5200
Round 40 global test acc  96.2100
Round 41 global test acc  96.0800
Round 42 global test acc  96.4800
Round 43 global test acc  96.5400
Round 44 global test acc  96.6000
Round 45 global test acc  96.4500
Round 46 global test acc  96.4700
Round 47 global test acc  96.5600
Round 48 global test acc  96.8100
Round 49 global test acc  96.6000
Round 50 global test acc  96.4500
Round 51 global test acc  96.6800
Round 52 global test acc  96.7200
Round 53 global test acc  96.7700
Round 54 global test acc  96.8000
Round 55 global test acc  97.0900
Round 56 global test acc  97.2300
Round 57 global test acc  96.8000
Round 58 global test acc  96.9200
Round 59 global test acc  96.7600
Round 60 global test acc  96.9300
Round 61 global test acc  96.9000
Round 62 global test acc  96.7800
Round 63 global test acc  96.8700
Round 64 global test acc  97.1100
Round 65 global test acc  97.0300
Round 66 global test acc  97.1400
Round 67 global test acc  97.1500
Round 68 global test acc  97.1500
Round 69 global test acc  97.0500
Round 70 global test acc  97.2500
Round 71 global test acc  97.2700
Round 72 global test acc  97.3000
Round 73 global test acc  97.2800
Round 74 global test acc  97.4500
Round 75 global test acc  97.2900
Round 76 global test acc  97.3800
Round 77 global test acc  97.3100
Round 78 global test acc  97.3400
Round 79 global test acc  97.3300
Round 80 global test acc  97.4200
Round 81 global test acc  97.4700
Round 82 global test acc  97.3900
Round 83 global test acc  97.3200
Round 84 global test acc  97.3700
Round 85 global test acc  97.3900
Round 86 global test acc  97.3300
Round 87 global test acc  97.4800
Round 88 global test acc  97.5300
Round 89 global test acc  97.5800
Round 90 global test acc  97.5500
Round 91 global test acc  97.3800
Round 92 global test acc  97.4500
Round 93 global test acc  97.4700
Round 94 global test acc  97.6800
Round 95 global test acc  97.6400
Round 96 global test acc  97.6800
Round 97 global test acc  97.5200
Round 98 global test acc  97.3700
Round 99 global test acc  97.7200
Round 100 global test acc  97.6300
Round 101 global test acc  97.7300
Round 102 global test acc  97.6700
Round 103 global test acc  97.6400
Round 104 global test acc  97.8500
Round 105 global test acc  97.7500
Round 106 global test acc  97.7900
Round 107 global test acc  97.7100
Round 108 global test acc  97.7200
Round 109 global test acc  97.8100
Round 110 global test acc  97.6700
Round 111 global test acc  97.7600
Round 112 global test acc  97.7700
Round 113 global test acc  97.9200
Round 114 global test acc  97.8800
Round 115 global test acc  97.8900
Round 116 global test acc  97.8800
Round 117 global test acc  97.8300
Round 118 global test acc  97.7100
Round 119 global test acc  97.7800
Round 120 global test acc  97.8100
Round 121 global test acc  97.8000
Round 122 global test acc  97.8400
Round 123 global test acc  97.6600
Round 124 global test acc  97.8600
Round 125 global test acc  97.8100
Round 126 global test acc  97.7100
Round 127 global test acc  97.9600
Round 128 global test acc  97.8300
Round 129 global test acc  97.8100
Round 130 global test acc  97.8700
Round 131 global test acc  97.4900
Round 132 global test acc  97.8400
Round 133 global test acc  97.9200
Round 134 global test acc  97.8300
Round 135 global test acc  97.8400
Round 136 global test acc  97.8900
Round 137 global test acc  97.9400
Round 138 global test acc  97.7300
Round 139 global test acc  97.8700
Round 140 global test acc  97.9100
Round 141 global test acc  97.7700
Round 142 global test acc  98.0600
Round 143 global test acc  97.6800
Round 144 global test acc  97.8700
Round 145 global test acc  97.8900
Round 146 global test acc  97.9600
Round 147 global test acc  97.9300
Round 148 global test acc  98.1600
Round 149 global test acc  98.0900
Round 150 global test acc  98.0500
Round 151 global test acc  97.9800
Round 152 global test acc  97.9700
Round 153 global test acc  97.9300
Round 154 global test acc  98.2700
Round 155 global test acc  98.0500
Round 156 global test acc  98.0100
Round 157 global test acc  98.0100
Round 158 global test acc  97.6200
Round 159 global test acc  97.9400
Round 160 global test acc  98.1700
Round 161 global test acc  97.9800
Round 162 global test acc  98.1200
Round 163 global test acc  97.9900
Round 164 global test acc  98.0300
Round 165 global test acc  97.9700
Round 166 global test acc  98.1300
Round 167 global test acc  97.7700
Round 168 global test acc  97.9700
Round 169 global test acc  97.7800
Round 170 global test acc  97.8000
Round 171 global test acc  97.7900
Round 172 global test acc  98.0100
Round 173 global test acc  98.0700
Round 174 global test acc  97.8800
Round 175 global test acc  98.1300
Round 176 global test acc  98.0900
Round 177 global test acc  97.9900
Round 178 global test acc  97.9700
Round 179 global test acc  97.9400
Round 180 global test acc  98.0700
Round 181 global test acc  98.0500
Round 182 global test acc  98.0200
Round 183 global test acc  97.8400
Round 184 global test acc  97.9900
Round 185 global test acc  98.0200
Round 186 global test acc  97.9100
Round 187 global test acc  97.9600
Round 188 global test acc  98.1500
Round 189 global test acc  98.1400
Round 190 global test acc  98.0100
Round 191 global test acc  98.1100
Round 192 global test acc  98.0400
Round 193 global test acc  98.0600
Round 194 global test acc  98.1200
Round 195 global test acc  98.0900
Round 196 global test acc  97.9800
Round 197 global test acc  98.0600
Round 198 global test acc  98.0900
Round 199 global test acc  98.0400
time : 8938.913947582245
('algorithm', 'GlobalCORES')
('gpu', 1)
('seed', 13)
('save_dir', './record/')
('rounds2', 200)
('local_ep', 5)
('frac2', 0.1)
('num_users', 100)
('local_bs', 32)
('lr', 0.1)
('model', 'lenet')
('num_classes', 10)
('level_n_system', 0.0)
('level_n_lowerb', 0.0)
('alpha_dirichlet', 10)
('non_iid_prob_class', 0.7)
('dataset', 'mnist')
('iid', True)
('LID_k', 20)
('iteration1', 5)
('rounds1', 200)
('frac1', 0.01)
('pretrained', False)
('mixup', False)
('alpha', 1)
('beta', 5)
('relabel_ratio', 0.5)
('confidence_thres', 0.5)
('clean_set_thres', 0.1)
('fine_tuning', True)
('correction', True)
('T_pl', 100)
('lambda_cen', 1.0)
('lambda_e', 0.8)
('num_gradual', 10)
('forget_rate', 0.2)
('lr_decay', 0.1)
('schedule', [])
('momentum', 0.5)
('weight_decay', 0.0001)
('feature_dim', 128)
('plr', 0.05)
('lamda', 15)
('K', 5)
('gamma', 1)
('begin_sel', 10)
('max_beta', 2)
('mu', 0.01)
('device', device(type='cuda', index=1))
Round 0 global test acc  66.2500
Round 1 global test acc  81.0700
Round 2 global test acc  78.6900
Round 3 global test acc  85.8700
Round 4 global test acc  86.2400
Round 5 global test acc  88.7500
Round 6 global test acc  89.6400
Round 7 global test acc  90.9000
Round 8 global test acc  92.0000
Round 9 global test acc  91.1100
Round 10 global test acc  93.1500
Round 11 global test acc  92.8500
Round 12 global test acc  93.2800
Round 13 global test acc  93.5600
Round 14 global test acc  93.9100
Round 15 global test acc  93.1400
Round 16 global test acc  94.0200
Round 17 global test acc  94.2400
Round 18 global test acc  94.2700
Round 19 global test acc  94.7800
Round 20 global test acc  94.0600
Round 21 global test acc  93.5200
Round 22 global test acc  94.9700
Round 23 global test acc  94.9900
Round 24 global test acc  95.2300
Round 25 global test acc  94.7800
Round 26 global test acc  95.4800
Round 27 global test acc  95.7500
Round 28 global test acc  95.4700
Round 29 global test acc  95.4900
Round 30 global test acc  95.5900
Round 31 global test acc  95.8400
Round 32 global test acc  96.1300
Round 33 global test acc  96.0700
Round 34 global test acc  96.0700
Round 35 global test acc  95.7800
Round 36 global test acc  96.3000
Round 37 global test acc  96.1000
Round 38 global test acc  95.9100
Round 39 global test acc  96.1100
Round 40 global test acc  96.0700
Round 41 global test acc  96.1900
Round 42 global test acc  96.5200
Round 43 global test acc  96.4900
Round 44 global test acc  96.3500
Round 45 global test acc  96.4300
Round 46 global test acc  96.2800
Round 47 global test acc  96.4500
Round 48 global test acc  96.8700
Round 49 global test acc  96.5600
Round 50 global test acc  96.5700
Round 51 global test acc  96.2400
Round 52 global test acc  96.6500
Round 53 global test acc  96.7300
Round 54 global test acc  96.7500
Round 55 global test acc  96.9500
Round 56 global test acc  97.0200
Round 57 global test acc  96.8200
Round 58 global test acc  97.0000
Round 59 global test acc  96.7400
Round 60 global test acc  96.8800
Round 61 global test acc  96.8300
Round 62 global test acc  96.8600
Round 63 global test acc  96.9500
Round 64 global test acc  97.2400
Round 65 global test acc  96.9100
Round 66 global test acc  97.0900
Round 67 global test acc  97.0400
Round 68 global test acc  97.1000
Round 69 global test acc  97.2400
Round 70 global test acc  97.2600
Round 71 global test acc  97.1100
Round 72 global test acc  97.3000
Round 73 global test acc  97.1300
Round 74 global test acc  97.4400
Round 75 global test acc  97.2600
Round 76 global test acc  97.4900
Round 77 global test acc  97.4800
Round 78 global test acc  97.2500
Round 79 global test acc  97.4300
Round 80 global test acc  97.3900
Round 81 global test acc  97.4300
Round 82 global test acc  97.2500
Round 83 global test acc  97.3200
Round 84 global test acc  97.1600
Round 85 global test acc  97.4000
Round 86 global test acc  97.4300
Round 87 global test acc  97.4100
Round 88 global test acc  97.6000
Round 89 global test acc  97.5400
Round 90 global test acc  97.6400
Round 91 global test acc  97.5300
Round 92 global test acc  97.6500
Round 93 global test acc  97.6700
Round 94 global test acc  97.6000
Round 95 global test acc  97.6100
Round 96 global test acc  97.4500
Round 97 global test acc  97.4100
Round 98 global test acc  97.5600
Round 99 global test acc  97.6600
Round 100 global test acc  97.6600
Round 101 global test acc  97.5900
Round 102 global test acc  97.5500
Round 103 global test acc  97.6400
Round 104 global test acc  97.8500
Round 105 global test acc  97.7400
Round 106 global test acc  97.7100
Round 107 global test acc  97.7200
Round 108 global test acc  97.7400
Round 109 global test acc  97.8400
Round 110 global test acc  97.8200
Round 111 global test acc  97.7200
Round 112 global test acc  97.7500
Round 113 global test acc  97.8600
Round 114 global test acc  97.8800
Round 115 global test acc  97.7600
Round 116 global test acc  97.7000
Round 117 global test acc  97.8000
Round 118 global test acc  97.7800
Round 119 global test acc  97.7600
Round 120 global test acc  97.8700
Round 121 global test acc  97.7400
Round 122 global test acc  97.8100
Round 123 global test acc  97.8300
Round 124 global test acc  97.8500
Round 125 global test acc  97.8000
Round 126 global test acc  97.7900
Round 127 global test acc  97.7800
Round 128 global test acc  97.7100
Round 129 global test acc  97.8300
Round 130 global test acc  97.9100
Round 131 global test acc  97.7200
Round 132 global test acc  97.7500
Round 133 global test acc  97.6900
Round 134 global test acc  97.8000
Round 135 global test acc  97.8500
Round 136 global test acc  97.8500
Round 137 global test acc  97.6600
Round 138 global test acc  97.8600
Round 139 global test acc  97.6900
Round 140 global test acc  97.7700
Round 141 global test acc  97.8300
Round 142 global test acc  97.8700
Round 143 global test acc  97.7100
Round 144 global test acc  97.8900
Round 145 global test acc  97.9700
Round 146 global test acc  97.9100
Round 147 global test acc  97.8800
Round 148 global test acc  98.1100
Round 149 global test acc  97.9400
Round 150 global test acc  98.0100
Round 151 global test acc  97.8900
Round 152 global test acc  97.6600
Round 153 global test acc  98.0100
Round 154 global test acc  97.9500
Round 155 global test acc  98.0100
Round 156 global test acc  98.0000
Round 157 global test acc  97.9700
Round 158 global test acc  97.9500
Round 159 global test acc  98.0800
Round 160 global test acc  97.8500
Round 161 global test acc  97.8900
Round 162 global test acc  98.1400
Round 163 global test acc  97.7600
Round 164 global test acc  97.9900
Round 165 global test acc  97.9700
Round 166 global test acc  97.9000
Round 167 global test acc  97.7400
Round 168 global test acc  98.0000
Round 169 global test acc  97.9000
Round 170 global test acc  97.9700
Round 171 global test acc  97.9400
Round 172 global test acc  97.9000
Round 173 global test acc  98.0000
Round 174 global test acc  97.9600
Round 175 global test acc  97.9200
Round 176 global test acc  98.0400
Round 177 global test acc  98.2100
Round 178 global test acc  97.8900
Round 179 global test acc  97.9300
Round 180 global test acc  98.0600
Round 181 global test acc  97.9800
Round 182 global test acc  97.8900
Round 183 global test acc  97.9700
Round 184 global test acc  97.9700
Round 185 global test acc  98.1800
Round 186 global test acc  98.0400
Round 187 global test acc  98.0300
Round 188 global test acc  98.0400
Round 189 global test acc  98.0900
Round 190 global test acc  97.9900
Round 191 global test acc  98.0700
Round 192 global test acc  98.1900
Round 193 global test acc  98.2100
Round 194 global test acc  98.0500
Round 195 global test acc  98.2200
Round 196 global test acc  98.1700
Round 197 global test acc  97.9400
Round 198 global test acc  97.9900
Round 199 global test acc  98.0700
time : 9104.516372919083
('algorithm', 'GlobalCORES')
('gpu', 1)
('seed', 13)
('save_dir', './record/')
('rounds2', 200)
('local_ep', 5)
('frac2', 0.1)
('num_users', 100)
('local_bs', 32)
('lr', 0.1)
('model', 'lenet')
('num_classes', 10)
('level_n_system', 0.0)
('level_n_lowerb', 0.0)
('alpha_dirichlet', 10)
('non_iid_prob_class', 0.7)
('dataset', 'mnist')
('iid', True)
('LID_k', 20)
('iteration1', 5)
('rounds1', 200)
('frac1', 0.01)
('pretrained', False)
('mixup', False)
('alpha', 1)
('beta', 5)
('relabel_ratio', 0.5)
('confidence_thres', 0.5)
('clean_set_thres', 0.1)
('fine_tuning', True)
('correction', True)
('T_pl', 100)
('lambda_cen', 1.0)
('lambda_e', 0.8)
('num_gradual', 10)
('forget_rate', 0.2)
('lr_decay', 0.1)
('schedule', [])
('momentum', 0.5)
('weight_decay', 0.0001)
('feature_dim', 128)
('plr', 0.05)
('lamda', 15)
('K', 5)
('gamma', 1)
('begin_sel', 10)
('max_beta', 2)
('mu', 0.01)
('device', device(type='cuda', index=1))
Round 0 global test acc  66.3800
Round 1 global test acc  80.8000
Round 2 global test acc  83.0000
Round 3 global test acc  85.2600
Round 4 global test acc  87.8400
Round 5 global test acc  87.5700
Round 6 global test acc  89.5400
Round 7 global test acc  91.3700
Round 8 global test acc  92.0500
Round 9 global test acc  91.8000
Round 10 global test acc  93.4000
Round 11 global test acc  92.8700
Round 12 global test acc  92.9400
Round 13 global test acc  93.5900
Round 14 global test acc  93.7600
Round 15 global test acc  93.4500
Round 16 global test acc  93.7800
Round 17 global test acc  93.6100
Round 18 global test acc  94.5800
Round 19 global test acc  94.9700
Round 20 global test acc  94.3500
Round 21 global test acc  94.2000
Round 22 global test acc  94.4600
Round 23 global test acc  95.1100
Round 24 global test acc  95.2900
Round 25 global test acc  95.1900
Round 26 global test acc  95.3700
Round 27 global test acc  95.6800
Round 28 global test acc  95.4100
Round 29 global test acc  95.2800
Round 30 global test acc  95.6300
Round 31 global test acc  95.6600
Round 32 global test acc  96.0900
Round 33 global test acc  95.9100
Round 34 global test acc  96.1500
Round 35 global test acc  96.1100
Round 36 global test acc  95.8500
Round 37 global test acc  96.1500
Round 38 global test acc  96.3200
Round 39 global test acc  96.2700
Round 40 global test acc  96.1600
Round 41 global test acc  96.3200
Round 42 global test acc  96.3900
Round 43 global test acc  96.6300
Round 44 global test acc  96.3700
Round 45 global test acc  96.3500
Round 46 global test acc  96.4600
Round 47 global test acc  96.4900
Round 48 global test acc  96.8600
Round 49 global test acc  96.6200
Round 50 global test acc  96.6700
Round 51 global test acc  96.7400
Round 52 global test acc  96.9600
Round 53 global test acc  97.0300
Round 54 global test acc  96.9700
Round 55 global test acc  96.9100
Round 56 global test acc  97.2700
Round 57 global test acc  97.1800
Round 58 global test acc  97.0900
Round 59 global test acc  97.1100
Round 60 global test acc  96.9500
Round 61 global test acc  96.9800
Round 62 global test acc  97.0800
Round 63 global test acc  97.3000
Round 64 global test acc  97.4200
Round 65 global test acc  97.1800
Round 66 global test acc  97.3300
Round 67 global test acc  97.2700
Round 68 global test acc  97.3000
Round 69 global test acc  97.3200
Round 70 global test acc  97.2900
Round 71 global test acc  97.1800
Round 72 global test acc  97.4600
Round 73 global test acc  97.3500
Round 74 global test acc  97.3200
Round 75 global test acc  97.4500
Round 76 global test acc  97.3400
Round 77 global test acc  97.3800
Round 78 global test acc  97.3200
Round 79 global test acc  97.4000
Round 80 global test acc  97.3700
Round 81 global test acc  97.4200
Round 82 global test acc  97.3900
Round 83 global test acc  97.4500
Round 84 global test acc  97.5100
Round 85 global test acc  97.5700
Round 86 global test acc  97.2300
Round 87 global test acc  97.6300
Round 88 global test acc  97.8400
Round 89 global test acc  97.7100
Round 90 global test acc  97.6000
Round 91 global test acc  97.6300
Round 92 global test acc  97.4800
Round 93 global test acc  97.5300
Round 94 global test acc  97.6600
Round 95 global test acc  97.7000
Round 96 global test acc  97.6400
Round 97 global test acc  97.7600
Round 98 global test acc  97.6500
Round 99 global test acc  97.7800
Round 100 global test acc  97.7100
Round 101 global test acc  97.7300
Round 102 global test acc  97.6700
Round 103 global test acc  97.6400
Round 104 global test acc  97.6900
Round 105 global test acc  97.7800
Round 106 global test acc  97.7000
Round 107 global test acc  97.7600
Round 108 global test acc  97.7500
Round 109 global test acc  97.6300
Round 110 global test acc  97.7700
Round 111 global test acc  97.7300
Round 112 global test acc  97.7300
Round 113 global test acc  97.8100
Round 114 global test acc  97.8500
Round 115 global test acc  97.9000
Round 116 global test acc  97.7500
Round 117 global test acc  97.7200
Round 118 global test acc  97.8400
Round 119 global test acc  97.8500
Round 120 global test acc  97.7700
Round 121 global test acc  97.8100
Round 122 global test acc  97.9500
Round 123 global test acc  97.7500
Round 124 global test acc  97.7600
Round 125 global test acc  97.8400
Round 126 global test acc  97.7300
Round 127 global test acc  97.8100
Round 128 global test acc  97.7100
Round 129 global test acc  97.8600
Round 130 global test acc  97.8900
Round 131 global test acc  97.6700
Round 132 global test acc  97.8100
Round 133 global test acc  97.8300
Round 134 global test acc  97.7900
Round 135 global test acc  97.9900
Round 136 global test acc  97.9700
Round 137 global test acc  97.8600
Round 138 global test acc  97.8300
Round 139 global test acc  97.8500
Round 140 global test acc  97.7400
Round 141 global test acc  97.8400
Round 142 global test acc  98.0100
Round 143 global test acc  97.7900
Round 144 global test acc  97.8100
Round 145 global test acc  97.9400
Round 146 global test acc  97.9100
Round 147 global test acc  97.8900
Round 148 global test acc  97.9500
Round 149 global test acc  98.0000
Round 150 global test acc  97.9700
Round 151 global test acc  97.9500
Round 152 global test acc  97.8300
Round 153 global test acc  98.0000
Round 154 global test acc  97.9900
Round 155 global test acc  97.8700
Round 156 global test acc  97.8200
Round 157 global test acc  97.9000
Round 158 global test acc  97.8000
Round 159 global test acc  97.6600
Round 160 global test acc  97.9300
Round 161 global test acc  97.9600
Round 162 global test acc  98.0100
Round 163 global test acc  98.0200
Round 164 global test acc  97.9100
Round 165 global test acc  97.9000
Round 166 global test acc  98.0500
Round 167 global test acc  97.8100
Round 168 global test acc  98.0400
Round 169 global test acc  97.8000
Round 170 global test acc  98.0200
Round 171 global test acc  97.8800
Round 172 global test acc  97.8800
Round 173 global test acc  97.8500
Round 174 global test acc  98.0100
Round 175 global test acc  98.0300
Round 176 global test acc  98.2800
Round 177 global test acc  98.2000
Round 178 global test acc  97.9400
Round 179 global test acc  98.1100
Round 180 global test acc  98.2200
Round 181 global test acc  97.9800
Round 182 global test acc  98.0700
Round 183 global test acc  98.1400
Round 184 global test acc  97.9800
Round 185 global test acc  98.1300
Round 186 global test acc  97.8700
Round 187 global test acc  98.1200
Round 188 global test acc  98.1000
Round 189 global test acc  98.1200
Round 190 global test acc  98.0600
Round 191 global test acc  98.0500
Round 192 global test acc  97.9600
Round 193 global test acc  98.1400
Round 194 global test acc  98.1200
Round 195 global test acc  98.0800
Round 196 global test acc  98.0800
Round 197 global test acc  98.0200
Round 198 global test acc  98.0800
Round 199 global test acc  98.0800
time : 9029.573431015015
