('algorithm', 'LocalCORES')
('gpu', 1)
('seed', 13)
('save_dir', './record/')
('rounds2', 200)
('local_ep', 5)
('frac2', 0.1)
('num_users', 100)
('local_bs', 32)
('lr', 0.1)
('model', 'lenet')
('num_classes', 10)
('level_n_system', 0.5)
('level_n_lowerb', 0.3)
('alpha_dirichlet', 10)
('non_iid_prob_class', 0.7)
('dataset', 'mnist')
('iid', True)
('LID_k', 20)
('iteration1', 5)
('rounds1', 200)
('frac1', 0.01)
('pretrained', False)
('mixup', False)
('alpha', 1)
('beta', 5)
('relabel_ratio', 0.5)
('confidence_thres', 0.5)
('clean_set_thres', 0.1)
('fine_tuning', True)
('correction', True)
('T_pl', 100)
('lambda_cen', 1.0)
('lambda_e', 0.8)
('num_gradual', 10)
('forget_rate', 0.2)
('lr_decay', 0.1)
('schedule', [])
('momentum', 0.5)
('weight_decay', 0.0001)
('feature_dim', 128)
('plr', 0.05)
('lamda', 15)
('K', 5)
('gamma', 1)
('begin_sel', 10)
('max_beta', 2)
('mu', 0.01)
('device', device(type='cuda', index=1))
Client 0, noise level: 0.7877 (0.7089), real noise ratio: 0.7100
Client 2, noise level: 0.4944 (0.4450), real noise ratio: 0.4383
Client 3, noise level: 0.4635 (0.4172), real noise ratio: 0.4250
Client 4, noise level: 0.8920 (0.8028), real noise ratio: 0.8300
Client 6, noise level: 0.7822 (0.7040), real noise ratio: 0.6883
Client 7, noise level: 0.4074 (0.3667), real noise ratio: 0.3583
Client 8, noise level: 0.4425 (0.3983), real noise ratio: 0.3883
Client 9, noise level: 0.3473 (0.3126), real noise ratio: 0.3000
Client 13, noise level: 0.4574 (0.4116), real noise ratio: 0.4017
Client 15, noise level: 0.3237 (0.2913), real noise ratio: 0.2733
Client 20, noise level: 0.7283 (0.6555), real noise ratio: 0.6533
Client 23, noise level: 0.5618 (0.5056), real noise ratio: 0.5233
Client 26, noise level: 0.8716 (0.7844), real noise ratio: 0.7683
Client 27, noise level: 0.3558 (0.3202), real noise ratio: 0.3250
Client 29, noise level: 0.8867 (0.7980), real noise ratio: 0.8017
Client 30, noise level: 0.6949 (0.6254), real noise ratio: 0.6050
Client 32, noise level: 0.4015 (0.3614), real noise ratio: 0.3617
Client 33, noise level: 0.3690 (0.3321), real noise ratio: 0.3200
Client 35, noise level: 0.7970 (0.7173), real noise ratio: 0.7317
Client 38, noise level: 0.5606 (0.5045), real noise ratio: 0.4783
Client 41, noise level: 0.7353 (0.6618), real noise ratio: 0.6850
Client 42, noise level: 0.8045 (0.7240), real noise ratio: 0.6917
Client 47, noise level: 0.4586 (0.4127), real noise ratio: 0.4233
Client 48, noise level: 0.5133 (0.4620), real noise ratio: 0.4667
Client 50, noise level: 0.7860 (0.7074), real noise ratio: 0.6750
Client 51, noise level: 0.3370 (0.3033), real noise ratio: 0.2983
Client 56, noise level: 0.5591 (0.5031), real noise ratio: 0.4833
Client 57, noise level: 0.6532 (0.5879), real noise ratio: 0.5683
Client 59, noise level: 0.3915 (0.3523), real noise ratio: 0.3383
Client 60, noise level: 0.8911 (0.8020), real noise ratio: 0.7717
Client 62, noise level: 0.4187 (0.3768), real noise ratio: 0.4017
Client 67, noise level: 0.3696 (0.3326), real noise ratio: 0.3417
Client 68, noise level: 0.9393 (0.8454), real noise ratio: 0.8667
Client 69, noise level: 0.7046 (0.6341), real noise ratio: 0.6133
Client 72, noise level: 0.3069 (0.2762), real noise ratio: 0.2900
Client 75, noise level: 0.7848 (0.7064), real noise ratio: 0.6717
Client 78, noise level: 0.3984 (0.3586), real noise ratio: 0.3617
Client 79, noise level: 0.7685 (0.6916), real noise ratio: 0.6867
Client 80, noise level: 0.5127 (0.4614), real noise ratio: 0.4517
Client 83, noise level: 0.4420 (0.3978), real noise ratio: 0.4433
Client 88, noise level: 0.4144 (0.3729), real noise ratio: 0.3617
Client 90, noise level: 0.4952 (0.4457), real noise ratio: 0.4367
Client 91, noise level: 0.4432 (0.3989), real noise ratio: 0.4250
Client 94, noise level: 0.3650 (0.3285), real noise ratio: 0.3150
Client 98, noise level: 0.5071 (0.4564), real noise ratio: 0.4767
Client 99, noise level: 0.4163 (0.3747), real noise ratio: 0.3800
Round 0 global test acc  73.2600
Round 1 global test acc  74.2600
Round 2 global test acc  82.0900
Round 3 global test acc  84.9600
Round 4 global test acc  84.7800
Round 5 global test acc  83.7900
Round 6 global test acc  85.6000
Round 7 global test acc  89.0200
Round 8 global test acc  76.2700
Round 9 global test acc  88.9900
Round 10 global test acc  91.1000
Round 11 global test acc  61.4200
Round 12 global test acc  60.5000
Round 13 global test acc  62.9600
Round 14 global test acc  57.8600
Round 15 global test acc  62.0000
Round 16 global test acc  52.9900
Round 17 global test acc  56.2500
Round 18 global test acc  63.0900
Round 19 global test acc  79.5900
Round 20 global test acc  65.1100
Round 21 global test acc  80.8200
Round 22 global test acc  31.0700
Round 23 global test acc  48.3800
Round 24 global test acc  45.6100
Round 25 global test acc  83.4100
Round 26 global test acc  71.0300
Round 27 global test acc  80.1200
Round 28 global test acc  32.6300
Round 29 global test acc  44.3600
Round 30 global test acc  76.3800
Round 31 global test acc  44.4600
Round 32 global test acc  85.4500
Round 33 global test acc  51.9600
Round 34 global test acc  82.9100
Round 35 global test acc  48.9600
Round 36 global test acc  68.1300
Round 37 global test acc  63.7300
Round 38 global test acc  48.4500
Round 39 global test acc  57.7000
Round 40 global test acc  52.9000
Round 41 global test acc  80.3100
Round 42 global test acc  62.9800
Round 43 global test acc  40.6200
Round 44 global test acc  33.5600
Round 45 global test acc  80.2100
Round 46 global test acc  71.5300
Round 47 global test acc  38.4800
Round 48 global test acc  61.4800
Round 49 global test acc  51.6300
Round 50 global test acc  43.7000
Round 51 global test acc  59.4200
Round 52 global test acc  73.2800
Round 53 global test acc  83.2800
Round 54 global test acc  61.1900
Round 55 global test acc  66.2800
Round 56 global test acc  74.1900
Round 57 global test acc  92.2500
Round 58 global test acc  72.3800
Round 59 global test acc  63.9700
Round 60 global test acc  58.3400
Round 61 global test acc  88.0500
Round 62 global test acc  51.5600
Round 63 global test acc  34.9300
Round 64 global test acc  31.0000
Round 65 global test acc  73.1400
Round 66 global test acc  83.5400
Round 67 global test acc  81.0700
Round 68 global test acc  84.1100
Round 69 global test acc  83.8600
Round 70 global test acc  78.9600
Round 71 global test acc  69.5900
Round 72 global test acc  44.7400
Round 73 global test acc  41.7600
Round 74 global test acc  65.8800
Round 75 global test acc  90.3300
Round 76 global test acc  65.8800
Round 77 global test acc  75.9700
Round 78 global test acc  39.7300
Round 79 global test acc  85.9800
Round 80 global test acc  88.4100
Round 81 global test acc  78.6700
Round 82 global test acc  78.8600
Round 83 global test acc  77.6900
Round 84 global test acc  89.2700
Round 85 global test acc  28.5900
Round 86 global test acc  51.6600
Round 87 global test acc  84.1300
Round 88 global test acc  85.7400
Round 89 global test acc  85.6000
Round 90 global test acc  69.4800
Round 91 global test acc  54.4100
Round 92 global test acc  42.3600
Round 93 global test acc  70.6700
Round 94 global test acc  83.5700
Round 95 global test acc  83.2400
Round 96 global test acc  71.1100
Round 97 global test acc  54.0700
Round 98 global test acc  86.8100
Round 99 global test acc  85.2600
Round 100 global test acc  53.4300
Round 101 global test acc  84.3700
Round 102 global test acc  89.4100
Round 103 global test acc  89.7200
Round 104 global test acc  78.4700
Round 105 global test acc  40.8900
Round 106 global test acc  54.9900
Round 107 global test acc  86.8400
Round 108 global test acc  51.9300
Round 109 global test acc  84.4900
Round 110 global test acc  88.1300
Round 111 global test acc  73.8400
Round 112 global test acc  65.3300
Round 113 global test acc  65.9800
Round 114 global test acc  78.5300
Round 115 global test acc  84.9500
Round 116 global test acc  85.0000
Round 117 global test acc  75.9100
Round 118 global test acc  61.8500
Round 119 global test acc  67.5500
Round 120 global test acc  65.1000
Round 121 global test acc  90.3500
Round 122 global test acc  87.5100
Round 123 global test acc  88.6200
Round 124 global test acc  75.8600
Round 125 global test acc  57.7000
Round 126 global test acc  70.5400
Round 127 global test acc  79.5500
Round 128 global test acc  76.2000
Round 129 global test acc  85.7700
Round 130 global test acc  94.1600
Round 131 global test acc  72.7600
Round 132 global test acc  59.8500
Round 133 global test acc  90.5200
Round 134 global test acc  84.3200
Round 135 global test acc  77.6100
Round 136 global test acc  53.5000
Round 137 global test acc  60.3000
Round 138 global test acc  82.2800
Round 139 global test acc  78.1300
Round 140 global test acc  83.0500
Round 141 global test acc  49.7700
Round 142 global test acc  80.1400
Round 143 global test acc  93.9600
Round 144 global test acc  91.0700
Round 145 global test acc  67.3000
Round 146 global test acc  66.0000
Round 147 global test acc  78.5800
Round 148 global test acc  61.1500
Round 149 global test acc  78.4900
Round 150 global test acc  90.2500
Round 151 global test acc  82.0400
Round 152 global test acc  36.5700
Round 153 global test acc  45.2500
Round 154 global test acc  81.6000
Round 155 global test acc  82.4900
Round 156 global test acc  91.4600
Round 157 global test acc  91.6900
Round 158 global test acc  45.0100
Round 159 global test acc  90.3200
Round 160 global test acc  83.5000
Round 161 global test acc  56.0500
Round 162 global test acc  46.0600
Round 163 global test acc  92.4100
Round 164 global test acc  55.3900
Round 165 global test acc  73.0300
Round 166 global test acc  64.9500
Round 167 global test acc  48.3300
Round 168 global test acc  70.9900
Round 169 global test acc  82.3900
Round 170 global test acc  54.5500
Round 171 global test acc  60.2300
Round 172 global test acc  48.8300
Round 173 global test acc  56.7100
Round 174 global test acc  89.2200
Round 175 global test acc  84.2900
Round 176 global test acc  49.6600
Round 177 global test acc  55.1600
Round 178 global test acc  67.1400
Round 179 global test acc  80.3800
Round 180 global test acc  89.4900
Round 181 global test acc  91.6000
Round 182 global test acc  81.1100
Round 183 global test acc  52.2000
Round 184 global test acc  75.6800
Round 185 global test acc  83.6800
Round 186 global test acc  89.2500
Round 187 global test acc  88.1400
Round 188 global test acc  73.6400
Round 189 global test acc  62.4200
Round 190 global test acc  63.2100
Round 191 global test acc  76.8900
Round 192 global test acc  40.8900
Round 193 global test acc  50.0800
Round 194 global test acc  75.6800
Round 195 global test acc  38.0700
Round 196 global test acc  77.7300
Round 197 global test acc  79.7500
Round 198 global test acc  79.6600
Round 199 global test acc  65.2200
time : 8199.724743127823
('algorithm', 'LocalCORES')
('gpu', 1)
('seed', 13)
('save_dir', './record/')
('rounds2', 200)
('local_ep', 5)
('frac2', 0.1)
('num_users', 100)
('local_bs', 32)
('lr', 0.1)
('model', 'lenet')
('num_classes', 10)
('level_n_system', 0.5)
('level_n_lowerb', 0.3)
('alpha_dirichlet', 10)
('non_iid_prob_class', 0.7)
('dataset', 'mnist')
('iid', True)
('LID_k', 20)
('iteration1', 5)
('rounds1', 200)
('frac1', 0.01)
('pretrained', False)
('mixup', False)
('alpha', 1)
('beta', 5)
('relabel_ratio', 0.5)
('confidence_thres', 0.5)
('clean_set_thres', 0.1)
('fine_tuning', True)
('correction', True)
('T_pl', 100)
('lambda_cen', 1.0)
('lambda_e', 0.8)
('num_gradual', 10)
('forget_rate', 0.2)
('lr_decay', 0.1)
('schedule', [])
('momentum', 0.5)
('weight_decay', 0.0001)
('feature_dim', 128)
('plr', 0.05)
('lamda', 15)
('K', 5)
('gamma', 1)
('begin_sel', 10)
('max_beta', 2)
('mu', 0.01)
('device', device(type='cuda', index=1))
Client 0, noise level: 0.7877 (0.7089), real noise ratio: 0.7100
Client 2, noise level: 0.4944 (0.4450), real noise ratio: 0.4383
Client 3, noise level: 0.4635 (0.4172), real noise ratio: 0.4250
Client 4, noise level: 0.8920 (0.8028), real noise ratio: 0.8300
Client 6, noise level: 0.7822 (0.7040), real noise ratio: 0.6883
Client 7, noise level: 0.4074 (0.3667), real noise ratio: 0.3583
Client 8, noise level: 0.4425 (0.3983), real noise ratio: 0.3883
Client 9, noise level: 0.3473 (0.3126), real noise ratio: 0.3000
Client 13, noise level: 0.4574 (0.4116), real noise ratio: 0.4017
Client 15, noise level: 0.3237 (0.2913), real noise ratio: 0.2733
Client 20, noise level: 0.7283 (0.6555), real noise ratio: 0.6533
Client 23, noise level: 0.5618 (0.5056), real noise ratio: 0.5233
Client 26, noise level: 0.8716 (0.7844), real noise ratio: 0.7683
Client 27, noise level: 0.3558 (0.3202), real noise ratio: 0.3250
Client 29, noise level: 0.8867 (0.7980), real noise ratio: 0.8017
Client 30, noise level: 0.6949 (0.6254), real noise ratio: 0.6050
Client 32, noise level: 0.4015 (0.3614), real noise ratio: 0.3617
Client 33, noise level: 0.3690 (0.3321), real noise ratio: 0.3200
Client 35, noise level: 0.7970 (0.7173), real noise ratio: 0.7317
Client 38, noise level: 0.5606 (0.5045), real noise ratio: 0.4783
Client 41, noise level: 0.7353 (0.6618), real noise ratio: 0.6850
Client 42, noise level: 0.8045 (0.7240), real noise ratio: 0.6917
Client 47, noise level: 0.4586 (0.4127), real noise ratio: 0.4233
Client 48, noise level: 0.5133 (0.4620), real noise ratio: 0.4667
Client 50, noise level: 0.7860 (0.7074), real noise ratio: 0.6750
Client 51, noise level: 0.3370 (0.3033), real noise ratio: 0.2983
Client 56, noise level: 0.5591 (0.5031), real noise ratio: 0.4833
Client 57, noise level: 0.6532 (0.5879), real noise ratio: 0.5683
Client 59, noise level: 0.3915 (0.3523), real noise ratio: 0.3383
Client 60, noise level: 0.8911 (0.8020), real noise ratio: 0.7717
Client 62, noise level: 0.4187 (0.3768), real noise ratio: 0.4017
Client 67, noise level: 0.3696 (0.3326), real noise ratio: 0.3417
Client 68, noise level: 0.9393 (0.8454), real noise ratio: 0.8667
Client 69, noise level: 0.7046 (0.6341), real noise ratio: 0.6133
Client 72, noise level: 0.3069 (0.2762), real noise ratio: 0.2900
Client 75, noise level: 0.7848 (0.7064), real noise ratio: 0.6717
Client 78, noise level: 0.3984 (0.3586), real noise ratio: 0.3617
Client 79, noise level: 0.7685 (0.6916), real noise ratio: 0.6867
Client 80, noise level: 0.5127 (0.4614), real noise ratio: 0.4517
Client 83, noise level: 0.4420 (0.3978), real noise ratio: 0.4433
Client 88, noise level: 0.4144 (0.3729), real noise ratio: 0.3617
Client 90, noise level: 0.4952 (0.4457), real noise ratio: 0.4367
Client 91, noise level: 0.4432 (0.3989), real noise ratio: 0.4250
Client 94, noise level: 0.3650 (0.3285), real noise ratio: 0.3150
Client 98, noise level: 0.5071 (0.4564), real noise ratio: 0.4767
Client 99, noise level: 0.4163 (0.3747), real noise ratio: 0.3800
Round 0 global test acc  73.2600
Round 1 global test acc  74.2600
Round 2 global test acc  82.0900
Round 3 global test acc  84.9600
Round 4 global test acc  84.7800
Round 5 global test acc  83.7900
Round 6 global test acc  85.6000
Round 7 global test acc  89.0200
Round 8 global test acc  76.2700
Round 9 global test acc  88.9900
Round 10 global test acc  91.1000
Round 11 global test acc  61.4200
Round 12 global test acc  60.5000
Round 13 global test acc  62.9600
Round 14 global test acc  57.8600
Round 15 global test acc  62.0000
Round 16 global test acc  52.9900
Round 17 global test acc  56.2500
Round 18 global test acc  63.0900
Round 19 global test acc  79.5900
Round 20 global test acc  65.1100
Round 21 global test acc  80.8200
Round 22 global test acc  31.0700
Round 23 global test acc  48.3800
Round 24 global test acc  45.6100
Round 25 global test acc  83.4100
Round 26 global test acc  71.0300
Round 27 global test acc  80.1200
Round 28 global test acc  32.6300
Round 29 global test acc  44.3600
Round 30 global test acc  76.3800
Round 31 global test acc  44.4600
Round 32 global test acc  85.4500
Round 33 global test acc  51.9600
Round 34 global test acc  82.9100
Round 35 global test acc  48.9600
Round 36 global test acc  68.1300
Round 37 global test acc  63.7300
Round 38 global test acc  48.4500
Round 39 global test acc  57.7000
Round 40 global test acc  52.9000
Round 41 global test acc  80.3100
Round 42 global test acc  62.9800
Round 43 global test acc  40.6200
Round 44 global test acc  33.5600
Round 45 global test acc  80.2100
Round 46 global test acc  71.5300
Round 47 global test acc  38.4800
Round 48 global test acc  61.4800
Round 49 global test acc  51.6300
Round 50 global test acc  43.7000
Round 51 global test acc  59.4200
Round 52 global test acc  73.2800
Round 53 global test acc  83.2800
Round 54 global test acc  61.1900
Round 55 global test acc  66.2800
Round 56 global test acc  74.1900
Round 57 global test acc  92.2500
Round 58 global test acc  72.3800
Round 59 global test acc  63.9700
Round 60 global test acc  58.3400
Round 61 global test acc  88.0500
Round 62 global test acc  51.5600
Round 63 global test acc  34.9300
Round 64 global test acc  31.0000
Round 65 global test acc  73.1400
Round 66 global test acc  83.5400
Round 67 global test acc  81.0700
Round 68 global test acc  84.1100
Round 69 global test acc  83.8600
Round 70 global test acc  78.9600
Round 71 global test acc  69.5900
Round 72 global test acc  44.7400
Round 73 global test acc  41.7600
Round 74 global test acc  65.8800
Round 75 global test acc  90.3300
Round 76 global test acc  65.8800
Round 77 global test acc  75.9700
Round 78 global test acc  39.7300
Round 79 global test acc  85.9800
Round 80 global test acc  88.4100
Round 81 global test acc  78.6700
Round 82 global test acc  78.8600
Round 83 global test acc  77.6900
Round 84 global test acc  89.2700
Round 85 global test acc  28.5900
Round 86 global test acc  51.6600
Round 87 global test acc  84.1300
Round 88 global test acc  85.7400
Round 89 global test acc  85.6000
Round 90 global test acc  69.4800
Round 91 global test acc  54.4100
Round 92 global test acc  42.3600
Round 93 global test acc  70.6700
Round 94 global test acc  83.5700
Round 95 global test acc  83.2400
Round 96 global test acc  71.1100
Round 97 global test acc  54.0700
Round 98 global test acc  86.8100
Round 99 global test acc  85.2600
Round 100 global test acc  53.4300
Round 101 global test acc  84.3700
Round 102 global test acc  89.4100
Round 103 global test acc  89.7200
Round 104 global test acc  78.4700
Round 105 global test acc  40.8900
Round 106 global test acc  54.9900
Round 107 global test acc  86.8400
Round 108 global test acc  51.9300
Round 109 global test acc  84.4900
Round 110 global test acc  88.1300
Round 111 global test acc  73.8400
Round 112 global test acc  65.3300
Round 113 global test acc  65.9800
Round 114 global test acc  78.5300
Round 115 global test acc  84.9500
Round 116 global test acc  85.0000
Round 117 global test acc  75.9100
Round 118 global test acc  61.8500
Round 119 global test acc  67.5500
Round 120 global test acc  65.1000
Round 121 global test acc  90.3500
Round 122 global test acc  87.5100
Round 123 global test acc  88.6200
Round 124 global test acc  75.8600
Round 125 global test acc  57.7000
Round 126 global test acc  70.5400
Round 127 global test acc  79.5500
Round 128 global test acc  76.2000
Round 129 global test acc  85.7700
Round 130 global test acc  94.1600
Round 131 global test acc  72.7600
Round 132 global test acc  59.8500
Round 133 global test acc  90.5200
Round 134 global test acc  84.3200
Round 135 global test acc  77.6100
Round 136 global test acc  53.5000
Round 137 global test acc  60.3000
Round 138 global test acc  82.2800
Round 139 global test acc  78.1300
Round 140 global test acc  83.0500
Round 141 global test acc  49.7700
Round 142 global test acc  80.1400
Round 143 global test acc  93.9600
Round 144 global test acc  91.0700
Round 145 global test acc  67.3000
Round 146 global test acc  66.0000
Round 147 global test acc  78.5800
Round 148 global test acc  61.1500
Round 149 global test acc  78.4900
Round 150 global test acc  90.2500
Round 151 global test acc  82.0400
Round 152 global test acc  36.5700
Round 153 global test acc  45.2500
Round 154 global test acc  81.6000
Round 155 global test acc  82.4900
Round 156 global test acc  91.4600
Round 157 global test acc  91.6900
Round 158 global test acc  45.0100
Round 159 global test acc  90.3200
Round 160 global test acc  83.5000
Round 161 global test acc  56.0500
Round 162 global test acc  46.0600
Round 163 global test acc  92.4100
Round 164 global test acc  55.3900
Round 165 global test acc  73.0300
Round 166 global test acc  64.9500
Round 167 global test acc  48.3300
Round 168 global test acc  70.9900
Round 169 global test acc  82.3900
Round 170 global test acc  54.5500
Round 171 global test acc  60.2300
Round 172 global test acc  48.8300
Round 173 global test acc  56.7100
Round 174 global test acc  89.2200
Round 175 global test acc  84.2900
Round 176 global test acc  49.6600
Round 177 global test acc  55.1600
Round 178 global test acc  67.1400
Round 179 global test acc  80.3800
Round 180 global test acc  89.4900
Round 181 global test acc  91.6000
Round 182 global test acc  81.1100
Round 183 global test acc  52.2000
Round 184 global test acc  75.6800
Round 185 global test acc  83.6800
Round 186 global test acc  89.2500
Round 187 global test acc  88.1400
Round 188 global test acc  73.6400
Round 189 global test acc  62.4200
Round 190 global test acc  63.2100
Round 191 global test acc  76.8900
Round 192 global test acc  40.8900
Round 193 global test acc  50.0800
Round 194 global test acc  75.6800
Round 195 global test acc  38.0700
Round 196 global test acc  77.7300
Round 197 global test acc  79.7500
Round 198 global test acc  79.6600
Round 199 global test acc  65.2200
time : 7763.949285507202
('algorithm', 'LocalCORES')
('gpu', 1)
('seed', 13)
('save_dir', './record/')
('rounds2', 200)
('local_ep', 5)
('frac2', 0.1)
('num_users', 100)
('local_bs', 32)
('lr', 0.1)
('model', 'lenet')
('num_classes', 10)
('level_n_system', 0.5)
('level_n_lowerb', 0.3)
('alpha_dirichlet', 10)
('non_iid_prob_class', 0.7)
('dataset', 'mnist')
('iid', True)
('LID_k', 20)
('iteration1', 5)
('rounds1', 200)
('frac1', 0.01)
('pretrained', False)
('mixup', False)
('alpha', 1)
('beta', 5)
('relabel_ratio', 0.5)
('confidence_thres', 0.5)
('clean_set_thres', 0.1)
('fine_tuning', True)
('correction', True)
('T_pl', 100)
('lambda_cen', 1.0)
('lambda_e', 0.8)
('num_gradual', 10)
('forget_rate', 0.2)
('lr_decay', 0.1)
('schedule', [])
('momentum', 0.5)
('weight_decay', 0.0001)
('feature_dim', 128)
('plr', 0.05)
('lamda', 15)
('K', 5)
('gamma', 1)
('begin_sel', 10)
('max_beta', 2)
('mu', 0.01)
('device', device(type='cuda', index=1))
Client 0, noise level: 0.7877 (0.7089), real noise ratio: 0.7100
Client 2, noise level: 0.4944 (0.4450), real noise ratio: 0.4383
Client 3, noise level: 0.4635 (0.4172), real noise ratio: 0.4250
Client 4, noise level: 0.8920 (0.8028), real noise ratio: 0.8300
Client 6, noise level: 0.7822 (0.7040), real noise ratio: 0.6883
Client 7, noise level: 0.4074 (0.3667), real noise ratio: 0.3583
Client 8, noise level: 0.4425 (0.3983), real noise ratio: 0.3883
Client 9, noise level: 0.3473 (0.3126), real noise ratio: 0.3000
Client 13, noise level: 0.4574 (0.4116), real noise ratio: 0.4017
Client 15, noise level: 0.3237 (0.2913), real noise ratio: 0.2733
Client 20, noise level: 0.7283 (0.6555), real noise ratio: 0.6533
Client 23, noise level: 0.5618 (0.5056), real noise ratio: 0.5233
Client 26, noise level: 0.8716 (0.7844), real noise ratio: 0.7683
Client 27, noise level: 0.3558 (0.3202), real noise ratio: 0.3250
Client 29, noise level: 0.8867 (0.7980), real noise ratio: 0.8017
Client 30, noise level: 0.6949 (0.6254), real noise ratio: 0.6050
Client 32, noise level: 0.4015 (0.3614), real noise ratio: 0.3617
Client 33, noise level: 0.3690 (0.3321), real noise ratio: 0.3200
Client 35, noise level: 0.7970 (0.7173), real noise ratio: 0.7317
Client 38, noise level: 0.5606 (0.5045), real noise ratio: 0.4783
Client 41, noise level: 0.7353 (0.6618), real noise ratio: 0.6850
Client 42, noise level: 0.8045 (0.7240), real noise ratio: 0.6917
Client 47, noise level: 0.4586 (0.4127), real noise ratio: 0.4233
Client 48, noise level: 0.5133 (0.4620), real noise ratio: 0.4667
Client 50, noise level: 0.7860 (0.7074), real noise ratio: 0.6750
Client 51, noise level: 0.3370 (0.3033), real noise ratio: 0.2983
Client 56, noise level: 0.5591 (0.5031), real noise ratio: 0.4833
Client 57, noise level: 0.6532 (0.5879), real noise ratio: 0.5683
Client 59, noise level: 0.3915 (0.3523), real noise ratio: 0.3383
Client 60, noise level: 0.8911 (0.8020), real noise ratio: 0.7717
Client 62, noise level: 0.4187 (0.3768), real noise ratio: 0.4017
Client 67, noise level: 0.3696 (0.3326), real noise ratio: 0.3417
Client 68, noise level: 0.9393 (0.8454), real noise ratio: 0.8667
Client 69, noise level: 0.7046 (0.6341), real noise ratio: 0.6133
Client 72, noise level: 0.3069 (0.2762), real noise ratio: 0.2900
Client 75, noise level: 0.7848 (0.7064), real noise ratio: 0.6717
Client 78, noise level: 0.3984 (0.3586), real noise ratio: 0.3617
Client 79, noise level: 0.7685 (0.6916), real noise ratio: 0.6867
Client 80, noise level: 0.5127 (0.4614), real noise ratio: 0.4517
Client 83, noise level: 0.4420 (0.3978), real noise ratio: 0.4433
Client 88, noise level: 0.4144 (0.3729), real noise ratio: 0.3617
Client 90, noise level: 0.4952 (0.4457), real noise ratio: 0.4367
Client 91, noise level: 0.4432 (0.3989), real noise ratio: 0.4250
Client 94, noise level: 0.3650 (0.3285), real noise ratio: 0.3150
Client 98, noise level: 0.5071 (0.4564), real noise ratio: 0.4767
Client 99, noise level: 0.4163 (0.3747), real noise ratio: 0.3800
Round 0 global test acc  73.2600
Round 1 global test acc  74.2600
Round 2 global test acc  82.0900
Round 3 global test acc  84.9600
Round 4 global test acc  84.7800
Round 5 global test acc  83.7900
Round 6 global test acc  85.6000
Round 7 global test acc  89.0200
Round 8 global test acc  76.2700
Round 9 global test acc  88.9900
Round 10 global test acc  91.1000
Round 11 global test acc  61.4200
Round 12 global test acc  60.5000
Round 13 global test acc  62.9600
Round 14 global test acc  57.8600
Round 15 global test acc  62.0000
Round 16 global test acc  52.9900
Round 17 global test acc  56.2500
Round 18 global test acc  63.0900
Round 19 global test acc  79.5900
Round 20 global test acc  65.1100
Round 21 global test acc  80.8200
Round 22 global test acc  31.0700
Round 23 global test acc  48.3800
Round 24 global test acc  45.6100
Round 25 global test acc  83.4100
Round 26 global test acc  71.0300
Round 27 global test acc  80.1200
Round 28 global test acc  32.6300
Round 29 global test acc  44.3600
Round 30 global test acc  76.3800
Round 31 global test acc  44.4600
Round 32 global test acc  85.4500
Round 33 global test acc  51.9600
Round 34 global test acc  82.9100
Round 35 global test acc  48.9600
Round 36 global test acc  68.1300
Round 37 global test acc  63.7300
Round 38 global test acc  48.4500
Round 39 global test acc  57.7000
Round 40 global test acc  52.9000
Round 41 global test acc  80.3100
Round 42 global test acc  62.9800
Round 43 global test acc  40.6200
Round 44 global test acc  33.5600
Round 45 global test acc  80.2100
Round 46 global test acc  71.5300
Round 47 global test acc  38.4800
Round 48 global test acc  61.4800
Round 49 global test acc  51.6300
Round 50 global test acc  43.7000
Round 51 global test acc  59.4200
Round 52 global test acc  73.2800
Round 53 global test acc  83.2800
Round 54 global test acc  61.1900
Round 55 global test acc  66.2800
Round 56 global test acc  74.1900
Round 57 global test acc  92.2500
Round 58 global test acc  72.3800
Round 59 global test acc  63.9700
Round 60 global test acc  58.3400
Round 61 global test acc  88.0500
Round 62 global test acc  51.5600
Round 63 global test acc  34.9300
Round 64 global test acc  31.0000
Round 65 global test acc  73.1400
Round 66 global test acc  83.5400
Round 67 global test acc  81.0700
Round 68 global test acc  84.1100
Round 69 global test acc  83.8600
Round 70 global test acc  78.9600
Round 71 global test acc  69.5900
Round 72 global test acc  44.7400
Round 73 global test acc  41.7600
Round 74 global test acc  65.8800
Round 75 global test acc  90.3300
Round 76 global test acc  65.8800
Round 77 global test acc  75.9700
Round 78 global test acc  39.7300
Round 79 global test acc  85.9800
Round 80 global test acc  88.4100
Round 81 global test acc  78.6700
Round 82 global test acc  78.8600
Round 83 global test acc  77.6900
Round 84 global test acc  89.2700
Round 85 global test acc  28.5900
Round 86 global test acc  51.6600
Round 87 global test acc  84.1300
Round 88 global test acc  85.7400
Round 89 global test acc  85.6000
Round 90 global test acc  69.4800
Round 91 global test acc  54.4100
Round 92 global test acc  42.3600
Round 93 global test acc  70.6700
Round 94 global test acc  83.5700
Round 95 global test acc  83.2400
Round 96 global test acc  71.1100
Round 97 global test acc  54.0700
Round 98 global test acc  86.8100
Round 99 global test acc  85.2600
Round 100 global test acc  53.4300
Round 101 global test acc  84.3700
Round 102 global test acc  89.4100
Round 103 global test acc  89.7200
Round 104 global test acc  78.4700
Round 105 global test acc  40.8900
Round 106 global test acc  54.9900
Round 107 global test acc  86.8400
Round 108 global test acc  51.9300
Round 109 global test acc  84.4900
Round 110 global test acc  88.1300
Round 111 global test acc  73.8400
Round 112 global test acc  65.3300
Round 113 global test acc  65.9800
Round 114 global test acc  78.5300
Round 115 global test acc  84.9500
Round 116 global test acc  85.0000
Round 117 global test acc  75.9100
Round 118 global test acc  61.8500
Round 119 global test acc  67.5500
Round 120 global test acc  65.1000
Round 121 global test acc  90.3500
Round 122 global test acc  87.5100
Round 123 global test acc  88.6200
Round 124 global test acc  75.8600
Round 125 global test acc  57.7000
Round 126 global test acc  70.5400
Round 127 global test acc  79.5500
Round 128 global test acc  76.2000
Round 129 global test acc  85.7700
Round 130 global test acc  94.1600
Round 131 global test acc  72.7600
Round 132 global test acc  59.8500
Round 133 global test acc  90.5200
Round 134 global test acc  84.3200
Round 135 global test acc  77.6100
Round 136 global test acc  53.5000
Round 137 global test acc  60.3000
Round 138 global test acc  82.2800
Round 139 global test acc  78.1300
Round 140 global test acc  83.0500
Round 141 global test acc  49.7700
Round 142 global test acc  80.1400
Round 143 global test acc  93.9600
Round 144 global test acc  91.0700
Round 145 global test acc  67.3000
Round 146 global test acc  66.0000
Round 147 global test acc  78.5800
Round 148 global test acc  61.1500
Round 149 global test acc  78.4900
Round 150 global test acc  90.2500
Round 151 global test acc  82.0400
Round 152 global test acc  36.5700
Round 153 global test acc  45.2500
Round 154 global test acc  81.6000
Round 155 global test acc  82.4900
Round 156 global test acc  91.4600
Round 157 global test acc  91.6900
Round 158 global test acc  45.0100
Round 159 global test acc  90.3200
Round 160 global test acc  83.5000
Round 161 global test acc  56.0500
Round 162 global test acc  46.0600
Round 163 global test acc  92.4100
Round 164 global test acc  55.3900
Round 165 global test acc  73.0300
Round 166 global test acc  64.9500
Round 167 global test acc  48.3300
Round 168 global test acc  70.9900
Round 169 global test acc  82.3900
Round 170 global test acc  54.5500
Round 171 global test acc  60.2300
Round 172 global test acc  48.8300
Round 173 global test acc  56.7100
Round 174 global test acc  89.2200
Round 175 global test acc  84.2900
Round 176 global test acc  49.6600
Round 177 global test acc  55.1600
Round 178 global test acc  67.1400
Round 179 global test acc  80.3800
Round 180 global test acc  89.4900
Round 181 global test acc  91.6000
Round 182 global test acc  81.1100
Round 183 global test acc  52.2000
Round 184 global test acc  75.6800
Round 185 global test acc  83.6800
Round 186 global test acc  89.2500
Round 187 global test acc  88.1400
Round 188 global test acc  73.6400
Round 189 global test acc  62.4200
Round 190 global test acc  63.2100
Round 191 global test acc  76.8900
Round 192 global test acc  40.8900
Round 193 global test acc  50.0800
Round 194 global test acc  75.6800
Round 195 global test acc  38.0700
Round 196 global test acc  77.7300
Round 197 global test acc  79.7500
Round 198 global test acc  79.6600
Round 199 global test acc  65.2200
time : 8182.790226459503
('algorithm', 'LocalCORES')
('gpu', 1)
('seed', 13)
('save_dir', './record/')
('rounds2', 200)
('local_ep', 5)
('frac2', 0.1)
('num_users', 100)
('local_bs', 32)
('lr', 0.1)
('model', 'lenet')
('num_classes', 10)
('level_n_system', 0.5)
('level_n_lowerb', 0.3)
('alpha_dirichlet', 10)
('non_iid_prob_class', 0.7)
('dataset', 'mnist')
('iid', True)
('LID_k', 20)
('iteration1', 5)
('rounds1', 200)
('frac1', 0.01)
('pretrained', False)
('mixup', False)
('alpha', 1)
('beta', 5)
('relabel_ratio', 0.5)
('confidence_thres', 0.5)
('clean_set_thres', 0.1)
('fine_tuning', True)
('correction', True)
('T_pl', 100)
('lambda_cen', 1.0)
('lambda_e', 0.8)
('num_gradual', 10)
('forget_rate', 0.2)
('lr_decay', 0.1)
('schedule', [])
('momentum', 0.5)
('weight_decay', 0.0001)
('feature_dim', 128)
('plr', 0.05)
('lamda', 15)
('K', 5)
('gamma', 1)
('begin_sel', 10)
('max_beta', 2)
('mu', 0.01)
('device', device(type='cuda', index=1))
Client 0, noise level: 0.7877 (0.7089), real noise ratio: 0.7100
Client 2, noise level: 0.4944 (0.4450), real noise ratio: 0.4383
Client 3, noise level: 0.4635 (0.4172), real noise ratio: 0.4250
Client 4, noise level: 0.8920 (0.8028), real noise ratio: 0.8300
Client 6, noise level: 0.7822 (0.7040), real noise ratio: 0.6883
Client 7, noise level: 0.4074 (0.3667), real noise ratio: 0.3583
Client 8, noise level: 0.4425 (0.3983), real noise ratio: 0.3883
Client 9, noise level: 0.3473 (0.3126), real noise ratio: 0.3000
Client 13, noise level: 0.4574 (0.4116), real noise ratio: 0.4017
Client 15, noise level: 0.3237 (0.2913), real noise ratio: 0.2733
Client 20, noise level: 0.7283 (0.6555), real noise ratio: 0.6533
Client 23, noise level: 0.5618 (0.5056), real noise ratio: 0.5233
Client 26, noise level: 0.8716 (0.7844), real noise ratio: 0.7683
Client 27, noise level: 0.3558 (0.3202), real noise ratio: 0.3250
Client 29, noise level: 0.8867 (0.7980), real noise ratio: 0.8017
Client 30, noise level: 0.6949 (0.6254), real noise ratio: 0.6050
Client 32, noise level: 0.4015 (0.3614), real noise ratio: 0.3617
Client 33, noise level: 0.3690 (0.3321), real noise ratio: 0.3200
Client 35, noise level: 0.7970 (0.7173), real noise ratio: 0.7317
Client 38, noise level: 0.5606 (0.5045), real noise ratio: 0.4783
Client 41, noise level: 0.7353 (0.6618), real noise ratio: 0.6850
Client 42, noise level: 0.8045 (0.7240), real noise ratio: 0.6917
Client 47, noise level: 0.4586 (0.4127), real noise ratio: 0.4233
Client 48, noise level: 0.5133 (0.4620), real noise ratio: 0.4667
Client 50, noise level: 0.7860 (0.7074), real noise ratio: 0.6750
Client 51, noise level: 0.3370 (0.3033), real noise ratio: 0.2983
Client 56, noise level: 0.5591 (0.5031), real noise ratio: 0.4833
Client 57, noise level: 0.6532 (0.5879), real noise ratio: 0.5683
Client 59, noise level: 0.3915 (0.3523), real noise ratio: 0.3383
Client 60, noise level: 0.8911 (0.8020), real noise ratio: 0.7717
Client 62, noise level: 0.4187 (0.3768), real noise ratio: 0.4017
Client 67, noise level: 0.3696 (0.3326), real noise ratio: 0.3417
Client 68, noise level: 0.9393 (0.8454), real noise ratio: 0.8667
Client 69, noise level: 0.7046 (0.6341), real noise ratio: 0.6133
Client 72, noise level: 0.3069 (0.2762), real noise ratio: 0.2900
Client 75, noise level: 0.7848 (0.7064), real noise ratio: 0.6717
Client 78, noise level: 0.3984 (0.3586), real noise ratio: 0.3617
Client 79, noise level: 0.7685 (0.6916), real noise ratio: 0.6867
Client 80, noise level: 0.5127 (0.4614), real noise ratio: 0.4517
Client 83, noise level: 0.4420 (0.3978), real noise ratio: 0.4433
Client 88, noise level: 0.4144 (0.3729), real noise ratio: 0.3617
Client 90, noise level: 0.4952 (0.4457), real noise ratio: 0.4367
Client 91, noise level: 0.4432 (0.3989), real noise ratio: 0.4250
Client 94, noise level: 0.3650 (0.3285), real noise ratio: 0.3150
Client 98, noise level: 0.5071 (0.4564), real noise ratio: 0.4767
Client 99, noise level: 0.4163 (0.3747), real noise ratio: 0.3800
Round 0 global test acc  73.6100
Round 1 global test acc  75.6200
Round 2 global test acc  84.0600
Round 3 global test acc  82.8500
Round 4 global test acc  83.0700
Round 5 global test acc  82.6200
Round 6 global test acc  85.8800
Round 7 global test acc  89.5500
Round 8 global test acc  72.3700
Round 9 global test acc  87.4200
Round 10 global test acc  89.3300
Round 11 global test acc  62.0600
Round 12 global test acc  49.6300
Round 13 global test acc  55.7000
Round 14 global test acc  38.2200
Round 15 global test acc  58.6800
Round 16 global test acc  60.3300
Round 17 global test acc  52.7300
Round 18 global test acc  64.7800
Round 19 global test acc  77.6500
Round 20 global test acc  67.4100
Round 21 global test acc  70.4300
Round 22 global test acc  43.4100
Round 23 global test acc  40.1000
Round 24 global test acc  46.1400
Round 25 global test acc  81.2800
Round 26 global test acc  72.3300
Round 27 global test acc  77.5300
Round 28 global test acc  31.2300
Round 29 global test acc  39.5900
Round 30 global test acc  78.0900
Round 31 global test acc  47.1400
Round 32 global test acc  86.3300
Round 33 global test acc  50.6700
Round 34 global test acc  80.6500
Round 35 global test acc  67.2600
Round 36 global test acc  73.4600
Round 37 global test acc  64.7200
Round 38 global test acc  44.5000
Round 39 global test acc  57.7600
Round 40 global test acc  59.7500
Round 41 global test acc  86.8200
Round 42 global test acc  74.3300
Round 43 global test acc  48.8300
Round 44 global test acc  39.6000
Round 45 global test acc  78.8400
Round 46 global test acc  74.9100
Round 47 global test acc  65.1300
Round 48 global test acc  54.0100
Round 49 global test acc  71.5600
Round 50 global test acc  46.9700
Round 51 global test acc  58.6900
Round 52 global test acc  65.4700
Round 53 global test acc  83.3900
Round 54 global test acc  43.9100
Round 55 global test acc  63.2200
Round 56 global test acc  77.7400
Round 57 global test acc  93.0000
Round 58 global test acc  87.1800
Round 59 global test acc  62.2000
Round 60 global test acc  64.7900
Round 61 global test acc  89.1500
Round 62 global test acc  61.4900
Round 63 global test acc  35.7300
Round 64 global test acc  48.5300
Round 65 global test acc  78.1300
Round 66 global test acc  88.7300
Round 67 global test acc  86.5100
Round 68 global test acc  85.9000
Round 69 global test acc  85.1500
Round 70 global test acc  55.5800
Round 71 global test acc  77.8500
Round 72 global test acc  38.0500
Round 73 global test acc  40.7100
Round 74 global test acc  75.3700
Round 75 global test acc  93.6000
Round 76 global test acc  78.5500
Round 77 global test acc  71.1800
Round 78 global test acc  35.5400
Round 79 global test acc  88.4700
Round 80 global test acc  87.7900
Round 81 global test acc  82.8000
Round 82 global test acc  85.0900
Round 83 global test acc  78.7100
Round 84 global test acc  89.4300
Round 85 global test acc  14.9900
Round 86 global test acc  69.9100
Round 87 global test acc  77.0200
Round 88 global test acc  84.5800
Round 89 global test acc  75.6900
Round 90 global test acc  77.4300
Round 91 global test acc  49.2200
Round 92 global test acc  67.8400
Round 93 global test acc  71.1900
Round 94 global test acc  72.8100
Round 95 global test acc  79.6100
Round 96 global test acc  71.1300
Round 97 global test acc  59.9800
Round 98 global test acc  71.4000
Round 99 global test acc  83.9200
Round 100 global test acc  44.2100
Round 101 global test acc  85.3800
Round 102 global test acc  89.5200
Round 103 global test acc  90.9600
Round 104 global test acc  68.5500
Round 105 global test acc  50.5300
Round 106 global test acc  49.9200
Round 107 global test acc  87.0600
Round 108 global test acc  45.1900
Round 109 global test acc  88.4800
Round 110 global test acc  91.8100
Round 111 global test acc  77.9300
Round 112 global test acc  75.0900
Round 113 global test acc  62.2600
Round 114 global test acc  66.1700
Round 115 global test acc  90.2300
Round 116 global test acc  75.9600
Round 117 global test acc  78.8400
Round 118 global test acc  62.7600
Round 119 global test acc  72.6600
Round 120 global test acc  70.5700
Round 121 global test acc  91.7600
Round 122 global test acc  78.7300
Round 123 global test acc  91.7500
Round 124 global test acc  80.9400
Round 125 global test acc  55.6800
Round 126 global test acc  76.7000
Round 127 global test acc  79.2200
Round 128 global test acc  79.9800
Round 129 global test acc  88.5000
Round 130 global test acc  90.2300
Round 131 global test acc  45.5400
Round 132 global test acc  49.5600
Round 133 global test acc  89.1300
Round 134 global test acc  71.1100
Round 135 global test acc  53.9700
Round 136 global test acc  57.1300
Round 137 global test acc  52.1800
Round 138 global test acc  79.6800
Round 139 global test acc  77.6600
Round 140 global test acc  87.4500
Round 141 global test acc  36.9200
Round 142 global test acc  80.1000
Round 143 global test acc  93.1100
Round 144 global test acc  93.1900
Round 145 global test acc  68.7100
Round 146 global test acc  63.4500
Round 147 global test acc  88.6500
Round 148 global test acc  80.7300
Round 149 global test acc  86.0400
Round 150 global test acc  93.0800
Round 151 global test acc  54.7100
Round 152 global test acc  51.5100
Round 153 global test acc  57.8300
Round 154 global test acc  83.7500
Round 155 global test acc  85.0700
Round 156 global test acc  87.7300
Round 157 global test acc  95.0100
Round 158 global test acc  66.0700
Round 159 global test acc  82.0500
Round 160 global test acc  88.0800
Round 161 global test acc  73.3500
Round 162 global test acc  54.5300
Round 163 global test acc  94.1100
Round 164 global test acc  83.7700
Round 165 global test acc  73.8000
Round 166 global test acc  77.4100
Round 167 global test acc  65.6800
Round 168 global test acc  80.2800
Round 169 global test acc  83.2000
Round 170 global test acc  71.5000
Round 171 global test acc  68.0100
Round 172 global test acc  60.4300
Round 173 global test acc  39.2400
Round 174 global test acc  90.3900
Round 175 global test acc  68.9800
Round 176 global test acc  70.0800
Round 177 global test acc  54.1000
Round 178 global test acc  76.6800
Round 179 global test acc  77.5100
Round 180 global test acc  86.7900
Round 181 global test acc  93.6600
Round 182 global test acc  65.4400
Round 183 global test acc  47.2500
Round 184 global test acc  82.1900
Round 185 global test acc  90.1900
Round 186 global test acc  83.6600
Round 187 global test acc  91.7000
Round 188 global test acc  75.2700
Round 189 global test acc  69.5300
Round 190 global test acc  60.7200
Round 191 global test acc  77.9200
Round 192 global test acc  65.9000
Round 193 global test acc  52.2400
Round 194 global test acc  59.4000
Round 195 global test acc  49.5500
Round 196 global test acc  55.2200
Round 197 global test acc  82.0800
Round 198 global test acc  65.6300
Round 199 global test acc  58.1300
time : 6537.990696668625
('algorithm', 'LocalCORES')
('gpu', 1)
('seed', 13)
('save_dir', './record/')
('rounds2', 200)
('local_ep', 5)
('frac2', 0.1)
('num_users', 100)
('local_bs', 32)
('lr', 0.1)
('model', 'lenet')
('num_classes', 10)
('level_n_system', 0.5)
('level_n_lowerb', 0.3)
('alpha_dirichlet', 10)
('non_iid_prob_class', 0.7)
('dataset', 'mnist')
('iid', True)
('LID_k', 20)
('iteration1', 5)
('rounds1', 200)
('frac1', 0.01)
('pretrained', False)
('mixup', False)
('alpha', 1)
('beta', 5)
('relabel_ratio', 0.5)
('confidence_thres', 0.5)
('clean_set_thres', 0.1)
('fine_tuning', True)
('correction', True)
('T_pl', 100)
('lambda_cen', 1.0)
('lambda_e', 0.8)
('num_gradual', 10)
('forget_rate', 0.2)
('lr_decay', 0.1)
('schedule', [])
('momentum', 0.5)
('weight_decay', 0.0001)
('feature_dim', 128)
('plr', 0.05)
('lamda', 15)
('K', 5)
('gamma', 1)
('begin_sel', 10)
('max_beta', 2)
('mu', 0.01)
('device', device(type='cuda', index=1))
Client 0, noise level: 0.7877 (0.7089), real noise ratio: 0.7100
Client 2, noise level: 0.4944 (0.4450), real noise ratio: 0.4383
Client 3, noise level: 0.4635 (0.4172), real noise ratio: 0.4250
Client 4, noise level: 0.8920 (0.8028), real noise ratio: 0.8300
Client 6, noise level: 0.7822 (0.7040), real noise ratio: 0.6883
Client 7, noise level: 0.4074 (0.3667), real noise ratio: 0.3583
Client 8, noise level: 0.4425 (0.3983), real noise ratio: 0.3883
Client 9, noise level: 0.3473 (0.3126), real noise ratio: 0.3000
Client 13, noise level: 0.4574 (0.4116), real noise ratio: 0.4017
Client 15, noise level: 0.3237 (0.2913), real noise ratio: 0.2733
Client 20, noise level: 0.7283 (0.6555), real noise ratio: 0.6533
Client 23, noise level: 0.5618 (0.5056), real noise ratio: 0.5233
Client 26, noise level: 0.8716 (0.7844), real noise ratio: 0.7683
Client 27, noise level: 0.3558 (0.3202), real noise ratio: 0.3250
Client 29, noise level: 0.8867 (0.7980), real noise ratio: 0.8017
Client 30, noise level: 0.6949 (0.6254), real noise ratio: 0.6050
Client 32, noise level: 0.4015 (0.3614), real noise ratio: 0.3617
Client 33, noise level: 0.3690 (0.3321), real noise ratio: 0.3200
Client 35, noise level: 0.7970 (0.7173), real noise ratio: 0.7317
Client 38, noise level: 0.5606 (0.5045), real noise ratio: 0.4783
Client 41, noise level: 0.7353 (0.6618), real noise ratio: 0.6850
Client 42, noise level: 0.8045 (0.7240), real noise ratio: 0.6917
Client 47, noise level: 0.4586 (0.4127), real noise ratio: 0.4233
Client 48, noise level: 0.5133 (0.4620), real noise ratio: 0.4667
Client 50, noise level: 0.7860 (0.7074), real noise ratio: 0.6750
Client 51, noise level: 0.3370 (0.3033), real noise ratio: 0.2983
Client 56, noise level: 0.5591 (0.5031), real noise ratio: 0.4833
Client 57, noise level: 0.6532 (0.5879), real noise ratio: 0.5683
Client 59, noise level: 0.3915 (0.3523), real noise ratio: 0.3383
Client 60, noise level: 0.8911 (0.8020), real noise ratio: 0.7717
Client 62, noise level: 0.4187 (0.3768), real noise ratio: 0.4017
Client 67, noise level: 0.3696 (0.3326), real noise ratio: 0.3417
Client 68, noise level: 0.9393 (0.8454), real noise ratio: 0.8667
Client 69, noise level: 0.7046 (0.6341), real noise ratio: 0.6133
Client 72, noise level: 0.3069 (0.2762), real noise ratio: 0.2900
Client 75, noise level: 0.7848 (0.7064), real noise ratio: 0.6717
Client 78, noise level: 0.3984 (0.3586), real noise ratio: 0.3617
Client 79, noise level: 0.7685 (0.6916), real noise ratio: 0.6867
Client 80, noise level: 0.5127 (0.4614), real noise ratio: 0.4517
Client 83, noise level: 0.4420 (0.3978), real noise ratio: 0.4433
Client 88, noise level: 0.4144 (0.3729), real noise ratio: 0.3617
Client 90, noise level: 0.4952 (0.4457), real noise ratio: 0.4367
Client 91, noise level: 0.4432 (0.3989), real noise ratio: 0.4250
Client 94, noise level: 0.3650 (0.3285), real noise ratio: 0.3150
Client 98, noise level: 0.5071 (0.4564), real noise ratio: 0.4767
Client 99, noise level: 0.4163 (0.3747), real noise ratio: 0.3800
Round 0 global test acc  73.6100
Round 1 global test acc  75.6200
Round 2 global test acc  84.0600
Round 3 global test acc  82.8500
Round 4 global test acc  83.0700
Round 5 global test acc  82.6200
Round 6 global test acc  85.8800
Round 7 global test acc  89.5500
Round 8 global test acc  72.3700
Round 9 global test acc  87.4200
Round 10 global test acc  89.3300
Round 11 global test acc  62.0600
Round 12 global test acc  49.6300
Round 13 global test acc  55.7000
Round 14 global test acc  38.2200
Round 15 global test acc  58.6800
Round 16 global test acc  60.3300
Round 17 global test acc  52.7300
Round 18 global test acc  64.7800
Round 19 global test acc  77.6500
Round 20 global test acc  67.4100
Round 21 global test acc  70.4300
Round 22 global test acc  43.4100
Round 23 global test acc  40.1000
Round 24 global test acc  46.1400
Round 25 global test acc  81.2800
Round 26 global test acc  72.3300
Round 27 global test acc  77.5300
Round 28 global test acc  31.2300
Round 29 global test acc  39.5900
Round 30 global test acc  78.0900
Round 31 global test acc  47.1400
Round 32 global test acc  86.3300
Round 33 global test acc  50.6700
Round 34 global test acc  80.6500
Round 35 global test acc  67.2600
Round 36 global test acc  73.4600
Round 37 global test acc  64.7200
Round 38 global test acc  44.5000
Round 39 global test acc  57.7600
Round 40 global test acc  59.7500
Round 41 global test acc  86.8200
Round 42 global test acc  74.3300
Round 43 global test acc  48.8300
Round 44 global test acc  39.6000
Round 45 global test acc  78.8400
Round 46 global test acc  74.9100
Round 47 global test acc  65.1300
Round 48 global test acc  54.0100
Round 49 global test acc  71.5600
Round 50 global test acc  46.9700
Round 51 global test acc  58.6900
Round 52 global test acc  65.4700
Round 53 global test acc  83.3900
Round 54 global test acc  43.9100
Round 55 global test acc  63.2200
Round 56 global test acc  77.7400
Round 57 global test acc  93.0000
Round 58 global test acc  87.1800
Round 59 global test acc  62.2000
Round 60 global test acc  64.7900
Round 61 global test acc  89.1500
Round 62 global test acc  61.4900
Round 63 global test acc  35.7300
Round 64 global test acc  48.5300
Round 65 global test acc  78.1300
Round 66 global test acc  88.7300
Round 67 global test acc  86.5100
Round 68 global test acc  85.9000
Round 69 global test acc  85.1500
Round 70 global test acc  55.5800
Round 71 global test acc  77.8500
Round 72 global test acc  38.0500
Round 73 global test acc  40.7100
Round 74 global test acc  75.3700
Round 75 global test acc  93.6000
Round 76 global test acc  78.5500
Round 77 global test acc  71.1800
Round 78 global test acc  35.5400
Round 79 global test acc  88.4700
Round 80 global test acc  87.7900
Round 81 global test acc  82.8000
Round 82 global test acc  85.0900
Round 83 global test acc  78.7100
Round 84 global test acc  89.4300
Round 85 global test acc  14.9900
Round 86 global test acc  69.9100
Round 87 global test acc  77.0200
Round 88 global test acc  84.5800
Round 89 global test acc  75.6900
Round 90 global test acc  77.4300
Round 91 global test acc  49.2200
Round 92 global test acc  67.8400
Round 93 global test acc  71.1900
Round 94 global test acc  72.8100
Round 95 global test acc  79.6100
Round 96 global test acc  71.1300
Round 97 global test acc  59.9800
Round 98 global test acc  71.4000
Round 99 global test acc  83.9200
Round 100 global test acc  44.2100
Round 101 global test acc  85.3800
Round 102 global test acc  89.5200
Round 103 global test acc  90.9600
Round 104 global test acc  68.5500
Round 105 global test acc  50.5300
Round 106 global test acc  49.9200
Round 107 global test acc  87.0600
Round 108 global test acc  45.1900
Round 109 global test acc  88.4800
Round 110 global test acc  91.8100
Round 111 global test acc  77.9300
Round 112 global test acc  75.0900
Round 113 global test acc  62.2600
Round 114 global test acc  66.1700
Round 115 global test acc  90.2300
Round 116 global test acc  75.9600
Round 117 global test acc  78.8400
Round 118 global test acc  62.7600
Round 119 global test acc  72.6600
Round 120 global test acc  70.5700
Round 121 global test acc  91.7600
Round 122 global test acc  78.7300
Round 123 global test acc  91.7500
Round 124 global test acc  80.9400
Round 125 global test acc  55.6800
Round 126 global test acc  76.7000
Round 127 global test acc  79.2200
Round 128 global test acc  79.9800
Round 129 global test acc  88.5000
Round 130 global test acc  90.2300
Round 131 global test acc  45.5400
Round 132 global test acc  49.5600
Round 133 global test acc  89.1300
Round 134 global test acc  71.1100
Round 135 global test acc  53.9700
Round 136 global test acc  57.1300
Round 137 global test acc  52.1800
Round 138 global test acc  79.6800
Round 139 global test acc  77.6600
Round 140 global test acc  87.4500
Round 141 global test acc  36.9200
Round 142 global test acc  80.1000
Round 143 global test acc  93.1100
Round 144 global test acc  93.1900
Round 145 global test acc  68.7100
Round 146 global test acc  63.4500
Round 147 global test acc  88.6500
Round 148 global test acc  80.7300
Round 149 global test acc  86.0400
Round 150 global test acc  93.0800
Round 151 global test acc  54.7100
Round 152 global test acc  51.5100
Round 153 global test acc  57.8300
Round 154 global test acc  83.7500
Round 155 global test acc  85.0700
Round 156 global test acc  87.7300
Round 157 global test acc  95.0100
Round 158 global test acc  66.0700
Round 159 global test acc  82.0500
Round 160 global test acc  88.0800
Round 161 global test acc  73.3500
Round 162 global test acc  54.5300
Round 163 global test acc  94.1100
Round 164 global test acc  83.7700
Round 165 global test acc  73.8000
Round 166 global test acc  77.4100
Round 167 global test acc  65.6800
Round 168 global test acc  80.2800
Round 169 global test acc  83.2000
Round 170 global test acc  71.5000
Round 171 global test acc  68.0100
Round 172 global test acc  60.4300
Round 173 global test acc  39.2400
Round 174 global test acc  90.3900
Round 175 global test acc  68.9800
Round 176 global test acc  70.0800
Round 177 global test acc  54.1000
Round 178 global test acc  76.6800
Round 179 global test acc  77.5100
Round 180 global test acc  86.7900
Round 181 global test acc  93.6600
Round 182 global test acc  65.4400
Round 183 global test acc  47.2500
Round 184 global test acc  82.1900
Round 185 global test acc  90.1900
Round 186 global test acc  83.6600
Round 187 global test acc  91.7000
Round 188 global test acc  75.2700
Round 189 global test acc  69.5300
Round 190 global test acc  60.7200
Round 191 global test acc  77.9200
Round 192 global test acc  65.9000
Round 193 global test acc  52.2400
Round 194 global test acc  59.4000
Round 195 global test acc  49.5500
Round 196 global test acc  55.2200
Round 197 global test acc  82.0800
Round 198 global test acc  65.6300
Round 199 global test acc  58.1300
time : 6518.8475341796875
