('algorithm', 'MR')
('gpu', 0)
('seed', 13)
('save_dir', './record/')
('rounds2', 200)
('local_ep', 5)
('frac2', 0.1)
('num_users', 100)
('local_bs', 32)
('lr', 0.1)
('model', 'lenet')
('num_classes', 10)
('level_n_system', 0.5)
('level_n_lowerb', 0.3)
('alpha_dirichlet', 10)
('non_iid_prob_class', 0.7)
('dataset', 'mnist')
('iid', True)
('LID_k', 20)
('iteration1', 5)
('rounds1', 200)
('frac1', 0.01)
('pretrained', False)
('mixup', False)
('alpha', 1)
('beta', 5)
('relabel_ratio', 0.5)
('confidence_thres', 0.5)
('clean_set_thres', 0.1)
('fine_tuning', True)
('correction', True)
('T_pl', 100)
('lambda_cen', 1.0)
('lambda_e', 0.8)
('num_gradual', 10)
('forget_rate', 0.2)
('lr_decay', 0.1)
('schedule', [])
('momentum', 0.5)
('weight_decay', 0.0001)
('feature_dim', 128)
('plr', 0.1)
('lamda', 15)
('K', 5)
('gamma', 1)
('begin_sel', 10)
('device', device(type='cuda', index=0))
Client 0, noise level: 0.7877 (0.7089), real noise ratio: 0.7079
Client 2, noise level: 0.4944 (0.4450), real noise ratio: 0.4536
Client 3, noise level: 0.4635 (0.4172), real noise ratio: 0.4107
Client 4, noise level: 0.8920 (0.8028), real noise ratio: 0.8007
Client 6, noise level: 0.7822 (0.7040), real noise ratio: 0.6735
Client 7, noise level: 0.4074 (0.3667), real noise ratio: 0.3694
Client 8, noise level: 0.4425 (0.3983), real noise ratio: 0.3711
Client 9, noise level: 0.3473 (0.3126), real noise ratio: 0.3162
Client 13, noise level: 0.4574 (0.4116), real noise ratio: 0.3986
Client 15, noise level: 0.3237 (0.2913), real noise ratio: 0.2595
Client 20, noise level: 0.7283 (0.6555), real noise ratio: 0.6770
Client 23, noise level: 0.5618 (0.5056), real noise ratio: 0.4742
Client 26, noise level: 0.8716 (0.7844), real noise ratio: 0.7852
Client 27, noise level: 0.3558 (0.3202), real noise ratio: 0.3230
Client 29, noise level: 0.8867 (0.7980), real noise ratio: 0.7921
Client 30, noise level: 0.6949 (0.6254), real noise ratio: 0.6323
Client 32, noise level: 0.4015 (0.3614), real noise ratio: 0.3660
Client 33, noise level: 0.3690 (0.3321), real noise ratio: 0.3024
Client 35, noise level: 0.7970 (0.7173), real noise ratio: 0.7698
Client 38, noise level: 0.5606 (0.5045), real noise ratio: 0.4691
Client 41, noise level: 0.7353 (0.6618), real noise ratio: 0.6632
Client 42, noise level: 0.8045 (0.7240), real noise ratio: 0.7148
Client 47, noise level: 0.4586 (0.4127), real noise ratio: 0.4175
Client 48, noise level: 0.5133 (0.4620), real noise ratio: 0.4639
Client 50, noise level: 0.7860 (0.7074), real noise ratio: 0.6976
Client 51, noise level: 0.3370 (0.3033), real noise ratio: 0.3127
Client 56, noise level: 0.5591 (0.5031), real noise ratio: 0.5172
Client 57, noise level: 0.6532 (0.5879), real noise ratio: 0.5670
Client 59, noise level: 0.3915 (0.3523), real noise ratio: 0.3522
Client 60, noise level: 0.8911 (0.8020), real noise ratio: 0.8024
Client 62, noise level: 0.4187 (0.3768), real noise ratio: 0.3711
Client 67, noise level: 0.3696 (0.3326), real noise ratio: 0.3694
Client 68, noise level: 0.9393 (0.8454), real noise ratio: 0.8351
Client 69, noise level: 0.7046 (0.6341), real noise ratio: 0.6065
Client 72, noise level: 0.3069 (0.2762), real noise ratio: 0.2973
Client 75, noise level: 0.7848 (0.7064), real noise ratio: 0.6976
Client 78, noise level: 0.3984 (0.3586), real noise ratio: 0.3677
Client 79, noise level: 0.7685 (0.6916), real noise ratio: 0.6838
Client 80, noise level: 0.5127 (0.4614), real noise ratio: 0.4364
Client 83, noise level: 0.4420 (0.3978), real noise ratio: 0.4141
Client 88, noise level: 0.4144 (0.3729), real noise ratio: 0.3711
Client 90, noise level: 0.4952 (0.4457), real noise ratio: 0.4467
Client 91, noise level: 0.4432 (0.3989), real noise ratio: 0.3574
Client 94, noise level: 0.3650 (0.3285), real noise ratio: 0.3471
Client 98, noise level: 0.5071 (0.4564), real noise ratio: 0.4467
Client 99, noise level: 0.4163 (0.3747), real noise ratio: 0.4003
Round 0 global test acc  67.2165
Round 1 global test acc  83.2577
Round 2 global test acc  77.3918
Round 3 global test acc  75.1649
Round 4 global test acc  87.1340
Round 5 global test acc  86.4536
Round 6 global test acc  86.2680
Round 7 global test acc  91.3918
Round 8 global test acc  91.9897
Round 9 global test acc  89.3918
Round 10 global test acc  91.6907
Round 11 global test acc  92.9794
Round 12 global test acc  92.1237
Round 13 global test acc  93.1031
Round 14 global test acc  90.1856
Round 15 global test acc  86.9897
Round 16 global test acc  93.6701
Round 17 global test acc  93.9485
Round 18 global test acc  94.2371
Round 19 global test acc  94.7113
Round 20 global test acc  95.0515
Round 21 global test acc  94.8866
Round 22 global test acc  94.5155
Round 23 global test acc  95.1134
Round 24 global test acc  94.1959
Round 25 global test acc  94.3505
Round 26 global test acc  95.2268
Round 27 global test acc  95.1443
Round 28 global test acc  95.4227
Round 29 global test acc  94.9381
Round 30 global test acc  95.3402
Round 31 global test acc  95.3402
Round 32 global test acc  95.2371
Round 33 global test acc  95.5155
Round 34 global test acc  95.5670
Round 35 global test acc  94.4536
Round 36 global test acc  95.1134
Round 37 global test acc  94.7423
Round 38 global test acc  95.1753
Round 39 global test acc  95.7629
Round 40 global test acc  95.5258
Round 41 global test acc  95.4433
Round 42 global test acc  95.5979
Round 43 global test acc  95.7835
Round 44 global test acc  95.7938
Round 45 global test acc  95.3918
Round 46 global test acc  94.3814
Round 47 global test acc  95.6907
Round 48 global test acc  95.4742
Round 49 global test acc  95.6289
Round 50 global test acc  95.4948
Round 51 global test acc  95.8969
Round 52 global test acc  95.5567
Round 53 global test acc  95.8763
Round 54 global test acc  95.2165
Round 55 global test acc  95.8866
Round 56 global test acc  95.9794
Round 57 global test acc  95.1856
Round 58 global test acc  95.6289
Round 59 global test acc  95.7732
Round 60 global test acc  95.3608
Round 61 global test acc  95.8660
Round 62 global test acc  95.8969
Round 63 global test acc  94.4536
Round 64 global test acc  94.7010
Round 65 global test acc  95.9691
Round 66 global test acc  96.0309
Round 67 global test acc  94.9588
Round 68 global test acc  95.5155
Round 69 global test acc  95.7938
Round 70 global test acc  95.5361
Round 71 global test acc  95.4021
Round 72 global test acc  95.8660
Round 73 global test acc  95.9897
Round 74 global test acc  95.8660
Round 75 global test acc  95.6701
Round 76 global test acc  95.8454
Round 77 global test acc  95.3711
Round 78 global test acc  95.4124
Round 79 global test acc  93.5773
Round 80 global test acc  95.7423
Round 81 global test acc  94.3196
Round 82 global test acc  96.0309
Round 83 global test acc  96.0309
Round 84 global test acc  95.9794
Round 85 global test acc  95.2371
Round 86 global test acc  95.1753
Round 87 global test acc  95.6598
Round 88 global test acc  95.1753
Round 89 global test acc  95.6907
Round 90 global test acc  95.7732
Round 91 global test acc  95.7216
Round 92 global test acc  95.6701
Round 93 global test acc  95.8351
Round 94 global test acc  96.0515
Round 95 global test acc  95.3402
Round 96 global test acc  95.7835
Round 97 global test acc  95.7320
Round 98 global test acc  95.6598
Round 99 global test acc  95.6495
Round 100 global test acc  95.7320
Round 101 global test acc  95.4536
Round 102 global test acc  95.0412
Round 103 global test acc  94.4639
Round 104 global test acc  95.3711
Round 105 global test acc  95.5876
Round 106 global test acc  93.3711
Round 107 global test acc  95.3299
Round 108 global test acc  95.4742
Round 109 global test acc  95.4433
Round 110 global test acc  95.6804
Round 111 global test acc  95.6186
Round 112 global test acc  95.8454
Round 113 global test acc  95.2990
Round 114 global test acc  95.2371
Round 115 global test acc  95.1649
Round 116 global test acc  94.9072
Round 117 global test acc  95.4021
Round 118 global test acc  95.6804
Round 119 global test acc  96.0103
Round 120 global test acc  95.6392
Round 121 global test acc  95.8969
Round 122 global test acc  95.6289
Round 123 global test acc  95.5052
Round 124 global test acc  95.8557
Round 125 global test acc  96.1031
Round 126 global test acc  95.7526
Round 127 global test acc  95.7732
Round 128 global test acc  95.8660
Round 129 global test acc  95.7629
Round 130 global test acc  95.8351
Round 131 global test acc  96.0206
Round 132 global test acc  95.4845
Round 133 global test acc  93.0928
Round 134 global test acc  95.4124
Round 135 global test acc  95.6289
Round 136 global test acc  96.0309
Round 137 global test acc  95.9278
Round 138 global test acc  96.0928
Round 139 global test acc  95.3608
Round 140 global test acc  95.7423
Round 141 global test acc  95.7216
Round 142 global test acc  95.8247
Round 143 global test acc  95.7732
Round 144 global test acc  95.2887
Round 145 global test acc  95.2165
Round 146 global test acc  95.3608
Round 147 global test acc  95.8144
Round 148 global test acc  95.7732
Round 149 global test acc  94.8969
Round 150 global test acc  95.0825
Round 151 global test acc  94.3402
Round 152 global test acc  95.5155
Round 153 global test acc  95.6186
Round 154 global test acc  95.6289
Round 155 global test acc  95.5979
Round 156 global test acc  95.2165
Round 157 global test acc  95.4845
Round 158 global test acc  95.4433
Round 159 global test acc  95.3299
Round 160 global test acc  94.3299
Round 161 global test acc  95.4948
Round 162 global test acc  95.2371
Round 163 global test acc  95.6804
Round 164 global test acc  95.5670
Round 165 global test acc  95.6598
Round 166 global test acc  95.5052
Round 167 global test acc  95.6082
Round 168 global test acc  95.0928
Round 169 global test acc  95.0825
Round 170 global test acc  95.0412
Round 171 global test acc  95.4639
Round 172 global test acc  95.2371
Round 173 global test acc  95.0619
Round 174 global test acc  95.2784
Round 175 global test acc  94.7938
Round 176 global test acc  95.1753
Round 177 global test acc  95.5361
Round 178 global test acc  94.7732
Round 179 global test acc  95.0619
Round 180 global test acc  95.2990
Round 181 global test acc  95.4742
Round 182 global test acc  95.4845
Round 183 global test acc  95.5258
Round 184 global test acc  95.2371
Round 185 global test acc  95.2474
Round 186 global test acc  95.4742
Round 187 global test acc  95.5361
Round 188 global test acc  95.4433
Round 189 global test acc  94.0619
Round 190 global test acc  95.9381
Round 191 global test acc  95.3505
Round 192 global test acc  95.6804
Round 193 global test acc  95.2165
Round 194 global test acc  95.2680
Round 195 global test acc  95.6186
Round 196 global test acc  95.2990
Round 197 global test acc  95.3505
Round 198 global test acc  95.3402
Round 199 global test acc  95.3814
time : 892.0395636558533
('algorithm', 'MR')
('gpu', 0)
('seed', 13)
('save_dir', './record/')
('rounds2', 200)
('local_ep', 5)
('frac2', 0.1)
('num_users', 100)
('local_bs', 32)
('lr', 0.1)
('model', 'lenet')
('num_classes', 10)
('level_n_system', 0.5)
('level_n_lowerb', 0.3)
('alpha_dirichlet', 10)
('non_iid_prob_class', 0.7)
('dataset', 'mnist')
('iid', True)
('LID_k', 20)
('iteration1', 5)
('rounds1', 200)
('frac1', 0.01)
('pretrained', False)
('mixup', False)
('alpha', 1)
('beta', 5)
('relabel_ratio', 0.5)
('confidence_thres', 0.5)
('clean_set_thres', 0.1)
('fine_tuning', True)
('correction', True)
('T_pl', 100)
('lambda_cen', 1.0)
('lambda_e', 0.8)
('num_gradual', 10)
('forget_rate', 0.2)
('lr_decay', 0.1)
('schedule', [])
('momentum', 0.5)
('weight_decay', 0.0001)
('feature_dim', 128)
('plr', 0.1)
('lamda', 15)
('K', 5)
('gamma', 1)
('begin_sel', 10)
('mu', 0.01)
('device', device(type='cuda', index=0))
Client 0, noise level: 0.7877 (0.7089), real noise ratio: 0.7079
Client 2, noise level: 0.4944 (0.4450), real noise ratio: 0.4536
Client 3, noise level: 0.4635 (0.4172), real noise ratio: 0.4107
Client 4, noise level: 0.8920 (0.8028), real noise ratio: 0.8007
Client 6, noise level: 0.7822 (0.7040), real noise ratio: 0.6735
Client 7, noise level: 0.4074 (0.3667), real noise ratio: 0.3694
Client 8, noise level: 0.4425 (0.3983), real noise ratio: 0.3711
Client 9, noise level: 0.3473 (0.3126), real noise ratio: 0.3162
Client 13, noise level: 0.4574 (0.4116), real noise ratio: 0.3986
Client 15, noise level: 0.3237 (0.2913), real noise ratio: 0.2595
Client 20, noise level: 0.7283 (0.6555), real noise ratio: 0.6770
Client 23, noise level: 0.5618 (0.5056), real noise ratio: 0.4742
Client 26, noise level: 0.8716 (0.7844), real noise ratio: 0.7852
Client 27, noise level: 0.3558 (0.3202), real noise ratio: 0.3230
Client 29, noise level: 0.8867 (0.7980), real noise ratio: 0.7921
Client 30, noise level: 0.6949 (0.6254), real noise ratio: 0.6323
Client 32, noise level: 0.4015 (0.3614), real noise ratio: 0.3660
Client 33, noise level: 0.3690 (0.3321), real noise ratio: 0.3024
Client 35, noise level: 0.7970 (0.7173), real noise ratio: 0.7698
Client 38, noise level: 0.5606 (0.5045), real noise ratio: 0.4691
Client 41, noise level: 0.7353 (0.6618), real noise ratio: 0.6632
Client 42, noise level: 0.8045 (0.7240), real noise ratio: 0.7148
Client 47, noise level: 0.4586 (0.4127), real noise ratio: 0.4175
Client 48, noise level: 0.5133 (0.4620), real noise ratio: 0.4639
Client 50, noise level: 0.7860 (0.7074), real noise ratio: 0.6976
Client 51, noise level: 0.3370 (0.3033), real noise ratio: 0.3127
Client 56, noise level: 0.5591 (0.5031), real noise ratio: 0.5172
Client 57, noise level: 0.6532 (0.5879), real noise ratio: 0.5670
Client 59, noise level: 0.3915 (0.3523), real noise ratio: 0.3522
Client 60, noise level: 0.8911 (0.8020), real noise ratio: 0.8024
Client 62, noise level: 0.4187 (0.3768), real noise ratio: 0.3711
Client 67, noise level: 0.3696 (0.3326), real noise ratio: 0.3694
Client 68, noise level: 0.9393 (0.8454), real noise ratio: 0.8351
Client 69, noise level: 0.7046 (0.6341), real noise ratio: 0.6065
Client 72, noise level: 0.3069 (0.2762), real noise ratio: 0.2973
Client 75, noise level: 0.7848 (0.7064), real noise ratio: 0.6976
Client 78, noise level: 0.3984 (0.3586), real noise ratio: 0.3677
Client 79, noise level: 0.7685 (0.6916), real noise ratio: 0.6838
Client 80, noise level: 0.5127 (0.4614), real noise ratio: 0.4364
Client 83, noise level: 0.4420 (0.3978), real noise ratio: 0.4141
Client 88, noise level: 0.4144 (0.3729), real noise ratio: 0.3711
Client 90, noise level: 0.4952 (0.4457), real noise ratio: 0.4467
Client 91, noise level: 0.4432 (0.3989), real noise ratio: 0.3574
Client 94, noise level: 0.3650 (0.3285), real noise ratio: 0.3471
Client 98, noise level: 0.5071 (0.4564), real noise ratio: 0.4467
Client 99, noise level: 0.4163 (0.3747), real noise ratio: 0.4003
Round 0 global test acc  71.4536
Round 1 global test acc  85.2062
Round 2 global test acc  89.1237
Round 3 global test acc  88.9485
Round 4 global test acc  91.1134
Round 5 global test acc  91.3402
Round 6 global test acc  87.3814
Round 7 global test acc  88.6598
Round 8 global test acc  93.1753
Round 9 global test acc  92.5876
Round 10 global test acc  93.8660
Round 11 global test acc  94.4845
Round 12 global test acc  93.0825
Round 13 global test acc  94.1753
Round 14 global test acc  93.4845
Round 15 global test acc  93.6392
Round 16 global test acc  94.9485
Round 17 global test acc  95.5258
Round 18 global test acc  94.8660
Round 19 global test acc  94.6804
Round 20 global test acc  95.4845
Round 21 global test acc  95.8454
Round 22 global test acc  95.5052
Round 23 global test acc  95.7526
Round 24 global test acc  95.6289
Round 25 global test acc  95.4845
Round 26 global test acc  95.7629
Round 27 global test acc  95.8763
Round 28 global test acc  95.9588
Round 29 global test acc  95.7938
Round 30 global test acc  96.0619
Round 31 global test acc  95.9175
Round 32 global test acc  96.1856
Round 33 global test acc  96.2268
Round 34 global test acc  96.6907
Round 35 global test acc  96.0000
Round 36 global test acc  95.8866
Round 37 global test acc  94.2577
Round 38 global test acc  95.8454
Round 39 global test acc  96.5361
Round 40 global test acc  96.4742
Round 41 global test acc  96.1959
Round 42 global test acc  96.3608
Round 43 global test acc  96.3402
Round 44 global test acc  96.0309
Round 45 global test acc  96.5052
Round 46 global test acc  96.2784
Round 47 global test acc  96.2784
Round 48 global test acc  96.1340
Round 49 global test acc  72.4021
Round 50 global test acc  95.8866
Round 51 global test acc  96.4227
Round 52 global test acc  95.3299
Round 53 global test acc  96.6082
Round 54 global test acc  96.3402
Round 55 global test acc  96.6495
Round 56 global test acc  96.4845
Round 57 global test acc  96.1649
Round 58 global test acc  96.5670
Round 59 global test acc  96.3918
Round 60 global test acc  96.3505
Round 61 global test acc  96.5670
Round 62 global test acc  96.3299
Round 63 global test acc  96.2784
Round 64 global test acc  96.6804
Round 65 global test acc  96.5361
Round 66 global test acc  96.5773
Round 67 global test acc  96.1856
Round 68 global test acc  96.4124
Round 69 global test acc  96.4330
Round 70 global test acc  96.2887
Round 71 global test acc  95.1031
Round 72 global test acc  96.5567
Round 73 global test acc  96.5052
Round 74 global test acc  96.4227
Round 75 global test acc  96.3711
Round 76 global test acc  96.2268
Round 77 global test acc  96.2577
Round 78 global test acc  96.2062
Round 79 global test acc  96.0722
Round 80 global test acc  96.2062
Round 81 global test acc  96.5361
Round 82 global test acc  96.6701
Round 83 global test acc  96.4742
Round 84 global test acc  96.4845
Round 85 global test acc  96.2784
Round 86 global test acc  96.6392
Round 87 global test acc  96.3711
Round 88 global test acc  96.4330
Round 89 global test acc  96.5876
Round 90 global test acc  96.2165
Round 91 global test acc  96.4330
Round 92 global test acc  96.3505
Round 93 global test acc  96.3814
Round 94 global test acc  96.5670
Round 95 global test acc  96.5567
Round 96 global test acc  96.6082
Round 97 global test acc  96.3711
Round 98 global test acc  96.4845
Round 99 global test acc  96.2474
Round 100 global test acc  96.4021
Round 101 global test acc  96.3918
Round 102 global test acc  96.0515
Round 103 global test acc  94.9588
Round 104 global test acc  96.0412
Round 105 global test acc  96.2062
Round 106 global test acc  95.8454
Round 107 global test acc  96.1237
Round 108 global test acc  96.3299
Round 109 global test acc  91.7938
Round 110 global test acc  95.7938
Round 111 global test acc  95.9588
Round 112 global test acc  95.9897
Round 113 global test acc  95.9278
Round 114 global test acc  95.7732
Round 115 global test acc  95.7320
Round 116 global test acc  95.7216
Round 117 global test acc  96.1649
Round 118 global test acc  96.4124
Round 119 global test acc  96.4639
Round 120 global test acc  92.3814
Round 121 global test acc  96.2887
Round 122 global test acc  96.5258
Round 123 global test acc  96.4845
Round 124 global test acc  96.5258
Round 125 global test acc  96.7010
Round 126 global test acc  96.1443
Round 127 global test acc  96.5155
Round 128 global test acc  96.0722
Round 129 global test acc  96.3814
Round 130 global test acc  96.1443
Round 131 global test acc  96.5155
Round 132 global test acc  96.4742
Round 133 global test acc  94.8454
Round 134 global test acc  95.9175
Round 135 global test acc  96.0309
Round 136 global test acc  96.2371
Round 137 global test acc  96.3814
Round 138 global test acc  96.4948
Round 139 global test acc  95.3711
Round 140 global test acc  96.2062
Round 141 global test acc  95.9897
Round 142 global test acc  96.2887
Round 143 global test acc  96.2268
Round 144 global test acc  96.1546
Round 145 global test acc  96.2062
Round 146 global test acc  96.1031
Round 147 global test acc  96.3505
Round 148 global test acc  96.3299
Round 149 global test acc  92.4742
Round 150 global test acc  95.5773
Round 151 global test acc  95.7835
Round 152 global test acc  96.0722
Round 153 global test acc  96.0103
Round 154 global test acc  96.0619
Round 155 global test acc  96.3093
Round 156 global test acc  95.9485
Round 157 global test acc  96.3814
Round 158 global test acc  96.2680
Round 159 global test acc  96.1340
Round 160 global test acc  95.8866
Round 161 global test acc  96.5464
Round 162 global test acc  96.5464
Round 163 global test acc  96.6392
Round 164 global test acc  96.4330
Round 165 global test acc  96.2474
Round 166 global test acc  96.5155
Round 167 global test acc  96.6804
Round 168 global test acc  96.2371
Round 169 global test acc  95.6701
Round 170 global test acc  95.9381
Round 171 global test acc  96.3299
Round 172 global test acc  95.7526
Round 173 global test acc  96.0412
Round 174 global test acc  96.1753
Round 175 global test acc  96.4330
Round 176 global test acc  96.1031
Round 177 global test acc  96.5155
Round 178 global test acc  96.3196
Round 179 global test acc  96.1753
Round 180 global test acc  96.1856
Round 181 global test acc  96.4948
Round 182 global test acc  96.4433
Round 183 global test acc  96.4021
Round 184 global test acc  95.9072
Round 185 global test acc  96.1753
Round 186 global test acc  96.2680
Round 187 global test acc  96.2990
Round 188 global test acc  96.0619
Round 189 global test acc  95.8454
Round 190 global test acc  96.2577
Round 191 global test acc  95.6701
Round 192 global test acc  96.1237
Round 193 global test acc  95.6289
Round 194 global test acc  95.7938
Round 195 global test acc  96.2474
Round 196 global test acc  96.1856
Round 197 global test acc  96.3093
Round 198 global test acc  96.2062
Round 199 global test acc  96.2887
time : 899.5771169662476
('algorithm', 'MR')
('gpu', 0)
('seed', 13)
('save_dir', './record/')
('rounds2', 200)
('local_ep', 5)
('frac2', 0.1)
('num_users', 100)
('local_bs', 32)
('lr', 0.1)
('model', 'lenet')
('num_classes', 10)
('level_n_system', 0.5)
('level_n_lowerb', 0.3)
('alpha_dirichlet', 10)
('non_iid_prob_class', 0.7)
('dataset', 'mnist')
('iid', True)
('LID_k', 20)
('iteration1', 5)
('rounds1', 200)
('frac1', 0.01)
('pretrained', False)
('mixup', False)
('alpha', 1)
('beta', 5)
('relabel_ratio', 0.5)
('confidence_thres', 0.5)
('clean_set_thres', 0.1)
('fine_tuning', True)
('correction', True)
('T_pl', 100)
('lambda_cen', 1.0)
('lambda_e', 0.8)
('num_gradual', 10)
('forget_rate', 0.2)
('lr_decay', 0.1)
('schedule', [])
('momentum', 0.5)
('weight_decay', 0.0001)
('feature_dim', 128)
('plr', 0.1)
('lamda', 15)
('K', 5)
('gamma', 1)
('begin_sel', 10)
('mu', 0.01)
('device', device(type='cuda', index=0))
Client 0, noise level: 0.7877 (0.7089), real noise ratio: 0.7079
Client 2, noise level: 0.4944 (0.4450), real noise ratio: 0.4536
Client 3, noise level: 0.4635 (0.4172), real noise ratio: 0.4107
Client 4, noise level: 0.8920 (0.8028), real noise ratio: 0.8007
Client 6, noise level: 0.7822 (0.7040), real noise ratio: 0.6735
Client 7, noise level: 0.4074 (0.3667), real noise ratio: 0.3694
Client 8, noise level: 0.4425 (0.3983), real noise ratio: 0.3711
Client 9, noise level: 0.3473 (0.3126), real noise ratio: 0.3162
Client 13, noise level: 0.4574 (0.4116), real noise ratio: 0.3986
Client 15, noise level: 0.3237 (0.2913), real noise ratio: 0.2595
Client 20, noise level: 0.7283 (0.6555), real noise ratio: 0.6770
Client 23, noise level: 0.5618 (0.5056), real noise ratio: 0.4742
Client 26, noise level: 0.8716 (0.7844), real noise ratio: 0.7852
Client 27, noise level: 0.3558 (0.3202), real noise ratio: 0.3230
Client 29, noise level: 0.8867 (0.7980), real noise ratio: 0.7921
Client 30, noise level: 0.6949 (0.6254), real noise ratio: 0.6323
Client 32, noise level: 0.4015 (0.3614), real noise ratio: 0.3660
Client 33, noise level: 0.3690 (0.3321), real noise ratio: 0.3024
Client 35, noise level: 0.7970 (0.7173), real noise ratio: 0.7698
Client 38, noise level: 0.5606 (0.5045), real noise ratio: 0.4691
Client 41, noise level: 0.7353 (0.6618), real noise ratio: 0.6632
Client 42, noise level: 0.8045 (0.7240), real noise ratio: 0.7148
Client 47, noise level: 0.4586 (0.4127), real noise ratio: 0.4175
Client 48, noise level: 0.5133 (0.4620), real noise ratio: 0.4639
Client 50, noise level: 0.7860 (0.7074), real noise ratio: 0.6976
Client 51, noise level: 0.3370 (0.3033), real noise ratio: 0.3127
Client 56, noise level: 0.5591 (0.5031), real noise ratio: 0.5172
Client 57, noise level: 0.6532 (0.5879), real noise ratio: 0.5670
Client 59, noise level: 0.3915 (0.3523), real noise ratio: 0.3522
Client 60, noise level: 0.8911 (0.8020), real noise ratio: 0.8024
Client 62, noise level: 0.4187 (0.3768), real noise ratio: 0.3711
Client 67, noise level: 0.3696 (0.3326), real noise ratio: 0.3694
Client 68, noise level: 0.9393 (0.8454), real noise ratio: 0.8351
Client 69, noise level: 0.7046 (0.6341), real noise ratio: 0.6065
Client 72, noise level: 0.3069 (0.2762), real noise ratio: 0.2973
Client 75, noise level: 0.7848 (0.7064), real noise ratio: 0.6976
Client 78, noise level: 0.3984 (0.3586), real noise ratio: 0.3677
Client 79, noise level: 0.7685 (0.6916), real noise ratio: 0.6838
Client 80, noise level: 0.5127 (0.4614), real noise ratio: 0.4364
Client 83, noise level: 0.4420 (0.3978), real noise ratio: 0.4141
Client 88, noise level: 0.4144 (0.3729), real noise ratio: 0.3711
Client 90, noise level: 0.4952 (0.4457), real noise ratio: 0.4467
Client 91, noise level: 0.4432 (0.3989), real noise ratio: 0.3574
Client 94, noise level: 0.3650 (0.3285), real noise ratio: 0.3471
Client 98, noise level: 0.5071 (0.4564), real noise ratio: 0.4467
Client 99, noise level: 0.4163 (0.3747), real noise ratio: 0.4003
Round 0 global test acc  71.3814
Round 1 global test acc  80.2680
Round 2 global test acc  87.5258
Round 3 global test acc  88.7526
Round 4 global test acc  88.2990
Round 5 global test acc  91.0825
Round 6 global test acc  91.1340
Round 7 global test acc  92.6804
Round 8 global test acc  93.2268
Round 9 global test acc  91.9794
Round 10 global test acc  93.4124
Round 11 global test acc  93.7010
Round 12 global test acc  91.4845
Round 13 global test acc  93.1340
Round 14 global test acc  92.8247
Round 15 global test acc  94.2371
Round 16 global test acc  94.6186
Round 17 global test acc  95.3196
Round 18 global test acc  95.2062
Round 19 global test acc  90.1134
Round 20 global test acc  95.0515
Round 21 global test acc  95.2680
Round 22 global test acc  95.4330
Round 23 global test acc  94.8969
Round 24 global test acc  95.2784
Round 25 global test acc  95.2887
Round 26 global test acc  92.7835
Round 27 global test acc  95.3814
Round 28 global test acc  95.8144
Round 29 global test acc  95.9485
Round 30 global test acc  95.7732
Round 31 global test acc  95.8454
Round 32 global test acc  96.0103
Round 33 global test acc  96.1649
Round 34 global test acc  96.2371
Round 35 global test acc  96.0309
Round 36 global test acc  96.0000
Round 37 global test acc  95.9588
Round 38 global test acc  95.8557
Round 39 global test acc  95.7526
Round 40 global test acc  96.0309
Round 41 global test acc  96.3093
Round 42 global test acc  96.1546
Round 43 global test acc  95.9588
Round 44 global test acc  23.1649
Round 45 global test acc  95.7113
Round 46 global test acc  95.6907
Round 47 global test acc  95.8660
Round 48 global test acc  95.9897
Round 49 global test acc  96.0000
Round 50 global test acc  96.0000
Round 51 global test acc  96.3505
Round 52 global test acc  96.2165
Round 53 global test acc  94.5155
Round 54 global test acc  96.0515
Round 55 global test acc  96.1856
Round 56 global test acc  96.1237
Round 57 global test acc  96.0928
Round 58 global test acc  96.3711
Round 59 global test acc  96.1649
Round 60 global test acc  96.4845
Round 61 global test acc  96.3814
Round 62 global test acc  95.5876
Round 63 global test acc  96.2990
Round 64 global test acc  96.5773
Round 65 global test acc  93.4742
Round 66 global test acc  96.1443
Round 67 global test acc  95.7320
Round 68 global test acc  96.0722
Round 69 global test acc  96.1340
Round 70 global test acc  96.1856
Round 71 global test acc  96.3093
Round 72 global test acc  96.3814
Round 73 global test acc  96.5361
Round 74 global test acc  96.4742
Round 75 global test acc  96.2577
Round 76 global test acc  94.0000
Round 77 global test acc  96.2784
Round 78 global test acc  96.1546
Round 79 global test acc  96.3918
Round 80 global test acc  96.0928
Round 81 global test acc  96.3505
Round 82 global test acc  96.4021
Round 83 global test acc  96.4536
Round 84 global test acc  96.4330
Round 85 global test acc  96.2784
Round 86 global test acc  96.4536
Round 87 global test acc  96.3196
Round 88 global test acc  96.1959
Round 89 global test acc  88.8454
Round 90 global test acc  96.3505
Round 91 global test acc  95.5361
Round 92 global test acc  96.2577
Round 93 global test acc  95.2887
Round 94 global test acc  96.2062
Round 95 global test acc  96.3814
Round 96 global test acc  96.5670
Round 97 global test acc  96.2784
Round 98 global test acc  96.3196
Round 99 global test acc  96.2887
Round 100 global test acc  96.6186
Round 101 global test acc  96.4433
Round 102 global test acc  96.0928
Round 103 global test acc  96.0103
Round 104 global test acc  96.2577
Round 105 global test acc  96.4021
Round 106 global test acc  96.3196
Round 107 global test acc  96.2062
Round 108 global test acc  96.3093
Round 109 global test acc  96.5670
Round 110 global test acc  96.4948
Round 111 global test acc  96.4227
Round 112 global test acc  96.4536
Round 113 global test acc  96.0000
Round 114 global test acc  96.0103
Round 115 global test acc  95.9691
Round 116 global test acc  90.3608
Round 117 global test acc  96.3196
Round 118 global test acc  96.4227
Round 119 global test acc  96.5361
Round 120 global test acc  96.0412
Round 121 global test acc  96.6598
Round 122 global test acc  96.6082
Round 123 global test acc  96.5670
Round 124 global test acc  96.6701
Round 125 global test acc  96.7835
Round 126 global test acc  94.2371
Round 127 global test acc  96.1649
Round 128 global test acc  96.3299
Round 129 global test acc  96.3196
Round 130 global test acc  96.1753
Round 131 global test acc  96.4536
Round 132 global test acc  96.1340
Round 133 global test acc  96.1443
Round 134 global test acc  96.2990
Round 135 global test acc  94.7216
Round 136 global test acc  96.0722
Round 137 global test acc  96.1340
Round 138 global test acc  96.2165
Round 139 global test acc  95.8041
Round 140 global test acc  96.1959
Round 141 global test acc  96.2371
Round 142 global test acc  96.3093
Round 143 global test acc  96.3093
Round 144 global test acc  95.9691
Round 145 global test acc  96.2165
Round 146 global test acc  93.5876
Round 147 global test acc  96.1753
Round 148 global test acc  96.1443
Round 149 global test acc  96.0515
Round 150 global test acc  95.8144
Round 151 global test acc  96.0206
Round 152 global test acc  96.1546
Round 153 global test acc  96.2062
Round 154 global test acc  95.5155
Round 155 global test acc  96.0619
Round 156 global test acc  90.9897
Round 157 global test acc  95.6392
Round 158 global test acc  95.8144
Round 159 global test acc  95.8660
Round 160 global test acc  95.9485
Round 161 global test acc  95.7010
Round 162 global test acc  95.8866
Round 163 global test acc  95.8866
Round 164 global test acc  96.0825
Round 165 global test acc  96.2474
Round 166 global test acc  96.1856
Round 167 global test acc  96.2887
Round 168 global test acc  96.1649
Round 169 global test acc  96.1959
Round 170 global test acc  95.7320
Round 171 global test acc  95.8557
Round 172 global test acc  96.1959
Round 173 global test acc  96.2474
Round 174 global test acc  96.2680
Round 175 global test acc  96.4639
Round 176 global test acc  95.8247
Round 177 global test acc  96.3608
Round 178 global test acc  96.1443
Round 179 global test acc  95.7938
Round 180 global test acc  95.9897
Round 181 global test acc  96.3299
Round 182 global test acc  96.1959
Round 183 global test acc  96.1856
Round 184 global test acc  96.0000
Round 185 global test acc  96.1546
Round 186 global test acc  96.0206
Round 187 global test acc  96.0825
Round 188 global test acc  96.1031
Round 189 global test acc  95.9485
Round 190 global test acc  96.3093
Round 191 global test acc  96.0412
Round 192 global test acc  96.1753
Round 193 global test acc  95.3711
Round 194 global test acc  95.8454
Round 195 global test acc  96.0206
Round 196 global test acc  95.9175
Round 197 global test acc  95.8041
Round 198 global test acc  95.9072
Round 199 global test acc  96.0619
time : 900.7976412773132
('algorithm', 'MR')
('gpu', 0)
('seed', 13)
('save_dir', './record/')
('rounds2', 200)
('local_ep', 5)
('frac2', 0.1)
('num_users', 100)
('local_bs', 32)
('lr', 0.1)
('model', 'lenet')
('num_classes', 10)
('level_n_system', 0.5)
('level_n_lowerb', 0.3)
('alpha_dirichlet', 10)
('non_iid_prob_class', 0.7)
('dataset', 'mnist')
('iid', True)
('LID_k', 20)
('iteration1', 5)
('rounds1', 200)
('frac1', 0.01)
('pretrained', False)
('mixup', False)
('alpha', 1)
('beta', 5)
('relabel_ratio', 0.5)
('confidence_thres', 0.5)
('clean_set_thres', 0.1)
('fine_tuning', True)
('correction', True)
('T_pl', 100)
('lambda_cen', 1.0)
('lambda_e', 0.8)
('num_gradual', 10)
('forget_rate', 0.2)
('lr_decay', 0.1)
('schedule', [])
('momentum', 0.5)
('weight_decay', 0.0001)
('feature_dim', 128)
('plr', 0.1)
('lamda', 15)
('K', 5)
('gamma', 1)
('begin_sel', 10)
('mu', 0.01)
('device', device(type='cuda', index=0))
Client 0, noise level: 0.7877 (0.7089), real noise ratio: 0.7079
Client 2, noise level: 0.4944 (0.4450), real noise ratio: 0.4536
Client 3, noise level: 0.4635 (0.4172), real noise ratio: 0.4107
Client 4, noise level: 0.8920 (0.8028), real noise ratio: 0.8007
Client 6, noise level: 0.7822 (0.7040), real noise ratio: 0.6735
Client 7, noise level: 0.4074 (0.3667), real noise ratio: 0.3694
Client 8, noise level: 0.4425 (0.3983), real noise ratio: 0.3711
Client 9, noise level: 0.3473 (0.3126), real noise ratio: 0.3162
Client 13, noise level: 0.4574 (0.4116), real noise ratio: 0.3986
Client 15, noise level: 0.3237 (0.2913), real noise ratio: 0.2595
Client 20, noise level: 0.7283 (0.6555), real noise ratio: 0.6770
Client 23, noise level: 0.5618 (0.5056), real noise ratio: 0.4742
Client 26, noise level: 0.8716 (0.7844), real noise ratio: 0.7852
Client 27, noise level: 0.3558 (0.3202), real noise ratio: 0.3230
Client 29, noise level: 0.8867 (0.7980), real noise ratio: 0.7921
Client 30, noise level: 0.6949 (0.6254), real noise ratio: 0.6323
Client 32, noise level: 0.4015 (0.3614), real noise ratio: 0.3660
Client 33, noise level: 0.3690 (0.3321), real noise ratio: 0.3024
Client 35, noise level: 0.7970 (0.7173), real noise ratio: 0.7698
Client 38, noise level: 0.5606 (0.5045), real noise ratio: 0.4691
Client 41, noise level: 0.7353 (0.6618), real noise ratio: 0.6632
Client 42, noise level: 0.8045 (0.7240), real noise ratio: 0.7148
Client 47, noise level: 0.4586 (0.4127), real noise ratio: 0.4175
Client 48, noise level: 0.5133 (0.4620), real noise ratio: 0.4639
Client 50, noise level: 0.7860 (0.7074), real noise ratio: 0.6976
Client 51, noise level: 0.3370 (0.3033), real noise ratio: 0.3127
Client 56, noise level: 0.5591 (0.5031), real noise ratio: 0.5172
Client 57, noise level: 0.6532 (0.5879), real noise ratio: 0.5670
Client 59, noise level: 0.3915 (0.3523), real noise ratio: 0.3522
Client 60, noise level: 0.8911 (0.8020), real noise ratio: 0.8024
Client 62, noise level: 0.4187 (0.3768), real noise ratio: 0.3711
Client 67, noise level: 0.3696 (0.3326), real noise ratio: 0.3694
Client 68, noise level: 0.9393 (0.8454), real noise ratio: 0.8351
Client 69, noise level: 0.7046 (0.6341), real noise ratio: 0.6065
Client 72, noise level: 0.3069 (0.2762), real noise ratio: 0.2973
Client 75, noise level: 0.7848 (0.7064), real noise ratio: 0.6976
Client 78, noise level: 0.3984 (0.3586), real noise ratio: 0.3677
Client 79, noise level: 0.7685 (0.6916), real noise ratio: 0.6838
Client 80, noise level: 0.5127 (0.4614), real noise ratio: 0.4364
Client 83, noise level: 0.4420 (0.3978), real noise ratio: 0.4141
Client 88, noise level: 0.4144 (0.3729), real noise ratio: 0.3711
Client 90, noise level: 0.4952 (0.4457), real noise ratio: 0.4467
Client 91, noise level: 0.4432 (0.3989), real noise ratio: 0.3574
Client 94, noise level: 0.3650 (0.3285), real noise ratio: 0.3471
Client 98, noise level: 0.5071 (0.4564), real noise ratio: 0.4467
Client 99, noise level: 0.4163 (0.3747), real noise ratio: 0.4003
Round 0 global test acc  65.4639
Round 1 global test acc  74.7629
Round 2 global test acc  78.5670
Round 3 global test acc  88.1856
Round 4 global test acc  87.7732
Round 5 global test acc  90.2062
Round 6 global test acc  91.6907
Round 7 global test acc  93.1443
Round 8 global test acc  93.3196
Round 9 global test acc  94.2165
Round 10 global test acc  93.4433
Round 11 global test acc  94.1134
Round 12 global test acc  93.6082
Round 13 global test acc  91.5155
Round 14 global test acc  95.1340
Round 15 global test acc  95.2990
Round 16 global test acc  95.2784
Round 17 global test acc  95.4536
Round 18 global test acc  95.4433
Round 19 global test acc  94.2680
Round 20 global test acc  95.8041
Round 21 global test acc  95.5979
Round 22 global test acc  95.5361
Round 23 global test acc  95.0103
Round 24 global test acc  95.7216
Round 25 global test acc  95.8351
Round 26 global test acc  95.9691
Round 27 global test acc  96.0206
Round 28 global test acc  96.2887
Round 29 global test acc  96.0412
Round 30 global test acc  96.3711
Round 31 global test acc  96.1649
Round 32 global test acc  96.2784
Round 33 global test acc  96.1856
Round 34 global test acc  96.3918
Round 35 global test acc  94.7835
Round 36 global test acc  92.4845
Round 37 global test acc  96.1753
Round 38 global test acc  95.7010
Round 39 global test acc  95.9588
Round 40 global test acc  95.7010
Round 41 global test acc  96.2680
Round 42 global test acc  96.2268
Round 43 global test acc  96.2784
Round 44 global test acc  96.2784
Round 45 global test acc  95.9691
Round 46 global test acc  95.5567
Round 47 global test acc  96.4330
Round 48 global test acc  96.3711
Round 49 global test acc  96.4639
Round 50 global test acc  96.3299
Round 51 global test acc  96.3608
Round 52 global test acc  96.4948
Round 53 global test acc  96.5155
Round 54 global test acc  96.0103
Round 55 global test acc  96.3814
Round 56 global test acc  96.4124
Round 57 global test acc  96.5361
Round 58 global test acc  96.2371
Round 59 global test acc  96.1134
Round 60 global test acc  96.1959
Round 61 global test acc  96.7216
Round 62 global test acc  96.5773
Round 63 global test acc  96.5155
Round 64 global test acc  96.7113
Round 65 global test acc  96.4845
Round 66 global test acc  96.5567
Round 67 global test acc  96.2577
Round 68 global test acc  96.1649
Round 69 global test acc  96.5464
Round 70 global test acc  95.5464
Round 71 global test acc  96.3093
Round 72 global test acc  96.5464
Round 73 global test acc  96.4330
Round 74 global test acc  96.6495
Round 75 global test acc  96.4536
Round 76 global test acc  96.6598
Round 77 global test acc  96.5052
Round 78 global test acc  96.5567
Round 79 global test acc  96.2062
Round 80 global test acc  96.2474
Round 81 global test acc  96.4742
Round 82 global test acc  96.4948
Round 83 global test acc  96.3196
Round 84 global test acc  96.4948
Round 85 global test acc  96.6289
Round 86 global test acc  96.6701
Round 87 global test acc  95.8247
Round 88 global test acc  96.5155
Round 89 global test acc  96.3196
Round 90 global test acc  96.5052
Round 91 global test acc  96.5464
Round 92 global test acc  96.0000
Round 93 global test acc  96.5464
Round 94 global test acc  95.2577
Round 95 global test acc  96.3711
Round 96 global test acc  96.7010
Round 97 global test acc  96.5258
Round 98 global test acc  96.6804
Round 99 global test acc  96.5876
Round 100 global test acc  96.5773
Round 101 global test acc  96.6392
Round 102 global test acc  96.6082
Round 103 global test acc  96.0412
Round 104 global test acc  96.4536
Round 105 global test acc  96.0515
Round 106 global test acc  94.0825
Round 107 global test acc  96.0825
Round 108 global test acc  96.3402
Round 109 global test acc  96.3918
Round 110 global test acc  96.4536
Round 111 global test acc  96.4948
Round 112 global test acc  96.5052
Round 113 global test acc  96.5464
Round 114 global test acc  96.5361
Round 115 global test acc  96.3918
Round 116 global test acc  96.5052
Round 117 global test acc  96.6289
Round 118 global test acc  96.6186
Round 119 global test acc  96.7216
Round 120 global test acc  96.7629
Round 121 global test acc  96.8144
Round 122 global test acc  96.5979
Round 123 global test acc  96.7835
Round 124 global test acc  96.5670
Round 125 global test acc  96.1340
Round 126 global test acc  95.6289
Round 127 global test acc  96.4021
Round 128 global test acc  96.6804
Round 129 global test acc  96.5258
Round 130 global test acc  96.7629
Round 131 global test acc  96.7732
Round 132 global test acc  96.8660
Round 133 global test acc  96.4227
Round 134 global test acc  96.4021
Round 135 global test acc  96.6289
Round 136 global test acc  96.7629
Round 137 global test acc  96.6907
Round 138 global test acc  96.6289
Round 139 global test acc  96.1649
Round 140 global test acc  96.4948
Round 141 global test acc  96.3299
Round 142 global test acc  96.6701
Round 143 global test acc  96.7526
Round 144 global test acc  96.4948
Round 145 global test acc  96.5258
Round 146 global test acc  96.4742
Round 147 global test acc  96.7010
Round 148 global test acc  96.7216
Round 149 global test acc  96.5361
Round 150 global test acc  96.3918
Round 151 global test acc  96.3093
Round 152 global test acc  96.5361
Round 153 global test acc  93.4639
Round 154 global test acc  96.2474
Round 155 global test acc  96.5773
Round 156 global test acc  96.4330
Round 157 global test acc  96.6082
Round 158 global test acc  96.6907
Round 159 global test acc  96.4124
Round 160 global test acc  96.5567
Round 161 global test acc  96.7526
Round 162 global test acc  96.4639
Round 163 global test acc  96.5052
Round 164 global test acc  96.5052
Round 165 global test acc  93.8351
Round 166 global test acc  92.5258
Round 167 global test acc  95.9381
Round 168 global test acc  96.1856
Round 169 global test acc  96.0928
Round 170 global test acc  96.2268
Round 171 global test acc  96.4948
Round 172 global test acc  96.5773
Round 173 global test acc  96.4227
Round 174 global test acc  96.4845
Round 175 global test acc  96.5979
Round 176 global test acc  96.2990
Round 177 global test acc  96.4124
Round 178 global test acc  96.5052
Round 179 global test acc  96.4433
Round 180 global test acc  96.6186
Round 181 global test acc  96.8144
Round 182 global test acc  96.6598
Round 183 global test acc  95.6495
Round 184 global test acc  96.2474
Round 185 global test acc  96.3918
Round 186 global test acc  96.4536
Round 187 global test acc  96.3814
Round 188 global test acc  96.5361
Round 189 global test acc  96.5670
Round 190 global test acc  96.6186
Round 191 global test acc  95.5361
Round 192 global test acc  96.4021
Round 193 global test acc  95.8247
Round 194 global test acc  95.8969
Round 195 global test acc  96.2062
Round 196 global test acc  95.7216
Round 197 global test acc  96.0928
Round 198 global test acc  96.1340
Round 199 global test acc  96.2165
time : 905.0861389636993
('algorithm', 'MR')
('gpu', 0)
('seed', 13)
('save_dir', './record/')
('rounds2', 200)
('local_ep', 5)
('frac2', 0.1)
('num_users', 100)
('local_bs', 32)
('lr', 0.1)
('model', 'lenet')
('num_classes', 10)
('level_n_system', 0.5)
('level_n_lowerb', 0.3)
('alpha_dirichlet', 10)
('non_iid_prob_class', 0.7)
('dataset', 'mnist')
('iid', True)
('LID_k', 20)
('iteration1', 5)
('rounds1', 200)
('frac1', 0.01)
('pretrained', False)
('mixup', False)
('alpha', 1)
('beta', 5)
('relabel_ratio', 0.5)
('confidence_thres', 0.5)
('clean_set_thres', 0.1)
('fine_tuning', True)
('correction', True)
('T_pl', 100)
('lambda_cen', 1.0)
('lambda_e', 0.8)
('num_gradual', 10)
('forget_rate', 0.2)
('lr_decay', 0.1)
('schedule', [])
('momentum', 0.5)
('weight_decay', 0.0001)
('feature_dim', 128)
('plr', 0.1)
('lamda', 15)
('K', 1)
('gamma', 1)
('begin_sel', 10)
('max_beta', 2)
('mu', 0.01)
('device', device(type='cuda', index=0))
Client 0, noise level: 0.7877 (0.7089), real noise ratio: 0.7079
Client 2, noise level: 0.4944 (0.4450), real noise ratio: 0.4536
Client 3, noise level: 0.4635 (0.4172), real noise ratio: 0.4107
Client 4, noise level: 0.8920 (0.8028), real noise ratio: 0.8007
Client 6, noise level: 0.7822 (0.7040), real noise ratio: 0.6735
Client 7, noise level: 0.4074 (0.3667), real noise ratio: 0.3694
Client 8, noise level: 0.4425 (0.3983), real noise ratio: 0.3711
Client 9, noise level: 0.3473 (0.3126), real noise ratio: 0.3162
Client 13, noise level: 0.4574 (0.4116), real noise ratio: 0.3986
Client 15, noise level: 0.3237 (0.2913), real noise ratio: 0.2595
Client 20, noise level: 0.7283 (0.6555), real noise ratio: 0.6770
Client 23, noise level: 0.5618 (0.5056), real noise ratio: 0.4742
Client 26, noise level: 0.8716 (0.7844), real noise ratio: 0.7852
Client 27, noise level: 0.3558 (0.3202), real noise ratio: 0.3230
Client 29, noise level: 0.8867 (0.7980), real noise ratio: 0.7921
Client 30, noise level: 0.6949 (0.6254), real noise ratio: 0.6323
Client 32, noise level: 0.4015 (0.3614), real noise ratio: 0.3660
Client 33, noise level: 0.3690 (0.3321), real noise ratio: 0.3024
Client 35, noise level: 0.7970 (0.7173), real noise ratio: 0.7698
Client 38, noise level: 0.5606 (0.5045), real noise ratio: 0.4691
Client 41, noise level: 0.7353 (0.6618), real noise ratio: 0.6632
Client 42, noise level: 0.8045 (0.7240), real noise ratio: 0.7148
Client 47, noise level: 0.4586 (0.4127), real noise ratio: 0.4175
Client 48, noise level: 0.5133 (0.4620), real noise ratio: 0.4639
Client 50, noise level: 0.7860 (0.7074), real noise ratio: 0.6976
Client 51, noise level: 0.3370 (0.3033), real noise ratio: 0.3127
Client 56, noise level: 0.5591 (0.5031), real noise ratio: 0.5172
Client 57, noise level: 0.6532 (0.5879), real noise ratio: 0.5670
Client 59, noise level: 0.3915 (0.3523), real noise ratio: 0.3522
Client 60, noise level: 0.8911 (0.8020), real noise ratio: 0.8024
Client 62, noise level: 0.4187 (0.3768), real noise ratio: 0.3711
Client 67, noise level: 0.3696 (0.3326), real noise ratio: 0.3694
Client 68, noise level: 0.9393 (0.8454), real noise ratio: 0.8351
Client 69, noise level: 0.7046 (0.6341), real noise ratio: 0.6065
Client 72, noise level: 0.3069 (0.2762), real noise ratio: 0.2973
Client 75, noise level: 0.7848 (0.7064), real noise ratio: 0.6976
Client 78, noise level: 0.3984 (0.3586), real noise ratio: 0.3677
Client 79, noise level: 0.7685 (0.6916), real noise ratio: 0.6838
Client 80, noise level: 0.5127 (0.4614), real noise ratio: 0.4364
Client 83, noise level: 0.4420 (0.3978), real noise ratio: 0.4141
Client 88, noise level: 0.4144 (0.3729), real noise ratio: 0.3711
Client 90, noise level: 0.4952 (0.4457), real noise ratio: 0.4467
Client 91, noise level: 0.4432 (0.3989), real noise ratio: 0.3574
Client 94, noise level: 0.3650 (0.3285), real noise ratio: 0.3471
Client 98, noise level: 0.5071 (0.4564), real noise ratio: 0.4467
Client 99, noise level: 0.4163 (0.3747), real noise ratio: 0.4003
Round 0 global test acc  71.6392
Round 0 Fscore 

[]
Round 1 global test acc  83.0515
Round 1 Fscore 

[]
Round 2 global test acc  88.2887
Round 2 Fscore 

[]
Round 3 global test acc  83.7732
Round 3 Fscore 

[]
Round 4 global test acc  90.4227
Round 4 Fscore 

[]
Round 5 global test acc  91.6082
Round 5 Fscore 

[]
Round 6 global test acc  90.5258
Round 6 Fscore 

[]
Round 7 global test acc  93.0206
Round 7 Fscore 

[]
Round 8 global test acc  93.1031
Round 8 Fscore 

[]
Round 9 global test acc  92.5567
Round 9 Fscore 

[]
Round 10 global test acc  92.5567
Round 10 Fscore 

[]
Round 11 global test acc  93.8660
Round 11 Fscore 

[]
Round 12 global test acc  92.2577
Round 12 Fscore 

[]
Round 13 global test acc  93.7113
Round 13 Fscore 

[]
Round 14 global test acc  93.9691
Round 14 Fscore 

[]
Round 15 global test acc  93.8557
Round 15 Fscore 

[]
Round 16 global test acc  94.9794
Round 16 Fscore 

[]
Round 17 global test acc  95.0722
Round 17 Fscore 

[]
Round 18 global test acc  94.8763
Round 18 Fscore 

[]
Round 19 global test acc  94.4948
Round 19 Fscore 

[]
Round 20 global test acc  95.6082
Round 20 Fscore 

[]
Round 21 global test acc  95.4845
Round 21 Fscore 

[]
Round 22 global test acc  95.1443
Round 22 Fscore 

[]
Round 23 global test acc  95.6392
Round 23 Fscore 

[]
Round 24 global test acc  95.4124
Round 24 Fscore 

[]
Round 25 global test acc  95.4536
Round 25 Fscore 

[]
Round 26 global test acc  93.8969
Round 26 Fscore 

[]
Round 27 global test acc  95.6082
Round 27 Fscore 

[]
Round 28 global test acc  95.6495
Round 28 Fscore 

[]
Round 29 global test acc  95.5052
Round 29 Fscore 

[]
Round 30 global test acc  95.7835
Round 30 Fscore 

[]
Round 31 global test acc  95.8660
Round 31 Fscore 

[]
Round 32 global test acc  95.9691
Round 32 Fscore 

[]
Round 33 global test acc  96.2062
Round 33 Fscore 

[]
Round 34 global test acc  96.3402
Round 34 Fscore 

[]
Round 35 global test acc  95.9278
Round 35 Fscore 

[]
Round 36 global test acc  96.2680
Round 36 Fscore 

[]
Round 37 global test acc  96.1753
Round 37 Fscore 

[]
Round 38 global test acc  96.0825
Round 38 Fscore 

[]
Round 39 global test acc  96.2165
Round 39 Fscore 

[]
Round 40 global test acc  96.3711
Round 40 Fscore 

[]
Round 41 global test acc  96.1443
Round 41 Fscore 

[]
Round 42 global test acc  96.1959
Round 42 Fscore 

[]
Round 43 global test acc  96.0309
Round 43 Fscore 

[]
Round 44 global test acc  96.3505
Round 44 Fscore 

[]
Round 45 global test acc  96.0722
Round 45 Fscore 

[]
Round 46 global test acc  96.3093
Round 46 Fscore 

[]
Round 47 global test acc  96.3093
Round 47 Fscore 

[]
Round 48 global test acc  96.2577
Round 48 Fscore 

[]
Round 49 global test acc  96.2371
Round 49 Fscore 

[]
Round 50 global test acc  95.0103
Round 50 Fscore 

[]
Round 51 global test acc  96.4021
Round 51 Fscore 

[]
Round 52 global test acc  96.0619
Round 52 Fscore 

[]
Round 53 global test acc  96.1134
Round 53 Fscore 

[]
Round 54 global test acc  95.8660
Round 54 Fscore 

[]
Round 55 global test acc  96.1856
Round 55 Fscore 

[]
Round 56 global test acc  95.2474
Round 56 Fscore 

[]
Round 57 global test acc  96.0412
Round 57 Fscore 

[]
Round 58 global test acc  96.4536
Round 58 Fscore 

[]
Round 59 global test acc  96.3918
Round 59 Fscore 

[]
Round 60 global test acc  96.1856
Round 60 Fscore 

[]
Round 61 global test acc  96.3608
Round 61 Fscore 

[]
Round 62 global test acc  96.1856
Round 62 Fscore 

[]
Round 63 global test acc  96.3711
Round 63 Fscore 

[]
Round 64 global test acc  96.3814
Round 64 Fscore 

[]
Round 65 global test acc  95.8969
Round 65 Fscore 

[]
Round 66 global test acc  96.5052
Round 66 Fscore 

[]
Round 67 global test acc  95.7526
Round 67 Fscore 

[]
Round 68 global test acc  96.4330
Round 68 Fscore 

[]
Round 69 global test acc  96.4330
Round 69 Fscore 

[]
Round 70 global test acc  96.4536
Round 70 Fscore 

[]
Round 71 global test acc  96.3608
Round 71 Fscore 

[]
Round 72 global test acc  96.5155
Round 72 Fscore 

[]
Round 73 global test acc  96.4536
Round 73 Fscore 

[]
Round 74 global test acc  96.3299
Round 74 Fscore 

[]
Round 75 global test acc  96.0928
Round 75 Fscore 

[]
Round 76 global test acc  96.5979
Round 76 Fscore 

[]
Round 77 global test acc  96.5155
Round 77 Fscore 

[]
Round 78 global test acc  96.2680
Round 78 Fscore 

[]
Round 79 global test acc  96.3711
Round 79 Fscore 

[]
Round 80 global test acc  96.3196
Round 80 Fscore 

[]
Round 81 global test acc  96.0206
Round 81 Fscore 

[]
Round 82 global test acc  93.9691
Round 82 Fscore 

[]
Round 83 global test acc  96.2990
Round 83 Fscore 

[]
Round 84 global test acc  96.4639
Round 84 Fscore 

[]
Round 85 global test acc  96.4742
Round 85 Fscore 

[]
Round 86 global test acc  96.4330
Round 86 Fscore 

[]
Round 87 global test acc  96.5258
Round 87 Fscore 

[]
Round 88 global test acc  96.2062
Round 88 Fscore 

[]
Round 89 global test acc  96.5361
Round 89 Fscore 

[]
Round 90 global test acc  96.4948
Round 90 Fscore 

[]
Round 91 global test acc  96.4433
Round 91 Fscore 

[]
Round 92 global test acc  96.1753
Round 92 Fscore 

[]
Round 93 global test acc  95.8351
Round 93 Fscore 

[]
Round 94 global test acc  96.4433
Round 94 Fscore 

[]
Round 95 global test acc  96.4227
Round 95 Fscore 

[]
Round 96 global test acc  96.3505
Round 96 Fscore 

[]
Round 97 global test acc  96.2268
Round 97 Fscore 

[]
Round 98 global test acc  96.4433
Round 98 Fscore 

[]
Round 99 global test acc  96.2062
Round 99 Fscore 

[]
Round 100 global test acc  96.2268
Round 100 Fscore 

[]
Round 101 global test acc  96.2268
Round 101 Fscore 

[]
Round 102 global test acc  96.2680
Round 102 Fscore 

[]
Round 103 global test acc  95.0515
Round 103 Fscore 

[]
Round 104 global test acc  96.3402
Round 104 Fscore 

[]
Round 105 global test acc  96.4021
Round 105 Fscore 

[]
Round 106 global test acc  96.2887
Round 106 Fscore 

[]
Round 107 global test acc  96.2887
Round 107 Fscore 

[]
Round 108 global test acc  96.5876
Round 108 Fscore 

[]
Round 109 global test acc  96.5670
Round 109 Fscore 

[]
Round 110 global test acc  96.3093
Round 110 Fscore 

[]
Round 111 global test acc  96.2577
Round 111 Fscore 

[]
Round 112 global test acc  96.2680
Round 112 Fscore 

[]
Round 113 global test acc  96.0619
Round 113 Fscore 

[]
Round 114 global test acc  90.2371
Round 114 Fscore 

[]
Round 115 global test acc  95.6701
Round 115 Fscore 

[]
Round 116 global test acc  95.6082
Round 116 Fscore 

[]
Round 117 global test acc  96.1340
Round 117 Fscore 

[]
Round 118 global test acc  96.0722
Round 118 Fscore 

[]
Round 119 global test acc  96.3299
Round 119 Fscore 

[]
Round 120 global test acc  96.1856
Round 120 Fscore 

[]
Round 121 global test acc  96.4742
Round 121 Fscore 

[]
Round 122 global test acc  96.5155
Round 122 Fscore 

[]
Round 123 global test acc  96.3918
Round 123 Fscore 

[]
Round 124 global test acc  96.4536
Round 124 Fscore 

[]
Round 125 global test acc  96.5258
Round 125 Fscore 

[]
Round 126 global test acc  96.4639
Round 126 Fscore 

[]
Round 127 global test acc  96.2577
Round 127 Fscore 

[]
Round 128 global test acc  96.2990
Round 128 Fscore 

[]
Round 129 global test acc  96.4639
Round 129 Fscore 

[]
Round 130 global test acc  96.2680
Round 130 Fscore 

[]
Round 131 global test acc  96.4845
Round 131 Fscore 

[]
Round 132 global test acc  96.2474
Round 132 Fscore 

[]
Round 133 global test acc  96.2784
Round 133 Fscore 

[]
Round 134 global test acc  96.3711
Round 134 Fscore 

[]
Round 135 global test acc  96.3299
Round 135 Fscore 

[]
Round 136 global test acc  96.2165
Round 136 Fscore 

[]
Round 137 global test acc  96.2062
Round 137 Fscore 

[]
Round 138 global test acc  96.4845
Round 138 Fscore 

[]
Round 139 global test acc  95.8969
Round 139 Fscore 

[]
Round 140 global test acc  96.4124
Round 140 Fscore 

[]
Round 141 global test acc  96.3402
Round 141 Fscore 

[]
Round 142 global test acc  96.5155
Round 142 Fscore 

[]
Round 143 global test acc  96.3814
Round 143 Fscore 

[]
Round 144 global test acc  96.2990
Round 144 Fscore 

[]
Round 145 global test acc  96.3196
Round 145 Fscore 

[]
Round 146 global test acc  96.3196
Round 146 Fscore 

[]
Round 147 global test acc  95.7732
Round 147 Fscore 

[]
Round 148 global test acc  96.4536
Round 148 Fscore 

[]
Round 149 global test acc  96.0412
Round 149 Fscore 

[]
Round 150 global test acc  95.6804
Round 150 Fscore 

[]
Round 151 global test acc  96.0309
Round 151 Fscore 

[]
Round 152 global test acc  96.2887
Round 152 Fscore 

[]
Round 153 global test acc  96.3093
Round 153 Fscore 

[]
Round 154 global test acc  96.2990
Round 154 Fscore 

[]
Round 155 global test acc  96.4639
Round 155 Fscore 

[]
Round 156 global test acc  95.9381
Round 156 Fscore 

[]
Round 157 global test acc  96.4227
Round 157 Fscore 

[]
Round 158 global test acc  96.4021
Round 158 Fscore 

[]
Round 159 global test acc  96.2577
Round 159 Fscore 

[]
Round 160 global test acc  96.1959
Round 160 Fscore 

[]
Round 161 global test acc  96.2474
Round 161 Fscore 

[]
Round 162 global test acc  95.9588
Round 162 Fscore 

[]
Round 163 global test acc  96.2577
Round 163 Fscore 

[]
Round 164 global test acc  96.1856
Round 164 Fscore 

[]
Round 165 global test acc  96.4021
Round 165 Fscore 

[]
Round 166 global test acc  96.3918
Round 166 Fscore 

[]
Round 167 global test acc  96.3402
Round 167 Fscore 

[]
Round 168 global test acc  96.0103
Round 168 Fscore 

[]
Round 169 global test acc  96.1443
Round 169 Fscore 

[]
Round 170 global test acc  93.8866
Round 170 Fscore 

[]
Round 171 global test acc  96.0722
Round 171 Fscore 

[]
Round 172 global test acc  96.3608
Round 172 Fscore 

[]
Round 173 global test acc  96.0928
Round 173 Fscore 

[]
Round 174 global test acc  96.1753
Round 174 Fscore 

[]
Round 175 global test acc  96.1031
Round 175 Fscore 

[]
Round 176 global test acc  95.8454
Round 176 Fscore 

[]
Round 177 global test acc  96.2577
Round 177 Fscore 

[]
Round 178 global test acc  96.2268
Round 178 Fscore 

[]
Round 179 global test acc  96.0309
Round 179 Fscore 

[]
Round 180 global test acc  95.6804
Round 180 Fscore 

[]
Round 181 global test acc  96.4021
Round 181 Fscore 

[]
Round 182 global test acc  96.3918
Round 182 Fscore 

[]
Round 183 global test acc  96.3196
Round 183 Fscore 

[]
Round 184 global test acc  96.0515
Round 184 Fscore 

[]
Round 185 global test acc  96.1237
Round 185 Fscore 

[]
Round 186 global test acc  95.9485
Round 186 Fscore 

[]
Round 187 global test acc  96.1856
Round 187 Fscore 

[]
Round 188 global test acc  96.0825
Round 188 Fscore 

[]
Round 189 global test acc  96.1134
Round 189 Fscore 

[]
Round 190 global test acc  96.3711
Round 190 Fscore 

[]
Round 191 global test acc  96.1856
Round 191 Fscore 

[]
Round 192 global test acc  96.4536
Round 192 Fscore 

[]
Round 193 global test acc  96.1134
Round 193 Fscore 

[]
Round 194 global test acc  96.1443
Round 194 Fscore 

[]
Round 195 global test acc  96.1443
Round 195 Fscore 

[]
Round 196 global test acc  96.1856
Round 196 Fscore 

[]
Round 197 global test acc  96.1546
Round 197 Fscore 

[]
Round 198 global test acc  96.1753
Round 198 Fscore 

[]
Round 199 global test acc  95.9588
Round 199 Fscore 

[0.8571428656578064, 1.0, 0.9341500997543335, 0.9314285516738892, 0.7313915491104126, 1.0, 0.8310502171516418, 0.9479305148124695, 0.9359999895095825, 0.9556400179862976, 1.0, 1.0, 1.0, 0.9262295365333557, 1.0, 0.9644549489021301, 1.0, 1.0, 1.0, 1.0, 0.8213457465171814, 1.0, 1.0, 0.9118540287017822, 1.0, 1.0, 0.7739938497543335, 0.9389788508415222, 1.0, 0.7862069606781006, 0.8559321761131287, 1.0, 0.9541778564453125, 0.9651741981506348, 1.0, 0.7692307829856873, 1.0, 1.0, 0.9158878326416016, 1.0, 1.0, 0.8461538553237915, 0.8481674790382385, 0.9999999403953552, 1.0, 0.9999999403953552, 0.9999999403953552, 0.9268292784690857, 0.9139279723167419, 1.0, 0.826405942440033, 0.9564134478569031, 1.0, 1.0, 1.0, 1.0, 0.8954248428344727, 0.8770642280578613, 0.9999999403953552, 0.9511228203773499, 0.8014439940452576, 1.0, 0.9331550598144531, 1.0, 1.0, 1.0, 1.0, 0.9358289241790771, 0.7109375, 0.8543689250946045, 1.0, 1.0, 0.9518072009086609, 1.0, 1.0, 0.816425085067749, 1.0, 1.0, 0.9371727705001831, 0.8117913603782654, 0.9280470609664917, 1.0, 1.0, 0.924369752407074, 0.9999999403953552, 1.0, 0.9991251230239868, 1.0, 0.9539295434951782, 1.0, 0.9249617457389832, 0.9422572255134583, 0.9999999403953552, 1.0, 0.9336734414100647, 1.0, 1.0, 1.0, 0.9235382080078125, 0.935350775718689]
time : 956.5866363048553
