('algorithm', 'GlobalCORES')
('gpu', 0)
('seed', 13)
('save_dir', './record/')
('rounds2', 200)
('local_ep', 5)
('frac2', 0.1)
('num_users', 100)
('local_bs', 32)
('lr', 0.1)
('model', 'lenet')
('num_classes', 10)
('level_n_system', 1.0)
('level_n_lowerb', 0.5)
('alpha_dirichlet', 10)
('non_iid_prob_class', 0.7)
('dataset', 'mnist')
('iid', False)
('LID_k', 20)
('iteration1', 5)
('rounds1', 200)
('frac1', 0.01)
('pretrained', False)
('mixup', False)
('alpha', 1)
('beta', 5)
('relabel_ratio', 0.5)
('confidence_thres', 0.5)
('clean_set_thres', 0.1)
('fine_tuning', True)
('correction', True)
('T_pl', 100)
('lambda_cen', 1.0)
('lambda_e', 0.8)
('num_gradual', 10)
('forget_rate', 0.2)
('lr_decay', 0.1)
('schedule', [])
('momentum', 0.5)
('weight_decay', 0.0001)
('feature_dim', 128)
('plr', 0.05)
('lamda', 15)
('K', 5)
('gamma', 1)
('begin_sel', 10)
('max_beta', 2)
('mu', 0.01)
('device', device(type='cuda', index=0))
Traceback (most recent call last):
  File "main.py", line 56, in <module>
    run(args)
  File "main.py", line 44, in run
    eval(args.algorithm)(args)
  File "<string>", line 1, in <module>
NameError: name 'GlobalCORES' is not defined
('algorithm', 'GlobalCORES')
('gpu', 0)
('seed', 13)
('save_dir', './record/')
('rounds2', 200)
('local_ep', 5)
('frac2', 0.1)
('num_users', 100)
('local_bs', 32)
('lr', 0.1)
('model', 'lenet')
('num_classes', 10)
('level_n_system', 1.0)
('level_n_lowerb', 0.5)
('alpha_dirichlet', 10)
('non_iid_prob_class', 0.7)
('dataset', 'mnist')
('iid', False)
('LID_k', 20)
('iteration1', 5)
('rounds1', 200)
('frac1', 0.01)
('pretrained', False)
('mixup', False)
('alpha', 1)
('beta', 5)
('relabel_ratio', 0.5)
('confidence_thres', 0.5)
('clean_set_thres', 0.1)
('fine_tuning', True)
('correction', True)
('T_pl', 100)
('lambda_cen', 1.0)
('lambda_e', 0.8)
('num_gradual', 10)
('forget_rate', 0.2)
('lr_decay', 0.1)
('schedule', [])
('momentum', 0.5)
('weight_decay', 0.0001)
('feature_dim', 128)
('plr', 0.05)
('lamda', 15)
('K', 5)
('gamma', 1)
('begin_sel', 10)
('max_beta', 2)
('mu', 0.01)
('device', device(type='cuda', index=0))
Traceback (most recent call last):
  File "main.py", line 56, in <module>
    run(args)
  File "main.py", line 44, in run
    eval(args.algorithm)(args)
  File "<string>", line 1, in <module>
NameError: name 'GlobalCORES' is not defined
('algorithm', 'GlobalCORES')
('gpu', 0)
('seed', 13)
('save_dir', './record/')
('rounds2', 200)
('local_ep', 5)
('frac2', 0.1)
('num_users', 100)
('local_bs', 32)
('lr', 0.1)
('model', 'lenet')
('num_classes', 10)
('level_n_system', 1.0)
('level_n_lowerb', 0.5)
('alpha_dirichlet', 10)
('non_iid_prob_class', 0.7)
('dataset', 'mnist')
('iid', False)
('LID_k', 20)
('iteration1', 5)
('rounds1', 200)
('frac1', 0.01)
('pretrained', False)
('mixup', False)
('alpha', 1)
('beta', 5)
('relabel_ratio', 0.5)
('confidence_thres', 0.5)
('clean_set_thres', 0.1)
('fine_tuning', True)
('correction', True)
('T_pl', 100)
('lambda_cen', 1.0)
('lambda_e', 0.8)
('num_gradual', 10)
('forget_rate', 0.2)
('lr_decay', 0.1)
('schedule', [])
('momentum', 0.5)
('weight_decay', 0.0001)
('feature_dim', 128)
('plr', 0.05)
('lamda', 15)
('K', 5)
('gamma', 1)
('begin_sel', 10)
('max_beta', 2)
('mu', 0.01)
('device', device(type='cuda', index=0))
Traceback (most recent call last):
  File "main.py", line 56, in <module>
    run(args)
  File "main.py", line 44, in run
    eval(args.algorithm)(args)
  File "<string>", line 1, in <module>
NameError: name 'GlobalCORES' is not defined
('algorithm', 'GlobalCORES')
('gpu', 0)
('seed', 13)
('save_dir', './record/')
('rounds2', 200)
('local_ep', 5)
('frac2', 0.1)
('num_users', 100)
('local_bs', 32)
('lr', 0.1)
('model', 'lenet')
('num_classes', 10)
('level_n_system', 1.0)
('level_n_lowerb', 0.5)
('alpha_dirichlet', 10)
('non_iid_prob_class', 0.7)
('dataset', 'mnist')
('iid', False)
('LID_k', 20)
('iteration1', 5)
('rounds1', 200)
('frac1', 0.01)
('pretrained', False)
('mixup', False)
('alpha', 1)
('beta', 5)
('relabel_ratio', 0.5)
('confidence_thres', 0.5)
('clean_set_thres', 0.1)
('fine_tuning', True)
('correction', True)
('T_pl', 100)
('lambda_cen', 1.0)
('lambda_e', 0.8)
('num_gradual', 10)
('forget_rate', 0.2)
('lr_decay', 0.1)
('schedule', [])
('momentum', 0.5)
('weight_decay', 0.0001)
('feature_dim', 128)
('plr', 0.05)
('lamda', 15)
('K', 5)
('gamma', 1)
('begin_sel', 10)
('max_beta', 2)
('mu', 0.01)
('device', device(type='cuda', index=0))
Traceback (most recent call last):
  File "main.py", line 56, in <module>
    run(args)
  File "main.py", line 44, in run
    eval(args.algorithm)(args)
  File "<string>", line 1, in <module>
NameError: name 'GlobalCORES' is not defined
('algorithm', 'GlobalCORES')
('gpu', 0)
('seed', 13)
('save_dir', './record/')
('rounds2', 200)
('local_ep', 5)
('frac2', 0.1)
('num_users', 100)
('local_bs', 32)
('lr', 0.1)
('model', 'lenet')
('num_classes', 10)
('level_n_system', 1.0)
('level_n_lowerb', 0.5)
('alpha_dirichlet', 10)
('non_iid_prob_class', 0.7)
('dataset', 'mnist')
('iid', False)
('LID_k', 20)
('iteration1', 5)
('rounds1', 200)
('frac1', 0.01)
('pretrained', False)
('mixup', False)
('alpha', 1)
('beta', 5)
('relabel_ratio', 0.5)
('confidence_thres', 0.5)
('clean_set_thres', 0.1)
('fine_tuning', True)
('correction', True)
('T_pl', 100)
('lambda_cen', 1.0)
('lambda_e', 0.8)
('num_gradual', 10)
('forget_rate', 0.2)
('lr_decay', 0.1)
('schedule', [])
('momentum', 0.5)
('weight_decay', 0.0001)
('feature_dim', 128)
('plr', 0.05)
('lamda', 15)
('K', 5)
('gamma', 1)
('begin_sel', 10)
('max_beta', 2)
('mu', 0.01)
('device', device(type='cuda', index=0))
Traceback (most recent call last):
  File "main.py", line 56, in <module>
    run(args)
  File "main.py", line 44, in run
    eval(args.algorithm)(args)
  File "<string>", line 1, in <module>
NameError: name 'GlobalCORES' is not defined
('algorithm', 'GlobalCORES')
('gpu', 0)
('seed', 13)
('save_dir', './record/')
('rounds2', 200)
('local_ep', 5)
('frac2', 0.1)
('num_users', 100)
('local_bs', 32)
('lr', 0.1)
('model', 'lenet')
('num_classes', 10)
('level_n_system', 1.0)
('level_n_lowerb', 0.5)
('alpha_dirichlet', 10)
('non_iid_prob_class', 0.7)
('dataset', 'mnist')
('iid', False)
('LID_k', 20)
('iteration1', 5)
('rounds1', 200)
('frac1', 0.01)
('pretrained', False)
('mixup', False)
('alpha', 1)
('beta', 5)
('relabel_ratio', 0.5)
('confidence_thres', 0.5)
('clean_set_thres', 0.1)
('fine_tuning', True)
('correction', True)
('T_pl', 100)
('lambda_cen', 1.0)
('lambda_e', 0.8)
('num_gradual', 10)
('forget_rate', 0.2)
('lr_decay', 0.1)
('schedule', [])
('momentum', 0.5)
('weight_decay', 0.0001)
('feature_dim', 128)
('plr', 0.05)
('lamda', 15)
('K', 5)
('gamma', 1)
('begin_sel', 10)
('max_beta', 2)
('mu', 0.01)
('device', device(type='cuda', index=0))
Client 0, noise level: 0.8484 (0.7635), real noise ratio: 0.7560
Client 1, noise level: 0.9815 (0.8834), real noise ratio: 0.8836
Client 2, noise level: 0.6389 (0.5750), real noise ratio: 0.5859
Client 3, noise level: 0.6168 (0.5551), real noise ratio: 0.5282
Client 4, noise level: 0.9228 (0.8306), real noise ratio: 0.8376
Client 5, noise level: 0.6121 (0.5509), real noise ratio: 0.5354
Client 6, noise level: 0.8445 (0.7600), real noise ratio: 0.7468
Client 7, noise level: 0.5767 (0.5191), real noise ratio: 0.4941
Client 8, noise level: 0.6018 (0.5416), real noise ratio: 0.5693
Client 9, noise level: 0.5338 (0.4804), real noise ratio: 0.4698
Client 10, noise level: 0.8747 (0.7873), real noise ratio: 0.7910
Client 11, noise level: 0.5900 (0.5310), real noise ratio: 0.5223
Client 12, noise level: 0.5621 (0.5059), real noise ratio: 0.5229
Client 13, noise level: 0.6124 (0.5512), real noise ratio: 0.5098
Client 14, noise level: 0.6397 (0.5758), real noise ratio: 0.5687
Client 15, noise level: 0.5169 (0.4652), real noise ratio: 0.4687
Client 16, noise level: 0.6272 (0.5645), real noise ratio: 0.5382
Client 17, noise level: 0.8344 (0.7510), real noise ratio: 0.7437
Client 18, noise level: 0.8800 (0.7920), real noise ratio: 0.8122
Client 19, noise level: 0.6130 (0.5517), real noise ratio: 0.5450
Client 20, noise level: 0.8059 (0.7253), real noise ratio: 0.7477
Client 21, noise level: 0.9561 (0.8605), real noise ratio: 0.8850
Client 22, noise level: 0.7708 (0.6937), real noise ratio: 0.7213
Client 23, noise level: 0.6870 (0.6183), real noise ratio: 0.6038
Client 24, noise level: 0.5066 (0.4559), real noise ratio: 0.4389
Client 25, noise level: 0.9147 (0.8232), real noise ratio: 0.8302
Client 26, noise level: 0.9083 (0.8175), real noise ratio: 0.8270
Client 27, noise level: 0.5399 (0.4859), real noise ratio: 0.4742
Client 28, noise level: 0.5858 (0.5273), real noise ratio: 0.5407
Client 29, noise level: 0.9191 (0.8272), real noise ratio: 0.8395
Client 30, noise level: 0.7821 (0.7039), real noise ratio: 0.7004
Client 31, noise level: 0.6749 (0.6074), real noise ratio: 0.6164
Client 32, noise level: 0.5725 (0.5153), real noise ratio: 0.5022
Client 33, noise level: 0.5493 (0.4943), real noise ratio: 0.5014
Client 34, noise level: 0.7801 (0.7021), real noise ratio: 0.6947
Client 35, noise level: 0.8550 (0.7695), real noise ratio: 0.7844
Client 36, noise level: 0.9754 (0.8779), real noise ratio: 0.8818
Client 37, noise level: 0.8740 (0.7866), real noise ratio: 0.7907
Client 38, noise level: 0.6861 (0.6175), real noise ratio: 0.6518
Client 39, noise level: 0.8792 (0.7913), real noise ratio: 0.7873
Client 40, noise level: 0.5355 (0.4820), real noise ratio: 0.4785
Client 41, noise level: 0.8109 (0.7298), real noise ratio: 0.7151
Client 42, noise level: 0.8604 (0.7743), real noise ratio: 0.7760
Client 43, noise level: 0.5209 (0.4688), real noise ratio: 0.4627
Client 44, noise level: 0.6976 (0.6279), real noise ratio: 0.6729
Client 45, noise level: 0.5807 (0.5226), real noise ratio: 0.5331
Client 46, noise level: 0.6380 (0.5742), real noise ratio: 0.5643
Client 47, noise level: 0.6133 (0.5519), real noise ratio: 0.5399
Client 48, noise level: 0.6523 (0.5871), real noise ratio: 0.5671
Client 49, noise level: 0.5681 (0.5113), real noise ratio: 0.4913
Client 50, noise level: 0.8471 (0.7624), real noise ratio: 0.7598
Client 51, noise level: 0.5264 (0.4738), real noise ratio: 0.4834
Client 52, noise level: 0.7907 (0.7116), real noise ratio: 0.6959
Client 53, noise level: 0.5899 (0.5309), real noise ratio: 0.5084
Client 54, noise level: 0.7533 (0.6780), real noise ratio: 0.6698
Client 55, noise level: 0.6408 (0.5767), real noise ratio: 0.5928
Client 56, noise level: 0.6850 (0.6165), real noise ratio: 0.6271
Client 57, noise level: 0.7523 (0.6770), real noise ratio: 0.7048
Client 58, noise level: 0.5612 (0.5050), real noise ratio: 0.4621
Client 59, noise level: 0.5653 (0.5088), real noise ratio: 0.5422
Client 60, noise level: 0.9222 (0.8300), real noise ratio: 0.8401
Client 61, noise level: 0.6961 (0.6265), real noise ratio: 0.6476
Client 62, noise level: 0.5848 (0.5263), real noise ratio: 0.5178
Client 63, noise level: 0.9006 (0.8105), real noise ratio: 0.8043
Client 64, noise level: 0.9551 (0.8596), real noise ratio: 0.8548
Client 65, noise level: 0.9148 (0.8233), real noise ratio: 0.8341
Client 66, noise level: 0.8570 (0.7713), real noise ratio: 0.7561
Client 67, noise level: 0.5497 (0.4947), real noise ratio: 0.5049
Client 68, noise level: 0.9567 (0.8610), real noise ratio: 0.8659
Client 69, noise level: 0.7890 (0.7101), real noise ratio: 0.6973
Client 70, noise level: 0.9501 (0.8551), real noise ratio: 0.8671
Client 71, noise level: 0.7818 (0.7036), real noise ratio: 0.7149
Client 72, noise level: 0.5049 (0.4544), real noise ratio: 0.4590
Client 73, noise level: 0.9971 (0.8974), real noise ratio: 0.8942
Client 74, noise level: 0.5662 (0.5096), real noise ratio: 0.5356
Client 75, noise level: 0.8463 (0.7617), real noise ratio: 0.7688
Client 76, noise level: 0.6671 (0.6004), real noise ratio: 0.5550
Client 77, noise level: 0.5901 (0.5311), real noise ratio: 0.5161
Client 78, noise level: 0.5703 (0.5133), real noise ratio: 0.5427
Client 79, noise level: 0.8346 (0.7512), real noise ratio: 0.7432
Client 80, noise level: 0.6519 (0.5867), real noise ratio: 0.6231
Client 81, noise level: 0.8068 (0.7261), real noise ratio: 0.7030
Client 82, noise level: 0.9678 (0.8710), real noise ratio: 0.8990
Client 83, noise level: 0.6015 (0.5413), real noise ratio: 0.5333
Client 84, noise level: 0.5598 (0.5038), real noise ratio: 0.4892
Client 85, noise level: 0.6961 (0.6265), real noise ratio: 0.6347
Client 86, noise level: 0.8473 (0.7625), real noise ratio: 0.7667
Client 87, noise level: 0.9725 (0.8752), real noise ratio: 0.8649
Client 88, noise level: 0.5817 (0.5235), real noise ratio: 0.5187
Client 89, noise level: 0.7294 (0.6564), real noise ratio: 0.6343
Client 90, noise level: 0.6394 (0.5755), real noise ratio: 0.5640
Client 91, noise level: 0.6023 (0.5421), real noise ratio: 0.5223
Client 92, noise level: 0.6542 (0.5888), real noise ratio: 0.5620
Client 93, noise level: 0.8978 (0.8080), real noise ratio: 0.8160
Client 94, noise level: 0.5464 (0.4918), real noise ratio: 0.4641
Client 95, noise level: 0.9345 (0.8411), real noise ratio: 0.8136
Client 96, noise level: 0.9169 (0.8252), real noise ratio: 0.8161
Client 97, noise level: 0.8409 (0.7568), real noise ratio: 0.7565
Client 98, noise level: 0.6479 (0.5831), real noise ratio: 0.6003
Client 99, noise level: 0.5831 (0.5248), real noise ratio: 0.5380
Round 0 global test acc  35.4600
Round 1 global test acc  43.6600
Round 2 global test acc  54.3900
Round 3 global test acc  63.5400
Round 4 global test acc  71.9100
Round 5 global test acc  50.0800
Round 6 global test acc  47.2400
Round 7 global test acc  59.2600
Round 8 global test acc  64.4200
Round 9 global test acc  69.2900
Round 10 global test acc  63.5100
Round 11 global test acc  51.1200
Round 12 global test acc  74.1800
Round 13 global test acc  62.7200
Round 14 global test acc  69.4600
Round 15 global test acc  46.6100
Round 16 global test acc  50.8800
Round 17 global test acc  77.3800
Round 18 global test acc  65.1600
Round 19 global test acc  81.0700
Round 20 global test acc  40.9800
Round 21 global test acc  67.7200
Round 22 global test acc  78.5400
Round 23 global test acc  75.9700
Round 24 global test acc  59.5000
Round 25 global test acc  42.1900
Round 26 global test acc  64.2800
Round 27 global test acc  71.6800
Round 28 global test acc  80.0000
Round 29 global test acc  68.3200
Round 30 global test acc  59.9500
Round 31 global test acc  75.4300
Round 32 global test acc  82.1800
Round 33 global test acc  59.9000
Round 34 global test acc  81.0700
Round 35 global test acc  80.7700
Round 36 global test acc  70.9900
Round 37 global test acc  59.9900
Round 38 global test acc  84.1900
Round 39 global test acc  84.0100
Round 40 global test acc  66.1400
Round 41 global test acc  70.6900
Round 42 global test acc  76.5000
Round 43 global test acc  80.7100
Round 44 global test acc  80.9500
Round 45 global test acc  79.7800
Round 46 global test acc  83.0200
Round 47 global test acc  44.5700
Round 48 global test acc  81.9700
Round 49 global test acc  84.5500
Round 50 global test acc  81.8600
Round 51 global test acc  84.0400
Round 52 global test acc  53.4400
Round 53 global test acc  84.5000
Round 54 global test acc  85.3200
Round 55 global test acc  83.5000
Round 56 global test acc  84.1800
Round 57 global test acc  85.8100
Round 58 global test acc  84.3300
Round 59 global test acc  82.4700
Round 60 global test acc  78.4400
Round 61 global test acc  47.9300
Round 62 global test acc  78.8700
Round 63 global test acc  62.2200
Round 64 global test acc  82.0200
Round 65 global test acc  80.9000
Round 66 global test acc  83.3800
Round 67 global test acc  83.6900
Round 68 global test acc  84.5600
Round 69 global test acc  85.5100
Round 70 global test acc  85.9500
Round 71 global test acc  85.9300
Round 72 global test acc  82.6500
Round 73 global test acc  83.8300
Round 74 global test acc  85.7700
Round 75 global test acc  85.5700
Round 76 global test acc  82.1300
Round 77 global test acc  85.9700
Round 78 global test acc  83.6800
Round 79 global test acc  80.4400
Round 80 global test acc  84.7800
Round 81 global test acc  85.0100
Round 82 global test acc  85.4000
Round 83 global test acc  76.9400
Round 84 global test acc  86.1000
Round 85 global test acc  81.8900
Round 86 global test acc  84.8100
Round 87 global test acc  83.1400
Round 88 global test acc  85.0100
Round 89 global test acc  79.0600
Round 90 global test acc  82.2800
Round 91 global test acc  85.2100
Round 92 global test acc  76.5000
Round 93 global test acc  76.3100
Round 94 global test acc  82.8700
Round 95 global test acc  84.2800
Round 96 global test acc  83.9500
Round 97 global test acc  86.0000
Round 98 global test acc  85.4200
Round 99 global test acc  48.6400
Round 100 global test acc  83.2400
Round 101 global test acc  86.5700
Round 102 global test acc  79.4700
Round 103 global test acc  85.8600
Round 104 global test acc  84.0200
Round 105 global test acc  85.6600
Round 106 global test acc  84.0700
Round 107 global test acc  84.8400
Round 108 global test acc  85.3000
Round 109 global test acc  86.3400
Round 110 global test acc  85.7500
Round 111 global test acc  84.4600
Round 112 global test acc  85.4500
Round 113 global test acc  86.3600
Round 114 global test acc  84.7100
Round 115 global test acc  83.1300
Round 116 global test acc  82.6400
Round 117 global test acc  84.8800
Round 118 global test acc  84.6900
Round 119 global test acc  83.4200
Round 120 global test acc  84.3100
Round 121 global test acc  84.7200
Round 122 global test acc  82.6100
Round 123 global test acc  86.6500
Round 124 global test acc  86.3300
Round 125 global test acc  83.7700
Round 126 global test acc  80.5400
Round 127 global test acc  84.2100
Round 128 global test acc  84.0600
Round 129 global test acc  86.2900
Round 130 global test acc  85.6300
Round 131 global test acc  84.0700
Round 132 global test acc  82.6600
Round 133 global test acc  86.5200
Round 134 global test acc  84.1800
Round 135 global test acc  86.5000
Round 136 global test acc  86.2900
Round 137 global test acc  86.8300
Round 138 global test acc  86.9500
Round 139 global test acc  85.6700
Round 140 global test acc  85.8200
Round 141 global test acc  84.2800
Round 142 global test acc  86.8900
Round 143 global test acc  86.0100
Round 144 global test acc  86.3800
Round 145 global test acc  86.5600
Round 146 global test acc  84.2300
Round 147 global test acc  86.4500
Round 148 global test acc  86.6300
Round 149 global test acc  87.4400
Round 150 global test acc  86.1000
Round 151 global test acc  86.9000
Round 152 global test acc  86.5500
Round 153 global test acc  86.0900
Round 154 global test acc  86.2000
Round 155 global test acc  86.9400
Round 156 global test acc  87.3200
Round 157 global test acc  85.8100
Round 158 global test acc  86.7600
Round 159 global test acc  86.2500
Round 160 global test acc  86.5900
Round 161 global test acc  87.2900
Round 162 global test acc  86.0600
Round 163 global test acc  87.2000
Round 164 global test acc  86.4600
Round 165 global test acc  86.9600
Round 166 global test acc  86.7700
Round 167 global test acc  87.0900
Round 168 global test acc  85.4600
Round 169 global test acc  86.7700
Round 170 global test acc  87.4100
Round 171 global test acc  87.1800
Round 172 global test acc  86.8200
Round 173 global test acc  87.2500
Round 174 global test acc  87.4300
Round 175 global test acc  87.1800
Round 176 global test acc  87.3800
Round 177 global test acc  87.0500
Round 178 global test acc  86.9400
Round 179 global test acc  87.0900
Round 180 global test acc  86.4800
Round 181 global test acc  86.5800
Round 182 global test acc  87.0700
Round 183 global test acc  86.8500
Round 184 global test acc  85.3900
Round 185 global test acc  85.9300
Round 186 global test acc  86.0100
Round 187 global test acc  87.6100
Round 188 global test acc  86.0100
Round 189 global test acc  87.3400
Round 190 global test acc  87.1800
Round 191 global test acc  83.9700
Round 192 global test acc  85.8000
Round 193 global test acc  85.3300
Round 194 global test acc  86.6500
Round 195 global test acc  86.8900
Round 196 global test acc  86.0200
Round 197 global test acc  86.3800
Round 198 global test acc  85.5900
Round 199 global test acc  86.8700
time : 9057.948460102081
('algorithm', 'GlobalCORES')
('gpu', 0)
('seed', 13)
('save_dir', './record/')
('rounds2', 200)
('local_ep', 5)
('frac2', 0.1)
('num_users', 100)
('local_bs', 32)
('lr', 0.1)
('model', 'lenet')
('num_classes', 10)
('level_n_system', 1.0)
('level_n_lowerb', 0.5)
('alpha_dirichlet', 10)
('non_iid_prob_class', 0.7)
('dataset', 'mnist')
('iid', False)
('LID_k', 20)
('iteration1', 5)
('rounds1', 200)
('frac1', 0.01)
('pretrained', False)
('mixup', False)
('alpha', 1)
('beta', 5)
('relabel_ratio', 0.5)
('confidence_thres', 0.5)
('clean_set_thres', 0.1)
('fine_tuning', True)
('correction', True)
('T_pl', 100)
('lambda_cen', 1.0)
('lambda_e', 0.8)
('num_gradual', 10)
('forget_rate', 0.2)
('lr_decay', 0.1)
('schedule', [])
('momentum', 0.5)
('weight_decay', 0.0001)
('feature_dim', 128)
('plr', 0.05)
('lamda', 15)
('K', 5)
('gamma', 1)
('begin_sel', 10)
('max_beta', 2)
('mu', 0.01)
('device', device(type='cuda', index=0))
Client 0, noise level: 0.8484 (0.7635), real noise ratio: 0.7560
Client 1, noise level: 0.9815 (0.8834), real noise ratio: 0.8836
Client 2, noise level: 0.6389 (0.5750), real noise ratio: 0.5859
Client 3, noise level: 0.6168 (0.5551), real noise ratio: 0.5282
Client 4, noise level: 0.9228 (0.8306), real noise ratio: 0.8376
Client 5, noise level: 0.6121 (0.5509), real noise ratio: 0.5354
Client 6, noise level: 0.8445 (0.7600), real noise ratio: 0.7468
Client 7, noise level: 0.5767 (0.5191), real noise ratio: 0.4941
Client 8, noise level: 0.6018 (0.5416), real noise ratio: 0.5693
Client 9, noise level: 0.5338 (0.4804), real noise ratio: 0.4698
Client 10, noise level: 0.8747 (0.7873), real noise ratio: 0.7910
Client 11, noise level: 0.5900 (0.5310), real noise ratio: 0.5223
Client 12, noise level: 0.5621 (0.5059), real noise ratio: 0.5229
Client 13, noise level: 0.6124 (0.5512), real noise ratio: 0.5098
Client 14, noise level: 0.6397 (0.5758), real noise ratio: 0.5687
Client 15, noise level: 0.5169 (0.4652), real noise ratio: 0.4687
Client 16, noise level: 0.6272 (0.5645), real noise ratio: 0.5382
Client 17, noise level: 0.8344 (0.7510), real noise ratio: 0.7437
Client 18, noise level: 0.8800 (0.7920), real noise ratio: 0.8122
Client 19, noise level: 0.6130 (0.5517), real noise ratio: 0.5450
Client 20, noise level: 0.8059 (0.7253), real noise ratio: 0.7477
Client 21, noise level: 0.9561 (0.8605), real noise ratio: 0.8850
Client 22, noise level: 0.7708 (0.6937), real noise ratio: 0.7213
Client 23, noise level: 0.6870 (0.6183), real noise ratio: 0.6038
Client 24, noise level: 0.5066 (0.4559), real noise ratio: 0.4389
Client 25, noise level: 0.9147 (0.8232), real noise ratio: 0.8302
Client 26, noise level: 0.9083 (0.8175), real noise ratio: 0.8270
Client 27, noise level: 0.5399 (0.4859), real noise ratio: 0.4742
Client 28, noise level: 0.5858 (0.5273), real noise ratio: 0.5407
Client 29, noise level: 0.9191 (0.8272), real noise ratio: 0.8395
Client 30, noise level: 0.7821 (0.7039), real noise ratio: 0.7004
Client 31, noise level: 0.6749 (0.6074), real noise ratio: 0.6164
Client 32, noise level: 0.5725 (0.5153), real noise ratio: 0.5022
Client 33, noise level: 0.5493 (0.4943), real noise ratio: 0.5014
Client 34, noise level: 0.7801 (0.7021), real noise ratio: 0.6947
Client 35, noise level: 0.8550 (0.7695), real noise ratio: 0.7844
Client 36, noise level: 0.9754 (0.8779), real noise ratio: 0.8818
Client 37, noise level: 0.8740 (0.7866), real noise ratio: 0.7907
Client 38, noise level: 0.6861 (0.6175), real noise ratio: 0.6518
Client 39, noise level: 0.8792 (0.7913), real noise ratio: 0.7873
Client 40, noise level: 0.5355 (0.4820), real noise ratio: 0.4785
Client 41, noise level: 0.8109 (0.7298), real noise ratio: 0.7151
Client 42, noise level: 0.8604 (0.7743), real noise ratio: 0.7760
Client 43, noise level: 0.5209 (0.4688), real noise ratio: 0.4627
Client 44, noise level: 0.6976 (0.6279), real noise ratio: 0.6729
Client 45, noise level: 0.5807 (0.5226), real noise ratio: 0.5331
Client 46, noise level: 0.6380 (0.5742), real noise ratio: 0.5643
Client 47, noise level: 0.6133 (0.5519), real noise ratio: 0.5399
Client 48, noise level: 0.6523 (0.5871), real noise ratio: 0.5671
Client 49, noise level: 0.5681 (0.5113), real noise ratio: 0.4913
Client 50, noise level: 0.8471 (0.7624), real noise ratio: 0.7598
Client 51, noise level: 0.5264 (0.4738), real noise ratio: 0.4834
Client 52, noise level: 0.7907 (0.7116), real noise ratio: 0.6959
Client 53, noise level: 0.5899 (0.5309), real noise ratio: 0.5084
Client 54, noise level: 0.7533 (0.6780), real noise ratio: 0.6698
Client 55, noise level: 0.6408 (0.5767), real noise ratio: 0.5928
Client 56, noise level: 0.6850 (0.6165), real noise ratio: 0.6271
Client 57, noise level: 0.7523 (0.6770), real noise ratio: 0.7048
Client 58, noise level: 0.5612 (0.5050), real noise ratio: 0.4621
Client 59, noise level: 0.5653 (0.5088), real noise ratio: 0.5422
Client 60, noise level: 0.9222 (0.8300), real noise ratio: 0.8401
Client 61, noise level: 0.6961 (0.6265), real noise ratio: 0.6476
Client 62, noise level: 0.5848 (0.5263), real noise ratio: 0.5178
Client 63, noise level: 0.9006 (0.8105), real noise ratio: 0.8043
Client 64, noise level: 0.9551 (0.8596), real noise ratio: 0.8548
Client 65, noise level: 0.9148 (0.8233), real noise ratio: 0.8341
Client 66, noise level: 0.8570 (0.7713), real noise ratio: 0.7561
Client 67, noise level: 0.5497 (0.4947), real noise ratio: 0.5049
Client 68, noise level: 0.9567 (0.8610), real noise ratio: 0.8659
Client 69, noise level: 0.7890 (0.7101), real noise ratio: 0.6973
Client 70, noise level: 0.9501 (0.8551), real noise ratio: 0.8671
Client 71, noise level: 0.7818 (0.7036), real noise ratio: 0.7149
Client 72, noise level: 0.5049 (0.4544), real noise ratio: 0.4590
Client 73, noise level: 0.9971 (0.8974), real noise ratio: 0.8942
Client 74, noise level: 0.5662 (0.5096), real noise ratio: 0.5356
Client 75, noise level: 0.8463 (0.7617), real noise ratio: 0.7688
Client 76, noise level: 0.6671 (0.6004), real noise ratio: 0.5550
Client 77, noise level: 0.5901 (0.5311), real noise ratio: 0.5161
Client 78, noise level: 0.5703 (0.5133), real noise ratio: 0.5427
Client 79, noise level: 0.8346 (0.7512), real noise ratio: 0.7432
Client 80, noise level: 0.6519 (0.5867), real noise ratio: 0.6231
Client 81, noise level: 0.8068 (0.7261), real noise ratio: 0.7030
Client 82, noise level: 0.9678 (0.8710), real noise ratio: 0.8990
Client 83, noise level: 0.6015 (0.5413), real noise ratio: 0.5333
Client 84, noise level: 0.5598 (0.5038), real noise ratio: 0.4892
Client 85, noise level: 0.6961 (0.6265), real noise ratio: 0.6347
Client 86, noise level: 0.8473 (0.7625), real noise ratio: 0.7667
Client 87, noise level: 0.9725 (0.8752), real noise ratio: 0.8649
Client 88, noise level: 0.5817 (0.5235), real noise ratio: 0.5187
Client 89, noise level: 0.7294 (0.6564), real noise ratio: 0.6343
Client 90, noise level: 0.6394 (0.5755), real noise ratio: 0.5640
Client 91, noise level: 0.6023 (0.5421), real noise ratio: 0.5223
Client 92, noise level: 0.6542 (0.5888), real noise ratio: 0.5620
Client 93, noise level: 0.8978 (0.8080), real noise ratio: 0.8160
Client 94, noise level: 0.5464 (0.4918), real noise ratio: 0.4641
Client 95, noise level: 0.9345 (0.8411), real noise ratio: 0.8136
Client 96, noise level: 0.9169 (0.8252), real noise ratio: 0.8161
Client 97, noise level: 0.8409 (0.7568), real noise ratio: 0.7565
Client 98, noise level: 0.6479 (0.5831), real noise ratio: 0.6003
Client 99, noise level: 0.5831 (0.5248), real noise ratio: 0.5380
Round 0 global test acc  34.0800
Round 1 global test acc  42.9700
Round 2 global test acc  54.2800
Round 3 global test acc  62.5700
Round 4 global test acc  70.9800
Round 5 global test acc  50.0800
Round 6 global test acc  47.3300
Round 7 global test acc  59.0400
Round 8 global test acc  67.1500
Round 9 global test acc  68.8400
Round 10 global test acc  60.7800
Round 11 global test acc  57.3500
Round 12 global test acc  47.0700
Round 13 global test acc  69.0500
Round 14 global test acc  49.4700
Round 15 global test acc  75.2700
Round 16 global test acc  29.1700
Round 17 global test acc  77.3300
Round 18 global test acc  33.9000
Round 19 global test acc  78.2700
Round 20 global test acc  68.8200
Round 21 global test acc  51.6400
Round 22 global test acc  78.3800
Round 23 global test acc  71.6700
Round 24 global test acc  67.2500
Round 25 global test acc  36.5300
Round 26 global test acc  62.9500
Round 27 global test acc  73.1300
Round 28 global test acc  81.8700
Round 29 global test acc  63.9300
Round 30 global test acc  36.6200
Round 31 global test acc  74.6900
Round 32 global test acc  78.2100
Round 33 global test acc  53.3700
Round 34 global test acc  80.6300
Round 35 global test acc  81.8500
Round 36 global test acc  29.0300
Round 37 global test acc  75.5400
Round 38 global test acc  83.2100
Round 39 global test acc  83.3100
Round 40 global test acc  81.4400
Round 41 global test acc  70.3500
Round 42 global test acc  71.2800
Round 43 global test acc  81.5500
Round 44 global test acc  75.7700
Round 45 global test acc  80.7900
Round 46 global test acc  54.4600
Round 47 global test acc  23.0200
Round 48 global test acc  80.1400
Round 49 global test acc  84.0700
Round 50 global test acc  79.1900
Round 51 global test acc  76.9800
Round 52 global test acc  66.3000
Round 53 global test acc  84.3200
Round 54 global test acc  84.2900
Round 55 global test acc  80.0800
Round 56 global test acc  80.5700
Round 57 global test acc  84.9900
Round 58 global test acc  80.5500
Round 59 global test acc  81.5400
Round 60 global test acc  80.4200
Round 61 global test acc  81.2900
Round 62 global test acc  81.3500
Round 63 global test acc  81.0000
Round 64 global test acc  86.2700
Round 65 global test acc  82.6900
Round 66 global test acc  83.4300
Round 67 global test acc  85.2400
Round 68 global test acc  84.2100
Round 69 global test acc  85.9700
Round 70 global test acc  85.1300
Round 71 global test acc  86.3900
Round 72 global test acc  84.9000
Round 73 global test acc  82.7600
Round 74 global test acc  85.5300
Round 75 global test acc  85.9900
Round 76 global test acc  83.6000
Round 77 global test acc  86.6400
Round 78 global test acc  84.9600
Round 79 global test acc  80.8800
Round 80 global test acc  86.0800
Round 81 global test acc  86.4000
Round 82 global test acc  84.6000
Round 83 global test acc  80.6200
Round 84 global test acc  82.4100
Round 85 global test acc  77.5600
Round 86 global test acc  83.0700
Round 87 global test acc  83.5800
Round 88 global test acc  86.5800
Round 89 global test acc  85.6000
Round 90 global test acc  83.9800
Round 91 global test acc  85.3500
Round 92 global test acc  86.7700
Round 93 global test acc  83.3500
Round 94 global test acc  83.9800
Round 95 global test acc  80.7500
Round 96 global test acc  83.2100
Round 97 global test acc  84.5300
Round 98 global test acc  87.0400
Round 99 global test acc  85.5600
Round 100 global test acc  84.6300
Round 101 global test acc  87.4800
Round 102 global test acc  80.9600
Round 103 global test acc  86.1500
Round 104 global test acc  86.3300
Round 105 global test acc  87.0500
Round 106 global test acc  87.3800
Round 107 global test acc  86.8200
Round 108 global test acc  85.7400
Round 109 global test acc  86.7100
Round 110 global test acc  78.2000
Round 111 global test acc  85.0700
Round 112 global test acc  86.2100
Round 113 global test acc  87.1200
Round 114 global test acc  86.2800
Round 115 global test acc  84.8600
Round 116 global test acc  85.4400
Round 117 global test acc  86.7400
Round 118 global test acc  83.8100
Round 119 global test acc  86.0100
Round 120 global test acc  82.9100
Round 121 global test acc  86.3400
Round 122 global test acc  84.2400
Round 123 global test acc  86.4600
Round 124 global test acc  87.1500
Round 125 global test acc  85.5500
Round 126 global test acc  84.7000
Round 127 global test acc  85.7300
Round 128 global test acc  84.8000
Round 129 global test acc  87.5200
Round 130 global test acc  86.4200
Round 131 global test acc  87.2500
Round 132 global test acc  84.9900
Round 133 global test acc  86.1000
Round 134 global test acc  85.8300
Round 135 global test acc  87.3200
Round 136 global test acc  87.4300
Round 137 global test acc  87.5600
Round 138 global test acc  87.6300
Round 139 global test acc  85.9800
Round 140 global test acc  86.6500
Round 141 global test acc  86.6500
Round 142 global test acc  87.5900
Round 143 global test acc  85.9900
Round 144 global test acc  87.2200
Round 145 global test acc  87.1400
Round 146 global test acc  84.2500
Round 147 global test acc  86.6900
Round 148 global test acc  86.2400
Round 149 global test acc  86.9400
Round 150 global test acc  87.1000
Round 151 global test acc  87.4500
Round 152 global test acc  87.4100
Round 153 global test acc  87.1700
Round 154 global test acc  86.9000
Round 155 global test acc  87.3900
Round 156 global test acc  87.4900
Round 157 global test acc  86.0400
Round 158 global test acc  87.9600
Round 159 global test acc  87.9000
Round 160 global test acc  87.0400
Round 161 global test acc  87.9500
Round 162 global test acc  84.9300
Round 163 global test acc  87.2800
Round 164 global test acc  86.8700
Round 165 global test acc  86.9200
Round 166 global test acc  87.1800
Round 167 global test acc  85.4400
Round 168 global test acc  87.0700
Round 169 global test acc  87.4700
Round 170 global test acc  87.4700
Round 171 global test acc  87.2100
Round 172 global test acc  87.7800
Round 173 global test acc  88.0600
Round 174 global test acc  87.8800
Round 175 global test acc  87.8600
Round 176 global test acc  87.7200
Round 177 global test acc  87.2700
Round 178 global test acc  87.7500
Round 179 global test acc  83.6600
Round 180 global test acc  87.4200
Round 181 global test acc  86.1800
Round 182 global test acc  87.8500
Round 183 global test acc  87.7400
Round 184 global test acc  87.2100
Round 185 global test acc  86.6200
Round 186 global test acc  87.1500
Round 187 global test acc  87.8700
Round 188 global test acc  87.2200
Round 189 global test acc  87.9200
Round 190 global test acc  86.9500
Round 191 global test acc  85.2400
Round 192 global test acc  86.0100
Round 193 global test acc  86.2100
Round 194 global test acc  85.7000
Round 195 global test acc  87.2700
Round 196 global test acc  86.6400
Round 197 global test acc  85.4600
Round 198 global test acc  87.1800
Round 199 global test acc  87.8100
time : 9141.42717552185
('algorithm', 'GlobalCORES')
('gpu', 0)
('seed', 13)
('save_dir', './record/')
('rounds2', 200)
('local_ep', 5)
('frac2', 0.1)
('num_users', 100)
('local_bs', 32)
('lr', 0.1)
('model', 'lenet')
('num_classes', 10)
('level_n_system', 1.0)
('level_n_lowerb', 0.5)
('alpha_dirichlet', 10)
('non_iid_prob_class', 0.7)
('dataset', 'mnist')
('iid', False)
('LID_k', 20)
('iteration1', 5)
('rounds1', 200)
('frac1', 0.01)
('pretrained', False)
('mixup', False)
('alpha', 1)
('beta', 5)
('relabel_ratio', 0.5)
('confidence_thres', 0.5)
('clean_set_thres', 0.1)
('fine_tuning', True)
('correction', True)
('T_pl', 100)
('lambda_cen', 1.0)
('lambda_e', 0.8)
('num_gradual', 10)
('forget_rate', 0.2)
('lr_decay', 0.1)
('schedule', [])
('momentum', 0.5)
('weight_decay', 0.0001)
('feature_dim', 128)
('plr', 0.05)
('lamda', 15)
('K', 5)
('gamma', 1)
('begin_sel', 10)
('max_beta', 2)
('mu', 0.01)
('device', device(type='cuda', index=0))
Client 0, noise level: 0.8484 (0.7635), real noise ratio: 0.7560
Client 1, noise level: 0.9815 (0.8834), real noise ratio: 0.8836
Client 2, noise level: 0.6389 (0.5750), real noise ratio: 0.5859
Client 3, noise level: 0.6168 (0.5551), real noise ratio: 0.5282
Client 4, noise level: 0.9228 (0.8306), real noise ratio: 0.8376
Client 5, noise level: 0.6121 (0.5509), real noise ratio: 0.5354
Client 6, noise level: 0.8445 (0.7600), real noise ratio: 0.7468
Client 7, noise level: 0.5767 (0.5191), real noise ratio: 0.4941
Client 8, noise level: 0.6018 (0.5416), real noise ratio: 0.5693
Client 9, noise level: 0.5338 (0.4804), real noise ratio: 0.4698
Client 10, noise level: 0.8747 (0.7873), real noise ratio: 0.7910
Client 11, noise level: 0.5900 (0.5310), real noise ratio: 0.5223
Client 12, noise level: 0.5621 (0.5059), real noise ratio: 0.5229
Client 13, noise level: 0.6124 (0.5512), real noise ratio: 0.5098
Client 14, noise level: 0.6397 (0.5758), real noise ratio: 0.5687
Client 15, noise level: 0.5169 (0.4652), real noise ratio: 0.4687
Client 16, noise level: 0.6272 (0.5645), real noise ratio: 0.5382
Client 17, noise level: 0.8344 (0.7510), real noise ratio: 0.7437
Client 18, noise level: 0.8800 (0.7920), real noise ratio: 0.8122
Client 19, noise level: 0.6130 (0.5517), real noise ratio: 0.5450
Client 20, noise level: 0.8059 (0.7253), real noise ratio: 0.7477
Client 21, noise level: 0.9561 (0.8605), real noise ratio: 0.8850
Client 22, noise level: 0.7708 (0.6937), real noise ratio: 0.7213
Client 23, noise level: 0.6870 (0.6183), real noise ratio: 0.6038
Client 24, noise level: 0.5066 (0.4559), real noise ratio: 0.4389
Client 25, noise level: 0.9147 (0.8232), real noise ratio: 0.8302
Client 26, noise level: 0.9083 (0.8175), real noise ratio: 0.8270
Client 27, noise level: 0.5399 (0.4859), real noise ratio: 0.4742
Client 28, noise level: 0.5858 (0.5273), real noise ratio: 0.5407
Client 29, noise level: 0.9191 (0.8272), real noise ratio: 0.8395
Client 30, noise level: 0.7821 (0.7039), real noise ratio: 0.7004
Client 31, noise level: 0.6749 (0.6074), real noise ratio: 0.6164
Client 32, noise level: 0.5725 (0.5153), real noise ratio: 0.5022
Client 33, noise level: 0.5493 (0.4943), real noise ratio: 0.5014
Client 34, noise level: 0.7801 (0.7021), real noise ratio: 0.6947
Client 35, noise level: 0.8550 (0.7695), real noise ratio: 0.7844
Client 36, noise level: 0.9754 (0.8779), real noise ratio: 0.8818
Client 37, noise level: 0.8740 (0.7866), real noise ratio: 0.7907
Client 38, noise level: 0.6861 (0.6175), real noise ratio: 0.6518
Client 39, noise level: 0.8792 (0.7913), real noise ratio: 0.7873
Client 40, noise level: 0.5355 (0.4820), real noise ratio: 0.4785
Client 41, noise level: 0.8109 (0.7298), real noise ratio: 0.7151
Client 42, noise level: 0.8604 (0.7743), real noise ratio: 0.7760
Client 43, noise level: 0.5209 (0.4688), real noise ratio: 0.4627
Client 44, noise level: 0.6976 (0.6279), real noise ratio: 0.6729
Client 45, noise level: 0.5807 (0.5226), real noise ratio: 0.5331
Client 46, noise level: 0.6380 (0.5742), real noise ratio: 0.5643
Client 47, noise level: 0.6133 (0.5519), real noise ratio: 0.5399
Client 48, noise level: 0.6523 (0.5871), real noise ratio: 0.5671
Client 49, noise level: 0.5681 (0.5113), real noise ratio: 0.4913
Client 50, noise level: 0.8471 (0.7624), real noise ratio: 0.7598
Client 51, noise level: 0.5264 (0.4738), real noise ratio: 0.4834
Client 52, noise level: 0.7907 (0.7116), real noise ratio: 0.6959
Client 53, noise level: 0.5899 (0.5309), real noise ratio: 0.5084
Client 54, noise level: 0.7533 (0.6780), real noise ratio: 0.6698
Client 55, noise level: 0.6408 (0.5767), real noise ratio: 0.5928
Client 56, noise level: 0.6850 (0.6165), real noise ratio: 0.6271
Client 57, noise level: 0.7523 (0.6770), real noise ratio: 0.7048
Client 58, noise level: 0.5612 (0.5050), real noise ratio: 0.4621
Client 59, noise level: 0.5653 (0.5088), real noise ratio: 0.5422
Client 60, noise level: 0.9222 (0.8300), real noise ratio: 0.8401
Client 61, noise level: 0.6961 (0.6265), real noise ratio: 0.6476
Client 62, noise level: 0.5848 (0.5263), real noise ratio: 0.5178
Client 63, noise level: 0.9006 (0.8105), real noise ratio: 0.8043
Client 64, noise level: 0.9551 (0.8596), real noise ratio: 0.8548
Client 65, noise level: 0.9148 (0.8233), real noise ratio: 0.8341
Client 66, noise level: 0.8570 (0.7713), real noise ratio: 0.7561
Client 67, noise level: 0.5497 (0.4947), real noise ratio: 0.5049
Client 68, noise level: 0.9567 (0.8610), real noise ratio: 0.8659
Client 69, noise level: 0.7890 (0.7101), real noise ratio: 0.6973
Client 70, noise level: 0.9501 (0.8551), real noise ratio: 0.8671
Client 71, noise level: 0.7818 (0.7036), real noise ratio: 0.7149
Client 72, noise level: 0.5049 (0.4544), real noise ratio: 0.4590
Client 73, noise level: 0.9971 (0.8974), real noise ratio: 0.8942
Client 74, noise level: 0.5662 (0.5096), real noise ratio: 0.5356
Client 75, noise level: 0.8463 (0.7617), real noise ratio: 0.7688
Client 76, noise level: 0.6671 (0.6004), real noise ratio: 0.5550
Client 77, noise level: 0.5901 (0.5311), real noise ratio: 0.5161
Client 78, noise level: 0.5703 (0.5133), real noise ratio: 0.5427
Client 79, noise level: 0.8346 (0.7512), real noise ratio: 0.7432
Client 80, noise level: 0.6519 (0.5867), real noise ratio: 0.6231
Client 81, noise level: 0.8068 (0.7261), real noise ratio: 0.7030
Client 82, noise level: 0.9678 (0.8710), real noise ratio: 0.8990
Client 83, noise level: 0.6015 (0.5413), real noise ratio: 0.5333
Client 84, noise level: 0.5598 (0.5038), real noise ratio: 0.4892
Client 85, noise level: 0.6961 (0.6265), real noise ratio: 0.6347
Client 86, noise level: 0.8473 (0.7625), real noise ratio: 0.7667
Client 87, noise level: 0.9725 (0.8752), real noise ratio: 0.8649
Client 88, noise level: 0.5817 (0.5235), real noise ratio: 0.5187
Client 89, noise level: 0.7294 (0.6564), real noise ratio: 0.6343
Client 90, noise level: 0.6394 (0.5755), real noise ratio: 0.5640
Client 91, noise level: 0.6023 (0.5421), real noise ratio: 0.5223
Client 92, noise level: 0.6542 (0.5888), real noise ratio: 0.5620
Client 93, noise level: 0.8978 (0.8080), real noise ratio: 0.8160
Client 94, noise level: 0.5464 (0.4918), real noise ratio: 0.4641
Client 95, noise level: 0.9345 (0.8411), real noise ratio: 0.8136
Client 96, noise level: 0.9169 (0.8252), real noise ratio: 0.8161
Client 97, noise level: 0.8409 (0.7568), real noise ratio: 0.7565
Client 98, noise level: 0.6479 (0.5831), real noise ratio: 0.6003
Client 99, noise level: 0.5831 (0.5248), real noise ratio: 0.5380
Round 0 global test acc  34.3000
Round 1 global test acc  45.1500
Round 2 global test acc  54.4700
Round 3 global test acc  63.2700
Round 4 global test acc  69.9900
Round 5 global test acc  50.5900
Round 6 global test acc  49.3200
Round 7 global test acc  59.3000
Round 8 global test acc  66.0900
Round 9 global test acc  66.6400
Round 10 global test acc  65.3800
Round 11 global test acc  68.0400
Round 12 global test acc  70.3700
Round 13 global test acc  52.6400
Round 14 global test acc  60.8800
Round 15 global test acc  66.3900
Round 16 global test acc  69.4400
Round 17 global test acc  76.1400
Round 18 global test acc  36.4800
Round 19 global test acc  72.4500
Round 20 global test acc  15.3300
Round 21 global test acc  25.5600
Round 22 global test acc  72.5700
Round 23 global test acc  68.3200
Round 24 global test acc  56.6700
Round 25 global test acc  67.3200
Round 26 global test acc  47.4800
Round 27 global test acc  66.5800
Round 28 global test acc  83.0300
Round 29 global test acc  68.6000
Round 30 global test acc  48.0000
Round 31 global test acc  64.0500
Round 32 global test acc  78.4600
Round 33 global test acc  37.6000
Round 34 global test acc  64.5700
Round 35 global test acc  81.4000
Round 36 global test acc  73.7300
Round 37 global test acc  72.6400
Round 38 global test acc  83.5600
Round 39 global test acc  81.1500
Round 40 global test acc  72.9200
Round 41 global test acc  73.1600
Round 42 global test acc  80.6700
Round 43 global test acc  83.1600
Round 44 global test acc  83.0700
Round 45 global test acc  84.0300
Round 46 global test acc  81.0500
Round 47 global test acc  67.1600
Round 48 global test acc  78.8900
Round 49 global test acc  84.2600
Round 50 global test acc  82.0300
Round 51 global test acc  85.2100
Round 52 global test acc  61.9500
Round 53 global test acc  85.5500
Round 54 global test acc  85.0100
Round 55 global test acc  81.5700
Round 56 global test acc  76.1100
Round 57 global test acc  83.7600
Round 58 global test acc  83.4800
Round 59 global test acc  81.1600
Round 60 global test acc  74.2400
Round 61 global test acc  78.6600
Round 62 global test acc  82.9400
Round 63 global test acc  81.9900
Round 64 global test acc  85.9500
Round 65 global test acc  81.2500
Round 66 global test acc  82.7200
Round 67 global test acc  85.5600
Round 68 global test acc  85.2000
Round 69 global test acc  86.4800
Round 70 global test acc  85.4600
Round 71 global test acc  86.2400
Round 72 global test acc  85.0700
Round 73 global test acc  86.0400
Round 74 global test acc  86.0400
Round 75 global test acc  86.6500
Round 76 global test acc  83.6300
Round 77 global test acc  86.3000
Round 78 global test acc  85.3500
Round 79 global test acc  82.9400
Round 80 global test acc  86.4800
Round 81 global test acc  85.5000
Round 82 global test acc  85.8200
Round 83 global test acc  77.4300
Round 84 global test acc  85.4300
Round 85 global test acc  76.6700
Round 86 global test acc  85.1000
Round 87 global test acc  84.8700
Round 88 global test acc  85.7800
Round 89 global test acc  85.0900
Round 90 global test acc  85.4100
Round 91 global test acc  84.5600
Round 92 global test acc  86.6100
Round 93 global test acc  83.3900
Round 94 global test acc  84.8000
Round 95 global test acc  82.4800
Round 96 global test acc  86.1900
Round 97 global test acc  85.7400
Round 98 global test acc  86.0400
Round 99 global test acc  84.6300
Round 100 global test acc  82.7400
Round 101 global test acc  87.1600
Round 102 global test acc  86.5600
Round 103 global test acc  86.3400
Round 104 global test acc  86.0000
Round 105 global test acc  86.8700
Round 106 global test acc  87.2200
Round 107 global test acc  86.6300
Round 108 global test acc  85.9600
Round 109 global test acc  86.7600
Round 110 global test acc  86.4900
Round 111 global test acc  85.7900
Round 112 global test acc  86.2100
Round 113 global test acc  86.9100
Round 114 global test acc  85.4000
Round 115 global test acc  84.1400
Round 116 global test acc  85.3400
Round 117 global test acc  87.0500
Round 118 global test acc  85.7900
Round 119 global test acc  83.7100
Round 120 global test acc  85.2700
Round 121 global test acc  84.4400
Round 122 global test acc  83.8000
Round 123 global test acc  86.4000
Round 124 global test acc  86.7100
Round 125 global test acc  85.8000
Round 126 global test acc  86.1200
Round 127 global test acc  86.2600
Round 128 global test acc  86.1200
Round 129 global test acc  87.1000
Round 130 global test acc  86.3100
Round 131 global test acc  85.5500
Round 132 global test acc  81.9100
Round 133 global test acc  85.9700
Round 134 global test acc  83.6500
Round 135 global test acc  87.1900
Round 136 global test acc  86.5400
Round 137 global test acc  87.5200
Round 138 global test acc  87.7600
Round 139 global test acc  86.6200
Round 140 global test acc  86.7300
Round 141 global test acc  87.1200
Round 142 global test acc  87.4300
Round 143 global test acc  84.9000
Round 144 global test acc  86.0100
Round 145 global test acc  85.9700
Round 146 global test acc  85.8600
Round 147 global test acc  86.6900
Round 148 global test acc  86.6700
Round 149 global test acc  86.8700
Round 150 global test acc  86.6500
Round 151 global test acc  87.5300
Round 152 global test acc  87.0700
Round 153 global test acc  86.1500
Round 154 global test acc  85.1700
Round 155 global test acc  87.3000
Round 156 global test acc  87.1600
Round 157 global test acc  85.1400
Round 158 global test acc  87.3800
Round 159 global test acc  87.1400
Round 160 global test acc  86.3500
Round 161 global test acc  87.7100
Round 162 global test acc  86.3500
Round 163 global test acc  87.8000
Round 164 global test acc  86.6500
Round 165 global test acc  87.6400
Round 166 global test acc  87.2100
Round 167 global test acc  86.8800
Round 168 global test acc  86.2900
Round 169 global test acc  86.9000
Round 170 global test acc  87.6000
Round 171 global test acc  87.5500
Round 172 global test acc  87.2300
Round 173 global test acc  87.9500
Round 174 global test acc  87.8100
Round 175 global test acc  87.5700
Round 176 global test acc  87.7600
Round 177 global test acc  87.6600
Round 178 global test acc  87.5900
Round 179 global test acc  86.5600
Round 180 global test acc  87.2500
Round 181 global test acc  87.4800
Round 182 global test acc  87.6200
Round 183 global test acc  88.1900
Round 184 global test acc  87.7900
Round 185 global test acc  87.4000
Round 186 global test acc  87.4800
Round 187 global test acc  88.1600
Round 188 global test acc  87.4200
Round 189 global test acc  88.2300
Round 190 global test acc  87.9900
Round 191 global test acc  87.0900
Round 192 global test acc  86.9900
Round 193 global test acc  86.7100
Round 194 global test acc  87.4500
Round 195 global test acc  87.5200
Round 196 global test acc  87.5100
Round 197 global test acc  87.3000
Round 198 global test acc  87.0700
Round 199 global test acc  87.6100
time : 8963.100106239319
('algorithm', 'GlobalCORES')
('gpu', 0)
('seed', 13)
('save_dir', './record/')
('rounds2', 200)
('local_ep', 5)
('frac2', 0.1)
('num_users', 100)
('local_bs', 32)
('lr', 0.1)
('model', 'lenet')
('num_classes', 10)
('level_n_system', 1.0)
('level_n_lowerb', 0.5)
('alpha_dirichlet', 10)
('non_iid_prob_class', 0.7)
('dataset', 'mnist')
('iid', False)
('LID_k', 20)
('iteration1', 5)
('rounds1', 200)
('frac1', 0.01)
('pretrained', False)
('mixup', False)
('alpha', 1)
('beta', 5)
('relabel_ratio', 0.5)
('confidence_thres', 0.5)
('clean_set_thres', 0.1)
('fine_tuning', True)
('correction', True)
('T_pl', 100)
('lambda_cen', 1.0)
('lambda_e', 0.8)
('num_gradual', 10)
('forget_rate', 0.2)
('lr_decay', 0.1)
('schedule', [])
('momentum', 0.5)
('weight_decay', 0.0001)
('feature_dim', 128)
('plr', 0.05)
('lamda', 15)
('K', 5)
('gamma', 1)
('begin_sel', 10)
('max_beta', 2)
('mu', 0.01)
('device', device(type='cuda', index=0))
Client 0, noise level: 0.8484 (0.7635), real noise ratio: 0.7560
Client 1, noise level: 0.9815 (0.8834), real noise ratio: 0.8836
Client 2, noise level: 0.6389 (0.5750), real noise ratio: 0.5859
Client 3, noise level: 0.6168 (0.5551), real noise ratio: 0.5282
Client 4, noise level: 0.9228 (0.8306), real noise ratio: 0.8376
Client 5, noise level: 0.6121 (0.5509), real noise ratio: 0.5354
Client 6, noise level: 0.8445 (0.7600), real noise ratio: 0.7468
Client 7, noise level: 0.5767 (0.5191), real noise ratio: 0.4941
Client 8, noise level: 0.6018 (0.5416), real noise ratio: 0.5693
Client 9, noise level: 0.5338 (0.4804), real noise ratio: 0.4698
Client 10, noise level: 0.8747 (0.7873), real noise ratio: 0.7910
Client 11, noise level: 0.5900 (0.5310), real noise ratio: 0.5223
Client 12, noise level: 0.5621 (0.5059), real noise ratio: 0.5229
Client 13, noise level: 0.6124 (0.5512), real noise ratio: 0.5098
Client 14, noise level: 0.6397 (0.5758), real noise ratio: 0.5687
Client 15, noise level: 0.5169 (0.4652), real noise ratio: 0.4687
Client 16, noise level: 0.6272 (0.5645), real noise ratio: 0.5382
Client 17, noise level: 0.8344 (0.7510), real noise ratio: 0.7437
Client 18, noise level: 0.8800 (0.7920), real noise ratio: 0.8122
Client 19, noise level: 0.6130 (0.5517), real noise ratio: 0.5450
Client 20, noise level: 0.8059 (0.7253), real noise ratio: 0.7477
Client 21, noise level: 0.9561 (0.8605), real noise ratio: 0.8850
Client 22, noise level: 0.7708 (0.6937), real noise ratio: 0.7213
Client 23, noise level: 0.6870 (0.6183), real noise ratio: 0.6038
Client 24, noise level: 0.5066 (0.4559), real noise ratio: 0.4389
Client 25, noise level: 0.9147 (0.8232), real noise ratio: 0.8302
Client 26, noise level: 0.9083 (0.8175), real noise ratio: 0.8270
Client 27, noise level: 0.5399 (0.4859), real noise ratio: 0.4742
Client 28, noise level: 0.5858 (0.5273), real noise ratio: 0.5407
Client 29, noise level: 0.9191 (0.8272), real noise ratio: 0.8395
Client 30, noise level: 0.7821 (0.7039), real noise ratio: 0.7004
Client 31, noise level: 0.6749 (0.6074), real noise ratio: 0.6164
Client 32, noise level: 0.5725 (0.5153), real noise ratio: 0.5022
Client 33, noise level: 0.5493 (0.4943), real noise ratio: 0.5014
Client 34, noise level: 0.7801 (0.7021), real noise ratio: 0.6947
Client 35, noise level: 0.8550 (0.7695), real noise ratio: 0.7844
Client 36, noise level: 0.9754 (0.8779), real noise ratio: 0.8818
Client 37, noise level: 0.8740 (0.7866), real noise ratio: 0.7907
Client 38, noise level: 0.6861 (0.6175), real noise ratio: 0.6518
Client 39, noise level: 0.8792 (0.7913), real noise ratio: 0.7873
Client 40, noise level: 0.5355 (0.4820), real noise ratio: 0.4785
Client 41, noise level: 0.8109 (0.7298), real noise ratio: 0.7151
Client 42, noise level: 0.8604 (0.7743), real noise ratio: 0.7760
Client 43, noise level: 0.5209 (0.4688), real noise ratio: 0.4627
Client 44, noise level: 0.6976 (0.6279), real noise ratio: 0.6729
Client 45, noise level: 0.5807 (0.5226), real noise ratio: 0.5331
Client 46, noise level: 0.6380 (0.5742), real noise ratio: 0.5643
Client 47, noise level: 0.6133 (0.5519), real noise ratio: 0.5399
Client 48, noise level: 0.6523 (0.5871), real noise ratio: 0.5671
Client 49, noise level: 0.5681 (0.5113), real noise ratio: 0.4913
Client 50, noise level: 0.8471 (0.7624), real noise ratio: 0.7598
Client 51, noise level: 0.5264 (0.4738), real noise ratio: 0.4834
Client 52, noise level: 0.7907 (0.7116), real noise ratio: 0.6959
Client 53, noise level: 0.5899 (0.5309), real noise ratio: 0.5084
Client 54, noise level: 0.7533 (0.6780), real noise ratio: 0.6698
Client 55, noise level: 0.6408 (0.5767), real noise ratio: 0.5928
Client 56, noise level: 0.6850 (0.6165), real noise ratio: 0.6271
Client 57, noise level: 0.7523 (0.6770), real noise ratio: 0.7048
Client 58, noise level: 0.5612 (0.5050), real noise ratio: 0.4621
Client 59, noise level: 0.5653 (0.5088), real noise ratio: 0.5422
Client 60, noise level: 0.9222 (0.8300), real noise ratio: 0.8401
Client 61, noise level: 0.6961 (0.6265), real noise ratio: 0.6476
Client 62, noise level: 0.5848 (0.5263), real noise ratio: 0.5178
Client 63, noise level: 0.9006 (0.8105), real noise ratio: 0.8043
Client 64, noise level: 0.9551 (0.8596), real noise ratio: 0.8548
Client 65, noise level: 0.9148 (0.8233), real noise ratio: 0.8341
Client 66, noise level: 0.8570 (0.7713), real noise ratio: 0.7561
Client 67, noise level: 0.5497 (0.4947), real noise ratio: 0.5049
Client 68, noise level: 0.9567 (0.8610), real noise ratio: 0.8659
Client 69, noise level: 0.7890 (0.7101), real noise ratio: 0.6973
Client 70, noise level: 0.9501 (0.8551), real noise ratio: 0.8671
Client 71, noise level: 0.7818 (0.7036), real noise ratio: 0.7149
Client 72, noise level: 0.5049 (0.4544), real noise ratio: 0.4590
Client 73, noise level: 0.9971 (0.8974), real noise ratio: 0.8942
Client 74, noise level: 0.5662 (0.5096), real noise ratio: 0.5356
Client 75, noise level: 0.8463 (0.7617), real noise ratio: 0.7688
Client 76, noise level: 0.6671 (0.6004), real noise ratio: 0.5550
Client 77, noise level: 0.5901 (0.5311), real noise ratio: 0.5161
Client 78, noise level: 0.5703 (0.5133), real noise ratio: 0.5427
Client 79, noise level: 0.8346 (0.7512), real noise ratio: 0.7432
Client 80, noise level: 0.6519 (0.5867), real noise ratio: 0.6231
Client 81, noise level: 0.8068 (0.7261), real noise ratio: 0.7030
Client 82, noise level: 0.9678 (0.8710), real noise ratio: 0.8990
Client 83, noise level: 0.6015 (0.5413), real noise ratio: 0.5333
Client 84, noise level: 0.5598 (0.5038), real noise ratio: 0.4892
Client 85, noise level: 0.6961 (0.6265), real noise ratio: 0.6347
Client 86, noise level: 0.8473 (0.7625), real noise ratio: 0.7667
Client 87, noise level: 0.9725 (0.8752), real noise ratio: 0.8649
Client 88, noise level: 0.5817 (0.5235), real noise ratio: 0.5187
Client 89, noise level: 0.7294 (0.6564), real noise ratio: 0.6343
Client 90, noise level: 0.6394 (0.5755), real noise ratio: 0.5640
Client 91, noise level: 0.6023 (0.5421), real noise ratio: 0.5223
Client 92, noise level: 0.6542 (0.5888), real noise ratio: 0.5620
Client 93, noise level: 0.8978 (0.8080), real noise ratio: 0.8160
Client 94, noise level: 0.5464 (0.4918), real noise ratio: 0.4641
Client 95, noise level: 0.9345 (0.8411), real noise ratio: 0.8136
Client 96, noise level: 0.9169 (0.8252), real noise ratio: 0.8161
Client 97, noise level: 0.8409 (0.7568), real noise ratio: 0.7565
Client 98, noise level: 0.6479 (0.5831), real noise ratio: 0.6003
Client 99, noise level: 0.5831 (0.5248), real noise ratio: 0.5380
Round 0 global test acc  33.1800
Round 1 global test acc  43.6800
Round 2 global test acc  54.5100
Round 3 global test acc  62.9000
Round 4 global test acc  70.8000
Round 5 global test acc  50.4200
Round 6 global test acc  49.2600
Round 7 global test acc  60.6700
Round 8 global test acc  62.6500
Round 9 global test acc  69.0700
Round 10 global test acc  62.0700
Round 11 global test acc  69.7100
Round 12 global test acc  61.2900
Round 13 global test acc  14.8600
Round 14 global test acc  59.0800
Round 15 global test acc  56.7700
Round 16 global test acc  68.0400
Round 17 global test acc  73.1400
Round 18 global test acc  14.4400
Round 19 global test acc  75.1600
Round 20 global test acc  71.6200
Round 21 global test acc  73.4800
Round 22 global test acc  79.3500
Round 23 global test acc  72.7900
Round 24 global test acc  65.2200
Round 25 global test acc  55.9800
Round 26 global test acc  17.3400
Round 27 global test acc  72.6300
Round 28 global test acc  81.1600
Round 29 global test acc  76.0400
Round 30 global test acc  57.7300
Round 31 global test acc  55.1600
Round 32 global test acc  81.8800
Round 33 global test acc  65.5200
Round 34 global test acc  79.7500
Round 35 global test acc  81.0200
Round 36 global test acc  54.5500
Round 37 global test acc  64.2200
Round 38 global test acc  82.6300
Round 39 global test acc  83.6300
Round 40 global test acc  72.2200
Round 41 global test acc  79.2700
Round 42 global test acc  55.6400
Round 43 global test acc  81.0400
Round 44 global test acc  80.8900
Round 45 global test acc  79.5800
Round 46 global test acc  81.7700
Round 47 global test acc  42.8600
Round 48 global test acc  81.1500
Round 49 global test acc  83.4000
Round 50 global test acc  83.4400
Round 51 global test acc  83.6400
Round 52 global test acc  81.8000
Round 53 global test acc  85.0200
Round 54 global test acc  84.0300
Round 55 global test acc  81.3300
Round 56 global test acc  84.8000
Round 57 global test acc  84.4800
Round 58 global test acc  84.2600
Round 59 global test acc  82.6600
Round 60 global test acc  82.7900
Round 61 global test acc  82.5100
Round 62 global test acc  80.9400
Round 63 global test acc  84.5000
Round 64 global test acc  85.4400
Round 65 global test acc  78.0600
Round 66 global test acc  81.5500
Round 67 global test acc  84.9400
Round 68 global test acc  85.2600
Round 69 global test acc  85.0600
Round 70 global test acc  86.1000
Round 71 global test acc  85.5900
Round 72 global test acc  82.8100
Round 73 global test acc  76.2500
Round 74 global test acc  85.8600
Round 75 global test acc  85.7500
Round 76 global test acc  82.2400
Round 77 global test acc  86.4600
Round 78 global test acc  86.1000
Round 79 global test acc  85.8400
Round 80 global test acc  86.0200
Round 81 global test acc  84.0300
Round 82 global test acc  82.5800
Round 83 global test acc  80.8900
Round 84 global test acc  85.5300
Round 85 global test acc  76.6800
Round 86 global test acc  85.4100
Round 87 global test acc  85.2400
Round 88 global test acc  83.8500
Round 89 global test acc  78.7000
Round 90 global test acc  80.5500
Round 91 global test acc  84.4200
Round 92 global test acc  84.5500
Round 93 global test acc  75.6400
Round 94 global test acc  81.7000
Round 95 global test acc  71.4600
Round 96 global test acc  83.2000
Round 97 global test acc  84.6600
Round 98 global test acc  84.6500
Round 99 global test acc  82.1700
Round 100 global test acc  81.6100
Round 101 global test acc  85.2300
Round 102 global test acc  83.7500
Round 103 global test acc  85.7400
Round 104 global test acc  80.3100
Round 105 global test acc  83.5000
Round 106 global test acc  84.6600
Round 107 global test acc  85.5400
Round 108 global test acc  85.7000
Round 109 global test acc  85.3300
Round 110 global test acc  84.4400
Round 111 global test acc  83.8600
Round 112 global test acc  84.1500
Round 113 global test acc  86.2600
Round 114 global test acc  84.5400
Round 115 global test acc  60.8100
Round 116 global test acc  83.1000
Round 117 global test acc  85.8300
Round 118 global test acc  84.9400
Round 119 global test acc  85.6100
Round 120 global test acc  83.9700
Round 121 global test acc  85.3000
Round 122 global test acc  81.9100
Round 123 global test acc  84.5200
Round 124 global test acc  86.0400
Round 125 global test acc  83.6400
Round 126 global test acc  83.0500
Round 127 global test acc  84.8700
Round 128 global test acc  85.6500
Round 129 global test acc  86.7200
Round 130 global test acc  85.3200
Round 131 global test acc  84.3500
Round 132 global test acc  85.0200
Round 133 global test acc  85.8100
Round 134 global test acc  83.1500
Round 135 global test acc  86.5700
Round 136 global test acc  85.8600
Round 137 global test acc  86.6800
Round 138 global test acc  86.8500
Round 139 global test acc  85.9800
Round 140 global test acc  86.7900
Round 141 global test acc  86.0400
Round 142 global test acc  86.5500
Round 143 global test acc  86.1000
Round 144 global test acc  85.6100
Round 145 global test acc  85.6900
Round 146 global test acc  77.7800
Round 147 global test acc  85.9400
Round 148 global test acc  85.9700
Round 149 global test acc  86.4400
Round 150 global test acc  86.1000
Round 151 global test acc  86.5500
Round 152 global test acc  86.4800
Round 153 global test acc  86.1400
Round 154 global test acc  82.5700
Round 155 global test acc  86.6800
Round 156 global test acc  87.2100
Round 157 global test acc  83.9800
Round 158 global test acc  86.8300
Round 159 global test acc  85.7000
Round 160 global test acc  86.8500
Round 161 global test acc  86.6400
Round 162 global test acc  85.7500
Round 163 global test acc  86.6800
Round 164 global test acc  86.2000
Round 165 global test acc  86.3100
Round 166 global test acc  85.0400
Round 167 global test acc  84.7200
Round 168 global test acc  84.9900
Round 169 global test acc  86.7400
Round 170 global test acc  86.3700
Round 171 global test acc  86.9800
Round 172 global test acc  86.2300
Round 173 global test acc  87.4600
Round 174 global test acc  87.1600
Round 175 global test acc  87.2800
Round 176 global test acc  87.2900
Round 177 global test acc  86.2500
Round 178 global test acc  86.7800
Round 179 global test acc  84.7500
Round 180 global test acc  86.9600
Round 181 global test acc  86.3200
Round 182 global test acc  87.1000
Round 183 global test acc  87.4200
Round 184 global test acc  87.1100
Round 185 global test acc  85.9700
Round 186 global test acc  86.0100
Round 187 global test acc  87.4400
Round 188 global test acc  87.1100
Round 189 global test acc  87.4900
Round 190 global test acc  87.1600
Round 191 global test acc  87.4100
Round 192 global test acc  85.0500
Round 193 global test acc  84.5000
Round 194 global test acc  84.4200
Round 195 global test acc  82.7300
Round 196 global test acc  83.9900
Round 197 global test acc  86.7800
Round 198 global test acc  86.3700
Round 199 global test acc  87.0300
time : 9063.331308603287
('algorithm', 'GlobalCORES')
('gpu', 0)
('seed', 13)
('save_dir', './record/')
('rounds2', 200)
('local_ep', 5)
('frac2', 0.1)
('num_users', 100)
('local_bs', 32)
('lr', 0.1)
('model', 'lenet')
('num_classes', 10)
('level_n_system', 1.0)
('level_n_lowerb', 0.5)
('alpha_dirichlet', 10)
('non_iid_prob_class', 0.7)
('dataset', 'mnist')
('iid', False)
('LID_k', 20)
('iteration1', 5)
('rounds1', 200)
('frac1', 0.01)
('pretrained', False)
('mixup', False)
('alpha', 1)
('beta', 5)
('relabel_ratio', 0.5)
('confidence_thres', 0.5)
('clean_set_thres', 0.1)
('fine_tuning', True)
('correction', True)
('T_pl', 100)
('lambda_cen', 1.0)
('lambda_e', 0.8)
('num_gradual', 10)
('forget_rate', 0.2)
('lr_decay', 0.1)
('schedule', [])
('momentum', 0.5)
('weight_decay', 0.0001)
('feature_dim', 128)
('plr', 0.05)
('lamda', 15)
('K', 5)
('gamma', 1)
('begin_sel', 10)
('max_beta', 2)
('mu', 0.01)
('device', device(type='cuda', index=0))
Client 0, noise level: 0.8484 (0.7635), real noise ratio: 0.7560
Client 1, noise level: 0.9815 (0.8834), real noise ratio: 0.8836
Client 2, noise level: 0.6389 (0.5750), real noise ratio: 0.5859
Client 3, noise level: 0.6168 (0.5551), real noise ratio: 0.5282
Client 4, noise level: 0.9228 (0.8306), real noise ratio: 0.8376
Client 5, noise level: 0.6121 (0.5509), real noise ratio: 0.5354
Client 6, noise level: 0.8445 (0.7600), real noise ratio: 0.7468
Client 7, noise level: 0.5767 (0.5191), real noise ratio: 0.4941
Client 8, noise level: 0.6018 (0.5416), real noise ratio: 0.5693
Client 9, noise level: 0.5338 (0.4804), real noise ratio: 0.4698
Client 10, noise level: 0.8747 (0.7873), real noise ratio: 0.7910
Client 11, noise level: 0.5900 (0.5310), real noise ratio: 0.5223
Client 12, noise level: 0.5621 (0.5059), real noise ratio: 0.5229
Client 13, noise level: 0.6124 (0.5512), real noise ratio: 0.5098
Client 14, noise level: 0.6397 (0.5758), real noise ratio: 0.5687
Client 15, noise level: 0.5169 (0.4652), real noise ratio: 0.4687
Client 16, noise level: 0.6272 (0.5645), real noise ratio: 0.5382
Client 17, noise level: 0.8344 (0.7510), real noise ratio: 0.7437
Client 18, noise level: 0.8800 (0.7920), real noise ratio: 0.8122
Client 19, noise level: 0.6130 (0.5517), real noise ratio: 0.5450
Client 20, noise level: 0.8059 (0.7253), real noise ratio: 0.7477
Client 21, noise level: 0.9561 (0.8605), real noise ratio: 0.8850
Client 22, noise level: 0.7708 (0.6937), real noise ratio: 0.7213
Client 23, noise level: 0.6870 (0.6183), real noise ratio: 0.6038
Client 24, noise level: 0.5066 (0.4559), real noise ratio: 0.4389
Client 25, noise level: 0.9147 (0.8232), real noise ratio: 0.8302
Client 26, noise level: 0.9083 (0.8175), real noise ratio: 0.8270
Client 27, noise level: 0.5399 (0.4859), real noise ratio: 0.4742
Client 28, noise level: 0.5858 (0.5273), real noise ratio: 0.5407
Client 29, noise level: 0.9191 (0.8272), real noise ratio: 0.8395
Client 30, noise level: 0.7821 (0.7039), real noise ratio: 0.7004
Client 31, noise level: 0.6749 (0.6074), real noise ratio: 0.6164
Client 32, noise level: 0.5725 (0.5153), real noise ratio: 0.5022
Client 33, noise level: 0.5493 (0.4943), real noise ratio: 0.5014
Client 34, noise level: 0.7801 (0.7021), real noise ratio: 0.6947
Client 35, noise level: 0.8550 (0.7695), real noise ratio: 0.7844
Client 36, noise level: 0.9754 (0.8779), real noise ratio: 0.8818
Client 37, noise level: 0.8740 (0.7866), real noise ratio: 0.7907
Client 38, noise level: 0.6861 (0.6175), real noise ratio: 0.6518
Client 39, noise level: 0.8792 (0.7913), real noise ratio: 0.7873
Client 40, noise level: 0.5355 (0.4820), real noise ratio: 0.4785
Client 41, noise level: 0.8109 (0.7298), real noise ratio: 0.7151
Client 42, noise level: 0.8604 (0.7743), real noise ratio: 0.7760
Client 43, noise level: 0.5209 (0.4688), real noise ratio: 0.4627
Client 44, noise level: 0.6976 (0.6279), real noise ratio: 0.6729
Client 45, noise level: 0.5807 (0.5226), real noise ratio: 0.5331
Client 46, noise level: 0.6380 (0.5742), real noise ratio: 0.5643
Client 47, noise level: 0.6133 (0.5519), real noise ratio: 0.5399
Client 48, noise level: 0.6523 (0.5871), real noise ratio: 0.5671
Client 49, noise level: 0.5681 (0.5113), real noise ratio: 0.4913
Client 50, noise level: 0.8471 (0.7624), real noise ratio: 0.7598
Client 51, noise level: 0.5264 (0.4738), real noise ratio: 0.4834
Client 52, noise level: 0.7907 (0.7116), real noise ratio: 0.6959
Client 53, noise level: 0.5899 (0.5309), real noise ratio: 0.5084
Client 54, noise level: 0.7533 (0.6780), real noise ratio: 0.6698
Client 55, noise level: 0.6408 (0.5767), real noise ratio: 0.5928
Client 56, noise level: 0.6850 (0.6165), real noise ratio: 0.6271
Client 57, noise level: 0.7523 (0.6770), real noise ratio: 0.7048
Client 58, noise level: 0.5612 (0.5050), real noise ratio: 0.4621
Client 59, noise level: 0.5653 (0.5088), real noise ratio: 0.5422
Client 60, noise level: 0.9222 (0.8300), real noise ratio: 0.8401
Client 61, noise level: 0.6961 (0.6265), real noise ratio: 0.6476
Client 62, noise level: 0.5848 (0.5263), real noise ratio: 0.5178
Client 63, noise level: 0.9006 (0.8105), real noise ratio: 0.8043
Client 64, noise level: 0.9551 (0.8596), real noise ratio: 0.8548
Client 65, noise level: 0.9148 (0.8233), real noise ratio: 0.8341
Client 66, noise level: 0.8570 (0.7713), real noise ratio: 0.7561
Client 67, noise level: 0.5497 (0.4947), real noise ratio: 0.5049
Client 68, noise level: 0.9567 (0.8610), real noise ratio: 0.8659
Client 69, noise level: 0.7890 (0.7101), real noise ratio: 0.6973
Client 70, noise level: 0.9501 (0.8551), real noise ratio: 0.8671
Client 71, noise level: 0.7818 (0.7036), real noise ratio: 0.7149
Client 72, noise level: 0.5049 (0.4544), real noise ratio: 0.4590
Client 73, noise level: 0.9971 (0.8974), real noise ratio: 0.8942
Client 74, noise level: 0.5662 (0.5096), real noise ratio: 0.5356
Client 75, noise level: 0.8463 (0.7617), real noise ratio: 0.7688
Client 76, noise level: 0.6671 (0.6004), real noise ratio: 0.5550
Client 77, noise level: 0.5901 (0.5311), real noise ratio: 0.5161
Client 78, noise level: 0.5703 (0.5133), real noise ratio: 0.5427
Client 79, noise level: 0.8346 (0.7512), real noise ratio: 0.7432
Client 80, noise level: 0.6519 (0.5867), real noise ratio: 0.6231
Client 81, noise level: 0.8068 (0.7261), real noise ratio: 0.7030
Client 82, noise level: 0.9678 (0.8710), real noise ratio: 0.8990
Client 83, noise level: 0.6015 (0.5413), real noise ratio: 0.5333
Client 84, noise level: 0.5598 (0.5038), real noise ratio: 0.4892
Client 85, noise level: 0.6961 (0.6265), real noise ratio: 0.6347
Client 86, noise level: 0.8473 (0.7625), real noise ratio: 0.7667
Client 87, noise level: 0.9725 (0.8752), real noise ratio: 0.8649
Client 88, noise level: 0.5817 (0.5235), real noise ratio: 0.5187
Client 89, noise level: 0.7294 (0.6564), real noise ratio: 0.6343
Client 90, noise level: 0.6394 (0.5755), real noise ratio: 0.5640
Client 91, noise level: 0.6023 (0.5421), real noise ratio: 0.5223
Client 92, noise level: 0.6542 (0.5888), real noise ratio: 0.5620
Client 93, noise level: 0.8978 (0.8080), real noise ratio: 0.8160
Client 94, noise level: 0.5464 (0.4918), real noise ratio: 0.4641
Client 95, noise level: 0.9345 (0.8411), real noise ratio: 0.8136
Client 96, noise level: 0.9169 (0.8252), real noise ratio: 0.8161
Client 97, noise level: 0.8409 (0.7568), real noise ratio: 0.7565
Client 98, noise level: 0.6479 (0.5831), real noise ratio: 0.6003
Client 99, noise level: 0.5831 (0.5248), real noise ratio: 0.5380
Round 0 global test acc  34.1000
Round 1 global test acc  43.9300
Round 2 global test acc  54.0500
Round 3 global test acc  63.6800
Round 4 global test acc  71.0500
Round 5 global test acc  50.3200
Round 6 global test acc  48.0300
Round 7 global test acc  59.7300
Round 8 global test acc  63.4800
Round 9 global test acc  69.8300
Round 10 global test acc  64.2900
Round 11 global test acc  49.2600
Round 12 global test acc  67.1900
Round 13 global test acc  53.5900
Round 14 global test acc  52.2500
Round 15 global test acc  41.0600
Round 16 global test acc  68.5300
Round 17 global test acc  72.0000
Round 18 global test acc  43.1300
Round 19 global test acc  69.8500
Round 20 global test acc  36.1500
Round 21 global test acc  32.2700
Round 22 global test acc  54.9800
Round 23 global test acc  74.3400
Round 24 global test acc  54.5200
Round 25 global test acc  74.1900
Round 26 global test acc  72.1400
Round 27 global test acc  71.3500
Round 28 global test acc  82.4800
Round 29 global test acc  77.0700
Round 30 global test acc  53.6700
Round 31 global test acc  45.7400
Round 32 global test acc  65.8200
Round 33 global test acc  75.8400
Round 34 global test acc  78.0700
Round 35 global test acc  80.0200
Round 36 global test acc  49.2700
Round 37 global test acc  69.9800
Round 38 global test acc  83.9100
Round 39 global test acc  83.9900
Round 40 global test acc  78.6600
Round 41 global test acc  78.1800
Round 42 global test acc  74.5300
Round 43 global test acc  83.0900
Round 44 global test acc  82.3300
Round 45 global test acc  83.8200
Round 46 global test acc  84.5800
Round 47 global test acc  78.4600
Round 48 global test acc  81.6300
Round 49 global test acc  85.5200
Round 50 global test acc  81.4100
Round 51 global test acc  25.2800
Round 52 global test acc  61.4200
Round 53 global test acc  84.9300
Round 54 global test acc  84.5200
Round 55 global test acc  83.6400
Round 56 global test acc  79.6400
Round 57 global test acc  84.9300
Round 58 global test acc  83.1300
Round 59 global test acc  81.6300
Round 60 global test acc  77.8700
Round 61 global test acc  82.3100
Round 62 global test acc  81.0300
Round 63 global test acc  82.3900
Round 64 global test acc  76.0400
Round 65 global test acc  79.6400
Round 66 global test acc  85.0200
Round 67 global test acc  85.0700
Round 68 global test acc  82.7100
Round 69 global test acc  85.6900
Round 70 global test acc  85.3400
Round 71 global test acc  85.6600
Round 72 global test acc  84.2700
Round 73 global test acc  84.5300
Round 74 global test acc  85.9400
Round 75 global test acc  86.4400
Round 76 global test acc  83.7300
Round 77 global test acc  86.1700
Round 78 global test acc  85.9200
Round 79 global test acc  84.8400
Round 80 global test acc  86.5700
Round 81 global test acc  86.1800
Round 82 global test acc  85.1400
Round 83 global test acc  81.2000
Round 84 global test acc  86.2100
Round 85 global test acc  80.5100
Round 86 global test acc  65.7200
Round 87 global test acc  81.5500
Round 88 global test acc  85.0500
Round 89 global test acc  74.9200
Round 90 global test acc  81.1200
Round 91 global test acc  81.5200
Round 92 global test acc  85.4300
Round 93 global test acc  83.8900
Round 94 global test acc  85.2800
Round 95 global test acc  80.7400
Round 96 global test acc  84.5800
Round 97 global test acc  85.7500
Round 98 global test acc  85.9500
Round 99 global test acc  80.5200
Round 100 global test acc  83.4100
Round 101 global test acc  86.4300
Round 102 global test acc  83.5300
Round 103 global test acc  85.5400
Round 104 global test acc  85.8200
Round 105 global test acc  86.0700
Round 106 global test acc  86.5200
Round 107 global test acc  86.2300
Round 108 global test acc  85.3800
Round 109 global test acc  86.3900
Round 110 global test acc  85.3800
Round 111 global test acc  84.4400
Round 112 global test acc  86.3000
Round 113 global test acc  86.2300
Round 114 global test acc  86.2600
Round 115 global test acc  85.3900
Round 116 global test acc  84.7100
Round 117 global test acc  86.2400
Round 118 global test acc  86.2800
Round 119 global test acc  85.4200
Round 120 global test acc  85.1700
Round 121 global test acc  85.6800
Round 122 global test acc  83.9900
Round 123 global test acc  86.2900
Round 124 global test acc  86.7100
Round 125 global test acc  85.1200
Round 126 global test acc  85.5300
Round 127 global test acc  86.3200
Round 128 global test acc  85.1400
Round 129 global test acc  86.8300
Round 130 global test acc  86.0900
Round 131 global test acc  86.2600
Round 132 global test acc  85.0200
Round 133 global test acc  86.8800
Round 134 global test acc  83.9000
Round 135 global test acc  86.6900
Round 136 global test acc  86.1800
Round 137 global test acc  86.6100
Round 138 global test acc  87.2700
Round 139 global test acc  85.4100
Round 140 global test acc  85.9600
Round 141 global test acc  85.4600
Round 142 global test acc  86.8600
Round 143 global test acc  86.2700
Round 144 global test acc  86.3600
Round 145 global test acc  85.8900
Round 146 global test acc  83.7700
Round 147 global test acc  86.3700
Round 148 global test acc  86.5600
Round 149 global test acc  87.3400
Round 150 global test acc  86.7800
Round 151 global test acc  87.1600
Round 152 global test acc  86.3900
Round 153 global test acc  86.5400
Round 154 global test acc  86.6800
Round 155 global test acc  87.1400
Round 156 global test acc  87.7400
Round 157 global test acc  85.9200
Round 158 global test acc  87.5300
Round 159 global test acc  87.4900
Round 160 global test acc  87.7900
Round 161 global test acc  87.8000
Round 162 global test acc  87.0500
Round 163 global test acc  87.4200
Round 164 global test acc  86.7500
Round 165 global test acc  87.5100
Round 166 global test acc  86.6100
Round 167 global test acc  86.9300
Round 168 global test acc  86.2900
Round 169 global test acc  86.8600
Round 170 global test acc  87.3100
Round 171 global test acc  87.4400
Round 172 global test acc  87.2100
Round 173 global test acc  87.7100
Round 174 global test acc  86.9800
Round 175 global test acc  87.1700
Round 176 global test acc  87.4900
Round 177 global test acc  87.1500
Round 178 global test acc  87.2900
Round 179 global test acc  85.0700
Round 180 global test acc  87.2400
Round 181 global test acc  84.6800
Round 182 global test acc  86.8400
Round 183 global test acc  86.8500
Round 184 global test acc  87.6500
Round 185 global test acc  87.4000
Round 186 global test acc  87.1200
Round 187 global test acc  87.6800
Round 188 global test acc  87.0900
Round 189 global test acc  88.0400
Round 190 global test acc  87.6300
Round 191 global test acc  87.1300
Round 192 global test acc  86.3300
Round 193 global test acc  87.4500
Round 194 global test acc  86.5800
Round 195 global test acc  87.8300
Round 196 global test acc  87.7100
Round 197 global test acc  87.5600
Round 198 global test acc  87.8400
Round 199 global test acc  87.9500
time : 9020.328686952591
