('algorithm', 'GlobalCORES')
('gpu', 1)
('seed', 13)
('save_dir', './record/')
('rounds2', 200)
('local_ep', 5)
('frac2', 0.1)
('num_users', 100)
('local_bs', 32)
('lr', 0.1)
('model', 'lenet')
('num_classes', 10)
('level_n_system', 0.5)
('level_n_lowerb', 0.3)
('alpha_dirichlet', 10)
('non_iid_prob_class', 0.7)
('dataset', 'mnist')
('iid', False)
('LID_k', 20)
('iteration1', 5)
('rounds1', 200)
('frac1', 0.01)
('pretrained', False)
('mixup', False)
('alpha', 1)
('beta', 5)
('relabel_ratio', 0.5)
('confidence_thres', 0.5)
('clean_set_thres', 0.1)
('fine_tuning', True)
('correction', True)
('T_pl', 100)
('lambda_cen', 1.0)
('lambda_e', 0.8)
('num_gradual', 10)
('forget_rate', 0.2)
('lr_decay', 0.1)
('schedule', [])
('momentum', 0.5)
('weight_decay', 0.0001)
('feature_dim', 128)
('plr', 0.05)
('lamda', 15)
('K', 5)
('gamma', 1)
('begin_sel', 10)
('max_beta', 2)
('mu', 0.01)
('device', device(type='cuda', index=1))
Traceback (most recent call last):
  File "main.py", line 56, in <module>
    run(args)
  File "main.py", line 44, in run
    eval(args.algorithm)(args)
  File "<string>", line 1, in <module>
NameError: name 'GlobalCORES' is not defined
('algorithm', 'GlobalCORES')
('gpu', 1)
('seed', 13)
('save_dir', './record/')
('rounds2', 200)
('local_ep', 5)
('frac2', 0.1)
('num_users', 100)
('local_bs', 32)
('lr', 0.1)
('model', 'lenet')
('num_classes', 10)
('level_n_system', 0.5)
('level_n_lowerb', 0.3)
('alpha_dirichlet', 10)
('non_iid_prob_class', 0.7)
('dataset', 'mnist')
('iid', False)
('LID_k', 20)
('iteration1', 5)
('rounds1', 200)
('frac1', 0.01)
('pretrained', False)
('mixup', False)
('alpha', 1)
('beta', 5)
('relabel_ratio', 0.5)
('confidence_thres', 0.5)
('clean_set_thres', 0.1)
('fine_tuning', True)
('correction', True)
('T_pl', 100)
('lambda_cen', 1.0)
('lambda_e', 0.8)
('num_gradual', 10)
('forget_rate', 0.2)
('lr_decay', 0.1)
('schedule', [])
('momentum', 0.5)
('weight_decay', 0.0001)
('feature_dim', 128)
('plr', 0.05)
('lamda', 15)
('K', 5)
('gamma', 1)
('begin_sel', 10)
('max_beta', 2)
('mu', 0.01)
('device', device(type='cuda', index=1))
Traceback (most recent call last):
  File "main.py", line 56, in <module>
    run(args)
  File "main.py", line 44, in run
    eval(args.algorithm)(args)
  File "<string>", line 1, in <module>
NameError: name 'GlobalCORES' is not defined
('algorithm', 'GlobalCORES')
('gpu', 1)
('seed', 13)
('save_dir', './record/')
('rounds2', 200)
('local_ep', 5)
('frac2', 0.1)
('num_users', 100)
('local_bs', 32)
('lr', 0.1)
('model', 'lenet')
('num_classes', 10)
('level_n_system', 0.5)
('level_n_lowerb', 0.3)
('alpha_dirichlet', 10)
('non_iid_prob_class', 0.7)
('dataset', 'mnist')
('iid', False)
('LID_k', 20)
('iteration1', 5)
('rounds1', 200)
('frac1', 0.01)
('pretrained', False)
('mixup', False)
('alpha', 1)
('beta', 5)
('relabel_ratio', 0.5)
('confidence_thres', 0.5)
('clean_set_thres', 0.1)
('fine_tuning', True)
('correction', True)
('T_pl', 100)
('lambda_cen', 1.0)
('lambda_e', 0.8)
('num_gradual', 10)
('forget_rate', 0.2)
('lr_decay', 0.1)
('schedule', [])
('momentum', 0.5)
('weight_decay', 0.0001)
('feature_dim', 128)
('plr', 0.05)
('lamda', 15)
('K', 5)
('gamma', 1)
('begin_sel', 10)
('max_beta', 2)
('mu', 0.01)
('device', device(type='cuda', index=1))
Traceback (most recent call last):
  File "main.py", line 56, in <module>
    run(args)
  File "main.py", line 44, in run
    eval(args.algorithm)(args)
  File "<string>", line 1, in <module>
NameError: name 'GlobalCORES' is not defined
('algorithm', 'GlobalCORES')
('gpu', 1)
('seed', 13)
('save_dir', './record/')
('rounds2', 200)
('local_ep', 5)
('frac2', 0.1)
('num_users', 100)
('local_bs', 32)
('lr', 0.1)
('model', 'lenet')
('num_classes', 10)
('level_n_system', 0.5)
('level_n_lowerb', 0.3)
('alpha_dirichlet', 10)
('non_iid_prob_class', 0.7)
('dataset', 'mnist')
('iid', False)
('LID_k', 20)
('iteration1', 5)
('rounds1', 200)
('frac1', 0.01)
('pretrained', False)
('mixup', False)
('alpha', 1)
('beta', 5)
('relabel_ratio', 0.5)
('confidence_thres', 0.5)
('clean_set_thres', 0.1)
('fine_tuning', True)
('correction', True)
('T_pl', 100)
('lambda_cen', 1.0)
('lambda_e', 0.8)
('num_gradual', 10)
('forget_rate', 0.2)
('lr_decay', 0.1)
('schedule', [])
('momentum', 0.5)
('weight_decay', 0.0001)
('feature_dim', 128)
('plr', 0.05)
('lamda', 15)
('K', 5)
('gamma', 1)
('begin_sel', 10)
('max_beta', 2)
('mu', 0.01)
('device', device(type='cuda', index=1))
Traceback (most recent call last):
  File "main.py", line 56, in <module>
    run(args)
  File "main.py", line 44, in run
    eval(args.algorithm)(args)
  File "<string>", line 1, in <module>
NameError: name 'GlobalCORES' is not defined
('algorithm', 'GlobalCORES')
('gpu', 1)
('seed', 13)
('save_dir', './record/')
('rounds2', 200)
('local_ep', 5)
('frac2', 0.1)
('num_users', 100)
('local_bs', 32)
('lr', 0.1)
('model', 'lenet')
('num_classes', 10)
('level_n_system', 0.5)
('level_n_lowerb', 0.3)
('alpha_dirichlet', 10)
('non_iid_prob_class', 0.7)
('dataset', 'mnist')
('iid', False)
('LID_k', 20)
('iteration1', 5)
('rounds1', 200)
('frac1', 0.01)
('pretrained', False)
('mixup', False)
('alpha', 1)
('beta', 5)
('relabel_ratio', 0.5)
('confidence_thres', 0.5)
('clean_set_thres', 0.1)
('fine_tuning', True)
('correction', True)
('T_pl', 100)
('lambda_cen', 1.0)
('lambda_e', 0.8)
('num_gradual', 10)
('forget_rate', 0.2)
('lr_decay', 0.1)
('schedule', [])
('momentum', 0.5)
('weight_decay', 0.0001)
('feature_dim', 128)
('plr', 0.05)
('lamda', 15)
('K', 5)
('gamma', 1)
('begin_sel', 10)
('max_beta', 2)
('mu', 0.01)
('device', device(type='cuda', index=1))
Traceback (most recent call last):
  File "main.py", line 56, in <module>
    run(args)
  File "main.py", line 44, in run
    eval(args.algorithm)(args)
  File "<string>", line 1, in <module>
NameError: name 'GlobalCORES' is not defined
('algorithm', 'GlobalCORES')
('gpu', 1)
('seed', 13)
('save_dir', './record/')
('rounds2', 200)
('local_ep', 5)
('frac2', 0.1)
('num_users', 100)
('local_bs', 32)
('lr', 0.1)
('model', 'lenet')
('num_classes', 10)
('level_n_system', 0.5)
('level_n_lowerb', 0.3)
('alpha_dirichlet', 10)
('non_iid_prob_class', 0.7)
('dataset', 'mnist')
('iid', False)
('LID_k', 20)
('iteration1', 5)
('rounds1', 200)
('frac1', 0.01)
('pretrained', False)
('mixup', False)
('alpha', 1)
('beta', 5)
('relabel_ratio', 0.5)
('confidence_thres', 0.5)
('clean_set_thres', 0.1)
('fine_tuning', True)
('correction', True)
('T_pl', 100)
('lambda_cen', 1.0)
('lambda_e', 0.8)
('num_gradual', 10)
('forget_rate', 0.2)
('lr_decay', 0.1)
('schedule', [])
('momentum', 0.5)
('weight_decay', 0.0001)
('feature_dim', 128)
('plr', 0.05)
('lamda', 15)
('K', 5)
('gamma', 1)
('begin_sel', 10)
('max_beta', 2)
('mu', 0.01)
('device', device(type='cuda', index=1))
Client 0, noise level: 0.7877 (0.7089), real noise ratio: 0.6760
Client 2, noise level: 0.4944 (0.4450), real noise ratio: 0.4566
Client 3, noise level: 0.4635 (0.4172), real noise ratio: 0.4033
Client 4, noise level: 0.8920 (0.8028), real noise ratio: 0.7740
Client 6, noise level: 0.7822 (0.7040), real noise ratio: 0.6747
Client 7, noise level: 0.4074 (0.3667), real noise ratio: 0.3559
Client 8, noise level: 0.4425 (0.3983), real noise ratio: 0.3989
Client 9, noise level: 0.3473 (0.3126), real noise ratio: 0.3187
Client 13, noise level: 0.4574 (0.4116), real noise ratio: 0.3957
Client 15, noise level: 0.3237 (0.2913), real noise ratio: 0.2700
Client 20, noise level: 0.7283 (0.6555), real noise ratio: 0.6597
Client 23, noise level: 0.5618 (0.5056), real noise ratio: 0.5029
Client 26, noise level: 0.8716 (0.7844), real noise ratio: 0.7746
Client 27, noise level: 0.3558 (0.3202), real noise ratio: 0.3325
Client 29, noise level: 0.8867 (0.7980), real noise ratio: 0.8052
Client 30, noise level: 0.6949 (0.6254), real noise ratio: 0.6214
Client 32, noise level: 0.4015 (0.3614), real noise ratio: 0.3472
Client 33, noise level: 0.3690 (0.3321), real noise ratio: 0.3561
Client 35, noise level: 0.7970 (0.7173), real noise ratio: 0.7015
Client 38, noise level: 0.5606 (0.5045), real noise ratio: 0.4961
Client 41, noise level: 0.7353 (0.6618), real noise ratio: 0.6556
Client 42, noise level: 0.8045 (0.7240), real noise ratio: 0.7367
Client 47, noise level: 0.4586 (0.4127), real noise ratio: 0.4013
Client 48, noise level: 0.5133 (0.4620), real noise ratio: 0.4493
Client 50, noise level: 0.7860 (0.7074), real noise ratio: 0.6998
Client 51, noise level: 0.3370 (0.3033), real noise ratio: 0.2847
Client 56, noise level: 0.5591 (0.5031), real noise ratio: 0.4774
Client 57, noise level: 0.6532 (0.5879), real noise ratio: 0.5763
Client 59, noise level: 0.3915 (0.3523), real noise ratio: 0.3880
Client 60, noise level: 0.8911 (0.8020), real noise ratio: 0.7955
Client 62, noise level: 0.4187 (0.3768), real noise ratio: 0.3587
Client 67, noise level: 0.3696 (0.3326), real noise ratio: 0.3556
Client 68, noise level: 0.9393 (0.8454), real noise ratio: 0.8413
Client 69, noise level: 0.7046 (0.6341), real noise ratio: 0.5979
Client 72, noise level: 0.3069 (0.2762), real noise ratio: 0.2337
Client 75, noise level: 0.7848 (0.7064), real noise ratio: 0.6826
Client 78, noise level: 0.3984 (0.3586), real noise ratio: 0.3416
Client 79, noise level: 0.7685 (0.6916), real noise ratio: 0.6914
Client 80, noise level: 0.5127 (0.4614), real noise ratio: 0.4661
Client 83, noise level: 0.4420 (0.3978), real noise ratio: 0.4267
Client 88, noise level: 0.4144 (0.3729), real noise ratio: 0.3846
Client 90, noise level: 0.4952 (0.4457), real noise ratio: 0.4523
Client 91, noise level: 0.4432 (0.3989), real noise ratio: 0.4122
Client 94, noise level: 0.3650 (0.3285), real noise ratio: 0.3230
Client 98, noise level: 0.5071 (0.4564), real noise ratio: 0.4562
Client 99, noise level: 0.4163 (0.3747), real noise ratio: 0.3934
Round 0 global test acc  41.4600
Round 1 global test acc  57.8100
Round 2 global test acc  66.4700
Round 3 global test acc  52.6700
Round 4 global test acc  55.7600
Round 5 global test acc  60.4000
Round 6 global test acc  72.4200
Round 7 global test acc  79.0500
Round 8 global test acc  87.2400
Round 9 global test acc  84.9700
Round 10 global test acc  87.2500
Round 11 global test acc  81.4300
Round 12 global test acc  88.1300
Round 13 global test acc  90.5800
Round 14 global test acc  90.5300
Round 15 global test acc  87.1800
Round 16 global test acc  85.0200
Round 17 global test acc  59.5400
Round 18 global test acc  86.4000
Round 19 global test acc  90.1900
Round 20 global test acc  89.4900
Round 21 global test acc  90.3500
Round 22 global test acc  48.4100
Round 23 global test acc  84.0800
Round 24 global test acc  80.0100
Round 25 global test acc  85.0100
Round 26 global test acc  75.5900
Round 27 global test acc  92.9900
Round 28 global test acc  92.3300
Round 29 global test acc  90.7500
Round 30 global test acc  93.0100
Round 31 global test acc  83.2200
Round 32 global test acc  49.9700
Round 33 global test acc  80.7000
Round 34 global test acc  89.2500
Round 35 global test acc  94.0800
Round 36 global test acc  87.4500
Round 37 global test acc  93.9800
Round 38 global test acc  94.6700
Round 39 global test acc  94.2400
Round 40 global test acc  89.1400
Round 41 global test acc  94.5000
Round 42 global test acc  90.5500
Round 43 global test acc  94.3700
Round 44 global test acc  88.4600
Round 45 global test acc  93.0200
Round 46 global test acc  94.2800
Round 47 global test acc  94.5300
Round 48 global test acc  94.6200
Round 49 global test acc  95.0400
Round 50 global test acc  95.4000
Round 51 global test acc  88.9000
Round 52 global test acc  94.4500
Round 53 global test acc  95.2700
Round 54 global test acc  96.0200
Round 55 global test acc  96.0400
Round 56 global test acc  89.6600
Round 57 global test acc  95.8000
Round 58 global test acc  95.4000
Round 59 global test acc  95.7400
Round 60 global test acc  95.8600
Round 61 global test acc  94.3300
Round 62 global test acc  95.0100
Round 63 global test acc  95.9800
Round 64 global test acc  95.7200
Round 65 global test acc  80.8200
Round 66 global test acc  93.7000
Round 67 global test acc  94.8500
Round 68 global test acc  96.4200
Round 69 global test acc  50.1200
Round 70 global test acc  96.6800
Round 71 global test acc  83.0500
Round 72 global test acc  96.5800
Round 73 global test acc  96.8700
Round 74 global test acc  96.5700
Round 75 global test acc  96.4500
Round 76 global test acc  96.8100
Round 77 global test acc  95.9100
Round 78 global test acc  89.9200
Round 79 global test acc  94.5500
Round 80 global test acc  95.8100
Round 81 global test acc  96.2800
Round 82 global test acc  96.0100
Round 83 global test acc  94.4600
Round 84 global test acc  96.9700
Round 85 global test acc  96.9200
Round 86 global test acc  94.4900
Round 87 global test acc  95.7000
Round 88 global test acc  96.8900
Round 89 global test acc  93.1800
Round 90 global test acc  93.3400
Round 91 global test acc  96.0500
Round 92 global test acc  96.0000
Round 93 global test acc  96.2700
Round 94 global test acc  95.8300
Round 95 global test acc  96.9100
Round 96 global test acc  91.2000
Round 97 global test acc  95.4700
Round 98 global test acc  94.8500
Round 99 global test acc  96.3300
Round 100 global test acc  96.0100
Round 101 global test acc  96.4500
Round 102 global test acc  96.7400
Round 103 global test acc  95.8900
Round 104 global test acc  96.8100
Round 105 global test acc  96.3900
Round 106 global test acc  97.0300
Round 107 global test acc  95.9300
Round 108 global test acc  96.8300
Round 109 global test acc  96.8800
Round 110 global test acc  96.6200
Round 111 global test acc  97.0700
Round 112 global test acc  94.9600
Round 113 global test acc  96.1700
Round 114 global test acc  95.8400
Round 115 global test acc  96.2300
Round 116 global test acc  96.5100
Round 117 global test acc  96.7200
Round 118 global test acc  97.1300
Round 119 global test acc  97.2600
Round 120 global test acc  97.1300
Round 121 global test acc  96.8700
Round 122 global test acc  97.2500
Round 123 global test acc  95.8400
Round 124 global test acc  97.0500
Round 125 global test acc  97.0700
Round 126 global test acc  95.7700
Round 127 global test acc  97.0700
Round 128 global test acc  96.1100
Round 129 global test acc  96.9100
Round 130 global test acc  96.1900
Round 131 global test acc  96.3800
Round 132 global test acc  97.2400
Round 133 global test acc  95.3100
Round 134 global test acc  97.1600
Round 135 global test acc  97.3800
Round 136 global test acc  96.6200
Round 137 global test acc  97.1900
Round 138 global test acc  96.8200
Round 139 global test acc  97.3400
Round 140 global test acc  97.4200
Round 141 global test acc  96.6600
Round 142 global test acc  97.4100
Round 143 global test acc  97.2800
Round 144 global test acc  97.4000
Round 145 global test acc  97.5000
Round 146 global test acc  94.6600
Round 147 global test acc  94.8200
Round 148 global test acc  97.0500
Round 149 global test acc  96.4700
Round 150 global test acc  96.0100
Round 151 global test acc  97.1800
Round 152 global test acc  96.6900
Round 153 global test acc  97.2200
Round 154 global test acc  97.3600
Round 155 global test acc  96.8300
Round 156 global test acc  97.1100
Round 157 global test acc  97.0700
Round 158 global test acc  97.4300
Round 159 global test acc  97.5800
Round 160 global test acc  97.0100
Round 161 global test acc  97.6500
Round 162 global test acc  59.7100
Round 163 global test acc  96.9300
Round 164 global test acc  96.7700
Round 165 global test acc  96.4900
Round 166 global test acc  95.9300
Round 167 global test acc  97.0000
Round 168 global test acc  96.1000
Round 169 global test acc  96.0200
Round 170 global test acc  96.7800
Round 171 global test acc  96.6800
Round 172 global test acc  97.2200
Round 173 global test acc  97.0900
Round 174 global test acc  94.9300
Round 175 global test acc  97.2100
Round 176 global test acc  96.9500
Round 177 global test acc  96.5200
Round 178 global test acc  97.3900
Round 179 global test acc  95.2600
Round 180 global test acc  95.9300
Round 181 global test acc  97.4000
Round 182 global test acc  97.4300
Round 183 global test acc  96.6400
Round 184 global test acc  96.8800
Round 185 global test acc  97.1800
Round 186 global test acc  97.6100
Round 187 global test acc  97.2500
Round 188 global test acc  97.1200
Round 189 global test acc  97.3300
Round 190 global test acc  97.1200
Round 191 global test acc  97.2900
Round 192 global test acc  97.5100
Round 193 global test acc  97.3800
Round 194 global test acc  97.6100
Round 195 global test acc  97.4300
Round 196 global test acc  95.9600
Round 197 global test acc  96.0800
Round 198 global test acc  97.2700
Round 199 global test acc  97.3600
time : 9076.443463563919
('algorithm', 'GlobalCORES')
('gpu', 1)
('seed', 13)
('save_dir', './record/')
('rounds2', 200)
('local_ep', 5)
('frac2', 0.1)
('num_users', 100)
('local_bs', 32)
('lr', 0.1)
('model', 'lenet')
('num_classes', 10)
('level_n_system', 0.5)
('level_n_lowerb', 0.3)
('alpha_dirichlet', 10)
('non_iid_prob_class', 0.7)
('dataset', 'mnist')
('iid', False)
('LID_k', 20)
('iteration1', 5)
('rounds1', 200)
('frac1', 0.01)
('pretrained', False)
('mixup', False)
('alpha', 1)
('beta', 5)
('relabel_ratio', 0.5)
('confidence_thres', 0.5)
('clean_set_thres', 0.1)
('fine_tuning', True)
('correction', True)
('T_pl', 100)
('lambda_cen', 1.0)
('lambda_e', 0.8)
('num_gradual', 10)
('forget_rate', 0.2)
('lr_decay', 0.1)
('schedule', [])
('momentum', 0.5)
('weight_decay', 0.0001)
('feature_dim', 128)
('plr', 0.05)
('lamda', 15)
('K', 5)
('gamma', 1)
('begin_sel', 10)
('max_beta', 2)
('mu', 0.01)
('device', device(type='cuda', index=1))
Client 0, noise level: 0.7877 (0.7089), real noise ratio: 0.6760
Client 2, noise level: 0.4944 (0.4450), real noise ratio: 0.4566
Client 3, noise level: 0.4635 (0.4172), real noise ratio: 0.4033
Client 4, noise level: 0.8920 (0.8028), real noise ratio: 0.7740
Client 6, noise level: 0.7822 (0.7040), real noise ratio: 0.6747
Client 7, noise level: 0.4074 (0.3667), real noise ratio: 0.3559
Client 8, noise level: 0.4425 (0.3983), real noise ratio: 0.3989
Client 9, noise level: 0.3473 (0.3126), real noise ratio: 0.3187
Client 13, noise level: 0.4574 (0.4116), real noise ratio: 0.3957
Client 15, noise level: 0.3237 (0.2913), real noise ratio: 0.2700
Client 20, noise level: 0.7283 (0.6555), real noise ratio: 0.6597
Client 23, noise level: 0.5618 (0.5056), real noise ratio: 0.5029
Client 26, noise level: 0.8716 (0.7844), real noise ratio: 0.7746
Client 27, noise level: 0.3558 (0.3202), real noise ratio: 0.3325
Client 29, noise level: 0.8867 (0.7980), real noise ratio: 0.8052
Client 30, noise level: 0.6949 (0.6254), real noise ratio: 0.6214
Client 32, noise level: 0.4015 (0.3614), real noise ratio: 0.3472
Client 33, noise level: 0.3690 (0.3321), real noise ratio: 0.3561
Client 35, noise level: 0.7970 (0.7173), real noise ratio: 0.7015
Client 38, noise level: 0.5606 (0.5045), real noise ratio: 0.4961
Client 41, noise level: 0.7353 (0.6618), real noise ratio: 0.6556
Client 42, noise level: 0.8045 (0.7240), real noise ratio: 0.7367
Client 47, noise level: 0.4586 (0.4127), real noise ratio: 0.4013
Client 48, noise level: 0.5133 (0.4620), real noise ratio: 0.4493
Client 50, noise level: 0.7860 (0.7074), real noise ratio: 0.6998
Client 51, noise level: 0.3370 (0.3033), real noise ratio: 0.2847
Client 56, noise level: 0.5591 (0.5031), real noise ratio: 0.4774
Client 57, noise level: 0.6532 (0.5879), real noise ratio: 0.5763
Client 59, noise level: 0.3915 (0.3523), real noise ratio: 0.3880
Client 60, noise level: 0.8911 (0.8020), real noise ratio: 0.7955
Client 62, noise level: 0.4187 (0.3768), real noise ratio: 0.3587
Client 67, noise level: 0.3696 (0.3326), real noise ratio: 0.3556
Client 68, noise level: 0.9393 (0.8454), real noise ratio: 0.8413
Client 69, noise level: 0.7046 (0.6341), real noise ratio: 0.5979
Client 72, noise level: 0.3069 (0.2762), real noise ratio: 0.2337
Client 75, noise level: 0.7848 (0.7064), real noise ratio: 0.6826
Client 78, noise level: 0.3984 (0.3586), real noise ratio: 0.3416
Client 79, noise level: 0.7685 (0.6916), real noise ratio: 0.6914
Client 80, noise level: 0.5127 (0.4614), real noise ratio: 0.4661
Client 83, noise level: 0.4420 (0.3978), real noise ratio: 0.4267
Client 88, noise level: 0.4144 (0.3729), real noise ratio: 0.3846
Client 90, noise level: 0.4952 (0.4457), real noise ratio: 0.4523
Client 91, noise level: 0.4432 (0.3989), real noise ratio: 0.4122
Client 94, noise level: 0.3650 (0.3285), real noise ratio: 0.3230
Client 98, noise level: 0.5071 (0.4564), real noise ratio: 0.4562
Client 99, noise level: 0.4163 (0.3747), real noise ratio: 0.3934
Round 0 global test acc  41.1300
Round 1 global test acc  57.3100
Round 2 global test acc  65.8900
Round 3 global test acc  54.6400
Round 4 global test acc  43.8800
Round 5 global test acc  61.2900
Round 6 global test acc  73.2400
Round 7 global test acc  79.1200
Round 8 global test acc  85.5700
Round 9 global test acc  82.6400
Round 10 global test acc  85.8800
Round 11 global test acc  79.3100
Round 12 global test acc  85.1100
Round 13 global test acc  88.1800
Round 14 global test acc  90.3100
Round 15 global test acc  75.6500
Round 16 global test acc  89.1800
Round 17 global test acc  54.3200
Round 18 global test acc  69.4500
Round 19 global test acc  19.5400
Round 20 global test acc  84.0600
Round 21 global test acc  92.2400
Round 22 global test acc  63.7700
Round 23 global test acc  88.2900
Round 24 global test acc  78.7400
Round 25 global test acc  64.2900
Round 26 global test acc  77.8500
Round 27 global test acc  93.4000
Round 28 global test acc  87.9800
Round 29 global test acc  90.6700
Round 30 global test acc  93.7400
Round 31 global test acc  72.8000
Round 32 global test acc  91.1300
Round 33 global test acc  80.8400
Round 34 global test acc  76.2300
Round 35 global test acc  93.9500
Round 36 global test acc  66.5300
Round 37 global test acc  93.9500
Round 38 global test acc  94.6000
Round 39 global test acc  93.2900
Round 40 global test acc  81.7400
Round 41 global test acc  94.3900
Round 42 global test acc  79.3600
Round 43 global test acc  88.8800
Round 44 global test acc  84.5900
Round 45 global test acc  94.1400
Round 46 global test acc  80.1000
Round 47 global test acc  93.7300
Round 48 global test acc  92.1500
Round 49 global test acc  95.0000
Round 50 global test acc  95.2400
Round 51 global test acc  95.6500
Round 52 global test acc  95.0900
Round 53 global test acc  95.6800
Round 54 global test acc  96.0600
Round 55 global test acc  93.4400
Round 56 global test acc  93.2300
Round 57 global test acc  95.4100
Round 58 global test acc  89.7500
Round 59 global test acc  95.7200
Round 60 global test acc  95.0400
Round 61 global test acc  92.2600
Round 62 global test acc  95.6100
Round 63 global test acc  95.7400
Round 64 global test acc  96.1000
Round 65 global test acc  94.4900
Round 66 global test acc  95.3900
Round 67 global test acc  95.8100
Round 68 global test acc  95.9600
Round 69 global test acc  89.3400
Round 70 global test acc  95.9600
Round 71 global test acc  93.6400
Round 72 global test acc  96.1400
Round 73 global test acc  94.9000
Round 74 global test acc  96.5700
Round 75 global test acc  96.3900
Round 76 global test acc  96.6200
Round 77 global test acc  95.5200
Round 78 global test acc  92.8400
Round 79 global test acc  94.9300
Round 80 global test acc  95.8900
Round 81 global test acc  96.0700
Round 82 global test acc  96.7600
Round 83 global test acc  93.9600
Round 84 global test acc  94.2900
Round 85 global test acc  96.6400
Round 86 global test acc  95.9100
Round 87 global test acc  96.3900
Round 88 global test acc  96.6400
Round 89 global test acc  95.4600
Round 90 global test acc  95.4900
Round 91 global test acc  96.4400
Round 92 global test acc  94.9500
Round 93 global test acc  95.9900
Round 94 global test acc  96.5800
Round 95 global test acc  96.9100
Round 96 global test acc  96.5800
Round 97 global test acc  94.5000
Round 98 global test acc  96.1400
Round 99 global test acc  94.8500
Round 100 global test acc  96.0200
Round 101 global test acc  96.4700
Round 102 global test acc  96.9900
Round 103 global test acc  92.5200
Round 104 global test acc  96.9600
Round 105 global test acc  95.9900
Round 106 global test acc  96.8000
Round 107 global test acc  90.6700
Round 108 global test acc  96.9600
Round 109 global test acc  96.9100
Round 110 global test acc  96.4400
Round 111 global test acc  96.6300
Round 112 global test acc  94.5100
Round 113 global test acc  95.8900
Round 114 global test acc  96.2900
Round 115 global test acc  96.7300
Round 116 global test acc  96.6600
Round 117 global test acc  97.0700
Round 118 global test acc  97.1100
Round 119 global test acc  96.8100
Round 120 global test acc  97.0200
Round 121 global test acc  96.3300
Round 122 global test acc  97.1600
Round 123 global test acc  96.0800
Round 124 global test acc  96.8400
Round 125 global test acc  96.6000
Round 126 global test acc  93.6800
Round 127 global test acc  96.5500
Round 128 global test acc  96.1200
Round 129 global test acc  96.9000
Round 130 global test acc  95.9500
Round 131 global test acc  66.7900
Round 132 global test acc  96.3000
Round 133 global test acc  92.5600
Round 134 global test acc  96.2200
Round 135 global test acc  95.9700
Round 136 global test acc  95.4000
Round 137 global test acc  96.1300
Round 138 global test acc  96.3400
Round 139 global test acc  96.8200
Round 140 global test acc  96.6100
Round 141 global test acc  95.4500
Round 142 global test acc  96.7200
Round 143 global test acc  96.9100
Round 144 global test acc  96.9600
Round 145 global test acc  96.5700
Round 146 global test acc  95.6200
Round 147 global test acc  96.4300
Round 148 global test acc  96.6800
Round 149 global test acc  96.8600
Round 150 global test acc  95.9000
Round 151 global test acc  96.8200
Round 152 global test acc  95.5800
Round 153 global test acc  96.9300
Round 154 global test acc  97.2400
Round 155 global test acc  96.3900
Round 156 global test acc  94.8500
Round 157 global test acc  95.3800
Round 158 global test acc  96.7800
Round 159 global test acc  95.9400
Round 160 global test acc  96.0600
Round 161 global test acc  96.8700
Round 162 global test acc  97.1200
Round 163 global test acc  97.2500
Round 164 global test acc  97.2500
Round 165 global test acc  97.1400
Round 166 global test acc  96.8000
Round 167 global test acc  97.0500
Round 168 global test acc  96.6700
Round 169 global test acc  96.8400
Round 170 global test acc  97.2500
Round 171 global test acc  97.2000
Round 172 global test acc  96.9200
Round 173 global test acc  96.6000
Round 174 global test acc  95.1500
Round 175 global test acc  96.2000
Round 176 global test acc  96.9400
Round 177 global test acc  95.8200
Round 178 global test acc  97.1700
Round 179 global test acc  88.3700
Round 180 global test acc  95.7700
Round 181 global test acc  97.0600
Round 182 global test acc  97.0900
Round 183 global test acc  97.0700
Round 184 global test acc  97.1700
Round 185 global test acc  97.4200
Round 186 global test acc  97.5900
Round 187 global test acc  97.4700
Round 188 global test acc  97.3500
Round 189 global test acc  97.4900
Round 190 global test acc  97.3500
Round 191 global test acc  97.5100
Round 192 global test acc  97.3100
Round 193 global test acc  96.4900
Round 194 global test acc  97.5200
Round 195 global test acc  97.0700
Round 196 global test acc  95.4400
Round 197 global test acc  97.2600
Round 198 global test acc  97.4000
Round 199 global test acc  97.3000
time : 9063.75756931305
('algorithm', 'GlobalCORES')
('gpu', 1)
('seed', 13)
('save_dir', './record/')
('rounds2', 200)
('local_ep', 5)
('frac2', 0.1)
('num_users', 100)
('local_bs', 32)
('lr', 0.1)
('model', 'lenet')
('num_classes', 10)
('level_n_system', 0.5)
('level_n_lowerb', 0.3)
('alpha_dirichlet', 10)
('non_iid_prob_class', 0.7)
('dataset', 'mnist')
('iid', False)
('LID_k', 20)
('iteration1', 5)
('rounds1', 200)
('frac1', 0.01)
('pretrained', False)
('mixup', False)
('alpha', 1)
('beta', 5)
('relabel_ratio', 0.5)
('confidence_thres', 0.5)
('clean_set_thres', 0.1)
('fine_tuning', True)
('correction', True)
('T_pl', 100)
('lambda_cen', 1.0)
('lambda_e', 0.8)
('num_gradual', 10)
('forget_rate', 0.2)
('lr_decay', 0.1)
('schedule', [])
('momentum', 0.5)
('weight_decay', 0.0001)
('feature_dim', 128)
('plr', 0.05)
('lamda', 15)
('K', 5)
('gamma', 1)
('begin_sel', 10)
('max_beta', 2)
('mu', 0.01)
('device', device(type='cuda', index=1))
Client 0, noise level: 0.7877 (0.7089), real noise ratio: 0.6760
Client 2, noise level: 0.4944 (0.4450), real noise ratio: 0.4566
Client 3, noise level: 0.4635 (0.4172), real noise ratio: 0.4033
Client 4, noise level: 0.8920 (0.8028), real noise ratio: 0.7740
Client 6, noise level: 0.7822 (0.7040), real noise ratio: 0.6747
Client 7, noise level: 0.4074 (0.3667), real noise ratio: 0.3559
Client 8, noise level: 0.4425 (0.3983), real noise ratio: 0.3989
Client 9, noise level: 0.3473 (0.3126), real noise ratio: 0.3187
Client 13, noise level: 0.4574 (0.4116), real noise ratio: 0.3957
Client 15, noise level: 0.3237 (0.2913), real noise ratio: 0.2700
Client 20, noise level: 0.7283 (0.6555), real noise ratio: 0.6597
Client 23, noise level: 0.5618 (0.5056), real noise ratio: 0.5029
Client 26, noise level: 0.8716 (0.7844), real noise ratio: 0.7746
Client 27, noise level: 0.3558 (0.3202), real noise ratio: 0.3325
Client 29, noise level: 0.8867 (0.7980), real noise ratio: 0.8052
Client 30, noise level: 0.6949 (0.6254), real noise ratio: 0.6214
Client 32, noise level: 0.4015 (0.3614), real noise ratio: 0.3472
Client 33, noise level: 0.3690 (0.3321), real noise ratio: 0.3561
Client 35, noise level: 0.7970 (0.7173), real noise ratio: 0.7015
Client 38, noise level: 0.5606 (0.5045), real noise ratio: 0.4961
Client 41, noise level: 0.7353 (0.6618), real noise ratio: 0.6556
Client 42, noise level: 0.8045 (0.7240), real noise ratio: 0.7367
Client 47, noise level: 0.4586 (0.4127), real noise ratio: 0.4013
Client 48, noise level: 0.5133 (0.4620), real noise ratio: 0.4493
Client 50, noise level: 0.7860 (0.7074), real noise ratio: 0.6998
Client 51, noise level: 0.3370 (0.3033), real noise ratio: 0.2847
Client 56, noise level: 0.5591 (0.5031), real noise ratio: 0.4774
Client 57, noise level: 0.6532 (0.5879), real noise ratio: 0.5763
Client 59, noise level: 0.3915 (0.3523), real noise ratio: 0.3880
Client 60, noise level: 0.8911 (0.8020), real noise ratio: 0.7955
Client 62, noise level: 0.4187 (0.3768), real noise ratio: 0.3587
Client 67, noise level: 0.3696 (0.3326), real noise ratio: 0.3556
Client 68, noise level: 0.9393 (0.8454), real noise ratio: 0.8413
Client 69, noise level: 0.7046 (0.6341), real noise ratio: 0.5979
Client 72, noise level: 0.3069 (0.2762), real noise ratio: 0.2337
Client 75, noise level: 0.7848 (0.7064), real noise ratio: 0.6826
Client 78, noise level: 0.3984 (0.3586), real noise ratio: 0.3416
Client 79, noise level: 0.7685 (0.6916), real noise ratio: 0.6914
Client 80, noise level: 0.5127 (0.4614), real noise ratio: 0.4661
Client 83, noise level: 0.4420 (0.3978), real noise ratio: 0.4267
Client 88, noise level: 0.4144 (0.3729), real noise ratio: 0.3846
Client 90, noise level: 0.4952 (0.4457), real noise ratio: 0.4523
Client 91, noise level: 0.4432 (0.3989), real noise ratio: 0.4122
Client 94, noise level: 0.3650 (0.3285), real noise ratio: 0.3230
Client 98, noise level: 0.5071 (0.4564), real noise ratio: 0.4562
Client 99, noise level: 0.4163 (0.3747), real noise ratio: 0.3934
Round 0 global test acc  41.3000
Round 1 global test acc  56.5000
Round 2 global test acc  66.1000
Round 3 global test acc  54.5400
Round 4 global test acc  61.2500
Round 5 global test acc  60.3400
Round 6 global test acc  71.1500
Round 7 global test acc  82.2000
Round 8 global test acc  85.7000
Round 9 global test acc  85.1100
Round 10 global test acc  87.0000
Round 11 global test acc  83.5900
Round 12 global test acc  88.3700
Round 13 global test acc  88.0800
Round 14 global test acc  86.9200
Round 15 global test acc  88.0600
Round 16 global test acc  87.5600
Round 17 global test acc  84.0400
Round 18 global test acc  85.3600
Round 19 global test acc  90.4800
Round 20 global test acc  87.9400
Round 21 global test acc  89.8800
Round 22 global test acc  74.4600
Round 23 global test acc  89.8500
Round 24 global test acc  83.1200
Round 25 global test acc  88.9800
Round 26 global test acc  69.6100
Round 27 global test acc  92.8100
Round 28 global test acc  90.9000
Round 29 global test acc  92.7500
Round 30 global test acc  94.1800
Round 31 global test acc  56.3500
Round 32 global test acc  47.3800
Round 33 global test acc  77.9900
Round 34 global test acc  93.2600
Round 35 global test acc  93.9300
Round 36 global test acc  87.8000
Round 37 global test acc  94.3900
Round 38 global test acc  94.7200
Round 39 global test acc  93.5400
Round 40 global test acc  72.8600
Round 41 global test acc  93.9100
Round 42 global test acc  89.1000
Round 43 global test acc  91.4400
Round 44 global test acc  92.6800
Round 45 global test acc  93.3300
Round 46 global test acc  89.2800
Round 47 global test acc  92.3200
Round 48 global test acc  94.2300
Round 49 global test acc  95.1700
Round 50 global test acc  94.9900
Round 51 global test acc  95.5500
Round 52 global test acc  94.6900
Round 53 global test acc  95.5500
Round 54 global test acc  95.9100
Round 55 global test acc  94.3200
Round 56 global test acc  91.3400
Round 57 global test acc  95.6700
Round 58 global test acc  96.1300
Round 59 global test acc  96.2200
Round 60 global test acc  95.8100
Round 61 global test acc  93.3200
Round 62 global test acc  95.7500
Round 63 global test acc  95.5700
Round 64 global test acc  96.0600
Round 65 global test acc  95.6400
Round 66 global test acc  91.1000
Round 67 global test acc  95.9600
Round 68 global test acc  95.6800
Round 69 global test acc  93.1700
Round 70 global test acc  96.2000
Round 71 global test acc  82.7400
Round 72 global test acc  95.5700
Round 73 global test acc  96.2500
Round 74 global test acc  95.3300
Round 75 global test acc  96.0000
Round 76 global test acc  96.2900
Round 77 global test acc  95.5700
Round 78 global test acc  81.1100
Round 79 global test acc  93.3400
Round 80 global test acc  95.8800
Round 81 global test acc  95.7500
Round 82 global test acc  96.3600
Round 83 global test acc  95.0600
Round 84 global test acc  95.3300
Round 85 global test acc  96.6700
Round 86 global test acc  94.8200
Round 87 global test acc  95.1800
Round 88 global test acc  96.5300
Round 89 global test acc  94.3000
Round 90 global test acc  94.0900
Round 91 global test acc  96.1700
Round 92 global test acc  95.0500
Round 93 global test acc  95.4500
Round 94 global test acc  95.6000
Round 95 global test acc  96.8500
Round 96 global test acc  94.5100
Round 97 global test acc  96.0400
Round 98 global test acc  96.0700
Round 99 global test acc  95.6200
Round 100 global test acc  96.5200
Round 101 global test acc  96.6700
Round 102 global test acc  97.2300
Round 103 global test acc  96.1100
Round 104 global test acc  96.3600
Round 105 global test acc  96.3200
Round 106 global test acc  97.2600
Round 107 global test acc  95.8700
Round 108 global test acc  96.8300
Round 109 global test acc  96.6900
Round 110 global test acc  94.8600
Round 111 global test acc  96.7500
Round 112 global test acc  95.1700
Round 113 global test acc  96.3700
Round 114 global test acc  95.8000
Round 115 global test acc  96.6000
Round 116 global test acc  96.2800
Round 117 global test acc  96.8600
Round 118 global test acc  96.9800
Round 119 global test acc  97.1700
Round 120 global test acc  96.1600
Round 121 global test acc  96.6900
Round 122 global test acc  96.9600
Round 123 global test acc  96.0700
Round 124 global test acc  96.9000
Round 125 global test acc  96.8000
Round 126 global test acc  94.8500
Round 127 global test acc  97.2000
Round 128 global test acc  96.2700
Round 129 global test acc  97.2200
Round 130 global test acc  94.8700
Round 131 global test acc  93.9400
Round 132 global test acc  97.0400
Round 133 global test acc  96.0700
Round 134 global test acc  95.8500
Round 135 global test acc  97.0000
Round 136 global test acc  93.0800
Round 137 global test acc  96.7300
Round 138 global test acc  96.8800
Round 139 global test acc  97.1800
Round 140 global test acc  97.0200
Round 141 global test acc  96.4600
Round 142 global test acc  97.4400
Round 143 global test acc  97.3700
Round 144 global test acc  97.2400
Round 145 global test acc  96.9400
Round 146 global test acc  96.8000
Round 147 global test acc  97.1900
Round 148 global test acc  96.8500
Round 149 global test acc  95.3500
Round 150 global test acc  96.3000
Round 151 global test acc  97.0800
Round 152 global test acc  96.4500
Round 153 global test acc  97.1400
Round 154 global test acc  97.3800
Round 155 global test acc  95.3400
Round 156 global test acc  96.4700
Round 157 global test acc  96.4500
Round 158 global test acc  97.1000
Round 159 global test acc  97.3900
Round 160 global test acc  96.9500
Round 161 global test acc  97.3400
Round 162 global test acc  97.4800
Round 163 global test acc  97.4700
Round 164 global test acc  97.1700
Round 165 global test acc  97.2900
Round 166 global test acc  96.3600
Round 167 global test acc  97.1900
Round 168 global test acc  95.4100
Round 169 global test acc  97.2400
Round 170 global test acc  97.5500
Round 171 global test acc  97.3500
Round 172 global test acc  97.2000
Round 173 global test acc  97.1600
Round 174 global test acc  95.5300
Round 175 global test acc  96.5700
Round 176 global test acc  96.9200
Round 177 global test acc  96.9500
Round 178 global test acc  97.3900
Round 179 global test acc  96.0100
Round 180 global test acc  95.8500
Round 181 global test acc  97.5900
Round 182 global test acc  97.3900
Round 183 global test acc  97.1900
Round 184 global test acc  97.1200
Round 185 global test acc  97.3500
Round 186 global test acc  97.7000
Round 187 global test acc  97.4900
Round 188 global test acc  97.5500
Round 189 global test acc  97.5400
Round 190 global test acc  97.6800
Round 191 global test acc  97.6500
Round 192 global test acc  97.2600
Round 193 global test acc  97.0200
Round 194 global test acc  97.6700
Round 195 global test acc  97.6200
Round 196 global test acc  97.2400
Round 197 global test acc  97.0500
Round 198 global test acc  97.4700
Round 199 global test acc  97.3800
time : 9205.322694778442
('algorithm', 'GlobalCORES')
('gpu', 1)
('seed', 13)
('save_dir', './record/')
('rounds2', 200)
('local_ep', 5)
('frac2', 0.1)
('num_users', 100)
('local_bs', 32)
('lr', 0.1)
('model', 'lenet')
('num_classes', 10)
('level_n_system', 0.5)
('level_n_lowerb', 0.3)
('alpha_dirichlet', 10)
('non_iid_prob_class', 0.7)
('dataset', 'mnist')
('iid', False)
('LID_k', 20)
('iteration1', 5)
('rounds1', 200)
('frac1', 0.01)
('pretrained', False)
('mixup', False)
('alpha', 1)
('beta', 5)
('relabel_ratio', 0.5)
('confidence_thres', 0.5)
('clean_set_thres', 0.1)
('fine_tuning', True)
('correction', True)
('T_pl', 100)
('lambda_cen', 1.0)
('lambda_e', 0.8)
('num_gradual', 10)
('forget_rate', 0.2)
('lr_decay', 0.1)
('schedule', [])
('momentum', 0.5)
('weight_decay', 0.0001)
('feature_dim', 128)
('plr', 0.05)
('lamda', 15)
('K', 5)
('gamma', 1)
('begin_sel', 10)
('max_beta', 2)
('mu', 0.01)
('device', device(type='cuda', index=1))
Client 0, noise level: 0.7877 (0.7089), real noise ratio: 0.6760
Client 2, noise level: 0.4944 (0.4450), real noise ratio: 0.4566
Client 3, noise level: 0.4635 (0.4172), real noise ratio: 0.4033
Client 4, noise level: 0.8920 (0.8028), real noise ratio: 0.7740
Client 6, noise level: 0.7822 (0.7040), real noise ratio: 0.6747
Client 7, noise level: 0.4074 (0.3667), real noise ratio: 0.3559
Client 8, noise level: 0.4425 (0.3983), real noise ratio: 0.3989
Client 9, noise level: 0.3473 (0.3126), real noise ratio: 0.3187
Client 13, noise level: 0.4574 (0.4116), real noise ratio: 0.3957
Client 15, noise level: 0.3237 (0.2913), real noise ratio: 0.2700
Client 20, noise level: 0.7283 (0.6555), real noise ratio: 0.6597
Client 23, noise level: 0.5618 (0.5056), real noise ratio: 0.5029
Client 26, noise level: 0.8716 (0.7844), real noise ratio: 0.7746
Client 27, noise level: 0.3558 (0.3202), real noise ratio: 0.3325
Client 29, noise level: 0.8867 (0.7980), real noise ratio: 0.8052
Client 30, noise level: 0.6949 (0.6254), real noise ratio: 0.6214
Client 32, noise level: 0.4015 (0.3614), real noise ratio: 0.3472
Client 33, noise level: 0.3690 (0.3321), real noise ratio: 0.3561
Client 35, noise level: 0.7970 (0.7173), real noise ratio: 0.7015
Client 38, noise level: 0.5606 (0.5045), real noise ratio: 0.4961
Client 41, noise level: 0.7353 (0.6618), real noise ratio: 0.6556
Client 42, noise level: 0.8045 (0.7240), real noise ratio: 0.7367
Client 47, noise level: 0.4586 (0.4127), real noise ratio: 0.4013
Client 48, noise level: 0.5133 (0.4620), real noise ratio: 0.4493
Client 50, noise level: 0.7860 (0.7074), real noise ratio: 0.6998
Client 51, noise level: 0.3370 (0.3033), real noise ratio: 0.2847
Client 56, noise level: 0.5591 (0.5031), real noise ratio: 0.4774
Client 57, noise level: 0.6532 (0.5879), real noise ratio: 0.5763
Client 59, noise level: 0.3915 (0.3523), real noise ratio: 0.3880
Client 60, noise level: 0.8911 (0.8020), real noise ratio: 0.7955
Client 62, noise level: 0.4187 (0.3768), real noise ratio: 0.3587
Client 67, noise level: 0.3696 (0.3326), real noise ratio: 0.3556
Client 68, noise level: 0.9393 (0.8454), real noise ratio: 0.8413
Client 69, noise level: 0.7046 (0.6341), real noise ratio: 0.5979
Client 72, noise level: 0.3069 (0.2762), real noise ratio: 0.2337
Client 75, noise level: 0.7848 (0.7064), real noise ratio: 0.6826
Client 78, noise level: 0.3984 (0.3586), real noise ratio: 0.3416
Client 79, noise level: 0.7685 (0.6916), real noise ratio: 0.6914
Client 80, noise level: 0.5127 (0.4614), real noise ratio: 0.4661
Client 83, noise level: 0.4420 (0.3978), real noise ratio: 0.4267
Client 88, noise level: 0.4144 (0.3729), real noise ratio: 0.3846
Client 90, noise level: 0.4952 (0.4457), real noise ratio: 0.4523
Client 91, noise level: 0.4432 (0.3989), real noise ratio: 0.4122
Client 94, noise level: 0.3650 (0.3285), real noise ratio: 0.3230
Client 98, noise level: 0.5071 (0.4564), real noise ratio: 0.4562
Client 99, noise level: 0.4163 (0.3747), real noise ratio: 0.3934
Round 0 global test acc  42.2700
Round 1 global test acc  57.8000
Round 2 global test acc  66.8100
Round 3 global test acc  58.4000
Round 4 global test acc  49.7000
Round 5 global test acc  54.4800
Round 6 global test acc  72.2800
Round 7 global test acc  72.3900
Round 8 global test acc  81.9900
Round 9 global test acc  82.5500
Round 10 global test acc  86.0700
Round 11 global test acc  61.9300
Round 12 global test acc  87.4600
Round 13 global test acc  88.6000
Round 14 global test acc  89.5900
Round 15 global test acc  91.0500
Round 16 global test acc  88.6700
Round 17 global test acc  72.6300
Round 18 global test acc  61.9800
Round 19 global test acc  91.4700
Round 20 global test acc  79.3500
Round 21 global test acc  87.5300
Round 22 global test acc  59.8200
Round 23 global test acc  21.6300
Round 24 global test acc  59.4700
Round 25 global test acc  70.7900
Round 26 global test acc  80.7400
Round 27 global test acc  91.2800
Round 28 global test acc  90.1000
Round 29 global test acc  87.9700
Round 30 global test acc  92.8200
Round 31 global test acc  73.4700
Round 32 global test acc  83.6800
Round 33 global test acc  90.3100
Round 34 global test acc  89.5600
Round 35 global test acc  92.5000
Round 36 global test acc  76.2400
Round 37 global test acc  92.1800
Round 38 global test acc  93.9400
Round 39 global test acc  93.3700
Round 40 global test acc  88.6600
Round 41 global test acc  94.2000
Round 42 global test acc  90.7700
Round 43 global test acc  92.8600
Round 44 global test acc  73.0100
Round 45 global test acc  90.8000
Round 46 global test acc  89.5300
Round 47 global test acc  92.6600
Round 48 global test acc  89.3100
Round 49 global test acc  95.0000
Round 50 global test acc  95.0600
Round 51 global test acc  95.4400
Round 52 global test acc  95.0300
Round 53 global test acc  95.4400
Round 54 global test acc  95.7300
Round 55 global test acc  93.9200
Round 56 global test acc  94.4800
Round 57 global test acc  95.8400
Round 58 global test acc  95.9700
Round 59 global test acc  96.0400
Round 60 global test acc  93.1100
Round 61 global test acc  89.7300
Round 62 global test acc  94.7300
Round 63 global test acc  94.7000
Round 64 global test acc  95.2500
Round 65 global test acc  95.8800
Round 66 global test acc  91.3700
Round 67 global test acc  95.8500
Round 68 global test acc  95.9000
Round 69 global test acc  93.8500
Round 70 global test acc  96.2500
Round 71 global test acc  93.1600
Round 72 global test acc  95.5200
Round 73 global test acc  95.8400
Round 74 global test acc  95.1900
Round 75 global test acc  96.4000
Round 76 global test acc  96.4800
Round 77 global test acc  93.4300
Round 78 global test acc  93.1100
Round 79 global test acc  94.0900
Round 80 global test acc  96.1200
Round 81 global test acc  95.5200
Round 82 global test acc  96.4000
Round 83 global test acc  94.1600
Round 84 global test acc  95.1900
Round 85 global test acc  96.2400
Round 86 global test acc  94.2900
Round 87 global test acc  96.0000
Round 88 global test acc  96.7800
Round 89 global test acc  87.2700
Round 90 global test acc  96.5500
Round 91 global test acc  96.6900
Round 92 global test acc  93.4400
Round 93 global test acc  92.2200
Round 94 global test acc  95.8800
Round 95 global test acc  96.5900
Round 96 global test acc  95.3600
Round 97 global test acc  95.0900
Round 98 global test acc  96.3600
Round 99 global test acc  95.1200
Round 100 global test acc  94.9300
Round 101 global test acc  96.5700
Round 102 global test acc  96.8200
Round 103 global test acc  95.9900
Round 104 global test acc  96.8300
Round 105 global test acc  96.0000
Round 106 global test acc  96.9900
Round 107 global test acc  96.3800
Round 108 global test acc  96.8500
Round 109 global test acc  96.6700
Round 110 global test acc  96.1200
Round 111 global test acc  96.7100
Round 112 global test acc  96.3300
Round 113 global test acc  91.7300
Round 114 global test acc  94.5800
Round 115 global test acc  96.2600
Round 116 global test acc  96.3700
Round 117 global test acc  97.0800
Round 118 global test acc  97.2700
Round 119 global test acc  97.1800
Round 120 global test acc  96.8000
Round 121 global test acc  96.1500
Round 122 global test acc  97.0200
Round 123 global test acc  90.5700
Round 124 global test acc  97.2700
Round 125 global test acc  96.9800
Round 126 global test acc  96.0500
Round 127 global test acc  97.0200
Round 128 global test acc  97.0400
Round 129 global test acc  96.6900
Round 130 global test acc  96.0600
Round 131 global test acc  96.3300
Round 132 global test acc  97.2300
Round 133 global test acc  96.2400
Round 134 global test acc  97.0200
Round 135 global test acc  97.0700
Round 136 global test acc  96.0100
Round 137 global test acc  97.0900
Round 138 global test acc  96.9100
Round 139 global test acc  97.3800
Round 140 global test acc  97.4800
Round 141 global test acc  97.0400
Round 142 global test acc  97.4300
Round 143 global test acc  97.2900
Round 144 global test acc  97.2900
Round 145 global test acc  97.3100
Round 146 global test acc  96.0700
Round 147 global test acc  96.7300
Round 148 global test acc  96.7600
Round 149 global test acc  96.2500
Round 150 global test acc  95.4200
Round 151 global test acc  96.6200
Round 152 global test acc  94.9600
Round 153 global test acc  97.2700
Round 154 global test acc  97.2400
Round 155 global test acc  96.7000
Round 156 global test acc  96.9200
Round 157 global test acc  96.4100
Round 158 global test acc  97.1400
Round 159 global test acc  97.4000
Round 160 global test acc  97.0000
Round 161 global test acc  97.4800
Round 162 global test acc  97.6100
Round 163 global test acc  97.5400
Round 164 global test acc  97.5300
Round 165 global test acc  97.4000
Round 166 global test acc  97.1600
Round 167 global test acc  97.2600
Round 168 global test acc  97.0400
Round 169 global test acc  97.2500
Round 170 global test acc  97.4100
Round 171 global test acc  97.2600
Round 172 global test acc  97.4400
Round 173 global test acc  97.5400
Round 174 global test acc  96.8200
Round 175 global test acc  94.9600
Round 176 global test acc  90.6300
Round 177 global test acc  93.8200
Round 178 global test acc  96.7900
Round 179 global test acc  96.1000
Round 180 global test acc  96.1300
Round 181 global test acc  96.9200
Round 182 global test acc  97.0200
Round 183 global test acc  97.0600
Round 184 global test acc  97.3900
Round 185 global test acc  97.2700
Round 186 global test acc  97.6300
Round 187 global test acc  97.6300
Round 188 global test acc  97.4000
Round 189 global test acc  97.4700
Round 190 global test acc  97.5200
Round 191 global test acc  97.4700
Round 192 global test acc  97.1100
Round 193 global test acc  95.9900
Round 194 global test acc  97.3100
Round 195 global test acc  97.0300
Round 196 global test acc  95.9400
Round 197 global test acc  94.5300
Round 198 global test acc  96.8000
Round 199 global test acc  97.2800
time : 8982.948378562927
('algorithm', 'GlobalCORES')
('gpu', 1)
('seed', 13)
('save_dir', './record/')
('rounds2', 200)
('local_ep', 5)
('frac2', 0.1)
('num_users', 100)
('local_bs', 32)
('lr', 0.1)
('model', 'lenet')
('num_classes', 10)
('level_n_system', 0.5)
('level_n_lowerb', 0.3)
('alpha_dirichlet', 10)
('non_iid_prob_class', 0.7)
('dataset', 'mnist')
('iid', False)
('LID_k', 20)
('iteration1', 5)
('rounds1', 200)
('frac1', 0.01)
('pretrained', False)
('mixup', False)
('alpha', 1)
('beta', 5)
('relabel_ratio', 0.5)
('confidence_thres', 0.5)
('clean_set_thres', 0.1)
('fine_tuning', True)
('correction', True)
('T_pl', 100)
('lambda_cen', 1.0)
('lambda_e', 0.8)
('num_gradual', 10)
('forget_rate', 0.2)
('lr_decay', 0.1)
('schedule', [])
('momentum', 0.5)
('weight_decay', 0.0001)
('feature_dim', 128)
('plr', 0.05)
('lamda', 15)
('K', 5)
('gamma', 1)
('begin_sel', 10)
('max_beta', 2)
('mu', 0.01)
('device', device(type='cuda', index=1))
Client 0, noise level: 0.7877 (0.7089), real noise ratio: 0.6760
Client 2, noise level: 0.4944 (0.4450), real noise ratio: 0.4566
Client 3, noise level: 0.4635 (0.4172), real noise ratio: 0.4033
Client 4, noise level: 0.8920 (0.8028), real noise ratio: 0.7740
Client 6, noise level: 0.7822 (0.7040), real noise ratio: 0.6747
Client 7, noise level: 0.4074 (0.3667), real noise ratio: 0.3559
Client 8, noise level: 0.4425 (0.3983), real noise ratio: 0.3989
Client 9, noise level: 0.3473 (0.3126), real noise ratio: 0.3187
Client 13, noise level: 0.4574 (0.4116), real noise ratio: 0.3957
Client 15, noise level: 0.3237 (0.2913), real noise ratio: 0.2700
Client 20, noise level: 0.7283 (0.6555), real noise ratio: 0.6597
Client 23, noise level: 0.5618 (0.5056), real noise ratio: 0.5029
Client 26, noise level: 0.8716 (0.7844), real noise ratio: 0.7746
Client 27, noise level: 0.3558 (0.3202), real noise ratio: 0.3325
Client 29, noise level: 0.8867 (0.7980), real noise ratio: 0.8052
Client 30, noise level: 0.6949 (0.6254), real noise ratio: 0.6214
Client 32, noise level: 0.4015 (0.3614), real noise ratio: 0.3472
Client 33, noise level: 0.3690 (0.3321), real noise ratio: 0.3561
Client 35, noise level: 0.7970 (0.7173), real noise ratio: 0.7015
Client 38, noise level: 0.5606 (0.5045), real noise ratio: 0.4961
Client 41, noise level: 0.7353 (0.6618), real noise ratio: 0.6556
Client 42, noise level: 0.8045 (0.7240), real noise ratio: 0.7367
Client 47, noise level: 0.4586 (0.4127), real noise ratio: 0.4013
Client 48, noise level: 0.5133 (0.4620), real noise ratio: 0.4493
Client 50, noise level: 0.7860 (0.7074), real noise ratio: 0.6998
Client 51, noise level: 0.3370 (0.3033), real noise ratio: 0.2847
Client 56, noise level: 0.5591 (0.5031), real noise ratio: 0.4774
Client 57, noise level: 0.6532 (0.5879), real noise ratio: 0.5763
Client 59, noise level: 0.3915 (0.3523), real noise ratio: 0.3880
Client 60, noise level: 0.8911 (0.8020), real noise ratio: 0.7955
Client 62, noise level: 0.4187 (0.3768), real noise ratio: 0.3587
Client 67, noise level: 0.3696 (0.3326), real noise ratio: 0.3556
Client 68, noise level: 0.9393 (0.8454), real noise ratio: 0.8413
Client 69, noise level: 0.7046 (0.6341), real noise ratio: 0.5979
Client 72, noise level: 0.3069 (0.2762), real noise ratio: 0.2337
Client 75, noise level: 0.7848 (0.7064), real noise ratio: 0.6826
Client 78, noise level: 0.3984 (0.3586), real noise ratio: 0.3416
Client 79, noise level: 0.7685 (0.6916), real noise ratio: 0.6914
Client 80, noise level: 0.5127 (0.4614), real noise ratio: 0.4661
Client 83, noise level: 0.4420 (0.3978), real noise ratio: 0.4267
Client 88, noise level: 0.4144 (0.3729), real noise ratio: 0.3846
Client 90, noise level: 0.4952 (0.4457), real noise ratio: 0.4523
Client 91, noise level: 0.4432 (0.3989), real noise ratio: 0.4122
Client 94, noise level: 0.3650 (0.3285), real noise ratio: 0.3230
Client 98, noise level: 0.5071 (0.4564), real noise ratio: 0.4562
Client 99, noise level: 0.4163 (0.3747), real noise ratio: 0.3934
Round 0 global test acc  39.6600
Round 1 global test acc  55.5500
Round 2 global test acc  65.8600
Round 3 global test acc  54.3000
Round 4 global test acc  44.0800
Round 5 global test acc  57.4100
Round 6 global test acc  71.1100
Round 7 global test acc  64.2400
Round 8 global test acc  80.9100
Round 9 global test acc  73.8200
Round 10 global test acc  84.8700
Round 11 global test acc  81.9000
Round 12 global test acc  88.5700
Round 13 global test acc  86.6500
Round 14 global test acc  90.3300
Round 15 global test acc  87.4300
Round 16 global test acc  86.4700
Round 17 global test acc  63.7700
Round 18 global test acc  85.5900
Round 19 global test acc  91.8300
Round 20 global test acc  74.9500
Round 21 global test acc  92.1700
Round 22 global test acc  66.4100
Round 23 global test acc  90.4600
Round 24 global test acc  83.2400
Round 25 global test acc  89.4600
Round 26 global test acc  78.8800
Round 27 global test acc  91.8700
Round 28 global test acc  91.0500
Round 29 global test acc  75.7600
Round 30 global test acc  92.4200
Round 31 global test acc  77.0300
Round 32 global test acc  11.3600
Round 33 global test acc  89.1400
Round 34 global test acc  92.1100
Round 35 global test acc  93.0000
Round 36 global test acc  85.3000
Round 37 global test acc  93.6400
Round 38 global test acc  94.5900
Round 39 global test acc  93.4400
Round 40 global test acc  87.7000
Round 41 global test acc  94.1100
Round 42 global test acc  86.4500
Round 43 global test acc  93.1500
Round 44 global test acc  88.2500
Round 45 global test acc  93.4300
Round 46 global test acc  85.4300
Round 47 global test acc  94.2300
Round 48 global test acc  94.2700
Round 49 global test acc  94.4400
Round 50 global test acc  94.7300
Round 51 global test acc  95.5300
Round 52 global test acc  94.2300
Round 53 global test acc  95.2200
Round 54 global test acc  87.7800
Round 55 global test acc  94.4500
Round 56 global test acc  93.6000
Round 57 global test acc  95.0000
Round 58 global test acc  95.9800
Round 59 global test acc  95.9000
Round 60 global test acc  95.1300
Round 61 global test acc  93.0400
Round 62 global test acc  94.6300
Round 63 global test acc  95.9200
Round 64 global test acc  95.8900
Round 65 global test acc  95.3900
Round 66 global test acc  91.1500
Round 67 global test acc  96.5200
Round 68 global test acc  95.8900
Round 69 global test acc  81.2800
Round 70 global test acc  96.0900
Round 71 global test acc  94.8800
Round 72 global test acc  95.5400
Round 73 global test acc  95.3400
Round 74 global test acc  96.0400
Round 75 global test acc  96.5700
Round 76 global test acc  96.6100
Round 77 global test acc  95.0600
Round 78 global test acc  89.0800
Round 79 global test acc  95.0500
Round 80 global test acc  96.1700
Round 81 global test acc  96.3700
Round 82 global test acc  96.5400
Round 83 global test acc  92.7300
Round 84 global test acc  93.1600
Round 85 global test acc  96.4900
Round 86 global test acc  94.8600
Round 87 global test acc  96.2500
Round 88 global test acc  96.7600
Round 89 global test acc  79.5800
Round 90 global test acc  91.4300
Round 91 global test acc  96.7000
Round 92 global test acc  94.9500
Round 93 global test acc  90.8700
Round 94 global test acc  96.2900
Round 95 global test acc  96.5400
Round 96 global test acc  94.9000
Round 97 global test acc  94.8600
Round 98 global test acc  97.0900
Round 99 global test acc  96.0100
Round 100 global test acc  96.2400
Round 101 global test acc  96.2100
Round 102 global test acc  97.0600
Round 103 global test acc  95.6300
Round 104 global test acc  97.0400
Round 105 global test acc  91.0600
Round 106 global test acc  97.1500
Round 107 global test acc  95.9500
Round 108 global test acc  96.6900
Round 109 global test acc  96.2400
Round 110 global test acc  96.1000
Round 111 global test acc  96.8400
Round 112 global test acc  95.0500
Round 113 global test acc  92.9000
Round 114 global test acc  95.6700
Round 115 global test acc  96.7700
Round 116 global test acc  96.8600
Round 117 global test acc  96.7700
Round 118 global test acc  96.9600
Round 119 global test acc  97.3300
Round 120 global test acc  96.5600
Round 121 global test acc  96.2400
Round 122 global test acc  97.2600
Round 123 global test acc  92.9700
Round 124 global test acc  97.0500
Round 125 global test acc  96.5600
Round 126 global test acc  71.0700
Round 127 global test acc  96.6200
Round 128 global test acc  96.3900
Round 129 global test acc  96.9700
Round 130 global test acc  91.0300
Round 131 global test acc  94.4700
Round 132 global test acc  96.9100
Round 133 global test acc  94.7700
Round 134 global test acc  96.6500
Round 135 global test acc  96.9100
Round 136 global test acc  87.3100
Round 137 global test acc  96.1100
Round 138 global test acc  96.9400
Round 139 global test acc  97.3500
Round 140 global test acc  97.1900
Round 141 global test acc  95.3700
Round 142 global test acc  97.3700
Round 143 global test acc  97.2300
Round 144 global test acc  97.1800
Round 145 global test acc  97.2900
Round 146 global test acc  96.4600
Round 147 global test acc  96.5300
Round 148 global test acc  96.7800
Round 149 global test acc  96.3100
Round 150 global test acc  94.7100
Round 151 global test acc  96.8000
Round 152 global test acc  92.5100
Round 153 global test acc  97.1800
Round 154 global test acc  97.3800
Round 155 global test acc  96.7300
Round 156 global test acc  96.7100
Round 157 global test acc  96.8600
Round 158 global test acc  97.2700
Round 159 global test acc  97.2000
Round 160 global test acc  97.2100
Round 161 global test acc  96.7200
Round 162 global test acc  97.3600
Round 163 global test acc  97.5100
Round 164 global test acc  97.1300
Round 165 global test acc  96.9600
Round 166 global test acc  96.7100
Round 167 global test acc  97.3200
Round 168 global test acc  96.2900
Round 169 global test acc  96.8700
Round 170 global test acc  97.6100
Round 171 global test acc  97.4200
Round 172 global test acc  97.5700
Round 173 global test acc  97.5200
Round 174 global test acc  96.3600
Round 175 global test acc  96.5100
Round 176 global test acc  96.9200
Round 177 global test acc  96.3900
Round 178 global test acc  96.9300
Round 179 global test acc  96.2300
Round 180 global test acc  96.4600
Round 181 global test acc  97.3200
Round 182 global test acc  97.0100
Round 183 global test acc  97.1200
Round 184 global test acc  95.4000
Round 185 global test acc  97.1600
Round 186 global test acc  97.2700
Round 187 global test acc  97.1800
Round 188 global test acc  97.2200
Round 189 global test acc  97.5100
Round 190 global test acc  97.1700
Round 191 global test acc  97.5900
Round 192 global test acc  97.2900
Round 193 global test acc  96.6000
Round 194 global test acc  97.6200
Round 195 global test acc  97.0400
Round 196 global test acc  96.8900
Round 197 global test acc  96.0400
Round 198 global test acc  97.5100
Round 199 global test acc  97.5900
time : 8946.744899988174
