('algorithm', 'LocalCORES')
('gpu', 1)
('seed', 13)
('save_dir', './record/')
('rounds2', 200)
('local_ep', 5)
('frac2', 0.1)
('num_users', 100)
('local_bs', 32)
('lr', 0.1)
('model', 'lenet')
('num_classes', 10)
('level_n_system', 1.0)
('level_n_lowerb', 0.5)
('alpha_dirichlet', 10)
('non_iid_prob_class', 0.7)
('dataset', 'mnist')
('iid', True)
('LID_k', 20)
('iteration1', 5)
('rounds1', 200)
('frac1', 0.01)
('pretrained', False)
('mixup', False)
('alpha', 1)
('beta', 5)
('relabel_ratio', 0.5)
('confidence_thres', 0.5)
('clean_set_thres', 0.1)
('fine_tuning', True)
('correction', True)
('T_pl', 100)
('lambda_cen', 1.0)
('lambda_e', 0.8)
('num_gradual', 10)
('forget_rate', 0.2)
('lr_decay', 0.1)
('schedule', [])
('momentum', 0.5)
('weight_decay', 0.0001)
('feature_dim', 128)
('plr', 0.05)
('lamda', 15)
('K', 5)
('gamma', 1)
('begin_sel', 10)
('max_beta', 2)
('mu', 0.01)
('device', device(type='cuda', index=1))
Client 0, noise level: 0.8484 (0.7635), real noise ratio: 0.7467
Client 1, noise level: 0.9815 (0.8834), real noise ratio: 0.8850
Client 2, noise level: 0.6389 (0.5750), real noise ratio: 0.5900
Client 3, noise level: 0.6168 (0.5551), real noise ratio: 0.5967
Client 4, noise level: 0.9228 (0.8306), real noise ratio: 0.8500
Client 5, noise level: 0.6121 (0.5509), real noise ratio: 0.5417
Client 6, noise level: 0.8445 (0.7600), real noise ratio: 0.7600
Client 7, noise level: 0.5767 (0.5191), real noise ratio: 0.4783
Client 8, noise level: 0.6018 (0.5416), real noise ratio: 0.5183
Client 9, noise level: 0.5338 (0.4804), real noise ratio: 0.5117
Client 10, noise level: 0.8747 (0.7873), real noise ratio: 0.8050
Client 11, noise level: 0.5900 (0.5310), real noise ratio: 0.5383
Client 12, noise level: 0.5621 (0.5059), real noise ratio: 0.5250
Client 13, noise level: 0.6124 (0.5512), real noise ratio: 0.5683
Client 14, noise level: 0.6397 (0.5758), real noise ratio: 0.5783
Client 15, noise level: 0.5169 (0.4652), real noise ratio: 0.5017
Client 16, noise level: 0.6272 (0.5645), real noise ratio: 0.5783
Client 17, noise level: 0.8344 (0.7510), real noise ratio: 0.7650
Client 18, noise level: 0.8800 (0.7920), real noise ratio: 0.8083
Client 19, noise level: 0.6130 (0.5517), real noise ratio: 0.5383
Client 20, noise level: 0.8059 (0.7253), real noise ratio: 0.7067
Client 21, noise level: 0.9561 (0.8605), real noise ratio: 0.8817
Client 22, noise level: 0.7708 (0.6937), real noise ratio: 0.7067
Client 23, noise level: 0.6870 (0.6183), real noise ratio: 0.6000
Client 24, noise level: 0.5066 (0.4559), real noise ratio: 0.4567
Client 25, noise level: 0.9147 (0.8232), real noise ratio: 0.8483
Client 26, noise level: 0.9083 (0.8175), real noise ratio: 0.8183
Client 27, noise level: 0.5399 (0.4859), real noise ratio: 0.5100
Client 28, noise level: 0.5858 (0.5273), real noise ratio: 0.5200
Client 29, noise level: 0.9191 (0.8272), real noise ratio: 0.8383
Client 30, noise level: 0.7821 (0.7039), real noise ratio: 0.7083
Client 31, noise level: 0.6749 (0.6074), real noise ratio: 0.6167
Client 32, noise level: 0.5725 (0.5153), real noise ratio: 0.4867
Client 33, noise level: 0.5493 (0.4943), real noise ratio: 0.5100
Client 34, noise level: 0.7801 (0.7021), real noise ratio: 0.7133
Client 35, noise level: 0.8550 (0.7695), real noise ratio: 0.7650
Client 36, noise level: 0.9754 (0.8779), real noise ratio: 0.8800
Client 37, noise level: 0.8740 (0.7866), real noise ratio: 0.7883
Client 38, noise level: 0.6861 (0.6175), real noise ratio: 0.6083
Client 39, noise level: 0.8792 (0.7913), real noise ratio: 0.7917
Client 40, noise level: 0.5355 (0.4820), real noise ratio: 0.4883
Client 41, noise level: 0.8109 (0.7298), real noise ratio: 0.7467
Client 42, noise level: 0.8604 (0.7743), real noise ratio: 0.7850
Client 43, noise level: 0.5209 (0.4688), real noise ratio: 0.4267
Client 44, noise level: 0.6976 (0.6279), real noise ratio: 0.6117
Client 45, noise level: 0.5807 (0.5226), real noise ratio: 0.5283
Client 46, noise level: 0.6380 (0.5742), real noise ratio: 0.6050
Client 47, noise level: 0.6133 (0.5519), real noise ratio: 0.5667
Client 48, noise level: 0.6523 (0.5871), real noise ratio: 0.5767
Client 49, noise level: 0.5681 (0.5113), real noise ratio: 0.4817
Client 50, noise level: 0.8471 (0.7624), real noise ratio: 0.7850
Client 51, noise level: 0.5264 (0.4738), real noise ratio: 0.4833
Client 52, noise level: 0.7907 (0.7116), real noise ratio: 0.7167
Client 53, noise level: 0.5899 (0.5309), real noise ratio: 0.5233
Client 54, noise level: 0.7533 (0.6780), real noise ratio: 0.6617
Client 55, noise level: 0.6408 (0.5767), real noise ratio: 0.5500
Client 56, noise level: 0.6850 (0.6165), real noise ratio: 0.6417
Client 57, noise level: 0.7523 (0.6770), real noise ratio: 0.6700
Client 58, noise level: 0.5612 (0.5050), real noise ratio: 0.5267
Client 59, noise level: 0.5653 (0.5088), real noise ratio: 0.4400
Client 60, noise level: 0.9222 (0.8300), real noise ratio: 0.8250
Client 61, noise level: 0.6961 (0.6265), real noise ratio: 0.6383
Client 62, noise level: 0.5848 (0.5263), real noise ratio: 0.5383
Client 63, noise level: 0.9006 (0.8105), real noise ratio: 0.8017
Client 64, noise level: 0.9551 (0.8596), real noise ratio: 0.8717
Client 65, noise level: 0.9148 (0.8233), real noise ratio: 0.8167
Client 66, noise level: 0.8570 (0.7713), real noise ratio: 0.7833
Client 67, noise level: 0.5497 (0.4947), real noise ratio: 0.5100
Client 68, noise level: 0.9567 (0.8610), real noise ratio: 0.8400
Client 69, noise level: 0.7890 (0.7101), real noise ratio: 0.7333
Client 70, noise level: 0.9501 (0.8551), real noise ratio: 0.8367
Client 71, noise level: 0.7818 (0.7036), real noise ratio: 0.7100
Client 72, noise level: 0.5049 (0.4544), real noise ratio: 0.4733
Client 73, noise level: 0.9971 (0.8974), real noise ratio: 0.9100
Client 74, noise level: 0.5662 (0.5096), real noise ratio: 0.5083
Client 75, noise level: 0.8463 (0.7617), real noise ratio: 0.7767
Client 76, noise level: 0.6671 (0.6004), real noise ratio: 0.6067
Client 77, noise level: 0.5901 (0.5311), real noise ratio: 0.5450
Client 78, noise level: 0.5703 (0.5133), real noise ratio: 0.5167
Client 79, noise level: 0.8346 (0.7512), real noise ratio: 0.7783
Client 80, noise level: 0.6519 (0.5867), real noise ratio: 0.5617
Client 81, noise level: 0.8068 (0.7261), real noise ratio: 0.6950
Client 82, noise level: 0.9678 (0.8710), real noise ratio: 0.8700
Client 83, noise level: 0.6015 (0.5413), real noise ratio: 0.5417
Client 84, noise level: 0.5598 (0.5038), real noise ratio: 0.4900
Client 85, noise level: 0.6961 (0.6265), real noise ratio: 0.6083
Client 86, noise level: 0.8473 (0.7625), real noise ratio: 0.8083
Client 87, noise level: 0.9725 (0.8752), real noise ratio: 0.8883
Client 88, noise level: 0.5817 (0.5235), real noise ratio: 0.5150
Client 89, noise level: 0.7294 (0.6564), real noise ratio: 0.6033
Client 90, noise level: 0.6394 (0.5755), real noise ratio: 0.5450
Client 91, noise level: 0.6023 (0.5421), real noise ratio: 0.5217
Client 92, noise level: 0.6542 (0.5888), real noise ratio: 0.5900
Client 93, noise level: 0.8978 (0.8080), real noise ratio: 0.7967
Client 94, noise level: 0.5464 (0.4918), real noise ratio: 0.5300
Client 95, noise level: 0.9345 (0.8411), real noise ratio: 0.8333
Client 96, noise level: 0.9169 (0.8252), real noise ratio: 0.8017
Client 97, noise level: 0.8409 (0.7568), real noise ratio: 0.7300
Client 98, noise level: 0.6479 (0.5831), real noise ratio: 0.5650
Client 99, noise level: 0.5831 (0.5248), real noise ratio: 0.5417
Round 0 global test acc  48.1000
Round 1 global test acc  67.6000
Round 2 global test acc  70.0300
Round 3 global test acc  76.5800
Round 4 global test acc  81.7400
Round 5 global test acc  81.7900
Round 6 global test acc  80.0400
Round 7 global test acc  81.5700
Round 8 global test acc  84.3100
Round 9 global test acc  85.0700
Round 10 global test acc  86.7300
Round 11 global test acc  29.0500
Round 12 global test acc  13.3800
Round 13 global test acc  17.0100
Round 14 global test acc  18.3600
Round 15 global test acc  19.2100
Round 16 global test acc  23.2200
Round 17 global test acc  22.6200
Round 18 global test acc  18.4600
Round 19 global test acc  23.6300
Round 20 global test acc  17.3300
Round 21 global test acc  19.0200
Round 22 global test acc  35.8700
Round 23 global test acc  21.0900
Round 24 global test acc  19.7000
Round 25 global test acc  36.5700
Round 26 global test acc  14.7800
Round 27 global test acc  19.0200
Round 28 global test acc  30.6800
Round 29 global test acc  15.1200
Round 30 global test acc  34.9900
Round 31 global test acc  30.5000
Round 32 global test acc  15.6000
Round 33 global test acc  17.3100
Round 34 global test acc  15.7300
Round 35 global test acc  20.7100
Round 36 global test acc  32.2700
Round 37 global test acc  17.5400
Round 38 global test acc  19.1200
Round 39 global test acc  14.6800
Round 40 global test acc  33.3100
Round 41 global test acc  26.4100
Round 42 global test acc  27.6700
Round 43 global test acc  29.7200
Round 44 global test acc  35.3800
Round 45 global test acc  26.1200
Round 46 global test acc  29.8400
Round 47 global test acc  11.3600
Round 48 global test acc  11.9800
Round 49 global test acc  20.1900
Round 50 global test acc  14.0300
Round 51 global test acc  29.9700
Round 52 global test acc  21.1000
Round 53 global test acc  23.5100
Round 54 global test acc  21.1400
Round 55 global test acc  17.5800
Round 56 global test acc  11.3500
Round 57 global test acc  21.3900
Round 58 global test acc  21.2500
Round 59 global test acc  19.9900
Round 60 global test acc  28.0400
Round 61 global test acc  23.7900
Round 62 global test acc  11.4000
Round 63 global test acc  24.8400
Round 64 global test acc  18.3600
Round 65 global test acc  24.6000
Round 66 global test acc  22.2400
Round 67 global test acc  36.5500
Round 68 global test acc  28.5300
Round 69 global test acc  28.8300
Round 70 global test acc  27.3700
Round 71 global test acc  21.2000
Round 72 global test acc  31.5600
Round 73 global test acc  47.3800
Round 74 global test acc  28.9100
Round 75 global test acc  16.5700
Round 76 global test acc  25.3000
Round 77 global test acc  18.7800
Round 78 global test acc  22.7600
Round 79 global test acc  31.7200
Round 80 global test acc  20.8100
Round 81 global test acc  32.3300
Round 82 global test acc  27.8000
Round 83 global test acc  19.9900
Round 84 global test acc  22.1800
Round 85 global test acc  11.7300
Round 86 global test acc  24.4600
Round 87 global test acc  28.0500
Round 88 global test acc  34.4100
Round 89 global test acc  25.4300
Round 90 global test acc  21.3200
Round 91 global test acc  37.6100
Round 92 global test acc  17.5100
Round 93 global test acc  20.7700
Round 94 global test acc  26.2200
Round 95 global test acc  15.5500
Round 96 global test acc  12.2400
Round 97 global test acc  41.2100
Round 98 global test acc  26.5700
Round 99 global test acc  18.8700
Round 100 global test acc  27.7400
Round 101 global test acc  25.6300
Round 102 global test acc  28.4300
Round 103 global test acc  20.5200
Round 104 global test acc  22.8200
Round 105 global test acc  26.9900
Round 106 global test acc  16.6400
Round 107 global test acc  21.4200
Round 108 global test acc  24.8400
Round 109 global test acc  14.7800
Round 110 global test acc  30.4200
Round 111 global test acc  12.9400
Round 112 global test acc  25.0000
Round 113 global test acc  22.1500
Round 114 global test acc  19.0800
Round 115 global test acc  11.4500
Round 116 global test acc  22.6900
Round 117 global test acc  22.2300
Round 118 global test acc  28.1700
Round 119 global test acc  28.3900
Round 120 global test acc  24.7000
Round 121 global test acc  21.2800
Round 122 global test acc  22.6100
Round 123 global test acc  30.2800
Round 124 global test acc  20.7200
Round 125 global test acc  20.6200
Round 126 global test acc  19.9500
Round 127 global test acc  21.3500
Round 128 global test acc  32.6700
Round 129 global test acc  24.0300
Round 130 global test acc  33.7300
Round 131 global test acc  24.3200
Round 132 global test acc  23.1900
Round 133 global test acc  33.3100
Round 134 global test acc  21.1800
Round 135 global test acc  25.9300
Round 136 global test acc  21.3900
Round 137 global test acc  26.6100
Round 138 global test acc  33.1700
Round 139 global test acc  11.3600
Round 140 global test acc  22.4100
Round 141 global test acc  30.4300
Round 142 global test acc  17.3900
Round 143 global test acc  27.1300
Round 144 global test acc  29.8000
Round 145 global test acc  28.8700
Round 146 global test acc  21.6800
Round 147 global test acc  19.1800
Round 148 global test acc  37.1700
Round 149 global test acc  26.8800
Round 150 global test acc  11.6200
Round 151 global test acc  23.5900
Round 152 global test acc  21.5200
Round 153 global test acc  12.9300
Round 154 global test acc  36.0400
Round 155 global test acc  26.2400
Round 156 global test acc  21.2000
Round 157 global test acc  30.6000
Round 158 global test acc  30.7800
Round 159 global test acc  28.1700
Round 160 global test acc  30.7800
Round 161 global test acc  30.1700
Round 162 global test acc  23.6600
Round 163 global test acc  30.0300
Round 164 global test acc  17.3800
Round 165 global test acc  25.5000
Round 166 global test acc  16.8300
Round 167 global test acc  11.4900
Round 168 global test acc  17.0800
Round 169 global test acc  33.8300
Round 170 global test acc  23.6100
Round 171 global test acc  22.0900
Round 172 global test acc  26.0100
Round 173 global test acc  15.9100
Round 174 global test acc  34.5200
Round 175 global test acc  39.3000
Round 176 global test acc  26.2100
Round 177 global test acc  30.5000
Round 178 global test acc  28.7200
Round 179 global test acc  23.5500
Round 180 global test acc  14.9600
Round 181 global test acc  27.7200
Round 182 global test acc  30.7700
Round 183 global test acc  11.8600
Round 184 global test acc  21.9700
Round 185 global test acc  29.1000
Round 186 global test acc  20.8500
Round 187 global test acc  27.6100
Round 188 global test acc  28.3500
Round 189 global test acc  28.4100
Round 190 global test acc  17.8800
Round 191 global test acc  29.5700
Round 192 global test acc  26.2400
Round 193 global test acc  36.3800
Round 194 global test acc  27.7000
Round 195 global test acc  36.5200
Round 196 global test acc  25.7300
Round 197 global test acc  29.5300
Round 198 global test acc  19.3100
Round 199 global test acc  36.1200
time : 7851.582674503326
('algorithm', 'LocalCORES')
('gpu', 1)
('seed', 13)
('save_dir', './record/')
('rounds2', 200)
('local_ep', 5)
('frac2', 0.1)
('num_users', 100)
('local_bs', 32)
('lr', 0.1)
('model', 'lenet')
('num_classes', 10)
('level_n_system', 1.0)
('level_n_lowerb', 0.5)
('alpha_dirichlet', 10)
('non_iid_prob_class', 0.7)
('dataset', 'mnist')
('iid', True)
('LID_k', 20)
('iteration1', 5)
('rounds1', 200)
('frac1', 0.01)
('pretrained', False)
('mixup', False)
('alpha', 1)
('beta', 5)
('relabel_ratio', 0.5)
('confidence_thres', 0.5)
('clean_set_thres', 0.1)
('fine_tuning', True)
('correction', True)
('T_pl', 100)
('lambda_cen', 1.0)
('lambda_e', 0.8)
('num_gradual', 10)
('forget_rate', 0.2)
('lr_decay', 0.1)
('schedule', [])
('momentum', 0.5)
('weight_decay', 0.0001)
('feature_dim', 128)
('plr', 0.05)
('lamda', 15)
('K', 5)
('gamma', 1)
('begin_sel', 10)
('max_beta', 2)
('mu', 0.01)
('device', device(type='cuda', index=1))
Client 0, noise level: 0.8484 (0.7635), real noise ratio: 0.7467
Client 1, noise level: 0.9815 (0.8834), real noise ratio: 0.8850
Client 2, noise level: 0.6389 (0.5750), real noise ratio: 0.5900
Client 3, noise level: 0.6168 (0.5551), real noise ratio: 0.5967
Client 4, noise level: 0.9228 (0.8306), real noise ratio: 0.8500
Client 5, noise level: 0.6121 (0.5509), real noise ratio: 0.5417
Client 6, noise level: 0.8445 (0.7600), real noise ratio: 0.7600
Client 7, noise level: 0.5767 (0.5191), real noise ratio: 0.4783
Client 8, noise level: 0.6018 (0.5416), real noise ratio: 0.5183
Client 9, noise level: 0.5338 (0.4804), real noise ratio: 0.5117
Client 10, noise level: 0.8747 (0.7873), real noise ratio: 0.8050
Client 11, noise level: 0.5900 (0.5310), real noise ratio: 0.5383
Client 12, noise level: 0.5621 (0.5059), real noise ratio: 0.5250
Client 13, noise level: 0.6124 (0.5512), real noise ratio: 0.5683
Client 14, noise level: 0.6397 (0.5758), real noise ratio: 0.5783
Client 15, noise level: 0.5169 (0.4652), real noise ratio: 0.5017
Client 16, noise level: 0.6272 (0.5645), real noise ratio: 0.5783
Client 17, noise level: 0.8344 (0.7510), real noise ratio: 0.7650
Client 18, noise level: 0.8800 (0.7920), real noise ratio: 0.8083
Client 19, noise level: 0.6130 (0.5517), real noise ratio: 0.5383
Client 20, noise level: 0.8059 (0.7253), real noise ratio: 0.7067
Client 21, noise level: 0.9561 (0.8605), real noise ratio: 0.8817
Client 22, noise level: 0.7708 (0.6937), real noise ratio: 0.7067
Client 23, noise level: 0.6870 (0.6183), real noise ratio: 0.6000
Client 24, noise level: 0.5066 (0.4559), real noise ratio: 0.4567
Client 25, noise level: 0.9147 (0.8232), real noise ratio: 0.8483
Client 26, noise level: 0.9083 (0.8175), real noise ratio: 0.8183
Client 27, noise level: 0.5399 (0.4859), real noise ratio: 0.5100
Client 28, noise level: 0.5858 (0.5273), real noise ratio: 0.5200
Client 29, noise level: 0.9191 (0.8272), real noise ratio: 0.8383
Client 30, noise level: 0.7821 (0.7039), real noise ratio: 0.7083
Client 31, noise level: 0.6749 (0.6074), real noise ratio: 0.6167
Client 32, noise level: 0.5725 (0.5153), real noise ratio: 0.4867
Client 33, noise level: 0.5493 (0.4943), real noise ratio: 0.5100
Client 34, noise level: 0.7801 (0.7021), real noise ratio: 0.7133
Client 35, noise level: 0.8550 (0.7695), real noise ratio: 0.7650
Client 36, noise level: 0.9754 (0.8779), real noise ratio: 0.8800
Client 37, noise level: 0.8740 (0.7866), real noise ratio: 0.7883
Client 38, noise level: 0.6861 (0.6175), real noise ratio: 0.6083
Client 39, noise level: 0.8792 (0.7913), real noise ratio: 0.7917
Client 40, noise level: 0.5355 (0.4820), real noise ratio: 0.4883
Client 41, noise level: 0.8109 (0.7298), real noise ratio: 0.7467
Client 42, noise level: 0.8604 (0.7743), real noise ratio: 0.7850
Client 43, noise level: 0.5209 (0.4688), real noise ratio: 0.4267
Client 44, noise level: 0.6976 (0.6279), real noise ratio: 0.6117
Client 45, noise level: 0.5807 (0.5226), real noise ratio: 0.5283
Client 46, noise level: 0.6380 (0.5742), real noise ratio: 0.6050
Client 47, noise level: 0.6133 (0.5519), real noise ratio: 0.5667
Client 48, noise level: 0.6523 (0.5871), real noise ratio: 0.5767
Client 49, noise level: 0.5681 (0.5113), real noise ratio: 0.4817
Client 50, noise level: 0.8471 (0.7624), real noise ratio: 0.7850
Client 51, noise level: 0.5264 (0.4738), real noise ratio: 0.4833
Client 52, noise level: 0.7907 (0.7116), real noise ratio: 0.7167
Client 53, noise level: 0.5899 (0.5309), real noise ratio: 0.5233
Client 54, noise level: 0.7533 (0.6780), real noise ratio: 0.6617
Client 55, noise level: 0.6408 (0.5767), real noise ratio: 0.5500
Client 56, noise level: 0.6850 (0.6165), real noise ratio: 0.6417
Client 57, noise level: 0.7523 (0.6770), real noise ratio: 0.6700
Client 58, noise level: 0.5612 (0.5050), real noise ratio: 0.5267
Client 59, noise level: 0.5653 (0.5088), real noise ratio: 0.4400
Client 60, noise level: 0.9222 (0.8300), real noise ratio: 0.8250
Client 61, noise level: 0.6961 (0.6265), real noise ratio: 0.6383
Client 62, noise level: 0.5848 (0.5263), real noise ratio: 0.5383
Client 63, noise level: 0.9006 (0.8105), real noise ratio: 0.8017
Client 64, noise level: 0.9551 (0.8596), real noise ratio: 0.8717
Client 65, noise level: 0.9148 (0.8233), real noise ratio: 0.8167
Client 66, noise level: 0.8570 (0.7713), real noise ratio: 0.7833
Client 67, noise level: 0.5497 (0.4947), real noise ratio: 0.5100
Client 68, noise level: 0.9567 (0.8610), real noise ratio: 0.8400
Client 69, noise level: 0.7890 (0.7101), real noise ratio: 0.7333
Client 70, noise level: 0.9501 (0.8551), real noise ratio: 0.8367
Client 71, noise level: 0.7818 (0.7036), real noise ratio: 0.7100
Client 72, noise level: 0.5049 (0.4544), real noise ratio: 0.4733
Client 73, noise level: 0.9971 (0.8974), real noise ratio: 0.9100
Client 74, noise level: 0.5662 (0.5096), real noise ratio: 0.5083
Client 75, noise level: 0.8463 (0.7617), real noise ratio: 0.7767
Client 76, noise level: 0.6671 (0.6004), real noise ratio: 0.6067
Client 77, noise level: 0.5901 (0.5311), real noise ratio: 0.5450
Client 78, noise level: 0.5703 (0.5133), real noise ratio: 0.5167
Client 79, noise level: 0.8346 (0.7512), real noise ratio: 0.7783
Client 80, noise level: 0.6519 (0.5867), real noise ratio: 0.5617
Client 81, noise level: 0.8068 (0.7261), real noise ratio: 0.6950
Client 82, noise level: 0.9678 (0.8710), real noise ratio: 0.8700
Client 83, noise level: 0.6015 (0.5413), real noise ratio: 0.5417
Client 84, noise level: 0.5598 (0.5038), real noise ratio: 0.4900
Client 85, noise level: 0.6961 (0.6265), real noise ratio: 0.6083
Client 86, noise level: 0.8473 (0.7625), real noise ratio: 0.8083
Client 87, noise level: 0.9725 (0.8752), real noise ratio: 0.8883
Client 88, noise level: 0.5817 (0.5235), real noise ratio: 0.5150
Client 89, noise level: 0.7294 (0.6564), real noise ratio: 0.6033
Client 90, noise level: 0.6394 (0.5755), real noise ratio: 0.5450
Client 91, noise level: 0.6023 (0.5421), real noise ratio: 0.5217
Client 92, noise level: 0.6542 (0.5888), real noise ratio: 0.5900
Client 93, noise level: 0.8978 (0.8080), real noise ratio: 0.7967
Client 94, noise level: 0.5464 (0.4918), real noise ratio: 0.5300
Client 95, noise level: 0.9345 (0.8411), real noise ratio: 0.8333
Client 96, noise level: 0.9169 (0.8252), real noise ratio: 0.8017
Client 97, noise level: 0.8409 (0.7568), real noise ratio: 0.7300
Client 98, noise level: 0.6479 (0.5831), real noise ratio: 0.5650
Client 99, noise level: 0.5831 (0.5248), real noise ratio: 0.5417
Round 0 global test acc  48.1000
Round 1 global test acc  67.6000
Round 2 global test acc  70.0300
Round 3 global test acc  76.5800
Round 4 global test acc  81.7400
Round 5 global test acc  81.7900
Round 6 global test acc  80.0400
Round 7 global test acc  81.5700
Round 8 global test acc  84.3100
Round 9 global test acc  85.0700
Round 10 global test acc  86.7300
Round 11 global test acc  29.0500
Round 12 global test acc  13.3800
Round 13 global test acc  17.0100
Round 14 global test acc  18.3600
Round 15 global test acc  19.2100
Round 16 global test acc  23.2200
Round 17 global test acc  22.6200
Round 18 global test acc  18.4600
Round 19 global test acc  23.6300
Round 20 global test acc  17.3300
Round 21 global test acc  19.0200
Round 22 global test acc  35.8700
Round 23 global test acc  21.0900
Round 24 global test acc  19.7000
Round 25 global test acc  36.5700
Round 26 global test acc  14.7800
Round 27 global test acc  19.0200
Round 28 global test acc  30.6800
Round 29 global test acc  15.1200
Round 30 global test acc  34.9900
Round 31 global test acc  30.5000
Round 32 global test acc  15.6000
Round 33 global test acc  17.3100
Round 34 global test acc  15.7300
Round 35 global test acc  20.7100
Round 36 global test acc  32.2700
Round 37 global test acc  17.5400
Round 38 global test acc  19.1200
Round 39 global test acc  14.6800
Round 40 global test acc  33.3100
Round 41 global test acc  26.4100
Round 42 global test acc  27.6700
Round 43 global test acc  29.7200
Round 44 global test acc  35.3800
Round 45 global test acc  26.1200
Round 46 global test acc  29.8400
Round 47 global test acc  11.3600
Round 48 global test acc  11.9800
Round 49 global test acc  20.1900
Round 50 global test acc  14.0300
Round 51 global test acc  29.9700
Round 52 global test acc  21.1000
Round 53 global test acc  23.5100
Round 54 global test acc  21.1400
Round 55 global test acc  17.5800
Round 56 global test acc  11.3500
Round 57 global test acc  21.3900
Round 58 global test acc  21.2500
Round 59 global test acc  19.9900
Round 60 global test acc  28.0400
Round 61 global test acc  23.7900
Round 62 global test acc  11.4000
Round 63 global test acc  24.8400
Round 64 global test acc  18.3600
Round 65 global test acc  24.6000
Round 66 global test acc  22.2400
Round 67 global test acc  36.5500
Round 68 global test acc  28.5300
Round 69 global test acc  28.8300
Round 70 global test acc  27.3700
Round 71 global test acc  21.2000
Round 72 global test acc  31.5600
Round 73 global test acc  47.3800
Round 74 global test acc  28.9100
Round 75 global test acc  16.5700
Round 76 global test acc  25.3000
Round 77 global test acc  18.7800
Round 78 global test acc  22.7600
Round 79 global test acc  31.7200
Round 80 global test acc  20.8100
Round 81 global test acc  32.3300
Round 82 global test acc  27.8000
Round 83 global test acc  19.9900
Round 84 global test acc  22.1800
Round 85 global test acc  11.7300
Round 86 global test acc  24.4600
Round 87 global test acc  28.0500
Round 88 global test acc  34.4100
Round 89 global test acc  25.4300
Round 90 global test acc  21.3200
Round 91 global test acc  37.6100
Round 92 global test acc  17.5100
Round 93 global test acc  20.7700
Round 94 global test acc  26.2200
Round 95 global test acc  15.5500
Round 96 global test acc  12.2400
Round 97 global test acc  41.2100
Round 98 global test acc  26.5700
Round 99 global test acc  18.8700
Round 100 global test acc  27.7400
Round 101 global test acc  25.6300
Round 102 global test acc  28.4300
Round 103 global test acc  20.5200
Round 104 global test acc  22.8200
Round 105 global test acc  26.9900
Round 106 global test acc  16.6400
Round 107 global test acc  21.4200
Round 108 global test acc  24.8400
Round 109 global test acc  14.7800
Round 110 global test acc  30.4200
Round 111 global test acc  12.9400
Round 112 global test acc  25.0000
Round 113 global test acc  22.1500
Round 114 global test acc  19.0800
Round 115 global test acc  11.4500
Round 116 global test acc  22.6900
Round 117 global test acc  22.2300
Round 118 global test acc  28.1700
Round 119 global test acc  28.3900
Round 120 global test acc  24.7000
Round 121 global test acc  21.2800
Round 122 global test acc  22.6100
Round 123 global test acc  30.2800
Round 124 global test acc  20.7200
Round 125 global test acc  20.6200
Round 126 global test acc  19.9500
Round 127 global test acc  21.3500
Round 128 global test acc  32.6700
Round 129 global test acc  24.0300
Round 130 global test acc  33.7300
Round 131 global test acc  24.3200
Round 132 global test acc  23.1900
Round 133 global test acc  33.3100
Round 134 global test acc  21.1800
Round 135 global test acc  25.9300
Round 136 global test acc  21.3900
Round 137 global test acc  26.6100
Round 138 global test acc  33.1700
Round 139 global test acc  11.3600
Round 140 global test acc  22.4100
Round 141 global test acc  30.4300
Round 142 global test acc  17.3900
Round 143 global test acc  27.1300
Round 144 global test acc  29.8000
Round 145 global test acc  28.8700
Round 146 global test acc  21.6800
Round 147 global test acc  19.1800
Round 148 global test acc  37.1700
Round 149 global test acc  26.8800
Round 150 global test acc  11.6200
Round 151 global test acc  23.5900
Round 152 global test acc  21.5200
Round 153 global test acc  12.9300
Round 154 global test acc  36.0400
Round 155 global test acc  26.2400
Round 156 global test acc  21.2000
Round 157 global test acc  30.6000
Round 158 global test acc  30.7800
Round 159 global test acc  28.1700
Round 160 global test acc  30.7800
Round 161 global test acc  30.1700
Round 162 global test acc  23.6600
Round 163 global test acc  30.0300
Round 164 global test acc  17.3800
Round 165 global test acc  25.5000
Round 166 global test acc  16.8300
Round 167 global test acc  11.4900
Round 168 global test acc  17.0800
Round 169 global test acc  33.8300
Round 170 global test acc  23.6100
Round 171 global test acc  22.0900
Round 172 global test acc  26.0100
Round 173 global test acc  15.9100
Round 174 global test acc  34.5200
Round 175 global test acc  39.3000
Round 176 global test acc  26.2100
Round 177 global test acc  30.5000
Round 178 global test acc  28.7200
Round 179 global test acc  23.5500
Round 180 global test acc  14.9600
Round 181 global test acc  27.7200
Round 182 global test acc  30.7700
Round 183 global test acc  11.8600
Round 184 global test acc  21.9700
Round 185 global test acc  29.1000
Round 186 global test acc  20.8500
Round 187 global test acc  27.6100
Round 188 global test acc  28.3500
Round 189 global test acc  28.4100
Round 190 global test acc  17.8800
Round 191 global test acc  29.5700
Round 192 global test acc  26.2400
Round 193 global test acc  36.3800
Round 194 global test acc  27.7000
Round 195 global test acc  36.5200
Round 196 global test acc  25.7300
Round 197 global test acc  29.5300
Round 198 global test acc  19.3100
Round 199 global test acc  36.1200
time : 7842.323871612549
('algorithm', 'LocalCORES')
('gpu', 1)
('seed', 13)
('save_dir', './record/')
('rounds2', 200)
('local_ep', 5)
('frac2', 0.1)
('num_users', 100)
('local_bs', 32)
('lr', 0.1)
('model', 'lenet')
('num_classes', 10)
('level_n_system', 1.0)
('level_n_lowerb', 0.5)
('alpha_dirichlet', 10)
('non_iid_prob_class', 0.7)
('dataset', 'mnist')
('iid', True)
('LID_k', 20)
('iteration1', 5)
('rounds1', 200)
('frac1', 0.01)
('pretrained', False)
('mixup', False)
('alpha', 1)
('beta', 5)
('relabel_ratio', 0.5)
('confidence_thres', 0.5)
('clean_set_thres', 0.1)
('fine_tuning', True)
('correction', True)
('T_pl', 100)
('lambda_cen', 1.0)
('lambda_e', 0.8)
('num_gradual', 10)
('forget_rate', 0.2)
('lr_decay', 0.1)
('schedule', [])
('momentum', 0.5)
('weight_decay', 0.0001)
('feature_dim', 128)
('plr', 0.05)
('lamda', 15)
('K', 5)
('gamma', 1)
('begin_sel', 10)
('max_beta', 2)
('mu', 0.01)
('device', device(type='cuda', index=1))
Client 0, noise level: 0.8484 (0.7635), real noise ratio: 0.7467
Client 1, noise level: 0.9815 (0.8834), real noise ratio: 0.8850
Client 2, noise level: 0.6389 (0.5750), real noise ratio: 0.5900
Client 3, noise level: 0.6168 (0.5551), real noise ratio: 0.5967
Client 4, noise level: 0.9228 (0.8306), real noise ratio: 0.8500
Client 5, noise level: 0.6121 (0.5509), real noise ratio: 0.5417
Client 6, noise level: 0.8445 (0.7600), real noise ratio: 0.7600
Client 7, noise level: 0.5767 (0.5191), real noise ratio: 0.4783
Client 8, noise level: 0.6018 (0.5416), real noise ratio: 0.5183
Client 9, noise level: 0.5338 (0.4804), real noise ratio: 0.5117
Client 10, noise level: 0.8747 (0.7873), real noise ratio: 0.8050
Client 11, noise level: 0.5900 (0.5310), real noise ratio: 0.5383
Client 12, noise level: 0.5621 (0.5059), real noise ratio: 0.5250
Client 13, noise level: 0.6124 (0.5512), real noise ratio: 0.5683
Client 14, noise level: 0.6397 (0.5758), real noise ratio: 0.5783
Client 15, noise level: 0.5169 (0.4652), real noise ratio: 0.5017
Client 16, noise level: 0.6272 (0.5645), real noise ratio: 0.5783
Client 17, noise level: 0.8344 (0.7510), real noise ratio: 0.7650
Client 18, noise level: 0.8800 (0.7920), real noise ratio: 0.8083
Client 19, noise level: 0.6130 (0.5517), real noise ratio: 0.5383
Client 20, noise level: 0.8059 (0.7253), real noise ratio: 0.7067
Client 21, noise level: 0.9561 (0.8605), real noise ratio: 0.8817
Client 22, noise level: 0.7708 (0.6937), real noise ratio: 0.7067
Client 23, noise level: 0.6870 (0.6183), real noise ratio: 0.6000
Client 24, noise level: 0.5066 (0.4559), real noise ratio: 0.4567
Client 25, noise level: 0.9147 (0.8232), real noise ratio: 0.8483
Client 26, noise level: 0.9083 (0.8175), real noise ratio: 0.8183
Client 27, noise level: 0.5399 (0.4859), real noise ratio: 0.5100
Client 28, noise level: 0.5858 (0.5273), real noise ratio: 0.5200
Client 29, noise level: 0.9191 (0.8272), real noise ratio: 0.8383
Client 30, noise level: 0.7821 (0.7039), real noise ratio: 0.7083
Client 31, noise level: 0.6749 (0.6074), real noise ratio: 0.6167
Client 32, noise level: 0.5725 (0.5153), real noise ratio: 0.4867
Client 33, noise level: 0.5493 (0.4943), real noise ratio: 0.5100
Client 34, noise level: 0.7801 (0.7021), real noise ratio: 0.7133
Client 35, noise level: 0.8550 (0.7695), real noise ratio: 0.7650
Client 36, noise level: 0.9754 (0.8779), real noise ratio: 0.8800
Client 37, noise level: 0.8740 (0.7866), real noise ratio: 0.7883
Client 38, noise level: 0.6861 (0.6175), real noise ratio: 0.6083
Client 39, noise level: 0.8792 (0.7913), real noise ratio: 0.7917
Client 40, noise level: 0.5355 (0.4820), real noise ratio: 0.4883
Client 41, noise level: 0.8109 (0.7298), real noise ratio: 0.7467
Client 42, noise level: 0.8604 (0.7743), real noise ratio: 0.7850
Client 43, noise level: 0.5209 (0.4688), real noise ratio: 0.4267
Client 44, noise level: 0.6976 (0.6279), real noise ratio: 0.6117
Client 45, noise level: 0.5807 (0.5226), real noise ratio: 0.5283
Client 46, noise level: 0.6380 (0.5742), real noise ratio: 0.6050
Client 47, noise level: 0.6133 (0.5519), real noise ratio: 0.5667
Client 48, noise level: 0.6523 (0.5871), real noise ratio: 0.5767
Client 49, noise level: 0.5681 (0.5113), real noise ratio: 0.4817
Client 50, noise level: 0.8471 (0.7624), real noise ratio: 0.7850
Client 51, noise level: 0.5264 (0.4738), real noise ratio: 0.4833
Client 52, noise level: 0.7907 (0.7116), real noise ratio: 0.7167
Client 53, noise level: 0.5899 (0.5309), real noise ratio: 0.5233
Client 54, noise level: 0.7533 (0.6780), real noise ratio: 0.6617
Client 55, noise level: 0.6408 (0.5767), real noise ratio: 0.5500
Client 56, noise level: 0.6850 (0.6165), real noise ratio: 0.6417
Client 57, noise level: 0.7523 (0.6770), real noise ratio: 0.6700
Client 58, noise level: 0.5612 (0.5050), real noise ratio: 0.5267
Client 59, noise level: 0.5653 (0.5088), real noise ratio: 0.4400
Client 60, noise level: 0.9222 (0.8300), real noise ratio: 0.8250
Client 61, noise level: 0.6961 (0.6265), real noise ratio: 0.6383
Client 62, noise level: 0.5848 (0.5263), real noise ratio: 0.5383
Client 63, noise level: 0.9006 (0.8105), real noise ratio: 0.8017
Client 64, noise level: 0.9551 (0.8596), real noise ratio: 0.8717
Client 65, noise level: 0.9148 (0.8233), real noise ratio: 0.8167
Client 66, noise level: 0.8570 (0.7713), real noise ratio: 0.7833
Client 67, noise level: 0.5497 (0.4947), real noise ratio: 0.5100
Client 68, noise level: 0.9567 (0.8610), real noise ratio: 0.8400
Client 69, noise level: 0.7890 (0.7101), real noise ratio: 0.7333
Client 70, noise level: 0.9501 (0.8551), real noise ratio: 0.8367
Client 71, noise level: 0.7818 (0.7036), real noise ratio: 0.7100
Client 72, noise level: 0.5049 (0.4544), real noise ratio: 0.4733
Client 73, noise level: 0.9971 (0.8974), real noise ratio: 0.9100
Client 74, noise level: 0.5662 (0.5096), real noise ratio: 0.5083
Client 75, noise level: 0.8463 (0.7617), real noise ratio: 0.7767
Client 76, noise level: 0.6671 (0.6004), real noise ratio: 0.6067
Client 77, noise level: 0.5901 (0.5311), real noise ratio: 0.5450
Client 78, noise level: 0.5703 (0.5133), real noise ratio: 0.5167
Client 79, noise level: 0.8346 (0.7512), real noise ratio: 0.7783
Client 80, noise level: 0.6519 (0.5867), real noise ratio: 0.5617
Client 81, noise level: 0.8068 (0.7261), real noise ratio: 0.6950
Client 82, noise level: 0.9678 (0.8710), real noise ratio: 0.8700
Client 83, noise level: 0.6015 (0.5413), real noise ratio: 0.5417
Client 84, noise level: 0.5598 (0.5038), real noise ratio: 0.4900
Client 85, noise level: 0.6961 (0.6265), real noise ratio: 0.6083
Client 86, noise level: 0.8473 (0.7625), real noise ratio: 0.8083
Client 87, noise level: 0.9725 (0.8752), real noise ratio: 0.8883
Client 88, noise level: 0.5817 (0.5235), real noise ratio: 0.5150
Client 89, noise level: 0.7294 (0.6564), real noise ratio: 0.6033
Client 90, noise level: 0.6394 (0.5755), real noise ratio: 0.5450
Client 91, noise level: 0.6023 (0.5421), real noise ratio: 0.5217
Client 92, noise level: 0.6542 (0.5888), real noise ratio: 0.5900
Client 93, noise level: 0.8978 (0.8080), real noise ratio: 0.7967
Client 94, noise level: 0.5464 (0.4918), real noise ratio: 0.5300
Client 95, noise level: 0.9345 (0.8411), real noise ratio: 0.8333
Client 96, noise level: 0.9169 (0.8252), real noise ratio: 0.8017
Client 97, noise level: 0.8409 (0.7568), real noise ratio: 0.7300
Client 98, noise level: 0.6479 (0.5831), real noise ratio: 0.5650
Client 99, noise level: 0.5831 (0.5248), real noise ratio: 0.5417
Round 0 global test acc  48.1000
Round 1 global test acc  67.6000
Round 2 global test acc  70.0300
Round 3 global test acc  76.5800
Round 4 global test acc  81.7400
Round 5 global test acc  81.7900
Round 6 global test acc  80.0400
Round 7 global test acc  81.5700
Round 8 global test acc  84.3100
Round 9 global test acc  85.0700
Round 10 global test acc  86.7300
Round 11 global test acc  29.0500
Round 12 global test acc  13.3800
Round 13 global test acc  17.0100
Round 14 global test acc  18.3600
Round 15 global test acc  19.2100
Round 16 global test acc  23.2200
Round 17 global test acc  22.6200
Round 18 global test acc  18.4600
Round 19 global test acc  23.6300
Round 20 global test acc  17.3300
Round 21 global test acc  19.0200
Round 22 global test acc  35.8700
Round 23 global test acc  21.0900
Round 24 global test acc  19.7000
Round 25 global test acc  36.5700
Round 26 global test acc  14.7800
Round 27 global test acc  19.0200
Round 28 global test acc  30.6800
Round 29 global test acc  15.1200
Round 30 global test acc  34.9900
Round 31 global test acc  30.5000
Round 32 global test acc  15.6000
Round 33 global test acc  17.3100
Round 34 global test acc  15.7300
Round 35 global test acc  20.7100
Round 36 global test acc  32.2700
Round 37 global test acc  17.5400
Round 38 global test acc  19.1200
Round 39 global test acc  14.6800
Round 40 global test acc  33.3100
Round 41 global test acc  26.4100
Round 42 global test acc  27.6700
Round 43 global test acc  29.7200
Round 44 global test acc  35.3800
Round 45 global test acc  26.1200
Round 46 global test acc  29.8400
Round 47 global test acc  11.3600
Round 48 global test acc  11.9800
Round 49 global test acc  20.1900
Round 50 global test acc  14.0300
Round 51 global test acc  29.9700
Round 52 global test acc  21.1000
Round 53 global test acc  23.5100
Round 54 global test acc  21.1400
Round 55 global test acc  17.5800
Round 56 global test acc  11.3500
Round 57 global test acc  21.3900
Round 58 global test acc  21.2500
Round 59 global test acc  19.9900
Round 60 global test acc  28.0400
Round 61 global test acc  23.7900
Round 62 global test acc  11.4000
Round 63 global test acc  24.8400
Round 64 global test acc  18.3600
Round 65 global test acc  24.6000
Round 66 global test acc  22.2400
Round 67 global test acc  36.5500
Round 68 global test acc  28.5300
Round 69 global test acc  28.8300
Round 70 global test acc  27.3700
Round 71 global test acc  21.2000
Round 72 global test acc  31.5600
Round 73 global test acc  47.3800
Round 74 global test acc  28.9100
Round 75 global test acc  16.5700
Round 76 global test acc  25.3000
Round 77 global test acc  18.7800
Round 78 global test acc  22.7600
Round 79 global test acc  31.7200
Round 80 global test acc  20.8100
Round 81 global test acc  32.3300
Round 82 global test acc  27.8000
Round 83 global test acc  19.9900
Round 84 global test acc  22.1800
Round 85 global test acc  11.7300
Round 86 global test acc  24.4600
Round 87 global test acc  28.0500
Round 88 global test acc  34.4100
Round 89 global test acc  25.4300
Round 90 global test acc  21.3200
Round 91 global test acc  37.6100
Round 92 global test acc  17.5100
Round 93 global test acc  20.7700
Round 94 global test acc  26.2200
Round 95 global test acc  15.5500
Round 96 global test acc  12.2400
Round 97 global test acc  41.2100
Round 98 global test acc  26.5700
Round 99 global test acc  18.8700
Round 100 global test acc  27.7400
Round 101 global test acc  25.6300
Round 102 global test acc  28.4300
Round 103 global test acc  20.5200
Round 104 global test acc  22.8200
Round 105 global test acc  26.9900
Round 106 global test acc  16.6400
Round 107 global test acc  21.4200
Round 108 global test acc  24.8400
Round 109 global test acc  14.7800
Round 110 global test acc  30.4200
Round 111 global test acc  12.9400
Round 112 global test acc  25.0000
Round 113 global test acc  22.1500
Round 114 global test acc  19.0800
Round 115 global test acc  11.4500
Round 116 global test acc  22.6900
Round 117 global test acc  22.2300
Round 118 global test acc  28.1700
Round 119 global test acc  28.3900
Round 120 global test acc  24.7000
Round 121 global test acc  21.2800
Round 122 global test acc  22.6100
Round 123 global test acc  30.2800
Round 124 global test acc  20.7200
Round 125 global test acc  20.6200
Round 126 global test acc  19.9500
Round 127 global test acc  21.3500
Round 128 global test acc  32.6700
Round 129 global test acc  24.0300
Round 130 global test acc  33.7300
Round 131 global test acc  24.3200
Round 132 global test acc  23.1900
Round 133 global test acc  33.3100
Round 134 global test acc  21.1800
Round 135 global test acc  25.9300
Round 136 global test acc  21.3900
Round 137 global test acc  26.6100
Round 138 global test acc  33.1700
Round 139 global test acc  11.3600
Round 140 global test acc  22.4100
Round 141 global test acc  30.4300
Round 142 global test acc  17.3900
Round 143 global test acc  27.1300
Round 144 global test acc  29.8000
Round 145 global test acc  28.8700
Round 146 global test acc  21.6800
Round 147 global test acc  19.1800
Round 148 global test acc  37.1700
Round 149 global test acc  26.8800
Round 150 global test acc  11.6200
Round 151 global test acc  23.5900
Round 152 global test acc  21.5200
Round 153 global test acc  12.9300
Round 154 global test acc  36.0400
Round 155 global test acc  26.2400
Round 156 global test acc  21.2000
Round 157 global test acc  30.6000
Round 158 global test acc  30.7800
Round 159 global test acc  28.1700
Round 160 global test acc  30.7800
Round 161 global test acc  30.1700
Round 162 global test acc  23.6600
Round 163 global test acc  30.0300
Round 164 global test acc  17.3800
Round 165 global test acc  25.5000
Round 166 global test acc  16.8300
Round 167 global test acc  11.4900
Round 168 global test acc  17.0800
Round 169 global test acc  33.8300
Round 170 global test acc  23.6100
Round 171 global test acc  22.0900
Round 172 global test acc  26.0100
Round 173 global test acc  15.9100
Round 174 global test acc  34.5200
Round 175 global test acc  39.3000
Round 176 global test acc  26.2100
Round 177 global test acc  30.5000
Round 178 global test acc  28.7200
Round 179 global test acc  23.5500
Round 180 global test acc  14.9600
Round 181 global test acc  27.7200
Round 182 global test acc  30.7700
Round 183 global test acc  11.8600
Round 184 global test acc  21.9700
Round 185 global test acc  29.1000
Round 186 global test acc  20.8500
Round 187 global test acc  27.6100
Round 188 global test acc  28.3500
Round 189 global test acc  28.4100
Round 190 global test acc  17.8800
Round 191 global test acc  29.5700
Round 192 global test acc  26.2400
Round 193 global test acc  36.3800
Round 194 global test acc  27.7000
Round 195 global test acc  36.5200
Round 196 global test acc  25.7300
Round 197 global test acc  29.5300
Round 198 global test acc  19.3100
Round 199 global test acc  36.1200
time : 7981.662458896637
('algorithm', 'LocalCORES')
('gpu', 1)
('seed', 13)
('save_dir', './record/')
('rounds2', 200)
('local_ep', 5)
('frac2', 0.1)
('num_users', 100)
('local_bs', 32)
('lr', 0.1)
('model', 'lenet')
('num_classes', 10)
('level_n_system', 1.0)
('level_n_lowerb', 0.5)
('alpha_dirichlet', 10)
('non_iid_prob_class', 0.7)
('dataset', 'mnist')
('iid', True)
('LID_k', 20)
('iteration1', 5)
('rounds1', 200)
('frac1', 0.01)
('pretrained', False)
('mixup', False)
('alpha', 1)
('beta', 5)
('relabel_ratio', 0.5)
('confidence_thres', 0.5)
('clean_set_thres', 0.1)
('fine_tuning', True)
('correction', True)
('T_pl', 100)
('lambda_cen', 1.0)
('lambda_e', 0.8)
('num_gradual', 10)
('forget_rate', 0.2)
('lr_decay', 0.1)
('schedule', [])
('momentum', 0.5)
('weight_decay', 0.0001)
('feature_dim', 128)
('plr', 0.05)
('lamda', 15)
('K', 5)
('gamma', 1)
('begin_sel', 10)
('max_beta', 2)
('mu', 0.01)
('device', device(type='cuda', index=1))
Client 0, noise level: 0.8484 (0.7635), real noise ratio: 0.7467
Client 1, noise level: 0.9815 (0.8834), real noise ratio: 0.8850
Client 2, noise level: 0.6389 (0.5750), real noise ratio: 0.5900
Client 3, noise level: 0.6168 (0.5551), real noise ratio: 0.5967
Client 4, noise level: 0.9228 (0.8306), real noise ratio: 0.8500
Client 5, noise level: 0.6121 (0.5509), real noise ratio: 0.5417
Client 6, noise level: 0.8445 (0.7600), real noise ratio: 0.7600
Client 7, noise level: 0.5767 (0.5191), real noise ratio: 0.4783
Client 8, noise level: 0.6018 (0.5416), real noise ratio: 0.5183
Client 9, noise level: 0.5338 (0.4804), real noise ratio: 0.5117
Client 10, noise level: 0.8747 (0.7873), real noise ratio: 0.8050
Client 11, noise level: 0.5900 (0.5310), real noise ratio: 0.5383
Client 12, noise level: 0.5621 (0.5059), real noise ratio: 0.5250
Client 13, noise level: 0.6124 (0.5512), real noise ratio: 0.5683
Client 14, noise level: 0.6397 (0.5758), real noise ratio: 0.5783
Client 15, noise level: 0.5169 (0.4652), real noise ratio: 0.5017
Client 16, noise level: 0.6272 (0.5645), real noise ratio: 0.5783
Client 17, noise level: 0.8344 (0.7510), real noise ratio: 0.7650
Client 18, noise level: 0.8800 (0.7920), real noise ratio: 0.8083
Client 19, noise level: 0.6130 (0.5517), real noise ratio: 0.5383
Client 20, noise level: 0.8059 (0.7253), real noise ratio: 0.7067
Client 21, noise level: 0.9561 (0.8605), real noise ratio: 0.8817
Client 22, noise level: 0.7708 (0.6937), real noise ratio: 0.7067
Client 23, noise level: 0.6870 (0.6183), real noise ratio: 0.6000
Client 24, noise level: 0.5066 (0.4559), real noise ratio: 0.4567
Client 25, noise level: 0.9147 (0.8232), real noise ratio: 0.8483
Client 26, noise level: 0.9083 (0.8175), real noise ratio: 0.8183
Client 27, noise level: 0.5399 (0.4859), real noise ratio: 0.5100
Client 28, noise level: 0.5858 (0.5273), real noise ratio: 0.5200
Client 29, noise level: 0.9191 (0.8272), real noise ratio: 0.8383
Client 30, noise level: 0.7821 (0.7039), real noise ratio: 0.7083
Client 31, noise level: 0.6749 (0.6074), real noise ratio: 0.6167
Client 32, noise level: 0.5725 (0.5153), real noise ratio: 0.4867
Client 33, noise level: 0.5493 (0.4943), real noise ratio: 0.5100
Client 34, noise level: 0.7801 (0.7021), real noise ratio: 0.7133
Client 35, noise level: 0.8550 (0.7695), real noise ratio: 0.7650
Client 36, noise level: 0.9754 (0.8779), real noise ratio: 0.8800
Client 37, noise level: 0.8740 (0.7866), real noise ratio: 0.7883
Client 38, noise level: 0.6861 (0.6175), real noise ratio: 0.6083
Client 39, noise level: 0.8792 (0.7913), real noise ratio: 0.7917
Client 40, noise level: 0.5355 (0.4820), real noise ratio: 0.4883
Client 41, noise level: 0.8109 (0.7298), real noise ratio: 0.7467
Client 42, noise level: 0.8604 (0.7743), real noise ratio: 0.7850
Client 43, noise level: 0.5209 (0.4688), real noise ratio: 0.4267
Client 44, noise level: 0.6976 (0.6279), real noise ratio: 0.6117
Client 45, noise level: 0.5807 (0.5226), real noise ratio: 0.5283
Client 46, noise level: 0.6380 (0.5742), real noise ratio: 0.6050
Client 47, noise level: 0.6133 (0.5519), real noise ratio: 0.5667
Client 48, noise level: 0.6523 (0.5871), real noise ratio: 0.5767
Client 49, noise level: 0.5681 (0.5113), real noise ratio: 0.4817
Client 50, noise level: 0.8471 (0.7624), real noise ratio: 0.7850
Client 51, noise level: 0.5264 (0.4738), real noise ratio: 0.4833
Client 52, noise level: 0.7907 (0.7116), real noise ratio: 0.7167
Client 53, noise level: 0.5899 (0.5309), real noise ratio: 0.5233
Client 54, noise level: 0.7533 (0.6780), real noise ratio: 0.6617
Client 55, noise level: 0.6408 (0.5767), real noise ratio: 0.5500
Client 56, noise level: 0.6850 (0.6165), real noise ratio: 0.6417
Client 57, noise level: 0.7523 (0.6770), real noise ratio: 0.6700
Client 58, noise level: 0.5612 (0.5050), real noise ratio: 0.5267
Client 59, noise level: 0.5653 (0.5088), real noise ratio: 0.4400
Client 60, noise level: 0.9222 (0.8300), real noise ratio: 0.8250
Client 61, noise level: 0.6961 (0.6265), real noise ratio: 0.6383
Client 62, noise level: 0.5848 (0.5263), real noise ratio: 0.5383
Client 63, noise level: 0.9006 (0.8105), real noise ratio: 0.8017
Client 64, noise level: 0.9551 (0.8596), real noise ratio: 0.8717
Client 65, noise level: 0.9148 (0.8233), real noise ratio: 0.8167
Client 66, noise level: 0.8570 (0.7713), real noise ratio: 0.7833
Client 67, noise level: 0.5497 (0.4947), real noise ratio: 0.5100
Client 68, noise level: 0.9567 (0.8610), real noise ratio: 0.8400
Client 69, noise level: 0.7890 (0.7101), real noise ratio: 0.7333
Client 70, noise level: 0.9501 (0.8551), real noise ratio: 0.8367
Client 71, noise level: 0.7818 (0.7036), real noise ratio: 0.7100
Client 72, noise level: 0.5049 (0.4544), real noise ratio: 0.4733
Client 73, noise level: 0.9971 (0.8974), real noise ratio: 0.9100
Client 74, noise level: 0.5662 (0.5096), real noise ratio: 0.5083
Client 75, noise level: 0.8463 (0.7617), real noise ratio: 0.7767
Client 76, noise level: 0.6671 (0.6004), real noise ratio: 0.6067
Client 77, noise level: 0.5901 (0.5311), real noise ratio: 0.5450
Client 78, noise level: 0.5703 (0.5133), real noise ratio: 0.5167
Client 79, noise level: 0.8346 (0.7512), real noise ratio: 0.7783
Client 80, noise level: 0.6519 (0.5867), real noise ratio: 0.5617
Client 81, noise level: 0.8068 (0.7261), real noise ratio: 0.6950
Client 82, noise level: 0.9678 (0.8710), real noise ratio: 0.8700
Client 83, noise level: 0.6015 (0.5413), real noise ratio: 0.5417
Client 84, noise level: 0.5598 (0.5038), real noise ratio: 0.4900
Client 85, noise level: 0.6961 (0.6265), real noise ratio: 0.6083
Client 86, noise level: 0.8473 (0.7625), real noise ratio: 0.8083
Client 87, noise level: 0.9725 (0.8752), real noise ratio: 0.8883
Client 88, noise level: 0.5817 (0.5235), real noise ratio: 0.5150
Client 89, noise level: 0.7294 (0.6564), real noise ratio: 0.6033
Client 90, noise level: 0.6394 (0.5755), real noise ratio: 0.5450
Client 91, noise level: 0.6023 (0.5421), real noise ratio: 0.5217
Client 92, noise level: 0.6542 (0.5888), real noise ratio: 0.5900
Client 93, noise level: 0.8978 (0.8080), real noise ratio: 0.7967
Client 94, noise level: 0.5464 (0.4918), real noise ratio: 0.5300
Client 95, noise level: 0.9345 (0.8411), real noise ratio: 0.8333
Client 96, noise level: 0.9169 (0.8252), real noise ratio: 0.8017
Client 97, noise level: 0.8409 (0.7568), real noise ratio: 0.7300
Client 98, noise level: 0.6479 (0.5831), real noise ratio: 0.5650
Client 99, noise level: 0.5831 (0.5248), real noise ratio: 0.5417
Round 0 global test acc  46.8200
Round 1 global test acc  68.8100
Round 2 global test acc  72.1300
Round 3 global test acc  78.8900
Round 4 global test acc  81.9700
Round 5 global test acc  82.5700
Round 6 global test acc  82.1400
Round 7 global test acc  82.4200
Round 8 global test acc  83.3200
Round 9 global test acc  83.6100
Round 10 global test acc  85.0100
Round 11 global test acc  24.3700
Round 12 global test acc  15.3500
Round 13 global test acc  15.0000
Round 14 global test acc  11.3500
Round 15 global test acc  14.1900
Round 16 global test acc  19.0300
Round 17 global test acc  21.4800
Round 18 global test acc  20.5200
Round 19 global test acc  19.0400
Round 20 global test acc  11.3500
Round 21 global test acc  11.5400
Round 22 global test acc  13.5300
Round 23 global test acc  13.3500
Round 24 global test acc  12.9000
Round 25 global test acc  11.3500
Round 26 global test acc  15.7100
Round 27 global test acc  17.9300
Round 28 global test acc  34.2700
Round 29 global test acc  15.9900
Round 30 global test acc  16.0400
Round 31 global test acc  29.1400
Round 32 global test acc  17.5800
Round 33 global test acc  14.1800
Round 34 global test acc  13.2800
Round 35 global test acc  19.0900
Round 36 global test acc  28.9600
Round 37 global test acc  11.9600
Round 38 global test acc  15.8400
Round 39 global test acc  18.4500
Round 40 global test acc  23.4600
Round 41 global test acc  31.0800
Round 42 global test acc  25.9200
Round 43 global test acc  11.7000
Round 44 global test acc  23.2800
Round 45 global test acc  15.6900
Round 46 global test acc  23.2500
Round 47 global test acc  12.6300
Round 48 global test acc  11.3600
Round 49 global test acc  11.3500
Round 50 global test acc  12.0800
Round 51 global test acc  26.4200
Round 52 global test acc  26.7300
Round 53 global test acc  21.2500
Round 54 global test acc  21.0500
Round 55 global test acc  17.4500
Round 56 global test acc  11.5000
Round 57 global test acc  14.7800
Round 58 global test acc  31.6700
Round 59 global test acc  16.9200
Round 60 global test acc  23.0200
Round 61 global test acc  20.4900
Round 62 global test acc  11.3500
Round 63 global test acc  26.6500
Round 64 global test acc  15.2500
Round 65 global test acc  14.8800
Round 66 global test acc  25.4700
Round 67 global test acc  27.3100
Round 68 global test acc  23.1600
Round 69 global test acc  14.5200
Round 70 global test acc  17.2700
Round 71 global test acc  24.4700
Round 72 global test acc  24.1400
Round 73 global test acc  38.4800
Round 74 global test acc  29.7200
Round 75 global test acc  21.3500
Round 76 global test acc  13.1900
Round 77 global test acc  30.2100
Round 78 global test acc  14.3000
Round 79 global test acc  29.7800
Round 80 global test acc  21.5700
Round 81 global test acc  25.5400
Round 82 global test acc  24.0300
Round 83 global test acc  25.1500
Round 84 global test acc  24.3800
Round 85 global test acc  11.3500
Round 86 global test acc  29.1700
Round 87 global test acc  21.6900
Round 88 global test acc  25.1900
Round 89 global test acc  33.1400
Round 90 global test acc  17.2500
Round 91 global test acc  34.6000
Round 92 global test acc  12.2700
Round 93 global test acc  15.7900
Round 94 global test acc  29.8800
Round 95 global test acc  20.3200
Round 96 global test acc  12.8800
Round 97 global test acc  28.7000
Round 98 global test acc  21.9000
Round 99 global test acc  11.3500
Round 100 global test acc  19.2800
Round 101 global test acc  28.7000
Round 102 global test acc  23.2700
Round 103 global test acc  22.7200
Round 104 global test acc  14.6200
Round 105 global test acc  11.9800
Round 106 global test acc  11.9300
Round 107 global test acc  31.2500
Round 108 global test acc  12.0600
Round 109 global test acc  11.3500
Round 110 global test acc  27.9600
Round 111 global test acc  11.3600
Round 112 global test acc  35.8500
Round 113 global test acc  25.4000
Round 114 global test acc  14.8200
Round 115 global test acc  11.3500
Round 116 global test acc  24.8500
Round 117 global test acc  21.9200
Round 118 global test acc  30.4600
Round 119 global test acc  23.5700
Round 120 global test acc  21.3400
Round 121 global test acc  15.2100
Round 122 global test acc  31.7600
Round 123 global test acc  25.8400
Round 124 global test acc  19.7400
Round 125 global test acc  11.6400
Round 126 global test acc  28.4400
Round 127 global test acc  16.6000
Round 128 global test acc  31.3300
Round 129 global test acc  28.8900
Round 130 global test acc  29.3600
Round 131 global test acc  21.2400
Round 132 global test acc  12.5100
Round 133 global test acc  32.8200
Round 134 global test acc  25.8200
Round 135 global test acc  15.8800
Round 136 global test acc  22.7700
Round 137 global test acc  31.5600
Round 138 global test acc  43.9600
Round 139 global test acc  16.1600
Round 140 global test acc  30.7400
Round 141 global test acc  54.8200
Round 142 global test acc  14.7900
Round 143 global test acc  25.6800
Round 144 global test acc  21.5200
Round 145 global test acc  30.7700
Round 146 global test acc  22.6200
Round 147 global test acc  11.3500
Round 148 global test acc  26.4700
Round 149 global test acc  28.5200
Round 150 global test acc  24.8500
Round 151 global test acc  22.7000
Round 152 global test acc  14.3700
Round 153 global test acc  21.2100
Round 154 global test acc  24.6800
Round 155 global test acc  34.3300
Round 156 global test acc  22.3300
Round 157 global test acc  30.6700
Round 158 global test acc  31.1000
Round 159 global test acc  28.2700
Round 160 global test acc  21.6600
Round 161 global test acc  24.8200
Round 162 global test acc  34.4600
Round 163 global test acc  30.8300
Round 164 global test acc  35.1200
Round 165 global test acc  33.4500
Round 166 global test acc  23.5200
Round 167 global test acc  11.3500
Round 168 global test acc  21.5300
Round 169 global test acc  28.0900
Round 170 global test acc  11.4800
Round 171 global test acc  21.1100
Round 172 global test acc  23.0700
Round 173 global test acc  12.0500
Round 174 global test acc  30.2500
Round 175 global test acc  18.8900
Round 176 global test acc  29.9200
Round 177 global test acc  30.4900
Round 178 global test acc  27.9100
Round 179 global test acc  25.8200
Round 180 global test acc  21.1800
Round 181 global test acc  26.7400
Round 182 global test acc  28.2800
Round 183 global test acc  19.1200
Round 184 global test acc  30.5300
Round 185 global test acc  22.0000
Round 186 global test acc  12.7500
Round 187 global test acc  26.1100
Round 188 global test acc  20.9800
Round 189 global test acc  30.8100
Round 190 global test acc  12.3800
Round 191 global test acc  31.0600
Round 192 global test acc  29.7300
Round 193 global test acc  30.6300
Round 194 global test acc  22.2300
Round 195 global test acc  29.5700
Round 196 global test acc  35.2300
Round 197 global test acc  31.1200
Round 198 global test acc  11.8100
Round 199 global test acc  39.0700
time : 6644.099920272827
('algorithm', 'LocalCORES')
('gpu', 1)
('seed', 13)
('save_dir', './record/')
('rounds2', 200)
('local_ep', 5)
('frac2', 0.1)
('num_users', 100)
('local_bs', 32)
('lr', 0.1)
('model', 'lenet')
('num_classes', 10)
('level_n_system', 1.0)
('level_n_lowerb', 0.5)
('alpha_dirichlet', 10)
('non_iid_prob_class', 0.7)
('dataset', 'mnist')
('iid', True)
('LID_k', 20)
('iteration1', 5)
('rounds1', 200)
('frac1', 0.01)
('pretrained', False)
('mixup', False)
('alpha', 1)
('beta', 5)
('relabel_ratio', 0.5)
('confidence_thres', 0.5)
('clean_set_thres', 0.1)
('fine_tuning', True)
('correction', True)
('T_pl', 100)
('lambda_cen', 1.0)
('lambda_e', 0.8)
('num_gradual', 10)
('forget_rate', 0.2)
('lr_decay', 0.1)
('schedule', [])
('momentum', 0.5)
('weight_decay', 0.0001)
('feature_dim', 128)
('plr', 0.05)
('lamda', 15)
('K', 5)
('gamma', 1)
('begin_sel', 10)
('max_beta', 2)
('mu', 0.01)
('device', device(type='cuda', index=1))
Client 0, noise level: 0.8484 (0.7635), real noise ratio: 0.7467
Client 1, noise level: 0.9815 (0.8834), real noise ratio: 0.8850
Client 2, noise level: 0.6389 (0.5750), real noise ratio: 0.5900
Client 3, noise level: 0.6168 (0.5551), real noise ratio: 0.5967
Client 4, noise level: 0.9228 (0.8306), real noise ratio: 0.8500
Client 5, noise level: 0.6121 (0.5509), real noise ratio: 0.5417
Client 6, noise level: 0.8445 (0.7600), real noise ratio: 0.7600
Client 7, noise level: 0.5767 (0.5191), real noise ratio: 0.4783
Client 8, noise level: 0.6018 (0.5416), real noise ratio: 0.5183
Client 9, noise level: 0.5338 (0.4804), real noise ratio: 0.5117
Client 10, noise level: 0.8747 (0.7873), real noise ratio: 0.8050
Client 11, noise level: 0.5900 (0.5310), real noise ratio: 0.5383
Client 12, noise level: 0.5621 (0.5059), real noise ratio: 0.5250
Client 13, noise level: 0.6124 (0.5512), real noise ratio: 0.5683
Client 14, noise level: 0.6397 (0.5758), real noise ratio: 0.5783
Client 15, noise level: 0.5169 (0.4652), real noise ratio: 0.5017
Client 16, noise level: 0.6272 (0.5645), real noise ratio: 0.5783
Client 17, noise level: 0.8344 (0.7510), real noise ratio: 0.7650
Client 18, noise level: 0.8800 (0.7920), real noise ratio: 0.8083
Client 19, noise level: 0.6130 (0.5517), real noise ratio: 0.5383
Client 20, noise level: 0.8059 (0.7253), real noise ratio: 0.7067
Client 21, noise level: 0.9561 (0.8605), real noise ratio: 0.8817
Client 22, noise level: 0.7708 (0.6937), real noise ratio: 0.7067
Client 23, noise level: 0.6870 (0.6183), real noise ratio: 0.6000
Client 24, noise level: 0.5066 (0.4559), real noise ratio: 0.4567
Client 25, noise level: 0.9147 (0.8232), real noise ratio: 0.8483
Client 26, noise level: 0.9083 (0.8175), real noise ratio: 0.8183
Client 27, noise level: 0.5399 (0.4859), real noise ratio: 0.5100
Client 28, noise level: 0.5858 (0.5273), real noise ratio: 0.5200
Client 29, noise level: 0.9191 (0.8272), real noise ratio: 0.8383
Client 30, noise level: 0.7821 (0.7039), real noise ratio: 0.7083
Client 31, noise level: 0.6749 (0.6074), real noise ratio: 0.6167
Client 32, noise level: 0.5725 (0.5153), real noise ratio: 0.4867
Client 33, noise level: 0.5493 (0.4943), real noise ratio: 0.5100
Client 34, noise level: 0.7801 (0.7021), real noise ratio: 0.7133
Client 35, noise level: 0.8550 (0.7695), real noise ratio: 0.7650
Client 36, noise level: 0.9754 (0.8779), real noise ratio: 0.8800
Client 37, noise level: 0.8740 (0.7866), real noise ratio: 0.7883
Client 38, noise level: 0.6861 (0.6175), real noise ratio: 0.6083
Client 39, noise level: 0.8792 (0.7913), real noise ratio: 0.7917
Client 40, noise level: 0.5355 (0.4820), real noise ratio: 0.4883
Client 41, noise level: 0.8109 (0.7298), real noise ratio: 0.7467
Client 42, noise level: 0.8604 (0.7743), real noise ratio: 0.7850
Client 43, noise level: 0.5209 (0.4688), real noise ratio: 0.4267
Client 44, noise level: 0.6976 (0.6279), real noise ratio: 0.6117
Client 45, noise level: 0.5807 (0.5226), real noise ratio: 0.5283
Client 46, noise level: 0.6380 (0.5742), real noise ratio: 0.6050
Client 47, noise level: 0.6133 (0.5519), real noise ratio: 0.5667
Client 48, noise level: 0.6523 (0.5871), real noise ratio: 0.5767
Client 49, noise level: 0.5681 (0.5113), real noise ratio: 0.4817
Client 50, noise level: 0.8471 (0.7624), real noise ratio: 0.7850
Client 51, noise level: 0.5264 (0.4738), real noise ratio: 0.4833
Client 52, noise level: 0.7907 (0.7116), real noise ratio: 0.7167
Client 53, noise level: 0.5899 (0.5309), real noise ratio: 0.5233
Client 54, noise level: 0.7533 (0.6780), real noise ratio: 0.6617
Client 55, noise level: 0.6408 (0.5767), real noise ratio: 0.5500
Client 56, noise level: 0.6850 (0.6165), real noise ratio: 0.6417
Client 57, noise level: 0.7523 (0.6770), real noise ratio: 0.6700
Client 58, noise level: 0.5612 (0.5050), real noise ratio: 0.5267
Client 59, noise level: 0.5653 (0.5088), real noise ratio: 0.4400
Client 60, noise level: 0.9222 (0.8300), real noise ratio: 0.8250
Client 61, noise level: 0.6961 (0.6265), real noise ratio: 0.6383
Client 62, noise level: 0.5848 (0.5263), real noise ratio: 0.5383
Client 63, noise level: 0.9006 (0.8105), real noise ratio: 0.8017
Client 64, noise level: 0.9551 (0.8596), real noise ratio: 0.8717
Client 65, noise level: 0.9148 (0.8233), real noise ratio: 0.8167
Client 66, noise level: 0.8570 (0.7713), real noise ratio: 0.7833
Client 67, noise level: 0.5497 (0.4947), real noise ratio: 0.5100
Client 68, noise level: 0.9567 (0.8610), real noise ratio: 0.8400
Client 69, noise level: 0.7890 (0.7101), real noise ratio: 0.7333
Client 70, noise level: 0.9501 (0.8551), real noise ratio: 0.8367
Client 71, noise level: 0.7818 (0.7036), real noise ratio: 0.7100
Client 72, noise level: 0.5049 (0.4544), real noise ratio: 0.4733
Client 73, noise level: 0.9971 (0.8974), real noise ratio: 0.9100
Client 74, noise level: 0.5662 (0.5096), real noise ratio: 0.5083
Client 75, noise level: 0.8463 (0.7617), real noise ratio: 0.7767
Client 76, noise level: 0.6671 (0.6004), real noise ratio: 0.6067
Client 77, noise level: 0.5901 (0.5311), real noise ratio: 0.5450
Client 78, noise level: 0.5703 (0.5133), real noise ratio: 0.5167
Client 79, noise level: 0.8346 (0.7512), real noise ratio: 0.7783
Client 80, noise level: 0.6519 (0.5867), real noise ratio: 0.5617
Client 81, noise level: 0.8068 (0.7261), real noise ratio: 0.6950
Client 82, noise level: 0.9678 (0.8710), real noise ratio: 0.8700
Client 83, noise level: 0.6015 (0.5413), real noise ratio: 0.5417
Client 84, noise level: 0.5598 (0.5038), real noise ratio: 0.4900
Client 85, noise level: 0.6961 (0.6265), real noise ratio: 0.6083
Client 86, noise level: 0.8473 (0.7625), real noise ratio: 0.8083
Client 87, noise level: 0.9725 (0.8752), real noise ratio: 0.8883
Client 88, noise level: 0.5817 (0.5235), real noise ratio: 0.5150
Client 89, noise level: 0.7294 (0.6564), real noise ratio: 0.6033
Client 90, noise level: 0.6394 (0.5755), real noise ratio: 0.5450
Client 91, noise level: 0.6023 (0.5421), real noise ratio: 0.5217
Client 92, noise level: 0.6542 (0.5888), real noise ratio: 0.5900
Client 93, noise level: 0.8978 (0.8080), real noise ratio: 0.7967
Client 94, noise level: 0.5464 (0.4918), real noise ratio: 0.5300
Client 95, noise level: 0.9345 (0.8411), real noise ratio: 0.8333
Client 96, noise level: 0.9169 (0.8252), real noise ratio: 0.8017
Client 97, noise level: 0.8409 (0.7568), real noise ratio: 0.7300
Client 98, noise level: 0.6479 (0.5831), real noise ratio: 0.5650
Client 99, noise level: 0.5831 (0.5248), real noise ratio: 0.5417
Round 0 global test acc  46.8200
Round 1 global test acc  68.8100
Round 2 global test acc  72.1300
Round 3 global test acc  78.8900
Round 4 global test acc  81.9700
Round 5 global test acc  82.5700
Round 6 global test acc  82.1400
Round 7 global test acc  82.4200
Round 8 global test acc  83.3200
Round 9 global test acc  83.6100
Round 10 global test acc  85.0100
Round 11 global test acc  24.3700
Round 12 global test acc  15.3500
Round 13 global test acc  15.0000
Round 14 global test acc  11.3500
Round 15 global test acc  14.1900
Round 16 global test acc  19.0300
Round 17 global test acc  21.4800
Round 18 global test acc  20.5200
Round 19 global test acc  19.0400
Round 20 global test acc  11.3500
Round 21 global test acc  11.5400
Round 22 global test acc  13.5300
Round 23 global test acc  13.3500
Round 24 global test acc  12.9000
Round 25 global test acc  11.3500
Round 26 global test acc  15.7100
Round 27 global test acc  17.9300
Round 28 global test acc  34.2700
Round 29 global test acc  15.9900
Round 30 global test acc  16.0400
Round 31 global test acc  29.1400
Round 32 global test acc  17.5800
Round 33 global test acc  14.1800
Round 34 global test acc  13.2800
Round 35 global test acc  19.0900
Round 36 global test acc  28.9600
Round 37 global test acc  11.9600
Round 38 global test acc  15.8400
Round 39 global test acc  18.4500
Round 40 global test acc  23.4600
Round 41 global test acc  31.0800
Round 42 global test acc  25.9200
Round 43 global test acc  11.7000
Round 44 global test acc  23.2800
Round 45 global test acc  15.6900
Round 46 global test acc  23.2500
Round 47 global test acc  12.6300
Round 48 global test acc  11.3600
Round 49 global test acc  11.3500
Round 50 global test acc  12.0800
Round 51 global test acc  26.4200
Round 52 global test acc  26.7300
Round 53 global test acc  21.2500
Round 54 global test acc  21.0500
Round 55 global test acc  17.4500
Round 56 global test acc  11.5000
Round 57 global test acc  14.7800
Round 58 global test acc  31.6700
Round 59 global test acc  16.9200
Round 60 global test acc  23.0200
Round 61 global test acc  20.4900
Round 62 global test acc  11.3500
Round 63 global test acc  26.6500
Round 64 global test acc  15.2500
Round 65 global test acc  14.8800
Round 66 global test acc  25.4700
Round 67 global test acc  27.3100
Round 68 global test acc  23.1600
Round 69 global test acc  14.5200
Round 70 global test acc  17.2700
Round 71 global test acc  24.4700
Round 72 global test acc  24.1400
Round 73 global test acc  38.4800
Round 74 global test acc  29.7200
Round 75 global test acc  21.3500
Round 76 global test acc  13.1900
Round 77 global test acc  30.2100
Round 78 global test acc  14.3000
Round 79 global test acc  29.7800
Round 80 global test acc  21.5700
Round 81 global test acc  25.5400
Round 82 global test acc  24.0300
Round 83 global test acc  25.1500
Round 84 global test acc  24.3800
Round 85 global test acc  11.3500
Round 86 global test acc  29.1700
Round 87 global test acc  21.6900
Round 88 global test acc  25.1900
Round 89 global test acc  33.1400
Round 90 global test acc  17.2500
Round 91 global test acc  34.6000
Round 92 global test acc  12.2700
Round 93 global test acc  15.7900
Round 94 global test acc  29.8800
Round 95 global test acc  20.3200
Round 96 global test acc  12.8800
Round 97 global test acc  28.7000
Round 98 global test acc  21.9000
Round 99 global test acc  11.3500
Round 100 global test acc  19.2800
Round 101 global test acc  28.7000
Round 102 global test acc  23.2700
Round 103 global test acc  22.7200
Round 104 global test acc  14.6200
Round 105 global test acc  11.9800
Round 106 global test acc  11.9300
Round 107 global test acc  31.2500
Round 108 global test acc  12.0600
Round 109 global test acc  11.3500
Round 110 global test acc  27.9600
Round 111 global test acc  11.3600
Round 112 global test acc  35.8500
Round 113 global test acc  25.4000
Round 114 global test acc  14.8200
Round 115 global test acc  11.3500
Round 116 global test acc  24.8500
Round 117 global test acc  21.9200
Round 118 global test acc  30.4600
Round 119 global test acc  23.5700
Round 120 global test acc  21.3400
Round 121 global test acc  15.2100
Round 122 global test acc  31.7600
Round 123 global test acc  25.8400
Round 124 global test acc  19.7400
Round 125 global test acc  11.6400
Round 126 global test acc  28.4400
Round 127 global test acc  16.6000
Round 128 global test acc  31.3300
Round 129 global test acc  28.8900
Round 130 global test acc  29.3600
Round 131 global test acc  21.2400
Round 132 global test acc  12.5100
Round 133 global test acc  32.8200
Round 134 global test acc  25.8200
Round 135 global test acc  15.8800
Round 136 global test acc  22.7700
Round 137 global test acc  31.5600
Round 138 global test acc  43.9600
Round 139 global test acc  16.1600
Round 140 global test acc  30.7400
Round 141 global test acc  54.8200
Round 142 global test acc  14.7900
Round 143 global test acc  25.6800
Round 144 global test acc  21.5200
Round 145 global test acc  30.7700
Round 146 global test acc  22.6200
Round 147 global test acc  11.3500
Round 148 global test acc  26.4700
Round 149 global test acc  28.5200
Round 150 global test acc  24.8500
Round 151 global test acc  22.7000
Round 152 global test acc  14.3700
Round 153 global test acc  21.2100
Round 154 global test acc  24.6800
Round 155 global test acc  34.3300
Round 156 global test acc  22.3300
Round 157 global test acc  30.6700
Round 158 global test acc  31.1000
Round 159 global test acc  28.2700
Round 160 global test acc  21.6600
Round 161 global test acc  24.8200
Round 162 global test acc  34.4600
Round 163 global test acc  30.8300
Round 164 global test acc  35.1200
Round 165 global test acc  33.4500
Round 166 global test acc  23.5200
Round 167 global test acc  11.3500
Round 168 global test acc  21.5300
Round 169 global test acc  28.0900
Round 170 global test acc  11.4800
Round 171 global test acc  21.1100
Round 172 global test acc  23.0700
Round 173 global test acc  12.0500
Round 174 global test acc  30.2500
Round 175 global test acc  18.8900
Round 176 global test acc  29.9200
Round 177 global test acc  30.4900
Round 178 global test acc  27.9100
Round 179 global test acc  25.8200
Round 180 global test acc  21.1800
Round 181 global test acc  26.7400
Round 182 global test acc  28.2800
Round 183 global test acc  19.1200
Round 184 global test acc  30.5300
Round 185 global test acc  22.0000
Round 186 global test acc  12.7500
Round 187 global test acc  26.1100
Round 188 global test acc  20.9800
Round 189 global test acc  30.8100
Round 190 global test acc  12.3800
Round 191 global test acc  31.0600
Round 192 global test acc  29.7300
Round 193 global test acc  30.6300
Round 194 global test acc  22.2300
Round 195 global test acc  29.5700
Round 196 global test acc  35.2300
Round 197 global test acc  31.1200
Round 198 global test acc  11.8100
Round 199 global test acc  39.0700
time : 6587.134633541107
