('algorithm', 'RFL')
('gpu', 0)
('seed', 13)
('save_dir', './record/')
('rounds2', 200)
('local_ep', 5)
('frac2', 0.1)
('num_users', 100)
('local_bs', 32)
('lr', 0.1)
('model', 'lenet')
('num_classes', 10)
('level_n_system', 0.5)
('level_n_lowerb', 0.3)
('alpha_dirichlet', 10)
('non_iid_prob_class', 0.5)
('dataset', 'mnist')
('iid', True)
('LID_k', 20)
('iteration1', 5)
('rounds1', 200)
('frac1', 0.01)
('pretrained', False)
('mixup', False)
('alpha', 1)
('beta', 5)
('relabel_ratio', 0.5)
('confidence_thres', 0.5)
('clean_set_thres', 0.1)
('fine_tuning', True)
('correction', True)
('T_pl', 100)
('lambda_cen', 1.0)
('lambda_e', 0.8)
('num_gradual', 10)
('forget_rate', 0.2)
('lr_decay', 0.1)
('schedule', [])
('momentum', 0.5)
('weight_decay', 0.0001)
('feature_dim', 128)
('plr', 0.1)
('lamda', 15)
('K', 1)
('gamma', 1)
('begin_sel', 10)
('max_beta', 2)
('mu', 0.01)
('device', device(type='cuda', index=0))
Client 0, noise level: 0.7877 (0.7089), real noise ratio: 0.7100
Client 2, noise level: 0.4944 (0.4450), real noise ratio: 0.4383
Client 3, noise level: 0.4635 (0.4172), real noise ratio: 0.4250
Client 4, noise level: 0.8920 (0.8028), real noise ratio: 0.8300
Client 6, noise level: 0.7822 (0.7040), real noise ratio: 0.6883
Client 7, noise level: 0.4074 (0.3667), real noise ratio: 0.3583
Client 8, noise level: 0.4425 (0.3983), real noise ratio: 0.3883
Client 9, noise level: 0.3473 (0.3126), real noise ratio: 0.3000
Client 13, noise level: 0.4574 (0.4116), real noise ratio: 0.4017
Client 15, noise level: 0.3237 (0.2913), real noise ratio: 0.2733
Client 20, noise level: 0.7283 (0.6555), real noise ratio: 0.6533
Client 23, noise level: 0.5618 (0.5056), real noise ratio: 0.5233
Client 26, noise level: 0.8716 (0.7844), real noise ratio: 0.7683
Client 27, noise level: 0.3558 (0.3202), real noise ratio: 0.3250
Client 29, noise level: 0.8867 (0.7980), real noise ratio: 0.8017
Client 30, noise level: 0.6949 (0.6254), real noise ratio: 0.6050
Client 32, noise level: 0.4015 (0.3614), real noise ratio: 0.3617
Client 33, noise level: 0.3690 (0.3321), real noise ratio: 0.3200
Client 35, noise level: 0.7970 (0.7173), real noise ratio: 0.7317
Client 38, noise level: 0.5606 (0.5045), real noise ratio: 0.4783
Client 41, noise level: 0.7353 (0.6618), real noise ratio: 0.6850
Client 42, noise level: 0.8045 (0.7240), real noise ratio: 0.6917
Client 47, noise level: 0.4586 (0.4127), real noise ratio: 0.4233
Client 48, noise level: 0.5133 (0.4620), real noise ratio: 0.4667
Client 50, noise level: 0.7860 (0.7074), real noise ratio: 0.6750
Client 51, noise level: 0.3370 (0.3033), real noise ratio: 0.2983
Client 56, noise level: 0.5591 (0.5031), real noise ratio: 0.4833
Client 57, noise level: 0.6532 (0.5879), real noise ratio: 0.5683
Client 59, noise level: 0.3915 (0.3523), real noise ratio: 0.3383
Client 60, noise level: 0.8911 (0.8020), real noise ratio: 0.7717
Client 62, noise level: 0.4187 (0.3768), real noise ratio: 0.4017
Client 67, noise level: 0.3696 (0.3326), real noise ratio: 0.3417
Client 68, noise level: 0.9393 (0.8454), real noise ratio: 0.8667
Client 69, noise level: 0.7046 (0.6341), real noise ratio: 0.6133
Client 72, noise level: 0.3069 (0.2762), real noise ratio: 0.2900
Client 75, noise level: 0.7848 (0.7064), real noise ratio: 0.6717
Client 78, noise level: 0.3984 (0.3586), real noise ratio: 0.3617
Client 79, noise level: 0.7685 (0.6916), real noise ratio: 0.6867
Client 80, noise level: 0.5127 (0.4614), real noise ratio: 0.4517
Client 83, noise level: 0.4420 (0.3978), real noise ratio: 0.4433
Client 88, noise level: 0.4144 (0.3729), real noise ratio: 0.3617
Client 90, noise level: 0.4952 (0.4457), real noise ratio: 0.4367
Client 91, noise level: 0.4432 (0.3989), real noise ratio: 0.4250
Client 94, noise level: 0.3650 (0.3285), real noise ratio: 0.3150
Client 98, noise level: 0.5071 (0.4564), real noise ratio: 0.4767
Client 99, noise level: 0.4163 (0.3747), real noise ratio: 0.3800
LeNet(
  (conv1): Conv2d(1, 6, kernel_size=(5, 5), stride=(1, 1))
  (conv2): Conv2d(6, 16, kernel_size=(5, 5), stride=(1, 1))
  (batch_norm): BatchNorm2d(16, eps=1e-05, momentum=0.1, affine=True, track_running_stats=True)
  (fc1): Linear(in_features=400, out_features=120, bias=True)
  (fc2): Linear(in_features=120, out_features=84, bias=True)
  (fc3): Linear(in_features=84, out_features=10, bias=True)
)
Round 0 global test acc  69.4500
Round 1 global test acc  75.9600
Round 2 global test acc  83.7700
Round 3 global test acc  80.0500
Round 4 global test acc  88.2400
Round 5 global test acc  88.2900
Round 6 global test acc  82.2800
Round 7 global test acc  88.5200
Round 8 global test acc  80.0900
Round 9 global test acc  89.9000
Round 10 global test acc  90.9100
Round 11 global test acc  91.8300
Round 12 global test acc  92.7300
Round 13 global test acc  91.7300
Round 14 global test acc  91.4800
Round 15 global test acc  92.8400
Round 16 global test acc  92.8800
Round 17 global test acc  92.8600
Round 18 global test acc  92.8200
Round 19 global test acc  93.9400
Round 20 global test acc  93.3500
Round 21 global test acc  93.6900
Round 22 global test acc  93.8600
Round 23 global test acc  92.0500
Round 24 global test acc  92.7300
Round 25 global test acc  93.4600
Round 26 global test acc  92.7800
Round 27 global test acc  94.4200
Round 28 global test acc  94.1600
Round 29 global test acc  94.3300
Round 30 global test acc  94.5000
Round 31 global test acc  94.6500
Round 32 global test acc  94.7400
Round 33 global test acc  94.5800
Round 34 global test acc  94.7100
Round 35 global test acc  94.4700
Round 36 global test acc  94.9400
Round 37 global test acc  94.8600
Round 38 global test acc  94.8400
Round 39 global test acc  95.0100
Round 40 global test acc  95.4800
Round 41 global test acc  95.5100
Round 42 global test acc  94.5300
Round 43 global test acc  95.2700
Round 44 global test acc  94.6700
Round 45 global test acc  95.4000
Round 46 global test acc  95.5800
Round 47 global test acc  95.4900
Round 48 global test acc  95.6300
Round 49 global test acc  95.1600
Round 50 global test acc  95.0300
Round 51 global test acc  95.4400
Round 52 global test acc  95.5400
Round 53 global test acc  95.8500
Round 54 global test acc  95.6300
Round 55 global test acc  95.4700
Round 56 global test acc  95.8400
Round 57 global test acc  95.7100
Round 58 global test acc  95.7300
Round 59 global test acc  95.9600
Round 60 global test acc  95.7400
Round 61 global test acc  95.8700
Round 62 global test acc  95.9500
Round 63 global test acc  95.8200
Round 64 global test acc  95.7200
Round 65 global test acc  95.6600
Round 66 global test acc  96.0700
Round 67 global test acc  95.9100
Round 68 global test acc  95.8900
Round 69 global test acc  95.9400
Round 70 global test acc  95.9500
Round 71 global test acc  96.2300
Round 72 global test acc  95.9400
Round 73 global test acc  95.9700
Round 74 global test acc  96.0000
Round 75 global test acc  96.0900
Round 76 global test acc  96.2900
Round 77 global test acc  96.1400
Round 78 global test acc  96.0300
Round 79 global test acc  96.3700
Round 80 global test acc  96.2500
Round 81 global test acc  96.4000
Round 82 global test acc  96.2800
Round 83 global test acc  96.3300
Round 84 global test acc  96.5400
Round 85 global test acc  96.0000
Round 86 global test acc  96.2600
Round 87 global test acc  96.3600
Round 88 global test acc  96.2800
Round 89 global test acc  96.1400
Round 90 global test acc  96.4000
Round 91 global test acc  96.4600
Round 92 global test acc  96.6600
Round 93 global test acc  96.3400
Round 94 global test acc  96.5900
Round 95 global test acc  96.4100
Round 96 global test acc  96.2900
Round 97 global test acc  96.3700
Round 98 global test acc  96.2800
Round 99 global test acc  96.3300
Round 100 global test acc  96.1000
Round 101 global test acc  96.0500
Round 102 global test acc  96.0500
Round 103 global test acc  95.9400
Round 104 global test acc  96.2000
Round 105 global test acc  96.2000
Round 106 global test acc  96.1500
Round 107 global test acc  95.9600
Round 108 global test acc  95.9100
Round 109 global test acc  96.0200
Round 110 global test acc  96.2500
Round 111 global test acc  96.1900
Round 112 global test acc  96.0800
Round 113 global test acc  96.0900
Round 114 global test acc  96.2700
Round 115 global test acc  96.1600
Round 116 global test acc  96.0400
Round 117 global test acc  96.4000
Round 118 global test acc  96.2500
Round 119 global test acc  96.3500
Round 120 global test acc  96.1900
Round 121 global test acc  96.3600
Round 122 global test acc  96.3300
Round 123 global test acc  96.2200
Round 124 global test acc  96.3900
Round 125 global test acc  96.4600
Round 126 global test acc  96.3400
Round 127 global test acc  96.2500
Round 128 global test acc  96.1900
Round 129 global test acc  96.4000
Round 130 global test acc  96.2200
Round 131 global test acc  96.2200
Round 132 global test acc  96.2800
Round 133 global test acc  95.8700
Round 134 global test acc  95.6300
Round 135 global test acc  95.7700
Round 136 global test acc  95.9200
Round 137 global test acc  96.0400
Round 138 global test acc  96.1300
Round 139 global test acc  96.1200
Round 140 global test acc  96.3500
Round 141 global test acc  96.1600
Round 142 global test acc  96.2600
Round 143 global test acc  96.1300
Round 144 global test acc  95.8900
Round 145 global test acc  96.2200
Round 146 global test acc  96.0700
Round 147 global test acc  95.9200
Round 148 global test acc  95.8800
Round 149 global test acc  96.3200
Round 150 global test acc  96.3300
Round 151 global test acc  96.2500
Round 152 global test acc  96.3100
Round 153 global test acc  96.3100
Round 154 global test acc  96.2300
Round 155 global test acc  96.3300
Round 156 global test acc  96.3000
Round 157 global test acc  96.3600
Round 158 global test acc  96.2400
Round 159 global test acc  96.2900
Round 160 global test acc  96.2500
Round 161 global test acc  96.2800
Round 162 global test acc  96.3400
Round 163 global test acc  96.2200
Round 164 global test acc  96.2800
Round 165 global test acc  96.3200
Round 166 global test acc  96.2200
Round 167 global test acc  96.4200
Round 168 global test acc  96.5100
Round 169 global test acc  96.6900
Round 170 global test acc  96.4800
Round 171 global test acc  96.7100
Round 172 global test acc  96.5200
Round 173 global test acc  96.6200
Round 174 global test acc  96.5900
Round 175 global test acc  96.6200
Round 176 global test acc  96.4300
Round 177 global test acc  96.4900
Round 178 global test acc  96.3700
Round 179 global test acc  96.2700
Round 180 global test acc  96.3300
Round 181 global test acc  96.2800
Round 182 global test acc  96.3300
Round 183 global test acc  96.3600
Round 184 global test acc  96.4800
Round 185 global test acc  96.5300
Round 186 global test acc  96.6200
Round 187 global test acc  96.6000
Round 188 global test acc  96.5200
Round 189 global test acc  96.4100
Round 190 global test acc  96.4200
Round 191 global test acc  96.4900
Round 192 global test acc  96.4800
Round 193 global test acc  96.5500
Round 194 global test acc  96.5900
Round 195 global test acc  96.5000
Round 196 global test acc  96.8000
Round 197 global test acc  96.9000
Round 198 global test acc  96.8500
Round 199 global test acc  96.5400
time : 11979.954932451248
('algorithm', 'RFL')
('gpu', 0)
('seed', 13)
('save_dir', './record/')
('rounds2', 200)
('local_ep', 5)
('frac2', 0.1)
('num_users', 100)
('local_bs', 32)
('lr', 0.1)
('model', 'lenet')
('num_classes', 10)
('level_n_system', 0.5)
('level_n_lowerb', 0.3)
('alpha_dirichlet', 10)
('non_iid_prob_class', 0.5)
('dataset', 'mnist')
('iid', True)
('LID_k', 20)
('iteration1', 5)
('rounds1', 200)
('frac1', 0.01)
('pretrained', False)
('mixup', False)
('alpha', 1)
('beta', 5)
('relabel_ratio', 0.5)
('confidence_thres', 0.5)
('clean_set_thres', 0.1)
('fine_tuning', True)
('correction', True)
('T_pl', 100)
('lambda_cen', 1.0)
('lambda_e', 0.8)
('num_gradual', 10)
('forget_rate', 0.2)
('lr_decay', 0.1)
('schedule', [])
('momentum', 0.5)
('weight_decay', 0.0001)
('feature_dim', 128)
('plr', 0.1)
('lamda', 15)
('K', 1)
('gamma', 1)
('begin_sel', 10)
('max_beta', 2)
('mu', 0.01)
('device', device(type='cuda', index=0))
Client 0, noise level: 0.7877 (0.7089), real noise ratio: 0.7100
Client 2, noise level: 0.4944 (0.4450), real noise ratio: 0.4383
Client 3, noise level: 0.4635 (0.4172), real noise ratio: 0.4250
Client 4, noise level: 0.8920 (0.8028), real noise ratio: 0.8300
Client 6, noise level: 0.7822 (0.7040), real noise ratio: 0.6883
Client 7, noise level: 0.4074 (0.3667), real noise ratio: 0.3583
Client 8, noise level: 0.4425 (0.3983), real noise ratio: 0.3883
Client 9, noise level: 0.3473 (0.3126), real noise ratio: 0.3000
Client 13, noise level: 0.4574 (0.4116), real noise ratio: 0.4017
Client 15, noise level: 0.3237 (0.2913), real noise ratio: 0.2733
Client 20, noise level: 0.7283 (0.6555), real noise ratio: 0.6533
Client 23, noise level: 0.5618 (0.5056), real noise ratio: 0.5233
Client 26, noise level: 0.8716 (0.7844), real noise ratio: 0.7683
Client 27, noise level: 0.3558 (0.3202), real noise ratio: 0.3250
Client 29, noise level: 0.8867 (0.7980), real noise ratio: 0.8017
Client 30, noise level: 0.6949 (0.6254), real noise ratio: 0.6050
Client 32, noise level: 0.4015 (0.3614), real noise ratio: 0.3617
Client 33, noise level: 0.3690 (0.3321), real noise ratio: 0.3200
Client 35, noise level: 0.7970 (0.7173), real noise ratio: 0.7317
Client 38, noise level: 0.5606 (0.5045), real noise ratio: 0.4783
Client 41, noise level: 0.7353 (0.6618), real noise ratio: 0.6850
Client 42, noise level: 0.8045 (0.7240), real noise ratio: 0.6917
Client 47, noise level: 0.4586 (0.4127), real noise ratio: 0.4233
Client 48, noise level: 0.5133 (0.4620), real noise ratio: 0.4667
Client 50, noise level: 0.7860 (0.7074), real noise ratio: 0.6750
Client 51, noise level: 0.3370 (0.3033), real noise ratio: 0.2983
Client 56, noise level: 0.5591 (0.5031), real noise ratio: 0.4833
Client 57, noise level: 0.6532 (0.5879), real noise ratio: 0.5683
Client 59, noise level: 0.3915 (0.3523), real noise ratio: 0.3383
Client 60, noise level: 0.8911 (0.8020), real noise ratio: 0.7717
Client 62, noise level: 0.4187 (0.3768), real noise ratio: 0.4017
Client 67, noise level: 0.3696 (0.3326), real noise ratio: 0.3417
Client 68, noise level: 0.9393 (0.8454), real noise ratio: 0.8667
Client 69, noise level: 0.7046 (0.6341), real noise ratio: 0.6133
Client 72, noise level: 0.3069 (0.2762), real noise ratio: 0.2900
Client 75, noise level: 0.7848 (0.7064), real noise ratio: 0.6717
Client 78, noise level: 0.3984 (0.3586), real noise ratio: 0.3617
Client 79, noise level: 0.7685 (0.6916), real noise ratio: 0.6867
Client 80, noise level: 0.5127 (0.4614), real noise ratio: 0.4517
Client 83, noise level: 0.4420 (0.3978), real noise ratio: 0.4433
Client 88, noise level: 0.4144 (0.3729), real noise ratio: 0.3617
Client 90, noise level: 0.4952 (0.4457), real noise ratio: 0.4367
Client 91, noise level: 0.4432 (0.3989), real noise ratio: 0.4250
Client 94, noise level: 0.3650 (0.3285), real noise ratio: 0.3150
Client 98, noise level: 0.5071 (0.4564), real noise ratio: 0.4767
Client 99, noise level: 0.4163 (0.3747), real noise ratio: 0.3800
LeNet(
  (conv1): Conv2d(1, 6, kernel_size=(5, 5), stride=(1, 1))
  (conv2): Conv2d(6, 16, kernel_size=(5, 5), stride=(1, 1))
  (batch_norm): BatchNorm2d(16, eps=1e-05, momentum=0.1, affine=True, track_running_stats=True)
  (fc1): Linear(in_features=400, out_features=120, bias=True)
  (fc2): Linear(in_features=120, out_features=84, bias=True)
  (fc3): Linear(in_features=84, out_features=10, bias=True)
)
Round 0 global test acc  68.7000
Round 1 global test acc  76.7200
Round 2 global test acc  84.0800
Round 3 global test acc  86.4300
Round 4 global test acc  82.6000
Round 5 global test acc  88.1000
Round 6 global test acc  85.8000
Round 7 global test acc  84.4800
Round 8 global test acc  72.4100
Round 9 global test acc  86.3900
Round 10 global test acc  90.1700
Round 11 global test acc  91.2300
Round 12 global test acc  91.8700
Round 13 global test acc  91.1400
Round 14 global test acc  91.8700
Round 15 global test acc  93.0200
Round 16 global test acc  91.9800
Round 17 global test acc  92.6500
Round 18 global test acc  93.5700
Round 19 global test acc  93.8100
Round 20 global test acc  92.5500
Round 21 global test acc  92.7900
Round 22 global test acc  93.4500
Round 23 global test acc  93.8100
Round 24 global test acc  94.0300
Round 25 global test acc  94.3800
Round 26 global test acc  93.9500
Round 27 global test acc  94.1800
Round 28 global test acc  93.9500
Round 29 global test acc  93.8300
Round 30 global test acc  94.2700
Round 31 global test acc  94.6700
Round 32 global test acc  94.7600
Round 33 global test acc  94.0400
Round 34 global test acc  94.7200
Round 35 global test acc  94.6800
Round 36 global test acc  94.7600
Round 37 global test acc  94.7700
Round 38 global test acc  94.9200
Round 39 global test acc  94.5200
Round 40 global test acc  94.9900
Round 41 global test acc  95.5000
Round 42 global test acc  95.2600
Round 43 global test acc  95.4100
Round 44 global test acc  94.8900
Round 45 global test acc  95.5200
Round 46 global test acc  95.4700
Round 47 global test acc  95.3300
Round 48 global test acc  95.6900
Round 49 global test acc  95.0900
Round 50 global test acc  94.9500
Round 51 global test acc  95.4800
Round 52 global test acc  95.5300
Round 53 global test acc  95.4400
Round 54 global test acc  95.4800
Round 55 global test acc  95.9000
Round 56 global test acc  95.5500
Round 57 global test acc  95.7100
Round 58 global test acc  95.7400
Round 59 global test acc  96.0000
Round 60 global test acc  95.8900
Round 61 global test acc  95.9600
Round 62 global test acc  95.9500
Round 63 global test acc  96.1400
Round 64 global test acc  95.6000
Round 65 global test acc  95.5500
Round 66 global test acc  95.8100
Round 67 global test acc  95.8200
Round 68 global test acc  95.8500
Round 69 global test acc  95.9800
Round 70 global test acc  96.2300
Round 71 global test acc  96.3200
Round 72 global test acc  96.1000
Round 73 global test acc  96.0100
Round 74 global test acc  95.7200
Round 75 global test acc  96.2300
Round 76 global test acc  95.9400
Round 77 global test acc  96.2300
Round 78 global test acc  96.0900
Round 79 global test acc  96.1300
Round 80 global test acc  96.1500
Round 81 global test acc  96.0300
Round 82 global test acc  96.1700
Round 83 global test acc  96.0900
Round 84 global test acc  96.1500
Round 85 global test acc  96.3500
Round 86 global test acc  96.2700
Round 87 global test acc  96.1700
Round 88 global test acc  96.4800
Round 89 global test acc  96.3300
Round 90 global test acc  96.4800
Round 91 global test acc  96.4700
Round 92 global test acc  96.4900
Round 93 global test acc  96.5200
Round 94 global test acc  96.5200
Round 95 global test acc  96.5800
Round 96 global test acc  96.2800
Round 97 global test acc  96.2400
Round 98 global test acc  96.1500
Round 99 global test acc  96.2500
Round 100 global test acc  95.9200
Round 101 global test acc  96.1400
Round 102 global test acc  96.0100
Round 103 global test acc  96.1000
Round 104 global test acc  96.1000
Round 105 global test acc  96.1400
Round 106 global test acc  96.1100
Round 107 global test acc  96.2200
Round 108 global test acc  96.0600
Round 109 global test acc  95.8800
Round 110 global test acc  96.1600
Round 111 global test acc  96.0900
Round 112 global test acc  95.9700
Round 113 global test acc  96.1200
Round 114 global test acc  96.3300
Round 115 global test acc  96.2300
Round 116 global test acc  96.1100
Round 117 global test acc  96.3100
Round 118 global test acc  96.2600
Round 119 global test acc  96.2300
Round 120 global test acc  96.0700
Round 121 global test acc  96.2100
Round 122 global test acc  96.1200
Round 123 global test acc  96.1800
Round 124 global test acc  96.1300
Round 125 global test acc  96.1700
Round 126 global test acc  96.0700
Round 127 global test acc  96.0700
Round 128 global test acc  96.1200
Round 129 global test acc  96.3000
Round 130 global test acc  96.2900
Round 131 global test acc  96.3300
Round 132 global test acc  96.2600
Round 133 global test acc  96.2300
Round 134 global test acc  96.2600
Round 135 global test acc  96.1300
Round 136 global test acc  96.3800
Round 137 global test acc  96.3100
Round 138 global test acc  96.3000
Round 139 global test acc  96.4000
Round 140 global test acc  96.4100
Round 141 global test acc  96.3200
Round 142 global test acc  96.4200
Round 143 global test acc  96.3200
Round 144 global test acc  96.1500
Round 145 global test acc  96.2300
Round 146 global test acc  96.2600
Round 147 global test acc  96.2500
Round 148 global test acc  96.1000
Round 149 global test acc  96.2300
Round 150 global test acc  96.1900
Round 151 global test acc  96.3600
Round 152 global test acc  96.4000
Round 153 global test acc  96.2700
Round 154 global test acc  96.3100
Round 155 global test acc  96.3700
Round 156 global test acc  96.2900
Round 157 global test acc  96.3400
Round 158 global test acc  96.4900
Round 159 global test acc  96.4800
Round 160 global test acc  96.5300
Round 161 global test acc  96.4000
Round 162 global test acc  96.4500
Round 163 global test acc  96.3000
Round 164 global test acc  96.4500
Round 165 global test acc  96.6300
Round 166 global test acc  96.6100
Round 167 global test acc  96.5600
Round 168 global test acc  96.6100
Round 169 global test acc  96.6200
Round 170 global test acc  96.7000
Round 171 global test acc  96.7800
Round 172 global test acc  96.8100
Round 173 global test acc  96.8300
Round 174 global test acc  96.7800
Round 175 global test acc  96.6300
Round 176 global test acc  96.5400
Round 177 global test acc  96.6200
Round 178 global test acc  96.4600
Round 179 global test acc  96.4700
Round 180 global test acc  96.6000
Round 181 global test acc  96.6600
Round 182 global test acc  96.5700
Round 183 global test acc  96.6300
Round 184 global test acc  96.6200
Round 185 global test acc  96.7300
Round 186 global test acc  96.6800
Round 187 global test acc  96.5400
Round 188 global test acc  96.5400
Round 189 global test acc  96.5800
Round 190 global test acc  96.5900
Round 191 global test acc  96.4700
Round 192 global test acc  96.5500
Round 193 global test acc  96.5600
Round 194 global test acc  96.6800
Round 195 global test acc  96.6000
Round 196 global test acc  96.6400
Round 197 global test acc  96.7100
Round 198 global test acc  96.8000
Round 199 global test acc  96.7000
time : 6831.922306537628
('algorithm', 'RFL')
('gpu', 0)
('seed', 13)
('save_dir', './record/')
('rounds2', 200)
('local_ep', 5)
('frac2', 0.1)
('num_users', 100)
('local_bs', 32)
('lr', 0.1)
('model', 'lenet')
('num_classes', 10)
('level_n_system', 0.5)
('level_n_lowerb', 0.3)
('alpha_dirichlet', 10)
('non_iid_prob_class', 0.7)
('dataset', 'mnist')
('iid', True)
('LID_k', 20)
('iteration1', 5)
('rounds1', 200)
('frac1', 0.01)
('pretrained', False)
('mixup', False)
('alpha', 1)
('beta', 5)
('relabel_ratio', 0.5)
('confidence_thres', 0.5)
('clean_set_thres', 0.1)
('fine_tuning', True)
('correction', True)
('T_pl', 100)
('lambda_cen', 1.0)
('lambda_e', 0.8)
('num_gradual', 10)
('forget_rate', 0.2)
('lr_decay', 0.1)
('schedule', [])
('momentum', 0.5)
('weight_decay', 0.0001)
('feature_dim', 128)
('plr', 0.1)
('lamda', 15)
('K', 1)
('gamma', 1)
('begin_sel', 10)
('max_beta', 2)
('mu', 0.01)
('device', device(type='cuda', index=0))
Client 0, noise level: 0.7877 (0.7089), real noise ratio: 0.7100
Client 2, noise level: 0.4944 (0.4450), real noise ratio: 0.4383
Client 3, noise level: 0.4635 (0.4172), real noise ratio: 0.4250
Client 4, noise level: 0.8920 (0.8028), real noise ratio: 0.8300
Client 6, noise level: 0.7822 (0.7040), real noise ratio: 0.6883
Client 7, noise level: 0.4074 (0.3667), real noise ratio: 0.3583
Client 8, noise level: 0.4425 (0.3983), real noise ratio: 0.3883
Client 9, noise level: 0.3473 (0.3126), real noise ratio: 0.3000
Client 13, noise level: 0.4574 (0.4116), real noise ratio: 0.4017
Client 15, noise level: 0.3237 (0.2913), real noise ratio: 0.2733
Client 20, noise level: 0.7283 (0.6555), real noise ratio: 0.6533
Client 23, noise level: 0.5618 (0.5056), real noise ratio: 0.5233
Client 26, noise level: 0.8716 (0.7844), real noise ratio: 0.7683
Client 27, noise level: 0.3558 (0.3202), real noise ratio: 0.3250
Client 29, noise level: 0.8867 (0.7980), real noise ratio: 0.8017
Client 30, noise level: 0.6949 (0.6254), real noise ratio: 0.6050
Client 32, noise level: 0.4015 (0.3614), real noise ratio: 0.3617
Client 33, noise level: 0.3690 (0.3321), real noise ratio: 0.3200
Client 35, noise level: 0.7970 (0.7173), real noise ratio: 0.7317
Client 38, noise level: 0.5606 (0.5045), real noise ratio: 0.4783
Client 41, noise level: 0.7353 (0.6618), real noise ratio: 0.6850
Client 42, noise level: 0.8045 (0.7240), real noise ratio: 0.6917
Client 47, noise level: 0.4586 (0.4127), real noise ratio: 0.4233
Client 48, noise level: 0.5133 (0.4620), real noise ratio: 0.4667
Client 50, noise level: 0.7860 (0.7074), real noise ratio: 0.6750
Client 51, noise level: 0.3370 (0.3033), real noise ratio: 0.2983
Client 56, noise level: 0.5591 (0.5031), real noise ratio: 0.4833
Client 57, noise level: 0.6532 (0.5879), real noise ratio: 0.5683
Client 59, noise level: 0.3915 (0.3523), real noise ratio: 0.3383
Client 60, noise level: 0.8911 (0.8020), real noise ratio: 0.7717
Client 62, noise level: 0.4187 (0.3768), real noise ratio: 0.4017
Client 67, noise level: 0.3696 (0.3326), real noise ratio: 0.3417
Client 68, noise level: 0.9393 (0.8454), real noise ratio: 0.8667
Client 69, noise level: 0.7046 (0.6341), real noise ratio: 0.6133
Client 72, noise level: 0.3069 (0.2762), real noise ratio: 0.2900
Client 75, noise level: 0.7848 (0.7064), real noise ratio: 0.6717
Client 78, noise level: 0.3984 (0.3586), real noise ratio: 0.3617
Client 79, noise level: 0.7685 (0.6916), real noise ratio: 0.6867
Client 80, noise level: 0.5127 (0.4614), real noise ratio: 0.4517
Client 83, noise level: 0.4420 (0.3978), real noise ratio: 0.4433
Client 88, noise level: 0.4144 (0.3729), real noise ratio: 0.3617
Client 90, noise level: 0.4952 (0.4457), real noise ratio: 0.4367
Client 91, noise level: 0.4432 (0.3989), real noise ratio: 0.4250
Client 94, noise level: 0.3650 (0.3285), real noise ratio: 0.3150
Client 98, noise level: 0.5071 (0.4564), real noise ratio: 0.4767
Client 99, noise level: 0.4163 (0.3747), real noise ratio: 0.3800
LeNet(
  (conv1): Conv2d(1, 6, kernel_size=(5, 5), stride=(1, 1))
  (conv2): Conv2d(6, 16, kernel_size=(5, 5), stride=(1, 1))
  (batch_norm): BatchNorm2d(16, eps=1e-05, momentum=0.1, affine=True, track_running_stats=True)
  (fc1): Linear(in_features=400, out_features=120, bias=True)
  (fc2): Linear(in_features=120, out_features=84, bias=True)
  (fc3): Linear(in_features=84, out_features=10, bias=True)
)
Round 0 global test acc  68.3900
Round 0 Fscore 

[]
Round 1 global test acc  77.2300
Round 1 Fscore 

[]
Round 2 global test acc  85.0900
Round 2 Fscore 

[]
Round 3 global test acc  81.1300
Round 3 Fscore 

[]
Round 4 global test acc  85.1200
Round 4 Fscore 

[]
Round 5 global test acc  86.8700
Round 5 Fscore 

[]
Round 6 global test acc  87.6000
Round 6 Fscore 

[]
Round 7 global test acc  89.3200
Round 7 Fscore 

[]
Round 8 global test acc  71.8900
Round 8 Fscore 

[]
Round 9 global test acc  85.0300
Round 9 Fscore 

[]
Round 10 global test acc  79.5100
Round 10 Fscore 

[]
Round 11 global test acc  86.5000
Round 11 Fscore 

[]
Round 12 global test acc  90.1200
Round 12 Fscore 

[]
Round 13 global test acc  91.5300
Round 13 Fscore 

[]
Round 14 global test acc  91.2400
Round 14 Fscore 

[]
Round 15 global test acc  92.5600
Round 15 Fscore 

[]
Round 16 global test acc  86.8900
Round 16 Fscore 

[]
Round 17 global test acc  91.3000
Round 17 Fscore 

[]
Round 18 global test acc  92.1700
Round 18 Fscore 

[]
Round 19 global test acc  93.2600
Round 19 Fscore 

[]
Round 20 global test acc  92.8200
Round 20 Fscore 

[]
Round 21 global test acc  92.6900
Round 21 Fscore 

[]
Round 22 global test acc  93.2700
Round 22 Fscore 

[]
Round 23 global test acc  92.8900
Round 23 Fscore 

[]
Round 24 global test acc  93.2700
Round 24 Fscore 

[]
Round 25 global test acc  94.2000
Round 25 Fscore 

[]
Round 26 global test acc  93.7900
Round 26 Fscore 

[]
Round 27 global test acc  93.9400
Round 27 Fscore 

[]
Round 28 global test acc  94.2700
Round 28 Fscore 

[]
Round 29 global test acc  93.9800
Round 29 Fscore 

[]
Round 30 global test acc  94.0700
Round 30 Fscore 

[]
Round 31 global test acc  92.6200
Round 31 Fscore 

[]
Round 32 global test acc  94.5000
Round 32 Fscore 

[]
Round 33 global test acc  93.3300
Round 33 Fscore 

[]
Round 34 global test acc  94.0900
Round 34 Fscore 

[]
Round 35 global test acc  94.3500
Round 35 Fscore 

[]
Round 36 global test acc  94.3600
Round 36 Fscore 

[]
Round 37 global test acc  94.9100
Round 37 Fscore 

[]
Round 38 global test acc  94.1800
Round 38 Fscore 

[]
Round 39 global test acc  94.4800
Round 39 Fscore 

[]
Round 40 global test acc  94.7800
Round 40 Fscore 

[]
Round 41 global test acc  94.9400
Round 41 Fscore 

[]
Round 42 global test acc  94.5700
Round 42 Fscore 

[]
Round 43 global test acc  95.0500
Round 43 Fscore 

[]
Round 44 global test acc  94.2200
Round 44 Fscore 

[]
Round 45 global test acc  94.5000
Round 45 Fscore 

[]
Round 46 global test acc  94.9200
Round 46 Fscore 

[]
Round 47 global test acc  94.6300
Round 47 Fscore 

[]
Round 48 global test acc  95.1500
Round 48 Fscore 

[]
Round 49 global test acc  95.0600
Round 49 Fscore 

[]
Round 50 global test acc  95.1000
Round 50 Fscore 

[]
Round 51 global test acc  95.4400
Round 51 Fscore 

[]
Round 52 global test acc  95.4300
Round 52 Fscore 

[]
Round 53 global test acc  95.7400
Round 53 Fscore 

[]
Round 54 global test acc  95.7900
Round 54 Fscore 

[]
Round 55 global test acc  95.9100
Round 55 Fscore 

[]
Round 56 global test acc  95.8500
Round 56 Fscore 

[]
Round 57 global test acc  95.9500
Round 57 Fscore 

[]
Round 58 global test acc  96.0000
Round 58 Fscore 

[]
Round 59 global test acc  95.9400
Round 59 Fscore 

[]
Round 60 global test acc  95.5200
Round 60 Fscore 

[]
Round 61 global test acc  95.9300
Round 61 Fscore 

[]
Round 62 global test acc  95.8200
Round 62 Fscore 

[]
Round 63 global test acc  95.7400
Round 63 Fscore 

[]
Round 64 global test acc  95.7000
Round 64 Fscore 

[]
Round 65 global test acc  95.4500
Round 65 Fscore 

[]
Round 66 global test acc  95.8000
Round 66 Fscore 

[]
Round 67 global test acc  95.5300
Round 67 Fscore 

[]
Round 68 global test acc  95.6900
Round 68 Fscore 

[]
Round 69 global test acc  95.7900
Round 69 Fscore 

[]
Round 70 global test acc  95.6300
Round 70 Fscore 

[]
Round 71 global test acc  95.6700
Round 71 Fscore 

[]
Round 72 global test acc  95.4500
Round 72 Fscore 

[]
Round 73 global test acc  95.9500
Round 73 Fscore 

[]
Round 74 global test acc  95.8100
Round 74 Fscore 

[]
Round 75 global test acc  96.0100
Round 75 Fscore 

[]
Round 76 global test acc  95.8500
Round 76 Fscore 

[]
Round 77 global test acc  95.9300
Round 77 Fscore 

[]
Round 78 global test acc  95.8900
Round 78 Fscore 

[]
Round 79 global test acc  95.8900
Round 79 Fscore 

[]
Round 80 global test acc  96.1300
Round 80 Fscore 

[]
Round 81 global test acc  96.1100
Round 81 Fscore 

[]
Round 82 global test acc  96.1800
Round 82 Fscore 

[]
Round 83 global test acc  96.0000
Round 83 Fscore 

[]
Round 84 global test acc  96.0900
Round 84 Fscore 

[]
Round 85 global test acc  95.8200
Round 85 Fscore 

[]
Round 86 global test acc  95.9300
Round 86 Fscore 

[]
Round 87 global test acc  96.1700
Round 87 Fscore 

[]
Round 88 global test acc  96.0200
Round 88 Fscore 

[]
Round 89 global test acc  96.1000
Round 89 Fscore 

[]
Round 90 global test acc  96.1900
Round 90 Fscore 

[]
Round 91 global test acc  96.2500
Round 91 Fscore 

[]
Round 92 global test acc  96.2800
Round 92 Fscore 

[]
Round 93 global test acc  96.2100
Round 93 Fscore 

[]
Round 94 global test acc  96.2800
Round 94 Fscore 

[]
Round 95 global test acc  96.1400
Round 95 Fscore 

[]
Round 96 global test acc  96.2200
Round 96 Fscore 

[]
Round 97 global test acc  96.3000
Round 97 Fscore 

[]
Round 98 global test acc  95.9200
Round 98 Fscore 

[]
Round 99 global test acc  95.9100
Round 99 Fscore 

[]
Round 100 global test acc  95.7600
Round 100 Fscore 

[]
Round 101 global test acc  95.8500
Round 101 Fscore 

[]
Round 102 global test acc  95.8700
Round 102 Fscore 

[]
Round 103 global test acc  95.8400
Round 103 Fscore 

[]
Round 104 global test acc  95.7800
Round 104 Fscore 

[]
Round 105 global test acc  95.6300
Round 105 Fscore 

[]
Round 106 global test acc  95.8400
Round 106 Fscore 

[]
Round 107 global test acc  95.5100
Round 107 Fscore 

[]
Round 108 global test acc  95.7700
Round 108 Fscore 

[]
Round 109 global test acc  95.9300
Round 109 Fscore 

[]
Round 110 global test acc  95.8700
Round 110 Fscore 

[]
Round 111 global test acc  95.6700
Round 111 Fscore 

[]
Round 112 global test acc  95.7400
Round 112 Fscore 

[]
Round 113 global test acc  95.6300
Round 113 Fscore 

[]
Round 114 global test acc  95.8400
Round 114 Fscore 

[]
Round 115 global test acc  95.9600
Round 115 Fscore 

[]
Round 116 global test acc  95.8300
Round 116 Fscore 

[]
Round 117 global test acc  96.0300
Round 117 Fscore 

[]
Round 118 global test acc  95.9900
Round 118 Fscore 

[]
Round 119 global test acc  95.9800
Round 119 Fscore 

[]
Round 120 global test acc  95.7700
Round 120 Fscore 

[]
Round 121 global test acc  95.8700
Round 121 Fscore 

[]
Round 122 global test acc  95.9600
Round 122 Fscore 

[]
Round 123 global test acc  95.9400
Round 123 Fscore 

[]
Round 124 global test acc  95.9800
Round 124 Fscore 

[]
Round 125 global test acc  95.9600
Round 125 Fscore 

[]
Round 126 global test acc  95.9400
Round 126 Fscore 

[]
Round 127 global test acc  95.8800
Round 127 Fscore 

[]
Round 128 global test acc  95.6900
Round 128 Fscore 

[]
Round 129 global test acc  95.9700
Round 129 Fscore 

[]
Round 130 global test acc  95.9900
Round 130 Fscore 

[]
Round 131 global test acc  96.0200
Round 131 Fscore 

[]
Round 132 global test acc  96.1100
Round 132 Fscore 

[]
Round 133 global test acc  95.9300
Round 133 Fscore 

[]
Round 134 global test acc  96.0200
Round 134 Fscore 

[]
Round 135 global test acc  96.0300
Round 135 Fscore 

[]
Round 136 global test acc  96.0000
Round 136 Fscore 

[]
Round 137 global test acc  95.9100
Round 137 Fscore 

[]
Round 138 global test acc  95.8500
Round 138 Fscore 

[]
Round 139 global test acc  95.9100
Round 139 Fscore 

[]
Round 140 global test acc  95.9500
Round 140 Fscore 

[]
Round 141 global test acc  95.9000
Round 141 Fscore 

[]
Round 142 global test acc  96.1700
Round 142 Fscore 

[]
Round 143 global test acc  96.0000
Round 143 Fscore 

[]
Round 144 global test acc  95.9100
Round 144 Fscore 

[]
Round 145 global test acc  95.9900
Round 145 Fscore 

[]
Round 146 global test acc  95.9900
Round 146 Fscore 

[]
Round 147 global test acc  95.8200
Round 147 Fscore 

[]
Round 148 global test acc  95.8900
Round 148 Fscore 

[]
Round 149 global test acc  96.0700
Round 149 Fscore 

[]
Round 150 global test acc  96.1900
Round 150 Fscore 

[]
Round 151 global test acc  96.2900
Round 151 Fscore 

[]
Round 152 global test acc  96.0900
Round 152 Fscore 

[]
Round 153 global test acc  96.1300
Round 153 Fscore 

[]
Round 154 global test acc  96.1000
Round 154 Fscore 

[]
Round 155 global test acc  96.2300
Round 155 Fscore 

[]
Round 156 global test acc  96.0400
Round 156 Fscore 

[]
Round 157 global test acc  96.0100
Round 157 Fscore 

[]
Round 158 global test acc  95.9800
Round 158 Fscore 

[]
Round 159 global test acc  96.1300
Round 159 Fscore 

[]
Round 160 global test acc  96.2300
Round 160 Fscore 

[]
Round 161 global test acc  96.1800
Round 161 Fscore 

[]
Round 162 global test acc  95.9700
Round 162 Fscore 

[]
Round 163 global test acc  95.9700
Round 163 Fscore 

[]
Round 164 global test acc  96.0300
Round 164 Fscore 

[]
Round 165 global test acc  96.0300
Round 165 Fscore 

[]
Round 166 global test acc  96.3900
Round 166 Fscore 

[]
Round 167 global test acc  96.3900
Round 167 Fscore 

[]
Round 168 global test acc  96.4200
Round 168 Fscore 

[]
Round 169 global test acc  96.3300
Round 169 Fscore 

[]
Round 170 global test acc  96.3900
Round 170 Fscore 

[]
Round 171 global test acc  96.6000
Round 171 Fscore 

[]
Round 172 global test acc  96.5000
Round 172 Fscore 

[]
Round 173 global test acc  96.4300
Round 173 Fscore 

[]
Round 174 global test acc  96.4500
Round 174 Fscore 

[]
Round 175 global test acc  96.4400
Round 175 Fscore 

[]
Round 176 global test acc  96.3200
Round 176 Fscore 

[]
Round 177 global test acc  96.3400
Round 177 Fscore 

[]
Round 178 global test acc  96.0600
Round 178 Fscore 

[]
Round 179 global test acc  95.9100
Round 179 Fscore 

[]
Round 180 global test acc  96.0500
Round 180 Fscore 

[]
Round 181 global test acc  96.1900
Round 181 Fscore 

[]
Round 182 global test acc  96.2000
Round 182 Fscore 

[]
Round 183 global test acc  96.2500
Round 183 Fscore 

[]
Round 184 global test acc  96.3600
Round 184 Fscore 

[]
Round 185 global test acc  96.4000
Round 185 Fscore 

[]
Round 186 global test acc  96.4300
Round 186 Fscore 

[]
Round 187 global test acc  96.4200
Round 187 Fscore 

[]
Round 188 global test acc  96.3100
Round 188 Fscore 

[]
Round 189 global test acc  96.3000
Round 189 Fscore 

[]
Round 190 global test acc  96.2900
Round 190 Fscore 

[]
Round 191 global test acc  96.2600
Round 191 Fscore 

[]
Round 192 global test acc  96.3800
Round 192 Fscore 

[]
Round 193 global test acc  96.2600
Round 193 Fscore 

[]
Round 194 global test acc  96.3800
Round 194 Fscore 

[]
Round 195 global test acc  96.3500
Round 195 Fscore 

[]
Round 196 global test acc  96.5000
Round 196 Fscore 

[]
Round 197 global test acc  96.2800
Round 197 Fscore 

[]
Round 198 global test acc  96.3500
Round 198 Fscore 

[]
Round 199 global test acc  96.4000
Round 199 Fscore 

[0.769911527633667, 0.9983305335044861, 0.9093368649482727, 0.9107855558395386, 0.6017698645591736, 0.9974937438964844, 0.7731091976165771, 0.9208632707595825, 0.9219143390655518, 0.9534619450569153, 0.9983305335044861, 0.9966555237770081, 0.9958159327507019, 0.9153846502304077, 1.0, 0.9529024958610535, 0.9974937438964844, 1.0, 0.9983305335044861, 0.9983305335044861, 0.7775700688362122, 0.999165952205658, 0.9983305335044861, 0.872894287109375, 0.9983305335044861, 0.9983305335044861, 0.7002518773078918, 0.92766934633255, 0.9983305335044861, 0.6243386268615723, 0.8074957132339478, 0.9958159327507019, 0.9273607730865479, 0.9411765336990356, 0.999165952205658, 0.7174887657165527, 0.9958159327507019, 0.999165952205658, 0.8888888955116272, 0.9958159327507019, 0.9983305335044861, 0.7397260665893555, 0.7682672142982483, 1.0, 0.999165952205658, 0.9983305335044861, 0.999165952205658, 0.892903208732605, 0.8873435258865356, 0.9983305335044861, 0.7744511365890503, 0.9439462423324585, 0.999165952205658, 0.999165952205658, 0.9966555237770081, 0.9983305335044861, 0.8821839094161987, 0.8528925776481628, 0.9983305335044861, 0.9441141486167908, 0.6765431761741638, 0.9983305335044861, 0.910941481590271, 0.9974937438964844, 0.999165952205658, 0.9974937438964844, 0.9983305335044861, 0.9415971636772156, 0.5460751056671143, 0.8206039071083069, 0.9974937438964844, 0.9983305335044861, 0.9485458731651306, 0.999165952205658, 0.9983305335044861, 0.8008130192756653, 1.0, 0.9974937438964844, 0.9339852929115295, 0.7555555105209351, 0.8989071249961853, 0.9958159327507019, 0.9974937438964844, 0.9046321511268616, 0.999165952205658, 1.0, 0.9958159327507019, 0.9983305335044861, 0.9318735003471375, 0.999165952205658, 0.9001331329345703, 0.9129852652549744, 0.999165952205658, 0.9966555237770081, 0.9490741491317749, 0.9983305335044861, 0.9974937438964844, 0.9983305335044861, 0.8829336762428284, 0.9160493612289429]
time : 6984.454477310181
('algorithm', 'RFL')
('gpu', 0)
('seed', 13)
('save_dir', './record/')
('rounds2', 200)
('local_ep', 5)
('frac2', 0.1)
('num_users', 100)
('local_bs', 32)
('lr', 0.1)
('model', 'lenet')
('num_classes', 10)
('level_n_system', 0.5)
('level_n_lowerb', 0.3)
('alpha_dirichlet', 10)
('non_iid_prob_class', 0.7)
('dataset', 'mnist')
('iid', True)
('LID_k', 20)
('iteration1', 5)
('rounds1', 200)
('frac1', 0.01)
('pretrained', False)
('mixup', False)
('alpha', 1)
('beta', 5)
('relabel_ratio', 0.5)
('confidence_thres', 0.5)
('clean_set_thres', 0.1)
('fine_tuning', True)
('correction', True)
('T_pl', 100)
('lambda_cen', 1.0)
('lambda_e', 0.8)
('num_gradual', 10)
('forget_rate', 0.2)
('lr_decay', 0.1)
('schedule', [])
('momentum', 0.5)
('weight_decay', 0.0001)
('feature_dim', 128)
('plr', 0.1)
('lamda', 15)
('K', 1)
('gamma', 1)
('begin_sel', 10)
('max_beta', 2)
('mu', 0.01)
('device', device(type='cuda', index=0))
Client 0, noise level: 0.7877 (0.7089), real noise ratio: 0.7100
Client 2, noise level: 0.4944 (0.4450), real noise ratio: 0.4383
Client 3, noise level: 0.4635 (0.4172), real noise ratio: 0.4250
Client 4, noise level: 0.8920 (0.8028), real noise ratio: 0.8300
Client 6, noise level: 0.7822 (0.7040), real noise ratio: 0.6883
Client 7, noise level: 0.4074 (0.3667), real noise ratio: 0.3583
Client 8, noise level: 0.4425 (0.3983), real noise ratio: 0.3883
Client 9, noise level: 0.3473 (0.3126), real noise ratio: 0.3000
Client 13, noise level: 0.4574 (0.4116), real noise ratio: 0.4017
Client 15, noise level: 0.3237 (0.2913), real noise ratio: 0.2733
Client 20, noise level: 0.7283 (0.6555), real noise ratio: 0.6533
Client 23, noise level: 0.5618 (0.5056), real noise ratio: 0.5233
Client 26, noise level: 0.8716 (0.7844), real noise ratio: 0.7683
Client 27, noise level: 0.3558 (0.3202), real noise ratio: 0.3250
Client 29, noise level: 0.8867 (0.7980), real noise ratio: 0.8017
Client 30, noise level: 0.6949 (0.6254), real noise ratio: 0.6050
Client 32, noise level: 0.4015 (0.3614), real noise ratio: 0.3617
Client 33, noise level: 0.3690 (0.3321), real noise ratio: 0.3200
Client 35, noise level: 0.7970 (0.7173), real noise ratio: 0.7317
Client 38, noise level: 0.5606 (0.5045), real noise ratio: 0.4783
Client 41, noise level: 0.7353 (0.6618), real noise ratio: 0.6850
Client 42, noise level: 0.8045 (0.7240), real noise ratio: 0.6917
Client 47, noise level: 0.4586 (0.4127), real noise ratio: 0.4233
Client 48, noise level: 0.5133 (0.4620), real noise ratio: 0.4667
Client 50, noise level: 0.7860 (0.7074), real noise ratio: 0.6750
Client 51, noise level: 0.3370 (0.3033), real noise ratio: 0.2983
Client 56, noise level: 0.5591 (0.5031), real noise ratio: 0.4833
Client 57, noise level: 0.6532 (0.5879), real noise ratio: 0.5683
Client 59, noise level: 0.3915 (0.3523), real noise ratio: 0.3383
Client 60, noise level: 0.8911 (0.8020), real noise ratio: 0.7717
Client 62, noise level: 0.4187 (0.3768), real noise ratio: 0.4017
Client 67, noise level: 0.3696 (0.3326), real noise ratio: 0.3417
Client 68, noise level: 0.9393 (0.8454), real noise ratio: 0.8667
Client 69, noise level: 0.7046 (0.6341), real noise ratio: 0.6133
Client 72, noise level: 0.3069 (0.2762), real noise ratio: 0.2900
Client 75, noise level: 0.7848 (0.7064), real noise ratio: 0.6717
Client 78, noise level: 0.3984 (0.3586), real noise ratio: 0.3617
Client 79, noise level: 0.7685 (0.6916), real noise ratio: 0.6867
Client 80, noise level: 0.5127 (0.4614), real noise ratio: 0.4517
Client 83, noise level: 0.4420 (0.3978), real noise ratio: 0.4433
Client 88, noise level: 0.4144 (0.3729), real noise ratio: 0.3617
Client 90, noise level: 0.4952 (0.4457), real noise ratio: 0.4367
Client 91, noise level: 0.4432 (0.3989), real noise ratio: 0.4250
Client 94, noise level: 0.3650 (0.3285), real noise ratio: 0.3150
Client 98, noise level: 0.5071 (0.4564), real noise ratio: 0.4767
Client 99, noise level: 0.4163 (0.3747), real noise ratio: 0.3800
LeNet(
  (conv1): Conv2d(1, 6, kernel_size=(5, 5), stride=(1, 1))
  (conv2): Conv2d(6, 16, kernel_size=(5, 5), stride=(1, 1))
  (batch_norm): BatchNorm2d(16, eps=1e-05, momentum=0.1, affine=True, track_running_stats=True)
  (fc1): Linear(in_features=400, out_features=120, bias=True)
  (fc2): Linear(in_features=120, out_features=84, bias=True)
  (fc3): Linear(in_features=84, out_features=10, bias=True)
)
Round 0 global test acc  68.4300
Round 0 Fscore 

[]
Round 1 global test acc  76.3300
Round 1 Fscore 

[]
Round 2 global test acc  83.0800
Round 2 Fscore 

[]
Round 3 global test acc  81.3900
Round 3 Fscore 

[]
Round 4 global test acc  87.6900
Round 4 Fscore 

[]
Round 5 global test acc  88.3700
Round 5 Fscore 

[]
Round 6 global test acc  84.6800
Round 6 Fscore 

[]
Round 7 global test acc  88.6200
Round 7 Fscore 

[]
Round 8 global test acc  85.1900
Round 8 Fscore 

[]
Round 9 global test acc  91.4000
Round 9 Fscore 

[]
Round 10 global test acc  90.9100
Round 10 Fscore 

[]
Round 11 global test acc  92.2500
Round 11 Fscore 

[]
Round 12 global test acc  92.6300
Round 12 Fscore 

[]
Round 13 global test acc  92.2100
Round 13 Fscore 

[]
Round 14 global test acc  91.2300
Round 14 Fscore 

[]
Round 15 global test acc  92.6500
Round 15 Fscore 

[]
Round 16 global test acc  91.6800
Round 16 Fscore 

[]
Round 17 global test acc  92.3400
Round 17 Fscore 

[]
Round 18 global test acc  92.6700
Round 18 Fscore 

[]
Round 19 global test acc  93.6600
Round 19 Fscore 

[]
Round 20 global test acc  91.3600
Round 20 Fscore 

[]
Round 21 global test acc  92.1600
Round 21 Fscore 

[]
Round 22 global test acc  93.3100
Round 22 Fscore 

[]
Round 23 global test acc  89.1500
Round 23 Fscore 

[]
Round 24 global test acc  93.6600
Round 24 Fscore 

[]
Round 25 global test acc  94.3800
Round 25 Fscore 

[]
Round 26 global test acc  93.3000
Round 26 Fscore 

[]
Round 27 global test acc  94.2100
Round 27 Fscore 

[]
Round 28 global test acc  94.2000
Round 28 Fscore 

[]
Round 29 global test acc  94.3000
Round 29 Fscore 

[]
Round 30 global test acc  94.3100
Round 30 Fscore 

[]
Round 31 global test acc  94.4200
Round 31 Fscore 

[]
Round 32 global test acc  94.6400
Round 32 Fscore 

[]
Round 33 global test acc  94.4000
Round 33 Fscore 

[]
Round 34 global test acc  94.6700
Round 34 Fscore 

[]
Round 35 global test acc  93.2100
Round 35 Fscore 

[]
Round 36 global test acc  94.9300
Round 36 Fscore 

[]
Round 37 global test acc  93.1100
Round 37 Fscore 

[]
Round 38 global test acc  94.6800
Round 38 Fscore 

[]
Round 39 global test acc  94.5700
Round 39 Fscore 

[]
Round 40 global test acc  95.2800
Round 40 Fscore 

[]
Round 41 global test acc  95.5200
Round 41 Fscore 

[]
Round 42 global test acc  95.3500
Round 42 Fscore 

[]
Round 43 global test acc  95.4000
Round 43 Fscore 

[]
Round 44 global test acc  95.3700
Round 44 Fscore 

[]
Round 45 global test acc  95.0300
Round 45 Fscore 

[]
Round 46 global test acc  95.1500
Round 46 Fscore 

[]
Round 47 global test acc  95.0300
Round 47 Fscore 

[]
Round 48 global test acc  94.8200
Round 48 Fscore 

[]
Round 49 global test acc  94.7100
Round 49 Fscore 

[]
Round 50 global test acc  94.5800
Round 50 Fscore 

[]
Round 51 global test acc  95.7200
Round 51 Fscore 

[]
Round 52 global test acc  95.4700
Round 52 Fscore 

[]
Round 53 global test acc  94.9200
Round 53 Fscore 

[]
Round 54 global test acc  95.4800
Round 54 Fscore 

[]
Round 55 global test acc  95.3500
Round 55 Fscore 

[]
Round 56 global test acc  95.6600
Round 56 Fscore 

[]
Round 57 global test acc  95.5400
Round 57 Fscore 

[]
Round 58 global test acc  95.6600
Round 58 Fscore 

[]
Round 59 global test acc  95.8800
Round 59 Fscore 

[]
Round 60 global test acc  95.7800
Round 60 Fscore 

[]
Round 61 global test acc  95.9600
Round 61 Fscore 

[]
Round 62 global test acc  95.6600
Round 62 Fscore 

[]
Round 63 global test acc  95.9700
Round 63 Fscore 

[]
Round 64 global test acc  95.5600
Round 64 Fscore 

[]
Round 65 global test acc  95.4400
Round 65 Fscore 

[]
Round 66 global test acc  95.8000
Round 66 Fscore 

[]
Round 67 global test acc  95.8100
Round 67 Fscore 

[]
Round 68 global test acc  95.8600
Round 68 Fscore 

[]
Round 69 global test acc  95.7700
Round 69 Fscore 

[]
Round 70 global test acc  95.8900
Round 70 Fscore 

[]
Round 71 global test acc  95.9900
Round 71 Fscore 

[]
Round 72 global test acc  95.5700
Round 72 Fscore 

[]
Round 73 global test acc  95.9700
Round 73 Fscore 

[]
Round 74 global test acc  95.8200
Round 74 Fscore 

[]
Round 75 global test acc  96.0700
Round 75 Fscore 

[]
Round 76 global test acc  95.8900
Round 76 Fscore 

[]
Round 77 global test acc  96.1000
Round 77 Fscore 

[]
Round 78 global test acc  95.7300
Round 78 Fscore 

[]
Round 79 global test acc  96.2000
Round 79 Fscore 

[]
Round 80 global test acc  96.1300
Round 80 Fscore 

[]
Round 81 global test acc  96.2000
Round 81 Fscore 

[]
Round 82 global test acc  95.6900
Round 82 Fscore 

[]
Round 83 global test acc  96.0200
Round 83 Fscore 

[]
Round 84 global test acc  96.1600
Round 84 Fscore 

[]
Round 85 global test acc  95.6900
Round 85 Fscore 

[]
Round 86 global test acc  96.0800
Round 86 Fscore 

[]
Round 87 global test acc  96.0600
Round 87 Fscore 

[]
Round 88 global test acc  96.2400
Round 88 Fscore 

[]
Round 89 global test acc  96.1600
Round 89 Fscore 

[]
Round 90 global test acc  96.2900
Round 90 Fscore 

[]
Round 91 global test acc  96.3800
Round 91 Fscore 

[]
Round 92 global test acc  96.5200
Round 92 Fscore 

[]
Round 93 global test acc  96.3700
Round 93 Fscore 

[]
Round 94 global test acc  96.5000
Round 94 Fscore 

[]
Round 95 global test acc  96.4100
Round 95 Fscore 

[]
Round 96 global test acc  96.3200
Round 96 Fscore 

[]
Round 97 global test acc  96.1900
Round 97 Fscore 

[]
Round 98 global test acc  96.0300
Round 98 Fscore 

[]
Round 99 global test acc  96.1600
Round 99 Fscore 

[]
Round 100 global test acc  95.8400
Round 100 Fscore 

[]
Round 101 global test acc  95.9300
Round 101 Fscore 

[]
Round 102 global test acc  95.7700
Round 102 Fscore 

[]
Round 103 global test acc  95.5500
Round 103 Fscore 

[]
Round 104 global test acc  95.5100
Round 104 Fscore 

[]
Round 105 global test acc  95.7000
Round 105 Fscore 

[]
Round 106 global test acc  95.7400
Round 106 Fscore 

[]
Round 107 global test acc  95.5400
Round 107 Fscore 

[]
Round 108 global test acc  95.7800
Round 108 Fscore 

[]
Round 109 global test acc  95.6700
Round 109 Fscore 

[]
Round 110 global test acc  95.9600
Round 110 Fscore 

[]
Round 111 global test acc  95.9400
Round 111 Fscore 

[]
Round 112 global test acc  95.8800
Round 112 Fscore 

[]
Round 113 global test acc  95.8700
Round 113 Fscore 

[]
Round 114 global test acc  96.0100
Round 114 Fscore 

[]
Round 115 global test acc  95.9800
Round 115 Fscore 

[]
Round 116 global test acc  95.8000
Round 116 Fscore 

[]
Round 117 global test acc  96.1700
Round 117 Fscore 

[]
Round 118 global test acc  96.0200
Round 118 Fscore 

[]
Round 119 global test acc  95.9800
Round 119 Fscore 

[]
Round 120 global test acc  95.9200
Round 120 Fscore 

[]
Round 121 global test acc  95.9000
Round 121 Fscore 

[]
Round 122 global test acc  96.0200
Round 122 Fscore 

[]
Round 123 global test acc  95.8900
Round 123 Fscore 

[]
Round 124 global test acc  96.0300
Round 124 Fscore 

[]
Round 125 global test acc  95.9300
Round 125 Fscore 

[]
Round 126 global test acc  95.9000
Round 126 Fscore 

[]
Round 127 global test acc  95.7100
Round 127 Fscore 

[]
Round 128 global test acc  95.9600
Round 128 Fscore 

[]
Round 129 global test acc  96.2700
Round 129 Fscore 

[]
Round 130 global test acc  96.0900
Round 130 Fscore 

[]
Round 131 global test acc  96.0700
Round 131 Fscore 

[]
Round 132 global test acc  95.9400
Round 132 Fscore 

[]
Round 133 global test acc  95.9100
Round 133 Fscore 

[]
Round 134 global test acc  95.8300
Round 134 Fscore 

[]
Round 135 global test acc  95.8200
Round 135 Fscore 

[]
Round 136 global test acc  95.7500
Round 136 Fscore 

[]
Round 137 global test acc  95.5500
Round 137 Fscore 

[]
Round 138 global test acc  95.6600
Round 138 Fscore 

[]
Round 139 global test acc  95.4000
Round 139 Fscore 

[]
Round 140 global test acc  95.7800
Round 140 Fscore 

[]
Round 141 global test acc  95.8300
Round 141 Fscore 

[]
Round 142 global test acc  95.8000
Round 142 Fscore 

[]
Round 143 global test acc  95.9400
Round 143 Fscore 

[]
Round 144 global test acc  95.6600
Round 144 Fscore 

[]
Round 145 global test acc  95.8500
Round 145 Fscore 

[]
Round 146 global test acc  95.8000
Round 146 Fscore 

[]
Round 147 global test acc  95.7800
Round 147 Fscore 

[]
Round 148 global test acc  95.7800
Round 148 Fscore 

[]
Round 149 global test acc  95.8300
Round 149 Fscore 

[]
Round 150 global test acc  95.7900
Round 150 Fscore 

[]
Round 151 global test acc  95.9600
Round 151 Fscore 

[]
Round 152 global test acc  95.9900
Round 152 Fscore 

[]
Round 153 global test acc  96.0000
Round 153 Fscore 

[]
Round 154 global test acc  95.9700
Round 154 Fscore 

[]
Round 155 global test acc  96.3000
Round 155 Fscore 

[]
Round 156 global test acc  96.2600
Round 156 Fscore 

[]
Round 157 global test acc  96.1700
Round 157 Fscore 

[]
Round 158 global test acc  96.1300
Round 158 Fscore 

[]
Round 159 global test acc  96.0500
Round 159 Fscore 

[]
Round 160 global test acc  96.1500
Round 160 Fscore 

[]
Round 161 global test acc  96.1100
Round 161 Fscore 

[]
Round 162 global test acc  96.4100
Round 162 Fscore 

[]
Round 163 global test acc  96.3200
Round 163 Fscore 

[]
Round 164 global test acc  96.1100
Round 164 Fscore 

[]
Round 165 global test acc  96.0500
Round 165 Fscore 

[]
Round 166 global test acc  96.0700
Round 166 Fscore 

[]
Round 167 global test acc  96.3600
Round 167 Fscore 

[]
Round 168 global test acc  96.2900
Round 168 Fscore 

[]
Round 169 global test acc  96.1200
Round 169 Fscore 

[]
Round 170 global test acc  96.3100
Round 170 Fscore 

[]
Round 171 global test acc  96.3400
Round 171 Fscore 

[]
Round 172 global test acc  96.5700
Round 172 Fscore 

[]
Round 173 global test acc  96.5200
Round 173 Fscore 

[]
Round 174 global test acc  96.5700
Round 174 Fscore 

[]
Round 175 global test acc  96.4100
Round 175 Fscore 

[]
Round 176 global test acc  96.2800
Round 176 Fscore 

[]
Round 177 global test acc  96.3300
Round 177 Fscore 

[]
Round 178 global test acc  96.2700
Round 178 Fscore 

[]
Round 179 global test acc  96.2200
Round 179 Fscore 

[]
Round 180 global test acc  96.3400
Round 180 Fscore 

[]
Round 181 global test acc  96.3600
Round 181 Fscore 

[]
Round 182 global test acc  96.3300
Round 182 Fscore 

[]
Round 183 global test acc  96.5500
Round 183 Fscore 

[]
Round 184 global test acc  96.5400
Round 184 Fscore 

[]
Round 185 global test acc  96.5400
Round 185 Fscore 

[]
Round 186 global test acc  96.4500
Round 186 Fscore 

[]
Round 187 global test acc  96.4800
Round 187 Fscore 

[]
Round 188 global test acc  96.4700
Round 188 Fscore 

[]
Round 189 global test acc  96.4400
Round 189 Fscore 

[]
Round 190 global test acc  96.5400
Round 190 Fscore 

[]
Round 191 global test acc  96.4600
Round 191 Fscore 

[]
Round 192 global test acc  96.4400
Round 192 Fscore 

[]
Round 193 global test acc  96.5800
Round 193 Fscore 

[]
Round 194 global test acc  96.7800
Round 194 Fscore 

[]
Round 195 global test acc  96.5700
Round 195 Fscore 

[]
Round 196 global test acc  96.6300
Round 196 Fscore 

[]
Round 197 global test acc  96.5400
Round 197 Fscore 

[]
Round 198 global test acc  96.6200
Round 198 Fscore 

[]
Round 199 global test acc  96.4500
Round 199 Fscore 

[0.7665198445320129, 0.9983305335044861, 0.9130434989929199, 0.9081224799156189, 0.6335403323173523, 0.9974937438964844, 0.7922912240028381, 0.9208632707595825, 0.9265822768211365, 0.9545453786849976, 0.999165952205658, 0.9966555237770081, 0.9958159327507019, 0.9214929342269897, 0.999165952205658, 0.9518599510192871, 0.9974937438964844, 0.9983305335044861, 0.999165952205658, 0.9966555237770081, 0.7819548845291138, 0.9983305335044861, 0.9983305335044861, 0.887499988079071, 0.9983305335044861, 0.9974937438964844, 0.7164947986602783, 0.9330254793167114, 0.9983305335044861, 0.6361185908317566, 0.821490466594696, 0.9974937438964844, 0.9284848570823669, 0.9455388784408569, 0.9983305335044861, 0.7322654724121094, 0.9966555237770081, 1.0, 0.9017341732978821, 0.9966555237770081, 0.9983305335044861, 0.7777777910232544, 0.7754237651824951, 1.0, 1.0, 0.9974937438964844, 0.999165952205658, 0.9033942222595215, 0.8864266276359558, 0.999165952205658, 0.7909835577011108, 0.9491525292396545, 0.9983305335044861, 1.0, 0.9966555237770081, 0.9983305335044861, 0.8837876915931702, 0.8543046116828918, 0.9983305335044861, 0.9407582879066467, 0.691919207572937, 0.999165952205658, 0.91989666223526, 0.9974937438964844, 1.0, 0.9958159327507019, 0.999165952205658, 0.9425837397575378, 0.577617347240448, 0.8191488981246948, 0.9966555237770081, 0.999165952205658, 0.94525146484375, 0.999165952205658, 0.999165952205658, 0.7833002209663391, 1.0, 0.9983305335044861, 0.932844877243042, 0.7560975551605225, 0.9111111164093018, 0.9949748516082764, 0.9958159327507019, 0.9123287200927734, 0.9974937438964844, 1.0, 0.9974937438964844, 0.9983305335044861, 0.9352868795394897, 0.9983305335044861, 0.9010695219039917, 0.9105474352836609, 0.9983305335044861, 0.9983305335044861, 0.9501737952232361, 0.9974937438964844, 0.9974937438964844, 0.9983305335044861, 0.8841808438301086, 0.9194547533988953]
time : 8085.76007604599
('algorithm', 'RFL')
('gpu', 1)
('seed', 13)
('save_dir', './record/')
('rounds2', 200)
('local_ep', 5)
('frac2', 0.1)
('num_users', 100)
('local_bs', 32)
('lr', 0.1)
('model', 'lenet')
('num_classes', 10)
('level_n_system', 0.5)
('level_n_lowerb', 0.3)
('alpha_dirichlet', 10)
('non_iid_prob_class', 0.7)
('dataset', 'mnist')
('iid', True)
('LID_k', 20)
('iteration1', 5)
('rounds1', 200)
('frac1', 0.01)
('pretrained', False)
('mixup', False)
('alpha', 1)
('beta', 5)
('relabel_ratio', 0.5)
('confidence_thres', 0.5)
('clean_set_thres', 0.1)
('fine_tuning', True)
('correction', True)
('T_pl', 100)
('lambda_cen', 1.0)
('lambda_e', 0.8)
('num_gradual', 10)
('forget_rate', 0.2)
('lr_decay', 0.1)
('schedule', [])
('momentum', 0.5)
('weight_decay', 0.0001)
('feature_dim', 128)
('plr', 0.1)
('lamda', 15)
('K', 1)
('gamma', 1)
('begin_sel', 10)
('max_beta', 2)
('mu', 0.01)
('device', device(type='cuda', index=1))
Client 0, noise level: 0.7877 (0.7089), real noise ratio: 0.7100
Client 2, noise level: 0.4944 (0.4450), real noise ratio: 0.4383
Client 3, noise level: 0.4635 (0.4172), real noise ratio: 0.4250
Client 4, noise level: 0.8920 (0.8028), real noise ratio: 0.8300
Client 6, noise level: 0.7822 (0.7040), real noise ratio: 0.6883
Client 7, noise level: 0.4074 (0.3667), real noise ratio: 0.3583
Client 8, noise level: 0.4425 (0.3983), real noise ratio: 0.3883
Client 9, noise level: 0.3473 (0.3126), real noise ratio: 0.3000
Client 13, noise level: 0.4574 (0.4116), real noise ratio: 0.4017
Client 15, noise level: 0.3237 (0.2913), real noise ratio: 0.2733
Client 20, noise level: 0.7283 (0.6555), real noise ratio: 0.6533
Client 23, noise level: 0.5618 (0.5056), real noise ratio: 0.5233
Client 26, noise level: 0.8716 (0.7844), real noise ratio: 0.7683
Client 27, noise level: 0.3558 (0.3202), real noise ratio: 0.3250
Client 29, noise level: 0.8867 (0.7980), real noise ratio: 0.8017
Client 30, noise level: 0.6949 (0.6254), real noise ratio: 0.6050
Client 32, noise level: 0.4015 (0.3614), real noise ratio: 0.3617
Client 33, noise level: 0.3690 (0.3321), real noise ratio: 0.3200
Client 35, noise level: 0.7970 (0.7173), real noise ratio: 0.7317
Client 38, noise level: 0.5606 (0.5045), real noise ratio: 0.4783
Client 41, noise level: 0.7353 (0.6618), real noise ratio: 0.6850
Client 42, noise level: 0.8045 (0.7240), real noise ratio: 0.6917
Client 47, noise level: 0.4586 (0.4127), real noise ratio: 0.4233
Client 48, noise level: 0.5133 (0.4620), real noise ratio: 0.4667
Client 50, noise level: 0.7860 (0.7074), real noise ratio: 0.6750
Client 51, noise level: 0.3370 (0.3033), real noise ratio: 0.2983
Client 56, noise level: 0.5591 (0.5031), real noise ratio: 0.4833
Client 57, noise level: 0.6532 (0.5879), real noise ratio: 0.5683
Client 59, noise level: 0.3915 (0.3523), real noise ratio: 0.3383
Client 60, noise level: 0.8911 (0.8020), real noise ratio: 0.7717
Client 62, noise level: 0.4187 (0.3768), real noise ratio: 0.4017
Client 67, noise level: 0.3696 (0.3326), real noise ratio: 0.3417
Client 68, noise level: 0.9393 (0.8454), real noise ratio: 0.8667
Client 69, noise level: 0.7046 (0.6341), real noise ratio: 0.6133
Client 72, noise level: 0.3069 (0.2762), real noise ratio: 0.2900
Client 75, noise level: 0.7848 (0.7064), real noise ratio: 0.6717
Client 78, noise level: 0.3984 (0.3586), real noise ratio: 0.3617
Client 79, noise level: 0.7685 (0.6916), real noise ratio: 0.6867
Client 80, noise level: 0.5127 (0.4614), real noise ratio: 0.4517
Client 83, noise level: 0.4420 (0.3978), real noise ratio: 0.4433
Client 88, noise level: 0.4144 (0.3729), real noise ratio: 0.3617
Client 90, noise level: 0.4952 (0.4457), real noise ratio: 0.4367
Client 91, noise level: 0.4432 (0.3989), real noise ratio: 0.4250
Client 94, noise level: 0.3650 (0.3285), real noise ratio: 0.3150
Client 98, noise level: 0.5071 (0.4564), real noise ratio: 0.4767
Client 99, noise level: 0.4163 (0.3747), real noise ratio: 0.3800
LeNet(
  (conv1): Conv2d(1, 6, kernel_size=(5, 5), stride=(1, 1))
  (conv2): Conv2d(6, 16, kernel_size=(5, 5), stride=(1, 1))
  (batch_norm): BatchNorm2d(16, eps=1e-05, momentum=0.1, affine=True, track_running_stats=True)
  (fc1): Linear(in_features=400, out_features=120, bias=True)
  (fc2): Linear(in_features=120, out_features=84, bias=True)
  (fc3): Linear(in_features=84, out_features=10, bias=True)
)
Round 0 global test acc  66.8100
Round 0 Fscore 

[]
Round 1 global test acc  76.6600
Round 1 Fscore 

[]
Round 2 global test acc  84.5800
Round 2 Fscore 

[]
Round 3 global test acc  80.5000
Round 3 Fscore 

[]
Round 4 global test acc  82.3200
Round 4 Fscore 

[]
Round 5 global test acc  84.2100
Round 5 Fscore 

[]
Round 6 global test acc  84.3600
Round 6 Fscore 

[]
Round 7 global test acc  89.8500
Round 7 Fscore 

[]
Round 8 global test acc  71.1500
Round 8 Fscore 

[]
Round 9 global test acc  89.8200
Round 9 Fscore 

[]
Round 10 global test acc  90.1800
Round 10 Fscore 

[]
Round 11 global test acc  91.2900
Round 11 Fscore 

[]
Round 12 global test acc  92.1600
Round 12 Fscore 

[]
Round 13 global test acc  92.3500
Round 13 Fscore 

[]
Round 14 global test acc  91.2700
Round 14 Fscore 

[]
Round 15 global test acc  92.9400
Round 15 Fscore 

[]
Round 16 global test acc  92.4900
Round 16 Fscore 

[]
Round 17 global test acc  92.7200
Round 17 Fscore 

[]
Round 18 global test acc  92.8000
Round 18 Fscore 

[]
Round 19 global test acc  93.6100
Round 19 Fscore 

[]
Round 20 global test acc  92.9300
Round 20 Fscore 

[]
Round 21 global test acc  93.7000
Round 21 Fscore 

[]
Round 22 global test acc  93.7800
Round 22 Fscore 

[]
Round 23 global test acc  93.6100
Round 23 Fscore 

[]
Round 24 global test acc  94.2300
Round 24 Fscore 

[]
Round 25 global test acc  94.4000
Round 25 Fscore 

[]
Round 26 global test acc  93.8500
Round 26 Fscore 

[]
Round 27 global test acc  94.3900
Round 27 Fscore 

[]
Round 28 global test acc  93.7800
Round 28 Fscore 

[]
Round 29 global test acc  93.0700
Round 29 Fscore 

[]
Round 30 global test acc  93.8900
Round 30 Fscore 

[]
Round 31 global test acc  94.7000
Round 31 Fscore 

[]
Round 32 global test acc  94.7000
Round 32 Fscore 

[]
Round 33 global test acc  94.6000
Round 33 Fscore 

[]
Round 34 global test acc  94.8300
Round 34 Fscore 

[]
Round 35 global test acc  94.1300
Round 35 Fscore 

[]
Round 36 global test acc  94.9000
Round 36 Fscore 

[]
Round 37 global test acc  95.3500
Round 37 Fscore 

[]
Round 38 global test acc  95.2500
Round 38 Fscore 

[]
Round 39 global test acc  95.1400
Round 39 Fscore 

[]
Round 40 global test acc  95.2300
Round 40 Fscore 

[]
Round 41 global test acc  95.5200
Round 41 Fscore 

[]
Round 42 global test acc  95.3200
Round 42 Fscore 

[]
Round 43 global test acc  95.5000
Round 43 Fscore 

[]
Round 44 global test acc  95.3100
Round 44 Fscore 

[]
Round 45 global test acc  95.1000
Round 45 Fscore 

[]
Round 46 global test acc  95.3700
Round 46 Fscore 

[]
Round 47 global test acc  95.3900
Round 47 Fscore 

[]
Round 48 global test acc  95.8000
Round 48 Fscore 

[]
Round 49 global test acc  95.2900
Round 49 Fscore 

[]
Round 50 global test acc  95.1800
Round 50 Fscore 

[]
Round 51 global test acc  95.8500
Round 51 Fscore 

[]
Round 52 global test acc  95.6800
Round 52 Fscore 

[]
Round 53 global test acc  95.5100
Round 53 Fscore 

[]
Round 54 global test acc  95.8400
Round 54 Fscore 

[]
Round 55 global test acc  95.6300
Round 55 Fscore 

[]
Round 56 global test acc  95.7400
Round 56 Fscore 

[]
Round 57 global test acc  95.8200
Round 57 Fscore 

[]
Round 58 global test acc  95.7800
Round 58 Fscore 

[]
Round 59 global test acc  95.8800
Round 59 Fscore 

[]
Round 60 global test acc  95.6000
Round 60 Fscore 

[]
Round 61 global test acc  95.6900
Round 61 Fscore 

[]
Round 62 global test acc  95.8800
Round 62 Fscore 

[]
Round 63 global test acc  96.0600
Round 63 Fscore 

[]
Round 64 global test acc  95.9600
Round 64 Fscore 

[]
Round 65 global test acc  95.6800
Round 65 Fscore 

[]
Round 66 global test acc  95.8400
Round 66 Fscore 

[]
Round 67 global test acc  95.7600
Round 67 Fscore 

[]
Round 68 global test acc  95.9000
Round 68 Fscore 

[]
Round 69 global test acc  95.9300
Round 69 Fscore 

[]
Round 70 global test acc  95.7500
Round 70 Fscore 

[]
Round 71 global test acc  96.1000
Round 71 Fscore 

[]
Round 72 global test acc  95.7800
Round 72 Fscore 

[]
Round 73 global test acc  95.9100
Round 73 Fscore 

[]
Round 74 global test acc  95.8700
Round 74 Fscore 

[]
Round 75 global test acc  95.8000
Round 75 Fscore 

[]
Round 76 global test acc  95.7600
Round 76 Fscore 

[]
Round 77 global test acc  95.8200
Round 77 Fscore 

[]
Round 78 global test acc  95.9200
Round 78 Fscore 

[]
Round 79 global test acc  96.2400
Round 79 Fscore 

[]
Round 80 global test acc  95.5700
Round 80 Fscore 

[]
Round 81 global test acc  96.1500
Round 81 Fscore 

[]
Round 82 global test acc  96.1400
Round 82 Fscore 

[]
Round 83 global test acc  96.3100
Round 83 Fscore 

[]
Round 84 global test acc  96.3300
Round 84 Fscore 

[]
Round 85 global test acc  96.1900
Round 85 Fscore 

[]
Round 86 global test acc  96.2700
Round 86 Fscore 

[]
Round 87 global test acc  96.0100
Round 87 Fscore 

[]
Round 88 global test acc  96.3500
Round 88 Fscore 

[]
Round 89 global test acc  96.4900
Round 89 Fscore 

[]
Round 90 global test acc  96.5500
Round 90 Fscore 

[]
Round 91 global test acc  96.6900
Round 91 Fscore 

[]
Round 92 global test acc  96.4800
Round 92 Fscore 

[]
Round 93 global test acc  96.2200
Round 93 Fscore 

[]
Round 94 global test acc  96.4100
Round 94 Fscore 

[]
Round 95 global test acc  96.3100
Round 95 Fscore 

[]
Round 96 global test acc  96.3400
Round 96 Fscore 

[]
Round 97 global test acc  96.3900
Round 97 Fscore 

[]
Round 98 global test acc  96.3800
Round 98 Fscore 

[]
Round 99 global test acc  96.4200
Round 99 Fscore 

[]
Round 100 global test acc  96.1200
Round 100 Fscore 

[]
Round 101 global test acc  96.2100
Round 101 Fscore 

[]
Round 102 global test acc  95.8800
Round 102 Fscore 

[]
Round 103 global test acc  96.0000
Round 103 Fscore 

[]
Round 104 global test acc  96.1100
Round 104 Fscore 

[]
Round 105 global test acc  95.9000
Round 105 Fscore 

[]
Round 106 global test acc  96.1800
Round 106 Fscore 

[]
Round 107 global test acc  95.9700
Round 107 Fscore 

[]
Round 108 global test acc  95.6200
Round 108 Fscore 

[]
Round 109 global test acc  95.8200
Round 109 Fscore 

[]
Round 110 global test acc  96.0600
Round 110 Fscore 

[]
Round 111 global test acc  96.1800
Round 111 Fscore 

[]
Round 112 global test acc  96.3000
Round 112 Fscore 

[]
Round 113 global test acc  96.0000
Round 113 Fscore 

[]
Round 114 global test acc  96.1500
Round 114 Fscore 

[]
Round 115 global test acc  96.2300
Round 115 Fscore 

[]
Round 116 global test acc  96.1800
Round 116 Fscore 

[]
Round 117 global test acc  96.2600
Round 117 Fscore 

[]
Round 118 global test acc  96.1700
Round 118 Fscore 

[]
Round 119 global test acc  96.2700
Round 119 Fscore 

[]
Round 120 global test acc  96.1800
Round 120 Fscore 

[]
Round 121 global test acc  96.2700
Round 121 Fscore 

[]
Round 122 global test acc  96.3500
Round 122 Fscore 

[]
Round 123 global test acc  96.2900
Round 123 Fscore 

[]
Round 124 global test acc  96.3100
Round 124 Fscore 

[]
Round 125 global test acc  96.5100
Round 125 Fscore 

[]
Round 126 global test acc  96.2900
Round 126 Fscore 

[]
Round 127 global test acc  96.2200
Round 127 Fscore 

[]
Round 128 global test acc  96.1900
Round 128 Fscore 

[]
Round 129 global test acc  96.4000
Round 129 Fscore 

[]
Round 130 global test acc  96.3200
Round 130 Fscore 

[]
Round 131 global test acc  96.3100
Round 131 Fscore 

[]
Round 132 global test acc  96.5300
Round 132 Fscore 

[]
Round 133 global test acc  96.3300
Round 133 Fscore 

[]
Round 134 global test acc  96.0700
Round 134 Fscore 

[]
Round 135 global test acc  96.1200
Round 135 Fscore 

[]
Round 136 global test acc  96.2900
Round 136 Fscore 

[]
Round 137 global test acc  96.2800
Round 137 Fscore 

[]
Round 138 global test acc  96.2700
Round 138 Fscore 

[]
Round 139 global test acc  96.2800
Round 139 Fscore 

[]
Round 140 global test acc  96.2900
Round 140 Fscore 

[]
Round 141 global test acc  96.3200
Round 141 Fscore 

[]
Round 142 global test acc  96.5300
Round 142 Fscore 

[]
Round 143 global test acc  96.4100
Round 143 Fscore 

[]
Round 144 global test acc  96.2300
Round 144 Fscore 

[]
Round 145 global test acc  96.3300
Round 145 Fscore 

[]
Round 146 global test acc  96.1600
Round 146 Fscore 

[]
Round 147 global test acc  96.1500
Round 147 Fscore 

[]
Round 148 global test acc  96.1600
Round 148 Fscore 

[]
Round 149 global test acc  96.2200
Round 149 Fscore 

[]
Round 150 global test acc  96.1500
Round 150 Fscore 

[]
Round 151 global test acc  96.2900
Round 151 Fscore 

[]
Round 152 global test acc  95.9000
Round 152 Fscore 

[]
Round 153 global test acc  96.0300
Round 153 Fscore 

[]
Round 154 global test acc  96.3000
Round 154 Fscore 

[]
Round 155 global test acc  96.4400
Round 155 Fscore 

[]
Round 156 global test acc  96.2800
Round 156 Fscore 

[]
Round 157 global test acc  96.3500
Round 157 Fscore 

[]
Round 158 global test acc  96.3000
Round 158 Fscore 

[]
Round 159 global test acc  96.2300
Round 159 Fscore 

[]
Round 160 global test acc  96.1400
Round 160 Fscore 

[]
Round 161 global test acc  96.1300
Round 161 Fscore 

[]
Round 162 global test acc  95.9400
Round 162 Fscore 

[]
Round 163 global test acc  95.7900
Round 163 Fscore 

[]
Round 164 global test acc  96.1500
Round 164 Fscore 

[]
Round 165 global test acc  96.0600
Round 165 Fscore 

[]
Round 166 global test acc  96.1700
Round 166 Fscore 

[]
Round 167 global test acc  96.5800
Round 167 Fscore 

[]
Round 168 global test acc  96.5800
Round 168 Fscore 

[]
Round 169 global test acc  96.5300
Round 169 Fscore 

[]
Round 170 global test acc  96.4000
Round 170 Fscore 

[]
Round 171 global test acc  96.5800
Round 171 Fscore 

[]
Round 172 global test acc  96.4200
Round 172 Fscore 

[]
Round 173 global test acc  96.6600
Round 173 Fscore 

[]
Round 174 global test acc  96.6400
Round 174 Fscore 

[]
Round 175 global test acc  96.5300
Round 175 Fscore 

[]
Round 176 global test acc  96.3800
Round 176 Fscore 

[]
Round 177 global test acc  96.5700
Round 177 Fscore 

[]
Round 178 global test acc  96.4400
Round 178 Fscore 

[]
Round 179 global test acc  96.4400
Round 179 Fscore 

[]
Round 180 global test acc  96.3900
Round 180 Fscore 

[]
Round 181 global test acc  96.4300
Round 181 Fscore 

[]
Round 182 global test acc  96.4800
Round 182 Fscore 

[]
Round 183 global test acc  96.6200
Round 183 Fscore 

[]
Round 184 global test acc  96.7200
Round 184 Fscore 

[]
Round 185 global test acc  96.6000
Round 185 Fscore 

[]
Round 186 global test acc  96.5700
Round 186 Fscore 

[]
Round 187 global test acc  96.4900
Round 187 Fscore 

[]
Round 188 global test acc  96.3500
Round 188 Fscore 

[]
Round 189 global test acc  96.4500
Round 189 Fscore 

[]
Round 190 global test acc  96.5600
Round 190 Fscore 

[]
Round 191 global test acc  96.5800
Round 191 Fscore 

[]
Round 192 global test acc  96.5500
Round 192 Fscore 

[]
Round 193 global test acc  96.4800
Round 193 Fscore 

[]
Round 194 global test acc  96.7000
Round 194 Fscore 

[]
Round 195 global test acc  96.6600
Round 195 Fscore 

[]
Round 196 global test acc  96.6700
Round 196 Fscore 

[]
Round 197 global test acc  96.7200
Round 197 Fscore 

[]
Round 198 global test acc  96.7900
Round 198 Fscore 

[]
Round 199 global test acc  96.6000
Round 199 Fscore 

[0.7665198445320129, 0.9983305335044861, 0.9056603908538818, 0.9098143577575684, 0.6107784509658813, 0.9983305335044861, 0.7650728225708008, 0.9232614040374756, 0.9186483025550842, 0.9523809552192688, 0.9983305335044861, 0.9958159327507019, 0.9966555237770081, 0.9130434393882751, 0.999165952205658, 0.9465648531913757, 0.9974937438964844, 1.0, 0.9983305335044861, 0.9974937438964844, 0.7834274768829346, 0.9983305335044861, 0.9974937438964844, 0.8765432834625244, 0.999165952205658, 0.9983305335044861, 0.6949999928474426, 0.9341040253639221, 1.0, 0.6346666812896729, 0.8144329786300659, 0.9966555237770081, 0.9273607730865479, 0.9368541836738586, 0.999165952205658, 0.7239819765090942, 0.9949748516082764, 0.999165952205658, 0.9046242833137512, 0.9966555237770081, 0.999165952205658, 0.7620967626571655, 0.7773109674453735, 1.0, 1.0, 0.9983305335044861, 0.999165952205658, 0.9022164940834045, 0.8861110806465149, 0.999165952205658, 0.7806841135025024, 0.9417040944099426, 0.999165952205658, 0.999165952205658, 0.9974937438964844, 0.9983305335044861, 0.8806817531585693, 0.8481847643852234, 0.9974937438964844, 0.9363207221031189, 0.6602410078048706, 0.9983305335044861, 0.9132652878761292, 0.9974937438964844, 0.999165952205658, 0.9974937438964844, 0.999165952205658, 0.9392133355140686, 0.5714285373687744, 0.8191488981246948, 0.9974937438964844, 0.9974937438964844, 0.9432703256607056, 0.999165952205658, 0.999165952205658, 0.7680311799049377, 1.0, 0.9966555237770081, 0.9296116828918457, 0.7469878792762756, 0.8964577913284302, 0.9949748516082764, 0.999165952205658, 0.9012178778648376, 0.9983305335044861, 1.0, 0.9974937438964844, 0.9983305335044861, 0.9296116828918457, 1.0, 0.8953642249107361, 0.9120000004768372, 0.999165952205658, 0.9966555237770081, 0.9457901120185852, 0.9983305335044861, 0.9983305335044861, 0.999165952205658, 0.8845070600509644, 0.9205955862998962]
time : 7467.90411067009
