('algorithm', 'MR')
('gpu', 0)
('seed', 13)
('save_dir', './record/')
('rounds2', 200)
('local_ep', 5)
('frac2', 0.1)
('num_users', 100)
('local_bs', 32)
('lr', 0.1)
('model', 'lenet')
('num_classes', 10)
('level_n_system', 0.5)
('level_n_lowerb', 0.3)
('alpha_dirichlet', 10)
('non_iid_prob_class', 0.7)
('dataset', 'mnist')
('iid', False)
('LID_k', 20)
('iteration1', 5)
('rounds1', 200)
('frac1', 0.01)
('pretrained', False)
('mixup', False)
('alpha', 1)
('beta', 5)
('relabel_ratio', 0.5)
('confidence_thres', 0.5)
('clean_set_thres', 0.1)
('fine_tuning', True)
('correction', True)
('T_pl', 100)
('lambda_cen', 1.0)
('lambda_e', 0.8)
('num_gradual', 10)
('forget_rate', 0.2)
('lr_decay', 0.1)
('schedule', [])
('momentum', 0.5)
('weight_decay', 0.0001)
('feature_dim', 128)
('plr', 0.1)
('lamda', 15)
('K', 5)
('gamma', 1)
('begin_sel', 10)
('device', device(type='cuda', index=0))
Client 0, noise level: 0.7877 (0.7089), real noise ratio: 0.7014
Client 2, noise level: 0.4944 (0.4450), real noise ratio: 0.4323
Client 3, noise level: 0.4635 (0.4172), real noise ratio: 0.4151
Client 4, noise level: 0.8920 (0.8028), real noise ratio: 0.7648
Client 6, noise level: 0.7822 (0.7040), real noise ratio: 0.7036
Client 7, noise level: 0.4074 (0.3667), real noise ratio: 0.4174
Client 8, noise level: 0.4425 (0.3983), real noise ratio: 0.3989
Client 9, noise level: 0.3473 (0.3126), real noise ratio: 0.3128
Client 13, noise level: 0.4574 (0.4116), real noise ratio: 0.3993
Client 15, noise level: 0.3237 (0.2913), real noise ratio: 0.2892
Client 20, noise level: 0.7283 (0.6555), real noise ratio: 0.6687
Client 23, noise level: 0.5618 (0.5056), real noise ratio: 0.4925
Client 26, noise level: 0.8716 (0.7844), real noise ratio: 0.7764
Client 27, noise level: 0.3558 (0.3202), real noise ratio: 0.3077
Client 29, noise level: 0.8867 (0.7980), real noise ratio: 0.8104
Client 30, noise level: 0.6949 (0.6254), real noise ratio: 0.6186
Client 32, noise level: 0.4015 (0.3614), real noise ratio: 0.3591
Client 33, noise level: 0.3690 (0.3321), real noise ratio: 0.3109
Client 35, noise level: 0.7970 (0.7173), real noise ratio: 0.7238
Client 38, noise level: 0.5606 (0.5045), real noise ratio: 0.5052
Client 41, noise level: 0.7353 (0.6618), real noise ratio: 0.6343
Client 42, noise level: 0.8045 (0.7240), real noise ratio: 0.7427
Client 47, noise level: 0.4586 (0.4127), real noise ratio: 0.4097
Client 48, noise level: 0.5133 (0.4620), real noise ratio: 0.4300
Client 50, noise level: 0.7860 (0.7074), real noise ratio: 0.7048
Client 51, noise level: 0.3370 (0.3033), real noise ratio: 0.3090
Client 56, noise level: 0.5591 (0.5031), real noise ratio: 0.4571
Client 57, noise level: 0.6532 (0.5879), real noise ratio: 0.5950
Client 59, noise level: 0.3915 (0.3523), real noise ratio: 0.3481
Client 60, noise level: 0.8911 (0.8020), real noise ratio: 0.7911
Client 62, noise level: 0.4187 (0.3768), real noise ratio: 0.3221
Client 67, noise level: 0.3696 (0.3326), real noise ratio: 0.3136
Client 68, noise level: 0.9393 (0.8454), real noise ratio: 0.8434
Client 69, noise level: 0.7046 (0.6341), real noise ratio: 0.6203
Client 72, noise level: 0.3069 (0.2762), real noise ratio: 0.2947
Client 75, noise level: 0.7848 (0.7064), real noise ratio: 0.7193
Client 78, noise level: 0.3984 (0.3586), real noise ratio: 0.3189
Client 79, noise level: 0.7685 (0.6916), real noise ratio: 0.6941
Client 80, noise level: 0.5127 (0.4614), real noise ratio: 0.4699
Client 83, noise level: 0.4420 (0.3978), real noise ratio: 0.3868
Client 88, noise level: 0.4144 (0.3729), real noise ratio: 0.3665
Client 90, noise level: 0.4952 (0.4457), real noise ratio: 0.4731
Client 91, noise level: 0.4432 (0.3989), real noise ratio: 0.4085
Client 94, noise level: 0.3650 (0.3285), real noise ratio: 0.3915
Client 98, noise level: 0.5071 (0.4564), real noise ratio: 0.4421
Client 99, noise level: 0.4163 (0.3747), real noise ratio: 0.3918
Round 0 global test acc  53.3814
Round 1 global test acc  65.7216
Round 2 global test acc  80.4742
Round 3 global test acc  83.6392
Round 4 global test acc  84.1237
Round 5 global test acc  76.4845
Round 6 global test acc  84.8969
Round 7 global test acc  87.4742
Round 8 global test acc  88.2268
Round 9 global test acc  91.1546
Round 10 global test acc  85.7526
Round 11 global test acc  87.1753
Round 12 global test acc  89.8866
Round 13 global test acc  91.9794
Round 14 global test acc  92.5670
Round 15 global test acc  89.2577
Round 16 global test acc  93.2680
Round 17 global test acc  93.6082
Round 18 global test acc  92.9691
Round 19 global test acc  93.9072
Round 20 global test acc  94.1340
Round 21 global test acc  93.9794
Round 22 global test acc  92.7938
Round 23 global test acc  94.3196
Round 24 global test acc  94.4124
Round 25 global test acc  93.6907
Round 26 global test acc  93.7423
Round 27 global test acc  85.9278
Round 28 global test acc  81.3918
Round 29 global test acc  94.0515
Round 30 global test acc  93.9897
Round 31 global test acc  93.7835
Round 32 global test acc  94.8454
Round 33 global test acc  82.0206
Round 34 global test acc  94.2268
Round 35 global test acc  94.4124
Round 36 global test acc  95.2887
Round 37 global test acc  95.2680
Round 38 global test acc  94.7010
Round 39 global test acc  95.3608
Round 40 global test acc  95.5464
Round 41 global test acc  95.1649
Round 42 global test acc  95.2165
Round 43 global test acc  95.4948
Round 44 global test acc  95.7629
Round 45 global test acc  93.3505
Round 46 global test acc  93.4124
Round 47 global test acc  93.3608
Round 48 global test acc  95.6289
Round 49 global test acc  94.8763
Round 50 global test acc  94.0206
Round 51 global test acc  95.9897
Round 52 global test acc  95.8247
Round 53 global test acc  95.7423
Round 54 global test acc  95.7732
Round 55 global test acc  95.9897
Round 56 global test acc  96.1443
Round 57 global test acc  96.2474
Round 58 global test acc  95.0000
Round 59 global test acc  95.2990
Round 60 global test acc  95.1031
Round 61 global test acc  95.9588
Round 62 global test acc  95.8660
Round 63 global test acc  95.8041
Round 64 global test acc  95.9485
Round 65 global test acc  95.6186
Round 66 global test acc  95.6701
Round 67 global test acc  92.4330
Round 68 global test acc  95.3711
Round 69 global test acc  94.8763
Round 70 global test acc  95.0825
Round 71 global test acc  93.8866
Round 72 global test acc  95.4536
Round 73 global test acc  96.0103
Round 74 global test acc  95.4845
Round 75 global test acc  95.7732
Round 76 global test acc  95.8351
Round 77 global test acc  95.9381
Round 78 global test acc  96.1753
Round 79 global test acc  92.8454
Round 80 global test acc  95.1649
Round 81 global test acc  95.6082
Round 82 global test acc  95.4433
Round 83 global test acc  95.7629
Round 84 global test acc  95.9691
Round 85 global test acc  96.1856
Round 86 global test acc  95.1753
Round 87 global test acc  95.7629
Round 88 global test acc  95.9278
Round 89 global test acc  95.6907
Round 90 global test acc  96.0206
Round 91 global test acc  96.2165
Round 92 global test acc  95.0309
Round 93 global test acc  96.1237
Round 94 global test acc  95.8041
Round 95 global test acc  96.2577
Round 96 global test acc  94.7320
Round 97 global test acc  95.8866
Round 98 global test acc  91.3814
Round 99 global test acc  95.8763
Round 100 global test acc  95.9691
Round 101 global test acc  95.8660
Round 102 global test acc  94.7732
Round 103 global test acc  95.0619
Round 104 global test acc  94.6701
Round 105 global test acc  95.2577
Round 106 global test acc  95.2577
Round 107 global test acc  94.7113
Round 108 global test acc  95.5670
Round 109 global test acc  92.4845
Round 110 global test acc  95.7320
Round 111 global test acc  95.6392
Round 112 global test acc  95.3505
Round 113 global test acc  95.5155
Round 114 global test acc  95.3299
Round 115 global test acc  95.7629
Round 116 global test acc  95.7938
Round 117 global test acc  95.4021
Round 118 global test acc  95.7010
Round 119 global test acc  95.6082
Round 120 global test acc  96.1031
Round 121 global test acc  95.4536
Round 122 global test acc  95.5052
Round 123 global test acc  95.3402
Round 124 global test acc  95.9175
Round 125 global test acc  88.2062
Round 126 global test acc  94.7320
Round 127 global test acc  95.8866
Round 128 global test acc  95.3608
Round 129 global test acc  95.3814
Round 130 global test acc  95.6598
Round 131 global test acc  95.8866
Round 132 global test acc  95.7320
Round 133 global test acc  95.8247
Round 134 global test acc  95.9072
Round 135 global test acc  95.9588
Round 136 global test acc  95.9794
Round 137 global test acc  95.9897
Round 138 global test acc  95.9897
Round 139 global test acc  95.7835
Round 140 global test acc  95.8041
Round 141 global test acc  93.4433
Round 142 global test acc  96.1753
Round 143 global test acc  96.3196
Round 144 global test acc  96.2165
Round 145 global test acc  96.3093
Round 146 global test acc  96.2784
Round 147 global test acc  96.2062
Round 148 global test acc  96.1856
Round 149 global test acc  95.9072
Round 150 global test acc  95.8866
Round 151 global test acc  95.7629
Round 152 global test acc  95.7629
Round 153 global test acc  96.0206
Round 154 global test acc  95.9794
Round 155 global test acc  95.9072
Round 156 global test acc  95.7629
Round 157 global test acc  95.9381
Round 158 global test acc  96.0515
Round 159 global test acc  95.8351
Round 160 global test acc  95.3711
Round 161 global test acc  96.0206
Round 162 global test acc  96.0619
Round 163 global test acc  96.2268
Round 164 global test acc  96.2062
Round 165 global test acc  96.2474
Round 166 global test acc  96.2680
Round 167 global test acc  95.7113
Round 168 global test acc  95.9794
Round 169 global test acc  95.6598
Round 170 global test acc  95.3299
Round 171 global test acc  95.4330
Round 172 global test acc  95.1237
Round 173 global test acc  95.6907
Round 174 global test acc  95.6598
Round 175 global test acc  95.4742
Round 176 global test acc  95.6495
Round 177 global test acc  95.3711
Round 178 global test acc  95.7320
Round 179 global test acc  95.5876
Round 180 global test acc  95.4227
Round 181 global test acc  94.5876
Round 182 global test acc  62.0412
Round 183 global test acc  92.3505
Round 184 global test acc  95.3711
Round 185 global test acc  95.7938
Round 186 global test acc  95.7320
Round 187 global test acc  96.1649
Round 188 global test acc  96.3299
Round 189 global test acc  95.8866
Round 190 global test acc  95.7629
Round 191 global test acc  95.7732
Round 192 global test acc  94.7938
Round 193 global test acc  95.6598
Round 194 global test acc  95.0619
Round 195 global test acc  92.5052
Round 196 global test acc  95.7938
Round 197 global test acc  95.4536
Round 198 global test acc  95.0825
Round 199 global test acc  94.6907
time : 911.2893943786621
('algorithm', 'MR')
('gpu', 0)
('seed', 13)
('save_dir', './record/')
('rounds2', 200)
('local_ep', 5)
('frac2', 0.1)
('num_users', 100)
('local_bs', 32)
('lr', 0.1)
('model', 'lenet')
('num_classes', 10)
('level_n_system', 0.5)
('level_n_lowerb', 0.3)
('alpha_dirichlet', 10)
('non_iid_prob_class', 0.7)
('dataset', 'mnist')
('iid', False)
('LID_k', 20)
('iteration1', 5)
('rounds1', 200)
('frac1', 0.01)
('pretrained', False)
('mixup', False)
('alpha', 1)
('beta', 5)
('relabel_ratio', 0.5)
('confidence_thres', 0.5)
('clean_set_thres', 0.1)
('fine_tuning', True)
('correction', True)
('T_pl', 100)
('lambda_cen', 1.0)
('lambda_e', 0.8)
('num_gradual', 10)
('forget_rate', 0.2)
('lr_decay', 0.1)
('schedule', [])
('momentum', 0.5)
('weight_decay', 0.0001)
('feature_dim', 128)
('plr', 0.1)
('lamda', 15)
('K', 5)
('gamma', 1)
('begin_sel', 10)
('mu', 0.01)
('device', device(type='cuda', index=0))
Client 0, noise level: 0.7877 (0.7089), real noise ratio: 0.7014
Client 2, noise level: 0.4944 (0.4450), real noise ratio: 0.4323
Client 3, noise level: 0.4635 (0.4172), real noise ratio: 0.4151
Client 4, noise level: 0.8920 (0.8028), real noise ratio: 0.7648
Client 6, noise level: 0.7822 (0.7040), real noise ratio: 0.7036
Client 7, noise level: 0.4074 (0.3667), real noise ratio: 0.4174
Client 8, noise level: 0.4425 (0.3983), real noise ratio: 0.3989
Client 9, noise level: 0.3473 (0.3126), real noise ratio: 0.3128
Client 13, noise level: 0.4574 (0.4116), real noise ratio: 0.3993
Client 15, noise level: 0.3237 (0.2913), real noise ratio: 0.2892
Client 20, noise level: 0.7283 (0.6555), real noise ratio: 0.6687
Client 23, noise level: 0.5618 (0.5056), real noise ratio: 0.4925
Client 26, noise level: 0.8716 (0.7844), real noise ratio: 0.7764
Client 27, noise level: 0.3558 (0.3202), real noise ratio: 0.3077
Client 29, noise level: 0.8867 (0.7980), real noise ratio: 0.8104
Client 30, noise level: 0.6949 (0.6254), real noise ratio: 0.6186
Client 32, noise level: 0.4015 (0.3614), real noise ratio: 0.3591
Client 33, noise level: 0.3690 (0.3321), real noise ratio: 0.3109
Client 35, noise level: 0.7970 (0.7173), real noise ratio: 0.7238
Client 38, noise level: 0.5606 (0.5045), real noise ratio: 0.5052
Client 41, noise level: 0.7353 (0.6618), real noise ratio: 0.6343
Client 42, noise level: 0.8045 (0.7240), real noise ratio: 0.7427
Client 47, noise level: 0.4586 (0.4127), real noise ratio: 0.4097
Client 48, noise level: 0.5133 (0.4620), real noise ratio: 0.4300
Client 50, noise level: 0.7860 (0.7074), real noise ratio: 0.7048
Client 51, noise level: 0.3370 (0.3033), real noise ratio: 0.3090
Client 56, noise level: 0.5591 (0.5031), real noise ratio: 0.4571
Client 57, noise level: 0.6532 (0.5879), real noise ratio: 0.5950
Client 59, noise level: 0.3915 (0.3523), real noise ratio: 0.3481
Client 60, noise level: 0.8911 (0.8020), real noise ratio: 0.7911
Client 62, noise level: 0.4187 (0.3768), real noise ratio: 0.3221
Client 67, noise level: 0.3696 (0.3326), real noise ratio: 0.3136
Client 68, noise level: 0.9393 (0.8454), real noise ratio: 0.8434
Client 69, noise level: 0.7046 (0.6341), real noise ratio: 0.6203
Client 72, noise level: 0.3069 (0.2762), real noise ratio: 0.2947
Client 75, noise level: 0.7848 (0.7064), real noise ratio: 0.7193
Client 78, noise level: 0.3984 (0.3586), real noise ratio: 0.3189
Client 79, noise level: 0.7685 (0.6916), real noise ratio: 0.6941
Client 80, noise level: 0.5127 (0.4614), real noise ratio: 0.4699
Client 83, noise level: 0.4420 (0.3978), real noise ratio: 0.3868
Client 88, noise level: 0.4144 (0.3729), real noise ratio: 0.3665
Client 90, noise level: 0.4952 (0.4457), real noise ratio: 0.4731
Client 91, noise level: 0.4432 (0.3989), real noise ratio: 0.4085
Client 94, noise level: 0.3650 (0.3285), real noise ratio: 0.3915
Client 98, noise level: 0.5071 (0.4564), real noise ratio: 0.4421
Client 99, noise level: 0.4163 (0.3747), real noise ratio: 0.3918
Round 0 global test acc  54.9794
Round 1 global test acc  64.4948
Round 2 global test acc  70.0928
Round 3 global test acc  84.6392
Round 4 global test acc  86.4948
Round 5 global test acc  68.5979
Round 6 global test acc  90.1340
Round 7 global test acc  87.3196
Round 8 global test acc  89.6495
Round 9 global test acc  92.7113
Round 10 global test acc  79.1031
Round 11 global test acc  91.6289
Round 12 global test acc  92.3402
Round 13 global test acc  93.4742
Round 14 global test acc  93.3196
Round 15 global test acc  93.4742
Round 16 global test acc  94.0412
Round 17 global test acc  94.3196
Round 18 global test acc  94.0825
Round 19 global test acc  94.8866
Round 20 global test acc  95.0412
Round 21 global test acc  94.6082
Round 22 global test acc  93.1856
Round 23 global test acc  95.1031
Round 24 global test acc  95.2680
Round 25 global test acc  93.0000
Round 26 global test acc  95.3711
Round 27 global test acc  95.5567
Round 28 global test acc  95.2990
Round 29 global test acc  95.6495
Round 30 global test acc  95.5670
Round 31 global test acc  95.5155
Round 32 global test acc  93.7216
Round 33 global test acc  95.9794
Round 34 global test acc  96.1546
Round 35 global test acc  95.1959
Round 36 global test acc  95.5052
Round 37 global test acc  96.2680
Round 38 global test acc  90.4536
Round 39 global test acc  96.1546
Round 40 global test acc  96.4021
Round 41 global test acc  95.8454
Round 42 global test acc  95.9794
Round 43 global test acc  96.2680
Round 44 global test acc  96.3196
Round 45 global test acc  96.2268
Round 46 global test acc  95.6701
Round 47 global test acc  96.3711
Round 48 global test acc  96.4845
Round 49 global test acc  96.6289
Round 50 global test acc  96.5876
Round 51 global test acc  95.8763
Round 52 global test acc  96.5155
Round 53 global test acc  69.6598
Round 54 global test acc  95.5155
Round 55 global test acc  95.8041
Round 56 global test acc  96.3505
Round 57 global test acc  96.2887
Round 58 global test acc  96.4639
Round 59 global test acc  96.2680
Round 60 global test acc  96.6186
Round 61 global test acc  96.5876
Round 62 global test acc  96.4021
Round 63 global test acc  96.3608
Round 64 global test acc  95.9072
Round 65 global test acc  96.1649
Round 66 global test acc  96.1649
Round 67 global test acc  96.4845
Round 68 global test acc  96.0000
Round 69 global test acc  95.8351
Round 70 global test acc  96.1134
Round 71 global test acc  96.3608
Round 72 global test acc  96.2165
Round 73 global test acc  96.4433
Round 74 global test acc  96.4742
Round 75 global test acc  96.1753
Round 76 global test acc  96.3918
Round 77 global test acc  96.5361
Round 78 global test acc  96.8969
Round 79 global test acc  96.3608
Round 80 global test acc  96.8247
Round 81 global test acc  96.7320
Round 82 global test acc  95.3608
Round 83 global test acc  96.6289
Round 84 global test acc  96.6186
Round 85 global test acc  96.7320
Round 86 global test acc  96.8247
Round 87 global test acc  96.7320
Round 88 global test acc  96.7629
Round 89 global test acc  96.2680
Round 90 global test acc  96.6701
Round 91 global test acc  96.8660
Round 92 global test acc  96.8660
Round 93 global test acc  96.9897
Round 94 global test acc  97.0619
Round 95 global test acc  97.0309
Round 96 global test acc  96.8660
Round 97 global test acc  96.5464
Round 98 global test acc  96.8351
Round 99 global test acc  96.4433
Round 100 global test acc  96.7113
Round 101 global test acc  96.7629
Round 102 global test acc  95.0103
Round 103 global test acc  96.4639
Round 104 global test acc  96.4845
Round 105 global test acc  96.5876
Round 106 global test acc  96.5361
Round 107 global test acc  96.4433
Round 108 global test acc  96.3711
Round 109 global test acc  96.5361
Round 110 global test acc  96.7835
Round 111 global test acc  96.9381
Round 112 global test acc  95.3093
Round 113 global test acc  96.5052
Round 114 global test acc  96.4845
Round 115 global test acc  96.8144
Round 116 global test acc  96.7216
Round 117 global test acc  96.5876
Round 118 global test acc  96.5567
Round 119 global test acc  96.5567
Round 120 global test acc  95.4948
Round 121 global test acc  96.2577
Round 122 global test acc  96.5155
Round 123 global test acc  96.6804
Round 124 global test acc  94.8041
Round 125 global test acc  82.6289
Round 126 global test acc  96.2268
Round 127 global test acc  96.4021
Round 128 global test acc  96.4124
Round 129 global test acc  96.2371
Round 130 global test acc  96.4227
Round 131 global test acc  96.5670
Round 132 global test acc  96.7320
Round 133 global test acc  96.8763
Round 134 global test acc  96.7423
Round 135 global test acc  96.6804
Round 136 global test acc  96.7423
Round 137 global test acc  96.7216
Round 138 global test acc  97.0103
Round 139 global test acc  96.8247
Round 140 global test acc  96.6701
Round 141 global test acc  96.3918
Round 142 global test acc  96.6701
Round 143 global test acc  96.9175
Round 144 global test acc  96.8247
Round 145 global test acc  94.0309
Round 146 global test acc  96.7938
Round 147 global test acc  96.6392
Round 148 global test acc  96.5773
Round 149 global test acc  96.4536
Round 150 global test acc  96.5979
Round 151 global test acc  39.2062
Round 152 global test acc  94.7010
Round 153 global test acc  93.0206
Round 154 global test acc  94.5361
Round 155 global test acc  95.7938
Round 156 global test acc  96.0825
Round 157 global test acc  95.8763
Round 158 global test acc  96.1959
Round 159 global test acc  96.2577
Round 160 global test acc  96.1546
Round 161 global test acc  96.2990
Round 162 global test acc  96.1753
Round 163 global test acc  96.5258
Round 164 global test acc  96.6082
Round 165 global test acc  96.6907
Round 166 global test acc  93.1237
Round 167 global test acc  95.8247
Round 168 global test acc  96.3196
Round 169 global test acc  96.0412
Round 170 global test acc  96.3711
Round 171 global test acc  96.5258
Round 172 global test acc  95.8969
Round 173 global test acc  96.1753
Round 174 global test acc  96.6804
Round 175 global test acc  96.7938
Round 176 global test acc  96.7629
Round 177 global test acc  96.2062
Round 178 global test acc  96.3402
Round 179 global test acc  96.5155
Round 180 global test acc  96.5567
Round 181 global test acc  96.3093
Round 182 global test acc  96.3814
Round 183 global test acc  96.5361
Round 184 global test acc  96.0825
Round 185 global test acc  95.5052
Round 186 global test acc  96.5052
Round 187 global test acc  96.7732
Round 188 global test acc  96.7629
Round 189 global test acc  96.5464
Round 190 global test acc  96.5670
Round 191 global test acc  96.6186
Round 192 global test acc  96.3196
Round 193 global test acc  96.5670
Round 194 global test acc  95.6186
Round 195 global test acc  96.5155
Round 196 global test acc  96.4433
Round 197 global test acc  10.3299
Round 198 global test acc  94.8041
Round 199 global test acc  94.9485
time : 893.7451832294464
('algorithm', 'MR')
('gpu', 0)
('seed', 13)
('save_dir', './record/')
('rounds2', 200)
('local_ep', 5)
('frac2', 0.1)
('num_users', 100)
('local_bs', 32)
('lr', 0.1)
('model', 'lenet')
('num_classes', 10)
('level_n_system', 0.5)
('level_n_lowerb', 0.3)
('alpha_dirichlet', 10)
('non_iid_prob_class', 0.7)
('dataset', 'mnist')
('iid', False)
('LID_k', 20)
('iteration1', 5)
('rounds1', 200)
('frac1', 0.01)
('pretrained', False)
('mixup', False)
('alpha', 1)
('beta', 5)
('relabel_ratio', 0.5)
('confidence_thres', 0.5)
('clean_set_thres', 0.1)
('fine_tuning', True)
('correction', True)
('T_pl', 100)
('lambda_cen', 1.0)
('lambda_e', 0.8)
('num_gradual', 10)
('forget_rate', 0.2)
('lr_decay', 0.1)
('schedule', [])
('momentum', 0.5)
('weight_decay', 0.0001)
('feature_dim', 128)
('plr', 0.1)
('lamda', 15)
('K', 5)
('gamma', 1)
('begin_sel', 10)
('mu', 0.01)
('device', device(type='cuda', index=0))
Client 0, noise level: 0.7877 (0.7089), real noise ratio: 0.7014
Client 2, noise level: 0.4944 (0.4450), real noise ratio: 0.4323
Client 3, noise level: 0.4635 (0.4172), real noise ratio: 0.4151
Client 4, noise level: 0.8920 (0.8028), real noise ratio: 0.7648
Client 6, noise level: 0.7822 (0.7040), real noise ratio: 0.7036
Client 7, noise level: 0.4074 (0.3667), real noise ratio: 0.4174
Client 8, noise level: 0.4425 (0.3983), real noise ratio: 0.3989
Client 9, noise level: 0.3473 (0.3126), real noise ratio: 0.3128
Client 13, noise level: 0.4574 (0.4116), real noise ratio: 0.3993
Client 15, noise level: 0.3237 (0.2913), real noise ratio: 0.2892
Client 20, noise level: 0.7283 (0.6555), real noise ratio: 0.6687
Client 23, noise level: 0.5618 (0.5056), real noise ratio: 0.4925
Client 26, noise level: 0.8716 (0.7844), real noise ratio: 0.7764
Client 27, noise level: 0.3558 (0.3202), real noise ratio: 0.3077
Client 29, noise level: 0.8867 (0.7980), real noise ratio: 0.8104
Client 30, noise level: 0.6949 (0.6254), real noise ratio: 0.6186
Client 32, noise level: 0.4015 (0.3614), real noise ratio: 0.3591
Client 33, noise level: 0.3690 (0.3321), real noise ratio: 0.3109
Client 35, noise level: 0.7970 (0.7173), real noise ratio: 0.7238
Client 38, noise level: 0.5606 (0.5045), real noise ratio: 0.5052
Client 41, noise level: 0.7353 (0.6618), real noise ratio: 0.6343
Client 42, noise level: 0.8045 (0.7240), real noise ratio: 0.7427
Client 47, noise level: 0.4586 (0.4127), real noise ratio: 0.4097
Client 48, noise level: 0.5133 (0.4620), real noise ratio: 0.4300
Client 50, noise level: 0.7860 (0.7074), real noise ratio: 0.7048
Client 51, noise level: 0.3370 (0.3033), real noise ratio: 0.3090
Client 56, noise level: 0.5591 (0.5031), real noise ratio: 0.4571
Client 57, noise level: 0.6532 (0.5879), real noise ratio: 0.5950
Client 59, noise level: 0.3915 (0.3523), real noise ratio: 0.3481
Client 60, noise level: 0.8911 (0.8020), real noise ratio: 0.7911
Client 62, noise level: 0.4187 (0.3768), real noise ratio: 0.3221
Client 67, noise level: 0.3696 (0.3326), real noise ratio: 0.3136
Client 68, noise level: 0.9393 (0.8454), real noise ratio: 0.8434
Client 69, noise level: 0.7046 (0.6341), real noise ratio: 0.6203
Client 72, noise level: 0.3069 (0.2762), real noise ratio: 0.2947
Client 75, noise level: 0.7848 (0.7064), real noise ratio: 0.7193
Client 78, noise level: 0.3984 (0.3586), real noise ratio: 0.3189
Client 79, noise level: 0.7685 (0.6916), real noise ratio: 0.6941
Client 80, noise level: 0.5127 (0.4614), real noise ratio: 0.4699
Client 83, noise level: 0.4420 (0.3978), real noise ratio: 0.3868
Client 88, noise level: 0.4144 (0.3729), real noise ratio: 0.3665
Client 90, noise level: 0.4952 (0.4457), real noise ratio: 0.4731
Client 91, noise level: 0.4432 (0.3989), real noise ratio: 0.4085
Client 94, noise level: 0.3650 (0.3285), real noise ratio: 0.3915
Client 98, noise level: 0.5071 (0.4564), real noise ratio: 0.4421
Client 99, noise level: 0.4163 (0.3747), real noise ratio: 0.3918
Round 0 global test acc  32.7835
Round 1 global test acc  61.5258
Round 2 global test acc  77.2577
Round 3 global test acc  68.1649
Round 4 global test acc  86.2371
Round 5 global test acc  87.3608
Round 6 global test acc  53.0412
Round 7 global test acc  90.2474
Round 8 global test acc  92.6082
Round 9 global test acc  75.5155
Round 10 global test acc  90.7010
Round 11 global test acc  93.3814
Round 12 global test acc  93.9691
Round 13 global test acc  93.4639
Round 14 global test acc  94.3505
Round 15 global test acc  93.8660
Round 16 global test acc  85.9485
Round 17 global test acc  94.7526
Round 18 global test acc  94.8969
Round 19 global test acc  94.8763
Round 20 global test acc  94.2887
Round 21 global test acc  95.3608
Round 22 global test acc  89.5670
Round 23 global test acc  93.2062
Round 24 global test acc  94.8557
Round 25 global test acc  57.4227
Round 26 global test acc  94.6289
Round 27 global test acc  95.0722
Round 28 global test acc  95.1340
Round 29 global test acc  88.5155
Round 30 global test acc  87.4021
Round 31 global test acc  52.9381
Round 32 global test acc  93.7423
Round 33 global test acc  95.0309
Round 34 global test acc  95.4742
Round 35 global test acc  92.2062
Round 36 global test acc  95.5979
Round 37 global test acc  95.7835
Round 38 global test acc  95.4742
Round 39 global test acc  95.6907
Round 40 global test acc  93.2474
Round 41 global test acc  95.4948
Round 42 global test acc  95.4536
Round 43 global test acc  95.6392
Round 44 global test acc  92.9175
Round 45 global test acc  87.8866
Round 46 global test acc  94.0309
Round 47 global test acc  95.3711
Round 48 global test acc  95.9072
Round 49 global test acc  95.4742
Round 50 global test acc  95.4330
Round 51 global test acc  95.6701
Round 52 global test acc  95.6701
Round 53 global test acc  95.2784
Round 54 global test acc  83.4948
Round 55 global test acc  93.9072
Round 56 global test acc  95.2268
Round 57 global test acc  93.7526
Round 58 global test acc  95.1340
Round 59 global test acc  95.1031
Round 60 global test acc  95.8660
Round 61 global test acc  95.6804
Round 62 global test acc  94.4948
Round 63 global test acc  95.5979
Round 64 global test acc  95.6289
Round 65 global test acc  95.8247
Round 66 global test acc  95.6495
Round 67 global test acc  96.0103
Round 68 global test acc  96.0412
Round 69 global test acc  94.8454
Round 70 global test acc  95.8557
Round 71 global test acc  95.5361
Round 72 global test acc  95.7010
Round 73 global test acc  95.6598
Round 74 global test acc  73.1443
Round 75 global test acc  82.8660
Round 76 global test acc  94.8041
Round 77 global test acc  95.0515
Round 78 global test acc  95.5773
Round 79 global test acc  95.1134
Round 80 global test acc  90.7216
Round 81 global test acc  95.5052
Round 82 global test acc  95.2577
Round 83 global test acc  95.4021
Round 84 global test acc  95.6082
Round 85 global test acc  95.7629
Round 86 global test acc  95.7320
Round 87 global test acc  95.8351
Round 88 global test acc  95.6804
Round 89 global test acc  95.6186
Round 90 global test acc  95.8969
Round 91 global test acc  96.0309
Round 92 global test acc  95.9485
Round 93 global test acc  96.2474
Round 94 global test acc  96.1443
Round 95 global test acc  96.0515
Round 96 global test acc  94.0515
Round 97 global test acc  95.5258
Round 98 global test acc  95.9485
Round 99 global test acc  96.0309
Round 100 global test acc  95.9485
Round 101 global test acc  95.4742
Round 102 global test acc  95.8866
Round 103 global test acc  95.7835
Round 104 global test acc  95.6289
Round 105 global test acc  95.7629
Round 106 global test acc  95.9691
Round 107 global test acc  95.7216
Round 108 global test acc  93.4948
Round 109 global test acc  95.6186
Round 110 global test acc  96.1031
Round 111 global test acc  96.2371
Round 112 global test acc  96.0000
Round 113 global test acc  95.4639
Round 114 global test acc  94.4536
Round 115 global test acc  95.7423
Round 116 global test acc  95.9485
Round 117 global test acc  94.8660
Round 118 global test acc  96.0000
Round 119 global test acc  95.9691
Round 120 global test acc  96.1753
Round 121 global test acc  96.1546
Round 122 global test acc  96.0515
Round 123 global test acc  96.0000
Round 124 global test acc  96.0619
Round 125 global test acc  95.9588
Round 126 global test acc  96.1753
Round 127 global test acc  96.0722
Round 128 global test acc  96.2680
Round 129 global test acc  96.1753
Round 130 global test acc  96.0000
Round 131 global test acc  94.4845
Round 132 global test acc  95.6907
Round 133 global test acc  94.7629
Round 134 global test acc  96.1753
Round 135 global test acc  96.1134
Round 136 global test acc  94.3402
Round 137 global test acc  96.1340
Round 138 global test acc  96.0619
Round 139 global test acc  96.3196
Round 140 global test acc  95.9691
Round 141 global test acc  96.1237
Round 142 global test acc  96.3196
Round 143 global test acc  96.3814
Round 144 global test acc  96.2680
Round 145 global test acc  96.2784
Round 146 global test acc  96.3505
Round 147 global test acc  95.7010
Round 148 global test acc  96.2268
Round 149 global test acc  96.2887
Round 150 global test acc  95.7835
Round 151 global test acc  96.3918
Round 152 global test acc  92.7113
Round 153 global test acc  95.5876
Round 154 global test acc  95.8144
Round 155 global test acc  95.5155
Round 156 global test acc  94.3608
Round 157 global test acc  96.0000
Round 158 global test acc  96.2784
Round 159 global test acc  96.2062
Round 160 global test acc  95.8454
Round 161 global test acc  96.0825
Round 162 global test acc  95.7113
Round 163 global test acc  96.0928
Round 164 global test acc  96.1856
Round 165 global test acc  96.1546
Round 166 global test acc  96.2268
Round 167 global test acc  95.4639
Round 168 global test acc  96.2887
Round 169 global test acc  92.2371
Round 170 global test acc  95.7732
Round 171 global test acc  95.9072
Round 172 global test acc  95.6186
Round 173 global test acc  93.4021
Round 174 global test acc  94.7938
Round 175 global test acc  95.6289
Round 176 global test acc  95.8763
Round 177 global test acc  96.1443
Round 178 global test acc  96.2784
Round 179 global test acc  96.1031
Round 180 global test acc  95.7216
Round 181 global test acc  95.9588
Round 182 global test acc  95.9072
Round 183 global test acc  95.3608
Round 184 global test acc  95.8351
Round 185 global test acc  95.8351
Round 186 global test acc  95.3608
Round 187 global test acc  95.7526
Round 188 global test acc  93.6392
Round 189 global test acc  95.5258
Round 190 global test acc  96.1856
Round 191 global test acc  96.1856
Round 192 global test acc  95.8969
Round 193 global test acc  96.1134
Round 194 global test acc  96.2680
Round 195 global test acc  95.8763
Round 196 global test acc  95.8660
Round 197 global test acc  95.7526
Round 198 global test acc  95.7835
Round 199 global test acc  95.8351
time : 889.7594459056854
('algorithm', 'MR')
('gpu', 0)
('seed', 13)
('save_dir', './record/')
('rounds2', 200)
('local_ep', 5)
('frac2', 0.1)
('num_users', 100)
('local_bs', 32)
('lr', 0.1)
('model', 'lenet')
('num_classes', 10)
('level_n_system', 0.5)
('level_n_lowerb', 0.3)
('alpha_dirichlet', 10)
('non_iid_prob_class', 0.7)
('dataset', 'mnist')
('iid', False)
('LID_k', 20)
('iteration1', 5)
('rounds1', 200)
('frac1', 0.01)
('pretrained', False)
('mixup', False)
('alpha', 1)
('beta', 5)
('relabel_ratio', 0.5)
('confidence_thres', 0.5)
('clean_set_thres', 0.1)
('fine_tuning', True)
('correction', True)
('T_pl', 100)
('lambda_cen', 1.0)
('lambda_e', 0.8)
('num_gradual', 10)
('forget_rate', 0.2)
('lr_decay', 0.1)
('schedule', [])
('momentum', 0.5)
('weight_decay', 0.0001)
('feature_dim', 128)
('plr', 0.1)
('lamda', 15)
('K', 5)
('gamma', 1)
('begin_sel', 10)
('mu', 0.01)
('device', device(type='cuda', index=0))
Client 0, noise level: 0.7877 (0.7089), real noise ratio: 0.7014
Client 2, noise level: 0.4944 (0.4450), real noise ratio: 0.4323
Client 3, noise level: 0.4635 (0.4172), real noise ratio: 0.4151
Client 4, noise level: 0.8920 (0.8028), real noise ratio: 0.7648
Client 6, noise level: 0.7822 (0.7040), real noise ratio: 0.7036
Client 7, noise level: 0.4074 (0.3667), real noise ratio: 0.4174
Client 8, noise level: 0.4425 (0.3983), real noise ratio: 0.3989
Client 9, noise level: 0.3473 (0.3126), real noise ratio: 0.3128
Client 13, noise level: 0.4574 (0.4116), real noise ratio: 0.3993
Client 15, noise level: 0.3237 (0.2913), real noise ratio: 0.2892
Client 20, noise level: 0.7283 (0.6555), real noise ratio: 0.6687
Client 23, noise level: 0.5618 (0.5056), real noise ratio: 0.4925
Client 26, noise level: 0.8716 (0.7844), real noise ratio: 0.7764
Client 27, noise level: 0.3558 (0.3202), real noise ratio: 0.3077
Client 29, noise level: 0.8867 (0.7980), real noise ratio: 0.8104
Client 30, noise level: 0.6949 (0.6254), real noise ratio: 0.6186
Client 32, noise level: 0.4015 (0.3614), real noise ratio: 0.3591
Client 33, noise level: 0.3690 (0.3321), real noise ratio: 0.3109
Client 35, noise level: 0.7970 (0.7173), real noise ratio: 0.7238
Client 38, noise level: 0.5606 (0.5045), real noise ratio: 0.5052
Client 41, noise level: 0.7353 (0.6618), real noise ratio: 0.6343
Client 42, noise level: 0.8045 (0.7240), real noise ratio: 0.7427
Client 47, noise level: 0.4586 (0.4127), real noise ratio: 0.4097
Client 48, noise level: 0.5133 (0.4620), real noise ratio: 0.4300
Client 50, noise level: 0.7860 (0.7074), real noise ratio: 0.7048
Client 51, noise level: 0.3370 (0.3033), real noise ratio: 0.3090
Client 56, noise level: 0.5591 (0.5031), real noise ratio: 0.4571
Client 57, noise level: 0.6532 (0.5879), real noise ratio: 0.5950
Client 59, noise level: 0.3915 (0.3523), real noise ratio: 0.3481
Client 60, noise level: 0.8911 (0.8020), real noise ratio: 0.7911
Client 62, noise level: 0.4187 (0.3768), real noise ratio: 0.3221
Client 67, noise level: 0.3696 (0.3326), real noise ratio: 0.3136
Client 68, noise level: 0.9393 (0.8454), real noise ratio: 0.8434
Client 69, noise level: 0.7046 (0.6341), real noise ratio: 0.6203
Client 72, noise level: 0.3069 (0.2762), real noise ratio: 0.2947
Client 75, noise level: 0.7848 (0.7064), real noise ratio: 0.7193
Client 78, noise level: 0.3984 (0.3586), real noise ratio: 0.3189
Client 79, noise level: 0.7685 (0.6916), real noise ratio: 0.6941
Client 80, noise level: 0.5127 (0.4614), real noise ratio: 0.4699
Client 83, noise level: 0.4420 (0.3978), real noise ratio: 0.3868
Client 88, noise level: 0.4144 (0.3729), real noise ratio: 0.3665
Client 90, noise level: 0.4952 (0.4457), real noise ratio: 0.4731
Client 91, noise level: 0.4432 (0.3989), real noise ratio: 0.4085
Client 94, noise level: 0.3650 (0.3285), real noise ratio: 0.3915
Client 98, noise level: 0.5071 (0.4564), real noise ratio: 0.4421
Client 99, noise level: 0.4163 (0.3747), real noise ratio: 0.3918
Round 0 global test acc  52.0309
Round 1 global test acc  68.3814
Round 2 global test acc  79.7010
Round 3 global test acc  81.2268
Round 4 global test acc  85.0825
Round 5 global test acc  88.1959
Round 6 global test acc  89.2371
Round 7 global test acc  92.7113
Round 8 global test acc  91.2062
Round 9 global test acc  91.7526
Round 10 global test acc  92.9381
Round 11 global test acc  92.7113
Round 12 global test acc  91.4639
Round 13 global test acc  85.4845
Round 14 global test acc  94.0825
Round 15 global test acc  94.6392
Round 16 global test acc  94.9794
Round 17 global test acc  95.4227
Round 18 global test acc  95.6289
Round 19 global test acc  91.0309
Round 20 global test acc  89.7113
Round 21 global test acc  93.4536
Round 22 global test acc  87.4639
Round 23 global test acc  94.8763
Round 24 global test acc  95.4021
Round 25 global test acc  94.1649
Round 26 global test acc  95.2062
Round 27 global test acc  95.3608
Round 28 global test acc  86.0722
Round 29 global test acc  95.2165
Round 30 global test acc  88.3196
Round 31 global test acc  94.9175
Round 32 global test acc  95.8454
Round 33 global test acc  96.1031
Round 34 global test acc  95.8660
Round 35 global test acc  95.8866
Round 36 global test acc  95.9072
Round 37 global test acc  95.9897
Round 38 global test acc  95.4330
Round 39 global test acc  96.1856
Round 40 global test acc  96.0825
Round 41 global test acc  95.5670
Round 42 global test acc  95.6907
Round 43 global test acc  96.0722
Round 44 global test acc  96.3711
Round 45 global test acc  95.8351
Round 46 global test acc  96.0619
Round 47 global test acc  96.0103
Round 48 global test acc  96.7526
Round 49 global test acc  94.8454
Round 50 global test acc  96.4021
Round 51 global test acc  96.3711
Round 52 global test acc  96.4227
Round 53 global test acc  96.4742
Round 54 global test acc  96.0619
Round 55 global test acc  96.4124
Round 56 global test acc  96.2784
Round 57 global test acc  96.6082
Round 58 global test acc  96.5773
Round 59 global test acc  96.4845
Round 60 global test acc  96.5876
Round 61 global test acc  96.2887
Round 62 global test acc  96.4948
Round 63 global test acc  94.9691
Round 64 global test acc  96.4948
Round 65 global test acc  96.5361
Round 66 global test acc  96.5361
Round 67 global test acc  94.6907
Round 68 global test acc  96.1340
Round 69 global test acc  96.2680
Round 70 global test acc  96.3299
Round 71 global test acc  96.4124
Round 72 global test acc  96.3093
Round 73 global test acc  94.9794
Round 74 global test acc  96.3402
Round 75 global test acc  96.2165
Round 76 global test acc  95.4021
Round 77 global test acc  96.5155
Round 78 global test acc  95.0928
Round 79 global test acc  95.7113
Round 80 global test acc  95.8866
Round 81 global test acc  96.4536
Round 82 global test acc  96.5361
Round 83 global test acc  96.8247
Round 84 global test acc  96.5258
Round 85 global test acc  95.2577
Round 86 global test acc  96.5567
Round 87 global test acc  96.4536
Round 88 global test acc  95.6392
Round 89 global test acc  96.2680
Round 90 global test acc  96.7835
Round 91 global test acc  96.3402
Round 92 global test acc  94.8144
Round 93 global test acc  96.7835
Round 94 global test acc  96.5876
Round 95 global test acc  96.3505
Round 96 global test acc  96.5979
Round 97 global test acc  96.5155
Round 98 global test acc  96.6701
Round 99 global test acc  96.7938
Round 100 global test acc  96.6598
Round 101 global test acc  89.4845
Round 102 global test acc  95.5670
Round 103 global test acc  96.0515
Round 104 global test acc  95.8247
Round 105 global test acc  96.3299
Round 106 global test acc  96.4742
Round 107 global test acc  90.3505
Round 108 global test acc  89.1031
Round 109 global test acc  95.9794
Round 110 global test acc  96.0928
Round 111 global test acc  96.5670
Round 112 global test acc  95.3918
Round 113 global test acc  92.8866
Round 114 global test acc  96.0722
Round 115 global test acc  96.2577
Round 116 global test acc  96.2990
Round 117 global test acc  96.1340
Round 118 global test acc  96.4227
Round 119 global test acc  96.2784
Round 120 global test acc  95.5773
Round 121 global test acc  95.9072
Round 122 global test acc  96.1340
Round 123 global test acc  96.0309
Round 124 global test acc  95.3918
Round 125 global test acc  96.1649
Round 126 global test acc  96.5979
Round 127 global test acc  96.7320
Round 128 global test acc  96.0000
Round 129 global test acc  96.2371
Round 130 global test acc  96.3196
Round 131 global test acc  96.3402
Round 132 global test acc  96.2165
Round 133 global test acc  96.3814
Round 134 global test acc  96.5464
Round 135 global test acc  96.8041
Round 136 global test acc  96.5567
Round 137 global test acc  96.6907
Round 138 global test acc  96.2165
Round 139 global test acc  93.8144
Round 140 global test acc  96.4124
Round 141 global test acc  96.5258
Round 142 global test acc  96.8144
Round 143 global test acc  96.9381
Round 144 global test acc  96.7526
Round 145 global test acc  96.6804
Round 146 global test acc  96.8144
Round 147 global test acc  96.6598
Round 148 global test acc  96.7423
Round 149 global test acc  96.6289
Round 150 global test acc  96.6392
Round 151 global test acc  96.4330
Round 152 global test acc  96.6598
Round 153 global test acc  96.6082
Round 154 global test acc  96.3918
Round 155 global test acc  96.7629
Round 156 global test acc  96.7423
Round 157 global test acc  96.4742
Round 158 global test acc  96.6907
Round 159 global test acc  96.5773
Round 160 global test acc  96.1340
Round 161 global test acc  96.4433
Round 162 global test acc  96.6186
Round 163 global test acc  95.1443
Round 164 global test acc  96.5464
Round 165 global test acc  96.6289
Round 166 global test acc  96.5876
Round 167 global test acc  96.2062
Round 168 global test acc  96.4433
Round 169 global test acc  96.2680
Round 170 global test acc  96.2165
Round 171 global test acc  96.3505
Round 172 global test acc  96.1031
Round 173 global test acc  96.2990
Round 174 global test acc  96.3814
Round 175 global test acc  96.5567
Round 176 global test acc  96.1443
Round 177 global test acc  96.1649
Round 178 global test acc  96.7216
Round 179 global test acc  96.5670
Round 180 global test acc  96.3093
Round 181 global test acc  95.9175
Round 182 global test acc  96.4330
Round 183 global test acc  96.4948
Round 184 global test acc  96.5773
Round 185 global test acc  96.5258
Round 186 global test acc  96.6701
Round 187 global test acc  96.6289
Round 188 global test acc  96.5464
Round 189 global test acc  96.0825
Round 190 global test acc  96.5155
Round 191 global test acc  96.5258
Round 192 global test acc  96.3505
Round 193 global test acc  96.4948
Round 194 global test acc  96.4124
Round 195 global test acc  96.4536
Round 196 global test acc  96.3814
Round 197 global test acc  96.1443
Round 198 global test acc  96.1546
Round 199 global test acc  95.9278
time : 897.1582188606262
('algorithm', 'MR')
('gpu', 0)
('seed', 13)
('save_dir', './record/')
('rounds2', 200)
('local_ep', 5)
('frac2', 0.1)
('num_users', 100)
('local_bs', 32)
('lr', 0.1)
('model', 'lenet')
('num_classes', 10)
('level_n_system', 0.5)
('level_n_lowerb', 0.3)
('alpha_dirichlet', 10)
('non_iid_prob_class', 0.7)
('dataset', 'mnist')
('iid', False)
('LID_k', 20)
('iteration1', 5)
('rounds1', 200)
('frac1', 0.01)
('pretrained', False)
('mixup', False)
('alpha', 1)
('beta', 5)
('relabel_ratio', 0.5)
('confidence_thres', 0.5)
('clean_set_thres', 0.1)
('fine_tuning', True)
('correction', True)
('T_pl', 100)
('lambda_cen', 1.0)
('lambda_e', 0.8)
('num_gradual', 10)
('forget_rate', 0.2)
('lr_decay', 0.1)
('schedule', [])
('momentum', 0.5)
('weight_decay', 0.0001)
('feature_dim', 128)
('plr', 0.1)
('lamda', 15)
('K', 1)
('gamma', 1)
('begin_sel', 10)
('max_beta', 2)
('mu', 0.01)
('device', device(type='cuda', index=0))
Client 0, noise level: 0.7877 (0.7089), real noise ratio: 0.7014
Client 2, noise level: 0.4944 (0.4450), real noise ratio: 0.4323
Client 3, noise level: 0.4635 (0.4172), real noise ratio: 0.4151
Client 4, noise level: 0.8920 (0.8028), real noise ratio: 0.7648
Client 6, noise level: 0.7822 (0.7040), real noise ratio: 0.7036
Client 7, noise level: 0.4074 (0.3667), real noise ratio: 0.4174
Client 8, noise level: 0.4425 (0.3983), real noise ratio: 0.3989
Client 9, noise level: 0.3473 (0.3126), real noise ratio: 0.3128
Client 13, noise level: 0.4574 (0.4116), real noise ratio: 0.3993
Client 15, noise level: 0.3237 (0.2913), real noise ratio: 0.2892
Client 20, noise level: 0.7283 (0.6555), real noise ratio: 0.6687
Client 23, noise level: 0.5618 (0.5056), real noise ratio: 0.4925
Client 26, noise level: 0.8716 (0.7844), real noise ratio: 0.7764
Client 27, noise level: 0.3558 (0.3202), real noise ratio: 0.3077
Client 29, noise level: 0.8867 (0.7980), real noise ratio: 0.8104
Client 30, noise level: 0.6949 (0.6254), real noise ratio: 0.6186
Client 32, noise level: 0.4015 (0.3614), real noise ratio: 0.3591
Client 33, noise level: 0.3690 (0.3321), real noise ratio: 0.3109
Client 35, noise level: 0.7970 (0.7173), real noise ratio: 0.7238
Client 38, noise level: 0.5606 (0.5045), real noise ratio: 0.5052
Client 41, noise level: 0.7353 (0.6618), real noise ratio: 0.6343
Client 42, noise level: 0.8045 (0.7240), real noise ratio: 0.7427
Client 47, noise level: 0.4586 (0.4127), real noise ratio: 0.4097
Client 48, noise level: 0.5133 (0.4620), real noise ratio: 0.4300
Client 50, noise level: 0.7860 (0.7074), real noise ratio: 0.7048
Client 51, noise level: 0.3370 (0.3033), real noise ratio: 0.3090
Client 56, noise level: 0.5591 (0.5031), real noise ratio: 0.4571
Client 57, noise level: 0.6532 (0.5879), real noise ratio: 0.5950
Client 59, noise level: 0.3915 (0.3523), real noise ratio: 0.3481
Client 60, noise level: 0.8911 (0.8020), real noise ratio: 0.7911
Client 62, noise level: 0.4187 (0.3768), real noise ratio: 0.3221
Client 67, noise level: 0.3696 (0.3326), real noise ratio: 0.3136
Client 68, noise level: 0.9393 (0.8454), real noise ratio: 0.8434
Client 69, noise level: 0.7046 (0.6341), real noise ratio: 0.6203
Client 72, noise level: 0.3069 (0.2762), real noise ratio: 0.2947
Client 75, noise level: 0.7848 (0.7064), real noise ratio: 0.7193
Client 78, noise level: 0.3984 (0.3586), real noise ratio: 0.3189
Client 79, noise level: 0.7685 (0.6916), real noise ratio: 0.6941
Client 80, noise level: 0.5127 (0.4614), real noise ratio: 0.4699
Client 83, noise level: 0.4420 (0.3978), real noise ratio: 0.3868
Client 88, noise level: 0.4144 (0.3729), real noise ratio: 0.3665
Client 90, noise level: 0.4952 (0.4457), real noise ratio: 0.4731
Client 91, noise level: 0.4432 (0.3989), real noise ratio: 0.4085
Client 94, noise level: 0.3650 (0.3285), real noise ratio: 0.3915
Client 98, noise level: 0.5071 (0.4564), real noise ratio: 0.4421
Client 99, noise level: 0.4163 (0.3747), real noise ratio: 0.3918
Round 0 global test acc  45.0515
Round 0 Fscore 

[]
Round 1 global test acc  56.7010
Round 1 Fscore 

[]
Round 2 global test acc  78.0825
Round 2 Fscore 

[]
Round 3 global test acc  88.6701
Round 3 Fscore 

[]
Round 4 global test acc  89.3299
Round 4 Fscore 

[]
Round 5 global test acc  89.2887
Round 5 Fscore 

[]
Round 6 global test acc  85.6186
Round 6 Fscore 

[]
Round 7 global test acc  89.9072
Round 7 Fscore 

[]
Round 8 global test acc  76.2062
Round 8 Fscore 

[]
Round 9 global test acc  93.0000
Round 9 Fscore 

[]
Round 10 global test acc  92.1959
Round 10 Fscore 

[]
Round 11 global test acc  93.0722
Round 11 Fscore 

[]
Round 12 global test acc  94.2680
Round 12 Fscore 

[]
Round 13 global test acc  90.9381
Round 13 Fscore 

[]
Round 14 global test acc  92.5155
Round 14 Fscore 

[]
Round 15 global test acc  92.7526
Round 15 Fscore 

[]
Round 16 global test acc  93.0309
Round 16 Fscore 

[]
Round 17 global test acc  94.6289
Round 17 Fscore 

[]
Round 18 global test acc  94.9381
Round 18 Fscore 

[]
Round 19 global test acc  94.4433
Round 19 Fscore 

[]
Round 20 global test acc  95.4021
Round 20 Fscore 

[]
Round 21 global test acc  95.2474
Round 21 Fscore 

[]
Round 22 global test acc  93.8454
Round 22 Fscore 

[]
Round 23 global test acc  95.1134
Round 23 Fscore 

[]
Round 24 global test acc  95.5670
Round 24 Fscore 

[]
Round 25 global test acc  95.2577
Round 25 Fscore 

[]
Round 26 global test acc  95.5155
Round 26 Fscore 

[]
Round 27 global test acc  95.6701
Round 27 Fscore 

[]
Round 28 global test acc  95.5670
Round 28 Fscore 

[]
Round 29 global test acc  95.9485
Round 29 Fscore 

[]
Round 30 global test acc  95.7216
Round 30 Fscore 

[]
Round 31 global test acc  95.4124
Round 31 Fscore 

[]
Round 32 global test acc  95.5258
Round 32 Fscore 

[]
Round 33 global test acc  96.1753
Round 33 Fscore 

[]
Round 34 global test acc  96.0412
Round 34 Fscore 

[]
Round 35 global test acc  90.5979
Round 35 Fscore 

[]
Round 36 global test acc  95.9072
Round 36 Fscore 

[]
Round 37 global test acc  96.2784
Round 37 Fscore 

[]
Round 38 global test acc  95.9072
Round 38 Fscore 

[]
Round 39 global test acc  96.3711
Round 39 Fscore 

[]
Round 40 global test acc  96.0825
Round 40 Fscore 

[]
Round 41 global test acc  96.4124
Round 41 Fscore 

[]
Round 42 global test acc  96.1443
Round 42 Fscore 

[]
Round 43 global test acc  96.2887
Round 43 Fscore 

[]
Round 44 global test acc  95.8351
Round 44 Fscore 

[]
Round 45 global test acc  96.1546
Round 45 Fscore 

[]
Round 46 global test acc  79.1340
Round 46 Fscore 

[]
Round 47 global test acc  95.5155
Round 47 Fscore 

[]
Round 48 global test acc  96.0103
Round 48 Fscore 

[]
Round 49 global test acc  95.9897
Round 49 Fscore 

[]
Round 50 global test acc  95.8866
Round 50 Fscore 

[]
Round 51 global test acc  96.0000
Round 51 Fscore 

[]
Round 52 global test acc  96.2268
Round 52 Fscore 

[]
Round 53 global test acc  95.6082
Round 53 Fscore 

[]
Round 54 global test acc  95.8763
Round 54 Fscore 

[]
Round 55 global test acc  96.0928
Round 55 Fscore 

[]
Round 56 global test acc  95.3505
Round 56 Fscore 

[]
Round 57 global test acc  96.1959
Round 57 Fscore 

[]
Round 58 global test acc  96.4845
Round 58 Fscore 

[]
Round 59 global test acc  96.2371
Round 59 Fscore 

[]
Round 60 global test acc  96.2680
Round 60 Fscore 

[]
Round 61 global test acc  96.2062
Round 61 Fscore 

[]
Round 62 global test acc  95.8351
Round 62 Fscore 

[]
Round 63 global test acc  92.7010
Round 63 Fscore 

[]
Round 64 global test acc  52.7835
Round 64 Fscore 

[]
Round 65 global test acc  89.9485
Round 65 Fscore 

[]
Round 66 global test acc  94.3093
Round 66 Fscore 

[]
Round 67 global test acc  95.0515
Round 67 Fscore 

[]
Round 68 global test acc  95.5258
Round 68 Fscore 

[]
Round 69 global test acc  95.2887
Round 69 Fscore 

[]
Round 70 global test acc  95.3196
Round 70 Fscore 

[]
Round 71 global test acc  95.8969
Round 71 Fscore 

[]
Round 72 global test acc  95.6082
Round 72 Fscore 

[]
Round 73 global test acc  95.7629
Round 73 Fscore 

[]
Round 74 global test acc  95.0825
Round 74 Fscore 

[]
Round 75 global test acc  95.7320
Round 75 Fscore 

[]
Round 76 global test acc  95.7113
Round 76 Fscore 

[]
Round 77 global test acc  95.6289
Round 77 Fscore 

[]
Round 78 global test acc  95.8763
Round 78 Fscore 

[]
Round 79 global test acc  95.7526
Round 79 Fscore 

[]
Round 80 global test acc  96.0000
Round 80 Fscore 

[]
Round 81 global test acc  95.7629
Round 81 Fscore 

[]
Round 82 global test acc  95.6804
Round 82 Fscore 

[]
Round 83 global test acc  96.1546
Round 83 Fscore 

[]
Round 84 global test acc  96.2165
Round 84 Fscore 

[]
Round 85 global test acc  96.3608
Round 85 Fscore 

[]
Round 86 global test acc  96.0722
Round 86 Fscore 

[]
Round 87 global test acc  96.1753
Round 87 Fscore 

[]
Round 88 global test acc  96.0825
Round 88 Fscore 

[]
Round 89 global test acc  96.0103
Round 89 Fscore 

[]
Round 90 global test acc  96.3196
Round 90 Fscore 

[]
Round 91 global test acc  96.3093
Round 91 Fscore 

[]
Round 92 global test acc  96.4021
Round 92 Fscore 

[]
Round 93 global test acc  95.7010
Round 93 Fscore 

[]
Round 94 global test acc  96.1340
Round 94 Fscore 

[]
Round 95 global test acc  96.2990
Round 95 Fscore 

[]
Round 96 global test acc  95.8866
Round 96 Fscore 

[]
Round 97 global test acc  95.7835
Round 97 Fscore 

[]
Round 98 global test acc  96.1031
Round 98 Fscore 

[]
Round 99 global test acc  96.1443
Round 99 Fscore 

[]
Round 100 global test acc  96.0309
Round 100 Fscore 

[]
Round 101 global test acc  96.2268
Round 101 Fscore 

[]
Round 102 global test acc  94.5773
Round 102 Fscore 

[]
Round 103 global test acc  94.4021
Round 103 Fscore 

[]
Round 104 global test acc  95.6289
Round 104 Fscore 

[]
Round 105 global test acc  95.7113
Round 105 Fscore 

[]
Round 106 global test acc  95.8763
Round 106 Fscore 

[]
Round 107 global test acc  95.9794
Round 107 Fscore 

[]
Round 108 global test acc  95.4845
Round 108 Fscore 

[]
Round 109 global test acc  95.9072
Round 109 Fscore 

[]
Round 110 global test acc  96.1134
Round 110 Fscore 

[]
Round 111 global test acc  96.6598
Round 111 Fscore 

[]
Round 112 global test acc  95.6701
Round 112 Fscore 

[]
Round 113 global test acc  96.0103
Round 113 Fscore 

[]
Round 114 global test acc  95.9794
Round 114 Fscore 

[]
Round 115 global test acc  96.0928
Round 115 Fscore 

[]
Round 116 global test acc  96.2474
Round 116 Fscore 

[]
Round 117 global test acc  96.1134
Round 117 Fscore 

[]
Round 118 global test acc  96.2268
Round 118 Fscore 

[]
Round 119 global test acc  95.9381
Round 119 Fscore 

[]
Round 120 global test acc  96.2577
Round 120 Fscore 

[]
Round 121 global test acc  95.6804
Round 121 Fscore 

[]
Round 122 global test acc  96.1134
Round 122 Fscore 

[]
Round 123 global test acc  96.2577
Round 123 Fscore 

[]
Round 124 global test acc  96.2474
Round 124 Fscore 

[]
Round 125 global test acc  95.9381
Round 125 Fscore 

[]
Round 126 global test acc  96.2577
Round 126 Fscore 

[]
Round 127 global test acc  96.4536
Round 127 Fscore 

[]
Round 128 global test acc  96.4742
Round 128 Fscore 

[]
Round 129 global test acc  96.4845
Round 129 Fscore 

[]
Round 130 global test acc  96.3918
Round 130 Fscore 

[]
Round 131 global test acc  96.3196
Round 131 Fscore 

[]
Round 132 global test acc  95.8144
Round 132 Fscore 

[]
Round 133 global test acc  95.9175
Round 133 Fscore 

[]
Round 134 global test acc  96.2577
Round 134 Fscore 

[]
Round 135 global test acc  96.0722
Round 135 Fscore 

[]
Round 136 global test acc  96.4433
Round 136 Fscore 

[]
Round 137 global test acc  96.6701
Round 137 Fscore 

[]
Round 138 global test acc  96.7010
Round 138 Fscore 

[]
Round 139 global test acc  96.4639
Round 139 Fscore 

[]
Round 140 global test acc  96.3608
Round 140 Fscore 

[]
Round 141 global test acc  96.4021
Round 141 Fscore 

[]
Round 142 global test acc  96.6082
Round 142 Fscore 

[]
Round 143 global test acc  96.5876
Round 143 Fscore 

[]
Round 144 global test acc  96.5670
Round 144 Fscore 

[]
Round 145 global test acc  95.9588
Round 145 Fscore 

[]
Round 146 global test acc  96.7938
Round 146 Fscore 

[]
Round 147 global test acc  96.4124
Round 147 Fscore 

[]
Round 148 global test acc  96.3093
Round 148 Fscore 

[]
Round 149 global test acc  96.3608
Round 149 Fscore 

[]
Round 150 global test acc  96.1753
Round 150 Fscore 

[]
Round 151 global test acc  96.0103
Round 151 Fscore 

[]
Round 152 global test acc  95.8969
Round 152 Fscore 

[]
Round 153 global test acc  96.3402
Round 153 Fscore 

[]
Round 154 global test acc  96.3299
Round 154 Fscore 

[]
Round 155 global test acc  95.9072
Round 155 Fscore 

[]
Round 156 global test acc  96.3918
Round 156 Fscore 

[]
Round 157 global test acc  96.4433
Round 157 Fscore 

[]
Round 158 global test acc  96.4124
Round 158 Fscore 

[]
Round 159 global test acc  96.5155
Round 159 Fscore 

[]
Round 160 global test acc  95.5876
Round 160 Fscore 

[]
Round 161 global test acc  96.1856
Round 161 Fscore 

[]
Round 162 global test acc  95.2680
Round 162 Fscore 

[]
Round 163 global test acc  96.0928
Round 163 Fscore 

[]
Round 164 global test acc  96.1959
Round 164 Fscore 

[]
Round 165 global test acc  96.1340
Round 165 Fscore 

[]
Round 166 global test acc  96.1649
Round 166 Fscore 

[]
Round 167 global test acc  95.7113
Round 167 Fscore 

[]
Round 168 global test acc  96.1340
Round 168 Fscore 

[]
Round 169 global test acc  96.2165
Round 169 Fscore 

[]
Round 170 global test acc  95.8144
Round 170 Fscore 

[]
Round 171 global test acc  95.9381
Round 171 Fscore 

[]
Round 172 global test acc  95.3608
Round 172 Fscore 

[]
Round 173 global test acc  95.8144
Round 173 Fscore 

[]
Round 174 global test acc  96.1753
Round 174 Fscore 

[]
Round 175 global test acc  96.0412
Round 175 Fscore 

[]
Round 176 global test acc  95.4536
Round 176 Fscore 

[]
Round 177 global test acc  95.1134
Round 177 Fscore 

[]
Round 178 global test acc  95.7423
Round 178 Fscore 

[]
Round 179 global test acc  95.9794
Round 179 Fscore 

[]
Round 180 global test acc  95.3402
Round 180 Fscore 

[]
Round 181 global test acc  94.8454
Round 181 Fscore 

[]
Round 182 global test acc  95.2784
Round 182 Fscore 

[]
Round 183 global test acc  95.8763
Round 183 Fscore 

[]
Round 184 global test acc  96.0722
Round 184 Fscore 

[]
Round 185 global test acc  95.2680
Round 185 Fscore 

[]
Round 186 global test acc  95.8351
Round 186 Fscore 

[]
Round 187 global test acc  96.3299
Round 187 Fscore 

[]
Round 188 global test acc  96.3402
Round 188 Fscore 

[]
Round 189 global test acc  95.9072
Round 189 Fscore 

[]
Round 190 global test acc  95.8041
Round 190 Fscore 

[]
Round 191 global test acc  96.1753
Round 191 Fscore 

[]
Round 192 global test acc  95.3918
Round 192 Fscore 

[]
Round 193 global test acc  96.0515
Round 193 Fscore 

[]
Round 194 global test acc  95.4433
Round 194 Fscore 

[]
Round 195 global test acc  95.3402
Round 195 Fscore 

[]
Round 196 global test acc  95.7732
Round 196 Fscore 

[]
Round 197 global test acc  95.9691
Round 197 Fscore 

[]
Round 198 global test acc  95.8866
Round 198 Fscore 

[]
Round 199 global test acc  95.3505
Round 199 Fscore 

[0.7596899271011353, 1.0, 0.890577495098114, 0.9075342416763306, 0.8045325875282288, 1.0, 0.7321866750717163, 0.8921437859535217, 0.9054440855979919, 0.9375661611557007, 1.0, 1.0, 1.0, 0.9131034016609192, 1.0, 0.9434889554977417, 1.0, 0.9991047382354736, 1.0, 1.0, 0.8103896379470825, 1.0, 1.0, 0.8751381039619446, 1.0, 1.0, 0.7572016716003418, 0.9629629254341125, 1.0, 0.6214953660964966, 0.8369564414024353, 1.0, 0.9088937044143677, 0.9358289241790771, 1.0, 0.7861635088920593, 1.0, 1.0, 0.8653846383094788, 1.0, 1.0, 0.7979452013969421, 0.723247230052948, 1.0, 1.0, 0.9999999403953552, 1.0, 0.9335494041442871, 0.8753181099891663, 1.0, 0.7704485654830933, 0.9320780038833618, 1.0, 1.0, 1.0, 1.0, 0.9013452529907227, 0.8838526606559753, 1.0, 0.943533718585968, 0.7086247205734253, 1.0, 0.9488818049430847, 1.0, 0.9999999403953552, 1.0, 1.0, 0.945147693157196, 0.6456140279769897, 0.7932773232460022, 1.0, 1.0, 0.9338234663009644, 0.998950719833374, 1.0, 0.7365729212760925, 1.0, 1.0, 0.9427609443664551, 0.791304349899292, 0.91576087474823, 1.0, 1.0, 0.9186257123947144, 1.0, 1.0, 1.0, 1.0, 0.9298245906829834, 0.9999999403953552, 0.8936170935630798, 0.9227166175842285, 0.9999999403953552, 1.0, 0.9144144058227539, 1.0, 1.0, 1.0, 0.920745849609375, 0.905180811882019]
time : 964.0622828006744

